# New log 27/04/2014 02:28:18
1 96 32 1.536105 5.35265833333333
3.03333333333333 96 29 0.848013114754099 1.77440327868852
4.04999999999999 94 29 2.81830491803279 0.898737704918033
5.06666666666665 93 28 3.19955081967213 1.98322950819672
6.08333333333332 93 26 1.61548360655738 1.24626393442623
7.09999999999998 93 25 3.37905409836066 0.794303278688525
8.09999999999998 93 23 3.14217166666667 0.845421666666667
9.10000000000003 93 22 1.53768166666667 0.362946666666667
10.1000000000001 92 21 2.47851666666667 0.888935
11.1000000000001 91 19 1.10376333333333 0.524213333333333
12.1000000000002 90 20 1.38371 0.53381
14.1000000000003 90 19 1.30466 0.28737
15.1000000000003 90 18 0.787613333333333 0.701
16.1000000000004 89 18 0.920663333333333 0.127441666666667
18.1333333333336 89 17 0.754309836065574 0.247244262295082
19.1500000000002 89 16 0.872683606557377 0.285263934426229
20.1666666666668 88 16 0.789654098360656 6.69687213114754
22.2 88 14 0.748227868852459 9.43775327868852
23.2166666666666 88 13 0.988355737704919 9.73655573770492
24.2333333333332 87 13 1.08116885245902 9.39946229508197
28.2999999999997 86 13 0.916316393442623 8.2190762295082
29.3166666666663 85 14 0.815840983606557 10.4272245901639
30.3333333333329 85 13 0.865581967213115 10.5245672131148
31.3499999999995 85 12 0.975416393442623 10.3790147540984
32.3666666666661 85 11 0.928940983606558 10.1378918032787
38.4666666666658 85 10 0.783907103825137 9.42113415300546
41.5166666666656 83 11 0.677521857923497 10.5916765027322
44.5666666666654 83 10 0.708105464480875 10.4428360655738
48.6333333333319 83 9 0.741965163934426 9.84359631147541
55.7499999999981 83 8 0.821338173302108 11.9750295081967
64.8999999999976 82 9 0.98301693989071 6.44089016393443
65.9166666666642 80 11 1.18265409836066 4.83377213114754
68.966666666664 80 10 0.903725683060109 4.75526010928962
89.2999999999962 79 10 0.784086147540983 4.54992803278689
104.549999999995 79 9 0.753567650273225 8.86024557377049
106.583333333329 78 10 0.731743442622951 8.14763032786885
109.633333333328 78 9 0.678355737704918 4.81290710382514
131.93333333333 77 10 0.703374887892377 5.01284730941704
134.933333333333 76 11 0.683226666666667 4.32246444444444
154.933333333349 76 10 0.666606333333333 4.7899435
172.933333333363 75 11 0.733471944444445 5.19559666666667
173.933333333364 74 11 0.660238333333333 4.310785
174.933333333365 72 13 0.652081666666667 4.30444666666667
194.933333333381 71 14 0.643034083333333 4.32473858333333
200.933333333385 70 14 0.629770555555555 4.30879138888889
228.933333333408 69 14 0.628765416666666 4.22603958333333
229.933333333408 69 13 0.61286 4.20913833333333
251.933333333426 69 12 0.626451060606061 3.57543840909091
295.583333333393 68 13 0.61846147384498 4.47856559755632
315.916666666708 68 12 0.59050524590164 4.32806467213115
328.116666666697 68 11 0.582062431693989 4.33305614754098
331.166666666694 67 12 0.57882349726776 4.34168797814208
348.450000000012 66 13 0.571479845708776 3.38956711668274
350.483333333343 66 12 0.562454918032787 0.941759836065574
385.049999999978 65 12 0.563562102217937 2.27448336547734
420.633333333279 65 11 0.547282482435597 2.88733227166276
498.916666666542 64 12 0.558132148179686 2.89690102192889
508.066666666533 63 12 0.557141530054645 2.55585227686703
510.099999999865 62 13 0.542932786885246 2.58383032786885
582.283333333132 61 14 0.554458947125373 2.27086460401755
587.366666666461 60 15 0.524693442622951 1.46671967213115
600 60 15 0.539790290037831 0.789879823455233
