# New log 27/04/2014 02:31:44
1 96 32 3.90577666666667 2.974035
2.01666666666666 96 31 2.09212950819672 1.59819016393443
3.03333333333333 96 28 4.17584262295082 1.08764098360656
4.04999999999999 95 26 4.27449344262295 1.03522950819672
5.06666666666665 94 24 3.04767540983607 1.27329508196721
6.08333333333332 93 25 2.61398360655738 0.676781967213115
7.09999999999998 93 21 2.55620655737705 0.43974262295082
9.10000000000003 92 22 2.43768583333333 0.3967775
10.1000000000001 90 22 1.710045 0.338665
11.1000000000001 90 20 3.11530833333333 0.634791666666667
13.1000000000002 88 22 3.22920333333333 0.500634166666667
14.1000000000003 87 22 2.02877666666667 0.329633333333333
15.1000000000003 87 20 1.52423833333333 0.66874
16.1000000000004 87 19 1.501085 0.06517
17.116666666667 86 20 1.50713770491803 0.0600573770491803
18.1333333333336 84 20 1.70240819672131 0.230893442622951
21.1833333333334 82 20 1.736843715847 0.748696721311475
22.2 81 21 1.7176131147541 0.715334426229508
23.2166666666666 81 20 2.06925737704918 0.712240983606557
24.2333333333332 80 21 2.15451147540984 0.227114754098361
25.2499999999998 80 20 1.54743770491803 0.0356754098360656
26.2666666666665 79 20 1.6523393442623 0.0644819672131148
27.2833333333331 79 18 1.92329672131148 0.101740983606557
28.2999999999997 79 17 1.89777704918033 0.669314754098361
29.3166666666663 78 17 2.88702786885246 1.65227540983607
30.3333333333329 78 16 1.84402295081967 0.158085245901639
32.3666666666661 78 15 2.1055762295082 0.435183606557377
33.3833333333327 77 16 3.41349344262295 0.946706557377049
35.4166666666659 76 17 2.64046967213115 0.519168032786885
36.4333333333325 73 19 3.13120163934426 0.809011475409836
39.4833333333324 72 19 4.11492950819672 0.899445901639344
40.499999999999 71 20 2.97822295081967 0.370018032786885
41.5166666666656 70 21 1.40823770491803 0.0405295081967213
42.5333333333322 68 22 1.3757 0.293140983606557
44.5666666666654 67 23 1.37952540983606 0.182777049180328
45.583333333332 65 24 1.26465573770492 0.19662131147541
46.5999999999986 64 25 1.45729344262295 0.252226229508197
49.6499999999985 63 26 1.26327103825137 0.126484699453552
50.6666666666651 62 27 1.26144262295082 0.149793442622951
51.6833333333317 61 28 1.30532131147541 1.37061147540984
52.6999999999983 59 28 1.26898524590164 1.32291475409836
53.7166666666649 58 28 1.19305409836066 1.32317704918033
54.7333333333315 58 27 1.12298852459016 0.46446393442623
55.7499999999981 57 28 1.58708360655738 0.194526229508197
60.8333333333312 57 27 1.29202426229508 0.517219672131148
64.8999999999976 56 28 1.50273483606557 1.46177336065574
66.9333333333308 55 29 1.09908524590164 0.932777868852459
68.966666666664 54 30 1.10858442622951 1.53021229508197
69.9833333333306 54 29 1.08622131147541 1.57692786885246
70.9999999999973 53 29 0.995880327868853 1.97957868852459
73.0333333333305 52 30 0.99847131147541 5.11043524590164
75.0666666666637 52 29 1.16263606557377 4.00850819672131
88.2833333333296 51 29 0.972061790668348 0.59638814627995
93.3666666666627 50 30 1.07160491803279 0.0320095081967213
98.4499999999957 49 31 0.992566229508197 0.000602622950819672
99.4666666666623 48 32 0.937870491803279 0.000142622950819672
100.483333333329 48 31 0.890059016393443 0.000181967213114754
101.499999999996 47 32 0.913422950819672 0.000177049180327869
102.516666666662 46 32 0.838624590163935 0.000191803278688525
111.666666666662 46 31 0.868894353369763 0.00212040072859745
125.899999999994 45 31 0.817553747072599 0.043294262295082
132.933333333331 44 32 0.823687677725118 0.0635710900473934
141.933333333338 43 32 0.839836666666667 0.184271111111111
142.933333333339 43 31 0.77994 0.000165
155.93333333335 43 30 0.832771923076924 0.13183141025641
162.933333333355 42 31 0.882481428571429 0.0917361904761905
163.933333333356 42 30 0.850753333333334 0.0162266666666667
168.93333333336 41 31 0.81269 0.000671666666666667
174.933333333365 40 32 0.815370555555556 0.0127111111111111
180.933333333369 39 33 0.767774722222223 0.00821722222222222
194.933333333381 38 33 0.732437142857143 0.00032047619047619
200.933333333385 38 32 0.729983055555556 0.000201388888888889
202.933333333387 36 32 0.71481 0.00018
600 36 32 0.698539561591012 0.000207066515780209
