# New log 27/04/2014 02:32:57
1 96 32 1.96834 1.010595
4.04999999999999 94 32 1.36218797814208 0.808499453551913
5.06666666666665 94 30 1.33456229508197 0.400652459016393
6.08333333333332 92 29 1.33835081967213 0.498809836065574
7.09999999999998 92 27 1.39922131147541 0.487045901639344
8.09999999999998 89 28 1.09478833333333 0.251916666666667
9.10000000000003 88 27 1.08573333333333 0.519383333333333
10.1000000000001 88 26 2.19515166666667 1.41247666666667
11.1000000000001 88 25 1.06539166666667 0.318546666666667
12.1000000000002 87 25 1.45116666666667 0.369128333333333
13.1000000000002 86 25 1.57903 0.531775
14.1000000000003 84 27 1.51893666666667 0.36605
15.1000000000003 82 29 1.12928333333333 0.463891666666667
16.1000000000004 80 30 1.00427666666667 0.781731666666667
17.116666666667 79 29 1.90335409836066 0.486660655737705
18.1333333333336 79 28 1.81456885245902 0.245240983606557
19.1500000000002 78 28 1.34828196721311 0.496391803278689
20.1666666666668 78 27 1.73554918032787 0.807177049180328
21.1833333333334 77 27 1.69625409836066 0.945886885245902
22.2 76 27 1.4706606557377 0.905919672131148
23.2166666666666 76 26 1.14729344262295 0.70047868852459
24.2333333333332 76 25 2.33634918032787 0.26445737704918
26.2666666666665 75 26 1.69067704918033 0.157394262295082
27.2833333333331 74 26 2.46026721311475 0.196168852459016
28.2999999999997 74 25 2.23840819672131 0.428486885245902
30.3333333333329 74 24 3.16641229508197 0.675855737704918
31.3499999999995 73 25 2.6034868852459 0.452824590163934
32.3666666666661 73 24 2.64013770491803 0.327045901639344
33.3833333333327 73 23 3.0780737704918 0.666444262295082
35.4166666666659 73 22 2.64648278688525 0.740243442622951
42.5333333333322 72 23 1.92298618266979 1.06241358313817
43.5499999999988 72 22 1.83837540983607 0.507811475409836
45.583333333332 72 21 2.24546475409836 0.631658196721312
49.6499999999985 71 22 3.61724877049181 0.597285245901639
51.6833333333317 70 22 1.78671803278689 0.655469672131148
53.7166666666649 69 23 0.992522950819672 0.186799180327869
62.8666666666644 68 23 1.59608360655738 0.453810018214936
66.9333333333308 67 23 2.87656434426229 1.2542618852459
68.966666666664 65 24 1.93561147540984 1.01279426229508
69.9833333333306 64 23 1.47280983606557 0.83084262295082
70.9999999999973 63 24 1.31239180327869 0.99076393442623
72.0166666666639 61 26 1.50944262295082 0.965829508196721
73.0333333333305 61 25 1.06771147540984 0.764239344262295
74.0499999999971 60 25 0.70397868852459 0.571213114754098
75.0666666666637 59 26 0.759904918032787 0.742734426229508
76.0833333333303 58 27 0.712740983606557 0.615160655737705
81.1666666666633 56 28 0.606335737704918 3.0266337704918
90.3166666666628 55 28 0.664903460837887 2.63312805100182
93.3666666666627 54 28 0.683289617486339 0.172155737704918
95.3999999999959 53 29 0.864177868852459 0.2459
100.483333333329 52 29 0.758255737704918 0.220937704918033
102.516666666662 51 27 0.605191803278688 0.0590827868852459
103.533333333329 50 28 0.505708196721312 0.17535737704918
105.566666666662 49 29 0.507840163934426 0.198072131147541
106.583333333329 48 28 0.500581967213115 0.194550819672131
107.599999999995 47 28 0.476793442622951 0.20802131147541
109.633333333328 46 29 0.489619672131147 0.232441803278689
111.666666666662 45 30 0.484772950819672 0.2021
113.699999999995 44 30 0.446591803278688 0.164726229508197
115.733333333328 43 30 0.410827049180328 0.030694262295082
116.749999999995 43 29 0.420119672131148 1.00657704918033
117.766666666661 42 29 0.361319672131148 0.00279508196721311
119.799999999994 41 30 0.555244262295082 0.112809836065574
120.816666666661 40 31 0.405759016393443 0.170232786885246
122.849999999994 39 32 0.396953278688525 0.198568032786885
124.883333333328 38 33 0.414867213114754 0.202511475409836
125.899999999994 37 33 0.411781967213115 0.203260655737705
128.933333333328 36 34 0.356615384615385 0.211834065934066
139.933333333337 35 35 0.355110757575758 0.261198636363636
153.933333333348 34 35 0.415545119047619 0.403224166666667
155.93333333335 33 36 0.46359 0.328156666666667
156.93333333335 32 37 0.380325 0.21204
157.933333333351 31 37 0.310583333333333 0.107493333333333
162.933333333355 30 38 0.298752333333334 0.126452666666667
169.933333333361 29 38 0.340534285714286 0.115179761904762
171.933333333362 28 38 0.362528333333333 0.0882275
179.933333333369 27 38 0.30971125 0.0546616666666667
191.933333333378 26 38 0.250534444444444 0.0666411111111111
227.933333333407 25 39 0.214056898148148 0.00223092592592593
249.933333333424 24 40 0.219968409090909 0.0336915151515152
284.40000000007 23 40 0.214212040618955 0.00160768858800774
287.450000000067 23 39 0.222246448087432 0.00518196721311475
291.51666666673 23 38 0.212361065573771 0.00310491803278689
292.533333333396 22 39 0.175145901639344 0.000177049180327869
352.516666666675 21 40 0.194856043345374 0.000182578494026118
600 21 40 0.183224704380546 0.000189754098360656
