# New log 27/04/2014 02:20:58
1 96 32 1.66963166666667 7.18179833333333
2.01666666666666 96 31 1.13276557377049 1.90060983606557
3.03333333333333 96 30 1.50349016393443 2.10643114754098
4.04999999999999 95 30 1.41563278688525 3.09137540983607
5.06666666666665 93 30 1.3483737704918 1.03403114754098
6.08333333333332 92 30 1.95689508196721 0.978659016393443
7.09999999999998 91 31 1.29642950819672 0.671696721311475
9.10000000000003 90 31 1.1712425 0.430646666666667
12.1000000000002 89 31 0.932950555555555 0.553606111111111
13.1000000000002 88 31 1.02759 0.54889
15.1000000000003 88 29 4.16515333333333 0.74609
16.1000000000004 86 29 4.93989666666667 1.12794833333333
20.1666666666668 85 29 1.47423319672131 0.745012295081967
21.1833333333334 85 28 0.689513114754098 0.159801639344262
23.2166666666666 82 28 0.729804918032787 0.475299180327869
24.2333333333332 82 27 0.865547540983607 1.63477049180328
26.2666666666665 81 27 0.915376229508197 1.00272704918033
27.2833333333331 80 28 0.797732786885246 1.24358196721311
29.3166666666663 80 26 0.684938524590164 2.53528524590164
30.3333333333329 80 25 0.799491803278688 4.53550655737705
31.3499999999995 80 24 0.666109836065574 4.14643442622951
32.3666666666661 80 23 0.601891803278689 4.40679836065574
33.3833333333327 80 21 0.798154098360656 4.40268032786885
37.4499999999992 79 22 0.724455327868852 4.93471475409836
41.5166666666656 78 23 0.837566393442623 1.54208483606557
42.5333333333322 78 22 0.727373770491803 4.64426229508197
49.6499999999985 78 21 0.995611241217799 4.71461217798595
50.6666666666651 77 22 0.778545901639344 6.96398032786885
53.7166666666649 77 21 1.12939508196721 6.78465573770492
54.7333333333315 76 22 1.01535737704918 7.18268524590164
59.8166666666646 75 20 0.785337049180328 5.49726557377049
63.883333333331 74 21 0.670889754098361 4.27011475409836
72.0166666666639 74 20 0.647725614754098 2.61632889344262
78.1166666666635 73 21 1.58582486338798 1.73019098360656
80.1499999999967 72 22 0.635633606557377 1.22614836065574
82.18333333333 71 22 1.14129508196721 0.712952459016393
84.2166666666632 71 21 2.4946868852459 1.05962786885246
90.3166666666628 70 22 1.08023442622951 1.03254508196721
96.4166666666625 70 21 0.599473770491804 0.630370218579235
100.483333333329 70 20 0.553114754098361 2.75681229508197
112.683333333328 69 20 3.03107008196721 1.45335491803279
113.699999999995 69 19 0.582059016393443 2.89808196721311
115.733333333328 68 19 0.566899180327869 3.21479344262295
123.866666666661 67 20 0.548400204918033 1.46854733606557
128.933333333328 66 20 0.541682894736842 2.15216710526316
131.93333333333 65 20 0.491341666666666 2.43926888888889
132.933333333331 64 21 0.519551666666667 0.292275
134.933333333333 63 22 0.460075 0.647599166666667
135.933333333334 63 21 0.472586666666667 0.717201666666667
152.933333333347 62 22 0.534356470588235 0.230051176470588
162.933333333355 61 22 0.5549755 0.351167666666667
167.933333333359 61 21 0.508316333333334 0.207863
171.933333333362 60 22 0.444658333333333 0.0510604166666667
173.933333333364 59 23 0.4474125 0.00015
187.933333333375 58 24 0.420600357142857 0.000166547619047619
233.933333333412 58 23 0.403443731884057 0.000765253623188406
322.016666666702 58 22 0.417849971617787 0.266865241248817
343.366666666683 57 23 0.492787743950039 7.1682199843872
344.383333333349 56 24 0.426355737704918 7.26843114754098
387.08333333331 55 25 0.429303747072599 5.38385140515223
408.433333333291 54 26 0.405067213114754 7.06407525370804
421.649999999945 53 27 0.383194955863808 5.22527931904161
423.683333333277 52 28 0.376840983606557 2.53026885245902
434.8666666666 51 28 0.35963651266766 0.0459475409836066
436.899999999931 50 28 0.358529508196721 0.000157377049180328
442.999999999926 49 28 0.358607103825136 0.000762841530054645
444.016666666592 48 29 0.356650819672131 0.000177049180327869
445.033333333257 47 30 0.346540983606558 0.0125229508196721
453.166666666583 46 31 0.349132991803278 0.00079405737704918
600 46 31 0.30914379875636 0.000169971735443754
