# New log 27/04/2014 02:24:33
1 96 32 2.10211333333333 0.389253333333333
3.03333333333333 96 31 2.75694426229508 1.62395081967213
4.04999999999999 95 31 1.51942295081967 2.63510327868852
5.06666666666665 94 31 1.67447540983607 0.719896721311475
6.08333333333332 93 30 1.94789672131148 0.694431147540984
7.09999999999998 92 31 1.67113114754098 0.599086885245902
8.09999999999998 92 29 4.236795 1.04059333333333
9.10000000000003 92 28 3.01390833333333 3.99719833333333
10.1000000000001 91 28 2.22664333333333 0.808575
11.1000000000001 90 29 7.13761666666667 0.89439
12.1000000000002 90 28 9.72461 0.961466666666667
14.1000000000003 90 26 9.65953833333333 0.9229875
15.1000000000003 89 26 9.83015666666667 2.259635
16.1000000000004 87 28 7.094375 4.59093
18.1333333333336 87 27 3.48248032786885 1.28389016393443
20.1666666666668 87 25 4.16235573770492 1.23900737704918
21.1833333333334 86 26 5.1410524590164 1.26500819672131
23.2166666666666 85 26 4.79168360655738 0.87420737704918
24.2333333333332 84 26 2.0220131147541 0.951140983606557
26.2666666666665 83 26 3.72795983606557 0.943680327868852
29.3166666666663 83 25 6.48053442622951 1.18830054644809
30.3333333333329 82 26 5.85454098360656 0.89936393442623
31.3499999999995 81 26 4.2119737704918 1.1431868852459
32.3666666666661 80 27 5.31563442622951 6.45378032786885
36.4333333333325 80 26 4.37257336065574 6.57462172131148
37.4499999999992 79 26 5.53759180327869 6.45060491803279
42.5333333333322 78 27 4.10076131147541 3.46263081967213
43.5499999999988 75 28 3.20475245901639 1.05990655737705
44.5666666666654 74 28 3.22803770491803 1.37780327868852
46.5999999999986 73 27 1.39792131147541 0.743215573770492
47.6166666666652 72 28 1.15034590163934 0.843401639344262
49.6499999999985 70 30 1.61140983606557 1.02452868852459
52.6999999999983 68 31 5.16806830601093 1.04879726775956
57.7833333333313 67 32 2.84877901639344 0.85806
58.7999999999979 66 32 2.28315081967213 1.06127704918033
60.8333333333312 65 32 2.09215163934426 2.25763196721311
61.8499999999978 64 32 0.942034426229508 1.1431868852459
65.9166666666642 64 31 1.01432131147541 0.773559016393443
69.9833333333306 63 31 1.74048278688524 0.70950368852459
70.9999999999973 62 32 0.984859016393443 0.753477049180328
73.0333333333305 61 33 1.03605163934426 0.794197540983607
74.0499999999971 61 32 1.15254754098361 0.904863934426229
76.0833333333303 60 32 1.27171393442623 1.0649893442623
77.0999999999969 60 31 1.30069180327869 1.38619344262295
82.18333333333 59 32 1.55407147540983 0.613240983606557
83.1999999999966 58 32 0.820832786885246 0.126734426229508
88.2833333333296 57 33 0.60737868852459 0.0781062295081967
92.349999999996 56 34 0.828967213114754 0.0802831967213115
93.3666666666627 56 32 0.492586885245902 0.00767377049180328
105.566666666662 55 33 0.682239890710382 0.285885382513661
111.666666666662 54 34 0.539722131147541 1.27447568306011
114.716666666661 53 34 0.524375956284153 1.08147486338798
115.733333333328 52 35 0.478481967213115 0.00452295081967213
117.766666666661 51 34 0.480154918032787 0.00196311475409836
118.783333333328 50 33 0.61336393442623 0.0441836065573771
119.799999999994 49 33 0.651632786885246 0.0256868852459016
124.883333333328 48 34 1.38644852459017 0.0787780327868852
126.916666666661 47 35 0.433779508196721 0.0290688524590164
127.933333333327 47 34 0.4326 0.152904918032787
130.93333333333 47 33 0.461673888888889 0.0638966666666667
131.93333333333 46 33 1.06703166666667 0.0607716666666667
133.933333333332 45 34 1.33533833333333 0.13421
135.933333333334 44 34 0.9251975 0.04707
137.933333333335 43 35 0.330771666666667 0.000453333333333333
146.933333333342 43 34 0.324646851851852 0.0268496296296296
149.933333333345 42 34 0.324108333333333 0.0285716666666667
156.93333333335 41 34 0.32356380952381 0.0113488095238095
161.933333333354 40 35 0.289707333333333 0.0101053333333333
162.933333333355 40 34 0.295536666666667 0.0335166666666667
169.933333333361 39 35 0.288114047619048 0.00062452380952381
182.933333333371 38 35 0.280936538461539 0.000459358974358974
280.333333333407 37 36 0.267740537303214 0.00215496235455168
600 37 36 0.267923309914128 0.000211876138433515
