# New log 27/04/2014 02:22:57
1 96 32 6.129315 1.99788833333333
3.03333333333333 95 30 2.73335 1.4535368852459
4.04999999999999 95 27 2.84182131147541 0.997313114754098
6.08333333333332 95 26 7.86278442622951 1.13378032786885
9.10000000000003 94 25 8.71833093922651 1.61525082872928
10.1000000000001 93 25 8.74047333333333 1.60662
11.1000000000001 93 24 8.86713333333334 1.48342833333333
12.1000000000002 93 21 6.71553333333333 1.19191166666667
15.1000000000003 92 22 8.49332055555555 2.25169
17.116666666667 92 20 6.89354380165289 0.914347107438017
18.1333333333336 91 20 4.9194737704918 1.03643278688525
20.1666666666668 91 19 4.32837131147541 1.25449016393443
21.1833333333334 90 19 6.33039508196721 0.583311475409836
25.2499999999998 89 20 4.75516967213115 1.10696639344262
30.3333333333329 88 20 10.4340655737705 0.9218
34.3999999999993 88 19 7.12866639344262 1.24070655737705
37.4499999999992 88 18 3.97403770491803 0.685567759562842
38.4666666666658 87 19 4.13529672131147 1.31506229508197
39.4833333333324 86 18 4.59774590163935 0.634116393442623
40.499999999999 84 19 5.20140327868852 1.44673442622951
42.5333333333322 83 19 4.58385655737705 0.851056557377049
43.5499999999988 83 18 5.9338868852459 0.835188524590164
44.5666666666654 82 18 4.34506393442623 0.244209836065574
46.5999999999986 81 19 7.88159098360656 1.05154098360656
48.6333333333319 80 20 4.94340737704918 0.241396721311475
49.6499999999985 80 19 7.35645573770492 0.455611475409836
51.6833333333317 79 20 5.07433114754099 0.289781967213115
52.6999999999983 77 21 2.86316557377049 0.0786819672131148
54.7333333333315 76 22 1.75666065573771 0.0954696721311476
55.7499999999981 73 25 1.59901639344262 0.00910491803278689
56.7666666666647 72 25 1.65466885245902 0.154213114754098
57.7833333333313 72 24 1.50655737704918 0.00214918032786885
61.8499999999978 71 25 2.17808237704918 0.147309016393443
63.883333333331 70 25 3.91385983606557 0.801990983606557
65.9166666666642 69 26 3.59744344262295 1.15497540983607
68.966666666664 69 25 3.32347923497268 0.35509781420765
70.9999999999973 68 26 1.54952049180328 0.143773770491803
74.0499999999971 67 27 1.4086218579235 1.17885628415301
77.0999999999969 66 28 1.40597213114754 0.459634426229508
82.18333333333 65 29 1.50550393442623 0.0656954098360656
87.266666666663 64 29 1.48372491803279 0.0950019672131148
93.3666666666627 63 28 1.36013142076503 0.581921038251366
94.3833333333293 62 29 1.38845081967213 1.04126229508197
96.4166666666625 62 28 1.53158032786885 0.238091803278689
97.4333333333291 62 27 1.41206885245902 1.21366557377049
98.4499999999957 61 27 1.78210163934426 2.04989180327869
99.4666666666623 61 26 1.39407213114754 1.07994262295082
103.533333333329 60 27 1.13573032786885 0.514692213114754
104.549999999995 59 28 1.05701803278689 0.702259016393443
122.849999999994 59 27 1.05069280510018 0.273004098360656
131.93333333333 58 27 1.11947853211009 0.0168618348623853
141.933333333338 58 26 1.1060295 0.0139176666666667
151.933333333346 58 24 1.13282483333333 0.128717
154.933333333349 57 25 1.06246388888889 0.221098333333333
157.933333333351 56 26 0.973388888888889 0.297249444444444
164.933333333357 55 26 1.07441285714286 0.127512142857143
167.933333333359 54 27 0.97994 0.197271666666667
170.933333333362 53 28 0.939337222222223 0.0314433333333333
171.933333333362 52 28 0.867813333333334 0.000195
182.933333333371 51 28 0.948283939393939 0.13750803030303
197.933333333383 50 29 0.998904222222222 0.642870888888889
198.933333333384 49 30 1.047315 0.456143333333333
202.933333333387 49 29 0.849244166666667 0.141272916666667
203.933333333388 47 31 0.82562 0.00636833333333333
209.933333333393 47 30 0.826701944444445 0.156868055555556
212.933333333395 46 31 0.843941666666667 0.000237222222222222
217.933333333399 45 31 0.786010333333334 0.035577
227.933333333407 44 32 0.8300415 0.6850815
234.933333333412 44 31 0.804560238095238 0.110829761904762
237.933333333415 43 32 0.724220555555555 0.0417583333333333
249.933333333424 42 33 1.16324986111111 0.125973888888889
251.933333333426 41 33 0.723113333333333 0.00474833333333333
256.950000000095 41 32 0.723535548172757 0.000795681063122924
312.866666666711 41 31 0.71254831594635 0.0252532041728763
316.933333333374 40 31 0.681735655737705 0.0011155737704918
327.100000000031 40 30 0.682562295081967 0.042092131147541
331.166666666694 40 29 0.655542213114754 0.0659479508196721
332.18333333336 39 30 0.65864262295082 0.00263770491803279
344.383333333349 39 29 0.641012704918033 0.00077103825136612
353.53333333334 39 28 0.702393442622952 0.0267486338797814
386.066666666644 38 29 0.832922079918035 0.369656864754098
569.066666666478 38 28 0.681969963570129 0.0434558652094718
600 38 28 0.676607191961925 0.00767932310946589
