# New log 27/04/2014 02:16:55
1 96 32 1.52022333333333 6.837065
3.03333333333333 94 32 1.07291393442623 0.830290983606557
4.04999999999999 92 30 2.75504754098361 2.78485245901639
7.09999999999998 91 29 1.33860819672131 6.17740546448087
8.09999999999998 89 29 1.07444833333333 8.97369
9.10000000000003 88 30 1.95061333333333 4.17782666666667
10.1000000000001 88 29 0.881436666666667 12.5074783333333
11.1000000000001 87 28 1.14636166666667 13.3855616666667
12.1000000000002 87 27 0.97697 12.0557066666667
15.1000000000003 86 28 1.46803833333333 6.06898222222222
17.116666666667 85 28 1.23034132231405 4.29571570247934
18.1333333333336 82 29 0.652747540983606 5.95903934426229
19.1500000000002 81 29 0.870285245901639 6.44837049180328
20.1666666666668 81 28 1.2409262295082 6.78887704918033
21.1833333333334 81 26 0.8706 8.62802459016394
22.2 80 26 1.04417868852459 9.55125901639344
24.2333333333332 78 26 0.97446393442623 10.9624139344262
27.2833333333331 78 25 0.893173224043716 11.5511371584699
28.2999999999997 77 25 1.12819180327869 9.26505737704918
30.3333333333329 76 26 1.3085 7.38249262295082
31.3499999999995 75 25 1.50105081967213 7.36628196721311
33.3833333333327 75 24 0.887408196721312 5.25190245901639
35.4166666666659 74 24 1.1277262295082 6.11908114754098
36.4333333333325 73 22 0.817463934426229 7.45112459016394
37.4499999999992 73 21 0.789319672131148 6.91303770491803
40.499999999999 72 22 1.0354393442623 7.60295136612022
41.5166666666656 70 23 0.701180327868852 7.54233606557377
42.5333333333322 69 23 0.709673770491803 7.96831803278689
43.5499999999988 68 24 0.649259016393443 7.72204918032787
45.583333333332 67 25 0.973854918032787 7.25055163934426
47.6166666666652 66 26 1.10212459016393 6.53085081967213
48.6333333333319 64 28 1.57374262295082 6.71508360655738
49.6499999999985 64 27 1.42971147540984 6.94750983606557
50.6666666666651 64 26 2.04530163934426 7.24957868852459
51.6833333333317 63 27 0.629695081967213 6.62186393442623
55.7499999999981 62 27 0.825498360655738 6.38696639344262
56.7666666666647 60 28 0.772686885245901 7.8754737704918
59.8166666666646 59 29 0.579768852459017 7.61240327868852
64.8999999999976 58 30 0.612932131147541 4.38292950819672
66.9333333333308 57 31 0.708215573770492 4.50775245901639
67.9499999999974 56 32 0.61768524590164 5.11768032786885
68.966666666664 55 32 0.671613114754099 5.27977049180328
69.9833333333306 54 33 0.475326229508197 7.60223606557377
70.9999999999973 54 32 0.459534426229508 7.33247868852459
72.0166666666639 53 32 0.449588524590164 6.64261475409836
73.0333333333305 52 33 0.482019672131147 9.69464590163935
74.0499999999971 50 33 0.417339344262295 7.38260327868853
75.0666666666637 50 32 0.511455737704918 9.29983114754098
76.0833333333303 49 33 0.475255737704918 12.2934704918033
79.1333333333301 48 34 0.604046994535519 12.4024852459016
85.2333333333298 48 33 0.613391256830601 7.31908579234973
88.2833333333296 47 34 0.63054262295082 5.32742896174863
91.3333333333294 46 35 0.57761475409836 5.29361857923497
102.516666666662 45 35 0.541055588673622 2.24939105812221
105.566666666662 44 35 0.411068306010929 0.365550819672131
107.599999999995 44 34 0.559246721311476 0.683212295081967
111.666666666662 44 31 0.582995901639345 0.346089754098361
112.683333333328 43 32 0.655275409836066 0.966381967213115
113.699999999995 42 33 0.706495081967213 0.474609836065574
116.749999999995 39 34 0.622239344262295 0.0531306010928962
117.766666666661 37 35 0.513611475409836 0.0197540983606557
118.783333333328 37 34 0.464539344262295 0.0238475409836066
122.849999999994 36 35 0.456568032786886 0.0728672131147541
124.883333333328 36 34 0.439004918032787 0.0129598360655738
125.899999999994 36 33 0.46064262295082 0.0350836065573771
127.933333333327 34 34 0.386541803278689 0.0032672131147541
128.933333333328 33 35 0.367521666666667 0.00320833333333333
130.93333333333 32 36 0.323381666666667 0.00220083333333333
131.93333333333 31 37 0.321086666666667 0.00656833333333333
132.933333333331 31 36 0.34531 0.000155
136.933333333334 30 37 0.324117083333333 0.00917166666666667
287.450000000067 29 37 0.274782161443916 0.14464464621858
372.84999999999 28 37 0.240961885245902 0.000465690866510539
600 28 37 0.230546340749416 0.000166971604215457
