# New log 27/04/2014 02:18:24
1 96 32 3.87088833333333 2.54971833333333
4.04999999999999 95 29 2.07565027322404 1.13928360655738
5.06666666666665 95 27 1.94829836065574 1.50226885245902
6.08333333333332 95 24 1.98829344262295 2.28254098360656
7.09999999999998 94 25 2.4700262295082 0.995068852459016
8.09999999999998 94 24 1.977125 0.544773333333333
9.10000000000003 94 23 2.66588166666667 0.515356666666667
10.1000000000001 92 24 2.83284 0.420403333333333
11.1000000000001 92 22 1.953255 0.349276666666667
13.1000000000002 92 20 3.3764875 0.842945833333333
14.1000000000003 92 19 3.279595 0.480325
18.1333333333336 91 20 3.40058884297521 0.760897107438017
19.1500000000002 90 21 3.42567704918033 0.911829508196721
20.1666666666668 90 20 5.71281639344262 1.45920327868852
21.1833333333334 90 19 4.41400163934426 1.08470163934426
23.2166666666666 90 18 3.36076639344262 0.549500819672131
24.2333333333332 90 17 2.08875901639344 1.0130868852459
25.2499999999998 89 18 1.89866721311475 0.0631295081967213
26.2666666666665 88 19 2.2767131147541 0.0942688524590164
28.2999999999997 86 20 2.25925737704918 0.541636065573771
29.3166666666663 85 20 2.45406393442623 0.772916393442623
30.3333333333329 85 19 1.72554098360656 0.819473770491803
32.3666666666661 84 20 2.0069237704918 0.194533606557377
38.4666666666658 84 19 5.15467704918033 0.713558743169399
41.5166666666656 83 19 4.74201639344263 0.426664480874317
43.5499999999988 83 18 3.5532237704918 0.379636065573771
44.5666666666654 82 19 3.31850819672131 0.424008196721311
45.583333333332 81 20 3.72239016393443 0.545959016393443
47.6166666666652 80 21 4.21382868852459 0.669768852459017
55.7499999999981 79 22 3.62087356557377 3.19289303278689
61.8499999999978 79 21 6.60264945355191 2.88590300546448
62.8666666666644 78 21 2.8433393442623 0.472490163934426
63.883333333331 76 21 3.11012786885246 0.873068852459016
64.8999999999976 76 20 3.42194426229508 0.994477049180328
68.966666666664 74 19 3.48351475409836 0.63521106557377
69.9833333333306 73 20 2.7083737704918 0.611116393442623
70.9999999999973 73 19 3.52906721311475 0.226586885245902
76.0833333333303 72 19 3.05497344262295 0.704059344262295
77.0999999999969 71 20 2.42896885245902 1.00790819672131
79.1333333333301 70 20 2.48686639344262 1.08799262295082
84.2166666666632 70 19 2.51177508196721 0.67965868852459
88.2833333333296 70 18 1.98212008196721 0.479825819672131
89.2999999999962 69 18 2.08122131147541 0.181588524590164
91.3333333333294 68 18 1.94081557377049 0.119254098360656
94.3833333333293 68 17 1.9611693989071 0.106485245901639
98.4499999999957 67 18 1.97564959016393 0.114431557377049
100.483333333329 66 19 2.11902950819672 0.122172131147541
103.533333333329 65 20 1.81456174863388 0.15477868852459
112.683333333328 65 19 1.85215428051002 0.207316211293261
118.783333333328 64 20 1.94540218579235 0.375662021857924
120.816666666661 64 19 1.9664893442623 1.2723131147541
126.916666666661 64 18 1.68255573770492 0.678207650273224
130.93333333333 63 19 1.62959875518672 0.631467219917012
135.933333333334 62 20 1.61827333333333 0.642049
142.933333333339 60 21 1.56860285714286 0.567278571428571
145.933333333342 59 21 1.53659722222222 0.58461
150.933333333346 59 20 1.26603433333333 0.708706
152.933333333347 59 19 0.930056666666667 0.62665
163.933333333356 58 20 1.32848242424243 0.647657727272727
173.933333333364 57 20 1.48366016666667 0.715114833333333
177.933333333367 56 19 1.25502708333333 0.63121125
191.933333333378 55 20 0.912445833333335 0.726877023809524
193.93333333338 54 21 0.892329166666667 0.690625
194.933333333381 53 21 0.859946666666667 0.764165
195.933333333381 52 21 0.786735 0.683263333333333
196.933333333382 52 20 0.814276666666667 0.621441666666667
203.933333333388 52 19 0.798704761904762 0.638251904761905
219.933333333401 51 19 0.785473125 0.666120833333333
238.933333333416 50 18 0.754647631578948 0.649784035087719
253.933333333428 49 19 0.857433666666667 0.581422888888889
294.566666666727 48 19 0.715651886792453 0.681067473338802
297.616666666725 48 18 0.691372131147541 0.60611693989071
308.800000000048 47 19 0.667891207153503 0.545787183308495
309.816666666714 46 20 0.643540983606557 0.549080327868853
515.183333333193 46 19 0.665525182600226 0.580629354000974
534.499999999843 46 17 0.674706471095772 0.620731924072476
543.649999999834 46 16 0.692601639344263 0.550910928961749
561.949999999818 45 17 0.690660928961749 0.554656739526412
600 45 17 0.690038308886971 0.591715271786022
