# New log 27/04/2014 02:20:08
1 96 32 1.75371833333333 0.631511666666667
4.04999999999999 96 31 1.39419508196721 0.782745355191257
5.06666666666665 94 29 1.64355573770492 0.98715737704918
6.08333333333332 94 27 1.44090163934426 0.710485245901639
7.09999999999998 94 26 1.66876721311475 0.632404918032787
8.09999999999998 94 25 1.15514 0.509218333333333
9.10000000000003 92 26 1.04088 0.09572
10.1000000000001 91 26 1.50713 0.147075
11.1000000000001 90 26 3.13030333333333 0.932883333333333
12.1000000000002 90 25 2.49302666666667 1.019025
15.1000000000003 90 24 3.72688944444444 1.45937222222222
16.1000000000004 89 24 6.23118 1.05391666666667
17.116666666667 86 25 4.69205573770492 0.863003278688525
19.1500000000002 85 26 1.84329836065574 0.404727868852459
21.1833333333334 84 26 1.19568524590164 0.483760655737705
22.2 83 26 0.905839344262295 0.330370491803279
24.2333333333332 82 27 1.43930245901639 1.72690901639344
31.3499999999995 81 28 1.69424355971897 0.699274941451991
32.3666666666661 81 27 1.44979016393443 0.333537704918033
33.3833333333327 81 26 0.935098360655738 0.447540983606557
34.3999999999993 80 26 1.67628852459016 0.208006557377049
35.4166666666659 79 26 1.14606885245902 0.0670459016393443
36.4333333333325 77 26 2.96901475409836 0.782154098360656
40.499999999999 77 25 3.19690450819672 0.439564754098361
41.5166666666656 76 26 1.91509180327869 0.459660655737705
42.5333333333322 73 28 2.30280327868853 0.475795081967213
43.5499999999988 72 27 2.19180983606557 0.334203278688525
44.5666666666654 70 29 2.42993770491803 0.294629508196721
45.583333333332 68 31 1.74241639344262 0.332516393442623
46.5999999999986 67 30 2.69691475409836 0.336634426229508
48.6333333333319 67 29 2.43446557377049 0.299895901639344
49.6499999999985 65 30 2.17654098360656 0.304973770491803
51.6833333333317 63 30 2.22571639344262 0.507623770491803
53.7166666666649 61 31 4.7130631147541 0.739499180327869
54.7333333333315 60 32 1.68959672131148 0.890550819672131
55.7499999999981 59 33 2.14470163934426 0.801755737704918
56.7666666666647 57 35 1.64479836065574 1.44541803278689
57.7833333333313 56 35 2.03721803278689 0.490044262295082
58.7999999999979 54 36 4.70851803278689 0.39194262295082
59.8166666666646 52 36 3.31756885245902 0.434829508196721
60.8333333333312 51 37 0.734331147540984 0.250706557377049
61.8499999999978 50 37 0.475891803278689 0.139414754098361
62.8666666666644 49 38 0.491108196721311 0.0464868852459016
63.883333333331 45 39 0.443949180327869 0.00618032786885246
64.8999999999976 45 38 0.453429508196721 0.293627868852459
65.9166666666642 44 39 0.466511475409836 0.351180327868852
66.9333333333308 43 40 0.615949180327869 0.207788524590164
67.9499999999974 41 40 3.04741475409836 0.279768852459016
70.9999999999973 39 42 1.89423606557377 0.454011475409836
78.1166666666635 38 43 0.41359718969555 0.660859718969555
84.2166666666632 37 44 0.396653005464481 0.422671584699454
85.2333333333298 37 43 0.516552459016394 0.369568852459016
92.349999999996 36 43 0.541252459016393 0.267651522248244
94.3833333333293 35 44 1.05888770491803 0.428504918032787
95.3999999999959 34 44 0.959777049180328 1.23462459016393
99.4666666666623 34 42 0.681692213114754 0.888580327868852
100.483333333329 33 43 0.348726229508197 0.0780065573770492
101.499999999996 32 43 0.406772131147541 0.030727868852459
102.516666666662 30 44 0.285431147540984 0.00190819672131148
103.533333333329 29 44 0.254534426229508 0.027655737704918
104.549999999995 28 44 0.269855737704918 0.00774262295081967
108.616666666662 27 45 0.797488524590164 0.552958606557377
112.683333333328 26 46 0.315097950819672 0.0218184426229508
117.766666666661 26 45 0.197044262295082 0.00291409836065574
122.849999999994 24 47 0.247583278688524 0.0101311475409836
131.93333333333 23 47 0.223529541284404 0.00467266055045872
156.93333333335 22 47 0.167161733333333 0.0186571333333333
164.933333333357 21 47 0.151958958333333 0.000189166666666667
196.933333333382 20 48 0.150603229166667 0.00338140625
247.933333333423 19 48 0.123555620915033 0.000184150326797386
600 19 48 0.124242743040788 0.000189281156954487
