# New log 27/04/2014 01:59:09
1 96 32 1.8211 0.61535
4.04999999999999 95 32 1.04606174863388 0.348300546448087
5.06666666666665 93 31 1.1915131147541 0.16405737704918
6.08333333333332 91 31 0.946159016393443 0.198229508196721
8.09999999999998 91 30 0.849255371900827 0.151479338842975
10.1000000000001 90 30 1.97210083333333 0.355840833333333
11.1000000000001 88 28 2.00291666666667 0.204356666666667
12.1000000000002 88 27 2.487315 0.432475
13.1000000000002 87 27 1.136575 0.387186666666667
14.1000000000003 86 26 1.15877666666667 0.466573333333333
15.1000000000003 85 26 1.13208833333333 0.511175
16.1000000000004 84 26 0.890806666666667 0.530716666666667
17.116666666667 83 27 2.03614918032787 0.955555737704918
18.1333333333336 81 29 2.00569508196721 0.944219672131148
19.1500000000002 80 30 1.98683278688525 0.463211475409836
22.2 78 31 2.26189617486339 0.442306557377049
25.2499999999998 77 32 1.03317213114754 0.313714207650273
27.2833333333331 76 33 1.10011885245902 0.440858196721311
30.3333333333329 75 34 0.968715300546448 0.371757923497268
31.3499999999995 74 34 0.964875409836066 0.369814754098361
33.3833333333327 73 35 1.46381967213115 0.707018852459017
34.3999999999993 73 34 1.18662131147541 0.533932786885246
37.4499999999992 72 35 1.0530174863388 0.321374316939891
41.5166666666656 72 34 1.15424631147541 0.439869262295082
42.5333333333322 70 35 1.85405245901639 0.645293442622951
43.5499999999988 69 35 1.87703442622951 0.690075409836066
44.5666666666654 69 34 1.86012786885246 0.766014754098361
47.6166666666652 69 33 1.80027103825137 0.72485956284153
49.6499999999985 68 33 1.76089836065574 1.27919426229508
50.6666666666651 68 32 1.41862295081967 1.22133114754098
51.6833333333317 67 32 0.854719672131147 1.07106885245902
52.6999999999983 66 33 0.714272131147541 0.814886885245902
53.7166666666649 65 33 0.786218032786885 0.736775409836066
58.7999999999979 64 34 0.903426885245901 0.404943278688525
65.9166666666642 62 36 0.588129742388759 0.157588524590164
68.966666666664 61 36 0.639618579234973 0.0165743169398907
72.0166666666639 61 35 0.577971584699453 0.0315857923497268
73.0333333333305 60 35 0.477495081967213 0.0108065573770492
75.0666666666637 60 34 0.479827049180328 0.00373606557377049
77.0999999999969 60 33 0.559295901639345 0.0105377049180328
82.18333333333 58 33 0.559576721311475 0.00779311475409836
87.266666666663 57 34 0.462777377049181 0.0239944262295082
90.3166666666628 56 35 0.481792896174864 0.00614863387978142
97.4333333333291 55 35 0.425800234192037 0.00151686182669789
103.533333333329 53 36 0.440573770491803 0.00726939890710383
107.599999999995 52 37 0.410703688524591 0.007825
109.633333333328 51 38 0.430045901639344 0.00738114754098361
110.649999999995 49 38 0.386137704918033 0.00313606557377049
112.683333333328 48 39 0.358931967213115 0.00106475409836066
119.799999999994 47 40 0.360479156908665 0.00325035128805621
120.816666666661 46 41 0.325640983606558 0.000177049180327869
126.916666666661 45 42 0.336142076502732 0.000944535519125683
131.93333333333 44 42 0.329882724252492 0.00202890365448505
132.933333333331 44 41 0.350516666666667 0.00799333333333333
136.933333333334 44 40 0.329261666666667 0.000169166666666667
137.933333333335 43 41 0.330585 0.00019
142.933333333339 42 42 0.307999 0.000173333333333333
152.933333333347 41 43 0.3051285 0.00211566666666667
155.93333333335 40 43 0.288109444444444 0.000171666666666667
600 40 43 0.283559455002056 0.000182326923797744
