# New log 27/04/2014 01:56:19
1 96 32 1.67804833333333 3.535115
3.03333333333333 94 34 0.750945901639344 0.501152459016393
4.04999999999999 91 36 0.918050819672131 0.777054098360656
5.06666666666665 91 35 0.882777049180328 0.578350819672131
7.09999999999998 90 35 0.969812295081967 0.404804098360656
9.10000000000003 89 36 0.816211666666667 0.615056666666667
10.1000000000001 88 36 0.655781666666666 0.389483333333333
11.1000000000001 86 37 0.683685 0.125716666666667
13.1000000000002 86 36 0.698511666666666 0.1941625
15.1000000000003 86 35 0.7059375 0.438793333333333
17.116666666667 85 34 0.675261157024793 0.694406611570248
19.1500000000002 84 34 0.696237704918033 0.415939344262295
20.1666666666668 83 34 0.697809836065574 0.293627868852459
22.2 82 35 0.619950819672131 0.411226229508197
25.2499999999998 81 33 0.503556830601093 0.0684934426229508
26.2666666666665 80 32 0.589693442622951 1.6090868852459
27.2833333333331 80 30 0.597716393442623 5.42507704918033
28.2999999999997 79 30 0.544650819672131 5.28746557377049
29.3166666666663 79 28 0.47563606557377 4.77747868852459
30.3333333333329 78 26 0.617375409836066 5.49154590163934
31.3499999999995 78 24 0.621762295081967 5.0774606557377
32.3666666666661 78 23 0.632588524590164 4.83681639344262
35.4166666666659 77 22 0.606243715846994 5.02091092896175
38.4666666666658 77 21 0.591287978142076 3.37784207650273
44.5666666666654 77 20 0.606887431693989 4.91885409836066
45.583333333332 76 20 0.626993442622951 6.66342459016393
47.6166666666652 75 20 0.609339344262295 7.54457540983607
48.6333333333319 75 19 0.621955737704918 8.05052295081967
50.6666666666651 75 18 0.545030327868852 4.07561639344262
51.6833333333317 75 17 0.467801639344262 3.34915573770492
52.6999999999983 75 16 0.492632786885246 4.47791967213115
53.7166666666649 75 14 0.549290163934426 8.0515131147541
57.7833333333313 74 15 0.59672868852459 9.09553647540984
77.0999999999969 74 14 0.583060138050043 2.63812942191544
82.18333333333 74 13 0.574320327868853 0.643104262295082
85.2333333333298 74 12 0.588384153005465 0.45444043715847
95.3999999999959 73 12 0.611865081967213 0.401575901639344
96.4166666666625 72 13 0.592785245901639 0.53544262295082
101.499999999996 72 12 0.545927868852459 0.720240983606557
102.516666666662 72 11 0.547616393442623 0.701591803278689
106.583333333329 72 10 0.548552049180328 0.586379508196721
108.616666666662 71 11 0.532194262295082 0.665011475409836
110.649999999995 71 10 0.511691803278689 0.546881147540984
125.899999999994 69 12 0.607115409836066 0.651557158469945
175.933333333365 68 13 0.538697401732178 1.51426415722851
193.93333333338 67 13 0.524090462962963 2.04403962962963
200.933333333385 66 14 0.515654761904762 1.0895880952381
201.933333333386 66 13 0.461378333333333 1.05406333333333
203.933333333388 65 14 0.471125 1.08804
218.9333333334 64 15 0.466753666666667 1.46311544444444
244.93333333342 63 16 0.462611153846154 2.80943307692308
270.16666666675 63 15 0.452252113606339 4.84232688243065
279.316666666741 62 16 0.454507285974499 5.03528579234973
294.566666666727 61 17 0.468990163934427 2.33082546448087
312.866666666711 60 18 0.473404644808744 0.356567941712204
322.016666666702 59 19 0.480397632058288 0.352938433515483
368.783333333327 58 20 0.469801069137562 0.354502459016393
375.899999999987 57 21 0.458133255269321 0.357055269320843
441.98333333326 56 22 0.447044388398486 0.152978335435057
600 56 22 0.437591204287516 0.000154003783102144
