# New log 27/04/2014 01:57:52
1 96 32 3.18621 1.22804666666667
4.04999999999999 95 30 1.8423737704918 0.37028306010929
5.06666666666665 94 30 1.93268196721312 0.3786
6.08333333333332 94 28 1.72137704918033 0.648331147540984
10.1000000000001 94 24 2.04593526970954 0.47983734439834
11.1000000000001 94 23 2.254165 0.912143333333333
12.1000000000002 93 23 2.730795 0.71654
13.1000000000002 93 22 3.11385666666667 1.295685
14.1000000000003 91 22 3.96447333333333 1.78499166666667
15.1000000000003 90 22 3.61075 1.65315
16.1000000000004 89 23 2.90483833333334 0.850683333333333
17.116666666667 88 24 2.84934590163934 0.665037704918033
18.1333333333336 88 23 2.94177540983607 0.417019672131148
20.1666666666668 86 22 2.68754262295082 0.281113114754098
21.1833333333334 86 21 3.30504262295082 0.3144
22.2 85 21 3.1349868852459 0.24576393442623
24.2333333333332 85 19 2.55713360655738 0.388226229508197
25.2499999999998 84 19 1.83623770491803 0.441154098360656
26.2666666666665 83 20 2.11742131147541 0.231559016393443
27.2833333333331 83 19 2.56265081967213 0.459601639344262
29.3166666666663 82 20 2.15062049180328 0.31235737704918
32.3666666666661 82 19 2.86627431693989 0.392209289617486
35.4166666666659 81 20 2.73566830601093 0.677438797814208
41.5166666666656 80 20 2.57965163934426 1.84057021857924
45.583333333332 79 21 1.83076844262295 1.73547540983607
47.6166666666652 79 20 1.5531262295082 2.17518114754098
52.6999999999983 79 19 1.57879901639344 0.990697704918033
54.7333333333315 79 17 1.52908934426229 0.193495081967213
59.8166666666646 78 18 1.9424137704918 0.317231147540984
60.8333333333312 77 19 1.38120819672131 0.215883606557377
62.8666666666644 76 18 1.3732893442623 0.248854918032787
63.883333333331 75 18 1.2993131147541 0.610124590163935
66.9333333333308 75 17 1.33453715846995 0.811304371584699
68.966666666664 74 18 1.30669918032787 0.695254918032787
70.9999999999973 73 19 1.40317213114754 0.634350819672131
76.0833333333303 73 18 1.60269639344262 0.664669836065574
77.0999999999969 73 17 1.33330819672131 0.166662295081967
79.1333333333301 73 16 1.43390901639344 0.52222868852459
80.1499999999967 71 16 1.39194754098361 0.455985245901639
81.1666666666633 70 17 1.1928262295082 0.0848426229508197
83.1999999999966 69 18 1.16491967213115 0.00132622950819672
86.2499999999964 68 19 1.14582349726776 0.00230491803278689
91.3333333333294 67 20 1.1231668852459 0.00225213114754098
95.3999999999959 66 20 1.10540368852459 0.0144360655737705
105.566666666662 65 20 1.10286606557377 0.023014262295082
109.633333333328 65 19 1.058825 0.0127700819672131
122.849999999994 64 18 1.69058928121059 0.0974547288776797
124.883333333328 63 19 1.66551229508197 0.0914819672131148
127.933333333327 63 18 1.63640928961749 0.0867928961748634
136.933333333334 62 19 1.22354185185185 0.0405887037037037
148.933333333344 61 20 0.973554027777779 0.00153777777777778
171.933333333362 61 19 0.956861594202899 0.00270376811594203
173.933333333364 61 18 0.965445 0.0002025
181.93333333337 61 17 0.940134999999999 0.00206270833333333
244.93333333342 60 17 0.942460529100527 0.0288500264550265
253.933333333428 59 17 0.938142037037036 0.000692962962962963
257.966666666761 59 16 0.93648347107438 0.000591735537190083
264.066666666755 58 16 1.01407431693989 0.0108256830601093
270.16666666675 57 17 0.938766393442623 0.00327431693989071
314.900000000042 57 16 0.953024925484351 0.00653964232488823
331.166666666694 56 17 0.926220799180329 0.00129877049180328
333.200000000026 55 18 1.06152704918033 0.0314270491803279
334.216666666691 55 17 1.75229508196721 0.0982491803278688
337.266666666689 54 18 0.966686338797814 0.0236950819672131
346.41666666668 53 19 1.39733916211293 0.122552459016393
351.500000000009 51 20 1.52353147540984 0.257073770491803
355.566666666672 51 19 0.873609836065574 0.0138106557377049
364.716666666664 50 19 1.3613276867031 0.183996721311475
367.766666666661 50 18 1.50961202185792 0.26282131147541
374.883333333321 49 18 1.47922201405152 0.252345433255269
383.016666666647 48 19 1.28196495901639 0.124614754098361
386.066666666644 47 20 1.0491393442623 0.0560950819672131
442.999999999926 47 19 0.790063378220139 0.0257557962529274
445.033333333257 46 18 0.894541803278689 0.173166393442623
454.183333333249 46 17 0.752597632058288 0.00297905282331512
456.21666666658 45 18 0.877038524590164 0.0126491803278689
475.53333333323 45 17 0.74152441760138 0.00217799827437446
559.916666666486 44 18 0.760736223582854 0.00212838238198696
600 44 18 0.7289925 0.000333032786885246
