# New log 27/04/2014 02:10:00
1 96 32 4.95161333333334 3.18700666666667
3.03333333333333 96 30 2.73040245901639 2.30032950819672
4.04999999999999 96 29 2.08031803278689 1.53794098360656
6.08333333333332 96 27 2.30251967213115 1.73199672131148
7.09999999999998 95 28 2.77902786885246 2.29182295081967
10.1000000000001 94 27 2.44782888888889 1.45783444444444
11.1000000000001 93 25 2.41768 1.44859666666667
13.1000000000002 92 24 2.96378 1.2571325
14.1000000000003 92 21 2.99408333333333 1.14280166666667
15.1000000000003 91 21 2.20612166666667 0.943143333333333
16.1000000000004 91 20 2.753925 1.42511833333333
17.116666666667 90 21 3.35343606557377 1.58870163934426
18.1333333333336 90 20 3.13286393442623 1.41410163934426
19.1500000000002 89 21 2.17185409836066 1.25133606557377
20.1666666666668 89 19 2.08943934426229 0.531481967213115
21.1833333333334 88 19 2.04853442622951 0.704468852459016
22.2 87 20 2.17033278688525 0.463911475409836
23.2166666666666 86 18 2.62146721311475 0.285954098360656
24.2333333333332 86 15 5.20735245901639 0.0487508196721312
26.2666666666665 86 14 3.35826557377049 0.158354098360656
29.3166666666663 84 16 2.61644972677596 0.305051366120219
31.3499999999995 82 18 2.47366721311476 0.208033606557377
34.3999999999993 81 19 2.65703934426229 0.191300546448087
35.4166666666659 80 20 4.04103606557377 0.336688524590164
36.4333333333325 79 21 1.62240327868852 0.144732786885246
37.4499999999992 79 20 2.23147540983607 0.322660655737705
39.4833333333324 78 21 1.86789672131148 0.403390983606557
40.499999999999 78 20 1.79386721311475 1.01868524590164
42.5333333333322 77 19 1.7459368852459 1.05144754098361
43.5499999999988 75 21 1.32486721311475 1.15185737704918
47.6166666666652 74 22 2.59032704918033 1.65410696721311
49.6499999999985 73 22 1.69064836065574 0.433311475409836
52.6999999999983 72 23 1.42563005464481 0.445861202185792
54.7333333333315 72 22 1.50993360655738 0.737409836065574
56.7666666666647 72 21 1.41758524590164 0.900070491803279
57.7833333333313 72 20 1.33483606557377 0.629919672131148
61.8499999999978 72 19 1.80788893442623 0.760090983606557
63.883333333331 71 20 3.06179672131148 0.991069672131147
72.0166666666639 70 20 3.99760594262295 1.07979303278689
79.1333333333301 69 21 2.37679461358313 1.6057206088993
103.533333333329 69 20 1.43220321038251 0.603078756830601
104.549999999995 69 19 1.12137868852459 0.0129377049180328
108.616666666662 68 19 1.61503155737705 0.0595631147540984
113.699999999995 68 18 1.37984557377049 0.05638
122.849999999994 67 19 1.06041420765027 0.0192183970856102
123.866666666661 66 20 1.03903770491803 0.0126754098360656
128.933333333328 66 19 0.973239802631579 0.0237842105263158
130.93333333333 66 18 1.0470525 0.0486666666666667
131.93333333333 65 19 0.998635 0.01753
133.933333333332 65 18 1.00867833333333 0.0320483333333333
135.933333333334 64 19 0.958125 0.00212583333333333
136.933333333334 64 18 1.02840666666667 0.0505616666666667
137.933333333335 63 19 0.94879 0.0573716666666667
148.933333333344 62 20 0.931399999999999 0.00359590909090909
156.93333333335 59 22 0.91795375 0.00927333333333333
158.933333333352 59 21 0.8722775 0.0444041666666667
159.933333333353 58 22 0.890846666666666 0.000155
160.933333333354 57 22 0.863961666666667 0.105453333333333
161.933333333354 56 23 0.93383 0.0861516666666667
164.933333333357 54 25 0.852557777777778 0.00403166666666667
165.933333333358 53 26 0.804676666666667 0.0493433333333333
166.933333333358 52 27 0.86673 0.0580733333333333
168.93333333336 50 27 0.8403775 0.0053925
171.933333333362 49 28 0.756252777777778 0.04063
174.933333333365 48 28 0.716861666666667 0.000676666666666667
201.933333333386 48 27 0.711875432098766 0.00160055555555556
256.950000000095 47 28 0.723939351711603 0.00909748561042109
273.216666666747 47 27 0.694723770491805 0.0197867827868852
278.300000000076 46 27 0.712031475409835 0.0011055737704918
287.450000000067 45 27 0.713021675774135 0.0246511839708561
288.466666666733 44 28 0.772083606557377 0.151890163934426
304.733333333385 43 28 0.689522028688526 0.000389651639344262
339.30000000002 42 28 0.648520781099325 0.00067907425265188
374.883333333321 42 27 0.627317470725995 0.0107906323185012
379.96666666665 41 27 0.661129508196721 0.011087868852459
392.166666666639 40 28 0.650058333333333 0.00299808743169399
408.433333333291 40 27 0.657414959016394 0.00017469262295082
600 40 27 0.597450472720966 0.000196200884725475
