# New log 27/04/2014 02:11:16
1 96 32 2.34960833333333 0.785698333333333
3.03333333333333 95 32 1.66279262295082 0.907187704918033
4.04999999999999 95 29 1.21638852459016 0.401373770491803
5.06666666666665 95 28 1.1443 0.40702131147541
6.08333333333332 95 27 1.4142868852459 0.503455737704918
7.09999999999998 94 27 1.39693442622951 0.360714754098361
9.10000000000003 92 28 3.56432083333333 0.762638333333333
10.1000000000001 92 27 3.07161833333333 0.440753333333333
11.1000000000001 91 27 1.23682 0.436701666666667
12.1000000000002 91 26 3.53946333333333 1.24917333333333
14.1000000000003 90 27 6.0345275 1.27310666666667
15.1000000000003 89 27 4.46926 0.72985
16.1000000000004 87 27 4.81470833333333 0.777148333333333
17.116666666667 87 25 4.18328360655738 0.331608196721311
18.1333333333336 86 25 7.55634262295082 4.53161967213115
19.1500000000002 86 23 5.77715081967213 0.979704918032787
23.2166666666666 86 22 5.92017213114754 0.992865163934426
25.2499999999998 85 20 3.20746229508197 0.578735245901639
28.2999999999997 85 19 6.21193387978143 0.73322349726776
30.3333333333329 84 19 8.15637786885246 0.905035245901639
31.3499999999995 83 20 5.67546065573771 0.757516393442623
32.3666666666661 82 20 4.28913114754098 1.09818196721311
33.3833333333327 82 19 1.98390983606557 0.201426229508197
36.4333333333325 81 19 1.72822896174863 0.227153005464481
40.499999999999 80 20 4.66732991803279 0.709153278688525
41.5166666666656 78 20 8.21163770491803 1.7130131147541
42.5333333333322 77 19 5.59282131147541 0.788483606557377
45.583333333332 76 20 5.48792021857923 0.764758469945355
46.5999999999986 76 19 4.70189836065574 0.855352459016394
47.6166666666652 75 19 3.15087213114754 0.679740983606557
49.6499999999985 74 20 4.96414098360656 0.897833606557377
52.6999999999983 74 19 3.90134918032787 0.667669398907104
55.7499999999981 74 18 2.95109289617486 0.413920218579235
57.7833333333313 74 17 2.48677131147541 0.425180327868852
61.8499999999978 73 18 4.94029795081967 1.01355040983607
64.8999999999976 72 19 1.2366087431694 0.892092896174863
66.9333333333308 70 21 1.49725737704918 1.08351639344262
68.966666666664 69 21 2.22716557377049 1.10737950819672
74.0499999999971 68 21 1.53288754098361 0.155603278688525
89.2999999999962 68 20 0.865024371584699 0.201934972677596
99.4666666666623 67 20 0.785144590163934 0.143855737704918
101.499999999996 67 19 1.91771147540984 0.233613114754098
102.516666666662 66 18 2.11223278688525 0.509162295081967
106.583333333329 66 16 2.30002827868852 0.516102868852459
107.599999999995 65 17 0.914826229508197 0.0683081967213115
121.833333333328 64 17 0.983556908665104 0.279948829039813
126.916666666661 63 17 0.483745573770492 0.24343868852459
128.933333333328 62 18 0.472521487603306 0.168559504132231
130.93333333333 62 17 0.443969166666667 0.1685275
136.933333333334 61 18 0.504659999999999 0.111091388888889
137.933333333335 61 17 0.504691666666667 0.0954183333333333
140.933333333338 60 18 0.538439444444444 0.174827777777778
141.933333333338 59 19 0.824818333333333 0.175788333333333
143.93333333334 58 19 0.599875833333333 0.155381666666667
145.933333333342 58 18 0.652619166666667 0.2556475
147.933333333343 57 19 1.14040666666667 0.333979166666667
150.933333333346 57 18 1.11495722222222 0.332101111111111
163.933333333356 56 19 0.946140641025642 0.303388974358974
167.933333333359 56 18 1.49556875 0.081195
171.933333333362 55 19 1.06154041666667 0.0473745833333333
176.933333333366 54 20 0.564808333333333 0.0233643333333333
177.933333333367 53 21 0.587161666666667 0.0110416666666667
179.933333333369 52 22 2.62261916666667 0.193861666666667
184.933333333373 51 23 3.158593 0.222753333333333
193.93333333338 50 23 2.49196148148148 0.139173148148148
194.933333333381 49 24 1.87941833333333 0.0785633333333333
207.933333333391 49 23 1.53994769230769 0.0806551282051282
208.933333333392 49 22 3.625005 0.176966666666667
221.933333333402 48 22 1.548515 0.105556794871795
222.933333333403 47 23 0.540956666666667 0.037835
233.933333333412 46 24 0.428872878787879 0.0405786363636364
241.933333333418 45 25 0.59436875 0.457753333333333
251.933333333426 44 26 1.53791116666667 0.356465666666667
262.033333333424 43 27 1.0369599009901 0.102187458745875
288.466666666733 42 28 0.340910151324085 0.0306459016393443
321.000000000037 41 29 0.314786834016394 0.00759118852459016
333.200000000026 40 29 0.298725273224044 0.024317349726776
484.683333333221 39 30 0.263138992188357 0.000191968313345803
600 39 30 0.260839114178887 0.000175999424791487
