# New log 27/04/2014 02:07:32
1 96 32 1.400955 8.53642166666667
3.03333333333333 96 31 1.01473442622951 0.89637868852459
4.04999999999999 95 29 1.94597704918033 2.81514754098361
5.06666666666665 93 31 1.26256885245902 0.865014754098361
7.09999999999998 93 30 1.60126639344262 1.26928278688525
8.09999999999998 90 31 2.46892333333333 1.06236166666667
9.10000000000003 89 32 2.074215 0.435383333333333
10.1000000000001 88 32 1.804095 0.828663333333333
11.1000000000001 87 33 3.00241333333333 0.710076666666667
12.1000000000002 87 31 2.272245 0.859323333333333
13.1000000000002 86 32 2.458155 0.525205
14.1000000000003 85 32 3.5053 0.511345
15.1000000000003 84 32 3.02763166666667 0.557555
16.1000000000004 83 32 2.11446333333333 0.949843333333333
18.1333333333336 82 32 3.73934590163934 0.474312295081967
20.1666666666668 81 32 2.90985409836066 4.2499368852459
21.1833333333334 81 31 2.05011639344262 4.85829180327869
22.2 80 32 1.82394098360656 4.60589836065574
25.2499999999998 79 32 1.13374972677596 1.04211693989071
26.2666666666665 78 32 1.84860655737705 0.712247540983607
29.3166666666663 77 33 0.642981420765027 0.530865573770492
30.3333333333329 77 32 0.775186885245902 0.699980327868852
32.3666666666661 76 32 0.811837704918033 0.700616393442623
36.4333333333325 75 33 1.19959139344262 0.760566803278689
41.5166666666656 75 32 0.630673770491803 0.854595409836066
42.5333333333322 74 33 0.641098360655738 0.533050819672131
46.5999999999986 73 34 0.817864344262295 2.88380204918033
49.6499999999985 72 34 0.766017486338798 0.705055737704918
50.6666666666651 72 33 0.813281967213115 1.1770131147541
56.7666666666647 71 34 0.74745218579235 0.25061174863388
61.8499999999978 71 33 1.29648819672131 0.297005245901639
63.883333333331 71 32 2.05380081967213 0.221445081967213
65.9166666666642 70 33 0.918270491803279 0.542646721311475
78.1166666666635 70 31 0.599027868852459 0.28755218579235
79.1333333333301 69 31 0.806288524590164 0.210285245901639
82.18333333333 68 32 0.660784153005465 0.46117650273224
83.1999999999966 67 32 0.769055737704918 0.875668852459016
86.2499999999964 66 33 0.569437704918033 0.45286393442623
87.266666666663 65 34 1.93536393442623 0.582631147540984
89.2999999999962 64 35 0.644322131147542 0.372883606557377
91.3333333333294 63 36 0.458695901639344 0.0174139344262295
94.3833333333293 63 35 0.487583606557377 0.0549142076502732
96.4166666666625 62 36 0.505186885245902 0.266880327868852
99.4666666666623 62 35 0.458438251366121 0.00531530054644809
101.499999999996 61 36 0.465365573770492 0.00214016393442623
102.516666666662 60 37 0.480283606557377 0.429704918032787
104.549999999995 58 39 0.46195737704918 0.000177049180327869
105.566666666662 57 40 0.467303278688525 0.000137704918032787
110.649999999995 56 40 0.443150819672131 0.00479508196721311
111.666666666662 56 38 0.441227868852459 0.212913114754098
112.683333333328 54 40 0.41797868852459 0.106526229508197
116.749999999995 54 39 0.460395491803279 0.00580655737704918
117.766666666661 53 38 0.42265737704918 0.00019672131147541
125.899999999994 53 37 0.419517418032787 0.00171454918032787
131.93333333333 52 38 0.433327071823204 0.0557997237569061
140.933333333338 51 38 0.380043888888889 0.000175925925925926
144.933333333341 50 39 0.378969583333333 0.000170416666666667
146.933333333342 49 40 0.360548333333333 0.000175
194.933333333381 49 39 0.371947013888888 0.00562579861111111
215.933333333397 48 40 0.373289285714285 0.0445044444444444
223.933333333404 47 41 0.360574375 0.0106560416666667
224.933333333404 46 41 0.337256666666667 0.00209
225.933333333405 45 41 0.339723333333333 0.20723
227.933333333407 44 42 0.322915 0.0002
228.933333333408 43 42 0.330483333333333 0.00016
240.933333333417 42 43 0.331989027777778 0.00304347222222222
242.933333333419 41 43 0.312808333333333 0.0001675
271.183333333415 40 44 0.341988790560472 0.00910466076696165
299.650000000056 39 45 0.278455971896955 0.000314578454332553
311.850000000045 38 46 0.260303415300547 0.0421637978142076
317.950000000039 38 45 0.247170765027322 0.0445448087431694
318.966666666705 38 44 0.360580327868852 0.652904918032787
323.033333333368 37 44 0.331916393442623 7.21820696721312
324.050000000034 36 45 0.2859 0.215414754098361
367.766666666661 35 46 0.225084864658788 0.0171681662218833
399.283333333299 34 47 0.218598413537811 0.000821946060285563
406.399999999959 33 48 0.204027166276347 0.00684894613583138
414.533333333285 33 47 0.208164549180328 0.000177459016393443
417.583333333282 33 46 0.226380327868852 0.00865792349726776
435.883333333266 33 45 0.235646630236794 0.0985716757741348
561.949999999818 32 46 0.272271615547329 9.26257761766261
562.966666666483 32 44 0.203544262295082 0.0252786885245902
593.466666666456 31 45 0.275474972677596 7.08458836065574
594.483333333121 31 44 0.186901639344262 0.0100606557377049
595.499999999787 31 43 0.22365737704918 0.0238672131147541
600 31 43 0.323189508196721 4.45442754098361
