# New log 27/04/2014 01:34:46
1 96 32 1.75216 0.425558333333333
4.04999999999999 96 31 1.08311038251366 0.474190163934426
5.06666666666665 96 30 0.920919672131148 0.407470491803279
6.08333333333332 94 30 1.79775245901639 0.542431147540984
7.09999999999998 94 29 1.66786393442623 0.365959016393443
8.09999999999998 94 27 2.04147 0.504098333333333
9.10000000000003 94 25 2.367705 0.45302
11.1000000000001 93 26 2.13028083333333 0.337336666666667
12.1000000000002 93 25 0.951653333333333 0.212566666666667
13.1000000000002 93 24 1.39761666666667 0.594548333333333
14.1000000000003 91 25 1.57745333333333 0.609496666666667
15.1000000000003 90 24 1.39813166666667 0.566691666666667
17.116666666667 89 25 1.5602694214876 0.657753719008265
18.1333333333336 88 25 1.06931803278689 0.504313114754098
19.1500000000002 87 26 0.913906557377049 0.360913114754098
20.1666666666668 86 25 1.15751147540984 0.381796721311475
22.2 86 24 0.913481967213115 0.392966393442623
24.2333333333332 85 25 0.999591803278689 0.227758196721311
25.2499999999998 85 24 0.863680327868853 0.213190163934426
28.2999999999997 84 25 0.814608743169399 0.283356284153006
30.3333333333329 83 26 1.05893360655738 0.207686065573771
31.3499999999995 82 26 0.876280327868853 0.321368852459016
33.3833333333327 82 24 0.789967213114754 0.245690163934426
34.3999999999993 82 23 1.32117049180328 0.263995081967213
35.4166666666659 82 22 1.14890655737705 0.238631147540984
39.4833333333324 82 21 2.02671557377049 0.240975409836066
40.499999999999 81 21 0.743070491803279 0.133327868852459
41.5166666666656 81 20 1.31992295081967 0.149936065573771
42.5333333333322 80 21 1.45029508196721 0.202427868852459
46.5999999999986 79 22 1.54729918032787 1.03779221311475
47.6166666666652 79 21 1.07513606557377 0.991768852459016
49.6499999999985 78 22 1.06316639344262 1.75601803278689
50.6666666666651 77 23 1.0414 1.11334426229508
51.6833333333317 76 24 1.21808360655738 1.82568524590164
54.7333333333315 75 25 1.13584262295082 1.44773989071038
55.7499999999981 74 25 1.20606229508197 1.57003114754098
56.7666666666647 74 24 1.21451147540984 1.69544918032787
57.7833333333313 73 24 1.88754918032787 1.89794098360656
59.8166666666646 72 24 0.983072131147541 2.21254180327869
61.8499999999978 72 23 0.695872131147541 2.42381639344262
66.9333333333308 71 24 0.763821967213115 1.93860262295082
67.9499999999974 70 23 1.02871147540984 2.18119344262295
69.9833333333306 70 22 0.55093606557377 2.03635409836066
72.0166666666639 69 23 0.671444262295082 1.8074606557377
74.0499999999971 68 23 0.575346721311476 1.88166967213115
75.0666666666637 67 24 0.733409836065574 1.98511803278689
78.1166666666635 67 23 0.577965573770492 0.0371841530054645
82.18333333333 67 22 0.65250286885246 0.0344491803278689
86.2499999999964 65 23 0.605358606557377 0.0812622950819672
92.349999999996 65 22 0.84803387978142 0.11681693989071
94.3833333333293 64 23 1.27889426229508 0.0831729508196721
98.4499999999957 63 23 1.0626487704918 0.0956745901639344
113.699999999995 62 24 0.884781092896175 0.229070382513661
116.749999999995 61 24 1.16005136612022 0.718741530054645
117.766666666661 60 25 0.360508196721311 0.000172131147540984
123.866666666661 59 25 0.374274316939891 0.0305590163934426
132.933333333331 59 24 0.366972058823529 0.0158115808823529
133.933333333332 58 24 0.377411666666667 0.000155
143.93333333334 57 24 0.417563666666667 0.0146553333333333
144.933333333341 57 23 0.458763333333333 0.0457033333333333
145.933333333342 55 24 0.470091666666667 0.071995
146.933333333342 55 22 0.418595 0.0002
147.933333333343 53 23 0.394458333333333 0.0101533333333333
151.933333333346 53 22 0.482251666666667 0.723166666666667
152.933333333347 53 21 0.481466666666667 0.205285
155.93333333335 52 21 0.383552222222222 0.122678333333333
157.933333333351 52 20 0.360428333333334 0.122909166666667
158.933333333352 51 21 0.410338333333334 0.178045
163.933333333356 50 21 0.391364333333333 0.166584
165.933333333358 50 20 0.382544166666667 0.18567
170.933333333362 50 19 0.351635 0.161120333333333
172.933333333363 50 18 0.349518333333333 0.111841666666667
173.933333333364 49 19 0.382513333333334 0.0920183333333333
175.933333333365 48 19 0.420415833333333 0.207278333333333
182.933333333371 47 20 0.316457142857143 0.0876119047619048
189.933333333377 46 20 0.313515238095238 0.0665430952380952
192.933333333379 45 20 0.395158888888889 0.0242255555555556
194.933333333381 44 20 0.304483333333333 0.000450833333333333
199.933333333385 43 21 0.312162666666666 0.003762
200.933333333385 42 21 0.350725 0.00951166666666667
204.933333333389 40 21 0.342945 0.00917166666666667
206.93333333339 39 21 0.2961925 0.00161916666666667
211.933333333394 39 20 0.304155666666666 0.0112256666666667
213.933333333396 38 20 0.267329166666667 0.0053125
214.933333333397 37 21 0.241025 0.000175
337.266666666689 37 20 0.337944386920979 0.0116545504087193
344.383333333349 36 20 0.379039110070258 0.0244248243559719
346.41666666668 35 21 0.275158196721312 0.0171622950819672
360.650000000001 34 21 0.243551990632318 0.000936416861826698
375.899999999987 33 22 0.281035519125683 0.0127720218579235
456.21666666658 32 23 0.661351566715088 0.0814043369993775
600 32 23 0.262271646271073 0.00308986377280074
