# New log 27/04/2014 01:33:08
1 96 32 1.37473833333333 1.76243
4.04999999999999 94 33 0.740969398907104 0.558084699453552
5.06666666666665 93 32 0.714432786885246 2.7430393442623
9.10000000000003 93 30 0.686757024793388 3.77018388429752
11.1000000000001 91 30 0.661963333333334 3.2203275
12.1000000000002 90 30 0.72822 3.23309166666667
16.1000000000004 87 33 0.62849125 1.531415
17.116666666667 86 32 0.661968852459016 0.123645901639344
18.1333333333336 85 31 0.8398 0.15124262295082
19.1500000000002 85 30 0.623331147540984 0.109539344262295
20.1666666666668 83 31 0.726303278688525 0.635137704918033
24.2333333333332 82 31 0.60112868852459 0.146094262295082
25.2499999999998 81 31 0.516616393442623 0.45144262295082
26.2666666666665 81 30 0.57757868852459 1.95417213114754
27.2833333333331 80 31 0.580126229508197 2.12532786885246
30.3333333333329 80 29 0.597627868852459 0.882492896174863
31.3499999999995 79 30 0.595598360655737 0.31154262295082
34.3999999999993 79 29 0.611569398907104 0.139162841530055
36.4333333333325 77 30 0.60482131147541 0.0474204918032787
37.4499999999992 77 29 0.651749180327869 0.026072131147541
44.5666666666654 76 29 0.591083606557377 0.930201639344262
47.6166666666652 76 28 0.566673224043716 1.0789825136612
49.6499999999985 76 27 0.56682868852459 0.0343147540983607
52.6999999999983 75 27 0.633335519125683 0.823651912568306
53.7166666666649 74 28 0.61168524590164 0.981850819672131
54.7333333333315 74 27 0.542332786885246 1.16060327868852
56.7666666666647 74 26 0.512538524590164 1.22610327868852
57.7833333333313 73 25 0.618222950819672 0.0307327868852459
58.7999999999979 72 25 0.514360655737705 0.0258360655737705
60.8333333333312 71 26 0.569604098360656 0.0956008196721312
61.8499999999978 71 25 0.588404918032787 0.0146
67.9499999999974 70 26 0.5439543715847 0.033916393442623
68.966666666664 70 25 0.5342 0.0554491803278689
69.9833333333306 69 26 0.586362295081967 0.016572131147541
70.9999999999973 69 25 0.532388524590164 0.0995114754098361
72.0166666666639 69 24 0.534037704918033 0.00260819672131148
74.0499999999971 67 26 0.545722131147541 0.0306401639344262
75.0666666666637 66 27 0.524965573770492 0.00388524590163934
76.0833333333303 65 27 0.548216393442623 0.0122360655737705
77.0999999999969 65 26 0.535713114754098 0.0114622950819672
79.1333333333301 65 25 0.549906557377049 0.00660901639344262
80.1499999999967 63 26 0.565627868852459 0.0151475409836066
86.2499999999964 63 24 0.505174590163935 0.113005737704918
89.2999999999962 62 25 0.731528961748634 0.389519672131148
100.483333333329 62 24 0.624518181818181 0.35579955290611
101.499999999996 62 23 0.629290163934426 0.385890163934426
103.533333333329 62 22 0.516249180327869 0.395790163934426
104.549999999995 61 23 0.454581967213115 0.384573770491803
105.566666666662 59 24 0.505295081967213 0.386990163934426
107.599999999995 57 24 0.474740163934426 0.352564754098361
109.633333333328 56 25 0.482790163934426 0.359879508196721
114.716666666661 55 25 0.455590491803278 0.120334098360656
115.733333333328 55 24 0.410750819672131 0.360068852459016
116.749999999995 55 23 0.430762295081967 0.443772131147541
121.833333333328 54 24 0.447135409836066 0.385713442622951
122.849999999994 53 25 0.423554098360656 0.358406557377049
123.866666666661 52 25 0.378459016393443 0.111265573770492
124.883333333328 52 24 0.38017868852459 0.0231081967213115
125.899999999994 51 25 0.36892131147541 0.134388524590164
126.916666666661 51 24 0.383113114754098 0.295650819672131
129.933333333329 49 24 0.454009392265194 0.521946961325967
131.93333333333 48 24 0.446083333333333 0.486226666666667
132.933333333331 46 26 0.373923333333333 0.36455
134.933333333333 44 27 0.398076666666667 0.0278183333333333
135.933333333334 43 28 0.33901 0.00752166666666667
136.933333333334 42 29 0.378323333333333 0.0648033333333333
137.933333333335 41 29 0.326863333333333 0.0284566666666667
145.933333333342 40 30 0.321191666666667 0.0970920833333333
147.933333333343 39 31 0.321173333333334 0.04537
148.933333333344 38 32 0.303948333333333 0.00841333333333333
154.933333333349 38 31 0.324526666666667 0.0182105555555556
155.93333333335 36 31 0.308921666666667 0.00631333333333333
157.933333333351 35 32 0.259336666666667 0.0105125
158.933333333352 33 33 0.225455 0.00429166666666667
159.933333333353 33 32 0.245943333333333 0.02573
163.933333333356 31 33 0.24799375 0.0136345833333333
168.93333333336 30 33 0.206188333333333 0.00661933333333333
170.933333333362 30 32 0.197470833333333 0.131255833333333
173.933333333364 29 33 0.206565 0.106280555555556
177.933333333367 29 32 0.214919583333333 0.0008825
180.933333333369 29 31 0.217924444444444 0.000698333333333333
182.933333333371 28 32 0.212363333333333 0.0001225
186.933333333374 27 33 0.195874166666667 0.00100666666666667
187.933333333375 27 32 0.20109 0.000185
189.933333333377 26 32 0.195 0.0001225
190.933333333377 25 33 0.195763333333333 0.00016
198.933333333384 24 33 0.187746875 0.0135125
199.933333333385 24 32 0.148006666666667 0.000165
200.933333333385 24 31 0.146365 0.00014
204.933333333389 23 32 0.1475275 0.000161666666666667
205.933333333389 23 31 0.155605 0.00013
206.93333333339 23 30 0.141066666666667 0.00018
207.933333333391 23 28 0.15189 0.00251166666666667
209.933333333393 23 27 0.173625 0.006255
212.933333333395 23 26 0.176103333333333 0.00489388888888889
214.933333333397 22 26 0.164390833333333 0.0001575
216.933333333398 21 26 0.169676666666667 0.00609
219.933333333401 20 27 0.161372222222222 0.00889055555555556
221.933333333402 20 26 0.1597275 0.0349466666666667
222.933333333403 19 26 0.1588 0.000115
229.933333333408 18 27 0.151083571428571 0.019757619047619
236.933333333414 17 28 0.17399380952381 0.0456269047619048
239.933333333416 16 28 0.199473888888889 0.00777722222222222
247.933333333423 15 28 0.132471041666667 0.022475
255.933333333429 14 29 0.138663333333333 0.0379333333333333
256.950000000095 13 29 0.0945573770491803 0.00265737704918033
264.066666666755 13 28 0.10190281030445 0.00994730679156909
269.150000000084 12 29 0.098503606557377 0.000161639344262295
271.183333333415 11 29 0.0823991803278688 0.000154918032786885
276.266666666744 10 29 0.101278032786885 0.000729836065573771
284.40000000007 8 30 0.0806793032786885 0.00627336065573771
285.416666666736 7 30 0.0497475409836066 0.000167213114754098
294.566666666727 6 31 0.0481786885245902 0.000174134790528233
296.600000000059 5 32 0.0365475409836066 0.000184426229508197
327.100000000031 4 33 0.0415937704918033 0.00681284153005465
354.550000000006 3 34 0.033703825136612 0.0205235579842137
372.84999999999 3 33 0.025457285974499 0.000154735883424408
377.933333333318 2 33 0.0215485245901639 0.000169508196721311
600 2 33 0.0125833221049479 0.000161097387529007
