# New log 27/04/2014 01:33:37
1 96 32 2.952315 1.31516166666667
4.04999999999999 96 31 1.95150710382514 1.11521147540984
5.06666666666665 96 27 2.62351147540984 1.15802786885246
7.09999999999998 96 26 2.60655983606557 1.0898393442623
8.09999999999998 96 25 2.03769333333333 0.839083333333333
9.10000000000003 96 23 2.09658833333333 0.740931666666667
10.1000000000001 95 22 2.23192333333333 0.570066666666667
12.1000000000002 93 22 2.41197666666667 0.738905833333333
13.1000000000002 91 23 2.30832666666667 0.627043333333333
15.1000000000003 91 22 1.9821575 0.474825833333333
16.1000000000004 90 21 2.123125 0.363938333333333
17.116666666667 90 20 1.5786 0.358101639344262
21.1833333333334 89 21 1.30312172131147 0.386202868852459
22.2 88 21 1.21733278688525 0.395750819672131
30.3333333333329 88 20 1.43054282786885 0.353381762295082
31.3499999999995 88 19 1.31728032786885 0.464252459016393
33.3833333333327 87 18 1.25990901639344 0.472390983606557
34.3999999999993 86 19 1.32134918032787 0.508906557377049
35.4166666666659 85 19 1.42066885245902 0.747493442622951
37.4499999999992 85 18 1.59784754098361 1.02574672131148
39.4833333333324 84 17 1.19908360655738 0.292531967213115
40.499999999999 83 18 1.17382131147541 0.160290163934426
41.5166666666656 83 17 1.52782786885246 0.279862295081967
42.5333333333322 83 16 0.991149180327869 0.0562540983606557
48.6333333333319 83 15 1.312543715847 0.55799043715847
57.7833333333313 83 13 1.17655027322404 0.342000364298725
61.8499999999978 82 13 1.16840163934426 0.314683606557377
65.9166666666642 82 12 1.12302909836066 0.343630737704918
72.0166666666639 81 13 1.11079480874317 1.69141092896175
73.0333333333305 81 12 1.04970491803279 1.27104098360656
77.0999999999969 80 13 1.32211434426229 0.696695081967213
79.1333333333301 79 14 1.31210409836066 0.564290163934426
84.2166666666632 79 13 1.53846131147541 0.619206229508197
87.266666666663 78 14 1.00871147540984 0.0381475409836066
88.2833333333296 77 15 1.19923442622951 0.34092131147541
89.2999999999962 76 15 0.960975409836065 0.0211196721311475
90.3166666666628 76 14 0.962593442622951 0.0729606557377049
91.3333333333294 76 13 0.948344262295082 0.0715049180327869
92.349999999996 76 12 0.860319672131148 0.000152459016393443
102.516666666662 75 12 0.949160327868851 0.161443278688525
105.566666666662 74 13 1.07079508196721 0.364766666666667
109.633333333328 74 12 1.09083237704918 0.318455737704918
116.749999999995 74 11 1.2029018735363 0.187625058548009
123.866666666661 74 10 1.00947868852459 0.0882838407494145
129.933333333329 73 10 1.17573021978022 0.0977629120879121
130.93333333333 72 10 0.93042 0.328781666666667
143.93333333334 71 10 1.14580243589743 0.605289871794872
145.933333333342 71 9 1.5726275 0.6060375
149.933333333345 70 9 1.06389041666667 0.522144583333333
153.933333333348 70 8 0.950442499999999 0.421295833333333
160.933333333354 70 7 1.0151819047619 0.425237380952381
162.933333333355 69 7 0.948875833333334 0.453300833333333
185.933333333373 68 8 0.896091231884059 0.226703623188406
196.933333333382 67 9 0.913982878787878 0.180150606060606
210.933333333393 67 8 0.926786785714285 0.199478452380952
216.933333333398 67 6 0.878878611111111 0.296977777777778
218.9333333334 67 5 0.93163 0.217636666666667
235.933333333413 67 4 1.04204470588235 0.369906176470588
280.333333333407 66 5 0.870475225225224 0.0726749624624625
290.500000000064 65 6 0.832558032786885 0.0260837704918033
309.816666666714 65 5 0.804620017256257 0.0371421915444349
310.833333333379 64 5 0.830890163934427 0.0316213114754098
319.983333333371 63 6 0.814344262295082 0.052740072859745
374.883333333321 63 5 0.833450880388585 0.0525189131754705
427.74999999994 63 4 0.856435056746531 0.223915447667087
432.833333333268 62 5 0.922986885245902 0.322674754098361
454.183333333249 61 4 0.991389539422326 0.429708587041374
470.449999999901 60 5 0.948597233606558 0.434638012295082
600 60 5 0.924740522540983 0.103650755635246
