# New log 27/04/2014 01:31:31
1 96 32 4.06645166666666 3.35668833333333
3.03333333333333 96 31 2.10126803278688 1.87016475409836
4.04999999999999 96 29 2.26967213114754 1.43474426229508
5.06666666666665 95 29 2.44169344262295 1.01526721311475
6.08333333333332 95 27 2.30174590163934 1.27169180327869
7.09999999999998 93 26 2.19851475409836 0.987660655737705
8.09999999999998 92 24 1.90810833333333 0.552185
9.10000000000003 91 25 1.64834666666667 0.553738333333333
10.1000000000001 90 25 1.537355 0.442133333333333
13.1000000000002 90 24 1.63890944444445 0.474245555555556
14.1000000000003 89 23 1.40904833333333 0.379413333333333
16.1000000000004 88 23 2.33082166666667 0.480395
20.1666666666668 88 22 1.77561762295082 0.397468852459016
21.1833333333334 87 22 1.56121967213115 0.360606557377049
23.2166666666666 87 21 2.39853524590164 0.93185
24.2333333333332 86 19 2.70050655737705 1.17120819672131
26.2666666666665 84 21 2.50403442622951 1.08950901639344
29.3166666666663 83 22 1.38635628415301 0.404190163934426
33.3833333333327 81 24 1.32088155737705 0.546013524590164
34.3999999999993 80 24 1.24011639344262 0.35953606557377
35.4166666666659 78 24 1.85077213114754 0.304303278688525
36.4333333333325 78 23 2.37386393442623 0.401501639344262
37.4499999999992 76 23 1.42055081967213 0.301347540983607
38.4666666666658 76 22 1.25447213114754 0.0885311475409836
39.4833333333324 75 20 1.31170163934426 0.941039344262295
40.499999999999 74 21 1.65999508196721 1.4413737704918
41.5166666666656 73 22 1.17464426229508 1.29244754098361
42.5333333333322 72 22 1.08366721311475 1.31908196721311
44.5666666666654 69 25 1.57015737704918 2.06488852459016
45.583333333332 68 26 0.959524590163935 2.32304590163934
46.5999999999986 67 27 1.09694262295082 1.99669508196721
54.7333333333315 66 28 1.09648831967213 1.94308360655738
60.8333333333312 65 29 1.05774617486339 1.75410355191257
66.9333333333308 64 30 1.22032267759563 1.82755191256831
68.966666666664 63 31 0.945690163934426 1.1048
70.9999999999973 62 31 0.956616393442623 0.98515
83.1999999999966 62 30 1.56725546448087 1.26348469945355
86.2499999999964 61 29 1.32143497267759 1.41146830601093
90.3166666666628 60 30 3.07548975409836 1.13522213114754
92.349999999996 59 31 1.40672295081967 0.357001639344262
101.499999999996 57 32 1.20719362477231 0.605738069216758
108.616666666662 56 32 1.18936768149883 0.529948477751756
113.699999999995 55 33 0.970463278688525 0.513969180327869
117.766666666661 54 33 0.846808196721311 0.261119262295082
121.833333333328 54 32 0.897307786885246 0.269927459016393
125.899999999994 53 33 1.40200286885246 0.586576639344262
127.933333333327 52 34 1.34034344262295 0.567486885245902
128.933333333328 51 35 0.832796666666667 0.520181666666667
129.933333333329 50 36 0.66207 0.788345
130.93333333333 49 37 0.784868333333333 0.436921666666667
133.933333333332 48 37 0.828553333333333 0.475791666666667
142.933333333339 48 36 0.621634444444445 0.481495185185185
151.933333333346 47 37 0.659084814814816 0.451311296296296
158.933333333352 46 37 0.655923571428571 0.568055238095238
159.933333333353 46 36 0.632285 0.382191666666667
160.933333333354 45 35 0.614413333333333 0.479738333333333
163.933333333356 45 34 0.624832777777778 0.0282705555555556
165.933333333358 44 35 0.6161875 0.01285
167.933333333359 43 36 0.578475 0.204533333333333
168.93333333336 43 35 0.56413 0.0022
172.933333333363 43 34 0.604035833333333 0.0262079166666667
175.933333333365 43 33 0.607568333333333 0.0135544444444444
189.933333333377 43 32 1.07367154761905 0.156490595238095
190.933333333377 43 31 0.602303333333333 0.101836666666667
191.933333333378 42 32 0.551361666666667 0.308601666666667
197.933333333383 41 33 0.57354 0.119929166666667
199.933333333385 40 34 0.554239166666667 0.0001775
200.933333333385 39 33 0.500803333333333 0.005425
201.933333333386 39 32 0.504618333333333 0.197641666666667
204.933333333389 38 32 0.452597222222222 0.004675
220.933333333401 37 32 0.426736041666667 0.113701979166667
227.933333333407 37 31 0.472802142857143 0.00871976190476191
231.93333333341 36 32 0.509272083333333 0.111415833333333
232.933333333411 36 31 0.473885 0.619851666666667
239.933333333416 35 32 0.419794523809524 0.316388333333333
247.933333333423 35 31 0.497224375000001 0.0193854166666667
249.933333333424 34 32 0.446164166666667 0.168949166666667
251.933333333426 32 34 0.422249166666667 0.0493891666666667
267.116666666752 32 33 0.422008342480791 0.130305159165752
272.200000000081 31 34 0.45060393442623 0.0136095081967213
289.483333333399 30 34 0.453254098360656 0.125351494696239
296.600000000059 29 35 0.432717564402811 0.197334192037471
306.766666666716 28 36 0.422140327868852 0.0266109836065574
322.016666666702 28 35 0.403991038251366 0.00268251366120219
346.41666666668 27 36 0.406166393442623 0.00324508196721311
347.433333333346 27 35 0.441011475409836 0.000157377049180328
348.450000000012 26 36 0.421137704918033 0.00508524590163935
349.466666666678 25 36 0.370583606557377 0.000147540983606557
351.500000000009 24 37 0.395999180327869 0.00255983606557377
352.516666666675 23 38 0.384931147540984 0.00020655737704918
353.53333333334 23 37 0.333481967213115 0.0460786885245902
355.566666666672 22 38 0.308118032786885 0.00253770491803279
358.616666666669 21 38 0.377738797814208 0.0228224043715847
360.650000000001 20 39 0.264323770491803 0.00679426229508197
364.716666666664 19 39 0.259791393442623 0.0105516393442623
366.749999999995 18 40 0.226069672131148 0.000167213114754098
372.84999999999 17 41 0.22231174863388 0.000150273224043716
375.899999999987 16 42 0.192418579234973 0.000139344262295082
377.933333333318 15 43 0.181700819672131 0.000184426229508197
378.949999999984 14 44 0.168995081967213 0.000191803278688525
379.96666666665 11 47 0.127308196721312 0.000113114754098361
391.149999999973 10 48 0.108404023845008 0.000155588673621461
600 10 48 0.110971900366065 0.000160997930924717
