# New log 27/04/2014 01:32:26
1 96 32 1.87927333333333 0.930901666666667
5.06666666666665 94 30 1.92245737704918 1.24957254098361
6.08333333333332 93 30 3.62613606557377 0.893672131147541
7.09999999999998 92 30 3.77909836065574 1.1805393442623
8.09999999999998 92 29 2.27433 0.748795
9.10000000000003 92 27 1.66349833333333 0.879471666666667
10.1000000000001 91 28 1.73558666666667 1.030915
11.1000000000001 90 27 1.72190333333333 1.18342666666667
12.1000000000002 90 26 1.43175833333333 0.946823333333333
13.1000000000002 89 25 1.43444333333333 0.703226666666667
14.1000000000003 88 24 1.51913 0.904726666666667
15.1000000000003 87 24 2.69659666666667 0.83409
16.1000000000004 86 25 2.21124833333333 0.804276666666667
17.116666666667 86 24 1.49006721311475 0.643852459016393
19.1500000000002 84 26 1.32024836065574 0.29905
20.1666666666668 84 23 2.23776885245902 0.510760655737705
22.2 81 22 2.44135327868853 0.529894262295082
23.2166666666666 79 22 2.55233770491803 0.833022950819672
24.2333333333332 78 22 2.67944590163934 0.519875409836066
25.2499999999998 77 23 1.58698852459016 0.768931147540984
28.2999999999997 75 24 1.98189781420765 0.666090710382514
32.3666666666661 74 24 1.14300819672131 0.427625819672131
33.3833333333327 73 23 1.31255573770492 0.354514754098361
35.4166666666659 72 24 1.03710819672131 0.379564754098361
46.5999999999986 72 23 1.04377764530551 0.591846497764531
50.6666666666651 72 22 1.67978729508197 0.761211885245902
53.7166666666649 71 23 0.84508306010929 0.798991256830601
54.7333333333315 71 22 1.35800163934426 1.17644098360656
55.7499999999981 70 23 1.14789836065574 1.36544262295082
56.7666666666647 69 23 0.755293442622951 1.39869180327869
57.7833333333313 69 22 0.654111475409836 1.37079016393443
58.7999999999979 68 23 0.957054098360656 1.33445737704918
60.8333333333312 67 24 1.22205409836066 1.09830081967213
62.8666666666644 66 25 1.0702762295082 1.0537237704918
63.883333333331 66 24 0.58794262295082 0.343919672131148
66.9333333333308 65 25 0.742698907103825 0.372379234972678
68.966666666664 63 26 0.601466393442623 0.256514754098361
70.9999999999973 62 26 0.629448360655738 0.456254918032787
77.0999999999969 61 27 0.80785218579235 0.332702732240437
78.1166666666635 60 27 0.74282131147541 0.321383606557377
79.1333333333301 59 27 0.894260655737705 0.305422950819672
80.1499999999967 58 27 0.812867213114754 0.179659016393443
81.1666666666633 57 27 1.03503442622951 0.216681967213115
82.18333333333 55 26 1.01276721311475 0.258598360655738
83.1999999999966 54 26 1.33018196721311 0.260216393442623
84.2166666666632 54 25 1.32059016393443 0.292672131147541
86.2499999999964 54 24 2.65696721311476 0.302322131147541
87.266666666663 53 25 6.48496229508197 0.534781967213115
89.2999999999962 52 24 4.86791393442623 0.69670737704918
91.3333333333294 51 23 0.425484426229508 0.200346721311475
92.349999999996 50 23 0.430270491803279 0.00439344262295082
93.3666666666627 49 23 0.911724590163934 0.35372131147541
94.3833333333293 49 22 1.70245245901639 0.736893442622951
99.4666666666623 48 22 3.00303639344262 1.14482327868852
102.516666666662 47 22 2.31821475409836 1.97540491803279
103.533333333329 46 22 0.606598360655738 0.0941655737704918
104.549999999995 45 23 0.584016393442623 0.114408196721311
107.599999999995 44 23 0.595646994535519 0.207338797814208
110.649999999995 44 22 0.300862841530055 0.140581420765027
114.716666666661 43 23 0.316064754098361 0.20774262295082
115.733333333328 43 22 0.314608196721312 0.0344327868852459
120.816666666661 42 23 0.387213770491803 0.186548524590164
128.933333333328 42 22 0.304800410677618 0.157667351129363
131.93333333333 40 22 0.404570555555555 0.334914444444444
136.933333333334 40 21 0.269044666666667 0.0917673333333333
142.933333333339 40 20 0.289671944444445 0.119695
143.93333333334 39 20 0.316426666666667 0.576315
144.933333333341 38 21 0.31718 0.20896
145.933333333342 38 20 0.252765 0.101045
148.933333333344 37 21 0.311903333333333 0.213738333333333
149.933333333345 36 21 0.293045 0.101756666666667
160.933333333354 35 22 0.285872424242424 0.223769545454545
162.933333333355 34 23 0.235251666666667 0.166240833333333
169.933333333361 33 23 0.264412142857143 0.0965128571428572
171.933333333362 33 22 0.2788875 0.127045833333333
176.933333333366 32 23 0.199563 0.103092333333333
180.933333333369 31 24 0.18835125 0.0771116666666667
184.933333333373 30 25 0.183972916666667 0.000166666666666667
189.933333333377 29 25 0.181655 0.0621146666666667
193.93333333338 28 26 0.185205833333333 0.15008125
200.933333333385 28 25 0.394701428571429 0.0276916666666667
212.933333333395 27 26 0.176265416666667 0.0834331944444444
214.933333333397 27 25 0.338955 0.476771666666667
218.9333333334 26 26 0.629437083333333 0.268642083333333
221.933333333402 25 27 0.598516666666666 0.0783372222222222
222.933333333403 24 27 0.209488333333333 0.00441166666666667
223.933333333404 22 28 0.136513333333333 0.000195
224.933333333404 21 29 0.118805 0.000185
225.933333333405 21 28 0.117401666666667 0.000185
234.933333333412 20 28 0.108666666666667 0.00454537037037037
539.583333333171 19 29 0.101142825099839 0.000326850484162153
563.983333333149 18 29 0.101195901639344 0.0438201502732241
600 18 29 0.095507103825137 0.000168761384335155
