# New log 27/04/2014 01:30:39
1 96 32 1.39793 3.518
3.03333333333333 95 32 1.00774590163934 0.511150819672131
4.04999999999999 94 29 1.63466065573771 0.939870491803279
5.06666666666665 94 27 0.73855737704918 0.909609836065574
6.08333333333332 93 26 0.819227868852459 0.296888524590164
7.09999999999998 92 27 0.933940983606558 0.326208196721312
8.09999999999998 91 28 0.859131666666666 0.458555
9.10000000000003 90 28 0.852683333333333 0.861445
13.1000000000002 90 27 0.969384166666666 0.430431666666667
15.1000000000003 90 25 1.12156833333333 0.09491
16.1000000000004 90 24 1.59407333333333 0.212996666666667
21.1833333333334 90 23 0.701275081967213 0.40849737704918
22.2 90 22 0.698940983606558 0.873868852459016
25.2499999999998 90 21 0.618991256830601 0.195603278688525
26.2666666666665 90 19 1.05854426229508 0.376409836065574
28.2999999999997 88 19 1.93396639344262 2.00680655737705
29.3166666666663 88 18 1.14133278688525 4.83823606557377
32.3666666666661 87 18 0.976405464480875 0.323107103825137
33.3833333333327 86 19 0.639049180327869 0.123493442622951
37.4499999999992 86 18 0.675649590163935 0.190537295081967
41.5166666666656 86 17 0.880671721311476 0.420525409836066
44.5666666666654 83 19 0.839184699453552 0.212973770491803
52.6999999999983 83 18 0.757884221311475 0.793792827868853
57.7833333333313 82 18 0.574763278688525 0.761542295081967
59.8166666666646 81 19 0.538624590163935 0.408732786885246
60.8333333333312 81 18 0.560301639344262 0.237980327868852
62.8666666666644 81 16 0.599518032786885 0.436098360655738
63.883333333331 81 15 0.704119672131148 0.249675409836066
64.8999999999976 81 14 0.814977049180328 0.130132786885246
68.966666666664 81 13 0.667290983606558 0.160700819672131
75.0666666666637 80 14 0.558603825136612 0.171974316939891
78.1166666666635 79 15 0.529968306010929 0.0510868852459016
80.1499999999967 78 16 0.686968852459017 0.0488901639344262
89.2999999999962 76 18 0.580588160291439 0.575569398907104
96.4166666666625 75 18 0.555625761124122 1.21794590163934
97.4333333333291 73 20 1.02554262295082 0.0701836065573771
109.633333333328 72 20 0.50244699453552 4.76571325136612
116.749999999995 71 21 0.472194847775176 0.120437236533958
117.766666666661 69 23 0.41326393442623 0.220890163934426
119.799999999994 66 24 0.456745901639344 0.0322106557377049
120.816666666661 65 25 0.395818032786885 0.127680327868852
124.883333333328 64 26 0.380720491803279 0.15510368852459
133.933333333332 63 25 0.441069060773481 0.963545672191529
135.933333333334 62 26 0.524175833333333 0.039545
136.933333333334 61 27 0.49957 0.207691666666667
138.933333333336 60 28 0.3989475 0.35492
139.933333333337 59 29 0.440695 0.381746666666667
141.933333333338 58 29 0.35527 0.09316
142.933333333339 56 30 0.353883333333333 0.1625
145.933333333342 55 31 0.394369444444445 0.146312777777778
159.933333333353 55 30 0.368758333333333 0.101419166666667
162.933333333355 54 31 0.353537222222222 0.000166666666666667
164.933333333357 53 32 0.343536666666667 0.0001325
171.933333333362 52 32 0.344625238095238 0.0185585714285714
177.933333333367 52 31 0.348123888888888 0.128673888888889
180.933333333369 51 31 0.323742777777778 0.136258333333333
185.933333333373 51 30 0.325297333333333 0.361629666666667
188.933333333376 51 29 0.332820555555556 0.331777222222222
189.933333333377 51 28 0.487866666666667 0.366556666666667
190.933333333377 50 29 0.922623333333333 0.371751666666667
195.933333333381 50 28 0.614191666666667 0.115764333333333
198.933333333384 49 29 0.346551666666667 0.00316555555555556
199.933333333385 48 29 0.363921666666667 0.00334833333333333
200.933333333385 47 29 0.356356666666667 0.00284166666666667
201.933333333386 46 29 0.346056666666667 0.286853333333333
202.933333333387 45 30 0.326003333333333 0.262998333333333
203.933333333388 44 30 0.300621666666667 0.295163333333333
205.933333333389 43 31 0.363239166666667 0.26582
210.933333333393 42 32 0.308503 0.220608333333333
211.933333333394 41 33 0.282883333333333 0.0690716666666667
221.933333333402 40 34 0.276204833333333 0.179539666666667
230.933333333409 40 33 0.274989074074074 0.800490555555556
234.933333333412 39 33 0.298644583333333 0.509319583333333
261.016666666758 38 34 0.296760447284345 0.484848498402556
275.250000000078 37 35 0.281343793911007 0.532581850117096
280.333333333407 36 35 0.278244262295082 0.486205573770492
285.416666666736 35 36 0.272775737704918 0.480397049180328
293.550000000062 35 35 0.259038729508197 0.484335040983607
296.600000000059 35 34 0.263541530054645 0.483636065573771
297.616666666725 34 34 0.265624590163934 0.473303278688525
306.766666666716 34 33 0.256213843351548 0.511059380692168
312.866666666711 33 34 0.237427595628415 0.472671038251366
313.883333333377 33 33 0.23146393442623 0.465381967213115
324.050000000034 32 33 0.23007 0.489250327868852
326.083333333365 31 34 0.225264754098361 0.47132868852459
329.133333333363 30 34 0.212151366120219 0.479731147540984
362.683333333332 30 33 0.211931644311972 0.480284600099354
365.733333333329 30 32 0.21177868852459 0.485686338797814
371.833333333324 30 31 0.212530054644809 0.483271038251366
377.933333333318 29 32 0.222324043715847 0.575863114754098
386.066666666644 29 31 0.201181762295082 0.996693237704918
389.116666666641 28 31 0.201673770491803 1.09137923497268
401.31666666663 26 32 0.208099590163935 0.551690846994536
405.383333333293 25 33 0.213001639344262 0.481864344262295
420.633333333279 25 32 0.186269945355191 0.324223169398907
452.149999999917 24 32 0.181274616604971 0.0633
460.283333333243 23 33 0.169658401639344 0.000159631147540984
534.499999999843 22 33 0.170613204581182 0.025798181001572
563.983333333149 21 34 0.169410627473148 0.160754041831543
600 21 34 0.161215619307832 0.00620446265938069
