# New log 27/04/2014 02:42:50
1 96 32 3.61108833333333 1.53919666666667
3.03333333333333 96 30 2.40457049180328 1.30341721311475
4.04999999999999 95 28 2.40150327868852 1.46351475409836
5.06666666666665 94 23 2.35574754098361 1.07696229508197
7.09999999999998 94 22 2.79565737704918 0.927820491803279
10.1000000000001 94 19 3.649155 1.18255444444444
11.1000000000001 92 20 4.31274833333333 1.37499666666667
12.1000000000002 90 19 3.42232833333333 0.843671666666667
15.1000000000003 90 18 3.233565 0.449379444444444
18.1333333333336 89 17 4.9633978021978 0.545335164835165
19.1500000000002 88 17 2.38379836065574 0.303927868852459
21.1833333333334 88 15 3.0383 0.524174590163934
25.2499999999998 86 16 3.4120881147541 0.451834426229508
27.2833333333331 86 15 3.09288770491803 0.336499180327869
28.2999999999997 86 14 3.04077049180328 0.361652459016393
30.3333333333329 86 13 1.62333278688525 0.288997540983607
31.3499999999995 84 13 1.83987704918033 0.524940983606557
35.4166666666659 82 15 2.45393196721312 1.98240450819672
37.4499999999992 81 15 2.28488278688525 2.26902131147541
39.4833333333324 81 14 1.57624016393443 0.904275409836066
40.499999999999 80 15 1.28303770491803 0.81507868852459
45.583333333332 79 16 1.57846950819672 0.497850163934426
48.6333333333319 78 17 1.29697158469945 0.664660655737705
52.6999999999983 77 18 1.90571803278689 1.23651762295082
57.7833333333313 76 18 2.99608295081967 1.25171278688525
61.8499999999978 75 18 3.97918278688524 1.35673401639344
69.9833333333306 75 17 1.62804795081967 0.832369467213115
73.0333333333305 75 16 1.10728907103825 0.693187978142077
78.1166666666635 75 15 1.12037180327869 1.17669901639344
83.1999999999966 75 14 1.58417704918033 1.92412262295082
87.266666666663 73 15 1.46515245901639 1.91996680327869
94.3833333333293 73 14 1.90420608899297 1.21271053864169
96.4166666666625 73 12 2.26794754098361 1.12180163934426
97.4333333333291 73 11 2.35190655737705 1.2300262295082
99.4666666666623 72 11 2.28115983606557 0.813073770491803
101.499999999996 71 12 2.07298606557377 0.685019672131148
102.516666666662 70 13 0.947059016393443 0.689265573770492
103.533333333329 70 12 0.931254098360656 0.712014754098361
122.849999999994 69 12 1.67704374460742 0.64872131147541
129.933333333329 68 12 2.16835058823529 0.256646352941176
133.933333333332 68 11 0.909758333333334 0.255933333333333
136.933333333334 68 10 1.56093111111111 0.453399444444444
171.933333333362 67 11 1.26423342857143 0.399991666666667
178.933333333368 66 12 2.16284928571429 0.482917619047619
199.933333333385 65 13 1.22667317460318 0.368415793650794
211.933333333394 65 12 1.18054208333333 0.307776111111111
221.933333333402 64 13 1.16851066666667 0.3245755
255.933333333429 63 13 1.16567220588236 0.237463333333333
258.983333333426 62 14 1.13759672131148 0.186889071038251
263.050000000089 61 15 1.10986270491803 0.190960245901639
278.300000000076 60 16 0.928186229508195 0.135882076502732
284.40000000007 59 16 0.798800273224044 0.0103234972677596
314.900000000042 58 16 0.712555081967213 0.0340581420765027
317.950000000039 57 17 0.742429508196721 0.0219786885245902
321.000000000037 55 19 0.722051912568306 0.0253573770491803
326.083333333365 54 20 0.649040983606557 0.0234160655737705
331.166666666694 53 21 0.613495409836065 0.000176393442622951
336.250000000023 52 21 0.636676393442623 0.00737475409836066
341.333333333352 51 21 0.634648196721312 0.00877475409836066
348.450000000012 51 20 0.634536299765809 0.00567072599531616
349.466666666678 50 20 0.673991803278689 0.00670655737704918
350.483333333343 49 21 0.655886885245902 0.0487065573770492
362.683333333332 47 22 0.683574453551912 0.00714631147540984
376.916666666653 47 21 0.579531381733022 0.0135271662763466
378.949999999984 47 20 0.601391803278688 0.0662450819672131
394.19999999997 47 19 0.623556612021858 0.0521535519125683
406.399999999959 47 18 0.642806967213115 0.239945765027322
416.566666666616 47 17 1.39479983606557 0.545202295081967
418.599999999948 46 18 2.08004098360656 0.587325409836066
447.066666666589 46 17 1.03870837236534 0.532444672131148
510.099999999865 46 16 0.808166076150186 0.244639053410894
512.133333333196 45 16 0.662322950819672 0.0394295081967213
586.349999999795 45 15 0.946042039074782 0.123346350774759
600 45 15 0.607265222482435 0.0101519906323185
