# New log 27/04/2014 02:44:16
1 96 32 1.96369333333333 0.364475
4.04999999999999 96 30 1.37235355191257 0.677519672131148
5.06666666666665 94 29 1.46295901639344 0.604754098360656
6.08333333333332 94 24 1.00834426229508 0.300873770491803
7.09999999999998 94 23 1.03308852459016 0.370224590163934
8.09999999999998 93 23 1.25817333333333 0.485645
11.1000000000001 91 24 1.33707611111111 0.383804444444444
12.1000000000002 90 24 1.06948666666667 0.452618333333333
13.1000000000002 89 25 1.78590333333333 0.296095
14.1000000000003 86 27 2.16621833333333 0.48922
16.1000000000004 85 28 1.43345666666667 0.393706666666667
18.1333333333336 83 29 2.51299590163934 0.344319672131148
19.1500000000002 81 29 1.06035737704918 0.267891803278689
20.1666666666668 80 30 1.01351803278689 0.33512131147541
21.1833333333334 80 29 1.26625081967213 0.312455737704918
23.2166666666666 79 29 1.12999836065574 0.380803278688525
24.2333333333332 79 28 1.03637540983607 0.414468852459016
26.2666666666665 77 30 1.61670573770492 0.229975409836066
29.3166666666663 76 31 1.17609234972678 0.316093442622951
31.3499999999995 75 31 1.47484754098361 0.558556557377049
34.3999999999993 75 30 2.35348633879781 1.03317158469945
36.4333333333325 73 29 5.74322704918033 1.10312786885246
37.4499999999992 71 29 2.48764754098361 0.737708196721311
40.499999999999 71 28 2.73979781420765 0.831234972677596
41.5166666666656 71 26 4.0808262295082 0.589162295081967
43.5499999999988 71 25 4.2461 1.40469098360656
45.583333333332 70 26 4.17333524590164 1.94982131147541
46.5999999999986 69 27 3.10159672131148 1.35896721311475
47.6166666666652 68 28 2.84892131147541 1.41031803278689
49.6499999999985 67 28 1.13960491803279 2.86235409836066
51.6833333333317 67 27 0.70366475409836 0.183255737704918
54.7333333333315 66 28 0.704748633879781 0.165381967213115
57.7833333333313 64 28 0.74039781420765 0.300721857923497
59.8166666666646 63 28 0.903701639344263 0.142688524590164
61.8499999999978 63 27 0.591931967213115 0.0937311475409836
64.8999999999976 63 26 1.74337486338798 0.15413606557377
66.9333333333308 62 27 0.876026229508197 0.132704918032787
67.9499999999974 61 28 1.1836 0.176931147540984
68.966666666664 59 28 0.713152459016394 0.0995114754098361
69.9833333333306 57 29 0.526213114754098 0.109247540983607
73.0333333333305 56 30 0.818451366120219 0.134414207650273
79.1333333333301 55 31 1.77500409836066 0.194753278688525
81.1666666666633 54 31 2.74543524590164 0.329882786885246
82.18333333333 53 31 3.10197049180328 0.367437704918033
90.3166666666628 52 31 1.41316844262295 0.388095286885246
97.4333333333291 52 30 0.419688524590164 0.28664355971897
98.4499999999957 51 31 0.42987868852459 0.584155737704918
100.483333333329 50 30 0.435851639344262 0.701277049180328
105.566666666662 50 29 0.424132786885246 0.710075081967213
107.599999999995 49 29 0.364411475409836 0.639190163934426
110.649999999995 48 30 0.381413661202186 0.555585792349727
112.683333333328 47 31 0.35295737704918 0.597882786885246
120.816666666661 46 32 0.550186475409836 0.494565573770492
121.833333333328 45 32 0.443460655737705 0.103196721311475
122.849999999994 44 33 0.371662295081967 0.0576540983606557
124.883333333328 43 33 0.319231967213115 0.0854696721311475
127.933333333327 42 33 0.353258469945355 0.490546448087432
128.933333333328 41 34 0.357853333333333 0.78992
129.933333333329 39 36 0.311578333333333 0.585216666666667
130.93333333333 38 37 0.328935 0.459111666666667
131.93333333333 38 36 0.337503333333333 0.0850833333333333
134.933333333333 38 35 0.322582777777778 0.0605955555555556
135.933333333334 37 36 0.29444 0.0628683333333333
137.933333333335 37 35 0.2874725 0.0580866666666667
138.933333333336 36 36 0.252645 0.007265
144.933333333341 35 37 0.321701388888889 0.0646875
155.93333333335 34 38 0.34807696969697 0.0405025757575758
161.933333333354 33 39 0.780756666666667 0.0340094444444444
166.933333333358 33 38 0.313027333333333 0.0360743333333333
167.933333333359 32 39 0.40617 0.05838
169.933333333361 31 40 0.273793333333333 0.0414058333333333
170.933333333362 30 41 0.23654 0.06202
175.933333333365 29 42 0.241913666666666 0.0266066666666667
177.933333333367 28 42 0.25695 0.0062025
180.933333333369 28 41 0.224440555555556 0.0161838888888889
184.933333333373 26 43 0.223267083333334 0.000171666666666667
185.933333333373 25 44 0.242423333333333 0.11321
195.933333333381 25 43 0.203984666666667 0.0306095
196.933333333382 24 44 0.203528333333333 0.0999516666666667
197.933333333383 22 45 0.311648333333333 0.132686666666667
201.933333333386 20 47 0.22862625 0.132182916666667
214.933333333397 19 47 0.690425384615385 0.160373717948718
230.933333333409 18 48 0.183412291666667 0.0296773958333333
238.933333333416 17 49 0.131238541666667 0.000469375
286.433333333401 17 48 0.106559122807017 0.000278491228070175
452.149999999917 17 47 0.103380217238256 0.000903359147138691
585.33333333313 16 48 0.207120197722437 0.0408238393192341
600 16 48 0.167821202185792 0.0596547540983607
