# New log 27/04/2014 02:41:46
1 96 32 1.62692166666667 4.40261333333333
3.03333333333333 96 31 0.8345 1.21608606557377
4.04999999999999 93 31 0.909590163934426 0.61867868852459
5.06666666666665 92 31 0.913045901639344 0.646181967213115
6.08333333333332 92 30 0.958572131147541 0.825175409836066
7.09999999999998 91 31 0.873886885245902 0.525513114754098
8.09999999999998 90 30 1.61472 1.26327
9.10000000000003 90 29 1.17934166666667 0.764651666666667
10.1000000000001 88 29 1.81759166666667 0.675771666666667
11.1000000000001 87 27 0.74785 0.713846666666667
13.1000000000002 87 26 0.707421666666666 0.619073333333333
14.1000000000003 87 24 0.613275 0.278453333333333
15.1000000000003 87 23 0.726206666666667 0.185256666666667
17.116666666667 87 22 0.990867768595042 0.650962809917355
18.1333333333336 87 21 0.762319672131148 0.49776393442623
21.1833333333334 86 22 0.819732240437159 0.461957923497268
22.2 85 22 0.675365573770492 0.688744262295082
24.2333333333332 85 20 0.746862295081967 0.689972131147541
27.2833333333331 85 19 0.808067213114754 0.530646994535519
28.2999999999997 84 20 0.973059016393443 1.39703606557377
30.3333333333329 83 21 0.998370491803279 0.729525409836066
32.3666666666661 82 22 0.675932786885246 3.06352459016393
33.3833333333327 82 21 0.575008196721312 4.08556229508197
35.4166666666659 82 20 0.67710737704918 5.34065491803279
37.4499999999992 81 20 0.893899180327869 4.81060245901639
38.4666666666658 80 20 0.925293442622951 3.76719180327869
41.5166666666656 79 20 0.744242076502732 0.39109781420765
42.5333333333322 78 21 0.540214754098361 0.0380475409836066
44.5666666666654 77 20 0.539810655737705 0.94319262295082
45.583333333332 75 22 0.613939344262295 0.277198360655738
50.6666666666651 75 21 0.568437377049181 3.58430852459016
53.7166666666649 75 20 0.697562841530055 3.96022076502732
56.7666666666647 75 19 1.55872459016393 0.63018087431694
58.7999999999979 74 20 0.831277049180328 1.42182131147541
61.8499999999978 74 19 0.641612568306011 1.2394912568306
74.0499999999971 73 20 0.672146174863389 1.62926243169399
79.1333333333301 73 19 0.621165573770492 5.98287245901639
80.1499999999967 72 19 1.35413114754098 7.24259016393443
81.1666666666633 71 20 0.66616393442623 4.96827049180328
95.3999999999959 70 20 0.763430444964871 4.23214941451991
104.549999999995 69 21 0.608809471766849 5.36327158469945
106.583333333329 68 22 0.598465573770492 1.13415737704918
112.683333333328 67 22 0.521078961748634 0.368801639344262
118.783333333328 67 21 0.550250546448088 0.644950546448087
119.799999999994 65 22 0.529077049180328 0.897904918032787
122.849999999994 64 22 0.780886338797814 0.53482349726776
123.866666666661 64 21 0.504891803278689 0.330691803278689
127.933333333327 63 22 0.552775 0.735968852459016
131.93333333333 62 22 0.55364 0.8295025
132.933333333331 62 21 0.541375 0.81028
134.933333333333 60 23 0.614285 0.8026175
138.933333333336 58 25 0.574509583333334 0.786130833333333
139.933333333337 57 25 0.549048333333333 0.7218
141.933333333338 57 24 0.508008333333333 0.667918333333333
142.933333333339 56 24 0.533811666666667 0.783661666666667
148.933333333344 55 25 0.553911944444444 0.506806666666667
151.933333333346 54 26 0.488719444444445 0.815251111111111
156.93333333335 54 25 0.506290999999999 1.06428833333333
160.933333333354 53 26 0.584530833333333 1.10521916666667
168.93333333336 52 27 0.512023333333333 0.638695833333333
172.933333333363 51 28 0.490434583333333 0.261555
175.933333333365 50 29 0.425348333333333 0.03204
179.933333333369 50 28 0.416667916666666 0.0768233333333333
188.933333333376 49 29 0.443890740740741 0.0809266666666667
191.933333333378 48 30 0.42202 0.0233733333333333
201.933333333386 47 31 0.4252285 0.0294606666666667
204.933333333389 46 31 0.355282222222222 0.0231255555555556
223.933333333404 45 32 0.411162456140351 0.0418790350877193
225.933333333405 44 33 0.376088333333333 0.0326575
235.933333333413 43 34 0.382251 0.0520641666666667
236.933333333414 42 34 0.35416 0.330851666666667
238.933333333416 41 34 0.353061666666667 0.24884
239.933333333416 40 34 0.354523333333333 0.000165
252.933333333427 40 33 0.347871282051282 0.0244101282051282
254.933333333428 39 34 0.327755833333333 0.00115833333333333
260.000000000092 38 34 0.311230592105263 0.00572138157894737
266.100000000087 38 33 0.306178961748634 0.0109295081967213
279.316666666741 37 33 0.309355863808322 0.0249889029003783
280.333333333407 36 33 0.285662295081967 0.00510983606557377
281.350000000073 35 34 0.281808196721311 0.017055737704918
282.366666666739 34 35 0.285460655737705 0.00514918032786885
290.500000000064 33 35 0.275419467213115 0.138752459016393
292.533333333396 32 35 0.238754098360656 0.332496721311475
295.583333333393 31 35 0.236349726775956 0.321806557377049
309.816666666714 30 36 0.233224473067916 0.219283489461358
334.216666666691 29 37 0.213538046448087 0.52346468579235
343.366666666683 28 37 0.208236429872496 0.345524954462659
347.433333333346 27 38 0.185479508196721 0.134194672131148
348.450000000012 26 39 0.16083606557377 0.0852327868852459
350.483333333343 25 40 0.14842131147541 0.0422655737704918
351.500000000009 24 41 0.133116393442623 0.000181967213114754
352.516666666675 24 40 0.154406557377049 0.000167213114754098
353.53333333334 23 41 0.157283606557377 0.000152459016393443
365.733333333329 22 42 0.15501174863388 0.000301229508196721
421.649999999945 21 43 0.153084053651266 0.000345871833084948
444.016666666592 20 44 0.145586736214605 0.00423271236959762
447.066666666589 19 45 0.130920218579235 0.00218306010928962
457.233333333246 18 46 0.134696393442623 0.00206065573770492
600 18 46 0.11789889547727 0.000166050459248925
