# New log 27/04/2014 02:03:26
1 96 32 2.06437 0.542836666666667
4.04999999999999 96 31 1.19163005464481 0.508497267759563
5.06666666666665 94 30 1.24775573770492 2.83742786885246
6.08333333333332 93 29 0.982739344262295 0.244634426229508
7.09999999999998 92 28 1.02374590163934 1.48876885245902
9.10000000000003 92 26 1.42154916666667 0.560439166666667
10.1000000000001 92 25 3.164505 1.56153666666667
13.1000000000002 92 24 3.49264833333333 1.11628555555556
14.1000000000003 92 23 2.16465333333333 1.630995
15.1000000000003 91 23 2.50891166666667 0.924358333333333
17.116666666667 90 21 1.58122809917355 6.5535305785124
18.1333333333336 88 22 1.1809262295082 1.45725573770492
19.1500000000002 86 24 1.40989836065574 1.14958360655738
20.1666666666668 86 23 1.76708360655738 0.943249180327869
22.2 84 25 2.09823852459016 1.09183442622951
25.2499999999998 83 26 2.87377322404372 1.37087540983607
26.2666666666665 82 27 4.9228131147541 0.934937704918033
28.2999999999997 80 29 5.16582295081967 2.92220983606557
29.3166666666663 79 30 5.88881639344262 1.2052606557377
30.3333333333329 77 31 5.58285573770492 0.988736065573771
32.3666666666661 76 32 4.17158360655738 0.864282786885246
33.3833333333327 75 32 4.08682459016394 0.844801639344262
35.4166666666659 74 33 4.37866885245902 1.32256065573771
36.4333333333325 72 35 4.82100983606557 4.8156262295082
38.4666666666658 71 36 6.25699016393443 3.7069
40.499999999999 70 36 6.39809344262295 1.52189098360656
41.5166666666656 69 35 5.82232786885246 1.41480655737705
42.5333333333322 67 37 6.38279180327869 1.31550655737705
44.5666666666654 66 38 3.07339426229508 1.09725081967213
46.5999999999986 65 38 1.34831065573771 1.12613524590164
47.6166666666652 64 37 0.893711475409836 1.02416557377049
48.6333333333319 63 38 0.738383606557377 1.21229016393443
51.6833333333317 62 38 0.791015300546448 1.43396338797814
52.6999999999983 61 39 0.732086885245901 1.16703442622951
54.7333333333315 60 39 0.688060655737705 1.15271393442623
55.7499999999981 59 39 0.643818032786885 1.26607868852459
57.7833333333313 58 40 0.700230327868852 1.49617786885246
59.8166666666646 57 40 0.711409016393442 1.69619918032787
60.8333333333312 56 41 0.657681967213115 1.45439016393443
61.8499999999978 54 43 0.600281967213114 1.42073606557377
62.8666666666644 53 43 0.701603278688525 1.36058360655738
67.9499999999974 52 44 0.788926229508196 1.52226524590164
69.9833333333306 51 45 0.527288524590164 1.00620737704918
72.0166666666639 50 46 0.636999180327869 1.62855573770492
76.0833333333303 49 46 0.499119672131147 1.31184467213115
80.1499999999967 48 45 0.553287704918033 1.34659385245902
81.1666666666633 48 44 0.797954098360656 1.54062950819672
83.1999999999966 47 45 0.723062295081967 1.18025163934426
84.2166666666632 46 45 0.681985245901639 0.7763
87.266666666663 45 46 0.516868852459016 0.394396174863388
88.2833333333296 44 47 0.392286885245902 0.0803983606557377
89.2999999999962 43 48 0.389273770491803 0.0902245901639344
91.3333333333294 42 48 0.385997540983607 0.126931967213115
92.349999999996 41 48 0.447932786885246 0.251436065573771
93.3666666666627 40 49 0.408308196721312 0.117095081967213
94.3833333333293 38 50 0.459475409836066 0.213860655737705
95.3999999999959 37 51 0.374254098360656 0.159504918032787
96.4166666666625 37 50 0.419340983606557 0.111462295081967
99.4666666666623 36 51 0.35088306010929 0.163846448087432
100.483333333329 33 54 0.300680327868852 0.0286622950819672
106.583333333329 32 55 0.276783606557377 0.024898087431694
111.666666666662 32 54 0.363514098360656 0.0448508196721311
114.716666666661 31 55 0.370048087431694 0.041803825136612
116.749999999995 31 54 0.357011475409836 0.0389491803278689
119.799999999994 30 55 0.351648087431694 0.254190710382514
138.933333333336 29 55 0.337079616724738 0.120113763066202
154.933333333349 29 54 0.311375000000001 0.159241145833333
155.93333333335 28 55 0.18541 0.000195
163.933333333356 27 56 0.177739583333333 0.091489375
164.933333333357 26 56 0.17123 0.000215
184.933333333373 25 57 0.154871416666667 0.0847440833333333
194.933333333381 24 57 0.155485166666667 0.00436666666666667
198.933333333384 23 57 0.144804166666667 0.000159166666666667
203.933333333388 23 56 0.134516666666667 0.000185333333333333
206.93333333339 22 57 0.143301666666667 0.000185
349.466666666678 22 56 0.122295895696914 0.000171901309635173
600 22 56 0.125840280082299 0.000172131147540984
