# New log 27/04/2014 02:02:02
1 96 32 3.72744166666667 1.28725
3.03333333333333 96 31 1.99128442622951 0.684351639344262
4.04999999999999 95 31 1.80599016393443 0.365222950819672
5.06666666666665 95 28 2.05368360655738 0.97717868852459
6.08333333333332 94 28 4.29217704918033 0.846724590163935
7.09999999999998 93 29 4.80784918032787 0.879777049180328
9.10000000000003 92 29 4.83595083333333 0.672183333333333
11.1000000000001 92 28 4.42323416666667 0.746338333333333
12.1000000000002 90 26 3.40542333333333 0.228588333333333
13.1000000000002 90 24 2.84331 0.322873333333333
14.1000000000003 90 23 3.59104166666667 0.436541666666667
15.1000000000003 90 22 2.661575 0.229731666666667
16.1000000000004 90 21 6.14487166666667 2.47229666666667
18.1333333333336 89 21 6.4537131147541 0.916685245901639
19.1500000000002 89 20 7.13626229508197 2.42590327868852
21.1833333333334 89 19 7.67887213114754 2.12753606557377
22.2 88 20 7.22473278688525 1.20676557377049
23.2166666666666 87 20 5.01855737704918 1.09427049180328
26.2666666666665 87 19 5.6760825136612 1.56136885245902
27.2833333333331 86 19 5.73365245901639 0.714806557377049
28.2999999999997 85 19 6.06932459016393 0.732834426229508
29.3166666666663 85 15 5.59548524590164 0.626022950819672
30.3333333333329 85 14 3.79043442622951 0.415973770491803
33.3833333333327 84 14 2.94844480874317 0.635004918032787
34.3999999999993 84 13 2.52080327868852 0.575608196721312
42.5333333333322 84 12 3.6634618852459 0.49578381147541
44.5666666666654 83 12 3.00906967213115 0.280220491803279
45.583333333332 83 11 3.32194426229508 1.18236885245902
50.6666666666651 82 12 3.20173344262295 1.01153836065574
51.6833333333317 81 13 2.62326393442623 1.06234754098361
74.0499999999971 80 14 1.67525156482861 0.541048882265276
84.2166666666632 79 14 1.50262114754098 1.79078262295082
88.2833333333296 78 15 1.82479180327869 2.46213319672131
89.2999999999962 77 16 1.09080819672131 1.93326229508197
93.3666666666627 76 17 1.19151967213115 1.69236967213115
95.3999999999959 75 18 1.10501229508197 0.405581147540984
96.4166666666625 74 18 1.26400983606557 0.443165573770492
101.499999999996 74 17 1.08020786885246 0.819370491803279
109.633333333328 73 17 1.05118504098361 0.366430737704918
116.749999999995 73 16 1.03903419203747 0.38937681498829
121.833333333328 72 16 1.03737967213115 0.269979016393443
122.849999999994 71 16 0.977773770491803 0.144604918032787
125.899999999994 71 15 0.987103278688525 0.149898907103825
129.933333333329 71 14 0.981979338842975 0.0023
139.933333333337 70 14 0.952159166666667 0.0296296666666667
142.933333333339 70 13 0.930146666666667 0.00342833333333333
161.933333333354 69 14 1.13898622807018 0.202050789473684
174.933333333365 68 13 1.10029256410256 0.268603076923077
175.933333333365 67 14 0.932086666666666 0.251325
199.933333333385 66 15 0.920117986111111 0.318613263888889
209.933333333393 65 16 0.949322 0.523525
221.933333333402 64 17 0.893905694444445 0.1777875
223.933333333404 64 16 0.920858333333334 0.0018875
237.933333333415 63 17 0.883285 0.140630595238095
242.933333333419 62 17 0.882045 0.117624
247.933333333423 61 18 0.855827333333334 0.136035666666667
251.933333333426 60 17 0.842703333333333 0.0514741666666667
252.933333333427 59 17 0.804066666666667 0.000225
253.933333333428 59 16 0.778433333333333 0.00021
263.050000000089 58 16 0.797712979890311 0.00115722120658135
267.116666666752 57 17 0.829005327868852 0.289688114754098
288.466666666733 56 18 0.79462412177986 0.00315886026541764
313.883333333377 56 17 0.753407344262297 0.00340413114754098
316.933333333374 55 17 0.729410382513662 0.000200546448087432
328.116666666697 54 18 0.725996572280179 0.000199403874813711
398.266666666633 53 18 0.699443478260869 0.026664385839867
574.149999999806 53 17 0.710403468208091 0.00587914337155311
600 53 17 0.787951954602774 0.487186254728878
