# New log 27/04/2014 01:59:59
1 96 32 1.51991 6.828365
4.04999999999999 95 31 1.30907267759563 1.92616721311475
6.08333333333332 94 31 1.34495737704918 3.02996639344262
7.09999999999998 93 31 1.63700819672131 2.49749180327869
8.09999999999998 93 30 0.870866666666667 0.438803333333333
9.10000000000003 93 29 1.48065 1.729895
10.1000000000001 92 28 1.238755 3.40427833333333
11.1000000000001 92 26 1.32378166666667 1.33854
12.1000000000002 91 26 0.863295 0.0318966666666667
13.1000000000002 90 23 1.10588833333333 1.563985
17.116666666667 89 24 1.04626804979253 0.623021576763485
18.1333333333336 88 25 1.10618360655738 0.871654098360656
19.1500000000002 87 25 0.839303278688525 1.42217540983607
22.2 86 26 0.732237704918033 3.07817322404372
28.2999999999997 85 27 1.20003579234973 7.66654972677596
30.3333333333329 84 27 0.714853278688525 1.54134754098361
31.3499999999995 84 26 0.603295081967213 1.13333606557377
32.3666666666661 83 25 0.70372131147541 0.871801639344262
33.3833333333327 82 26 0.549291803278689 0.469826229508197
34.3999999999993 82 25 0.570637704918033 0.709227868852459
35.4166666666659 81 25 0.59364262295082 0.6759
36.4333333333325 80 24 0.584688524590164 0.58592131147541
37.4499999999992 80 23 0.634724590163934 0.608462295081967
39.4833333333324 78 24 0.606405737704918 1.77531885245902
40.499999999999 77 24 0.753652459016393 0.681181967213115
41.5166666666656 77 22 0.57638524590164 0.625470491803279
42.5333333333322 76 22 0.967703278688525 0.84137868852459
44.5666666666654 76 21 0.574545081967213 0.524517213114754
45.583333333332 76 20 0.617985245901639 0.469150819672131
54.7333333333315 76 19 0.621715300546449 0.886873588342441
56.7666666666647 75 19 0.596655737704918 2.37842295081967
57.7833333333313 75 18 0.604929508196721 2.25841639344262
58.7999999999979 74 19 0.628537704918033 2.10666393442623
59.8166666666646 74 18 0.613622950819672 2.43133770491803
60.8333333333312 73 19 0.831 2.53654262295082
61.8499999999978 73 18 0.875601639344263 2.49215573770492
64.8999999999976 73 17 0.650956830601093 2.55215737704918
67.9499999999974 72 17 0.758633333333333 2.57108852459016
69.9833333333306 71 18 0.837535245901639 2.42990327868853
70.9999999999973 70 18 0.602522950819672 2.1493393442623
75.0666666666637 70 16 0.756554508196721 2.47306721311475
76.0833333333303 69 16 0.577029508196721 2.53866885245902
81.1666666666633 69 15 1.00624 4.07745213114754
87.266666666663 68 15 2.21052131147541 4.98076557377049
94.3833333333293 67 16 0.913159016393443 5.33018407494145
97.4333333333291 67 15 0.442080327868852 0.865418579234973
98.4499999999957 67 14 0.421140983606557 1.14824754098361
99.4666666666623 67 13 0.630152459016393 1.04713114754098
100.483333333329 67 12 1.57122950819672 0.841427868852459
105.566666666662 67 11 0.800984590163935 0.575684262295082
107.599999999995 67 10 0.604913114754098 0.465840983606557
110.649999999995 66 10 0.557393442622951 0.27388306010929
112.683333333328 66 8 0.475298360655738 0.713295081967213
125.899999999994 65 9 0.72130870113493 2.85914262295082
134.933333333333 63 10 0.522720110701107 2.61127970479705
139.933333333337 62 11 0.534156666666666 2.58417766666667
141.933333333338 61 11 0.5106075 2.88104
146.933333333342 61 10 1.06474466666667 4.36132633333333
148.933333333344 60 11 0.454713333333334 5.49981916666667
149.933333333345 57 13 0.487006666666667 5.710755
164.933333333357 56 14 0.438923 3.32669122222222
187.933333333375 55 14 0.42044347826087 2.53882420289855
373.866666666655 54 15 0.400082448906419 2.4395729741843
374.883333333321 53 14 0.38725737704918 1.28187213114754
406.399999999959 52 14 0.382404177683765 1.26619899524061
449.09999999992 52 13 0.371773458235753 1.25252349726776
509.083333333199 52 12 0.369423228674633 1.23246929702695
599.56666666645 52 11 0.383719690550746 1.21715415361945
600 52 11 0.415198360655738 1.04385081967213
