# New log 27/04/2014 01:42:34
1 96 32 2.36453166666667 0.815765
4.04999999999999 96 30 1.83286721311475 0.840640983606557
5.06666666666665 96 28 2.28024590163934 0.691155737704918
6.08333333333332 95 28 2.01794754098361 0.497186885245902
7.09999999999998 94 27 1.88104098360656 0.730906557377049
8.09999999999998 93 26 1.255975 0.309966666666667
10.1000000000001 93 25 1.910115 0.343424166666667
11.1000000000001 92 25 2.44455666666667 0.610751666666667
12.1000000000002 92 24 0.998985 0.0596833333333333
13.1000000000002 92 21 2.03873166666667 0.633713333333333
15.1000000000003 92 20 2.70311416666667 0.366953333333333
16.1000000000004 91 20 1.94393333333333 0.338228333333333
17.116666666667 89 22 1.93530327868852 0.538509836065574
18.1333333333336 89 20 2.06865737704918 0.496234426229508
19.1500000000002 85 22 1.63591967213115 0.438367213114754
20.1666666666668 84 21 1.80920163934426 0.345996721311475
21.1833333333334 84 18 3.86272786885246 0.581609836065574
22.2 83 18 8.21602131147541 1.45617049180328
24.2333333333332 81 17 6.59330655737705 2.0163631147541
27.2833333333331 80 18 3.78861038251366 0.700991256830601
30.3333333333329 80 17 5.86565573770491 0.768454098360656
31.3499999999995 79 17 4.44200163934426 0.818595081967213
37.4499999999992 78 16 3.55821693989071 0.69376393442623
38.4666666666658 77 15 1.02244098360656 0.257908196721311
39.4833333333324 76 16 1.09993278688525 0.362895081967213
40.499999999999 75 16 0.863529508196721 0.192029508196721
45.583333333332 74 17 1.53427540983607 0.536527540983607
46.5999999999986 73 17 1.16889508196721 0.438583606557377
47.6166666666652 73 16 0.977336065573771 0.51913606557377
48.6333333333319 73 15 1.06453606557377 0.570068852459016
53.7166666666649 73 14 1.54687836065574 0.496305245901639
54.7333333333315 73 13 1.14243278688525 0.555665573770492
60.8333333333312 72 13 2.01169071038251 0.483969672131148
61.8499999999978 70 15 3.70645737704918 0.369490163934426
63.883333333331 70 14 0.772760655737705 0.0851139344262295
65.9166666666642 68 15 1.06908934426229 0.123503278688525
66.9333333333308 67 16 2.89254918032787 0.106431147540984
67.9499999999974 66 16 0.518373770491803 0.0623459016393443
68.966666666664 65 17 0.521139344262295 0.112626229508197
69.9833333333306 64 18 0.50022131147541 0.028627868852459
72.0166666666639 63 19 0.568075409836065 0.0226614754098361
75.0666666666637 63 18 0.842858469945355 0.0759546448087432
76.0833333333303 62 19 1.12766721311475 0.0835360655737705
79.1333333333301 61 19 1.3458693989071 0.101269945355191
82.18333333333 60 19 2.34259071038251 0.219907103825137
87.266666666663 59 19 1.59904459016393 0.149708852459016
88.2833333333296 58 20 0.423575409836066 0.00837868852459016
89.2999999999962 57 20 0.418750819672131 0.0282081967213115
91.3333333333294 57 19 1.75828606557377 0.14591393442623
97.4333333333291 56 20 3.74815409836065 0.515167486338798
99.4666666666623 55 20 0.417602459016393 0.0480344262295082
100.483333333329 53 20 0.341250819672131 0.00212950819672131
106.583333333329 53 19 0.363879234972678 0.00127732240437158
107.599999999995 52 20 0.332796721311476 0.00122295081967213
112.683333333328 52 19 0.327918032786885 0.00764131147540984
116.749999999995 51 19 0.334256147540984 0.00278155737704918
120.816666666661 50 19 0.371522540983607 0.0110422131147541
124.883333333328 50 18 0.544281147540984 0.0211614754098361
162.933333333355 49 19 0.316214805081034 0.00716272448532632
171.933333333362 48 20 0.341220925925926 0.0416327777777778
173.933333333364 47 21 0.2914 0.00214083333333333
203.933333333388 46 21 0.281077444444444 0.00390522222222222
219.933333333401 45 21 0.285240729166667 0.00212895833333333
287.450000000067 44 22 0.274929795112319 0.00207427795606023
289.483333333399 43 23 0.275761475409836 0.000211475409836066
292.533333333396 42 24 0.252389617486339 0.000154098360655738
294.566666666727 41 24 0.255374590163934 0.000152459016393443
295.583333333393 41 23 0.245744262295082 0.00133606557377049
341.333333333352 40 24 0.24960072859745 0.000550564663023679
414.533333333285 39 25 0.237969603825136 0.000567213114754098
600 39 25 0.248314888470846 0.000171387619815462
