# New log 27/04/2014 01:35:32
1 96 32 1.65074833333333 8.79755
4.04999999999999 94 34 1.94457213114754 5.11836010928962
5.06666666666665 92 34 2.74108032786885 2.00739344262295
6.08333333333332 89 34 1.08060327868852 0.544518032786885
7.09999999999998 88 34 2.79557868852459 1.64318032786885
8.09999999999998 86 35 2.16904833333333 0.874516666666667
10.1000000000001 85 35 2.43582583333333 0.988370833333333
11.1000000000001 84 34 2.11116333333333 0.167775
12.1000000000002 84 32 1.44724333333333 0.665866666666667
13.1000000000002 83 33 1.02069333333333 0.426521666666667
14.1000000000003 82 32 0.845913333333333 0.35411
16.1000000000004 81 33 0.902220833333333 0.214341666666667
18.1333333333336 81 32 0.771668032786885 9.13567704918033
19.1500000000002 80 33 0.724291803278689 10.5528049180328
20.1666666666668 79 33 0.913239344262295 9.09766393442623
21.1833333333334 78 33 0.794414754098361 9.22003442622951
22.2 77 32 0.829268852459016 11.1734819672131
24.2333333333332 76 33 1.12925983606557 8.4974631147541
25.2499999999998 74 34 0.93858524590164 0.461327868852459
26.2666666666665 74 33 2.17543606557377 3.12961639344262
27.2833333333331 73 34 1.33884918032787 3.71781803278689
28.2999999999997 71 35 0.672113114754099 3.86574262295082
30.3333333333329 69 36 0.78834262295082 5.19166475409836
33.3833333333327 69 35 0.732587978142077 5.75346393442623
34.3999999999993 68 35 0.665052459016394 8.0687868852459
36.4333333333325 67 35 0.666595901639344 2.69027049180328
38.4666666666658 66 35 0.61936393442623 0.237998360655738
39.4833333333324 65 34 0.511908196721311 0.183960655737705
41.5166666666656 64 34 0.484068852459017 0.229593442622951
42.5333333333322 62 34 0.526611475409836 0.154024590163934
43.5499999999988 62 32 0.633644262295082 0.477737704918033
47.6166666666652 62 31 1.6439012295082 0.981618852459016
53.7166666666649 61 32 2.06515464480874 0.437039890710383
54.7333333333315 60 33 0.835752459016393 0.719413114754098
55.7499999999981 58 35 0.868855737704918 0.34713606557377
57.7833333333313 57 36 0.865406557377049 1.21514836065574
58.7999999999979 56 37 0.770967213114754 0.0503245901639344
60.8333333333312 54 37 0.943091803278688 0.230439344262295
64.8999999999976 53 36 1.10960286885246 0.266503278688525
65.9166666666642 52 36 0.44312131147541 0.183140983606557
66.9333333333308 52 35 0.538763934426229 0.205401639344262
67.9499999999974 52 34 0.627247540983607 0.26892131147541
68.966666666664 50 33 0.591762295081967 0.319893442622951
70.9999999999973 50 32 0.5392 0.282375409836066
75.0666666666637 50 31 0.654670901639344 0.165263114754098
76.0833333333303 50 30 0.489114754098361 0.11554262295082
77.0999999999969 48 31 0.511068852459016 0.122398360655738
78.1166666666635 47 32 0.451162295081967 0.211147540983607
79.1333333333301 46 33 0.456285245901639 0.0727672131147541
80.1499999999967 45 34 0.449960655737705 0.0773295081967213
81.1666666666633 44 35 0.441990163934426 0.113475409836066
84.2166666666632 43 36 0.379565027322404 0.048751912568306
86.2499999999964 42 36 0.371718852459016 0.0600254098360656
87.266666666663 41 37 0.614875409836066 0.0424475409836066
90.3166666666628 41 36 0.73004262295082 0.0750502732240437
91.3333333333294 40 37 0.415937704918033 0.0420983606557377
93.3666666666627 39 38 0.428770491803279 0.121530327868852
98.4499999999957 38 38 0.37237606557377 0.070107868852459
100.483333333329 37 37 0.546731147540983 0.0412770491803279
101.499999999996 36 37 0.307724590163935 0.000621311475409836
102.516666666662 35 37 0.381439344262295 0.0122901639344262
103.533333333329 34 38 0.320724590163934 0.0133114754098361
104.549999999995 33 38 0.32584262295082 6.11186229508197
105.566666666662 31 39 0.316922950819672 9.09185409836066
114.716666666661 30 39 0.316927504553734 9.03828797814208
122.849999999994 30 38 0.290804508196721 9.046
123.866666666661 29 39 0.284709836065574 9.07734262295082
130.93333333333 29 38 0.267360141509434 9.10395259433962
135.933333333334 27 39 0.260729 9.00522766666667
154.933333333349 27 38 0.265209649122807 8.95177429824562
156.93333333335 26 38 0.263531666666667 8.95905583333333
157.933333333351 26 37 0.270985 8.95004166666667
172.933333333363 25 38 0.254133111111111 8.97143566666667
182.933333333371 24 38 0.239142 9.00437783333333
185.933333333373 23 39 0.242361666666667 9.01983611111111
186.933333333374 22 40 0.194443333333333 8.97957833333333
222.933333333403 21 40 0.207468796296296 8.98898356481481
231.93333333341 20 41 0.182461666666667 9.02203518518519
249.933333333424 19 42 0.170188888888889 8.99493814814815
600 19 42 0.167562003897522 8.98227122962118
