# New log 27/04/2014 01:41:06
1 96 32 4.48800333333333 2.18563833333333
3.03333333333333 96 30 3.38971147540984 1.12056147540984
4.04999999999999 96 27 4.36208196721312 1.44509180327869
5.06666666666665 94 26 2.49833606557377 0.774173770491803
6.08333333333332 93 26 1.92523606557377 0.93572131147541
7.09999999999998 93 25 1.90570491803279 0.674660655737705
8.09999999999998 93 21 1.97201333333333 0.792406666666667
9.10000000000003 92 22 2.03836 0.469196666666667
11.1000000000001 92 21 2.43616916666667 1.77996416666667
12.1000000000002 92 19 3.20338166666667 0.827575
14.1000000000003 92 18 2.11699666666667 0.281009166666667
15.1000000000003 92 15 2.66542166666667 0.356863333333333
17.116666666667 91 15 2.01550743801653 0.255514049586777
19.1500000000002 89 17 3.25143360655738 0.841413114754098
20.1666666666668 89 16 2.1886737704918 0.250750819672131
21.1833333333334 88 15 3.35628524590164 1.80861967213115
22.2 86 15 2.62255409836066 1.28363278688525
24.2333333333332 86 13 3.74935983606557 0.410316393442623
25.2499999999998 86 12 1.99948196721311 0.130886885245902
28.2999999999997 85 13 3.02618852459016 0.502760655737705
29.3166666666663 84 13 5.60536065573771 0.631260655737705
30.3333333333329 84 12 6.91692295081967 0.523944262295082
34.3999999999993 84 10 9.2063844262295 0.763002459016394
36.4333333333325 84 8 7.69919426229508 0.599254098360656
38.4666666666658 83 7 5.04818852459016 0.555848360655738
40.499999999999 82 8 4.52221147540984 0.460898360655738
47.6166666666652 81 9 2.52646557377049 0.264900468384075
51.6833333333317 80 10 2.04847540983607 0.313848770491803
52.6999999999983 80 9 1.71034918032787 0.355491803278689
53.7166666666649 79 10 1.57919836065574 0.142468852459016
54.7333333333315 78 11 1.72406557377049 0.391493442622951
59.8166666666646 77 11 1.79211213114754 1.04652918032787
60.8333333333312 75 12 1.41385081967213 1.13864262295082
67.9499999999974 75 11 1.36365503512881 0.0180646370023419
68.966666666664 74 11 1.38532459016393 0.0111065573770492
70.9999999999973 74 10 1.3233262295082 0.0405786885245902
73.0333333333305 73 11 1.24463770491803 0.00262377049180328
74.0499999999971 72 12 1.23152131147541 0.00657868852459016
78.1166666666635 71 12 1.23435737704918 0.0711344262295082
81.1666666666633 70 12 1.22192021857924 0.0963142076502732
84.2166666666632 69 12 1.19176502732241 0.0100453551912568
91.3333333333294 68 12 1.14090725995316 0.0989831381733021
92.349999999996 68 11 1.10670983606557 0.240298360655738
93.3666666666627 68 10 1.10655245901639 0.081744262295082
104.549999999995 67 10 1.10355409836066 0.395639493293592
107.599999999995 66 11 1.10755519125683 0.339560109289618
109.633333333328 65 12 1.07675901639344 0.106005737704918
121.833333333328 65 11 1.10162896174863 0.151110792349727
126.916666666661 65 10 1.08400524590164 0.0298006557377049
134.933333333333 65 9 1.10822203742204 0.156803534303534
152.933333333347 64 10 1.06199277777778 0.0758142592592593
153.933333333348 64 9 0.964866666666667 0.156828333333333
160.933333333354 63 10 0.995795476190476 0.283644047619048
161.933333333354 62 10 1.07878166666667 0.142836666666667
204.933333333389 62 9 0.9316796124031 0.0309643023255814
230.933333333409 62 8 0.941548974358975 0.108583012820513
457.233333333246 61 9 0.9655165635587 0.0298104286345559
576.183333333138 61 8 0.997987529774414 0.0456546167857643
600 61 8 0.999551707650274 0.0207611338797814
