# New log 27/04/2014 02:05:33
1 96 32 3.49502 2.90343333333333
3.03333333333333 96 29 1.50660983606557 0.827831967213115
4.04999999999999 96 27 1.49886393442623 0.34202131147541
5.06666666666665 96 24 1.5376262295082 0.30725737704918
6.08333333333332 95 23 1.68319180327869 0.401136065573771
9.10000000000003 95 22 2.00041436464088 0.275489502762431
12.1000000000002 94 23 3.39506 0.758401666666667
13.1000000000002 90 24 4.36701166666667 1.50352833333333
14.1000000000003 90 22 3.355545 0.607973333333333
15.1000000000003 89 22 3.12257333333333 0.781455
16.1000000000004 88 22 3.52641 0.69586
17.116666666667 88 21 3.17763278688525 0.391414754098361
19.1500000000002 87 21 3.55996229508197 0.46735
20.1666666666668 85 22 3.44136885245902 0.275516393442623
21.1833333333334 85 21 3.27081967213115 0.414873770491803
22.2 83 22 3.49076065573771 0.230532786885246
28.2999999999997 82 23 3.3655806010929 0.365230601092896
30.3333333333329 82 22 2.62665245901639 0.308520491803279
32.3666666666661 81 23 1.75723196721311 0.160533606557377
33.3833333333327 81 22 1.79847540983607 0.384045901639344
35.4166666666659 81 21 2.051 0.413216393442623
36.4333333333325 81 20 1.57297704918033 0.480622950819672
38.4666666666658 80 19 1.52622540983607 0.343531147540984
39.4833333333324 80 18 2.38092131147541 0.500614754098361
40.499999999999 80 17 3.44565901639344 0.546870491803279
41.5166666666656 79 18 4.00848852459016 0.509759016393443
44.5666666666654 79 17 3.5191131147541 0.694048087431694
47.6166666666652 78 17 3.17025628415301 0.4468
48.6333333333319 76 18 1.35965573770492 0.0636327868852459
52.6999999999983 74 20 1.52449590163934 0.495657786885246
61.8499999999978 74 18 1.3428927140255 0.964963752276867
62.8666666666644 73 18 1.32572459016393 0.77376393442623
63.883333333331 71 20 1.30451475409836 0.64935737704918
68.966666666664 70 20 1.47487672131148 0.57232131147541
72.0166666666639 69 20 1.24736010928962 0.541292896174863
76.0833333333303 69 19 1.31026844262295 0.198924590163934
81.1666666666633 68 20 1.21734590163934 0.120871803278689
89.2999999999962 68 19 1.24924754098361 0.192983196721312
90.3166666666628 68 18 1.22455573770492 0.459019672131148
92.349999999996 68 17 1.2016737704918 0.137795081967213
95.3999999999959 68 15 1.23839726775956 0.123465573770492
96.4166666666625 67 16 1.27020491803279 0.157877049180328
100.483333333329 66 17 1.20733483606557 0.123468032786885
105.566666666662 66 16 1.30175508196721 0.315592459016393
107.599999999995 66 15 1.23523934426229 0.20291393442623
119.799999999994 65 16 1.31061598360656 0.205279918032787
125.899999999994 65 15 1.13727131147541 0.0257144808743169
136.933333333334 64 16 1.27428897280967 0.08367416918429
141.933333333338 64 15 1.86543966666667 0.121693
142.933333333339 64 14 2.25807666666667 0.121303333333333
143.93333333334 63 15 2.08173833333333 0.146678333333333
145.933333333342 62 16 1.60024583333333 0.0651
148.933333333344 62 15 1.12516444444444 0.00853111111111111
149.933333333345 61 16 1.239035 0.0262216666666667
152.933333333347 60 17 1.19207777777778 0.00716055555555556
155.93333333335 60 16 1.20495666666667 0.0385322222222222
157.933333333351 60 15 1.17045416666667 0.0296766666666667
158.933333333352 59 16 1.14899833333333 0.00226
163.933333333356 58 16 1.190057 0.0258936666666667
169.933333333361 57 17 1.13568555555556 0.0366186111111111
170.933333333362 56 18 1.08190666666667 0.00473833333333333
171.933333333362 55 19 1.07505833333333 0.00019
173.933333333364 53 20 1.0186675 0.0001975
174.933333333365 52 21 0.942173333333334 0.000175
175.933333333365 52 20 0.934321666666667 0.002235
179.933333333369 51 20 0.917673333333333 0.0030675
183.933333333372 50 21 0.854588749999999 0.00530041666666667
187.933333333375 49 21 0.886344166666667 0.0026675
188.933333333376 49 20 0.923835 0.02074
197.933333333383 48 21 0.90846537037037 0.0148796296296296
200.933333333385 48 20 1.17408944444444 0.181507222222222
201.933333333386 47 20 1.13056333333333 0.430153333333333
203.933333333388 47 19 1.05564166666667 0.249188333333333
204.933333333389 46 20 0.898285 0.000225
205.933333333389 45 21 0.898106666666667 0.00271166666666667
206.93333333339 44 22 0.81532 0.00019
208.933333333392 43 23 0.783805 0.0011225
211.933333333394 42 23 0.754874444444445 0.011475
213.933333333396 41 24 0.734735 0.00429
215.933333333397 40 25 0.727486666666667 0.00227583333333333
217.933333333399 38 26 0.728846666666666 0.00017
218.9333333334 37 26 0.661621666666667 0.0002
243.93333333342 36 26 0.635758466666667 0.00157113333333333
244.93333333342 36 25 0.67171 0.0002
245.933333333421 36 24 0.659251666666667 0.00260666666666667
248.933333333424 35 25 0.649237222222222 0.000193888888888889
255.933333333429 34 25 0.618924761904762 0.00123
262.033333333424 33 26 0.634027322404372 0.000983060109289618
264.066666666755 32 27 0.603237704918033 0.00019672131147541
277.28333333341 32 26 0.550464438839849 0.00114274905422446
291.51666666673 31 26 0.55270737704918 0.00100234192037471
319.983333333371 30 26 0.542053571428571 0.000804332552693209
332.18333333336 29 26 0.538896584699453 0.00430027322404372
402.333333333296 28 26 0.485121667854597 0.00133340460917082
413.516666666619 28 25 0.510441579731744 0.00842637853949329
473.499999999898 27 26 0.52606435120867 0.0067411503195332
500.949999999873 26 26 0.510510686095933 0.000186642380085003
532.466666666511 25 27 0.487088683236382 0.000340772078265468
600 25 27 0.483474015170051 0.000163126988010766
