# New log 27/04/2014 02:06:38
1 96 32 1.91712 0.734778333333333
4.04999999999999 96 30 1.11225846994535 0.676143169398907
5.06666666666665 95 29 1.01763606557377 0.494019672131148
6.08333333333332 93 25 1.21908524590164 0.433577049180328
7.09999999999998 92 25 0.939039344262295 0.145818032786885
11.1000000000001 91 26 1.21920958333333 0.1924025
12.1000000000002 90 24 2.65818166666667 0.498768333333333
13.1000000000002 90 22 2.920345 0.327281666666667
14.1000000000003 88 23 2.35653166666667 0.483318333333333
16.1000000000004 86 24 2.61329083333334 0.365350833333333
17.116666666667 86 23 2.10225245901639 0.269001639344262
18.1333333333336 85 23 2.04550983606557 0.376873770491803
19.1500000000002 85 22 2.58699180327869 0.667809836065574
20.1666666666668 84 23 4.08595409836065 0.612304918032787
24.2333333333332 84 22 3.00403975409836 0.449051229508197
26.2666666666665 83 23 2.64905655737705 0.521563114754098
28.2999999999997 81 23 3.2710631147541 0.593012295081967
29.3166666666663 81 22 2.38256557377049 0.371862295081967
30.3333333333329 80 23 1.88051475409836 0.228322950819672
33.3833333333327 79 24 2.73690109289618 0.465752459016394
34.3999999999993 78 25 1.79407704918033 0.648647540983607
36.4333333333325 76 26 1.1962262295082 0.4347
37.4499999999992 75 27 1.27180983606557 0.332855737704918
38.4666666666658 75 26 1.43316885245902 0.279550819672131
39.4833333333324 71 28 1.59007213114754 0.343180327868853
43.5499999999988 71 27 1.30520163934426 0.410004508196721
46.5999999999986 70 28 1.78212513661202 0.583130054644809
50.6666666666651 68 30 1.65412991803279 0.578956147540984
55.7499999999981 67 30 1.80172032786885 0.623346557377049
56.7666666666647 65 31 1.36123278688525 0.77135737704918
58.7999999999979 64 32 1.0618262295082 0.911935245901639
59.8166666666646 63 33 0.59645737704918 0.888749180327869
60.8333333333312 62 33 0.659819672131148 1.0150606557377
63.883333333331 61 34 0.931208743169399 0.485383606557377
72.0166666666639 61 33 0.576727459016393 1.2405887295082
74.0499999999971 60 33 0.628018032786885 1.14619016393443
88.2833333333296 60 32 0.720075175644029 0.139995901639344
93.3666666666627 59 33 0.53073737704918 0.0145734426229508
100.483333333329 58 33 0.898295081967213 0.268947306791569
101.499999999996 57 33 0.474759016393443 0.0436606557377049
111.666666666662 56 33 0.514669016393443 0.0420845901639344
114.716666666661 56 32 0.512801092896175 0.0413207650273224
116.749999999995 55 33 0.521132786885246 0.0299565573770492
120.816666666661 54 33 0.642349180327869 0.0373409836065574
125.899999999994 53 34 0.470186885245902 0.00153377049180328
128.933333333328 52 34 0.461995054945055 0.00267637362637363
139.933333333337 50 36 0.459511212121213 0.0202533333333333
141.933333333338 49 37 0.510670833333334 0.0673116666666667
151.933333333346 48 38 0.463453499999999 0.0260988333333333
161.933333333354 47 38 0.546808000000001 0.0741985
164.933333333357 46 39 0.500548333333334 0.0733094444444444
170.933333333362 45 39 0.531422777777778 0.0369261111111111
171.933333333362 45 38 0.688246666666667 0.0351766666666667
175.933333333365 43 38 0.546299166666667 0.00582791666666667
185.933333333373 42 39 1.00767266666667 0.0158753333333333
186.933333333374 41 39 0.48795 0.0358833333333333
190.933333333377 41 38 0.4361975 0.0517875
195.933333333381 40 38 0.46052 0.0333133333333333
210.933333333393 39 39 0.473427555555555 0.055741
212.933333333395 37 40 0.462324166666667 0.00578666666666667
220.933333333401 36 41 1.89799458333333 0.079290625
228.933333333408 35 42 0.402852083333333 0.000538958333333333
231.93333333341 34 42 0.399777777777778 0.00059
337.266666666689 34 41 0.426723354430378 0.00146802215189873
372.84999999999 33 42 0.469161498829039 0.000173161592505855
600 33 42 0.311018127927405 0.000200270784543326
