# New log 27/04/2014 02:04:24
1 96 32 1.38920166666667 3.5812
3.03333333333333 94 32 0.69567868852459 0.435183606557377
4.04999999999999 94 31 0.995849180327869 1.06158360655738
5.06666666666665 92 31 0.64002131147541 0.657732786885246
6.08333333333332 92 29 0.758170491803279 0.42907868852459
9.10000000000003 91 29 0.828666298342542 0.641622651933702
11.1000000000001 90 29 0.697414166666667 5.50513416666667
15.1000000000003 90 27 0.89331625 3.03846958333333
16.1000000000004 88 27 1.30418666666667 0.131805
19.1500000000002 88 26 1.62186830601093 0.150528415300546
21.1833333333334 88 25 1.52532950819672 0.237194262295082
26.2666666666665 87 24 0.626625901639344 0.0780560655737705
27.2833333333331 86 24 0.594967213114754 0.161877049180328
29.3166666666663 86 23 0.60044262295082 0.112577868852459
32.3666666666661 86 22 0.782332240437158 0.0750387978142077
34.3999999999993 86 21 0.584181147540984 0.0547180327868852
41.5166666666656 86 19 0.691643325526933 0.188185948477752
45.583333333332 86 18 0.918729098360656 0.297377868852459
48.6333333333319 85 17 0.91182349726776 0.318717486338798
51.6833333333317 84 17 0.709577595628415 0.47287650273224
53.7166666666649 83 17 1.03305409836066 0.957454918032787
55.7499999999981 82 18 0.960937704918033 0.239036885245902
57.7833333333313 81 18 0.793011475409836 0.399824590163934
58.7999999999979 80 19 0.768208196721311 0.359595081967213
61.8499999999978 79 19 0.574179781420765 0.110506557377049
62.8666666666644 78 20 0.757155737704918 4.28481475409836
65.9166666666642 77 21 0.710967759562842 3.95506010928962
76.0833333333303 76 22 0.71123655737705 1.13052868852459
77.0999999999969 76 21 0.494190163934426 0.148924590163934
79.1333333333301 76 20 0.554082786885246 0.271916393442623
82.18333333333 75 21 0.599986885245902 0.174518579234973
83.1999999999966 75 20 0.539422950819672 0.00684098360655738
89.2999999999962 74 21 0.583105464480874 0.659977322404372
96.4166666666625 74 20 0.664481030444965 0.230509367681499
98.4499999999957 73 21 0.475168032786885 0.201882786885246
99.4666666666623 73 19 0.48917868852459 0.158119672131148
100.483333333329 72 19 0.474049180327869 0.125018032786885
106.583333333329 70 20 0.49881693989071 1.7275306010929
112.683333333328 69 21 0.459834426229508 0.0582967213114754
114.716666666661 69 20 0.469248360655738 0.0298385245901639
115.733333333328 68 20 0.431411475409836 0.200134426229508
116.749999999995 68 19 0.457316393442623 0.0052327868852459
121.833333333328 67 20 0.447910491803279 0.0327196721311475
123.866666666661 67 19 0.85347786885246 0.380146721311475
125.899999999994 67 18 0.428568032786885 0.287086065573771
126.916666666661 66 19 0.465962295081967 0.154365573770492
127.933333333327 65 20 0.478816393442623 0.0871459016393443
132.933333333331 65 19 0.421375333333333 0.0539296666666667
134.933333333333 65 18 0.502145833333333 0.0875783333333333
149.933333333345 63 19 0.497661888888889 0.0616302222222222
157.933333333351 63 18 0.679029999999999 0.0467027083333333
171.933333333362 62 18 0.487752976190476 1.42008214285714
175.933333333365 61 18 0.50271625 0.83246375
189.933333333377 61 17 0.475236666666666 6.38707321428572
198.933333333384 60 17 0.537109629629629 3.562495
216.933333333398 59 18 0.4683675 2.88430212962963
231.93333333341 59 17 0.428387444444444 1.07499777777778
244.93333333342 59 16 0.428548974358974 1.79277717948718
271.183333333415 58 16 0.485711174603174 1.67659955555556
277.28333333341 57 16 0.405284972677596 1.22552923497268
278.300000000076 56 17 0.404936065573771 3.5052393442623
279.316666666741 54 18 0.450840983606558 4.94414590163935
286.433333333401 53 18 0.385863934426229 1.01860679156909
288.466666666733 52 19 0.394075409836066 1.1769762295082
295.583333333393 51 20 0.379087587822014 0.894475175644028
296.600000000059 50 20 0.355567213114754 0.938596721311475
304.733333333385 50 19 0.468928073770492 0.843040368852459
311.850000000045 49 20 0.389998360655738 1.07834051522248
315.916666666708 48 20 0.334317213114754 0.73431393442623
322.016666666702 47 20 0.343474590163935 0.436703551912568
329.133333333363 47 19 0.336147072599532 0.361452224824356
332.18333333336 47 18 0.381628961748634 0.217200546448087
350.483333333343 46 19 1.05498142076503 0.622265938069217
355.566666666672 45 20 0.309925573770492 0.481995081967213
358.616666666669 45 19 0.314554098360656 0.894865027322404
359.633333333335 44 19 0.295995081967213 0.973686885245902
360.650000000001 43 20 0.28562131147541 0.79387868852459
362.683333333332 42 21 0.278527868852459 0.661753278688525
363.699999999998 41 22 0.416126229508197 0.753211475409836
374.883333333321 40 23 0.274530998509687 0.40437436661699
381.999999999981 40 22 0.266764168618267 0.0127580796252927
383.016666666647 39 23 0.24875737704918 0.00560819672131148
392.166666666639 38 22 0.384649544626594 0.0218107468123862
394.19999999997 37 23 0.243177049180328 0.000145081967213115
429.783333333271 36 24 0.234232552693208 0.000686416861826698
448.083333333254 35 25 0.223690346083789 0.00135200364298725
600 35 25 0.212799759562842 0.000155431693989071
