# New log 27/04/2014 02:40:42
1 96 32 2.07511666666667 0.820565
4.04999999999999 95 30 1.23566557377049 0.493281967213115
5.06666666666665 94 27 1.25815901639344 0.409595081967213
7.09999999999998 93 27 0.924455737704918 0.237384426229508
9.10000000000003 93 26 1.39675666666667 0.357069166666667
13.1000000000002 93 25 1.76342875 2.25675041666667
15.1000000000003 92 26 2.298665 2.80430083333333
16.1000000000004 91 26 4.013075 3.22066666666667
18.1333333333336 90 27 7.42278770491803 3.44002213114754
20.1666666666668 89 27 7.3015262295082 2.30819672131148
21.1833333333334 88 28 4.72438032786885 1.84881967213115
22.2 87 28 4.68570163934426 2.52202131147541
23.2166666666666 86 27 5.74442459016393 2.10036557377049
25.2499999999998 84 28 3.88337704918033 2.14749262295082
26.2666666666665 84 27 1.72081639344262 1.23223114754098
27.2833333333331 84 25 3.25781147540984 0.940283606557377
28.2999999999997 83 26 2.01842131147541 1.13146721311475
30.3333333333329 82 26 4.23520245901639 1.75359098360656
31.3499999999995 81 27 3.68536393442623 1.72160163934426
32.3666666666661 80 28 3.98351147540984 1.83855901639344
33.3833333333327 79 29 3.34161967213115 0.866849180327869
34.3999999999993 77 29 2.32017868852459 0.442322950819672
35.4166666666659 77 27 2.5463 1.04631803278689
36.4333333333325 75 29 1.78267049180328 1.14732459016393
38.4666666666658 74 30 1.58144344262295 1.14946557377049
39.4833333333324 74 29 1.02029344262295 1.79736885245902
42.5333333333322 73 30 1.26855573770492 1.80423661202186
44.5666666666654 73 29 3.32080983606557 2.7621237704918
46.5999999999986 72 29 3.28268606557377 2.95451229508197
53.7166666666649 71 30 4.23802014051522 2.33487025761124
54.7333333333315 71 29 1.79550819672131 2.53397213114754
55.7499999999981 70 30 4.08764262295082 1.68526885245902
56.7666666666647 69 31 4.52282131147541 2.14114590163934
57.7833333333313 69 30 5.00181475409836 1.56193770491803
58.7999999999979 68 31 2.76274918032787 1.39801147540984
59.8166666666646 67 31 2.66305737704918 1.09970163934426
61.8499999999978 66 31 1.78207786885246 1.13150163934426
62.8666666666644 65 31 1.85269016393443 1.33870327868852
63.883333333331 64 31 1.38246393442623 1.30250983606557
64.8999999999976 62 33 1.20450327868852 1.8474131147541
65.9166666666642 61 33 1.06278032786885 1.26746393442623
66.9333333333308 58 35 0.716693442622951 1.20313442622951
67.9499999999974 58 34 0.668883606557377 1.5467262295082
74.0499999999971 57 34 0.906314480874317 1.45273169398907
76.0833333333303 56 34 1.42198360655738 1.73869016393443
78.1166666666635 55 34 2.32292950819672 1.71673852459016
80.1499999999967 55 33 2.6015368852459 1.52775081967213
81.1666666666633 55 32 2.21330819672131 1.41265573770492
82.18333333333 54 33 1.02784590163934 0.999449180327869
83.1999999999966 51 35 0.584206557377049 0.745209836065574
84.2166666666632 50 36 0.561588524590164 2.21643114754098
87.266666666663 49 36 0.69124262295082 4.76885027322404
88.2833333333296 48 37 0.457181967213115 0.817659016393443
89.2999999999962 47 37 0.639390163934426 1.0257
90.3166666666628 46 38 0.80632131147541 1.01397540983607
92.349999999996 46 37 0.504599180327869 0.795317213114754
93.3666666666627 46 36 0.476808196721311 0.935060655737705
96.4166666666625 44 36 0.462691256830601 0.893539890710383
97.4333333333291 44 35 0.436085245901639 0.519032786885246
98.4499999999957 43 36 0.436454098360656 0.517473770491803
104.549999999995 42 37 0.551622677595628 0.486003551912568
105.566666666662 41 36 0.4335 0.472050819672131
110.649999999995 40 36 0.471484918032787 0.29011737704918
127.933333333327 39 37 1.14633780135005 0.411845708775313
136.933333333334 39 36 0.605958703703704 0.545599814814815
138.933333333336 38 37 0.835585833333333 0.526060833333333
140.933333333338 37 38 0.4904175 0.334628333333333
142.933333333339 37 37 0.593069166666667 0.451959166666667
143.93333333334 37 36 0.388506666666667 0.168176666666667
145.933333333342 36 36 0.364889166666667 0.150179166666667
146.933333333342 35 36 0.420221666666667 0.29754
147.933333333343 34 37 0.353415 0.527136666666667
151.933333333346 33 38 0.625334583333334 0.49618625
153.933333333348 32 39 1.79681 0.68967
155.93333333335 31 40 0.862984166666666 0.1950825
165.933333333358 30 41 0.458512833333333 0.052523
178.933333333368 29 41 0.431726153846154 0.0486352564102564
184.933333333373 29 40 0.310094722222222 0.0288416666666667
193.93333333338 29 39 0.326816111111111 0.0197833333333333
194.933333333381 29 38 0.346868333333333 0.0221033333333333
210.933333333393 29 37 0.611219062499999 0.0578633333333333
214.933333333397 28 38 0.286567916666667 0.00218625
216.933333333398 27 38 0.2719275 0.013715
218.9333333334 27 37 0.270561666666667 0.00471833333333333
223.933333333404 26 37 0.253284666666666 0.002059
224.933333333404 25 38 0.27621 0.01565
230.933333333409 24 39 0.227405833333333 0.0119716666666667
234.933333333412 23 39 0.2725925 0.00418083333333333
238.933333333416 22 40 0.208132083333333 0.0013825
241.933333333418 21 41 0.211704444444444 0.00809
261.016666666758 21 40 0.224667423580786 0.00747912663755459
269.150000000084 21 39 0.188027049180328 0.00316659836065574
284.40000000007 21 38 0.399574754098361 0.042052131147541
285.416666666736 20 39 0.1956 0.000211475409836066
294.566666666727 20 38 0.219900910746813 0.0153311475409836
295.583333333393 20 37 0.275685245901639 0.0593508196721311
297.616666666725 20 36 0.276587704918033 0.0608245901639344
319.983333333371 20 35 0.297925782414307 0.0472684053651267
325.0666666667 19 35 0.256411475409836 0.0642173770491803
331.166666666694 19 34 0.252103551912568 0.111332240437158
332.18333333336 18 35 0.213855737704918 0.000191803278688525
333.200000000026 18 34 0.714988524590164 0.398059016393443
334.216666666691 17 35 0.158967213114754 0.00020655737704918
337.266666666689 15 36 0.166677595628415 0.000202185792349727
338.283333333354 14 36 0.337250819672131 0.0382065573770492
341.333333333352 13 37 0.264828961748634 0.0412431693989071
346.41666666668 12 38 0.210111803278689 0.0316406557377049
349.466666666678 11 39 0.156732786885246 0.0384021857923497
357.600000000003 10 40 0.115043852459016 0.0693071721311475
365.733333333329 9 41 0.185895696721312 0.0772495901639344
371.833333333324 8 42 0.665250819672132 0.0522920765027322
386.066666666644 7 42 0.33362318501171 0.0216629976580796
395.216666666636 6 42 0.142738069216758 0.00477613843351548
472.483333333232 5 43 0.158054594478 0.0202870793787748
482.64999999989 4 44 0.0990267213114755 0.00143770491803279
483.666666666555 4 43 0.110368852459016 0.000152459016393443
490.783333333216 3 43 0.196151756440281 0.0331030444964871
528.399999999848 3 42 0.116425431989367 0.0179434647762517
532.466666666511 2 42 0.132261475409836 0.0151844262295082
547.716666666497 1 43 0.0935360655737704 0.00153530054644809
554.833333333157 0 44 0.0562946135831381 0.000279625292740047
600 0 44 0 0.000159234972677596
