# New log 27/04/2014 02:37:17
1 96 32 1.60032166666667 7.53587
3.03333333333333 95 31 0.761588524590164 1.30632540983607
4.04999999999999 92 31 0.802480327868852 3.08839180327869
5.06666666666665 90 32 1.04077213114754 1.29901803278689
6.08333333333332 89 32 1.84755245901639 0.852072131147541
9.10000000000003 89 30 1.44078066298342 1.00539668508287
10.1000000000001 89 29 1.67315166666667 0.95552
13.1000000000002 89 28 0.970120555555556 2.12713055555556
18.1333333333336 87 30 1.0040201986755 0.347033112582781
21.1833333333334 86 30 0.826568306010929 0.798856284153006
23.2166666666666 86 29 0.856912295081967 2.91478852459016
24.2333333333332 85 30 0.779263934426229 1.61432950819672
25.2499999999998 84 29 0.600534426229508 1.20749016393443
27.2833333333331 83 30 0.698868852459017 1.38314344262295
28.2999999999997 83 29 0.714152459016394 1.94065737704918
29.3166666666663 82 28 0.670239344262295 0.633870491803279
30.3333333333329 81 29 0.677881967213115 1.27450327868852
31.3499999999995 80 29 0.62622131147541 2.05115901639344
32.3666666666661 78 30 0.701498360655738 2.92373114754098
33.3833333333327 77 31 0.602152459016393 3.75531475409836
34.3999999999993 76 31 0.698944262295082 5.23669016393443
38.4666666666658 75 31 0.643601229508197 3.12492663934426
42.5333333333322 74 32 0.985544262295082 1.17240163934426
43.5499999999988 73 32 0.792922950819672 1.06238196721311
47.6166666666652 72 32 0.697190983606557 3.25769508196721
49.6499999999985 71 32 0.721084426229508 0.710602459016393
50.6666666666651 70 33 0.572103278688525 0.870036065573771
51.6833333333317 69 32 0.592790163934426 3.31092950819672
54.7333333333315 69 31 0.527120765027322 3.37770710382514
56.7666666666647 68 31 0.467461475409836 0.102227049180328
58.7999999999979 67 32 0.497382786885246 2.2522262295082
63.883333333331 66 32 0.559836065573771 4.78092393442623
67.9499999999974 65 33 0.53483237704918 5.15149795081967
68.966666666664 64 34 0.526547540983607 4.82964918032787
80.1499999999967 63 35 0.525656780923994 3.73958017883756
81.1666666666633 63 34 0.507518032786885 2.56823278688525
86.2499999999964 62 34 0.516771803278689 5.10082262295082
87.266666666663 62 33 0.477067213114754 5.11186065573771
88.2833333333296 62 32 0.500719672131147 5.07245409836066
93.3666666666627 62 31 0.550703278688525 4.75792983606557
95.3999999999959 61 31 0.47695 5.02556475409836
98.4499999999957 61 30 0.759720218579235 4.9563349726776
101.499999999996 61 29 0.490410928961749 4.91174371584699
122.849999999994 60 30 0.497585323965651 4.95466651053864
132.933333333331 60 29 0.495945289256198 4.69992909090909
135.933333333334 60 28 0.485236666666667 3.28272777777778
136.933333333334 59 28 0.483883333333333 5.04653166666667
154.933333333349 58 29 0.489379537037037 5.05417518518519
157.933333333351 57 30 0.443074444444445 4.94288611111111
159.933333333353 56 31 0.4426475 4.9874875
160.933333333354 54 33 0.4407 4.974135
171.933333333362 54 32 0.475562272727272 4.81076378787879
179.933333333369 54 31 0.559452291666667 4.9615425
190.933333333377 53 30 0.433497878787879 3.26172181818182
192.933333333379 53 29 0.4379675 4.44415083333333
199.933333333385 52 30 0.469381666666667 5.06733880952381
216.933333333398 52 29 0.511067549019607 4.31805431372549
223.933333333404 51 30 0.462345238095238 5.0040630952381
224.933333333404 50 31 0.477575 5.33476
226.933333333406 49 32 0.433379166666667 5.53461083333333
233.933333333412 49 31 0.422042857142857 3.88097904761905
247.933333333423 48 32 0.446025357142857 4.10672773809524
252.933333333427 47 33 0.433952333333334 3.834368
255.933333333429 46 33 0.418785555555555 5.25499611111111
257.966666666761 46 32 0.396582786885246 5.87669262295082
264.066666666755 45 33 0.376900819672131 5.23870218579235
266.100000000087 44 33 0.371299180327869 2.37009918032787
274.233333333413 43 34 0.367207581967213 1.40835102459016
278.300000000076 42 35 0.367122540983607 1.3418762295082
284.40000000007 41 35 0.35056912568306 1.34721639344262
286.433333333401 40 35 0.541513934426229 1.3417868852459
308.800000000048 40 34 0.345499627421759 0.664353278688525
313.883333333377 39 34 0.326331803278688 0.684419344262295
322.016666666702 38 34 0.3383 1.43345163934426
328.116666666697 37 33 0.333972677595628 0.550095901639344
342.350000000017 36 34 0.321451522248244 0.572435831381733
344.383333333349 35 35 0.322898360655738 0.555229508196721
345.400000000015 34 36 0.313944262295082 0.801301639344262
349.466666666678 33 37 0.281538114754098 1.1403393442623
356.583333333338 32 38 0.263486885245902 0.937874473067916
372.84999999999 31 37 0.255722336065574 1.02861875
387.08333333331 30 38 0.251946955503513 0.670760889929742
401.31666666663 29 39 0.247804566744731 0.023776112412178
438.933333333263 28 40 0.220939388568897 0.00672131147540984
440.966666666594 27 41 0.216474590163935 0.000137704918032787
447.066666666589 26 41 0.210139344262295 0.000142896174863388
600 26 41 0.205876408641842 0.000141309304092932
