# New log 27/04/2014 02:39:13
1 96 32 3.73077333333333 1.72372166666667
2.01666666666666 96 31 1.78789836065574 0.597493442622951
3.03333333333333 96 29 2.0572737704918 1.13909672131148
4.04999999999999 96 26 4.92264590163934 1.28494918032787
6.08333333333332 96 25 4.71993032786885 1.40452049180328
8.09999999999998 96 23 5.65590247933884 1.58492727272727
10.1000000000001 96 22 4.56026583333334 1.41663666666667
11.1000000000001 96 21 6.26361833333333 1.39979833333333
12.1000000000002 95 21 6.733215 1.56318166666667
13.1000000000002 95 20 5.51174666666666 1.38353166666667
15.1000000000003 95 19 5.27893583333333 1.836785
16.1000000000004 95 18 3.37860333333333 3.68395666666667
17.116666666667 95 17 4.75836557377049 3.22367868852459
22.2 94 18 3.63274491803279 2.70819081967213
24.2333333333332 93 17 4.23837786885246 1.91068278688525
26.2666666666665 92 16 2.16986557377049 1.20251147540984
27.2833333333331 92 15 1.87841639344262 1.02847213114754
28.2999999999997 91 15 1.72608524590164 0.761872131147541
34.3999999999993 91 14 2.19001475409836 0.639456557377049
35.4166666666659 91 13 1.8511262295082 0.239706557377049
37.4499999999992 90 14 2.84385573770492 0.434759016393443
39.4833333333324 89 15 3.73903934426229 0.311923770491803
40.499999999999 88 16 3.81548360655738 0.269736065573771
43.5499999999988 88 15 3.37111202185792 0.704710382513661
44.5666666666654 87 16 2.02884426229508 0.168881967213115
45.583333333332 85 17 1.98993442622951 0.332990163934426
47.6166666666652 84 18 2.05432786885246 0.734736885245902
51.6833333333317 83 17 2.69982418032787 1.1195381147541
52.6999999999983 83 16 2.14394754098361 1.98120163934426
54.7333333333315 82 16 2.0369131147541 1.82943770491803
55.7499999999981 81 16 1.6616 2.81885737704918
60.8333333333312 80 16 1.97514327868852 2.50418131147541
61.8499999999978 80 15 1.37631967213115 2.13246557377049
66.9333333333308 80 14 1.61546983606557 1.94365737704918
74.0499999999971 79 15 2.01643278688525 1.05183466042155
76.0833333333303 79 14 1.50000737704918 0.368730327868852
77.0999999999969 77 15 1.20834262295082 0.317201639344262
86.2499999999964 77 14 1.30586375227687 0.208144808743169
91.3333333333294 76 15 1.87477114754098 0.336770491803279
94.3833333333293 75 16 2.5794349726776 0.252594535519126
95.3999999999959 74 17 1.31613770491803 0.00834918032786885
100.483333333329 73 18 1.11332590163934 0.0199931147540984
116.749999999995 73 17 1.1905300204918 0.26511762295082
119.799999999994 73 16 1.03344754098361 0.0387475409836066
127.933333333327 71 17 0.957749180327869 0.0112649590163934
128.933333333328 71 16 0.921496666666667 0.00017
138.933333333336 71 15 1.36935666666667 0.0331218333333333
139.933333333337 69 16 0.956751666666667 0.043225
141.933333333338 69 15 1.03504916666667 0.061665
145.933333333342 69 14 4.27993 0.28415625
166.933333333358 68 14 1.22056055555556 0.0596735714285714
167.933333333359 67 15 1.24889666666667 0.0119033333333333
169.933333333361 67 14 0.922437500000001 0.00299333333333333
173.933333333364 67 13 0.9815775 0.0169733333333333
179.933333333369 66 14 0.976496388888889 0.0710961111111111
182.933333333371 64 16 1.69755555555556 0.0626933333333333
185.933333333373 63 17 1.08336888888889 0.0896538888888889
186.933333333374 62 18 0.936118333333334 0.02413
194.933333333381 61 18 0.921796458333333 0.0390058333333333
198.933333333384 59 20 1.31285125 0.04107375
207.933333333391 57 21 2.40868407407407 0.139374814814815
208.933333333392 56 20 0.862096666666667 0.027585
209.933333333393 55 21 0.943583333333333 0.07184
213.933333333396 54 22 1.23067291666667 0.062405
214.933333333397 53 22 0.941056666666667 0.0272183333333333
217.933333333399 52 22 0.826457222222222 0.0933344444444444
223.933333333404 51 22 0.808639999999999 0.04677
231.93333333341 51 21 0.809461666666667 0.0172660416666667
237.933333333415 51 19 0.749708611111111 0.04331
244.93333333342 50 19 0.781267380952381 0.161182857142857
250.933333333425 49 20 0.825686388888889 0.0688597222222222
261.016666666758 48 20 0.786303140495868 0.0202254545454545
271.183333333415 48 19 0.727832786885245 0.0117396721311475
274.233333333413 47 20 0.763117486338797 0.0180426229508197
275.250000000078 46 21 0.700329508196721 0.00450327868852459
307.783333333382 46 20 0.673868084016394 0.0161155737704918
316.933333333374 45 21 0.657609836065574 0.00702805100182149
332.18333333336 44 22 0.654802622950819 0.00407748633879781
344.383333333349 43 23 0.665556420765027 0.0136603825136612
345.400000000015 43 22 0.764218032786885 0.0513704918032787
346.41666666668 43 21 0.769439344262295 0.0849754098360656
351.500000000009 42 22 2.30026819672131 0.389375409836066
361.666666666666 41 22 1.19833540983607 0.166743278688525
371.833333333324 41 21 0.693538688524591 0.0176098360655738
385.049999999978 41 20 0.676677553593947 0.0346622950819672
394.19999999997 40 21 0.724046265938069 0.41176029143898
399.283333333299 39 22 0.894371475409836 0.676988196721312
400.299999999965 39 21 0.704347540983607 0.76536393442623
403.349999999962 38 21 0.67286174863388 0.698471038251366
406.399999999959 37 22 0.706939344262295 0.585729508196721
409.449999999956 36 23 0.740178688524591 0.736653005464481
410.466666666622 35 24 0.618291803278689 0.851273770491803
420.633333333279 34 25 0.599374098360656 1.14529836065574
421.649999999945 32 27 0.565473770491803 0.755534426229508
430.799999999937 31 28 0.534098907103825 0.585637158469945
436.899999999931 31 27 0.58160300546448 0.662627595628415
439.949999999929 30 28 0.545613114754098 0.509214207650273
473.499999999898 29 28 0.625565176353701 0.623610283159464
496.88333333321 28 29 0.756716322166786 0.739730577334284
506.033333333202 28 28 0.541611839708561 0.601344262295082
526.366666666517 27 27 0.696512540983606 0.64192368852459
527.383333333182 27 26 0.586672131147541 0.609222950819672
531.449999999845 26 26 0.597177459016394 0.608939344262295
538.566666666506 25 27 0.612525526932085 0.63703793911007
561.949999999818 25 26 0.510441339985745 0.643240413399857
569.066666666478 24 26 0.519346370023419 0.633542857142857
570.083333333144 24 25 0.51015737704918 0.608565573770492
600 24 25 0.680285573770491 0.647778743169399
