# New log 27/04/2014 02:26:20
1 96 32 3.140245 1.44546333333333
3.03333333333333 96 31 2.45895409836066 1.68546885245902
5.06666666666665 96 30 3.31163442622951 1.37460737704918
6.08333333333332 95 29 4.11634098360656 1.67717868852459
7.09999999999998 93 31 3.05346557377049 1.3343737704918
8.09999999999998 91 30 1.73192666666667 1.03904833333333
9.10000000000003 91 29 1.32354 0.385968333333333
10.1000000000001 90 28 1.38999333333333 0.299008333333333
11.1000000000001 89 29 1.43016333333333 0.450501666666667
12.1000000000002 89 27 1.462095 0.361045
13.1000000000002 89 25 1.66950166666667 0.649895
14.1000000000003 88 24 2.09996333333333 0.26718
15.1000000000003 86 26 1.947615 0.43105
17.116666666667 85 27 1.81060330578512 0.703601652892562
18.1333333333336 85 26 2.50364426229508 1.09110983606557
20.1666666666668 84 27 1.43479836065574 0.902141803278689
21.1833333333334 82 28 1.57096229508197 1.19182950819672
23.2166666666666 81 29 2.00789754098361 1.52203196721311
25.2499999999998 81 28 2.08812950819672 1.23173442622951
26.2666666666665 81 26 1.68264590163934 0.561372131147541
27.2833333333331 78 27 1.09448196721311 0.116745901639344
29.3166666666663 77 27 1.28862213114754 0.302922131147541
30.3333333333329 76 28 1.36266557377049 0.502159016393443
31.3499999999995 76 27 2.17305573770492 0.632696721311475
34.3999999999993 75 28 2.44076393442623 0.433413661202186
36.4333333333325 74 29 3.91429180327869 0.450202459016393
37.4499999999992 72 29 2.57210819672131 0.119375409836066
40.499999999999 71 29 1.35001420765027 0.127192896174863
43.5499999999988 70 30 1.14322459016393 0.185942076502732
44.5666666666654 69 31 1.1081 0.315149180327869
46.5999999999986 67 32 1.55233278688525 0.313613114754098
50.6666666666651 67 31 2.38583729508197 0.545306967213115
53.7166666666649 67 30 2.66714590163934 1.07973879781421
54.7333333333315 66 30 3.05861475409836 0.775254098360656
55.7499999999981 65 30 2.39238524590164 0.473067213114754
56.7666666666647 64 31 2.17506557377049 0.262509836065574
57.7833333333313 64 30 1.21200163934426 0.183403278688525
60.8333333333312 63 30 1.32514153005464 0.30521693989071
66.9333333333308 62 31 1.20164262295082 0.142544808743169
67.9499999999974 61 31 1.64783934426229 0.710554098360656
75.0666666666637 61 30 3.33542037470726 0.652124121779859
77.0999999999969 61 29 1.6195893442623 0.804511475409836
80.1499999999967 61 28 1.43831147540984 0.69878306010929
84.2166666666632 60 29 1.38855204918033 0.577318442622951
85.2333333333298 59 29 1.97192131147541 0.539595081967213
86.2499999999964 58 29 2.17834426229508 0.64237868852459
95.3999999999959 57 28 1.2723320582878 0.786941347905282
97.4333333333291 56 28 0.928463934426229 1.04536557377049
98.4499999999957 55 28 0.936580327868852 0.668683606557377
107.599999999995 55 27 0.927929508196722 1.05080072859745
112.683333333328 55 26 0.867152459016394 1.16072950819672
113.699999999995 55 25 0.792839344262295 1.11108032786885
114.716666666661 55 24 0.814544262295082 1.0967131147541
116.749999999995 54 25 0.796601639344263 0.863617213114754
118.783333333328 53 25 0.846701639344262 0.714476229508197
119.799999999994 52 25 0.733916393442623 0.65595737704918
125.899999999994 52 24 0.792981693989071 0.574965573770492
127.933333333327 51 25 0.806508196721311 0.666412295081967
129.933333333329 51 24 0.918731666666667 0.631324166666667
132.933333333331 51 23 0.873691111111111 0.659004444444445
144.933333333341 51 22 0.941009999999999 0.610882777777778
146.933333333342 50 23 1.02440583333333 0.657881666666667
149.933333333345 49 23 0.704561111111111 0.554201111111111
154.933333333349 47 24 0.723207 0.636279333333333
155.93333333335 47 23 0.703963333333333 0.564861666666667
168.93333333336 46 23 0.665618717948718 0.592335384615385
169.933333333361 45 24 0.628675 0.438576666666667
232.933333333411 44 24 0.648491375661375 0.552971613756614
256.950000000095 43 24 0.674208188757806 0.674965718251215
257.966666666761 43 23 0.683675409836066 0.949073770491803
392.166666666639 42 23 0.660420740188772 0.55734628663686
419.616666666614 42 22 0.644382877959928 0.522908378870674
600 42 22 0.669166853932584 0.514961079388469
