# New log 27/04/2014 02:25:46
1 96 32 1.34433833333333 4.55794333333333
3.03333333333333 95 33 0.794101639344262 0.583618032786885
4.04999999999999 93 34 1.76507704918033 1.74448360655738
5.06666666666665 92 35 1.0471262295082 0.602988524590164
6.08333333333332 92 34 0.703370491803279 0.0931491803278689
8.09999999999998 92 33 0.777548760330579 0.524851239669421
9.10000000000003 87 38 0.760005 0.292465
10.1000000000001 86 38 0.800163333333333 0.209506666666667
11.1000000000001 85 38 1.26404333333333 0.349988333333333
12.1000000000002 85 37 0.665686666666667 1.89350333333333
14.1000000000003 83 38 0.993393333333333 0.660908333333333
17.116666666667 83 37 0.596692817679558 0.19627182320442
18.1333333333336 81 38 0.579150819672131 0.228703278688525
19.1500000000002 81 37 0.775032786885246 0.0824655737704918
21.1833333333334 80 36 0.570926229508197 0.38359262295082
23.2166666666666 79 34 0.642091803278689 0.466790163934426
25.2499999999998 78 34 0.614488524590164 0.279529508196721
27.2833333333331 78 33 0.604927049180328 0.0558918032786885
29.3166666666663 77 33 0.582981967213115 0.139852459016393
32.3666666666661 77 32 0.59621912568306 0.251466666666667
34.3999999999993 75 33 0.540698360655738 0.252287704918033
35.4166666666659 74 34 0.541940983606557 0.418527868852459
36.4333333333325 74 33 0.513219672131148 0.21217868852459
37.4499999999992 73 34 0.487565573770492 0.510493442622951
38.4666666666658 73 32 0.526624590163934 0.877380327868852
39.4833333333324 71 29 0.613819672131147 2.8814
41.5166666666656 71 27 0.633581967213115 3.26735655737705
42.5333333333322 70 28 0.580716393442623 0.368714754098361
46.5999999999986 69 29 0.557267213114754 0.176581967213115
47.6166666666652 69 28 2.03065573770492 0.157626229508197
48.6333333333319 68 28 0.624873770491803 0.0570918032786885
50.6666666666651 68 27 0.514050819672131 0.367332786885246
51.6833333333317 67 26 0.621888524590164 0.131227868852459
56.7666666666647 66 27 0.501899672131147 0.131177704918033
59.8166666666646 65 27 0.500134972677596 0.217052459016393
60.8333333333312 65 26 0.481101639344262 0.13616393442623
62.8666666666644 64 26 0.523711475409836 0.262440983606557
66.9333333333308 63 27 0.544629918032787 0.1307
69.9833333333306 62 27 0.526530601092896 0.337962295081967
70.9999999999973 61 26 0.525586885245902 0.219124590163934
74.0499999999971 59 27 0.422636612021858 0.120585245901639
76.0833333333303 58 25 0.378854098360656 0.0849
77.0999999999969 57 26 0.436083606557377 0.0369377049180328
83.1999999999966 57 25 0.43735 2.20725628415301
87.266666666663 57 24 0.412631967213115 0.0492639344262295
88.2833333333296 55 26 0.404683606557377 0.1665
92.349999999996 54 27 0.611178278688525 0.0764049180327869
93.3666666666627 53 26 0.636703278688525 0.0523524590163934
94.3833333333293 51 27 0.672991803278688 0.316204918032787
95.3999999999959 50 27 0.423427868852459 0.0413524590163934
97.4333333333291 50 25 0.602263934426229 0.1309
98.4499999999957 50 24 0.488581967213115 0.0569885245901639
99.4666666666623 49 24 0.378288524590164 1.17915901639344
102.516666666662 49 23 0.440178142076503 2.9275393442623
104.549999999995 47 24 0.358336885245902 1.07071393442623
106.583333333329 46 25 0.345350819672131 0.0415508196721312
108.616666666662 45 26 0.327995901639344 0.023
113.699999999995 44 27 0.432495081967213 0.116359672131148
115.733333333328 43 28 0.343494262295082 0.174347540983607
118.783333333328 42 29 0.357534426229508 0.0676306010928962
120.816666666661 41 30 0.396159836065574 0.25987868852459
122.849999999994 40 30 0.339976229508197 0.0320655737704918
123.866666666661 39 31 0.344501639344262 0.0147032786885246
125.899999999994 38 32 0.337995081967213 0.0218254098360656
128.933333333328 37 33 0.323399450549451 0.0366362637362637
129.933333333329 36 33 0.392786666666667 0.190326666666667
130.93333333333 35 34 0.301151666666667 0.00850333333333333
132.933333333331 34 35 0.3419525 0.119421666666667
153.933333333348 34 34 0.35042753968254 0.08302
154.933333333349 33 35 0.710028333333333 0.26502
163.933333333356 32 35 0.721714814814815 0.334708518518519
165.933333333358 32 34 0.21206 0.0117316666666667
168.93333333336 31 34 0.219063888888889 0.0193661111111111
180.933333333369 30 34 0.230390555555556 0.0165743055555556
183.933333333372 29 34 0.215772777777778 0.00959444444444445
185.933333333373 28 34 0.216750833333333 0.00576166666666667
188.933333333376 27 35 0.208501111111111 0.00274944444444444
191.933333333378 27 34 0.205334444444445 0.000158333333333333
193.93333333338 26 35 0.208200833333333 0.00016
216.933333333398 25 36 0.363525869565217 0.00674144927536232
217.933333333399 24 36 0.24845 0.380206666666667
221.933333333402 23 36 0.22469375 0.128889166666667
227.933333333407 23 35 0.180001388888889 0.0277977777777778
230.933333333409 22 36 0.154624444444444 0.0100761111111111
233.933333333412 21 37 0.142139444444444 0.103402222222222
239.933333333416 20 36 0.135684722222222 0.0363855555555556
240.933333333417 19 37 0.131581666666667 0.000165
256.950000000095 18 38 0.133599895941727 0.0114616024973985
263.050000000089 17 39 0.137659836065574 0.000158469945355191
265.083333333421 16 39 0.123426229508197 0.000145081967213115
267.116666666752 15 40 0.123210655737705 0.000147540983606557
285.416666666736 14 41 0.113162112932605 0.000148178506375228
343.366666666683 13 42 0.0985932125395455 0.00659450675870003
427.74999999994 12 43 0.0926623148331029 0.00462413588781355
600 12 43 0.0872074638379942 0.000844783027965284
