# New log 27/04/2014 02:27:40
1 96 32 1.70665333333333 0.476453333333333
4.04999999999999 96 31 1.33928087431694 0.630751366120219
5.06666666666665 95 31 1.44019672131148 2.2772131147541
7.09999999999998 95 29 1.69343524590164 2.66743852459016
8.09999999999998 94 28 1.49892666666667 0.636906666666667
10.1000000000001 94 27 1.07929 0.456640833333333
11.1000000000001 91 29 0.905138333333334 0.254193333333333
12.1000000000002 90 29 0.826048333333334 0.26678
13.1000000000002 88 30 1.06836333333333 0.416191666666667
14.1000000000003 87 28 1.01107333333333 0.413268333333333
15.1000000000003 85 29 0.873005 0.304465
16.1000000000004 84 30 1.91514666666667 0.40381
17.116666666667 83 31 1.79913770491803 0.300340983606557
18.1333333333336 81 31 1.8677393442623 0.709455737704918
19.1500000000002 80 32 0.826926229508197 0.718914754098361
20.1666666666668 79 33 1.34451475409836 0.540719672131147
22.2 77 34 0.933797540983606 0.173743442622951
23.2166666666666 76 35 1.04706721311475 0.514770491803279
24.2333333333332 75 36 1.35772131147541 0.349059016393443
25.2499999999998 74 37 0.799659016393443 0.364868852459016
28.2999999999997 73 36 1.06242896174863 0.440693989071038
29.3166666666663 72 34 1.12881147540984 0.577452459016394
30.3333333333329 71 35 0.805729508196722 0.297708196721311
32.3666666666661 69 35 1.3879893442623 0.418462295081967
33.3833333333327 68 36 2.04677868852459 0.379936065573771
34.3999999999993 67 37 1.09136557377049 0.649081967213115
35.4166666666659 67 36 0.894195081967213 0.354747540983607
36.4333333333325 66 37 0.943324590163934 0.301150819672131
37.4499999999992 65 38 0.832319672131148 0.416786885245902
38.4666666666658 63 39 0.815847540983607 0.653975409836066
41.5166666666656 63 38 0.973698360655737 0.437693442622951
42.5333333333322 62 39 2.49073114754098 0.788985245901639
43.5499999999988 62 38 2.89881639344262 0.264867213114754
44.5666666666654 62 36 2.78663934426229 0.300647540983607
45.583333333332 62 34 2.7440737704918 0.181898360655738
46.5999999999986 62 33 0.817460655737705 0.114550819672131
47.6166666666652 61 33 0.732873770491803 0.140259016393443
48.6333333333319 61 32 0.837704918032787 0.208198360655738
53.7166666666649 60 32 0.592609508196721 0.947467540983607
56.7666666666647 59 33 0.701576502732241 0.995787978142077
58.7999999999979 59 32 0.840683606557377 0.73889262295082
60.8333333333312 59 31 0.756451639344262 0.376841803278689
64.8999999999976 58 32 1.25736147540984 0.215115573770492
69.9833333333306 58 31 1.3128 0.301945573770492
70.9999999999973 57 31 0.659439344262295 0.212519672131148
74.0499999999971 56 32 0.688847540983607 1.09295464480874
79.1333333333301 56 31 0.612444262295082 2.32238754098361
80.1499999999967 56 30 0.55366393442623 1.94129836065574
83.1999999999966 55 30 0.732172677595629 1.40084699453552
88.2833333333296 55 29 0.801014426229508 1.94738426229508
90.3166666666628 54 29 1.68110901639344 2.62947540983607
92.349999999996 53 30 1.53919754098361 2.58955983606557
96.4166666666625 52 31 1.61786106557377 0.825841803278689
97.4333333333291 51 32 1.37606557377049 0.673008196721312
98.4499999999957 49 33 0.655880327868852 0.583490163934426
102.516666666662 48 33 0.681786065573771 0.947962295081967
104.549999999995 48 32 0.582304098360656 1.17567131147541
108.616666666662 47 33 0.560470491803279 0.730929098360656
110.649999999995 46 33 0.481076229508197 0.660818852459016
111.666666666662 46 32 0.548881967213115 0.130393442622951
112.683333333328 46 31 0.485885245901639 0.317081967213115
113.699999999995 45 31 0.563044262295082 0.221327868852459
114.716666666661 44 32 0.483806557377049 0.0885770491803279
116.749999999995 44 31 0.574312295081967 0.139504098360656
117.766666666661 43 31 0.714116393442623 0.245965573770492
118.783333333328 42 32 0.703767213114754 0.159411475409836
119.799999999994 42 30 0.524301639344262 0.264537704918033
122.849999999994 41 31 0.451358469945355 0.208692349726776
123.866666666661 40 32 0.431918032786885 0.133585245901639
124.883333333328 39 33 0.356514754098361 0.115891803278689
125.899999999994 38 34 0.307091803278689 0.216455737704918
126.916666666661 35 35 0.312147540983607 0.122783606557377
127.933333333327 34 36 0.357472131147541 0.118511475409836
131.93333333333 33 37 0.344462083333333 0.0591391666666667
132.933333333331 33 36 0.495363333333333 0.107503333333333
133.933333333332 31 37 0.467695 0.145395
135.933333333334 31 36 0.4826075 0.197893333333333
140.933333333338 30 37 0.446291666666667 0.131790333333333
146.933333333342 28 38 0.621927222222222 0.440681666666667
147.933333333343 28 37 0.347616666666667 0.240416666666667
150.933333333346 27 37 0.280749444444445 0.156115
158.933333333352 26 37 0.211450416666667 0.0285604166666667
160.933333333354 25 38 0.208793333333333 0.0479475
162.933333333355 24 39 0.247255833333333 0.0603966666666667
174.933333333365 24 38 0.191008055555556 0.0511725
175.933333333365 23 37 0.347821666666667 0.07394
179.933333333369 22 37 0.19261625 0.0417066666666667
182.933333333371 21 37 0.172438333333333 0.0615533333333333
187.933333333375 19 37 0.431683666666667 0.0460153333333333
195.933333333381 18 37 0.163951875 0.0176383333333333
202.933333333387 17 38 0.181533571428571 0.0189080952380952
209.933333333393 17 37 0.186135 0.0174766666666667
211.933333333394 17 36 0.251064166666667 0.0052475
214.933333333397 16 36 0.191417222222222 0.000156666666666667
215.933333333397 16 35 0.184598333333333 0.00017
217.933333333399 15 35 0.1827925 0.0182633333333333
218.9333333334 13 37 0.14854 0.0337733333333333
219.933333333401 13 36 0.124073333333333 0.00670333333333333
224.933333333404 11 37 0.121600333333333 0.0274713333333333
227.933333333407 10 38 0.132552222222222 0.0133188888888889
231.93333333341 9 39 0.128375 0.00275291666666667
233.933333333412 8 40 0.0618483333333334 0.00017
282.366666666739 7 41 0.138244666207847 0.0108250516173434
288.466666666733 6 42 0.0472218579234973 0.00154535519125683
600 6 42 0.0382875100122822 0.000158124632883003
