# New log 27/04/2014 01:28:23
1 96 32 3.31975 1.61441666666667
4.04999999999999 95 30 1.74945792349727 0.551915846994536
5.06666666666665 94 29 1.56710983606557 0.371122950819672
6.08333333333332 94 28 2.24880983606557 0.49604262295082
7.09999999999998 94 27 1.9523737704918 0.590154098360656
8.09999999999998 94 26 3.88845833333333 0.301386666666667
11.1000000000001 93 27 3.80967166666666 0.786803333333333
12.1000000000002 93 26 2.93384333333333 0.963231666666667
13.1000000000002 92 26 2.63605333333333 0.897258333333333
14.1000000000003 92 25 1.97404833333333 1.64656166666667
15.1000000000003 91 25 1.87353 1.10904833333333
16.1000000000004 90 25 1.86279666666667 1.26447333333333
17.116666666667 90 22 3.12714918032787 1.07642459016393
18.1333333333336 89 22 2.48615737704918 0.685952459016393
20.1666666666668 89 20 4.1892 0.992334426229508
21.1833333333334 88 20 3.86644590163935 0.660090163934426
22.2 87 20 2.08908032786885 0.508096721311475
24.2333333333332 87 19 2.25779098360656 0.374013114754098
26.2666666666665 86 19 2.42866557377049 0.280822131147541
27.2833333333331 86 18 4.56767213114754 0.574231147540984
28.2999999999997 85 18 2.84735081967213 0.334532786885246
34.3999999999993 85 17 3.0819237704918 0.29275218579235
43.5499999999988 85 16 2.65227231329691 0.434850637522769
45.583333333332 85 15 2.0181131147541 0.188099180327869
46.5999999999986 84 16 1.61436229508197 0.054744262295082
48.6333333333319 83 17 2.0567237704918 0.0607131147540984
52.6999999999983 82 17 1.8883618852459 0.219237704918033
53.7166666666649 82 16 1.89025737704918 0.191501639344262
55.7499999999981 82 15 2.01738114754098 0.170727049180328
57.7833333333313 81 14 1.87826721311475 0.23853606557377
58.7999999999979 80 14 2.09440491803279 0.373440983606557
59.8166666666646 79 15 2.08279344262295 0.526104918032787
60.8333333333312 79 14 2.28413114754098 0.416919672131148
64.8999999999976 78 15 3.12794836065574 0.542863934426229
67.9499999999974 77 16 1.94840109289618 0.444705464480874
77.0999999999969 76 16 1.90121857923497 0.889873041894353
80.1499999999967 76 15 1.6741606557377 1.44059453551913
87.266666666663 75 16 1.99886416861827 1.46387985948478
89.2999999999962 74 16 2.72655573770492 1.59870901639344
90.3166666666628 73 15 1.9367131147541 0.574773770491803
91.3333333333294 73 13 1.9067737704918 1.90876393442623
92.349999999996 72 13 2.08149672131148 1.03126393442623
93.3666666666627 72 12 2.02737704918033 0.764170491803279
95.3999999999959 71 12 1.76405573770492 0.590868852459016
101.499999999996 70 13 1.78494153005465 0.733453825136612
106.583333333329 69 14 1.50881114754098 0.526571803278688
111.666666666662 68 15 1.45372983606557 0.942030163934426
122.849999999994 68 14 1.37190044709389 0.598634873323398
126.916666666661 67 15 1.34990655737705 0.217396721311475
141.933333333338 66 16 1.2984064372919 0.205293784683685
142.933333333339 65 17 1.29106333333333 0.136121666666667
160.933333333354 64 17 1.22775037037037 0.220301666666667
163.933333333356 64 16 1.27420666666667 0.172529444444444
164.933333333357 63 16 2.46796833333333 0.609943333333333
171.933333333362 62 17 2.3230130952381 0.58117
176.933333333366 62 16 1.24089133333333 0.199964666666667
187.933333333375 61 17 1.22893378787879 0.183331666666667
190.933333333377 60 16 1.20476444444445 0.170713888888889
195.933333333381 60 14 1.21405566666667 0.000178333333333333
197.933333333383 59 15 1.22415333333333 0.0126066666666667
198.933333333384 59 14 1.12289166666667 0.00019
209.933333333393 57 16 1.12933287878788 0.000963636363636364
211.933333333394 56 17 1.09365083333333 0.000165
293.550000000062 56 16 1.06175760669798 0.000848805391055748
325.0666666667 54 17 1.14594955050238 0.076397778952935
333.200000000026 53 18 0.991129508196722 0.00630614754098361
336.250000000023 52 18 0.999856284153006 0.000181967213114754
338.283333333354 51 19 0.996354918032787 0.045005737704918
347.433333333346 50 20 1.01029799635701 0.100438615664845
349.466666666678 49 20 1.03932295081967 0.194372950819672
358.616666666669 49 19 0.999851183970855 0.129637158469945
359.633333333335 47 19 0.889972131147541 0.000437704918032787
600 47 19 0.941267247700076 0.00017675174655876
