# New log 27/04/2014 01:27:35
1 96 32 1.50035666666667 3.16184333333333
4.04999999999999 95 33 0.870665027322404 0.656589617486339
5.06666666666665 95 30 1.21931639344262 2.20304918032787
6.08333333333332 94 30 1.12849180327869 0.339504918032787
8.09999999999998 93 31 1.42989256198347 0.279944628099174
9.10000000000003 91 32 1.66043 0.313451666666667
10.1000000000001 90 33 0.797476666666667 0.145495
11.1000000000001 89 31 0.722571666666667 0.165233333333333
13.1000000000002 89 30 0.678213333333333 0.109269166666667
14.1000000000003 88 31 0.707656666666667 0.23433
15.1000000000003 87 30 0.799028333333334 0.28396
16.1000000000004 86 30 0.64857 0.190466666666667
18.1333333333336 86 28 0.685236065573771 0.167565573770492
19.1500000000002 85 29 0.65926393442623 0.623096721311476
21.1833333333334 85 28 0.682162295081967 0.495460655737705
23.2166666666666 84 28 0.707868852459017 0.262115573770492
24.2333333333332 83 28 0.640144262295082 0.176304918032787
26.2666666666665 83 27 0.62892868852459 0.194360655737705
27.2833333333331 83 26 0.838327868852459 0.374106557377049
28.2999999999997 82 25 1.28713606557377 6.61763770491803
30.3333333333329 82 23 1.06235245901639 9.64820655737705
31.3499999999995 81 23 1.26300327868853 9.90273606557377
35.4166666666659 80 24 0.957509836065574 9.52537213114754
36.4333333333325 79 25 1.81004262295082 8.89018032786885
40.499999999999 78 26 0.756819672131147 3.08768893442623
41.5166666666656 78 25 0.788167213114754 0.385855737704918
44.5666666666654 77 26 0.723253551912569 0.230178142076503
46.5999999999986 77 25 0.850021311475409 0.146081967213115
49.6499999999985 77 24 0.581756830601093 0.132778142076503
51.6833333333317 76 25 0.821147540983607 0.672518852459016
55.7499999999981 76 24 0.806313114754099 0.735048770491803
56.7666666666647 75 25 0.741611475409836 0.54527868852459
61.8499999999978 73 25 0.671009180327869 0.076724262295082
64.8999999999976 72 25 0.557303825136612 0.0569513661202186
67.9499999999974 72 24 0.537017486338798 0.246737704918033
69.9833333333306 72 23 0.689637704918033 0.348054098360656
73.0333333333305 71 24 0.53892349726776 0.169122404371585
78.1166666666635 69 24 0.780188196721312 0.131541639344262
87.266666666663 68 25 0.554794171220401 0.0336513661202186
92.349999999996 67 26 0.56501475409836 0.0624340983606557
95.3999999999959 66 27 0.555583606557377 0.00734590163934426
105.566666666662 63 27 0.534791475409835 0.0541944262295082
106.583333333329 62 26 0.456191803278689 0.156432786885246
107.599999999995 61 25 0.465839344262295 0.0349065573770492
111.666666666662 60 25 0.535351639344262 0.0666655737704918
115.733333333328 59 26 0.544486475409836 0.0239418032786885
118.783333333328 58 27 0.616446994535519 0.081844262295082
120.816666666661 56 27 0.518170491803279 0.00522049180327869
121.833333333328 55 27 0.486327868852459 0.11994262295082
128.933333333328 55 26 0.448984037558686 0.00609154929577465
134.933333333333 54 26 0.475763055555555 0.0242925
136.933333333334 53 26 0.48228 0.01988
149.933333333345 53 25 0.449209871794872 0.00102064102564103
151.933333333346 51 27 0.437715 0.0118491666666667
154.933333333349 51 26 0.398255 0.00785444444444445
158.933333333352 50 25 0.393772916666667 0.000145416666666667
159.933333333353 50 24 0.42915 0.0145966666666667
167.933333333359 50 23 0.408263125 0.00431
170.933333333362 50 22 0.402449444444444 0.000146666666666667
176.933333333366 49 23 0.516809444444445 0.0169819444444444
186.933333333374 49 22 0.460507666666666 0.013515
188.933333333376 48 23 0.401815 0.0140708333333333
190.933333333377 47 23 0.389313333333333 0.000175
191.933333333378 46 24 0.388493333333333 0.000185
203.933333333388 45 25 0.401294722222222 0.0001475
241.933333333418 44 26 0.432014780701755 0.000209254385964912
246.933333333422 43 27 0.410269 0.000157333333333333
254.933333333428 42 28 0.402798541666667 0.000138958333333333
256.950000000095 40 29 0.39899173553719 0.00017603305785124
257.966666666761 40 28 0.378795081967213 0.000147540983606557
263.050000000089 39 28 0.376124918032787 0.000163606557377049
265.083333333421 38 29 0.350011475409836 0.00015
267.116666666752 37 29 0.356062295081967 0.000872950819672131
271.183333333415 37 28 0.33235368852459 0.00506680327868852
275.250000000078 36 28 0.343665573770492 0.00132786885245902
291.51666666673 35 28 0.331778278688524 0.00462786885245902
292.533333333396 35 27 0.331260655737705 0.000152459016393443
301.683333333388 34 27 0.322829326047359 0.00410856102003643
303.716666666719 33 27 0.313547540983607 0.000147540983606557
306.766666666716 32 28 0.293666120218579 0.000150819672131148
363.699999999998 32 27 0.291567915690866 0.00257040398126464
365.733333333329 31 28 0.268617213114754 0.00105983606557377
377.933333333318 30 29 0.272048770491803 0.00172581967213115
433.849999999934 29 29 0.266890104321908 0.000137555886736215
448.083333333254 28 30 0.258588290398127 0.00111007025761124
479.599999999892 27 31 0.26374262295082 0.0001590692755156
600 27 31 0.246680562060889 0.000565863066538091
