# New log 27/04/2014 01:29:53
1 96 32 1.628055 0.292775
4.04999999999999 95 33 1.17570819672131 0.49238087431694
5.06666666666665 95 29 2.67019672131148 0.153108196721311
6.08333333333332 95 27 2.90533442622951 0.239262295081967
8.09999999999998 94 27 2.93773966942149 0.346986776859504
10.1000000000001 93 27 2.91385916666667 0.502170833333333
11.1000000000001 91 29 2.55411166666667 0.276858333333333
13.1000000000002 90 29 3.95127083333333 0.557643333333333
15.1000000000003 89 30 2.17734 0.5215125
16.1000000000004 88 29 1.78051833333333 0.443873333333333
17.116666666667 86 31 2.31962459016393 0.470290163934426
21.1833333333334 86 30 3.09746721311475 0.67735
22.2 86 29 3.70160819672131 0.526919672131148
23.2166666666666 84 31 3.0005393442623 0.354791803278689
24.2333333333332 84 30 3.55468852459016 0.314547540983607
25.2499999999998 83 30 4.00987049180328 0.365691803278689
26.2666666666665 82 30 3.1996393442623 0.54722131147541
28.2999999999997 81 30 2.14411065573771 0.416933606557377
31.3499999999995 81 29 2.89525573770492 0.333384699453552
33.3833333333327 80 29 2.07666721311475 0.432329508196721
34.3999999999993 80 28 1.26953606557377 0.333695081967213
35.4166666666659 79 28 1.03121967213115 0.390852459016393
38.4666666666658 77 28 1.45022568306011 0.10498087431694
39.4833333333324 77 27 1.21939344262295 0.186998360655738
40.499999999999 76 28 0.906324590163934 0.32632131147541
48.6333333333319 74 29 1.116 0.299899180327869
49.6499999999985 74 28 1.51935409836066 0.615086885245902
50.6666666666651 73 28 2.28666557377049 0.379768852459016
54.7333333333315 72 28 1.51995942622951 0.40358237704918
61.8499999999978 70 29 1.07589672131148 0.231975644028103
63.883333333331 69 29 1.0380393442623 0.0935409836065574
67.9499999999974 68 29 1.68818852459016 0.121127459016393
69.9833333333306 67 29 2.53027131147541 0.103440983606557
70.9999999999973 66 28 2.24903770491803 0.219262295081967
74.0499999999971 64 29 1.38288196721311 0.0931098360655738
77.0999999999969 63 29 0.981615300546448 2.42561202185792
78.1166666666635 62 30 0.656113114754098 0.0894491803278689
79.1333333333301 61 31 0.649601639344262 0.0469508196721312
80.1499999999967 59 33 0.569306557377049 0.0399180327868852
82.18333333333 59 32 0.588614754098361 0.11005737704918
86.2499999999964 56 31 0.710105327868853 0.0927372950819672
87.266666666663 54 31 0.581801639344262 0.11452131147541
88.2833333333296 52 31 1.01291639344262 0.266632786885246
89.2999999999962 51 32 1.14975245901639 0.423924590163934
90.3166666666628 50 32 0.743545901639344 0.14042131147541
92.349999999996 49 33 1.1564393442623 0.110839344262295
93.3666666666627 48 34 1.80982131147541 0.158795081967213
95.3999999999959 48 33 1.53780245901639 0.175997540983607
96.4166666666625 45 36 1.19057540983607 0.0801819672131148
97.4333333333291 45 35 0.454659016393443 0.00171147540983607
98.4499999999957 45 34 0.465037704918033 0.0223622950819672
99.4666666666623 43 36 0.430486885245902 0.00885245901639344
101.499999999996 42 37 0.493164754098361 0.0693303278688525
102.516666666662 40 39 0.400824590163935 0.0443868852459016
104.549999999995 38 40 0.340095081967213 0.0226565573770492
106.583333333329 37 41 0.438786065573771 0.054266393442623
108.616666666662 36 42 0.680256557377049 0.0746475409836066
113.699999999995 34 44 0.788081639344262 0.0829855737704918
114.716666666661 33 45 0.31414262295082 0.0373327868852459
116.749999999995 32 46 0.317795081967213 0.0198672131147541
134.933333333333 32 45 0.53920403299725 0.0624327222731439
135.933333333334 32 44 0.620576666666667 0.137195
137.933333333335 31 44 0.499046666666667 0.0801041666666667
141.933333333338 30 45 1.64786416666667 0.573748333333333
147.933333333343 29 45 0.362537777777777 0.0228158333333333
151.933333333346 29 44 0.491580833333334 0.0323920833333333
164.933333333357 27 46 0.60209923076923 0.0815098717948718
165.933333333358 26 47 0.395601666666667 0.0526083333333333
167.933333333359 26 46 0.441008333333333 0.0381791666666667
170.933333333362 26 45 0.507387777777778 0.113911111111111
172.933333333363 26 43 0.60954 0.434956666666667
174.933333333365 24 43 0.737428333333334 0.173075833333333
175.933333333365 23 44 1.01166 0.0791966666666667
176.933333333366 21 45 0.426758333333333 0.150208333333333
184.933333333373 21 44 0.574449791666666 0.432035625
192.933333333379 20 45 0.298096666666667 0.033571875
193.93333333338 19 46 0.26939 0.0657666666666667
195.933333333381 18 47 0.3364025 0.0209083333333333
198.933333333384 17 48 0.392924444444444 0.0189016666666667
199.933333333385 16 48 0.278458333333333 0.00532
200.933333333385 16 47 1.798745 0.029265
206.93333333339 14 47 3.70552027777778 0.0576727777777778
210.933333333393 13 48 3.73446625 0.102335416666667
214.933333333397 12 49 0.208527916666667 0.00116458333333333
217.933333333399 11 49 0.29668 0.051395
218.9333333334 10 49 0.18174 0.00015
220.933333333401 9 49 0.191466666666667 0.00714083333333333
223.933333333404 8 50 0.163151666666667 0.000551111111111111
226.933333333406 7 50 0.174043888888889 0.00381111111111111
233.933333333412 6 50 0.372126190476191 0.0825219047619048
237.933333333415 5 50 0.367722083333334 0.0942041666666667
241.933333333418 4 51 0.07796875 0.000146666666666667
273.216666666747 3 52 0.0496995205114546 0.0022006925945658
600 3 52 0.0349613684960803 0.000170272884634966
