# New log 27/04/2014 02:36:20
1 96 32 2.06309333333333 0.647418333333333
4.04999999999999 96 30 1.27965519125683 0.449772677595628
5.06666666666665 94 28 1.49738852459016 0.205040983606557
6.08333333333332 92 25 1.30068032786885 0.326626229508197
7.09999999999998 90 25 1.64067540983607 0.206580327868852
8.09999999999998 89 25 1.14727333333333 0.277481666666667
9.10000000000003 88 24 1.48903833333333 0.575131666666667
10.1000000000001 87 23 1.39547833333333 0.568066666666667
12.1000000000002 85 23 1.23379 0.573151666666667
13.1000000000002 85 22 1.42359 0.708366666666667
14.1000000000003 85 21 1.344435 0.57129
15.1000000000003 83 22 1.05816833333333 0.571941666666667
17.116666666667 82 23 1.35216859504132 0.509857024793388
18.1333333333336 81 22 1.65138360655738 0.652914754098361
20.1666666666668 80 23 1.80509426229508 0.671211475409836
21.1833333333334 79 24 3.00109180327869 0.773881967213115
22.2 77 24 3.41340163934426 0.716927868852459
23.2166666666666 76 25 1.73548196721312 0.206062295081967
24.2333333333332 76 24 4.12990163934426 0.599914754098361
25.2499999999998 74 24 4.97573442622951 0.847296721311475
28.2999999999997 74 23 3.14276284153005 0.599331693989071
29.3166666666663 74 22 1.0253 0.42012131147541
30.3333333333329 74 21 1.37046721311475 0.671613114754098
31.3499999999995 73 22 1.92512295081967 0.778934426229508
32.3666666666661 72 22 2.14806885245902 0.790954098360656
33.3833333333327 71 23 1.7236 0.559670491803279
34.3999999999993 70 23 3.0477737704918 0.551552459016393
36.4333333333325 69 23 2.38535163934426 0.239959016393443
40.499999999999 68 24 2.58086393442623 0.229930327868852
41.5166666666656 68 23 1.56151639344262 0.294467213114754
42.5333333333322 66 24 2.84489672131148 0.35585737704918
50.6666666666651 65 25 1.08114077868853 0.0958690573770492
54.7333333333315 64 25 0.827915163934427 0.083105737704918
55.7499999999981 64 23 0.819459016393443 0.0847245901639344
57.7833333333313 64 22 2.17690081967213 0.394369672131148
59.8166666666646 63 23 0.757715573770492 0.406037704918033
65.9166666666642 62 24 2.1568519125683 0.229636338797814
68.966666666664 62 23 0.904813661202186 0.214127868852459
78.1166666666635 61 23 1.0854781420765 0.332406739526412
81.1666666666633 61 22 1.00904207650273 0.385298907103825
82.18333333333 60 22 0.800432786885246 0.191675409836066
84.2166666666632 60 21 0.846809016393443 0.181245081967213
85.2333333333298 59 22 0.860362295081967 0.20472131147541
90.3166666666628 59 21 0.888933114754098 0.168015409836066
93.3666666666627 58 21 1.07609344262295 0.251509289617486
94.3833333333293 57 21 0.757311475409836 0.153611475409836
95.3999999999959 56 21 0.685634426229508 0.134088524590164
97.4333333333291 56 19 0.708286065573771 0.135010655737705
102.516666666662 56 18 0.707050491803279 0.144210163934426
105.566666666662 55 18 0.810061202185792 0.192053551912568
109.633333333328 55 17 0.733150000000001 0.167965983606557
110.649999999995 55 16 0.639467213114754 0.116173770491803
111.666666666662 54 17 0.564362295081967 0.107383606557377
125.899999999994 54 16 1.11108946135832 0.281812646370023
138.933333333336 53 17 0.932616496163684 0.230696163682864
145.933333333342 52 18 0.819074523809525 0.147179047619048
148.933333333344 51 19 0.696802777777778 0.158105555555556
173.933333333364 50 20 0.496572533333334 0.126854666666667
198.933333333384 49 20 0.600322866666666 0.1820054
208.933333333392 48 20 0.549529166666667 0.134452666666667
218.9333333334 48 19 0.692922833333333 0.465055833333333
222.933333333403 47 19 0.545878333333334 0.106328333333333
230.933333333409 46 20 0.402342291666667 0.0831325
239.933333333416 45 21 0.397476296296297 0.0946912962962963
428.766666666605 44 22 0.383652338923212 0.0864628420123566
447.066666666589 44 21 0.38393524590164 0.0835030054644809
514.166666666528 43 22 0.383303750620966 0.0850497516145057
600 43 22 0.369445535197686 0.0850805014464802
