# New log 27/04/2014 02:33:54
1 96 32 1.44648666666667 3.29629166666667
3.03333333333333 96 31 1.0357131147541 0.790611475409836
4.04999999999999 95 30 0.837013114754098 0.485555737704918
5.06666666666665 92 31 0.740572131147541 1.0173393442623
6.08333333333332 90 33 0.742332786885246 0.140659016393443
11.1000000000001 89 32 1.06170598006644 0.444852823920266
12.1000000000002 89 30 2.44296166666667 1.18431833333333
14.1000000000003 89 27 1.88263583333333 0.418915
16.1000000000004 88 27 0.7370625 0.18136
17.116666666667 88 26 0.669518032786885 0.362614754098361
19.1500000000002 87 27 0.760236885245902 2.57015983606557
20.1666666666668 87 26 0.701249180327869 0.585739344262295
22.2 87 25 0.667089344262295 0.222586885245902
23.2166666666666 86 23 0.641637704918033 0.477531147540984
24.2333333333332 86 22 0.612655737704918 0.34987868852459
25.2499999999998 85 20 0.864065573770492 1.42266885245902
29.3166666666663 84 21 0.60450368852459 0.189163524590164
30.3333333333329 84 20 0.851398360655738 0.431381967213115
31.3499999999995 83 20 0.923237704918033 0.452454098360656
33.3833333333327 82 21 1.02755737704918 0.666377868852459
35.4166666666659 82 20 0.600253278688524 0.481193442622951
36.4333333333325 82 19 0.736427868852459 0.899093442622951
37.4499999999992 80 19 0.722965573770492 0.382467213114754
38.4666666666658 79 19 0.696588524590164 0.346495081967213
40.499999999999 78 20 1.50996229508197 0.811036885245902
44.5666666666654 78 19 0.961263114754098 0.472126639344262
46.5999999999986 78 18 1.5334 2.44515655737705
48.6333333333319 77 19 0.917204098360656 2.20597950819672
50.6666666666651 77 18 0.648304918032787 0.785555737704918
54.7333333333315 76 19 0.89938237704918 0.462043442622951
55.7499999999981 76 18 0.657937704918033 0.296529508196721
56.7666666666647 75 18 0.683765573770492 0.0358836065573771
57.7833333333313 75 17 0.616359016393443 0.0249426229508197
59.8166666666646 75 16 0.617541803278688 0.0220795081967213
61.8499999999978 74 16 0.670561475409836 0.0410745901639344
62.8666666666644 73 17 0.657926229508197 0.0268311475409836
67.9499999999974 72 18 0.627103606557377 0.0140019672131148
68.966666666664 72 17 0.603463934426229 0.00107868852459016
74.0499999999971 71 18 0.614075081967213 0.00888622950819672
86.2499999999964 71 17 0.710856010928961 0.0419792349726776
94.3833333333293 70 16 0.649181147540983 1.13225471311475
99.4666666666623 69 17 0.611105573770492 2.59394918032787
111.666666666662 68 18 0.632713934426229 2.3936075136612
115.733333333328 68 17 0.610583196721311 2.56982131147541
116.749999999995 67 17 0.608429508196721 2.20850983606557
125.899999999994 66 17 0.656541530054645 2.80824845173042
134.933333333333 65 18 0.637151660516606 2.93798782287823
143.93333333334 64 18 0.575489444444445 2.97439333333333
147.933333333343 64 17 0.60814125 2.93408583333333
148.933333333344 64 16 0.600141666666667 2.94901666666667
170.933333333362 63 17 0.586353636363635 3.28470401515152
181.93333333337 62 17 0.589187424242424 2.20346318181818
193.93333333338 62 14 0.549160277777778 1.06430013888889
195.933333333381 62 13 0.5099275 0.73176
196.933333333382 61 14 0.52124 0.732491666666667
198.933333333384 59 15 0.53483 0.730990833333333
199.933333333385 59 14 0.558058333333334 0.734438333333333
200.933333333385 58 15 0.546193333333333 0.901908333333333
211.933333333394 58 14 0.539573484848485 0.820525757575758
213.933333333396 57 14 0.514656666666667 0.1350575
216.933333333398 56 15 0.528790555555556 0.248832777777778
220.933333333401 54 16 0.517227083333333 0.483869166666667
223.933333333404 53 17 0.631460555555556 0.430905555555556
225.933333333405 52 18 0.47468 0.37349
226.933333333406 51 19 0.476586666666667 0.38498
229.933333333408 50 19 0.549662777777778 0.414129444444444
235.933333333413 50 18 0.429008888888889 0.494563333333333
245.933333333421 49 18 0.835939500000001 0.7449105
246.933333333422 48 19 0.472351666666667 0.737893333333333
266.100000000087 48 18 0.480569739130436 0.75202747826087
268.133333333418 47 19 0.498920491803279 0.739575409836066
272.200000000081 47 18 0.450529508196721 0.766345491803279
273.216666666747 45 18 0.43167868852459 0.821550819672131
277.28333333341 44 19 0.432482786885246 1.11254385245902
286.433333333401 44 18 0.408548998178506 1.12804298724954
296.600000000059 43 18 0.506068360655738 1.16519098360656
304.733333333385 43 17 0.432702049180327 1.13164672131148
313.883333333377 42 18 0.425179234972678 1.37379963570128
314.900000000042 41 18 0.41522131147541 1.56532131147541
334.216666666691 40 18 0.381071009490941 1.49252484900777
358.616666666669 39 19 0.375633401639345 0.558974521857924
377.933333333318 38 19 0.370992234685073 0.187555823986195
379.96666666665 37 20 0.363153278688524 0.194844262295082
387.08333333331 36 20 0.354868149882904 0.311646135831382
397.249999999967 35 21 0.338002459016394 0.371357540983607
399.283333333299 34 22 0.321727049180328 0.376620491803279
442.999999999926 33 23 0.327563286313381 0.174908311094167
475.53333333323 32 23 0.333929713114754 0.00880087090163935
476.549999999895 31 24 0.315318032786885 0.000113114754098361
494.849999999879 31 23 0.304394262295082 0.00665573770491803
512.133333333196 30 23 0.29409893924783 0.00455380906460945
517.216666666525 29 24 0.270544918032787 0.00252229508196721
531.449999999845 28 24 0.277855854800937 0.00588864168618267
535.516666666508 27 25 0.255265983606558 0.000923360655737705
546.699999999831 27 24 0.221875558867362 0.0262154992548435
549.749999999829 27 23 0.194250273224044 0.0240846994535519
560.933333333152 27 22 0.236527719821163 0.00544664679582712
581.266666666467 26 23 0.256842868852459 0.00158672131147541
591.433333333124 25 23 0.238431803278688 0.00771622950819672
594.483333333121 25 22 0.206632786885246 0.0320704918032787
598.549999999784 25 21 0.235498770491803 0.00103811475409836
600 25 21 0.225393442622951 0.00347459016393443
