# New log 27/04/2014 02:35:07
1 96 32 3.81480166666667 1.59224166666667
3.03333333333333 96 30 1.96059918032787 0.302179508196721
4.04999999999999 96 28 1.76155245901639 0.350524590163934
5.06666666666665 94 23 1.86027213114754 0.220045901639344
6.08333333333332 94 22 2.56010983606557 0.487740983606557
7.09999999999998 93 22 3.04061639344262 0.645609836065574
8.09999999999998 91 22 1.26378833333333 0.0301016666666667
9.10000000000003 91 20 1.45666 0.129433333333333
10.1000000000001 90 21 1.770845 0.154015
11.1000000000001 89 21 1.88125833333333 0.27743
12.1000000000002 88 22 1.72708833333333 0.193976666666667
14.1000000000003 88 20 2.19822916666667 0.29936
15.1000000000003 85 22 2.44776833333333 0.286928333333333
16.1000000000004 84 22 2.134315 0.243741666666667
18.1333333333336 83 21 2.26328114754098 0.328651639344262
19.1500000000002 83 20 4.10933606557377 0.234508196721312
20.1666666666668 82 21 5.71109672131147 0.452454098360656
22.2 81 20 6.59135573770492 0.698599180327869
24.2333333333332 80 21 5.8529106557377 0.501472950819672
27.2833333333331 80 19 5.93356557377049 0.490590710382514
28.2999999999997 79 18 6.00822131147541 0.595983606557377
29.3166666666663 79 17 4.6688737704918 0.856437704918033
33.3833333333327 79 16 5.64317704918033 0.722791803278689
34.3999999999993 79 15 6.94819180327869 0.565496721311475
35.4166666666659 79 14 7.46984754098361 0.863575409836066
36.4333333333325 78 14 7.02330983606557 0.906634426229508
39.4833333333324 77 14 5.84760765027323 0.773191256830601
40.499999999999 76 15 3.72032131147541 0.56354262295082
41.5166666666656 75 16 3.97686229508197 0.63885737704918
42.5333333333322 75 15 3.83063278688525 0.6528
43.5499999999988 74 14 3.98157704918033 0.699865573770492
44.5666666666654 72 15 3.48859508196721 0.478852459016393
46.5999999999986 71 16 2.71777295081967 0.312527868852459
48.6333333333319 70 16 2.00114344262295 0.244205737704918
51.6833333333317 69 16 1.04826775956284 0.0292213114754098
54.7333333333315 68 17 1.08494699453552 0.0526633879781421
59.8166666666646 67 18 2.3395993442623 0.0910501639344262
62.8666666666644 67 17 2.13511420765027 0.123266666666667
70.9999999999973 67 16 1.33600245901639 0.163522131147541
73.0333333333305 66 17 1.26715655737705 0.498086885245902
75.0666666666637 65 18 1.21553852459016 0.532762295081967
90.3166666666628 64 19 2.00223398907104 0.746293005464481
99.4666666666623 64 18 1.873441712204 0.871406557377049
110.649999999995 64 17 0.909322503725781 0.0219064083457526
118.783333333328 64 16 0.904828483606558 0.0120948770491803
121.833333333328 64 15 0.87219781420765 0.00124590163934426
154.933333333349 64 14 0.86493081570997 0.00705609264853978
170.933333333362 63 14 0.888702187499999 0.0384191666666667
176.933333333366 63 13 0.858013888888889 0.0273833333333333
177.933333333367 62 13 0.84505 0.00017
183.933333333372 61 14 0.958353888888889 0.272007222222222
184.933333333373 60 15 0.979031666666667 0.226898333333333
205.933333333389 59 13 0.847262619047619 0.0114749206349206
212.933333333395 59 12 0.846115714285714 0.00124428571428571
214.933333333397 59 11 0.838478333333333 0.0002
217.933333333399 58 12 0.811962222222222 0.00230833333333333
231.93333333341 57 12 0.829580476190477 0.0278635714285714
232.933333333411 57 11 0.83318 0.003685
284.40000000007 56 12 0.83424488341969 0.0211478303108808
286.433333333401 55 12 0.850817213114754 0.00221885245901639
287.450000000067 55 11 0.865662295081967 0.00391475409836066
291.51666666673 55 10 0.840395081967213 0.000875409836065574
294.566666666727 54 10 0.817689071038252 0.000154098360655738
295.583333333393 53 11 0.794913114754099 0.000167213114754098
302.700000000053 52 11 0.800863231850117 0.0249131147540984
304.733333333385 51 12 0.799040983606557 0.0113516393442623
316.933333333374 51 11 0.782828825136611 0.00224877049180328
339.30000000002 50 12 0.786924739195231 0.00107995529061103
347.433333333346 49 13 0.74668237704918 0.000877868852459016
353.53333333334 48 14 0.736922950819672 0.000162568306010929
359.633333333335 47 15 0.720191803278689 0.000169945355191257
367.766666666661 47 14 0.715889344262295 0.00090922131147541
368.783333333327 46 14 0.735462295081967 0.000157377049180328
470.449999999901 45 15 0.712414491803276 0.008624
600 45 15 0.684110258709017 0.000169889856557377
