# New log 27/04/2014 01:50:43
1 96 32 3.98577333333333 1.517775
3.03333333333333 95 33 2.38354426229508 0.727039344262295
4.04999999999999 95 31 5.94463606557377 0.742422950819672
5.06666666666665 95 26 6.24089180327869 1.5115868852459
7.09999999999998 95 24 5.79782786885246 1.02912295081967
8.09999999999998 95 23 5.03504833333333 0.610465
9.10000000000003 95 22 5.37846666666667 0.73357
10.1000000000001 94 21 5.50332 0.718581666666667
11.1000000000001 94 20 5.273685 1.18202166666667
12.1000000000002 94 18 5.205485 1.35849333333333
14.1000000000003 93 18 4.44048666666667 0.938049166666667
15.1000000000003 92 18 2.68618833333333 0.929278333333333
16.1000000000004 92 17 2.121715 0.763296666666667
17.116666666667 91 17 1.5131131147541 0.0739016393442623
18.1333333333336 91 16 2.07832950819672 0.298147540983607
21.1833333333334 91 15 2.47822732240437 0.764990163934426
22.2 91 14 3.79003606557377 1.66158360655738
23.2166666666666 90 14 3.25618852459016 1.15423442622951
24.2333333333332 90 13 2.91626065573771 0.267595081967213
26.2666666666665 89 14 2.39993852459017 0.214613114754098
28.2999999999997 89 13 2.75203196721312 0.326109016393443
31.3499999999995 88 14 2.62060655737705 0.437571584699454
36.4333333333325 87 13 3.07334983606557 0.525592131147541
39.4833333333324 87 12 2.40835409836066 0.94685956284153
46.5999999999986 86 13 2.76500491803279 0.736087353629977
48.6333333333319 84 15 2.00558770491803 1.64285245901639
49.6499999999985 83 16 1.71073278688525 0.0553950819672131
50.6666666666651 82 16 1.59554590163934 0.147868852459016
51.6833333333317 80 17 1.91593770491803 0.391277049180328
52.6999999999983 78 19 1.83847868852459 0.476193442622951
60.8333333333312 77 20 2.03703135245902 0.410510860655738
62.8666666666644 76 21 1.53483032786885 0.790650819672131
66.9333333333308 76 20 1.46027008196721 0.609146721311475
78.1166666666635 75 21 1.57553681073026 0.654856035767511
79.1333333333301 74 21 2.31836721311475 0.88344262295082
82.18333333333 73 22 1.78923825136612 0.446825136612022
96.4166666666625 72 23 1.38521393442623 0.453349180327869
103.533333333329 71 23 1.35692295081967 1.39686955503513
104.549999999995 69 25 1.33500327868852 6.12340983606557
105.566666666662 68 26 1.31049508196721 7.06334918032787
123.866666666661 67 27 1.33908360655738 3.24372905282332
134.933333333333 66 28 1.38170963855422 5.2856234939759
137.933333333335 65 28 1.37518166666667 2.96719333333333
141.933333333338 64 29 1.46891791666667 3.20866875
143.93333333334 63 29 1.31656166666667 2.77833
149.933333333345 63 28 1.31032138888889 1.88540305555556
151.933333333346 62 28 1.31672666666667 1.87555416666667
160.933333333354 62 27 1.50216037037037 2.14961722222222
166.933333333358 61 28 1.28544416666667 2.27849944444444
172.933333333363 60 29 1.31168222222222 3.05397222222222
180.933333333369 59 30 1.21303104166667 3.715753125
189.933333333377 57 31 1.20207092592593 3.42208148148148
199.933333333385 56 32 1.5061885 0.801618
216.933333333398 56 31 1.03906049019608 0.333272254901961
217.933333333399 55 31 1.05149833333333 0.181103333333333
219.933333333401 54 32 1.03644 0.256745833333333
220.933333333401 54 31 1.01345666666667 0.124975
221.933333333402 52 33 1.02231833333333 0.100478333333333
231.93333333341 51 34 0.980346333333333 0.169371333333333
235.933333333413 50 34 0.947429583333334 0.171621666666667
237.933333333415 50 33 0.944630833333333 0.2087375
243.93333333342 50 32 0.953119722222222 0.283384722222222
246.933333333422 49 33 0.951989444444444 0.114581666666667
248.933333333424 49 32 1.00329833333333 0.142825
249.933333333424 48 33 0.95454 0.0751433333333333
254.933333333428 47 33 0.923529 0.160845333333333
290.500000000064 46 34 0.903127975632615 0.227727507029053
371.833333333324 46 33 0.966083053278689 0.212682704918033
394.19999999997 45 34 0.97957265275708 0.00690342771982116
408.433333333291 44 35 1.23552704918033 0.714403629976581
417.583333333282 44 34 1.27062969034608 0.71504408014572
418.599999999948 43 34 0.996037704918033 0.0029983606557377
426.733333333274 42 35 0.964161885245902 0.0120881147540984
458.249999999912 42 34 1.01149058699101 0.288442728714966
512.133333333196 42 33 1.05007024435509 0.786135354160223
536.533333333174 41 33 1.00974754098361 0.568835109289618
539.583333333171 41 32 0.934013661202186 0.000223497267759563
556.866666666489 40 32 0.904289296046287 0.000185920925747348
600 40 32 0.891753831490659 0.000188448341593595
