# New log 27/04/2014 01:46:55
1 96 32 1.44832166666667 6.70391
3.03333333333333 95 31 1.30760163934426 0.691072131147541
4.04999999999999 94 32 1.67677213114754 1.25402295081967
5.06666666666665 93 30 1.06609344262295 2.00750163934426
6.08333333333332 93 29 1.05684426229508 1.13225081967213
7.09999999999998 92 29 0.86166393442623 0.978396721311475
9.10000000000003 92 28 0.82822 0.946731666666667
10.1000000000001 92 27 0.79594 1.28395
11.1000000000001 91 26 0.8674 0.422465
12.1000000000002 91 25 0.9428 3.15717
15.1000000000003 90 23 0.852427222222222 3.36481833333333
16.1000000000004 87 23 0.813063333333333 3.63172833333333
17.116666666667 87 20 0.776809836065574 3.99340983606557
18.1333333333336 87 19 0.774419672131148 3.7659
19.1500000000002 87 18 0.907314754098361 3.83400163934426
20.1666666666668 86 19 0.869195081967213 3.52309836065574
21.1833333333334 86 18 1.2883262295082 3.90733770491803
22.2 85 18 1.25276721311475 3.75543770491803
23.2166666666666 84 19 1.43033114754098 4.25127868852459
26.2666666666665 84 18 1.21896775956284 3.82519016393443
27.2833333333331 84 17 1.14410327868852 4.07995901639344
30.3333333333329 84 15 0.867778142076503 3.79179398907104
32.3666666666661 83 15 0.74297868852459 3.84050081967213
37.4499999999992 83 14 0.765914426229508 5.88494721311475
38.4666666666658 82 14 0.667696721311475 12.5765196721311
39.4833333333324 82 13 0.680386885245902 13.5480278688525
40.499999999999 81 13 0.7681 13.4094
42.5333333333322 80 12 0.732381147540983 13.4239024590164
50.6666666666651 79 13 0.998872336065574 11.7229711065574
51.6833333333317 79 12 1.01221639344262 10.7412983606557
52.6999999999983 79 11 0.681681967213115 10.6527114754098
53.7166666666649 79 10 0.988455737704918 9.08615245901639
55.7499999999981 78 11 1.26368770491803 8.05039672131148
65.9166666666642 77 11 0.719384098360655 12.3888780327869
66.9333333333308 76 11 0.705363934426229 12.8904459016393
73.0333333333305 75 12 0.709282786885245 12.8510532786885
77.0999999999969 74 13 0.726022950819673 9.6073868852459
79.1333333333301 73 14 0.698756557377049 8.80473278688525
81.1666666666633 70 16 0.601240983606558 9.12001147540984
87.266666666663 69 17 0.618676229508196 8.9897
88.2833333333296 68 18 0.593888524590164 8.8885131147541
91.3333333333294 67 18 0.58856612021858 8.81171366120219
98.4499999999957 66 18 0.579558548009368 8.9394224824356
101.499999999996 65 19 0.587616393442623 8.85932513661202
105.566666666662 64 20 0.575546721311475 8.80651885245902
109.633333333328 64 19 0.586710245901639 8.8704262295082
110.649999999995 63 20 0.547773770491803 9.67642459016394
114.716666666661 63 19 0.498456147540984 9.01882827868853
116.749999999995 62 19 0.516387704918033 9.31539836065574
117.766666666661 62 18 0.514419672131148 9.0173393442623
124.883333333328 61 18 0.557251288056207 8.99117236533958
126.916666666661 61 17 0.492766393442623 9.05477213114754
130.93333333333 59 19 0.504546473029046 8.99259336099585
133.933333333332 58 20 0.501398888888888 10.2919811111111
140.933333333338 57 20 0.470826666666667 9.56039714285714
141.933333333338 56 21 0.460071666666667 8.66061
154.933333333349 55 21 0.457700384615384 7.73344833333333
157.933333333351 55 20 0.471645 2.03032111111111
160.933333333354 55 19 0.501839444444445 2.34234055555556
165.933333333358 54 19 0.458407333333333 7.254051
168.93333333336 54 18 0.430087777777778 7.52536444444445
176.933333333366 53 19 0.471226875 6.329946875
184.933333333373 52 19 0.437025416666667 3.45026833333333
185.933333333373 52 18 0.440843333333333 5.436935
194.933333333381 52 17 0.450341481481482 4.19567777777778
200.933333333385 52 16 0.512833055555555 10.0620394444444
203.933333333388 51 16 0.496977777777778 12.6300561111111
204.933333333389 50 17 0.460221666666667 12.738675
205.933333333389 49 17 0.46642 12.740265
207.933333333391 48 18 0.473525 12.9531175
208.933333333392 47 19 0.466003333333333 12.4267166666667
211.933333333394 46 19 0.468662777777778 11.481685
222.933333333403 45 19 0.432662424242424 8.41560712121212
224.933333333404 44 19 0.372736666666667 3.41761
226.933333333406 44 18 0.3753525 3.38062166666667
234.933333333412 43 19 0.493361041666667 9.67491104166667
235.933333333413 42 20 0.446448333333334 11.4691616666667
237.933333333415 41 21 0.454639166666667 11.3686275
243.93333333342 40 22 0.448077777777778 11.3911
251.933333333426 39 23 0.413202708333333 11.3262122916667
261.016666666758 38 24 0.353987706422018 11.315971559633
263.050000000089 37 25 0.319181967213115 11.2685155737705
264.066666666755 36 25 0.331632786885246 11.2931426229508
267.116666666752 35 26 0.324848633879781 12.0570240437158
271.183333333415 34 26 0.291643442622951 5.59779426229508
284.40000000007 33 27 0.27374501891551 2.57841727616646
285.416666666736 32 27 0.25566393442623 2.22293606557377
286.433333333401 32 26 0.253747540983607 2.375
287.450000000067 31 27 0.252734426229508 2.24700655737705
291.51666666673 30 27 0.232115573770492 2.26503073770492
292.533333333396 29 28 0.216073770491803 2.32226721311475
296.600000000059 27 30 0.203734016393443 2.26343401639344
297.616666666725 27 29 0.201870491803279 2.23541639344262
301.683333333388 27 28 0.229484836065574 2.30361516393443
310.833333333379 27 27 0.287066666666667 10.0418424408015
311.850000000045 26 28 0.257096721311476 11.3185245901639
312.866666666711 25 29 0.241306557377049 11.286493442623
325.0666666667 24 28 0.239750819672131 3.92444808743169
357.600000000003 24 27 0.227536014344263 6.22337494877049
358.616666666669 24 26 0.165052459016393 2.35745409836066
360.650000000001 23 26 0.202091803278689 2.35797049180328
390.133333333307 23 25 0.155045732052007 2.28115319389486
392.166666666639 22 25 0.149020491803279 2.30041147540984
404.366666666628 21 25 0.216341666666667 2.33148278688525
410.466666666622 20 26 0.111251912568306 1.4365631147541
417.583333333282 19 27 0.0994145199063231 1.15008103044496
418.599999999948 19 26 0.146308196721311 1.12375245901639
421.649999999945 18 26 0.0930628415300546 1.15376338797814
447.066666666589 17 27 0.101733049180328 1.17210491803279
450.116666666586 16 28 0.091803825136612 1.14776229508197
505.016666666536 15 28 0.0996280510018215 1.38417401335762
543.649999999834 14 29 0.0858183347713547 1.15137450388266
600 14 29 0.0727735362997658 1.14894616510539
