# New log 27/04/2014 01:52:38
1 96 32 2.275485 0.679526666666667
4.04999999999999 96 30 2.47398852459016 0.501200546448087
5.06666666666665 96 28 4.61277868852459 1.00504262295082
6.08333333333332 96 27 4.23755409836066 0.526549180327869
7.09999999999998 96 26 4.68923606557377 0.477924590163934
8.09999999999998 96 24 5.97210166666667 0.679708333333333
9.10000000000003 95 24 4.66830166666667 0.635221666666667
10.1000000000001 94 25 3.15185333333333 0.602656666666667
11.1000000000001 93 25 3.66218666666667 0.631351666666667
12.1000000000002 93 23 3.37922166666667 1.04501666666667
13.1000000000002 93 22 3.25734 0.95599
14.1000000000003 92 23 3.26420333333333 0.475615
15.1000000000003 90 24 2.36828166666667 1.10069333333333
16.1000000000004 89 22 2.31774 0.942295
17.116666666667 89 20 2.35982295081967 1.19068032786885
19.1500000000002 89 18 1.87538360655738 0.701376229508197
20.1666666666668 88 18 1.17602459016393 0.685280327868853
21.1833333333334 86 19 1.29453114754098 1.03543606557377
23.2166666666666 86 18 1.78725327868852 0.771979508196721
25.2499999999998 86 17 2.13553852459016 0.95319262295082
29.3166666666663 86 15 2.37090737704918 0.641863524590164
32.3666666666661 85 15 2.37009672131148 1.14382786885246
39.4833333333324 84 15 3.36059906323185 0.793132084309134
45.583333333332 84 14 3.12291229508197 0.318703551912568
46.5999999999986 82 15 1.52318032786885 0.285144262295082
47.6166666666652 82 14 4.90774918032787 0.626703278688525
52.6999999999983 81 15 2.72721213114754 0.623042950819672
68.966666666664 81 14 0.962761885245902 1.22340194672131
70.9999999999973 81 13 0.855393442622951 3.91783442622951
74.0499999999971 79 15 0.799000546448087 3.99939289617486
76.0833333333303 78 16 1.57230245901639 2.73091147540984
86.2499999999964 77 17 0.90357262295082 2.22378672131148
87.266666666663 76 18 0.646967213114754 2.90327540983607
94.3833333333293 75 18 0.622394145199063 2.40241756440281
119.799999999994 74 19 0.992388065573769 2.51132701639344
131.93333333333 73 19 0.792680769230769 1.45180302197802
143.93333333334 72 19 0.772699444444446 1.58798958333333
146.933333333342 72 18 0.81024 0.647106111111111
147.933333333343 72 17 0.704395 0.623378333333333
160.933333333354 72 16 0.836856282051282 0.65575217948718
178.933333333368 71 17 0.732266296296296 0.323511944444444
184.933333333373 70 17 0.734201388888889 0.306151388888889
191.933333333378 69 18 0.721371428571428 0.190080952380952
198.933333333384 68 19 0.704667619047619 0.20819619047619
199.933333333385 68 18 0.697348333333333 0.103586666666667
206.93333333339 67 18 1.17349476190476 0.143574285714286
208.933333333392 66 19 1.55619833333333 0.159313333333333
210.933333333393 66 18 1.294625 0.744199166666667
211.933333333394 65 19 1.62308333333333 3.36510833333333
215.933333333397 64 19 1.4484725 2.66781041666667
216.933333333398 63 20 1.37806 0.217465
217.933333333399 62 20 1.44607833333333 0.139471666666667
224.933333333404 62 18 0.711647619047618 0.0700454761904762
233.933333333412 61 19 0.484342777777777 0.036105
236.933333333414 61 18 0.533098333333333 0.0636777777777778
245.933333333421 61 17 0.755241666666667 0.07126
250.933333333425 61 16 0.515985 0.0276716666666667
253.933333333428 60 17 0.561341111111111 0.0704777777777778
254.933333333428 59 18 0.482728333333333 0.003705
256.950000000095 58 18 0.70729173553719 0.0973851239669421
267.116666666752 57 19 2.33296081967213 0.130914426229508
276.266666666744 56 18 0.659359927140255 0.0565307832422587
277.28333333341 54 19 0.520365573770492 0.0760819672131147
279.316666666741 52 19 0.426543442622951 0.00394344262295082
283.383333333404 50 20 0.487440163934426 0.0858
285.416666666736 50 19 0.453993442622951 0.0727065573770492
289.483333333399 50 18 0.416978278688524 0.077605737704918
297.616666666725 49 18 0.435453893442623 0.0732487704918033
299.650000000056 48 18 0.431164754098361 0.0118106557377049
302.700000000053 47 18 0.41571912568306 0.074775956284153
306.766666666716 46 19 0.429336065573771 0.0749151639344262
308.800000000048 46 18 0.380662295081967 0.119266393442623
309.816666666714 45 18 0.376162295081967 0.0710016393442623
316.933333333374 44 19 0.417677517564403 0.0829004683840749
318.966666666705 43 19 0.346968852459017 0.0768352459016394
328.116666666697 42 19 0.504624225865209 0.0555985428051002
329.133333333363 41 20 2.34477213114754 0.0881967213114754
330.150000000028 41 19 0.34966393442623 0.0688262295081967
332.18333333336 40 20 0.344505737704918 0.0710049180327869
337.266666666689 40 19 0.357524590163934 0.0556645901639344
338.283333333354 40 18 0.403918032786885 0.0706868852459017
346.41666666668 39 18 0.558126639344262 0.100664139344262
361.666666666666 38 18 0.314418032786885 0.061748087431694
379.96666666665 37 18 0.350920947176685 0.0982153916211293
386.066666666644 37 17 0.332934699453552 0.0734819672131148
412.499999999954 36 18 0.317401639344262 0.0473761034047919
419.616666666614 35 19 0.321521779859485 0.00623583138173302
450.116666666586 34 20 0.353751530054646 0.0314907650273224
457.233333333246 33 20 0.309887587822014 0.0171182669789227
459.266666666578 33 19 0.285968852459016 0.000162295081967213
461.299999999909 33 18 0.287755737704918 0.0011016393442623
472.483333333232 33 17 0.344668554396424 0.0103701937406855
474.516666666564 32 17 0.318370491803279 0.00627622950819672
478.583333333227 31 17 0.284365163934426 0.00320081967213115
510.099999999865 30 18 0.494596721311476 0.0474019037546272
512.133333333196 29 19 0.265297540983607 0.0332196721311475
528.399999999848 29 18 0.220473053278688 0.00182715163934426
530.43333333318 28 18 0.21105737704918 0.000174590163934426
600 28 18 0.210193989071038 0.000481515799477311
