# New log 27/04/2014 01:45:55
1 96 32 1.97578333333333 0.998088333333333
4.04999999999999 95 31 2.07948360655738 0.747170491803279
5.06666666666665 95 29 2.19079180327869 0.27002131147541
6.08333333333332 93 27 2.08062131147541 0.496003278688525
7.09999999999998 91 27 1.69655573770492 0.273632786885246
8.09999999999998 91 26 2.24249 1.605435
10.1000000000001 91 24 3.45010833333333 1.98740583333333
11.1000000000001 91 23 2.58695166666667 1.05553166666667
12.1000000000002 91 22 3.60557666666667 1.137135
14.1000000000003 88 24 2.21791083333333 0.97603
15.1000000000003 86 25 2.27669666666667 0.850788333333333
16.1000000000004 85 26 1.92125666666667 0.568066666666667
17.116666666667 84 27 1.97937213114754 0.467434426229508
18.1333333333336 83 26 2.03923934426229 0.507781967213115
20.1666666666668 81 27 2.02159754098361 0.40165
21.1833333333334 81 25 2.9752262295082 0.289170491803279
22.2 80 25 2.67339180327869 0.445439344262295
23.2166666666666 79 25 0.993611475409836 0.101281967213115
24.2333333333332 78 25 2.58669344262295 0.653683606557377
26.2666666666665 78 24 5.11639098360655 1.14022950819672
27.2833333333331 76 25 8.17455901639344 1.11394590163934
30.3333333333329 74 27 6.65134918032787 0.546944262295082
31.3499999999995 73 28 7.76067049180328 0.686439344262295
34.3999999999993 71 30 9.84243278688525 1.11207267759563
39.4833333333324 70 31 4.7668337704918 0.742670819672131
43.5499999999988 69 30 3.49557418032787 0.321179508196721
44.5666666666654 67 32 2.47610491803279 0.237585245901639
45.583333333332 66 30 4.55524590163934 0.32562131147541
46.5999999999986 66 29 3.13082786885246 0.823849180327869
47.6166666666652 65 28 3.38405901639344 0.504413114754098
48.6333333333319 65 27 4.57921803278689 0.378204918032787
50.6666666666651 65 25 3.11839672131148 0.176418852459016
51.6833333333317 65 24 3.35886721311475 0.517103278688525
52.6999999999983 64 25 2.40963114754098 0.330449180327869
53.7166666666649 63 26 2.66869508196721 0.206877049180328
56.7666666666647 63 25 4.13114098360656 0.253534972677596
58.7999999999979 62 26 2.54074672131147 0.366974590163934
72.0166666666639 61 27 2.21695598991172 0.624991424968474
73.0333333333305 60 26 1.74889508196721 0.786750819672131
74.0499999999971 59 26 2.45656393442623 0.873903278688525
76.0833333333303 58 27 1.01761967213115 1.51491147540984
78.1166666666635 57 28 0.659487704918033 0.671038524590164
80.1499999999967 57 27 0.568634426229508 0.137467213114754
92.349999999996 56 27 0.478394262295082 0.0317592896174863
102.516666666662 56 26 0.395865573770492 0.0251204918032787
103.533333333329 55 27 0.516077049180328 0.00366885245901639
106.583333333329 54 28 0.389565027322404 0.0120054644808743
107.599999999995 53 28 0.341626229508197 0.000201639344262295
108.616666666662 52 28 0.504688524590164 0.0246213114754098
110.649999999995 51 29 0.403188524590164 0.0192360655737705
111.666666666662 50 30 0.464014754098361 0.0468377049180328
112.683333333328 49 30 0.340795081967213 0.0783459016393443
117.766666666661 48 31 0.37453868852459 0.039875737704918
118.783333333328 47 31 0.531490163934426 0.0695573770491803
120.816666666661 45 33 0.338920491803279 0.000169672131147541
123.866666666661 44 33 0.304658469945355 0.000177049180327869
130.93333333333 43 34 0.306854481132075 0.000404481132075472
137.933333333335 42 34 0.297220952380952 0.0232185714285714
140.933333333338 41 35 0.280941666666667 0.00345833333333333
156.93333333335 40 36 0.280822708333333 0.006548125
158.933333333352 39 36 0.282205833333333 0.000175
164.933333333357 38 37 0.273484722222222 0.0014425
181.93333333337 37 38 0.242740784313725 0.000433235294117647
207.933333333391 37 37 0.245545192307692 0.00230884615384615
218.9333333334 36 37 0.255310909090909 0.0209831818181818
228.933333333408 35 37 0.226021333333333 0.000164333333333333
600 35 37 0.212283631552983 0.000177550562805507
