# New log 27/04/2014 01:44:27
1 96 32 4.9556 2.06958333333333
3.03333333333333 95 31 3.10299262295082 0.700159836065574
4.04999999999999 94 30 2.66178524590164 1.61080819672131
5.06666666666665 93 28 2.76809672131148 0.548296721311475
6.08333333333332 92 26 1.88779016393443 0.762188524590164
7.09999999999998 92 25 2.67070327868853 0.386344262295082
8.09999999999998 92 23 3.66978333333333 0.535876666666667
9.10000000000003 91 21 3.7009 1.25846
10.1000000000001 91 19 4.452715 1.52328
11.1000000000001 89 16 4.21854833333333 1.43051833333333
12.1000000000002 89 15 5.31910833333333 1.41453166666667
13.1000000000002 87 17 5.32427833333333 1.67497833333333
14.1000000000003 86 16 3.55339833333333 1.35116666666667
15.1000000000003 85 16 3.09565833333333 0.980061666666667
17.116666666667 84 16 1.98883719008264 0.386630578512397
20.1666666666668 83 17 3.0261737704918 0.319726775956284
23.2166666666666 81 19 2.03917923497268 0.193414754098361
24.2333333333332 81 18 3.52516721311475 0.224180327868852
25.2499999999998 81 17 5.64933442622951 0.323134426229508
27.2833333333331 80 17 2.10854918032787 0.303323770491803
29.3166666666663 79 18 3.92696229508197 0.323610655737705
32.3666666666661 78 19 4.8276737704918 0.708856830601093
33.3833333333327 76 20 4.9860868852459 0.751104918032787
35.4166666666659 75 21 4.91369016393443 0.314044262295082
36.4333333333325 75 20 4.33003934426229 0.0857409836065574
38.4666666666658 75 18 4.20368524590164 0.0849245901639344
40.499999999999 74 19 3.37682459016394 3.52765983606557
44.5666666666654 74 18 5.18750409836065 0.206166803278689
50.6666666666651 73 18 5.3162306010929 1.20441256830601
54.7333333333315 73 17 3.30993319672131 0.0993311475409836
55.7499999999981 73 16 1.38527049180328 0.079544262295082
56.7666666666647 73 15 1.42373278688525 0.0379540983606557
60.8333333333312 72 16 1.97833852459016 0.0547758196721312
61.8499999999978 71 17 2.26507868852459 0.0930098360655738
66.9333333333308 70 18 1.34820524590164 0.074744262295082
67.9499999999974 70 17 1.22607540983607 0.0210262295081967
69.9833333333306 70 15 1.31343524590164 0.341646721311475
70.9999999999973 69 16 1.27439344262295 0.45922131147541
75.0666666666637 68 16 1.14483278688525 0.0101127049180328
80.1499999999967 67 17 1.15301114754098 0.0735695081967213
81.1666666666633 67 16 1.15944754098361 0.0142393442622951
82.18333333333 66 17 1.15760491803279 0.138847540983607
84.2166666666632 65 18 1.21306147540984 0.0761983606557377
86.2499999999964 64 19 1.15528360655738 0.0164540983606557
87.266666666663 63 20 1.1513393442623 0.00535573770491803
88.2833333333296 62 21 0.99934262295082 0.0781393442622951
90.3166666666628 61 22 1.09859180327869 0.31454262295082
91.3333333333294 60 22 1.14329344262295 0.504322950819672
93.3666666666627 59 23 1.21768606557377 0.481316393442623
97.4333333333291 58 23 1.0926737704918 0.668218852459016
101.499999999996 57 24 0.952333196721311 0.56315737704918
126.916666666661 57 23 0.975119213114755 0.680643278688525
129.933333333329 57 22 1.08099337016575 0.705522099447514
130.93333333333 57 21 1.677915 0.533043333333333
137.933333333335 56 22 1.19462833333333 0.816975476190476
155.93333333335 55 23 0.985133518518519 0.386461018518519
162.933333333355 55 22 0.907232142857143 0.178745
167.933333333359 54 23 0.913592 0.195872
219.933333333401 53 23 0.89350403846154 0.18607125
220.933333333401 53 22 0.895086666666666 0.169826666666667
225.933333333405 52 22 0.871448666666667 0.200785333333333
234.933333333412 52 21 0.860040925925926 0.179564074074074
239.933333333416 52 20 0.890076999999999 0.271649666666667
335.233333333357 51 20 0.870687915355019 0.184093319342427
342.350000000017 50 21 0.852847540983607 0.185403981264637
344.383333333349 49 22 0.799044262295082 0.163160655737705
352.516666666675 48 23 0.809478278688524 0.171631762295082
353.53333333334 47 24 0.781388524590164 0.164206557377049
355.566666666672 46 24 0.760376229508197 0.167473770491803
362.683333333332 46 23 0.739701639344262 0.170443325526932
402.333333333296 45 24 0.732618831441784 0.176675956284153
425.716666666608 44 25 0.757869280114042 0.184712758374911
600 44 25 0.766506624094552 0.175373398780023
