# New log 27/04/2014 01:43:31
1 96 32 1.56578833333333 6.51691333333333
3.03333333333333 95 33 1.36623852459016 1.92035491803279
4.04999999999999 94 32 1.69261147540984 2.09569836065574
5.06666666666665 93 32 1.79311475409836 3.90695737704918
6.08333333333332 93 31 0.900260655737705 1.2448
8.09999999999998 92 31 1.1452 1.66664214876033
9.10000000000003 92 30 0.867815 2.53405166666667
10.1000000000001 91 31 1.74771833333333 2.18746333333333
11.1000000000001 90 30 0.80757 2.93625333333333
12.1000000000002 89 30 0.785366666666667 2.42027
15.1000000000003 86 28 0.842746666666667 1.62295111111111
16.1000000000004 85 28 0.841778333333333 7.03344
17.116666666667 85 27 1.74115737704918 13.6440770491803
18.1333333333336 84 28 3.53839180327869 12.0887983606557
19.1500000000002 83 28 8.09704590163934 5.55925409836066
20.1666666666668 82 28 1.39211639344262 4.72619508196721
22.2 81 28 4.30805737704918 4.3852
23.2166666666666 81 27 2.15222459016393 2.8242868852459
24.2333333333332 81 26 1.91799672131148 4.01752459016393
25.2499999999998 80 25 1.92935737704918 4.75010327868852
26.2666666666665 79 26 1.25355245901639 4.03912786885246
27.2833333333331 78 27 0.805647540983607 4.25414426229508
28.2999999999997 77 27 0.710624590163934 5.88650819672131
30.3333333333329 77 26 1.21096803278689 7.77498524590164
31.3499999999995 76 27 1.0131262295082 0.72934262295082
35.4166666666659 75 27 1.25932418032787 0.118756147540984
36.4333333333325 74 28 0.941444262295082 0.198811475409836
37.4499999999992 74 27 0.8082 0.159293442622951
38.4666666666658 74 26 0.997213114754099 0.19805737704918
39.4833333333324 73 26 0.5895 0.22856393442623
40.499999999999 72 27 1.45491147540984 0.704606557377049
41.5166666666656 71 27 0.68787868852459 0.0255
42.5333333333322 70 28 0.658295081967213 0.00865573770491803
43.5499999999988 70 27 0.639826229508197 0.125303278688525
44.5666666666654 70 26 0.711134426229508 0.270939344262295
47.6166666666652 69 27 0.682862841530055 0.586415300546448
51.6833333333317 69 26 1.54994467213115 0.679157786885246
53.7166666666649 69 25 0.882626229508196 0.681801639344262
55.7499999999981 68 26 0.998910655737705 0.441701639344262
58.7999999999979 67 27 0.644113661202186 0.831614754098361
60.8333333333312 66 27 0.642866393442623 1.37300491803279
68.966666666664 65 27 0.749144672131149 0.226462704918033
69.9833333333306 65 26 0.605704918032787 0.506119672131148
70.9999999999973 65 25 0.663111475409836 0.301924590163934
73.0333333333305 64 26 0.629312295081967 0.472324590163934
83.1999999999966 64 25 0.588126557377049 2.39588081967213
86.2499999999964 64 24 0.49542131147541 3.05968961748634
87.266666666663 63 25 0.523496721311475 4.29464918032787
88.2833333333296 62 26 0.592416393442623 3.40557868852459
89.2999999999962 62 25 0.57912131147541 4.28155409836066
95.3999999999959 61 25 0.619018032786886 6.99894016393443
96.4166666666625 61 24 0.547285245901639 0.008
99.4666666666623 60 25 0.534486338797814 0.0813639344262295
100.483333333329 59 26 0.524959016393443 0.0103770491803279
102.516666666662 59 25 0.578322131147541 0.0594459016393443
103.533333333329 58 26 0.503993442622951 0.0419983606557377
104.549999999995 56 28 0.490619672131147 0.0176180327868852
105.566666666662 53 30 0.474163934426229 0.00208524590163934
111.666666666662 52 31 0.490925409836065 0.0619713114754098
112.683333333328 51 32 0.439631147540984 0.00736885245901639
113.699999999995 50 33 0.516327868852459 0.0565590163934426
116.749999999995 49 33 0.822704918032787 0.148785792349727
117.766666666661 48 33 0.520036065573771 0.127473770491803
120.816666666661 47 34 0.462071038251366 0.0015551912568306
121.833333333328 46 34 0.460775409836066 0.0250901639344262
125.899999999994 45 34 0.446807786885246 0.0455598360655738
127.933333333327 44 35 0.371504918032787 0.0116893442622951
128.933333333328 43 35 0.38729 0.131163333333333
130.93333333333 43 34 0.4315425 0.143304166666667
134.933333333333 41 34 0.347755416666667 0.0323079166666667
135.933333333334 41 33 0.323511666666667 0.077185
141.933333333338 41 32 0.361721388888889 0.00198222222222222
145.933333333342 40 33 0.361299166666667 0.000165416666666667
150.933333333346 39 34 0.345680333333334 0.025654
154.933333333349 37 34 0.36947625 0.000160416666666667
166.933333333358 36 35 0.312578333333333 0.0109118055555556
170.933333333362 35 36 0.293767083333333 0.000164166666666667
171.933333333362 34 37 0.291676666666667 0.000165
175.933333333365 33 37 0.290900416666667 0.00153166666666667
176.933333333366 32 37 0.32873 0.00016
179.933333333369 31 38 0.272139444444444 0.000128333333333333
187.933333333375 31 37 0.246134166666667 0.0100366666666667
189.933333333377 30 38 0.244711666666667 0.0001275
195.933333333381 30 37 0.238378611111111 0.00649472222222222
212.933333333395 29 37 0.256670490196078 0.00599274509803922
215.933333333397 29 36 0.293287777777778 0.00317888888888889
255.933333333429 28 36 0.253674916666667 0.001975625
260.000000000092 28 35 0.21928237704918 0.0256114754098361
337.266666666689 27 36 0.220821052631578 0.00170869283865401
339.30000000002 26 37 0.202567213114754 0.0204122950819672
343.366666666683 26 36 0.195373770491803 0.000137704918032787
344.383333333349 25 37 0.196022950819672 0.0185262295081967
349.466666666678 24 38 0.186795409836066 0.000150819672131148
354.550000000006 23 38 0.178431147540983 0.00821737704918033
600 23 38 0.177848367429887 0.000155575125321772
