# New log 27/04/2014 01:26:26
1 96 32 1.89064666666667 0.418166666666667
3.03333333333333 96 31 1.19044672131148 0.604063114754098
6.08333333333332 95 30 1.34636448087432 0.534946448087432
7.09999999999998 95 29 1.52335409836066 0.758088524590164
8.09999999999998 95 27 1.47217 0.927151666666667
9.10000000000003 94 27 2.20749333333333 0.83754
10.1000000000001 94 26 3.304575 2.05478
11.1000000000001 94 25 2.76438833333333 1.55349333333333
12.1000000000002 93 23 1.15891333333333 0.58494
13.1000000000002 93 22 1.02754 0.70269
14.1000000000003 93 21 1.11638166666667 0.617455
16.1000000000004 92 21 1.51175333333333 0.66669
17.116666666667 92 20 2.28941639344262 1.58578032786885
18.1333333333336 91 21 1.18203442622951 0.74057868852459
20.1666666666668 89 23 1.14435163934426 0.416139344262295
21.1833333333334 88 23 1.47833278688525 0.268049180327869
23.2166666666666 87 23 1.46886229508197 0.561636885245902
24.2333333333332 87 22 1.24100163934426 0.675362295081967
25.2499999999998 86 21 1.09729016393443 0.394147540983607
27.2833333333331 83 23 1.49583032786885 0.655580327868852
29.3166666666663 82 24 1.29540245901639 0.392633606557377
30.3333333333329 82 22 1.04919672131148 0.344565573770492
31.3499999999995 82 20 1.52032786885246 0.354747540983607
32.3666666666661 82 18 1.31025245901639 0.609331147540984
35.4166666666659 80 20 0.953122404371585 0.77333606557377
36.4333333333325 79 21 0.932418032786885 0.859131147540984
37.4499999999992 79 20 2.0326131147541 1.29345901639344
38.4666666666658 78 21 2.14549016393443 1.14918360655738
41.5166666666656 77 20 1.37351147540984 4.36248961748634
44.5666666666654 76 21 0.936574863387978 1.73894918032787
48.6333333333319 75 21 0.826794262295082 2.03167008196721
62.8666666666644 74 22 0.919591686182669 1.06714800936768
65.9166666666642 73 22 0.953890710382514 1.09489453551913
68.966666666664 72 22 0.712817486338798 2.1421781420765
70.9999999999973 71 22 1.02741475409836 1.51391803278689
73.0333333333305 70 22 0.780443442622951 0.715377049180328
75.0666666666637 69 23 0.648386065573771 0.598322131147541
76.0833333333303 69 22 1.09299508196721 0.643783606557377
79.1333333333301 68 22 0.991377049180328 0.650325136612022
84.2166666666632 68 21 0.664236721311476 0.68089868852459
85.2333333333298 67 22 0.462395081967213 0.897411475409836
87.266666666663 66 22 0.498818032786885 0.492163114754098
98.4499999999957 65 23 2.34787302533532 0.806939493293592
100.483333333329 64 24 3.59351967213115 0.940704098360656
101.499999999996 63 25 2.49374262295082 0.8055
102.516666666662 63 24 2.41945409836066 0.808252459016394
106.583333333329 63 23 2.39728278688524 0.789465163934426
112.683333333328 63 22 1.31818032786885 0.472507650273224
122.849999999994 63 21 3.17626737704918 0.657661803278689
123.866666666661 62 21 3.64045409836066 0.897224590163935
124.883333333328 61 22 2.6470737704918 1.03687704918033
127.933333333327 60 23 1.83528633879781 0.914149180327869
128.933333333328 59 24 1.04666333333333 0.843838333333333
143.93333333334 59 23 4.10759955555555 0.54229
145.933333333342 58 24 4.3805325 0.50777
146.933333333342 58 23 2.39668833333333 0.662571666666667
147.933333333343 56 25 1.95425 0.566988333333333
154.933333333349 55 25 2.24375952380952 0.333602857142857
157.933333333351 54 25 2.18054666666667 0.668365
158.933333333352 53 26 2.02865166666667 0.49071
163.933333333356 52 27 1.89835333333333 0.279826333333333
169.933333333361 52 26 1.146635 0.0585677777777778
179.933333333369 51 27 0.677137166666668 0.060193
183.933333333372 50 28 0.425630833333334 0.00114708333333333
203.933333333388 50 27 0.425931666666667 0.00452091666666667
204.933333333389 49 28 0.457035 0.00680833333333333
206.93333333339 48 29 0.421335 0.00195
210.933333333393 47 30 0.5152475 0.00616041666666667
214.933333333397 46 31 0.46040125 0.00961916666666667
220.933333333401 45 32 0.342653611111111 0.0436625
223.933333333404 44 33 0.318774444444444 0.000181666666666667
225.933333333405 43 33 0.330186666666667 0.0526483333333333
229.933333333408 42 34 0.385801666666667 0.125985833333333
230.933333333409 42 33 0.345023333333333 0.09581
232.933333333411 41 34 0.3397575 0.0874983333333333
242.933333333419 40 35 0.307609666666667 0.108841333333333
252.933333333427 39 35 0.297717833333333 0.0897238333333334
253.933333333428 39 34 0.309803333333333 0.134001666666667
255.933333333429 38 35 0.289510833333333 0.13931
256.950000000095 38 34 0.734622950819672 1.38488196721311
258.983333333426 36 36 0.769336885245901 1.51513360655738
265.083333333421 36 35 0.708196994535519 1.3590650273224
267.116666666752 34 36 0.649544262295082 1.2354262295082
272.200000000081 33 37 0.643343278688524 1.31306360655738
276.266666666744 32 38 0.542182786885246 1.03855204918033
304.733333333385 32 37 0.199452107728337 0.000690866510538642
325.0666666667 31 38 0.214271393442623 0.00455114754098361
336.250000000023 31 37 0.278700298062593 0.0238111773472429
339.30000000002 29 37 0.262215846994536 0.0406349726775956
351.500000000009 28 38 0.246859153005464 0.0343812841530055
357.600000000003 28 37 0.268996174863388 0.0554521857923497
363.699999999998 27 38 0.23217868852459 0.0308696721311475
368.783333333327 26 39 0.235931147540983 0.0477481967213115
374.883333333321 25 40 0.24514043715847 0.0566024590163934
423.683333333277 24 41 0.238445252732241 0.0113132172131148
454.183333333249 23 42 0.212312677595628 0.00482147540983607
519.249999999856 23 41 0.247007351434427 0.0100427766393443
520.266666666522 22 42 0.216955737704918 0.000181967213114754
573.133333333141 22 41 0.221051134930643 0.000598991172761665
600 22 41 0.23292817243473 0.000436976320582878
