# New log 27/04/2014 01:24:13
1 96 32 1.61616833333333 6.002755
3.03333333333333 95 32 1.08464016393443 1.09370163934426
5.06666666666665 92 34 2.05427049180328 0.835474590163934
6.08333333333332 91 32 3.38382295081967 0.568954098360656
8.09999999999998 88 34 1.14878429752066 0.462143801652893
10.1000000000001 87 33 0.742969166666667 2.000735
11.1000000000001 87 32 1.04892333333333 1.14474333333333
12.1000000000002 87 31 1.43644 0.488473333333333
13.1000000000002 84 31 1.1172 0.862281666666667
14.1000000000003 84 30 0.9351 0.96069
15.1000000000003 82 32 0.560596666666667 0.378361666666667
16.1000000000004 80 34 0.646983333333333 0.0967216666666667
17.116666666667 80 33 1.33531475409836 0.444147540983607
18.1333333333336 80 32 0.835036065573771 1.19864098360656
20.1666666666668 79 32 1.33984836065574 0.848654098360656
21.1833333333334 77 34 3.11158360655738 0.444073770491803
22.2 76 35 4.93920819672131 0.480775409836066
23.2166666666666 75 35 5.21844918032787 0.461090163934426
25.2499999999998 73 37 1.3963868852459 0.39111393442623
26.2666666666665 73 36 1.33607868852459 0.586360655737705
27.2833333333331 71 37 0.811365573770492 0.753837704918033
28.2999999999997 70 38 0.892404918032787 0.455560655737705
29.3166666666663 69 38 1.06235737704918 0.643908196721312
31.3499999999995 67 39 0.960684426229509 0.650213934426229
32.3666666666661 66 39 1.23765573770492 0.279695081967213
34.3999999999993 65 40 0.655291803278689 0.566702459016393
37.4499999999992 64 40 0.998205464480874 0.721288524590164
39.4833333333324 63 40 1.09607704918033 1.09528032786885
43.5499999999988 63 39 0.781047950819672 0.539229098360656
45.583333333332 62 40 0.706931147540984 0.733572950819672
46.5999999999986 61 41 0.749345901639344 0.288281967213115
52.6999999999983 61 40 0.913228142076502 0.398337978142077
54.7333333333315 60 40 1.01316721311475 0.463439344262295
56.7666666666647 60 39 0.592420491803279 1.32344098360656
59.8166666666646 60 38 0.513853551912568 1.06685519125683
61.8499999999978 59 39 0.505318032786885 0.379843442622951
66.9333333333308 59 38 0.906924590163934 0.33868131147541
69.9833333333306 59 37 1.89897431693989 0.31657650273224
73.0333333333305 59 36 0.828169945355192 0.255777595628415
74.0499999999971 59 35 1.1062737704918 0.0267081967213115
75.0666666666637 57 35 0.472575409836066 0.0892426229508197
80.1499999999967 57 34 1.1897862295082 0.0659301639344262
82.18333333333 55 35 0.757915573770492 0.00642377049180328
84.2166666666632 54 36 1.24737131147541 0.0561926229508197
85.2333333333298 53 37 0.398098360655738 0.000162295081967213
89.2999999999962 52 37 0.386027049180328 0.0201696721311475
99.4666666666623 52 36 0.589815573770492 0.0472696721311475
101.499999999996 51 37 0.396920491803279 0.0584147540983607
108.616666666662 51 36 0.355454332552693 0.00187845433255269
109.633333333328 50 36 0.343075409836066 0.000147540983606557
150.933333333346 49 37 0.355971993543179 0.281208595641647
156.93333333335 49 36 0.496609444444444 0.0266661111111111
167.933333333359 49 35 0.483188484848486 0.0248234848484849
180.933333333369 48 35 0.373233205128205 0.26744
195.933333333381 48 34 0.355908555555556 0.0109088888888889
204.933333333389 47 35 0.330536851851852 0.00174666666666667
228.933333333408 46 35 0.315889652777777 0.00362388888888889
234.933333333412 45 36 0.307596388888889 0.00328277777777778
237.933333333415 44 37 0.309074444444445 0.00101277777777778
247.933333333423 43 37 0.3086465 0.000907
252.933333333427 43 36 0.288374333333334 0.003498
260.000000000092 42 37 0.293179245283019 0.000247641509433962
488.749999999884 42 36 0.279520182149364 0.00063032422586521
501.966666666539 41 36 0.279232030264817 0.0148128625472888
508.066666666533 41 35 0.258644262295082 0.0033275956284153
524.333333333185 41 34 0.280973155737705 0.0323029713114754
526.366666666517 40 34 0.256876229508197 0.00014016393442623
537.54999999984 39 35 0.236933084947839 0.000144709388971684
546.699999999831 38 36 0.2322029143898 0.012916393442623
550.766666666494 37 37 0.239179918032787 0.000149180327868852
556.866666666489 36 38 0.2373 0.000155191256830601
563.983333333149 35 39 0.232343325526932 0.000153395784543326
600 35 39 0.21808533697632 0.00338037340619308
