# New log 27/04/2014 01:25:06
1 96 32 5.09792333333333 1.31544666666667
3.03333333333333 96 31 2.01220327868853 0.505002459016394
4.04999999999999 96 29 2.32206229508197 0.513147540983607
6.08333333333332 96 27 3.39462950819672 0.989372950819672
8.09999999999998 95 26 5.30257520661157 1.60840578512397
9.10000000000003 94 25 4.1085 1.28526833333333
10.1000000000001 94 24 4.34265166666667 1.205375
11.1000000000001 93 24 5.11700833333333 2.03333166666667
12.1000000000002 92 23 4.69541666666667 1.63461166666667
13.1000000000002 92 20 4.10988833333333 1.08337833333333
14.1000000000003 92 19 2.50450333333333 0.43076
15.1000000000003 92 17 2.70024833333333 0.867186666666667
16.1000000000004 91 18 1.83718166666667 0.352185
17.116666666667 91 16 2.45200983606557 0.443077049180328
18.1333333333336 91 15 2.04067213114754 0.363690163934426
19.1500000000002 90 15 2.54636721311475 0.511140983606557
21.1833333333334 89 16 1.83155901639344 0.597009836065574
22.2 88 17 4.35755245901639 1.11342786885246
25.2499999999998 88 16 3.9024912568306 1.2402393442623
26.2666666666665 88 15 5.80599180327869 1.36774098360656
30.3333333333329 88 14 3.0537631147541 0.77063893442623
40.499999999999 88 13 2.43928639344262 0.533222786885246
41.5166666666656 88 11 4.56500491803279 0.770193442622951
42.5333333333322 87 12 3.66865573770492 1.42786885245902
46.5999999999986 87 11 2.13909467213115 1.15427868852459
48.6333333333319 86 12 3.18859098360656 1.0594237704918
49.6499999999985 85 13 2.91536393442623 1.17426557377049
50.6666666666651 85 12 2.60979672131147 1.0190262295082
51.6833333333317 83 13 3.01460655737705 0.768018032786885
52.6999999999983 83 12 2.46281147540984 1.18637049180328
53.7166666666649 82 13 1.95240983606557 1.43061475409836
56.7666666666647 81 13 2.36326666666667 1.35853442622951
57.7833333333313 79 15 1.98117049180328 1.57109180327869
62.8666666666644 77 16 1.75717245901639 3.2143531147541
63.883333333331 76 15 2.40283114754098 4.71343114754098
64.8999999999976 75 15 1.38725409836066 1.58098196721311
65.9166666666642 75 14 2.4124393442623 2.74664098360656
67.9499999999974 74 14 1.63054426229508 3.17349672131148
68.966666666664 72 12 1.9723393442623 3.3619606557377
69.9833333333306 71 13 1.93999344262295 3.20020491803279
73.0333333333305 69 12 1.20946174863388 2.99877868852459
79.1333333333301 68 13 1.23525655737705 3.63689180327869
81.1666666666633 67 14 1.03793114754098 2.10253770491803
82.18333333333 66 15 1.1614393442623 1.60060327868852
88.2833333333296 66 14 1.27605273224044 1.08955846994536
89.2999999999962 65 15 0.98292131147541 1.58027540983607
94.3833333333293 64 16 1.17245180327869 1.12660295081967
103.533333333329 63 16 1.55066102003643 0.676370856102004
111.666666666662 63 15 1.31324836065574 0.648473770491803
119.799999999994 62 15 1.6343256147541 0.914720696721312
122.849999999994 61 16 2.2264781420765 0.703802732240437
131.93333333333 60 17 1.31465247706422 0.746400366972477
136.933333333334 59 17 1.43779133333333 0.584388333333333
138.933333333336 59 16 0.710820833333333 0.3863325
145.933333333342 58 17 0.726445714285715 0.346487857142857
163.933333333356 57 18 0.844547685185185 0.238297314814815
190.933333333377 56 19 0.659816049382715 0.00732641975308642
252.933333333427 55 20 0.746875053763441 0.0358340053763441
263.050000000089 54 21 0.670488467874794 0.0420904448105437
273.216666666747 53 21 0.668296885245901 0.0462219672131148
305.750000000051 52 22 0.675638729508197 0.0572952868852459
307.783333333382 51 22 0.703329508196722 0.077377868852459
316.933333333374 50 23 0.647033515482695 0.0931258652094718
325.0666666667 50 22 0.598910655737705 0.0488301229508197
327.100000000031 50 21 0.613435245901639 0.0447639344262295
380.983333333316 49 22 0.617596968759666 0.0554646767708011
381.999999999981 49 21 0.594488524590164 0.0552377049180328
388.099999999976 48 21 0.59048087431694 0.0515341530054645
392.166666666639 47 22 0.592745081967213 0.0534602459016393
407.416666666625 46 23 0.579517595628415 0.0431490710382514
410.466666666622 46 22 0.580260109289617 0.0500360655737705
415.549999999951 45 22 0.574762622950819 0.125396721311475
418.599999999948 45 21 0.678228415300547 0.513965573770492
419.616666666614 44 22 0.888311475409836 0.727319672131148
426.733333333274 43 22 0.663953864168618 0.558363700234192
429.783333333271 42 23 0.704774863387978 0.310097267759563
485.699999999887 42 22 0.543949120715351 0.044464262295082
574.149999999806 41 23 0.592882325230828 0.0923248539664594
580.249999999801 41 21 0.500535792349727 0.00485
600 41 21 0.509809098360656 0.0148558196721311
