# New log 27/04/2014 01:54:33
1 96 32 4.62551666666667 1.5964
3.03333333333333 96 31 1.88532540983607 0.323650819672131
4.04999999999999 96 25 1.82780655737705 0.245049180327869
5.06666666666665 96 21 1.86830819672131 0.963022950819672
6.08333333333332 95 21 1.74158196721312 0.842854098360656
7.09999999999998 95 20 1.95565409836066 0.98384262295082
8.09999999999998 95 18 3.64872833333333 1.85351166666667
9.10000000000003 94 18 2.888485 1.03876833333333
10.1000000000001 94 17 2.00697166666667 0.982533333333333
11.1000000000001 94 15 2.14328833333333 1.39529666666667
17.116666666667 93 14 2.36189529085873 0.672307202216066
18.1333333333336 92 15 2.37028360655738 0.19616393442623
20.1666666666668 92 14 1.57121065573771 0.086105737704918
22.2 91 14 2.33778524590164 0.538306557377049
23.2166666666666 91 13 6.27726721311475 0.962411475409836
25.2499999999998 91 12 3.01839180327869 0.320059836065574
28.2999999999997 91 11 2.6399087431694 0.213668852459016
29.3166666666663 91 9 2.87837868852459 0.440132786885246
31.3499999999995 91 8 3.06425655737705 0.501853278688525
33.3833333333327 91 7 2.26012704918033 0.460504098360656
37.4499999999992 91 6 2.6999762295082 0.431277049180328
40.499999999999 91 5 1.71572513661202 0.103954644808743
42.5333333333322 90 6 2.10525491803279 0.118652459016393
43.5499999999988 90 5 2.03176229508197 0.30685737704918
44.5666666666654 88 7 1.56765245901639 0.245955737704918
45.583333333332 87 6 1.53310163934426 0.109203278688525
46.5999999999986 87 5 1.44165409836066 0.00812786885245902
47.6166666666652 84 6 1.3962262295082 0.0962409836065574
52.6999999999983 83 6 1.29043016393443 0.129670163934426
53.7166666666649 82 7 1.16991803278689 0.0117885245901639
54.7333333333315 82 5 1.10762459016394 0.104049180327869
55.7499999999981 81 6 1.06273770491803 0.00089672131147541
57.7833333333313 80 7 1.05442950819672 0.0109401639344262
60.8333333333312 79 8 1.03620163934426 0.0264606557377049
62.8666666666644 78 8 1.23006557377049 0.0363565573770492
64.8999999999976 77 8 1.23870655737705 0.0202254098360656
66.9333333333308 76 9 0.960127868852459 0.0194459016393443
69.9833333333306 75 10 0.903572677595628 0.00927267759562842
73.0333333333305 73 10 0.925369398907104 0.0136710382513661
75.0666666666637 72 10 0.943825409836066 0.00932950819672131
76.0833333333303 71 11 1.01814754098361 0.0463737704918033
77.0999999999969 71 10 0.831519672131148 0.0034327868852459
79.1333333333301 70 10 0.876164754098361 0.0215245901639344
81.1666666666633 69 11 1.14070901639344 0.0231795081967213
82.18333333333 68 11 2.29566065573771 0.249270491803279
83.1999999999966 67 12 1.48647540983607 0.501019672131148
84.2166666666632 66 12 1.42621147540984 0.462091803278689
85.2333333333298 65 13 0.850037704918033 0.0103426229508197
88.2833333333296 64 14 0.944447540983607 0.0388775956284153
90.3166666666628 63 15 2.03934262295082 0.102925409836066
92.349999999996 62 15 1.70865163934426 0.0947622950819672
93.3666666666627 61 15 0.742065573770492 0.000413114754098361
94.3833333333293 61 14 0.725319672131148 0.0094
97.4333333333291 60 13 0.734527322404372 0.0307699453551913
98.4499999999957 59 14 0.714744262295082 0.00491639344262295
99.4666666666623 58 14 0.705691803278689 0.00389508196721312
101.499999999996 57 15 0.677786885245902 0.0740262295081967
103.533333333329 56 16 0.676351639344262 0.0746991803278689
104.549999999995 55 17 0.664609836065574 0.00019672131147541
122.849999999994 54 18 0.622816211293261 0.0094700364298725
123.866666666661 53 18 0.62214262295082 0.00136065573770492
130.93333333333 53 17 0.830327358490566 0.0543009433962264
145.933333333342 52 18 0.672160222222222 0.0993137777777778
160.933333333354 52 17 0.629704111111111 0.0716147777777778
162.933333333355 51 18 0.645085 0.00611
163.933333333356 51 17 0.61017 0.00228166666666667
168.93333333336 49 18 0.574145666666666 0.0114203333333333
187.933333333375 48 19 0.568954649122807 0.0410988596491228
188.933333333376 48 18 0.565816666666667 0.00015
199.933333333385 48 17 0.578033181818182 0.0135824242424242
213.933333333396 47 18 0.56600869047619 0.00241630952380952
234.933333333412 46 18 0.546482539682539 0.0529730158730159
237.933333333415 45 18 0.563540555555556 0.00592222222222222
240.933333333417 44 19 0.550265 0.0842427777777778
250.933333333425 43 19 0.523892333333333 0.0249605
263.050000000089 43 18 0.689011004126547 0.130747455295736
264.066666666755 42 18 2.02510327868852 0.987862295081967
273.216666666747 40 20 1.80483916211293 0.850877049180328
281.350000000073 39 20 0.54933237704918 0.0143756147540984
287.450000000067 38 19 0.522715300546448 0.0326748633879781
290.500000000064 37 20 0.542855737704918 0.0124737704918033
291.51666666673 37 19 0.439381967213115 0.000186885245901639
292.533333333396 37 18 0.433019672131148 0.00347704918032787
293.550000000062 36 19 0.424232786885246 0.000181967213114754
297.616666666725 35 20 0.605708606557377 0.0828196721311475
302.700000000053 35 19 0.535276721311475 0.0441570491803279
304.733333333385 34 20 0.4532 0.00504262295081967
307.783333333382 33 21 0.440390710382514 0.0042120218579235
308.800000000048 32 22 0.392588524590164 0.000152459016393443
309.816666666714 31 22 0.411147540983607 0.00485245901639344
319.983333333371 30 22 0.482432131147542 0.0393880327868852
326.083333333365 29 23 0.375313934426229 0.00170573770491803
423.683333333277 29 22 0.369769125683061 0.000849709699453552
474.516666666564 29 21 0.388504360655738 0.000709475409836066
517.216666666525 28 21 0.382734777517564 0.000533879781420765
521.283333333188 28 20 0.402762295081967 0.000157786885245902
600 28 20 0.366727595628415 0.000858490962589323
