# New log 27/04/2014 01:55:25
1 96 32 1.82361333333333 0.450743333333333
4.04999999999999 96 31 2.17551803278689 0.773679234972678
5.06666666666665 96 26 1.46392131147541 0.478567213114754
6.08333333333332 96 23 1.38660655737705 0.245103278688525
7.09999999999998 95 22 1.21804262295082 0.98824262295082
9.10000000000003 95 16 1.42078666666667 0.0941975
10.1000000000001 94 16 1.90924666666667 0.0543283333333333
11.1000000000001 93 17 1.71600333333333 0.0453216666666667
12.1000000000002 93 16 2.156675 0.20716
13.1000000000002 92 15 1.61132166666667 0.13681
14.1000000000003 92 14 1.98832166666667 0.250291666666667
15.1000000000003 91 14 2.87717166666667 0.341855
16.1000000000004 90 15 2.74913333333333 0.304048333333333
17.116666666667 89 14 2.95835081967213 0.321818032786885
18.1333333333336 89 13 2.67750491803279 0.375152459016393
19.1500000000002 88 14 2.45321803278688 0.447255737704918
21.1833333333334 87 15 1.28212049180328 0.311151639344262
23.2166666666666 87 14 1.32946147540984 0.13228606557377
25.2499999999998 86 13 2.52028606557377 0.400818852459016
30.3333333333329 85 13 1.9100262295082 0.188110163934426
32.3666666666661 84 13 3.31530327868852 0.404422131147541
35.4166666666659 83 14 4.64478415300546 0.473414207650273
36.4333333333325 81 15 5.55138852459017 0.578206557377049
37.4499999999992 81 14 6.09848852459016 0.806288524590164
40.499999999999 80 15 3.73214972677595 0.336482513661202
43.5499999999988 79 16 2.51536885245902 0.195321857923497
45.583333333332 78 16 2.12990163934426 0.140954918032787
53.7166666666649 77 17 1.73696004098361 0.122144262295082
55.7499999999981 77 16 0.673788524590164 0.201731967213115
57.7833333333313 76 16 0.622688524590164 0.0485327868852459
61.8499999999978 76 15 0.80079262295082 0.0924389344262295
64.8999999999976 76 13 0.8059 0.0966808743169399
65.9166666666642 74 15 1.23573114754098 0.119483606557377
66.9333333333308 74 14 1.83094754098361 0.311090163934426
67.9499999999974 73 14 2.5067262295082 0.311770491803279
69.9833333333306 71 16 2.78275081967213 0.35764262295082
70.9999999999973 70 17 2.61736557377049 0.327514754098361
72.0166666666639 69 18 2.35604098360656 0.285259016393443
73.0333333333305 68 19 0.599288524590164 0.111368852459016
75.0666666666637 67 20 0.580654098360656 0.0864901639344262
76.0833333333303 67 19 0.50116393442623 0.0073344262295082
78.1166666666635 66 19 0.446800819672131 0.0410155737704918
79.1333333333301 65 20 0.431436065573771 0.00364426229508197
103.533333333329 64 20 0.491037841530055 0.0778576502732241
104.549999999995 64 19 0.493490163934426 0.10205737704918
109.633333333328 63 19 0.505379672131148 0.0895793442622951
110.649999999995 61 21 0.524544262295082 0.103862295081967
111.666666666662 61 20 0.515988524590164 0.0578229508196721
112.683333333328 60 21 0.487173770491803 0.071055737704918
115.733333333328 59 21 0.481739344262295 0.0621896174863388
118.783333333328 58 22 0.456101092896175 0.103693442622951
124.883333333328 57 23 0.467365300546448 0.142850546448087
127.933333333327 57 22 0.524333333333334 0.120627868852459
129.933333333329 57 21 0.5639125 0.154685
130.93333333333 57 20 0.75371 0.161115
132.933333333331 56 21 0.756675 0.146799166666667
139.933333333337 55 21 0.424976666666667 0.12895
144.933333333341 54 21 0.645070333333334 0.158028
146.933333333342 54 20 0.3859 0.053845
150.933333333346 53 21 0.403454583333333 0.0536879166666667
162.933333333355 52 21 0.39978875 0.13477375
236.933333333414 51 22 0.52349027027027 0.188743626126126
239.933333333416 50 22 0.788118888888889 0.16994
244.93333333342 50 21 2.436563 0.200873333333333
245.933333333421 50 20 0.859905 0.144706666666667
247.933333333423 50 19 0.529264166666666 0.170490833333333
252.933333333427 49 20 0.771630333333333 0.178874
254.933333333428 48 21 0.9246025 0.178581666666667
255.933333333429 47 22 0.486285 0.126113333333333
256.950000000095 46 22 0.462032786885246 0.039927868852459
260.000000000092 44 23 0.837613661202186 0.104173224043716
261.016666666758 43 24 1.4900737704918 0.0453983606557377
262.033333333424 42 25 0.882390163934426 0.249991803278689
266.100000000087 42 24 0.723926229508197 0.121222540983607
268.133333333418 42 23 0.449081147540984 0.0225704918032787
270.16666666675 40 23 0.392122131147541 0.0151327868852459
271.183333333415 39 23 0.338675409836066 0.0151262295081967
273.216666666747 38 24 0.31396393442623 0.011605737704918
274.233333333413 37 25 0.371793442622951 0.0563524590163934
275.250000000078 36 25 0.326444262295082 0.00606065573770492
278.300000000076 35 26 0.599068306010929 0.0829475409836066
316.933333333374 34 26 1.08380970664366 0.0674566005176877
324.050000000034 33 27 1.37267540983607 0.0788290398126464
325.0666666667 32 28 0.291796721311476 0.000157377049180328
326.083333333365 32 27 0.347472131147541 0.0400655737704918
352.516666666675 31 28 0.364323076923077 0.0297597730138714
353.53333333334 30 28 0.321273770491803 0.0293377049180328
363.699999999998 29 29 0.304244098360656 0.0185706557377049
367.766666666661 29 28 0.288622540983607 0.018997131147541
368.783333333327 29 27 0.275272131147541 0.0148311475409836
369.799999999992 28 28 0.27975737704918 0.0434836065573771
389.116666666641 27 28 0.268307161345988 0.0203450388265746
396.233333333302 27 27 0.272387587822014 0.0236573770491803
399.283333333299 26 28 0.278805464480874 0.015783606557377
419.616666666614 25 28 0.277848442622951 0.0222668032786885
430.799999999937 25 27 0.241096572280179 0.0162469448584203
458.249999999912 24 27 0.25136174863388 0.0180231936854888
600 24 27 0.255101943793909 0.0171309953161593
