# New log 27/04/2014 01:53:54
1 96 32 1.44047333333333 2.43845833333333
3.03333333333333 95 30 0.707615573770492 0.663334426229508
4.04999999999999 95 29 0.59712131147541 0.671114754098361
5.06666666666665 94 24 0.678765573770492 0.607590163934426
6.08333333333332 94 21 0.740226229508197 0.172186885245902
7.09999999999998 93 22 0.680744262295082 0.177395081967213
8.09999999999998 92 23 0.806381666666667 0.0340583333333333
10.1000000000001 90 22 0.671181666666667 0.263999166666667
11.1000000000001 90 21 0.706718333333333 0.143203333333333
12.1000000000002 89 22 0.682878333333333 0.0946016666666667
13.1000000000002 89 20 0.674303333333333 0.114363333333333
14.1000000000003 88 21 0.703988333333333 0.01581
15.1000000000003 88 19 0.760296666666667 3.34987833333333
16.1000000000004 88 18 0.730913333333334 0.147666666666667
20.1666666666668 87 19 0.788433606557377 0.0919790983606558
21.1833333333334 86 19 0.664852459016394 0.0267672131147541
22.2 85 19 0.631113114754098 0.0470491803278689
23.2166666666666 84 18 0.647626229508197 0.110585245901639
28.2999999999997 83 18 0.668284262295082 0.0790524590163934
31.3499999999995 83 17 0.638237704918033 0.100066120218579
35.4166666666659 83 16 0.642026639344263 0.0406299180327869
45.583333333332 82 17 0.653140983606558 0.027922131147541
46.5999999999986 81 18 0.635140983606557 0.103437704918033
47.6166666666652 81 17 0.623985245901639 0.00284590163934426
52.6999999999983 80 18 0.632861639344262 0.0100639344262295
53.7166666666649 80 17 0.641763934426229 0.00147868852459016
59.8166666666646 79 18 0.673184699453551 0.000450273224043716
63.883333333331 79 16 0.636912295081967 0.00172622950819672
65.9166666666642 79 15 0.595212295081967 0.152854098360656
84.2166666666632 78 15 0.735173041894353 0.0558869763205829
85.2333333333298 78 14 0.690718032786885 0.0179032786885246
89.2999999999962 78 13 0.674620081967213 0.0751963114754098
98.4499999999957 77 14 0.646917304189436 0.0578790528233151
106.583333333329 77 13 0.675540573770491 0.0167399590163934
107.599999999995 76 13 0.590196721311475 0.00562786885245902
108.616666666662 76 12 0.619696721311475 0.00735409836065574
109.633333333328 75 13 0.661272131147541 0.000152459016393443
111.666666666662 75 12 0.718020491803279 0.0501303278688525
115.733333333328 73 14 0.744773770491803 0.0100446721311475
118.783333333328 72 15 0.6185 0.0733453551912568
119.799999999994 71 15 0.559463934426229 0.000152459016393443
122.849999999994 70 16 1.08922896174863 0.0572967213114754
123.866666666661 69 15 1.88096721311475 0.0932426229508197
125.899999999994 68 16 1.29329426229508 0.0359352459016393
126.916666666661 66 18 0.686531147540984 0.00442295081967213
129.933333333329 65 18 0.52739226519337 0.00420220994475138
131.93333333333 64 19 0.492045 0.01635
133.933333333332 64 17 0.464311666666667 0.00905333333333333
134.933333333333 63 18 0.49862 0.0113866666666667
135.933333333334 63 17 0.509958333333334 0.00959166666666667
136.933333333334 62 16 0.460003333333333 0.00576666666666667
137.933333333335 61 17 0.456075 0.003665
139.933333333337 61 16 0.469710833333333 0.0528391666666667
140.933333333338 59 18 0.482143333333333 0.00756166666666667
146.933333333342 59 17 0.4833975 0.000326666666666667
149.933333333345 58 18 0.452036666666666 0.001855
151.933333333346 58 16 0.444451666666667 0.00016
154.933333333349 57 16 0.469388333333333 0.00109944444444444
167.933333333359 56 17 0.465592435897435 0.00370346153846154
169.933333333361 55 18 0.434221666666667 0.000135
174.933333333365 54 19 0.425775 0.0145533333333333
184.933333333373 54 18 0.429596833333334 0.0230723333333333
186.933333333374 53 19 0.402295833333333 0.1324975
191.933333333378 52 19 0.432091333333333 0.00971033333333333
196.933333333382 52 18 0.680098666666666 0.032576
222.933333333403 51 18 0.439846923076923 0.00196474358974359
225.933333333405 50 19 0.42919 0.000880555555555556
235.933333333413 50 18 0.397532 0.0115713333333333
237.933333333415 49 18 0.383408333333333 0.00015
238.933333333416 49 17 0.398128333333333 0.00016
244.93333333342 48 17 0.411101944444444 0.000140277777777778
254.933333333428 47 18 0.410034666666667 0.000337333333333333
271.183333333415 47 17 0.39689641025641 0.00635610256410256
273.216666666747 46 17 0.36327868852459 0.0014672131147541
275.250000000078 46 16 0.379154098360656 0.0153885245901639
295.583333333393 45 17 0.413888524590164 0.00738483606557377
327.100000000031 45 16 0.403015388683237 0.000816393442622951
339.30000000002 45 15 0.411158606557376 0.000816666666666667
350.483333333343 45 14 0.395760357675112 0.000772131147540984
364.716666666664 44 15 0.418325761124122 0.00457201405152225
365.733333333329 44 14 0.406383606557377 0.00214918032786885
366.749999999995 42 15 0.36924262295082 0.00248032786885246
367.766666666661 41 14 0.345750819672131 0.000172131147540984
368.783333333327 39 16 0.336588524590164 0.000122950819672131
369.799999999992 37 17 0.324127868852459 0.000147540983606557
371.833333333324 36 17 0.330990163934426 0.0206590163934426
374.883333333321 35 17 0.347741530054645 0.000149180327868852
375.899999999987 34 18 0.336173770491803 0.000127868852459016
377.933333333318 33 19 0.326824590163935 0.000137704918032787
380.983333333316 32 20 0.326507103825137 0.0119311475409836
383.016666666647 31 20 0.318141803278689 0.0177885245901639
393.183333333304 29 22 0.311014262295082 0.00892819672131148
395.216666666636 28 23 0.263312295081967 0.000122950819672131
399.283333333299 27 24 0.259491393442623 0.000151639344262295
406.399999999959 26 24 0.287251053864169 0.0115030444964871
408.433333333291 25 24 0.318876229508197 0.000132786885245902
413.516666666619 23 26 0.425374426229508 0.000137049180327869
415.549999999951 21 27 0.380350819672131 0.000118032786885246
416.566666666616 20 28 0.297329508196721 0.000113114754098361
417.583333333282 20 27 0.189170491803279 0.000147540983606557
418.599999999948 18 28 0.208301639344262 0.00010327868852459
421.649999999945 17 29 0.210431693989071 0.000122950819672131
431.816666666603 16 30 0.174301967213115 0.000129672131147541
432.833333333268 15 31 0.144422950819672 0.000142622950819672
447.066666666589 14 32 0.137440983606557 0.00756955503512881
466.383333333238 13 33 0.126717256255392 0.000147368421052632
473.499999999898 12 34 0.114170257611241 0.000147775175644028
571.099999999809 11 34 0.104977595628415 0.000146021174863388
600 11 34 0.0978985302430753 0.000143018654607123
