# New log 27/04/2014 02:15:55
1 96 32 2.24307333333333 0.793831666666667
4.04999999999999 95 31 1.09844590163934 0.419903278688525
5.06666666666665 94 30 1.24467049180328 0.639901639344262
6.08333333333332 93 30 1.44935573770492 0.197450819672131
7.09999999999998 92 30 1.30415573770492 0.322454098360656
8.09999999999998 92 27 1.66961333333333 0.459488333333333
9.10000000000003 92 26 1.50344666666667 0.356526666666667
10.1000000000001 91 27 1.96199 0.191043333333333
11.1000000000001 91 26 1.57190666666667 0.245713333333333
12.1000000000002 91 25 2.71312166666667 0.289701666666667
13.1000000000002 90 26 4.96658 1.03978166666667
14.1000000000003 90 25 3.98567833333333 1.28507833333333
15.1000000000003 90 24 3.31131333333333 0.496858333333333
16.1000000000004 89 25 2.90121833333333 0.773661666666667
17.116666666667 89 24 3.00745901639344 0.501329508196721
18.1333333333336 88 25 2.25943278688525 0.539201639344262
19.1500000000002 86 25 2.33552786885246 0.598218032786885
20.1666666666668 85 25 1.76429344262295 0.538668852459016
21.1833333333334 85 24 1.68809344262295 0.571350819672131
23.2166666666666 85 23 2.03102213114754 1.01221229508197
24.2333333333332 84 24 2.69705737704918 1.27675737704918
25.2499999999998 84 23 3.92837868852459 0.762503278688525
26.2666666666665 83 23 3.5197131147541 0.467503278688525
27.2833333333331 83 22 3.34149508196721 0.528818032786885
30.3333333333329 82 21 3.24021202185792 0.496973224043716
32.3666666666661 81 21 5.04161557377049 0.47567131147541
33.3833333333327 80 22 5.83266557377049 1.23626229508197
43.5499999999988 80 21 5.65537524590164 0.626508524590164
46.5999999999986 80 20 1.7803043715847 1.68447650273224
50.6666666666651 79 20 5.26976885245902 2.43140778688525
54.7333333333315 78 21 3.77274918032787 1.60132008196721
55.7499999999981 78 20 2.17635573770492 0.587770491803279
56.7666666666647 78 19 1.44469016393443 0.355831147540984
58.7999999999979 77 20 1.37225737704918 0.348594262295082
66.9333333333308 76 21 1.47897909836066 0.327115778688525
67.9499999999974 76 20 1.32797049180328 0.116854098360656
68.966666666664 75 20 1.6787131147541 0.269168852459016
69.9833333333306 74 21 1.27509016393443 0.231873770491803
73.0333333333305 73 22 1.48407103825137 0.340744262295082
74.0499999999971 72 22 1.47669180327869 0.326395081967213
79.1333333333301 71 23 1.54747737704918 0.896631803278689
82.18333333333 70 24 1.61358142076503 0.569054644808743
85.2333333333298 68 26 1.59380819672131 0.645172131147541
89.2999999999962 67 26 1.44560696721311 0.173965163934426
97.4333333333291 65 26 0.787681147540983 0.0941125
99.4666666666623 64 27 0.893067213114754 0.0292147540983607
101.499999999996 63 28 0.499210655737705 0.120322131147541
104.549999999995 62 27 0.481881420765027 0.0629081967213115
106.583333333329 61 28 0.477262295081967 0.0859745901639344
110.649999999995 60 28 0.626445491803278 0.349329098360656
113.699999999995 60 27 0.428060109289618 0.210814754098361
114.716666666661 56 29 0.393731147540984 0.237132786885246
115.733333333328 55 30 0.347740983606557 0.094544262295082
121.833333333328 53 30 0.353678142076503 0.0762827868852459
122.849999999994 51 32 0.321250819672131 0.0290262295081967
123.866666666661 51 31 0.288783606557377 0.0265754098360656
132.933333333331 51 30 0.320542279411765 0.0859233455882353
133.933333333332 50 30 0.31954 0.139838333333333
137.933333333335 50 29 0.340927916666667 0.0905420833333333
138.933333333336 49 30 0.334405 0.000265
141.933333333338 48 30 0.307009444444445 0.000192222222222222
154.933333333349 47 31 0.323842051282051 0.0352117948717949
157.933333333351 46 32 0.354522222222222 0.0439133333333333
163.933333333356 46 31 0.33067 0.00994888888888889
165.933333333358 46 30 0.301795833333333 0.0286583333333333
168.93333333336 44 30 0.306915555555556 0.0275538888888889
180.933333333369 43 31 0.291515555555556 0.0347265277777778
182.933333333371 42 32 0.266636666666667 0.000185
234.933333333412 42 31 0.315835993589743 0.0101141987179487
258.983333333426 42 30 0.336240956340956 0.000243520443520444
276.266666666744 41 31 0.310531822565092 0.000913886210221794
315.916666666708 40 32 0.244269987389659 0.000377637662883565
600 40 32 0.243402400468391 0.000178021077283372
