# New log 27/04/2014 02:14:37
1 96 32 3.72838833333333 1.540005
4.04999999999999 95 31 2.26115846994536 0.424475956284153
5.06666666666665 94 31 2.12450163934426 0.322137704918033
6.08333333333332 94 28 3.91819836065574 0.293654098360656
8.09999999999998 94 27 4.50222396694215 0.242812396694215
9.10000000000003 94 26 3.85131333333333 0.212981666666667
11.1000000000001 93 27 6.89391 0.588390833333333
12.1000000000002 93 24 8.02280833333333 1.18996
13.1000000000002 93 23 7.25472166666667 1.17706333333333
14.1000000000003 92 24 7.37277166666667 1.13739166666667
15.1000000000003 91 25 6.18887666666666 0.635568333333333
17.116666666667 90 26 6.58922066115703 0.322296694214876
18.1333333333336 90 24 6.03402786885246 0.726249180327869
19.1500000000002 89 25 3.13776229508197 1.13640819672131
20.1666666666668 89 24 2.0858868852459 0.96257868852459
22.2 88 25 3.02932213114754 0.645804098360656
23.2166666666666 88 24 4.90152459016394 0.363013114754098
25.2499999999998 88 23 3.37803770491803 0.241532786885246
27.2833333333331 88 22 2.89195737704918 0.0667385245901639
31.3499999999995 87 23 4.08135614754098 0.18666762295082
32.3666666666661 86 23 4.08640819672131 0.492067213114754
34.3999999999993 86 22 3.01377131147541 0.39791393442623
37.4499999999992 85 23 3.04415355191257 0.528445901639344
40.499999999999 84 22 1.74930601092896 0.336368852459016
41.5166666666656 83 22 2.30128196721311 0.585773770491803
43.5499999999988 82 22 2.52659754098361 0.815681147540984
44.5666666666654 81 23 2.29135901639344 1.00718852459016
45.583333333332 79 24 2.10359836065574 1.07590163934426
47.6166666666652 78 24 1.9030106557377 1.01940901639344
51.6833333333317 78 23 4.60417295081967 0.946832786885246
53.7166666666649 77 23 5.00537622950819 0.701445081967213
57.7833333333313 76 23 1.63330655737705 0.424799590163934
59.8166666666646 74 25 1.83001557377049 0.484261475409836
65.9166666666642 73 26 1.6192306010929 0.603280327868852
69.9833333333306 72 26 1.86492459016394 0.731245901639344
72.0166666666639 71 26 1.23254590163934 0.515390163934426
73.0333333333305 71 25 1.78945901639344 0.295631147540984
76.0833333333303 69 26 1.94921366120219 0.199103278688525
77.0999999999969 68 26 1.72910983606557 0.0601409836065574
80.1499999999967 66 27 2.15748142076503 0.0871333333333333
85.2333333333298 65 28 3.42844721311475 0.360684262295082
88.2833333333296 65 27 2.75588142076503 0.43637650273224
90.3166666666628 64 28 3.11664180327869 0.480152459016393
91.3333333333294 63 29 3.07405573770492 0.483095081967213
95.3999999999959 63 28 2.1436737704918 0.370686475409836
96.4166666666625 63 27 1.05574754098361 0.0355672131147541
109.633333333328 62 28 1.042184110971 0.0436540983606557
112.683333333328 61 28 0.989501092896175 0.0204677595628415
128.933333333328 60 29 0.925387692307693 0.0316948717948718
134.933333333333 59 30 0.892473888888889 0.147373611111111
141.933333333338 58 30 0.986946428571429 0.184351428571429
149.933333333345 57 30 0.811086875 0.159366666666667
156.93333333335 56 31 0.779911428571429 0.21867380952381
165.933333333358 55 32 0.794243518518518 0.231344444444444
166.933333333358 55 31 0.857986666666667 0.163496666666667
167.933333333359 54 32 0.761075 0.177031666666667
174.933333333365 54 31 0.767779761904762 0.184049047619048
181.93333333337 54 30 0.770406666666666 0.153792619047619
183.933333333372 54 29 0.783259166666667 0.171544166666667
184.933333333373 54 28 0.762901666666667 0.110211666666667
192.933333333379 54 27 0.760994583333333 0.154667916666667
197.933333333383 53 28 0.756655 0.14978
199.933333333385 53 27 0.757214166666667 0.131948333333333
200.933333333385 52 27 0.76265 0.141945
205.933333333389 51 26 0.707002333333333 0.162742
215.933333333397 50 26 0.699463 0.133502
218.9333333334 50 25 0.702077777777778 0.0472194444444445
234.933333333412 50 24 0.696103124999999 0.0175813541666667
236.933333333414 49 25 0.698751666666667 0.0001875
237.933333333415 49 24 0.655598333333333 0.000155
262.033333333424 49 23 0.978661134163209 0.0182685338865837
268.133333333418 48 23 0.712193169398907 0.00211092896174863
269.150000000084 47 23 0.624090163934426 0.000147540983606557
315.916666666708 46 24 0.655280363506771 0.00220866001425517
531.449999999845 45 25 0.66596807918342 0.000183034333436437
557.883333333155 45 24 0.639691488020175 0.00281393442622951
600 45 24 0.652295862607339 0.00717728337236534
