# New log 27/04/2014 02:12:31
1 96 32 1.619075 5.90324833333333
3.03333333333333 95 33 1.25758770491803 1.45279754098361
4.04999999999999 94 33 1.20960655737705 1.24787213114754
5.06666666666665 93 32 0.837413114754098 0.851880327868852
7.09999999999998 92 33 0.89977868852459 0.884276229508197
9.10000000000003 92 32 1.36652416666667 1.175925
10.1000000000001 92 30 1.68311833333333 2.75264166666667
11.1000000000001 91 29 1.05416 3.31491666666667
12.1000000000002 90 30 1.88141833333333 1.45091833333333
13.1000000000002 89 30 2.52427166666667 1.83724833333333
14.1000000000003 87 31 2.70090333333333 6.17978833333333
17.116666666667 86 31 1.64225580110497 7.53342983425414
18.1333333333336 85 31 1.92333606557377 8.33639344262295
21.1833333333334 84 30 2.6740262295082 3.63455519125683
22.2 82 31 3.5233868852459 0.431175409836066
23.2166666666666 82 30 1.64355737704918 0.358934426229508
24.2333333333332 82 29 1.65641967213115 0.813268852459016
27.2833333333331 81 30 1.76704754098361 0.986408196721311
28.2999999999997 80 30 3.21146229508197 0.62235737704918
29.3166666666663 80 29 1.36084918032787 0.945459016393443
30.3333333333329 80 28 1.0791131147541 0.649654098360656
31.3499999999995 79 27 0.700581967213115 0.175427868852459
33.3833333333327 79 24 0.662420491803279 0.70738606557377
34.3999999999993 78 24 1.20209508196721 0.388509836065574
42.5333333333322 78 23 1.2207006147541 0.858666393442623
44.5666666666654 78 22 0.977684426229508 2.3927762295082
48.6333333333319 77 23 0.858505327868853 0.52581762295082
51.6833333333317 77 21 0.65275519125683 0.687866120218579
52.6999999999983 76 21 0.748927868852459 0.411045901639344
54.7333333333315 75 22 0.684872950819672 0.990544262295082
55.7499999999981 74 22 0.603516393442623 0.3465
58.7999999999979 74 21 0.780123497267759 0.762645355191257
61.8499999999978 73 22 0.820431147540984 7.6986737704918
64.8999999999976 72 23 0.871888524590164 10.3744475409836
65.9166666666642 72 22 0.920727868852459 10.1515049180328
66.9333333333308 72 21 1.1285868852459 10.0174754098361
68.966666666664 70 23 1.26337131147541 10.2481786885246
75.0666666666637 68 24 0.567287158469945 7.30125409836066
76.0833333333303 68 23 0.534103278688525 10.1130409836066
77.0999999999969 67 24 0.56054262295082 10.4813032786885
78.1166666666635 66 24 0.605909836065574 10.7342409836066
85.2333333333298 65 25 0.567235597189696 11.458862763466
86.2499999999964 65 24 0.487852459016394 9.78263114754098
107.599999999995 65 23 0.577122326307573 7.83625644028103
124.883333333328 64 23 0.567744358727097 9.39841292189007
129.933333333329 64 22 0.56164092409241 2.16659438943894
135.933333333334 64 20 0.504921388888889 1.4776525
142.933333333339 63 21 0.532147142857143 2.77862357142857
152.933333333347 62 21 0.970850666666667 2.81868416666667
163.933333333356 61 22 0.512579393939394 2.69481378787879
216.933333333398 61 21 0.458348018867925 2.93435679245283
241.933333333418 60 22 0.458656533333334 1.6210614
252.933333333427 59 23 0.452875454545454 0.796184545454546
260.000000000092 59 22 0.431919103773585 1.33421910377358
267.116666666752 58 22 0.422529976580796 0.98402318501171
288.466666666733 57 22 0.411407962529274 0.684026073380172
291.51666666673 57 21 0.409134972677596 0.864089617486339
309.816666666714 56 22 0.409640255009107 0.695709198542805
312.866666666711 55 22 0.409598360655738 0.538213661202186
327.100000000031 54 23 0.401686768149882 0.548033138173302
361.666666666666 53 24 0.392037078109932 0.570304869816779
366.749999999995 52 24 0.373949180327869 0.539180983606557
370.816666666658 51 24 0.396495491803279 0.594091393442623
378.949999999984 50 24 0.350363524590164 0.541237704918033
381.999999999981 49 24 0.349810382513661 0.539806557377049
519.249999999856 49 23 0.364898664238008 0.972951766848816
529.416666666514 48 23 0.38603393442623 0.274645901639344
535.516666666508 47 24 0.376266120218579 0.0305234972677596
600 47 24 0.346697592213114 0.00303931864754098
