# New log 24/04/2014 01:08:44
1 96 32 1.91459333333333
5.06666666666665 92 28 1.40536844262295
6.08333333333332 91 29 1.24039016393443
7.09999999999998 90 29 2.14808360655738
8.09999999999998 89 28 3.29429666666667
9.10000000000003 89 27 2.99624833333333
10.1000000000001 87 27 2.69260833333333
11.1000000000001 86 27 2.517095
13.1000000000002 85 26 2.41805916666667
14.1000000000003 85 25 2.88558166666667
16.1000000000004 84 26 1.98816416666667
17.116666666667 83 27 3.20751475409836
21.1833333333334 82 27 2.03035286885246
22.2 82 25 1.92270655737705
24.2333333333332 80 22 2.22412950819672
25.2499999999998 78 23 1.90481147540984
26.2666666666665 77 24 2.13729836065574
27.2833333333331 76 25 2.36026557377049
28.2999999999997 74 27 2.82705245901639
29.3166666666663 74 26 1.97924590163934
30.3333333333329 73 27 2.15182786885246
34.3999999999993 73 26 2.07460819672131
37.4499999999992 72 27 1.23474043715847
38.4666666666658 72 26 2.35248852459016
39.4833333333324 72 25 3.29208196721312
41.5166666666656 71 26 3.49081803278689
49.6499999999985 71 25 2.753425
51.6833333333317 70 25 3.07218196721312
56.7666666666647 69 26 3.59898426229508
61.8499999999978 68 27 2.44328426229508
62.8666666666644 67 28 2.55326885245902
64.8999999999976 65 28 2.18157540983607
65.9166666666642 64 27 2.66788032786885
66.9333333333308 64 24 2.18163770491803
67.9499999999974 64 23 2.66332950819672
68.966666666664 64 22 1.96671147540984
69.9833333333306 62 24 2.72490163934426
70.9999999999973 61 24 3.12373278688525
72.0166666666639 60 24 3.71743442622951
73.0333333333305 59 25 4.02213934426229
76.0833333333303 58 25 2.39558907103825
77.0999999999969 57 26 1.53022295081967
79.1333333333301 55 27 0.686625409836066
83.1999999999966 54 28 1.16031475409836
85.2333333333298 53 28 1.59254672131148
98.4499999999957 52 28 0.879132282471626
99.4666666666623 51 28 0.7533
101.499999999996 50 28 1.13138032786885
103.533333333329 49 28 2.29834262295082
105.566666666662 48 28 1.88652950819672
109.633333333328 47 29 1.75717336065574
110.649999999995 47 28 1.52966393442623
114.716666666661 47 27 0.946719672131147
117.766666666661 47 26 1.10716393442623
120.816666666661 46 26 0.530817486338798
121.833333333328 45 26 0.502398360655738
122.849999999994 44 27 0.655349180327868
131.93333333333 43 28 0.643234311926605
132.933333333331 42 28 0.542521666666667
135.933333333334 41 29 0.537376111111111
147.933333333343 41 28 0.915693194444444
154.933333333349 41 27 0.485086666666666
163.933333333356 40 28 0.394929814814815
166.933333333358 39 28 0.403236111111111
167.933333333359 39 27 0.416208333333333
176.933333333366 39 26 0.407753333333333
178.933333333368 38 27 0.423615833333333
194.933333333381 38 26 0.477448437499999
204.933333333389 37 26 0.520214666666666
205.933333333389 36 26 0.361948333333333
213.933333333396 36 25 0.349183125
217.933333333399 35 25 0.370350833333333
218.9333333334 34 26 0.303708333333333
224.933333333404 34 25 0.474678055555556
233.933333333412 33 26 0.36325037037037
241.933333333418 32 26 0.88815625
244.93333333342 31 26 1.830815
247.933333333423 30 26 2.12267555555556
248.933333333424 30 25 1.91883
249.933333333424 29 25 2.05304833333333
250.933333333425 29 24 1.65285666666667
270.16666666675 28 25 0.420069150779896
280.333333333407 27 26 0.253455737704918
293.550000000062 26 25 0.248242749054225
322.016666666702 25 26 0.19337406323185
323.033333333368 24 27 0.223055737704918
324.050000000034 23 28 0.210252459016393
329.133333333363 21 30 0.23031475409836
335.233333333357 20 31 0.183487158469945
336.250000000023 19 32 0.213880327868852
339.30000000002 18 33 0.149175956284153
341.333333333352 16 34 0.16302131147541
343.366666666683 14 36 0.163366393442623
344.383333333349 13 37 0.115055737704918
354.550000000006 12 38 0.162609836065574
390.133333333307 11 39 0.13430262295082
391.149999999973 10 40 0.127732786885246
400.299999999965 10 39 0.0949551912568306
403.349999999962 9 39 0.0885972677595629
600 9 39 0.048381832009464
