# New log 23/04/2014 23:02:05
1 96 32 4.07462666666667
3.03333333333333 96 31 2.07449918032787
4.04999999999999 94 32 2.28990655737705
5.06666666666665 93 31 2.42368524590164
6.08333333333332 92 29 2.53927704918033
7.09999999999998 92 28 2.3756
8.09999999999998 91 28 2.59021166666667
9.10000000000003 91 25 2.502705
10.1000000000001 89 27 2.56645666666667
11.1000000000001 88 28 2.79856833333333
14.1000000000003 87 29 2.97184333333333
16.1000000000004 84 32 3.141175
18.1333333333336 83 32 3.18157213114754
21.1833333333334 82 31 2.23788360655738
22.2 80 31 2.08303770491803
23.2166666666666 79 30 2.00616229508197
24.2333333333332 78 28 2.27118032786885
25.2499999999998 78 27 2.83283278688525
26.2666666666665 77 27 3.08434426229508
32.3666666666661 76 28 3.20527595628415
33.3833333333327 75 29 3.46673606557377
34.3999999999993 74 29 3.5457737704918
35.4166666666659 73 29 2.91485573770492
36.4333333333325 73 28 2.99312131147541
38.4666666666658 72 27 3.05379426229508
39.4833333333324 70 28 3.78170655737705
40.499999999999 69 29 3.22963770491803
43.5499999999988 68 30 3.15138743169399
44.5666666666654 67 31 2.17822131147541
45.583333333332 66 32 2.29912786885246
47.6166666666652 66 31 2.58360491803279
49.6499999999985 65 32 2.08015409836066
50.6666666666651 65 31 1.88959836065574
51.6833333333317 63 31 1.46559836065574
55.7499999999981 62 32 2.23004959016394
56.7666666666647 62 31 1.62618524590164
57.7833333333313 61 31 1.41874262295082
60.8333333333312 61 30 1.85317431693989
64.8999999999976 60 30 1.99486885245902
68.966666666664 60 29 1.64791762295082
77.0999999999969 60 28 1.94092602459017
79.1333333333301 60 27 1.6739106557377
80.1499999999967 59 27 1.53482459016394
82.18333333333 59 26 1.42466475409836
86.2499999999964 59 25 2.0635012295082
89.2999999999962 58 25 2.28947540983607
91.3333333333294 57 26 1.64956147540984
92.349999999996 55 27 2.11964098360656
100.483333333329 55 26 2.15589692622951
108.616666666662 54 26 2.13208995901639
109.633333333328 53 27 2.12760819672131
114.716666666661 51 28 1.81117213114754
115.733333333328 49 30 1.30798360655738
129.933333333329 48 31 1.18174025821596
135.933333333334 47 32 1.18358583333333
137.933333333335 46 33 1.100315
145.933333333342 45 34 1.11300625
158.933333333352 43 36 1.16667474358974
160.933333333354 42 37 1.05761583333333
177.933333333367 42 36 1.11844676470588
198.933333333384 41 37 1.09092142857143
282.366666666739 41 36 1.03977682780663
345.400000000015 41 35 1.08272170809096
357.600000000003 40 35 1.06770218579235
364.716666666664 39 36 1.054681264637
376.916666666653 38 36 1.05801543715847
378.949999999984 37 37 1.01946639344262
380.983333333316 36 37 1.01581229508197
384.033333333313 35 38 1.00618907103825
388.099999999976 34 39 1.00415
600 34 39 1.04822902972783
