# New log 24/04/2014 01:11:42
1 96 32 1.92303166666667
3.03333333333333 94 34 1.90338442622951
4.04999999999999 94 33 1.62848852459016
5.06666666666665 94 30 1.58261475409836
6.08333333333332 94 29 1.67904754098361
7.09999999999998 94 28 1.74529672131148
8.09999999999998 94 27 1.40481166666667
9.10000000000003 92 27 0.83511
10.1000000000001 91 26 1.245635
11.1000000000001 89 28 1.40585833333333
12.1000000000002 88 27 1.73409333333333
13.1000000000002 87 28 1.522425
14.1000000000003 86 29 1.49534166666667
18.1333333333336 85 29 2.39188553719008
19.1500000000002 84 30 2.19380819672131
20.1666666666668 82 30 1.60513934426229
21.1833333333334 82 29 1.91592295081967
22.2 82 28 1.68365901639344
24.2333333333332 80 29 0.943590163934426
25.2499999999998 80 28 1.03541475409836
27.2833333333331 79 29 1.13495901639344
28.2999999999997 76 30 0.808277049180328
32.3666666666661 72 33 1.14179467213115
33.3833333333327 71 34 1.19191803278689
35.4166666666659 70 35 0.933427049180328
36.4333333333325 69 36 1.1852737704918
37.4499999999992 68 37 1.57862786885246
42.5333333333322 68 36 1.40545409836066
43.5499999999988 67 36 1.05944426229508
48.6333333333319 66 36 0.900001639344262
49.6499999999985 66 35 1.26805245901639
51.6833333333317 65 34 1.0676762295082
53.7166666666649 65 33 0.978551639344262
54.7333333333315 65 32 1.24736557377049
56.7666666666647 64 33 1.44119672131148
57.7833333333313 63 34 1.20954262295082
58.7999999999979 62 33 1.52749344262295
59.8166666666646 61 32 1.43052131147541
61.8499999999978 59 33 1.28554262295082
62.8666666666644 55 35 1.08823114754098
68.966666666664 54 35 0.998180601092897
69.9833333333306 54 34 1.07591639344262
73.0333333333305 53 35 2.54789180327869
80.1499999999967 53 34 1.47379016393443
81.1666666666633 52 34 0.84076393442623
84.2166666666632 52 33 1.14601857923497
86.2499999999964 51 34 0.924724590163934
95.3999999999959 50 34 0.986771584699453
103.533333333329 50 33 2.44974036885246
106.583333333329 49 34 0.813098907103825
107.599999999995 48 35 1.02028032786885
111.666666666662 47 34 0.980411475409836
115.733333333328 45 35 0.95157786885246
116.749999999995 45 34 0.595777049180328
117.766666666661 43 35 0.622577049180328
120.816666666661 40 38 0.499091256830601
121.833333333328 39 39 0.432613114754098
122.849999999994 38 39 0.38805737704918
130.93333333333 37 40 0.373887835051546
131.93333333333 36 40 0.347808333333333
132.933333333331 35 40 0.327505
133.933333333332 34 40 0.313033333333333
134.933333333333 33 40 0.28641
135.933333333334 32 41 0.275733333333333
143.93333333334 31 42 0.289315416666667
144.933333333341 31 40 0.25973
146.933333333342 30 41 0.690295833333334
156.93333333335 29 41 0.234622666666667
157.933333333351 29 40 0.213515
160.933333333354 28 41 0.211872777777778
162.933333333355 28 40 0.2197925
163.933333333356 27 41 0.210098333333333
165.933333333358 27 40 0.228194166666667
173.933333333364 27 39 0.204475208333333
175.933333333365 26 39 0.1933125
188.933333333376 26 38 0.295755897435897
189.933333333377 24 40 0.202061666666667
190.933333333377 23 41 0.169293333333333
191.933333333378 22 42 0.158191666666667
209.933333333393 21 43 0.171823703703704
213.933333333396 21 42 0.169436666666667
235.933333333413 20 43 0.162963257575758
239.933333333416 20 42 0.156344166666667
252.933333333427 19 42 0.150762948717949
254.933333333428 19 41 0.1535025
344.383333333349 18 42 0.132542593627726
367.766666666661 18 41 0.285467997148966
370.816666666658 17 41 0.377056830601093
371.833333333324 17 40 0.1482
372.84999999999 16 40 0.138811475409836
398.266666666633 16 39 0.376298885245901
400.299999999965 15 40 0.11186393442623
415.549999999951 15 39 0.144089071038251
424.699999999942 15 38 0.263941530054645
426.733333333274 14 39 0.436415573770492
432.833333333268 14 38 0.0918650273224045
438.933333333263 13 38 0.0987434426229508
447.066666666589 12 39 1.36687295081967
451.133333333252 12 38 0.216265163934426
452.149999999917 11 39 0.0798885245901639
491.799999999881 10 39 0.0751608659100464
600 10 39 0.0640068637965364
