# New log 24/04/2014 01:35:38
1 96 32 1.83738166666667
4.04999999999999 96 31 1.18200382513661
5.06666666666665 95 27 1.45220655737705
6.08333333333332 95 24 1.2844
7.09999999999998 94 25 1.19073278688525
8.09999999999998 94 24 1.22681666666667
9.10000000000003 91 25 0.827693333333334
12.1000000000002 89 27 0.992443333333334
14.1000000000003 88 27 2.266935
17.116666666667 86 28 2.01361436464088
18.1333333333336 86 27 1.7396131147541
19.1500000000002 85 27 0.971059016393443
21.1833333333334 85 26 1.41701885245902
23.2166666666666 85 25 1.08505245901639
24.2333333333332 84 26 1.04768360655738
26.2666666666665 83 26 1.4889
27.2833333333331 83 25 2.00600327868852
28.2999999999997 81 27 1.64886885245902
29.3166666666663 81 26 2.07284590163934
33.3833333333327 81 25 1.14251967213115
35.4166666666659 81 24 1.9364262295082
36.4333333333325 80 24 2.00145245901639
38.4666666666658 80 23 2.05603114754098
39.4833333333324 80 22 2.35178360655738
40.499999999999 79 22 3.24427704918033
41.5166666666656 78 22 1.63962786885246
43.5499999999988 78 21 1.10683770491803
44.5666666666654 77 22 0.845865573770492
45.583333333332 76 23 0.748895081967213
50.6666666666651 76 21 1.13559704918033
51.6833333333317 75 21 1.51525573770492
52.6999999999983 73 22 1.22114262295082
55.7499999999981 72 23 1.14925683060109
57.7833333333313 71 24 0.942981147540984
59.8166666666646 71 23 0.83542868852459
62.8666666666644 70 24 0.737207103825137
72.0166666666639 69 25 1.11898652094718
83.1999999999966 69 24 2.11350402384501
88.2833333333296 68 25 0.947574426229509
89.2999999999962 68 24 0.718806557377049
96.4166666666625 67 24 1.02152224824356
107.599999999995 64 27 0.883421758569299
152.933333333347 63 27 0.912039742647059
153.933333333348 62 27 1.74501666666667
156.93333333335 61 28 0.981637777777777
157.933333333351 60 29 1.07552833333333
158.933333333352 59 29 1.06197333333333
160.933333333354 58 29 0.368006666666667
163.933333333356 57 30 1.46749666666667
167.933333333359 55 29 2.53929833333333
168.93333333336 55 28 0.809331666666667
175.933333333365 54 29 0.901089523809524
177.933333333367 53 30 1.90181666666667
178.933333333368 52 31 0.689541666666667
191.933333333378 51 32 0.902888846153846
194.933333333381 50 32 0.864087222222222
221.933333333402 49 33 0.880456419753087
240.933333333417 48 34 0.815060614035088
251.933333333426 47 33 0.646413636363635
253.933333333428 47 32 0.278225
257.966666666761 46 32 1.20323636363636
263.050000000089 45 33 0.590216393442623
269.150000000084 44 34 0.664377322404372
273.216666666747 43 34 0.574184016393443
280.333333333407 43 33 0.58443700234192
294.566666666727 43 32 0.466924707259953
317.950000000039 43 31 0.501108196721311
327.100000000031 42 32 0.63706102003643
402.333333333296 42 31 0.502751705804163
404.366666666628 41 31 0.264449180327869
424.699999999942 40 32 0.32680762295082
440.966666666594 40 31 0.34959375
442.999999999926 39 31 0.408224590163934
458.249999999912 38 32 0.233370054644809
471.466666666567 37 33 0.209534552332913
600 37 33 0.195359300374339
