# New log 23/04/2014 23:04:03
1 96 32 4.04255
5.06666666666665 96 29 2.57337336065574
6.08333333333332 96 26 3.51609016393443
7.09999999999998 95 26 3.53638032786885
8.09999999999998 95 25 3.12763
10.1000000000001 95 24 4.288305
11.1000000000001 93 26 4.79177166666667
12.1000000000002 93 24 2.79595333333333
13.1000000000002 90 25 3.780945
15.1000000000003 90 24 3.70811333333333
16.1000000000004 90 23 3.43341833333333
17.116666666667 90 22 5.14484590163935
18.1333333333336 89 21 2.46945409836066
19.1500000000002 88 21 2.59983770491803
21.1833333333334 87 20 3.16628032786885
22.2 87 18 2.29563442622951
23.2166666666666 86 18 1.77143606557377
24.2333333333332 86 17 2.65852131147541
28.2999999999997 84 18 2.59396803278689
30.3333333333329 83 18 2.28144836065574
32.3666666666661 83 17 2.11501885245902
35.4166666666659 83 14 5.29306885245902
43.5499999999988 82 14 2.52706946721312
44.5666666666654 82 13 6.07410327868852
46.5999999999986 82 12 4.43156639344262
51.6833333333317 81 13 3.41244196721311
52.6999999999983 81 12 2.52985901639344
54.7333333333315 80 13 2.68344836065574
63.883333333331 79 14 2.4654839708561
66.9333333333308 78 14 2.25317486338798
93.3666666666627 77 14 2.30028436317781
95.3999999999959 76 15 1.95080983606557
100.483333333329 75 16 2.25269114754098
102.516666666662 75 15 2.85278278688525
103.533333333329 74 15 2.57182459016393
108.616666666662 73 15 2.70433180327869
110.649999999995 73 14 2.59424098360656
111.666666666662 72 14 2.14304098360656
113.699999999995 71 14 2.62458524590164
116.749999999995 70 13 2.57997704918033
117.766666666661 69 13 3.49781639344262
118.783333333328 68 14 2.38901967213115
119.799999999994 66 14 2.53883770491803
121.833333333328 65 14 1.32473606557377
124.883333333328 65 13 1.62600546448087
125.899999999994 65 12 3.08589836065574
126.916666666661 63 13 2.35410327868852
130.93333333333 61 14 1.74462531120332
131.93333333333 60 15 1.54090333333333
132.933333333331 60 14 1.91854166666667
133.933333333332 59 15 1.68115166666667
134.933333333333 59 14 2.33004666666667
143.93333333334 58 15 1.64292851851852
146.933333333342 57 15 1.483985
158.933333333352 56 16 1.66867694444445
165.933333333358 55 17 1.56532785714286
177.933333333367 54 17 1.47163222222222
180.933333333369 53 17 1.36883888888889
185.933333333373 53 16 1.256269
187.933333333375 52 16 1.3222975
193.93333333338 52 15 1.16053861111111
212.933333333395 51 16 1.0720547368421
214.933333333397 51 15 0.9024725
216.933333333398 50 16 1.07251166666667
219.933333333401 49 17 0.822307222222222
220.933333333401 48 18 0.803186666666667
234.933333333412 47 19 0.86990023809524
257.966666666761 46 20 0.893237916063676
265.083333333421 45 20 0.881259484777517
268.133333333418 44 20 1.01960163934426
274.233333333413 43 21 0.861295081967212
275.250000000078 43 20 0.875011475409836
316.933333333374 42 21 0.748896241503397
321.000000000037 42 20 0.752104918032788
324.050000000034 41 21 0.736705464480874
357.600000000003 40 21 0.765309041231993
600 40 21 0.76779627546471
