# New log 24/04/2014 01:31:59
1 96 32 2.16631666666667
3.03333333333333 96 31 1.50557950819672
5.06666666666665 96 30 1.71823770491803
6.08333333333332 94 28 1.10950983606557
7.09999999999998 94 26 1.13308196721312
8.09999999999998 94 24 0.96911
10.1000000000001 94 21 2.50536416666667
14.1000000000003 91 21 1.77990041666667
15.1000000000003 90 21 1.53038833333333
16.1000000000004 88 22 1.394325
17.116666666667 88 21 1.49555901639344
20.1666666666668 88 20 1.4797650273224
22.2 87 21 1.61842540983607
24.2333333333332 86 22 4.74685819672131
25.2499999999998 85 23 4.68140983606557
28.2999999999997 85 22 4.60120163934426
29.3166666666663 84 22 3.96678360655738
30.3333333333329 83 23 5.69846721311476
31.3499999999995 82 24 7.44269344262295
32.3666666666661 81 25 5.97869508196721
33.3833333333327 80 26 9.60805081967213
36.4333333333325 79 27 5.24569398907104
37.4499999999992 78 26 3.43807213114754
38.4666666666658 76 28 3.57957704918033
39.4833333333324 74 29 2.39384426229508
44.5666666666654 73 30 2.1193331147541
46.5999999999986 73 29 1.33410491803279
47.6166666666652 73 28 3.19425901639344
49.6499999999985 72 29 6.15946803278689
50.6666666666651 71 30 5.36983934426229
53.7166666666649 69 31 2.01797595628415
55.7499999999981 68 31 1.09513606557377
57.7833333333313 67 31 1.64461229508197
58.7999999999979 67 30 1.96990491803279
59.8166666666646 66 31 2.65819672131148
60.8333333333312 65 31 2.78195901639344
62.8666666666644 63 32 1.27736967213115
63.883333333331 62 32 1.37287049180328
64.8999999999976 61 32 1.12300327868852
69.9833333333306 60 33 2.94702262295082
72.0166666666639 59 33 2.92722213114754
74.0499999999971 59 32 2.72906885245902
75.0666666666637 57 34 1.9572737704918
79.1333333333301 55 36 1.09542131147541
81.1666666666633 54 36 1.26517540983607
84.2166666666632 53 37 1.91117759562841
85.2333333333298 53 36 0.491339344262295
86.2499999999964 52 36 1.50660327868852
88.2833333333296 51 36 0.788427868852459
90.3166666666628 50 36 1.59221557377049
94.3833333333293 50 34 1.23098975409836
96.4166666666625 49 34 0.561220491803279
97.4333333333291 48 34 0.66527868852459
99.4666666666623 47 35 0.898400819672131
102.516666666662 47 34 0.627220218579235
109.633333333328 46 34 0.985013817330211
110.649999999995 45 35 0.491303278688525
114.716666666661 44 36 0.557965163934426
116.749999999995 43 37 0.492464754098361
117.766666666661 42 38 0.49947868852459
120.816666666661 41 38 0.89162349726776
122.849999999994 40 39 0.672377868852459
124.883333333328 39 39 0.802845081967213
125.899999999994 38 40 0.4077
131.93333333333 38 39 1.70118149171271
135.933333333334 38 38 1.52179708333333
142.933333333339 37 38 0.487101904761905
144.933333333341 35 40 0.555006666666667
158.933333333352 35 39 0.501258928571429
159.933333333353 33 41 0.309885
201.933333333386 32 41 0.450440158730159
215.933333333397 31 42 0.581570595238096
246.933333333422 30 43 0.585232258064516
273.216666666747 30 42 0.505742168674698
276.266666666744 29 43 0.585374316939891
289.483333333399 28 44 0.532697982345524
600 28 44 0.570132031501123
