# New log 23/04/2014 23:09:53
1 96 32 4.198035
2.01666666666666 96 31 2.68600655737705
3.03333333333333 96 30 2.2289606557377
4.04999999999999 96 29 2.6807868852459
5.06666666666665 96 27 2.9058131147541
6.08333333333332 96 26 3.30784262295082
7.09999999999998 95 26 2.77054262295082
8.09999999999998 95 24 2.13099
10.1000000000001 94 24 2.031525
12.1000000000002 93 25 3.57475833333333
13.1000000000002 93 24 2.83156333333333
14.1000000000003 92 25 2.49312333333333
15.1000000000003 91 26 3.88428166666667
16.1000000000004 90 26 2.98799833333333
17.116666666667 90 25 1.94370327868853
18.1333333333336 90 23 1.96366885245902
19.1500000000002 89 24 2.36012131147541
21.1833333333334 89 23 3.76482049180328
22.2 88 21 2.6440131147541
26.2666666666665 88 20 2.90868483606557
27.2833333333331 87 20 4.8434131147541
28.2999999999997 87 19 5.69774098360656
29.3166666666663 86 19 4.44548524590164
30.3333333333329 86 18 2.21208524590164
32.3666666666661 86 17 2.33829426229508
36.4333333333325 85 17 2.70415532786885
38.4666666666658 85 16 1.90174344262295
40.499999999999 84 17 3.49549918032787
41.5166666666656 83 17 2.98487868852459
43.5499999999988 83 16 1.76767131147541
44.5666666666654 83 15 1.67246393442623
45.583333333332 83 14 1.56060327868853
46.5999999999986 83 13 2.14088852459016
50.6666666666651 83 12 2.89759467213115
51.6833333333317 83 11 2.95912295081967
54.7333333333315 83 10 1.83112841530055
55.7499999999981 83 9 2.62062786885246
58.7999999999979 83 8 2.12318852459016
60.8333333333312 82 9 3.21621229508197
61.8499999999978 81 9 3.91646557377049
64.8999999999976 79 11 3.1565825136612
70.9999999999973 78 12 3.79191229508197
72.0166666666639 77 13 2.75389508196721
76.0833333333303 75 14 2.59456065573771
80.1499999999967 74 14 2.32401721311476
81.1666666666633 73 15 2.53743934426229
82.18333333333 72 15 1.35206229508197
83.1999999999966 71 16 1.2476262295082
84.2166666666632 70 17 1.90253934426229
86.2499999999964 69 18 1.62290819672131
93.3666666666627 68 19 2.03054262295082
103.533333333329 67 19 1.66188918032787
109.633333333328 66 20 1.42921721311475
111.666666666662 64 21 1.18722295081967
112.683333333328 64 20 1.51226721311475
113.699999999995 63 21 1.15032295081967
118.783333333328 62 21 1.53258459016393
119.799999999994 61 21 1.29004754098361
122.849999999994 60 22 1.59948961748634
125.899999999994 59 23 1.76121366120219
126.916666666661 58 24 1.9096
132.933333333331 57 25 1.49791274238227
133.933333333332 56 25 1.79760666666667
134.933333333333 55 25 1.30822166666667
137.933333333335 54 25 1.16746111111111
139.933333333337 53 25 1.31203666666667
140.933333333338 52 25 0.948103333333334
141.933333333338 52 24 1.27067166666667
143.93333333334 51 24 1.08469666666667
144.933333333341 51 23 0.905038333333334
146.933333333342 51 22 0.935695833333333
147.933333333343 51 21 1.490545
150.933333333346 50 21 1.60312611111111
152.933333333347 49 21 4.32715583333333
154.933333333349 48 21 3.3736525
157.933333333351 47 22 2.61404
158.933333333352 46 23 2.68559333333333
160.933333333354 46 22 2.48936166666667
165.933333333358 45 23 1.23247866666667
171.933333333362 44 24 0.811764444444445
184.933333333373 43 25 0.834435641025641
189.933333333377 42 26 0.753379333333333
191.933333333378 41 27 0.7244925
204.933333333389 41 26 0.824909615384615
205.933333333389 40 26 0.695806666666667
215.933333333397 39 27 0.716261333333333
235.933333333413 39 26 0.769441916666668
244.93333333342 38 26 0.864069444444444
279.316666666741 37 26 0.868760009694618
285.416666666736 36 27 0.720937431693989
294.566666666727 35 27 0.722665027322405
296.600000000059 34 28 0.708431967213115
298.63333333339 33 29 0.698190983606557
308.800000000048 32 30 0.715941803278689
310.833333333379 31 31 1.05648196721311
311.850000000045 30 32 0.734793442622951
319.983333333371 29 32 0.702410860655737
322.016666666702 28 33 0.93818606557377
334.216666666691 27 33 0.747909426229508
343.366666666683 26 34 0.675126229508196
346.41666666668 25 34 0.685531693989071
416.566666666616 24 34 0.580217153718221
423.683333333277 23 35 0.597325761124122
431.816666666603 23 34 0.595281762295082
489.76666666655 22 35 0.592702358354905
526.366666666517 21 36 0.562624681238615
600 21 36 0.555112485964518
