# New log 23/04/2014 23:05:01
1 96 32 4.18418
4.04999999999999 95 31 3.1908650273224
5.06666666666665 95 30 3.87104754098361
6.08333333333332 93 28 3.49126885245902
7.09999999999998 91 26 3.17820819672131
8.09999999999998 91 25 3.84826166666667
9.10000000000003 91 24 3.61011
11.1000000000001 91 22 3.251875
12.1000000000002 89 22 3.25820666666667
13.1000000000002 87 24 4.44836666666667
14.1000000000003 86 23 5.22180666666667
15.1000000000003 85 24 4.98825666666667
16.1000000000004 84 25 3.8408
17.116666666667 82 27 3.63440655737705
18.1333333333336 81 27 3.8149262295082
19.1500000000002 80 26 5.09423442622951
20.1666666666668 80 25 4.20298852459016
21.1833333333334 79 26 4.09709672131148
22.2 78 26 3.05164098360656
23.2166666666666 77 26 2.98453278688525
25.2499999999998 77 25 3.60948278688525
26.2666666666665 76 26 5.19885737704918
27.2833333333331 75 25 5.90401639344262
28.2999999999997 74 26 5.37341803278688
29.3166666666663 73 24 4.60995081967213
32.3666666666661 73 23 3.20617267759563
33.3833333333327 72 23 3.65305901639344
36.4333333333325 69 25 2.21789016393443
37.4499999999992 69 24 2.11580163934426
38.4666666666658 68 25 2.79432295081967
40.499999999999 67 26 2.73001885245902
41.5166666666656 67 25 3.01012131147541
42.5333333333322 65 26 3.03910983606557
47.6166666666652 64 26 3.0309
48.6333333333319 63 27 2.90225901639344
51.6833333333317 63 26 2.28580546448088
55.7499999999981 62 26 2.93488360655737
60.8333333333312 61 26 3.85435868852459
63.883333333331 61 25 2.34357923497268
67.9499999999974 61 23 2.10950368852459
70.9999999999973 60 24 2.40534808743169
72.0166666666639 58 24 5.28793934426229
74.0499999999971 57 25 4.35115655737705
75.0666666666637 55 25 3.86370655737705
77.0999999999969 54 25 2.16766393442623
79.1333333333301 52 25 2.89716885245902
80.1499999999967 51 25 2.98468852459016
81.1666666666633 50 26 1.39101147540984
85.2333333333298 48 27 1.95319385245902
89.2999999999962 47 28 2.04989959016394
91.3333333333294 46 29 2.22485819672131
93.3666666666627 44 30 1.22069016393443
96.4166666666625 43 30 1.56696557377049
99.4666666666623 42 30 1.31670765027322
102.516666666662 41 31 1.30501693989071
108.616666666662 39 33 1.28713306010929
112.683333333328 38 34 1.48775737704918
117.766666666661 37 34 1.1950731147541
123.866666666661 36 34 1.45472540983606
126.916666666661 35 34 1.06315573770492
131.93333333333 34 35 1.12215747508306
152.933333333347 34 34 1.13656809523809
154.933333333349 33 34 1.0807275
180.933333333369 32 35 1.0251257051282
600 32 35 0.903454489852664
