# New log 25/04/2014 01:57:16
1 96 32 1.62979666666667 0.344156666666667
4.04999999999999 96 31 1.1784693989071 0.316053005464481
5.06666666666665 94 29 0.982975409836066 0.260680327868852
6.08333333333332 92 30 0.931737704918033 0.196104918032787
8.09999999999998 90 30 1.1884826446281 0.287552066115703
9.10000000000003 89 29 0.861608333333333 0.0723716666666667
10.1000000000001 89 28 0.804146666666667 0.298458333333333
11.1000000000001 89 27 1.90083333333333 0.360966666666667
14.1000000000003 88 28 2.20041111111111 0.390302222222222
15.1000000000003 86 27 2.34815166666667 0.679738333333333
16.1000000000004 85 27 1.97779 0.463421666666667
17.116666666667 85 26 2.37222295081967 0.56882131147541
18.1333333333336 83 26 2.5620868852459 0.565670491803279
19.1500000000002 83 25 0.865683606557377 0.233754098360656
21.1833333333334 83 24 1.26806065573771 0.492430327868852
22.2 82 23 1.14560819672131 0.74554262295082
24.2333333333332 82 21 2.13913114754098 0.595361475409836
26.2666666666665 81 21 1.30590409836066 0.876635245901639
29.3166666666663 81 20 1.28125464480874 0.334890163934426
31.3499999999995 81 19 1.16701229508197 0.401475409836066
32.3666666666661 81 18 1.23685245901639 0.456144262295082
35.4166666666659 80 19 1.88705464480874 0.629279781420765
36.4333333333325 80 18 1.40912295081967 1.48011639344262
40.499999999999 79 18 0.848376229508197 1.94459754098361
41.5166666666656 78 18 0.937804918032787 2.49944590163934
43.5499999999988 78 17 0.860211475409836 0.897272950819672
46.5999999999986 78 16 1.05780273224044 0.929234972677596
47.6166666666652 78 15 1.66922459016393 0.987549180327869
48.6333333333319 78 14 1.07990655737705 1.01475737704918
59.8166666666646 77 14 0.950070342771982 0.464191803278689
60.8333333333312 76 15 0.752634426229508 0.228939344262295
64.8999999999976 76 14 0.887816393442623 0.389649180327869
70.9999999999973 75 15 0.758202732240437 1.02239945355191
72.0166666666639 73 17 1.74989508196721 2.03352459016393
77.0999999999969 73 16 0.949325245901639 0.483864590163934
79.1333333333301 72 17 0.873730327868853 0.407100819672131
81.1666666666633 72 16 0.822983606557377 0.60605
82.18333333333 71 16 0.811216393442623 1.18336885245902
94.3833333333293 70 16 0.489793032786885 0.43697718579235
95.3999999999959 69 15 0.477513114754098 0.269686885245902
99.4666666666623 69 14 0.473728278688525 0.220769672131148
102.516666666662 69 13 0.470457923497268 0.323701639344262
112.683333333328 68 13 0.466401639344262 0.238293114754098
167.933333333359 68 12 0.527316983408748 0.224451101055807
184.933333333373 67 13 0.441755392156862 0.118961176470588
214.933333333397 67 12 0.436649777777778 0.104407611111111
226.933333333406 66 13 0.423414583333334 0.0558638888888889
227.933333333407 65 12 0.49163 0.0761266666666667
229.933333333408 64 12 0.405834166666667 0.0745725
231.93333333341 62 12 0.392220833333334 0.0993658333333333
234.933333333412 61 13 0.375328333333333 0.0720972222222222
246.933333333422 60 14 0.348943472222222 0.0926373611111111
262.033333333424 60 13 0.349979801324503 0.124124282560706
290.500000000064 60 12 0.348538290398127 0.129280620608899
326.083333333365 59 13 0.354529133489461 0.119717704918033
346.41666666668 58 14 0.372791885245902 0.206162049180328
405.383333333293 57 15 0.34889985867722 0.10598140192199
437.916666666597 56 16 0.337983606557377 0.123127151639344
509.083333333199 55 17 0.324871639344263 0.0885396252927401
517.216666666525 54 17 0.314649180327869 0.0759383196721312
519.249999999856 53 17 0.305554918032787 0.00015983606557377
538.566666666506 53 16 0.284824590163935 0.000139861949956859
600 53 16 0.282850954044611 0.00036562751948401
