# New log 24/04/2014 01:27:19
1 96 32 2.14559333333333
5.06666666666665 96 29 1.44385614754098
7.09999999999998 93 28 2.04994672131147
8.09999999999998 93 26 2.79626666666667
9.10000000000003 92 26 1.57235833333333
10.1000000000001 92 24 2.14371833333333
11.1000000000001 91 24 2.04877333333333
13.1000000000002 91 22 4.72324083333333
14.1000000000003 90 22 6.99592166666666
15.1000000000003 90 21 4.77241166666667
16.1000000000004 90 20 5.55597166666666
19.1500000000002 89 20 5.76008961748634
22.2 88 21 3.99320819672131
24.2333333333332 88 19 3.22221967213115
26.2666666666665 87 19 5.42018524590164
28.2999999999997 87 18 5.60390163934426
30.3333333333329 85 20 10.4297786885246
31.3499999999995 84 21 9.65308524590164
33.3833333333327 84 20 10.9186549180328
40.499999999999 84 19 6.21161569086651
41.5166666666656 83 19 6.51993606557377
43.5499999999988 82 19 5.57930573770492
48.6333333333319 81 20 4.95067606557377
53.7166666666649 80 21 3.63251901639344
54.7333333333315 80 20 4.55053442622951
55.7499999999981 79 21 4.04529836065574
56.7666666666647 79 20 2.43069016393443
58.7999999999979 78 21 2.79156885245901
59.8166666666646 77 20 3.87382786885246
64.8999999999976 75 21 3.32128163934426
65.9166666666642 74 20 2.94622786885246
66.9333333333308 74 19 2.87064426229508
67.9499999999974 72 20 6.01767868852459
70.9999999999973 71 20 7.78044316939891
72.0166666666639 71 19 11.4734704918033
76.0833333333303 70 20 10.2196680327869
77.0999999999969 69 21 8.48170655737705
78.1166666666635 68 21 6.32513114754098
89.2999999999962 68 20 3.88272742175857
90.3166666666628 66 21 5.74331803278689
96.4166666666625 65 22 6.06156229508197
99.4666666666623 64 23 6.42503606557377
100.483333333329 62 24 0.817924590163934
102.516666666662 60 25 0.793454918032787
104.549999999995 59 26 0.928459016393443
107.599999999995 58 26 1.27185027322404
110.649999999995 57 27 0.717531147540984
114.716666666661 57 26 0.89242213114754
120.816666666661 56 27 1.10514344262295
122.849999999994 56 26 2.17360983606557
125.899999999994 55 26 0.883044262295082
128.933333333328 54 27 0.573721978021978
131.93333333333 52 28 0.544904444444444
134.933333333333 51 29 0.392094444444444
136.933333333334 50 30 0.698899166666667
137.933333333335 49 29 0.361078333333333
140.933333333338 48 29 0.632444444444445
143.93333333334 47 30 0.709586111111111
146.933333333342 46 30 0.342297222222222
149.933333333345 45 30 0.590199444444444
156.93333333335 45 29 0.389255238095238
160.933333333354 45 28 0.350805416666667
171.933333333362 44 29 0.423294696969697
172.933333333363 43 30 0.366431666666667
178.933333333368 43 29 0.428446111111111
179.933333333369 42 30 0.315691666666667
181.93333333337 41 31 0.7439525
183.933333333372 40 31 0.269393333333333
189.933333333377 39 31 0.308153611111111
191.933333333378 38 31 0.270206666666667
193.93333333338 37 32 0.263355
202.933333333387 36 33 0.731125555555556
213.933333333396 35 34 0.926789242424243
215.933333333397 34 35 0.6427525
238.933333333416 33 36 1.0723
239.933333333416 32 37 2.26346166666667
247.933333333423 31 38 0.666238125
600 31 38 0.186327718701252
