# New log 23/04/2014 01:57:14
1 96 32 6.09417333333334
4.04999999999999 96 30 3.61048360655738
5.06666666666665 95 27 4.07705409836066
6.08333333333332 95 26 4.46175573770492
7.09999999999998 95 25 4.59277704918033
8.09999999999998 95 24 4.32204166666667
9.10000000000003 95 22 2.90417333333333
12.1000000000002 95 21 3.48730555555556
13.1000000000002 94 22 3.45605666666667
14.1000000000003 94 20 3.88165666666667
15.1000000000003 94 19 4.38805
16.1000000000004 93 18 3.18609666666667
17.116666666667 93 17 3.6041262295082
19.1500000000002 92 17 3.73884918032787
20.1666666666668 90 18 3.14099836065574
21.1833333333334 89 17 3.38462131147541
22.2 88 17 3.31941967213115
23.2166666666666 87 17 2.70445573770492
25.2499999999998 87 15 2.77960081967213
26.2666666666665 86 16 2.40344590163935
27.2833333333331 85 15 2.59469508196721
29.3166666666663 85 14 3.27852704918033
30.3333333333329 83 16 2.56941639344262
34.3999999999993 82 15 2.59687950819672
35.4166666666659 82 14 2.3270131147541
37.4499999999992 81 13 2.45562049180328
39.4833333333324 80 12 2.50879754098361
40.499999999999 79 13 2.59413770491803
41.5166666666656 78 13 2.14831147540984
42.5333333333322 76 12 2.03239016393443
43.5499999999988 75 12 1.88671475409836
44.5666666666654 74 13 2.08484754098361
45.583333333332 73 14 2.50993442622951
46.5999999999986 72 14 1.74392131147541
51.6833333333317 71 15 2.4425062295082
54.7333333333315 69 16 3.0921131147541
56.7666666666647 69 15 2.25353442622951
58.7999999999979 69 14 2.29021475409836
70.9999999999973 69 13 2.16673524590164
75.0666666666637 68 14 2.11504549180328
76.0833333333303 68 13 1.8537737704918
86.2499999999964 67 13 2.47123606557377
90.3166666666628 66 14 4.15912827868852
96.4166666666625 65 14 6.26869726775956
102.516666666662 63 14 4.35144945355191
105.566666666662 62 15 3.15535901639344
106.583333333329 61 15 2.45976557377049
109.633333333328 60 15 2.37004644808743
114.716666666661 60 14 2.20133967213115
117.766666666661 59 14 2.27634316939891
124.883333333328 58 14 1.99869742388759
126.916666666661 58 13 2.19421147540984
131.93333333333 57 14 3.25159568106312
229.933333333408 55 16 2.17489579931972
231.93333333341 55 15 1.75047333333333
234.933333333412 54 16 2.07758
236.933333333414 53 17 1.892515
252.933333333427 52 17 2.34629833333333
266.100000000087 52 16 1.79931113924051
269.150000000084 51 17 1.70867595628415
271.183333333415 49 17 1.49904098360656
276.266666666744 48 18 1.51139049180328
284.40000000007 48 17 1.39311700819672
289.483333333399 47 17 1.42797672131148
291.51666666673 47 16 2.08077295081967
342.350000000017 47 15 1.29708662295082
343.366666666683 47 14 1.21531803278689
421.649999999945 46 15 1.20773259527358
436.899999999931 45 16 1.20766601092896
448.083333333254 45 15 1.24215931445604
459.266666666578 45 14 1.27780521609538
600 45 14 1.20199466918268
