# New log 23/04/2014 20:39:03
1 96 32 6.31077833333333
3.03333333333333 96 30 3.20604672131148
4.04999999999999 96 27 3.78635409836066
5.06666666666665 95 25 2.87446393442623
6.08333333333332 95 20 3.22995245901639
7.09999999999998 94 21 2.32145573770492
8.09999999999998 94 19 2.57685
9.10000000000003 94 16 2.76498
10.1000000000001 94 15 4.60696
11.1000000000001 93 15 3.22831833333333
13.1000000000002 92 15 3.53798
14.1000000000003 91 15 3.28909
17.116666666667 91 13 3.34418066298342
20.1666666666668 91 12 3.78026010928962
22.2 91 11 2.80724180327869
24.2333333333332 91 10 2.97027704918033
28.2999999999997 91 9 4.03752581967213
31.3499999999995 90 10 3.1662912568306
33.3833333333327 90 9 2.55890409836066
36.4333333333325 89 10 3.53326612021858
38.4666666666658 89 9 3.0639606557377
43.5499999999988 89 8 3.41247573770492
45.583333333332 88 9 2.54943442622951
64.8999999999976 88 8 4.16373011216566
65.9166666666642 87 9 4.0934262295082
66.9333333333308 86 10 3.89740655737705
67.9499999999974 85 10 4.58631803278688
70.9999999999973 84 11 3.75000983606558
74.0499999999971 83 12 4.20559945355191
78.1166666666635 82 13 3.74347418032787
81.1666666666633 81 14 3.44178633879782
82.18333333333 80 14 3.70589344262295
88.2833333333296 79 15 3.4603
94.3833333333293 78 16 3.38050245901639
100.483333333329 77 17 4.41476612021857
117.766666666661 76 17 4.02203577627773
122.849999999994 75 18 3.47732557377049
124.883333333328 75 17 3.59588032786885
127.933333333327 74 18 3.60735409836066
136.933333333334 74 17 2.9901912962963
143.93333333334 73 18 3.35826285714286
158.933333333352 73 17 2.61551333333333
161.933333333354 72 18 3.95356166666667
173.933333333364 71 19 3.10322388888889
174.933333333365 71 18 3.155305
182.933333333371 71 17 2.37974270833333
214.933333333397 70 18 2.84662546875
228.933333333408 70 17 2.82794892857143
236.933333333414 70 16 2.96070625
251.933333333426 70 15 2.93451433333334
254.933333333428 69 16 2.86006777777778
268.133333333418 68 16 3.33434078282828
270.16666666675 68 15 3.20676639344262
271.183333333415 68 14 2.90029344262295
286.433333333401 67 15 2.93490655737705
295.583333333393 67 14 3.19403515482696
299.650000000056 66 15 4.58491475409836
305.750000000051 65 16 4.12828770491804
313.883333333377 65 15 3.80635655737705
316.933333333374 65 14 2.45795081967213
317.950000000039 64 13 3.6154737704918
329.133333333363 64 12 2.73889165424739
330.150000000028 63 12 2.35588524590164
339.30000000002 62 12 4.01405318761384
349.466666666678 62 11 3.88074639344263
369.799999999992 61 11 3.83668983606558
375.899999999987 60 12 4.15257158469945
376.916666666653 59 12 5.2647131147541
383.016666666647 59 11 4.05159890710383
386.066666666644 57 13 3.58206721311475
389.116666666641 55 15 3.4658349726776
390.133333333307 55 14 3.10449344262295
391.149999999973 53 15 3.3218
393.183333333304 52 16 3.08698770491803
401.31666666663 51 16 2.99772397540984
406.399999999959 51 15 2.82046819672131
407.416666666625 50 15 3.11240819672131
414.533333333285 50 14 3.08348735362998
423.683333333277 50 13 3.55536429872496
433.849999999934 50 12 2.06630114754099
448.083333333254 49 12 1.95613676814989
467.399999999904 49 11 2.06351846419327
474.516666666564 49 10 1.67468969555035
479.599999999892 48 11 1.65917868852459
482.64999999989 47 11 1.55876666666667
486.716666666553 46 12 1.47494426229508
516.199999999859 45 12 1.78572244205766
572.116666666475 44 13 1.57287394932936
574.149999999806 44 12 1.41194836065574
580.249999999801 44 11 1.38550163934426
600 44 11 1.8341781147541
