# New log 25/04/2014 02:08:11
1 96 32 6.84775833333334 3.34504166666667
4.04999999999999 96 29 6.69244590163935 1.40639398907104
5.06666666666665 96 28 8.95386885245902 1.60916393442623
6.08333333333332 96 26 8.99506229508197 2.87134918032787
7.09999999999998 95 25 10.1147540983607 3.9459868852459
8.09999999999998 95 24 10.24812 2.81216666666667
10.1000000000001 94 23 7.36099083333333 1.28007416666667
11.1000000000001 94 21 4.409695 0.615385
12.1000000000002 93 20 3.45196333333333 0.655753333333333
13.1000000000002 92 20 3.43114 0.895265
14.1000000000003 92 19 5.41845333333333 1.054135
15.1000000000003 92 17 4.04425166666667 0.467878333333333
17.116666666667 90 18 4.19755785123967 1.1193305785124
18.1333333333336 90 17 5.30978196721311 1.13625409836066
20.1666666666668 90 16 6.21819344262295 0.967631967213115
23.2166666666666 90 15 6.64341639344263 1.24426338797814
25.2499999999998 88 17 7.47617131147541 1.50124918032787
28.2999999999997 88 16 6.86766338797815 1.13908524590164
31.3499999999995 88 15 4.91657049180328 1.42322513661202
33.3833333333327 87 16 3.29230491803279 0.677218032786885
34.3999999999993 86 16 3.29656885245902 0.934504918032787
36.4333333333325 85 16 2.9270262295082 0.990173770491803
37.4499999999992 84 16 1.94405737704918 0.540208196721311
41.5166666666656 83 16 2.05862704918033 0.717025819672131
42.5333333333322 82 15 2.79026393442623 1.48233606557377
44.5666666666654 82 14 2.56437049180328 1.72236229508197
47.6166666666652 81 14 2.42537103825136 3.2677087431694
49.6499999999985 79 16 2.96755327868853 2.18998770491803
50.6666666666651 78 16 2.39482950819672 1.62484918032787
51.6833333333317 77 16 4.25618196721312 2.67912131147541
54.7333333333315 74 15 3.54241038251366 2.41033606557377
55.7499999999981 73 16 3.41572786885246 0.844354098360656
57.7833333333313 72 16 3.56276885245902 0.287530327868853
59.8166666666646 72 15 4.86039754098361 0.389309836065574
60.8333333333312 71 14 4.49535409836066 0.317675409836066
61.8499999999978 71 12 4.92846065573771 0.629909836065574
62.8666666666644 70 12 1.27486885245902 0.291434426229508
63.883333333331 69 13 1.32429508196721 0.2476
66.9333333333308 68 13 1.1188737704918 0.458418579234973
68.966666666664 67 14 1.80843770491803 0.465689344262295
69.9833333333306 67 13 1.28527704918033 0.545939344262295
70.9999999999973 66 14 1.07340983606557 0.441840983606557
73.0333333333305 65 15 1.13947049180328 0.555026229508197
76.0833333333303 64 15 1.42645519125683 1.0090868852459
79.1333333333301 63 16 1.06818415300547 0.423207650273224
80.1499999999967 62 16 1.28855573770492 0.469101639344262
86.2499999999964 62 15 1.17711338797814 0.895013387978142
89.2999999999962 62 14 0.990676502732242 0.937149726775956
98.4499999999957 61 14 1.18350109289617 1.00298306010929
99.4666666666623 61 13 1.39036721311475 1.53161639344262
102.516666666662 61 12 1.17891912568306 1.30509726775956
106.583333333329 61 11 1.27048606557377 1.72020081967213
113.699999999995 59 12 1.01071826697892 1.38963231850117
119.799999999994 58 12 0.963838797814208 1.43794234972678
123.866666666661 57 13 0.990559836065574 1.75733483606557
127.933333333327 56 14 1.16351229508197 1.84565327868852
131.93333333333 55 15 0.935025 2.14844041666667
137.933333333335 55 14 1.21627972222222 2.45279805555556
140.933333333338 53 15 1.48441666666667 1.94998833333333
163.933333333356 52 16 0.917478985507247 2.14065804347826
168.93333333336 51 17 0.832704999999999 2.772699
171.933333333362 50 17 0.813937777777778 1.82170444444444
177.933333333367 50 16 0.807108888888889 2.311725
182.933333333371 49 17 0.848115 5.34673533333333
187.933333333375 48 18 0.846506333333333 6.03998
195.933333333381 47 19 0.801475416666667 6.24655291666667
204.933333333389 46 20 0.766897962962964 2.87207740740741
206.93333333339 46 19 0.73239 1.68606583333333
208.933333333392 45 19 0.813461666666666 1.62156166666667
211.933333333394 43 20 0.824304444444445 3.19216833333333
215.933333333397 42 20 0.696615416666667 2.20644666666667
217.933333333399 41 21 0.664220833333333 1.40689333333333
218.9333333334 40 21 0.645661666666667 1.36264833333333
227.933333333407 39 22 0.629193333333333 1.34755148148148
231.93333333341 38 23 0.637597916666667 0.787268333333333
237.933333333415 38 22 2.81780944444444 0.0488938888888889
238.933333333416 37 23 0.618616666666667 0.00013
239.933333333416 37 22 0.611451666666667 0.21061
247.933333333423 36 22 0.577808958333333 0.0252025
266.100000000087 35 23 0.573894036697247 0.0188784403669725
267.116666666752 34 24 0.60107868852459 0.000118032786885246
274.233333333413 32 25 0.563202107728337 0.00129718969555035
301.683333333388 31 26 0.582008864602307 0.00934735883424408
305.750000000051 31 25 0.638406967213114 0.0108180327868852
308.800000000048 30 26 0.60728306010929 0.00549945355191257
310.833333333379 29 27 0.581638524590164 0.00892459016393443
330.150000000028 28 28 0.473802415875756 0.00625409836065574
456.21666666658 27 28 0.479903358011632 0.251591023268112
600 27 28 0.462188547679521 0.281875236665897
