# New log 23/04/2014 02:06:03
1 96 32 5.84038833333333
3.03333333333333 96 31 3.70551721311475
5.06666666666665 95 26 2.95374836065574
6.08333333333332 95 23 2.86463114754098
7.09999999999998 94 24 3.69368360655738
8.09999999999998 94 23 5.54768833333333
9.10000000000003 92 23 2.820555
10.1000000000001 91 23 5.91368166666667
11.1000000000001 89 23 7.397025
12.1000000000002 89 21 6.55926666666667
13.1000000000002 89 20 5.68672333333333
14.1000000000003 88 21 3.83540833333333
15.1000000000003 87 21 3.35774333333333
16.1000000000004 86 20 2.981235
18.1333333333336 85 17 3.37550819672131
21.1833333333334 85 15 4.82898961748634
22.2 85 14 7.55891639344262
24.2333333333332 85 13 5.42220737704918
26.2666666666665 85 12 4.70674672131148
27.2833333333331 84 12 6.23261639344262
29.3166666666663 83 12 6.08902049180328
30.3333333333329 82 12 5.22222459016393
34.3999999999993 82 11 5.3803487704918
35.4166666666659 81 11 4.45002295081967
37.4499999999992 81 10 2.97122049180328
38.4666666666658 81 9 2.89196885245902
39.4833333333324 81 8 2.55985245901639
40.499999999999 79 7 3.23159180327869
41.5166666666656 79 6 3.13036065573771
50.6666666666651 78 7 4.20119489981785
60.8333333333312 77 7 3.72197147540984
70.9999999999973 77 6 3.70352819672131
79.1333333333301 77 5 3.40585081967213
81.1666666666633 76 5 3.0532868852459
83.1999999999966 76 4 3.17856967213115
89.2999999999962 76 3 3.17846065573771
165.933333333358 75 3 2.89843847324925
168.93333333336 75 2 2.95918888888889
300.666666666722 74 3 2.83714951923078
362.683333333332 73 3 2.79985686643375
365.733333333329 73 2 2.32305300546448
387.08333333331 72 2 2.70296120218579
493.833333333213 71 3 2.81792135831383
509.083333333199 71 2 2.91810196721311
600 71 2 2.68311830601093
