# New log 25/04/2014 02:20:28
1 96 32 3.50836833333333 1.84007166666667
3.03333333333333 96 30 2.1969393442623 0.944673770491803
4.04999999999999 95 28 2.17170491803279 1.15945573770492
5.06666666666665 95 26 3.17793770491803 0.957001639344262
6.08333333333332 95 25 2.39621803278689 1.18619508196721
7.09999999999998 94 24 3.83779016393443 0.928285245901639
9.10000000000003 94 23 3.50776583333333 1.04066833333333
11.1000000000001 91 26 2.36838 0.858816666666667
12.1000000000002 91 24 2.08528833333333 1.03224166666667
14.1000000000003 90 25 2.2409125 1.104415
15.1000000000003 90 24 2.64179666666667 1.81442166666667
17.116666666667 89 25 3.60152561983471 1.18309256198347
19.1500000000002 89 24 3.3283631147541 0.60020737704918
21.1833333333334 88 24 2.09974426229508 0.742149180327869
22.2 88 23 1.57119180327869 0.555306557377049
23.2166666666666 87 24 2.43478032786885 0.804583606557377
24.2333333333332 85 26 1.92412295081967 0.474108196721311
27.2833333333331 85 25 1.87136448087432 0.286102732240437
31.3499999999995 85 24 3.93164508196721 0.981918032786885
33.3833333333327 85 23 5.43877950819672 1.6248868852459
34.3999999999993 85 22 5.18583770491803 1.37993278688525
37.4499999999992 84 23 3.7332868852459 0.915960109289617
39.4833333333324 82 23 1.47254754098361 0.123025409836066
46.5999999999986 82 22 1.71252201405152 0.284360421545667
51.6833333333317 82 21 1.69128590163934 0.687903278688525
53.7166666666649 81 20 2.73233934426229 1.17789344262295
54.7333333333315 80 20 2.88176065573771 1.07327540983607
56.7666666666647 79 20 5.72096147540984 0.787079508196721
58.7999999999979 78 21 2.84882295081967 0.46221393442623
59.8166666666646 78 20 3.84132295081967 1.10517868852459
60.8333333333312 78 19 2.00083442622951 1.66901475409836
62.8666666666644 76 20 2.02021967213115 1.45576967213115
63.883333333331 74 21 1.51862459016393 1.31030491803279
65.9166666666642 73 22 1.44290163934426 1.12409754098361
66.9333333333308 72 22 1.6054262295082 0.69397868852459
67.9499999999974 71 22 1.17827868852459 0.594622950819672
68.966666666664 70 22 1.16715573770492 0.469980327868852
69.9833333333306 70 21 1.29040819672131 0.60047868852459
70.9999999999973 70 20 1.68317704918033 0.707340983606557
72.0166666666639 69 21 1.38633442622951 0.437272131147541
73.0333333333305 69 20 1.52970655737705 0.489650819672131
74.0499999999971 68 21 1.26577540983607 0.537160655737705
76.0833333333303 67 21 1.18079590163934 0.519394262295082
77.0999999999969 66 22 1.12850163934426 0.299301639344262
78.1166666666635 65 23 1.00256229508197 0.0556426229508197
79.1333333333301 64 24 0.937431147540984 0.0516672131147541
83.1999999999966 62 26 0.976151229508196 0.0673663934426229
84.2166666666632 60 27 1.18255737704918 0.113065573770492
86.2499999999964 59 26 0.986955737704918 0.324667213114754
94.3833333333293 58 27 1.05005163934426 0.410688729508197
98.4499999999957 57 28 0.957106967213115 0.378590573770492
100.483333333329 57 27 1.26825491803279 0.433482786885246
104.549999999995 56 28 1.17339754098361 0.507825
105.566666666662 55 28 0.913175409836065 0.434313114754098
106.583333333329 54 29 0.916945901639344 0.482395081967213
107.599999999995 53 30 0.819522950819672 0.107265573770492
108.616666666662 52 31 0.8168 0.0272655737704918
119.799999999994 51 32 0.815647391952309 0.180990312965723
123.866666666661 50 32 0.912259836065574 0.142163524590164
127.933333333327 50 31 0.802108606557377 0.0443180327868853
143.93333333334 49 32 0.807044270833333 0.0918569791666667
146.933333333342 49 31 0.738110555555555 0.186462222222222
150.933333333346 48 31 0.781191666666667 0.18616875
151.933333333346 48 30 0.757251666666667 0.010645
152.933333333347 47 29 0.727026666666667 0.00793666666666667
153.933333333348 46 29 0.746843333333333 0.133901666666667
154.933333333349 46 28 0.729525 0.0108766666666667
155.93333333335 45 29 0.72523 0.00888
156.93333333335 45 28 0.853143333333333 0.315738333333333
157.933333333351 44 29 0.628566666666667 0.0862816666666667
170.933333333362 43 29 0.68473141025641 0.110422051282051
177.933333333367 42 29 0.708737857142857 0.0459545238095238
179.933333333369 42 27 0.717425 0.0282175
181.93333333337 41 28 0.580485833333333 0.0383641666666667
183.933333333372 41 27 0.4887725 0.0561916666666667
184.933333333373 41 26 0.460245 0.00123333333333333
196.933333333382 40 27 1.0850725 0.167476111111111
212.933333333395 40 26 0.454257604166666 0.15585875
214.933333333397 39 27 0.522996666666666 0.141193333333333
215.933333333397 39 26 0.43157 0.105493333333333
226.933333333406 38 27 0.515714393939394 0.156411060606061
270.16666666675 37 27 0.379450269853508 0.0268465690053971
275.250000000078 37 26 0.381271147540984 0.037232131147541
282.366666666739 36 26 0.398120140515223 0.0472697892271663
286.433333333401 35 27 0.379235245901639 0.0157565573770492
288.466666666733 34 28 0.373709016393443 0.00572868852459016
295.583333333393 33 29 0.370747540983607 0.023352224824356
297.616666666725 32 29 0.370652459016393 0.0777377049180328
328.116666666697 32 28 0.396493387978143 0.0255962295081967
332.18333333336 32 27 0.525240983606557 0.0821008196721312
337.266666666689 30 27 0.484747540983607 0.0403396721311475
340.316666666686 29 28 0.478437158469945 0.0356978142076503
353.53333333334 29 27 0.43629709962169 0.040809709962169
362.683333333332 29 26 0.463331511839709 0.0521488160291439
366.749999999995 28 27 0.468084426229508 0.0389430327868852
379.96666666665 28 26 0.539787263556116 0.195022698612863
380.983333333316 27 27 0.531403278688525 0.0451262295081967
399.283333333299 27 26 0.459168214936248 0.0402113843351548
400.299999999965 26 26 0.502704918032787 0.0296475409836066
404.366666666628 25 26 1.526075 0.0636889344262295
407.416666666625 24 26 0.428005464480874 0.035620218579235
411.483333333288 23 26 0.384833606557377 0.0388995901639344
418.599999999948 22 27 0.364079156908665 0.0412868852459016
524.333333333185 21 27 0.361947793190418 0.0779305485498109
535.516666666508 20 27 0.388950670640835 0.0409084947839046
541.616666666503 19 27 0.42416174863388 0.0505387978142076
545.683333333166 18 27 0.338464344262295 0.0354975409836066
570.083333333144 17 28 0.337845218579236 0.0385772540983607
600 17 28 0.307825300546448 0.038009781420765
