# New log 24/04/2014 01:13:14
1 96 32 3.27165333333333
3.03333333333333 96 31 1.91069918032787
4.04999999999999 93 31 1.65201639344262
5.06666666666665 93 29 1.70403770491803
6.08333333333332 93 26 1.81263114754098
7.09999999999998 93 25 1.69427213114754
8.09999999999998 93 23 1.91786166666667
10.1000000000001 91 23 2.06403416666667
11.1000000000001 91 21 2.14424833333333
14.1000000000003 89 22 2.58934944444444
15.1000000000003 88 21 1.87700666666667
17.116666666667 87 20 3.18102644628099
18.1333333333336 86 18 2.61460327868852
19.1500000000002 85 16 2.89009180327869
20.1666666666668 85 15 1.94338196721312
21.1833333333334 83 15 2.12390327868852
27.2833333333331 82 15 2.24323961748634
30.3333333333329 82 14 3.13080710382514
31.3499999999995 80 16 3.73654918032787
35.4166666666659 79 16 2.5211012295082
38.4666666666658 78 17 2.59338087431694
41.5166666666656 77 18 1.7961
42.5333333333322 76 19 1.53778360655738
43.5499999999988 75 20 1.32843442622951
45.583333333332 74 19 1.24504508196721
53.7166666666649 72 21 1.26399405737705
54.7333333333315 72 20 1.09481803278689
55.7499999999981 69 23 1.62047868852459
56.7666666666647 68 24 1.82776065573771
57.7833333333313 67 25 1.1176
58.7999999999979 66 25 0.994390163934426
59.8166666666646 65 26 1.12696229508197
64.8999999999976 64 26 1.05484131147541
65.9166666666642 63 27 0.902009836065574
67.9499999999974 62 28 1.28020491803279
68.966666666664 62 27 0.899855737704918
69.9833333333306 61 27 1.29007213114754
70.9999999999973 60 27 0.938596721311475
72.0166666666639 59 28 0.973749180327869
82.18333333333 58 29 1.03504295081967
84.2166666666632 58 28 0.904322950819672
86.2499999999964 57 28 0.98304918032787
89.2999999999962 56 29 0.941338797814207
97.4333333333291 56 28 1.13453790983607
108.616666666662 55 29 1.01792771982116
112.683333333328 54 30 1.01854180327869
125.899999999994 54 29 0.875265573770492
128.933333333328 53 29 0.984893956043957
129.933333333329 52 29 0.881371666666667
131.93333333333 51 29 1.10505916666667
132.933333333331 50 30 0.750603333333334
133.933333333332 49 30 0.94111
138.933333333336 49 29 0.758299333333333
149.933333333345 48 29 1.53638106060606
178.933333333368 47 30 0.700927931034483
181.93333333337 46 30 0.640254444444444
187.933333333375 46 29 0.650077222222223
192.933333333379 46 28 0.601739
220.933333333401 45 28 0.628820654761905
279.316666666741 44 28 0.607418298601198
291.51666666673 42 29 0.592424043715848
372.84999999999 41 29 0.558842930327869
600 41 29 0.546642308255268
