# New log 25/04/2014 01:56:09
1 96 32 3.18181 1.00622
3.03333333333333 96 31 1.70924180327869 0.590594262295082
4.04999999999999 95 29 1.61049836065574 0.548450819672131
5.06666666666665 93 30 1.28865409836066 0.177375409836066
8.09999999999998 93 29 1.80001483516483 0.893751098901099
9.10000000000003 93 28 1.72057666666667 0.187723333333333
10.1000000000001 93 26 1.74774166666667 0.187151666666667
11.1000000000001 92 25 1.95304833333333 0.179153333333333
13.1000000000002 91 24 2.11130916666667 0.296865833333333
14.1000000000003 90 24 2.098915 0.458576666666667
17.116666666667 90 23 2.72829226519337 0.339810497237569
18.1333333333336 89 23 3.51154426229508 0.593967213114754
19.1500000000002 88 22 3.05472295081967 0.576047540983607
20.1666666666668 88 20 2.53027213114754 0.436429508196721
22.2 87 18 3.00890901639344 0.573439344262295
23.2166666666666 86 17 2.8946737704918 0.374896721311475
24.2333333333332 85 17 5.13869016393443 0.846283606557377
25.2499999999998 85 16 3.7555131147541 0.486080327868852
26.2666666666665 83 17 3.01768852459016 0.653319672131148
28.2999999999997 83 16 3.26328360655738 0.44452131147541
29.3166666666663 82 16 5.27705409836065 0.156180327868852
31.3499999999995 81 16 5.20074754098361 0.337750819672131
33.3833333333327 80 17 5.24940901639344 0.319759836065574
34.3999999999993 78 17 3.10432786885246 0.48914262295082
37.4499999999992 77 18 2.18332841530055 0.484518032786885
42.5333333333322 76 18 3.0711668852459 0.376227213114754
43.5499999999988 73 19 2.24969508196721 0.132544262295082
44.5666666666654 73 18 2.00614262295082 0.0992459016393443
45.583333333332 72 18 1.95469508196721 0.156798360655738
47.6166666666652 72 17 1.98238196721312 0.220845901639344
55.7499999999981 71 17 1.27357745901639 0.460155737704918
58.7999999999979 70 17 1.36442131147541 0.213196174863388
62.8666666666644 69 17 2.17200204918033 0.357531147540984
64.8999999999976 68 18 2.04706803278689 0.171772950819672
65.9166666666642 68 17 1.52916229508197 0.206477049180328
68.966666666664 67 17 2.68561038251366 0.198620765027322
76.0833333333303 67 16 2.86839110070258 0.134144028103045
78.1166666666635 67 15 1.96370163934426 0.0987204918032787
79.1333333333301 67 14 2.25570655737705 0.222181967213115
80.1499999999967 66 14 3.39798196721311 0.275739344262295
81.1666666666633 66 13 2.04282950819672 0.101534426229508
82.18333333333 65 12 2.2886 0.107640983606557
84.2166666666632 64 12 1.2403262295082 0.278043442622951
85.2333333333298 63 12 2.19992459016393 0.525198360655738
87.266666666663 63 10 1.42843852459016 0.372889344262295
100.483333333329 62 11 1.37514501891551 0.176674653215637
102.516666666662 62 10 0.783601639344263 0.0221491803278689
104.549999999995 61 11 0.801433606557377 0.0486483606557377
106.583333333329 60 11 0.763597540983607 0.0370229508196721
110.649999999995 60 10 0.83662868852459 0.0523680327868852
118.783333333328 59 11 0.909838319672131 0.0468231557377049
125.899999999994 58 11 0.773222482435597 0.0424227166276347
178.933333333368 58 10 0.734644217473285 0.044232872407291
187.933333333375 57 11 0.740711851851852 0.0914664814814815
254.933333333428 56 12 0.765870472636815 0.371879552238806
290.500000000064 56 11 0.669492642924086 0.0991706654170572
310.833333333379 56 10 0.694056639344262 0.0611776229508197
366.749999999995 55 10 0.700599314456037 0.0724323695976155
387.08333333331 54 11 0.884419999999998 0.220780409836066
400.299999999965 53 12 0.681091551071878 0.00909432534678436
402.333333333296 53 11 0.677430327868853 0.135645081967213
404.366666666628 52 11 0.661119672131147 0.00015
405.383333333293 51 12 0.633813114754098 0.00248032786885246
407.416666666625 50 13 0.6174 0.00159508196721311
420.633333333279 49 14 0.612241109709962 0.0111047919293821
425.716666666608 48 15 0.596185245901639 0.0541898360655738
426.733333333274 47 15 0.605229508196721 0.00215901639344262
430.799999999937 47 14 0.569278278688525 0.101952868852459
442.999999999926 46 15 0.580329508196721 0.184092896174863
444.016666666592 45 15 0.579745901639344 0.0617491803278689
447.066666666589 44 16 0.56138306010929 0.0276464480874317
449.09999999992 43 17 0.547450819672131 0.0561385245901639
453.166666666583 42 17 0.57057131147541 0.0953655737704918
459.266666666578 41 18 0.557371584699454 0.056475956284153
465.366666666572 40 19 0.559139890710383 0.23091693989071
467.399999999904 39 19 0.511520491803279 0.422394262295082
473.499999999898 38 18 1.10202404371585 0.0768098360655738
482.64999999989 37 18 1.67605992714025 0.10113752276867
514.166666666528 36 19 0.482967213114755 0.0518889476467478
516.199999999859 35 20 0.462737704918033 0.00015983606557377
569.066666666478 34 21 0.485908827238335 0.0563102143757881
587.366666666461 33 21 0.464135245901639 0.000211475409836066
600 33 21 0.446133291298865 0.000166456494325347
