# New log 24/04/2014 01:29:42
1 96 32 4.36590666666667
2.01666666666666 96 31 2.52798852459016
3.03333333333333 96 30 2.39389016393443
5.06666666666665 96 27 2.96482704918033
6.08333333333332 96 25 2.83388196721311
7.09999999999998 94 24 2.91239016393443
8.09999999999998 94 23 2.61255833333333
9.10000000000003 94 22 2.85062
10.1000000000001 94 20 4.33944
12.1000000000002 93 21 5.48418833333333
14.1000000000003 93 19 5.73482166666667
16.1000000000004 93 18 2.90368333333333
17.116666666667 92 19 2.14515901639344
18.1333333333336 92 18 2.19390655737705
20.1666666666668 91 18 1.81285573770492
21.1833333333334 90 19 2.39796557377049
22.2 89 19 3.4063393442623
23.2166666666666 89 18 3.16426229508197
29.3166666666663 88 19 3.03537513661202
34.3999999999993 87 18 3.64678786885246
36.4333333333325 86 18 5.45641393442623
55.7499999999981 86 17 4.42549016393443
56.7666666666647 85 17 3.3961868852459
57.7833333333313 84 18 4.40446229508197
68.966666666664 83 18 3.00266274217586
77.0999999999969 82 19 3.05345327868852
83.1999999999966 81 19 3.38134180327869
120.816666666661 80 18 3.74231657066902
121.833333333328 80 16 1.69460163934426
123.866666666661 80 15 2.73630901639344
135.933333333334 80 14 2.4807408839779
137.933333333335 79 15 2.58974416666667
147.933333333343 78 16 2.40795233333334
158.933333333352 78 15 3.42470454545455
160.933333333354 77 16 2.8247425
163.933333333356 77 15 1.85408388888889
166.933333333358 76 15 2.04691333333333
224.933333333404 76 14 2.15135201149425
227.933333333407 75 14 1.93619
243.93333333342 74 15 1.95737885416666
264.066666666755 74 14 1.94082201986755
275.250000000078 73 15 1.72169105812221
279.316666666741 72 16 1.58355327868853
299.650000000056 72 15 1.67734590163935
316.933333333374 71 15 1.80137242044359
328.116666666697 70 16 1.55461371087929
335.233333333357 70 15 1.39092318501171
347.433333333346 70 14 1.42840601092896
349.466666666678 70 13 1.23429180327869
356.583333333338 69 14 1.49555761124122
365.733333333329 69 13 1.48025282331512
516.199999999859 68 12 1.47581251661497
596.516666666453 67 12 1.45963434322473
597.533333333119 66 12 1.57871147540984
600 66 12 1.34877595628415
