# New log 23/04/2014 02:03:26
1 96 32 5.950855
3.03333333333333 96 31 3.02788770491803
4.04999999999999 96 27 3.63602295081967
5.06666666666665 96 25 3.32089344262295
7.09999999999998 96 24 2.89127049180328
10.1000000000001 96 23 2.86624277777778
11.1000000000001 95 24 4.06983166666667
12.1000000000002 94 23 4.18107333333333
13.1000000000002 93 22 3.88259833333333
15.1000000000003 93 21 3.88751916666667
19.1500000000002 93 20 2.83861687242798
23.2166666666666 93 19 4.44508606557377
24.2333333333332 93 17 4.34905409836066
25.2499999999998 93 16 4.47744590163934
27.2833333333331 93 15 5.69464098360656
28.2999999999997 93 14 4.22610491803279
29.3166666666663 93 13 4.51989180327869
31.3499999999995 93 12 3.51629180327869
32.3666666666661 93 11 3.27341147540984
33.3833333333327 93 10 3.98430327868853
39.4833333333324 93 9 2.90152021857924
47.6166666666652 92 9 3.34364508196721
53.7166666666649 91 10 2.88197950819672
57.7833333333313 91 9 2.82749180327869
68.966666666664 89 9 2.86967287630402
74.0499999999971 89 8 2.86394819672131
75.0666666666637 87 7 2.06469836065574
79.1333333333301 87 6 2.41123114754098
80.1499999999967 86 6 2.29554098360656
83.1999999999966 86 5 2.83051803278689
84.2166666666632 85 6 3.04705245901639
86.2499999999964 84 6 3.38688032786885
96.4166666666625 83 7 2.52489114754098
107.599999999995 83 6 2.99649061102832
108.616666666662 82 6 3.35907704918033
110.649999999995 82 5 3.45458278688525
111.666666666662 82 4 4.50037868852459
120.816666666661 81 5 4.75423023679418
123.866666666661 80 5 4.78391967213115
154.933333333349 79 6 3.50428202789699
161.933333333354 78 6 2.54605333333334
168.93333333336 76 7 2.54211666666667
184.933333333373 76 6 2.39604114583334
187.933333333375 76 5 2.39225055555556
191.933333333378 76 4 2.29328791666667
207.933333333391 75 5 2.128284375
215.933333333397 74 5 1.86287708333333
225.933333333405 73 6 1.92717466666667
253.933333333428 72 7 1.98904898809524
257.966666666761 72 6 1.85795454545455
262.033333333424 71 6 1.79535081967213
308.800000000048 70 7 1.7217408766928
329.133333333363 69 7 1.66910065573771
331.166666666694 68 7 1.73694508196721
333.200000000026 67 8 1.52212295081967
350.483333333343 66 9 1.73861677917069
363.699999999998 66 8 1.56848486759142
365.733333333329 66 7 1.57800901639344
369.799999999992 65 7 1.73150286885246
376.916666666653 64 7 1.60199718969555
378.949999999984 64 6 1.62917704918033
394.19999999997 64 5 1.54986590163934
434.8666666666 64 4 1.56234745901639
600 64 4 1.54752248818264
