# New log 25/04/2014 02:16:49
1 96 32 3.39769 2.9719
3.03333333333333 96 31 1.91668934426229 2.18131393442623
4.04999999999999 94 28 1.82325245901639 2.30799180327869
5.06666666666665 94 25 1.59511803278689 2.22768196721311
6.08333333333332 94 24 1.54245081967213 1.76248524590164
8.09999999999998 94 23 1.5960173553719 2.14219421487603
9.10000000000003 93 23 1.69372333333333 2.59055833333333
10.1000000000001 92 24 1.79534333333333 1.86142833333333
13.1000000000002 92 23 2.14996111111111 2.32271444444444
14.1000000000003 91 24 2.56864666666667 3.28209833333333
15.1000000000003 90 24 2.51828166666667 2.94766833333333
17.116666666667 90 23 3.20816446280992 2.1359
21.1833333333334 90 22 3.2020868852459 3.01715860655738
22.2 89 22 3.7027868852459 4.49662295081967
26.2666666666665 89 21 3.67471147540984 5.05689754098361
28.2999999999997 89 20 2.68574426229508 4.17474098360656
31.3499999999995 88 21 2.95922950819672 3.34985901639344
32.3666666666661 87 22 4.29430655737705 3.24399836065574
36.4333333333325 87 21 3.9314881147541 3.9067118852459
38.4666666666658 86 22 4.6549475409836 4.00910819672131
39.4833333333324 86 21 4.26936557377049 4.19284754098361
40.499999999999 85 22 3.41117868852459 4.50496885245902
45.583333333332 84 22 2.0206868852459 2.96473639344262
50.6666666666651 83 23 1.71787540983607 2.95255639344262
54.7333333333315 82 23 1.82137336065574 2.70355819672131
55.7499999999981 82 22 1.58224754098361 1.87085081967213
57.7833333333313 81 23 1.75322704918033 2.31049836065574
59.8166666666646 81 22 1.74707131147541 3.32289508196721
60.8333333333312 81 21 1.77233114754098 4.77624590163934
61.8499999999978 80 21 1.78619180327869 5.24114098360656
62.8666666666644 79 22 1.65978196721311 4.37426393442623
64.8999999999976 78 22 1.57320245901639 4.05165819672131
65.9166666666642 77 22 1.45956229508197 6.20174918032787
68.966666666664 76 22 2.08075081967213 3.95031530054645
93.3666666666627 75 23 1.25637882513661 1.34616666666667
96.4166666666625 75 22 1.05671857923497 0.332272677595628
103.533333333329 74 23 2.33013231850117 0.7502
114.716666666661 73 24 1.00674426229508 0.102144262295082
119.799999999994 72 25 1.02371114754098 0.0918554098360656
125.899999999994 72 24 0.937577595628415 0.0891568306010929
134.933333333333 71 25 1.16765590405904 0.274806273062731
135.933333333334 70 24 0.984068333333333 0.241205
137.933333333335 69 25 0.938529166666667 0.255944166666667
141.933333333338 68 26 1.1668775 0.522149583333333
155.93333333335 68 25 0.929400238095238 0.271754761904762
156.93333333335 68 24 0.953001666666667 0.290675
157.933333333351 67 25 0.92328 0.0779416666666667
158.933333333352 66 26 0.875855 0.00919166666666667
165.933333333358 65 27 0.863407380952381 0.0287661904761905
168.93333333336 64 28 0.842162222222222 0.0163527777777778
169.933333333361 63 29 0.87403 0.10463
171.933333333362 62 29 0.848315 0.05218
172.933333333363 61 29 0.791636666666667 0.044535
173.933333333364 60 30 0.842531666666667 0.041055
174.933333333365 59 31 0.775195 0.055115
177.933333333367 58 32 0.804643888888889 0.0193277777777778
178.933333333368 57 33 0.76767 0.0162316666666667
190.933333333377 57 32 0.887218333333333 0.185347916666667
191.933333333378 57 31 0.838386666666667 0.33647
205.933333333389 56 32 0.863609880952381 0.189887976190476
212.933333333395 55 33 0.798873809523809 0.197823333333333
227.933333333407 55 32 0.797184444444444 0.205994
228.933333333408 54 33 0.766926666666666 0.000155
272.200000000081 54 31 0.703836979969183 0.122953043143297
281.350000000073 53 32 0.762112932604735 2.08178615664845
287.450000000067 52 33 0.682659016393442 0.0512803278688525
311.850000000045 51 33 0.681253142076502 0.00962527322404372
312.866666666711 51 32 0.752362295081967 0.0308967213114754
313.883333333377 50 33 0.682406557377049 0.000186885245901639
343.366666666683 49 32 0.654177897117015 0.00184505370265687
366.749999999995 48 33 0.640196650035638 0.000531147540983607
401.31666666663 47 34 0.59287888138862 0.00352685631629701
402.333333333296 46 34 0.57662131147541 0.000280327868852459
475.53333333323 45 35 0.602623337887069 0.0024436247723133
496.88333333321 45 34 0.59362193598751 0.000835206869633099
506.033333333202 45 33 0.573632969034609 0.000155009107468124
548.733333333163 44 34 0.580012880562061 0.000254371584699454
600 44 34 0.571851687560269 0.00014979106396657
