# New log 28/04/2014 03:07:03
1 192 64 2.50136 1.01294666666667
5.06666666666665 192 62 2.36491147540984 0.622073360655738
6.08333333333332 190 59 2.61956229508197 0.574319672131148
7.09999999999998 188 58 2.50066065573771 0.607968852459016
8.09999999999998 186 55 3.18936333333333 0.411898333333333
9.10000000000003 185 51 4.11855666666667 0.685338333333333
10.1000000000001 185 50 2.58759666666667 0.442623333333333
11.1000000000001 184 51 2.37377666666667 0.278283333333333
13.1000000000002 183 50 3.98945666666667 0.611330833333333
14.1000000000003 182 50 4.20261 1.48268666666667
15.1000000000003 181 50 5.04796 1.30000166666667
16.1000000000004 179 50 3.65597666666667 0.899871666666667
17.116666666667 177 51 3.77820163934426 0.780501639344262
18.1333333333336 177 49 2.87741475409836 0.672145901639344
19.1500000000002 176 48 3.60119836065574 0.640498360655738
20.1666666666668 176 46 3.01777868852459 0.849616393442623
21.1833333333334 175 42 3.13137868852459 2.12404098360656
24.2333333333332 175 41 2.91376885245902 0.67247868852459
26.2666666666665 174 41 3.54084344262295 0.73258606557377
29.3166666666663 173 42 3.22495245901639 0.98341912568306
30.3333333333329 172 41 3.52281639344262 0.304637704918033
31.3499999999995 172 40 2.68029180327869 0.49997868852459
33.3833333333327 172 39 4.40952950819672 1.46359180327869
34.3999999999993 172 38 3.31208360655738 0.486004918032787
36.4333333333325 171 37 2.88322704918033 0.35867131147541
37.4499999999992 171 36 2.14646557377049 0.309283606557377
39.4833333333324 171 35 2.24116147540984 0.235931967213115
40.499999999999 171 34 1.78740327868852 0.225022950819672
42.5333333333322 171 33 3.28939590163934 1.34352131147541
44.5666666666654 171 32 3.62458196721312 2.18924344262295
46.5999999999986 170 32 2.69022540983606 0.395200819672131
48.6333333333319 168 31 2.0386 0.239887704918033
50.6666666666651 167 30 2.13951393442623 0.61242868852459
51.6833333333317 167 29 1.94980655737705 0.383122950819672
52.6999999999983 166 28 2.02168852459016 0.320929508196721
54.7333333333315 166 27 1.84221639344262 0.459973770491803
55.7499999999981 165 28 2.30633770491803 0.527388524590164
57.7833333333313 164 29 1.85774918032787 0.424077868852459
65.9166666666642 163 30 1.7513518442623 0.774250409836066
66.9333333333308 162 30 1.68378524590164 1.25042295081967
67.9499999999974 161 30 1.57515245901639 0.888355737704918
68.966666666664 161 29 1.84218360655738 0.76083606557377
69.9833333333306 161 28 1.50026721311475 0.694031147540984
72.0166666666639 160 28 2.35317049180328 1.13021147540984
74.0499999999971 159 28 1.69427049180328 1.80376639344262
76.0833333333303 159 27 2.50560081967213 2.47500573770492
77.0999999999969 159 26 3.1844 2.32377049180328
79.1333333333301 159 25 3.27031393442623 3.40364262295082
86.2499999999964 158 26 1.89508548009368 1.58359367681499
95.3999999999959 157 27 1.80191402550091 6.05504553734062
96.4166666666625 156 27 1.67546721311475 5.64148360655738
110.649999999995 156 26 1.7655387587822 2.45284086651054
128.933333333328 156 25 1.40800063810392 1.47397885141294
131.93333333333 156 24 1.46182222222222 1.63808166666667
136.933333333334 155 25 1.272553 1.91970166666667
144.933333333341 154 26 1.29364229166667 1.05295833333333
148.933333333344 154 25 1.24593333333333 1.29945625
152.933333333347 154 24 1.36264916666667 1.35261416666667
153.933333333348 152 26 1.25539333333333 4.37866333333333
169.933333333361 151 26 1.31629385416667 2.31788229166667
176.933333333366 151 25 1.72554142857143 1.03665833333333
177.933333333367 150 26 2.30169333333333 1.11165666666667
179.933333333369 150 25 2.29844583333333 0.8103625
192.933333333379 149 25 2.26053833333333 0.389620128205128
209.933333333393 148 26 1.36741058823529 2.93800009803922
218.9333333334 148 25 1.31111962962963 2.96582333333333
219.933333333401 147 25 1.07661 2.13668
226.933333333406 146 26 1.15870666666667 2.05117761904762
279.316666666741 145 27 1.25743464842507 2.46113658924594
282.366666666739 144 28 1.35089453551913 2.85711366120219
291.51666666673 143 29 1.0805306010929 2.40479016393443
294.566666666727 142 30 1.04434644808743 2.21154153005465
301.683333333388 141 31 1.08729695550351 1.54934964871194
318.966666666705 140 32 1.13919701060752 1.64325959498554
321.000000000037 139 33 1.01910655737705 1.72677540983607
333.200000000026 138 34 1.01089658469945 1.63719426229508
334.216666666691 137 35 1.03872786885246 2.23812295081967
335.233333333357 137 34 1.03171639344262 2.56495901639344
340.316666666686 136 34 0.966190163934427 1.48768852459016
345.400000000015 136 33 0.964879016393442 0.611953770491803
352.516666666675 135 33 0.940290866510539 0.265546135831382
359.633333333335 134 34 1.90609297423888 0.51054355971897
363.699999999998 134 33 1.90849549180328 0.349680737704918
367.766666666661 134 32 0.915172540983606 0.0606147540983607
376.916666666653 133 33 1.94449981785064 1.03585591985428
377.933333333318 132 32 2.19109672131148 3.29679344262295
379.96666666665 130 33 1.02046229508197 2.00666803278689
386.066666666644 129 33 0.979502459016393 0.10012650273224
387.08333333331 128 34 0.877713114754098 0.0440262295081967
392.166666666639 127 35 0.893045573770492 0.0551468852459016
398.266666666633 127 34 0.877396448087431 0.148712021857924
399.283333333299 126 35 0.83782131147541 0.028227868852459
403.349999999962 125 36 0.803586475409836 0.0531975409836066
412.499999999954 124 36 0.783576138433516 0.0631830601092896
416.566666666616 124 35 0.818473770491803 0.0595729508196721
429.783333333271 123 35 0.917228877679698 0.0712534678436318
431.816666666603 123 34 0.942327868852459 0.0681639344262295
435.883333333266 123 33 1.20634221311475 0.158791803278689
446.049999999923 122 34 1.38703278688525 0.341388032786885
449.09999999992 122 33 1.41693825136612 0.344088524590164
454.183333333249 122 32 1.17773901639344 0.12992393442623
467.399999999904 121 33 1.2240210592686 0.122961664564943
470.449999999901 120 33 1.17299836065574 0.120591803278689
478.583333333227 119 34 1.15762766393443 0.143907581967213
487.733333333218 118 35 1.00378852459016 0.110943533697632
490.783333333216 117 36 0.957668852459017 0.0314868852459016
512.133333333196 117 35 0.964510538641687 0.0475711943793911
523.316666666519 116 36 0.988668405365127 0.0875524590163934
535.516666666508 115 36 0.95982718579235 0.108897540983607
551.78333333316 114 37 1.83841403688524 0.192591905737705
577.199999999804 113 38 2.72395744262295 0.289785049180328
598.549999999784 112 38 1.01474473067916 0.0402654957064793
600 111 38 1.00939918032787 0.0117483606557377
