# New log 28/04/2014 03:02:12
1 192 64 2.35624333333333 10.6460583333333
4.04999999999999 191 65 1.58083661202186 2.1301868852459
5.06666666666665 189 67 3.01429672131148 5.14366393442623
7.09999999999998 189 66 2.13816393442623 4.30683852459016
8.09999999999998 188 67 2.26637833333333 2.41131333333333
9.10000000000003 187 67 1.45780166666667 2.09261166666667
10.1000000000001 187 66 1.26158166666667 2.789705
11.1000000000001 187 64 2.96899333333333 4.480265
12.1000000000002 185 65 2.42710166666667 2.78814
13.1000000000002 183 66 1.59319333333333 2.65333166666667
14.1000000000003 181 67 3.86731333333333 2.08091166666667
17.116666666667 180 68 2.21566298342541 1.64989723756906
18.1333333333336 178 69 1.67117868852459 1.21292131147541
20.1666666666668 178 67 2.87553360655738 1.67701475409836
21.1833333333334 177 67 2.23560983606557 2.39434918032787
22.2 176 67 2.54502950819672 3.11435081967213
23.2166666666666 176 66 3.44313606557377 3.34818852459016
24.2333333333332 176 65 4.42646393442623 4.41106557377049
26.2666666666665 175 66 3.73810409836066 2.78551147540984
27.2833333333331 173 68 1.51511147540984 2.23892295081967
28.2999999999997 172 69 1.24031147540984 2.51027704918033
29.3166666666663 171 70 1.33288360655738 2.71869344262295
30.3333333333329 169 71 1.23502950819672 2.85002459016393
31.3499999999995 167 73 1.28533606557377 3.2137737704918
33.3833333333327 167 72 1.41853114754098 3.28697295081967
34.3999999999993 167 69 1.37084590163934 2.98548524590164
35.4166666666659 165 71 1.82976721311475 6.41203770491803
38.4666666666658 163 73 1.41616557377049 6.08193606557377
39.4833333333324 163 72 2.22836393442623 5.80156065573771
41.5166666666656 162 72 2.74699508196721 5.25016393442623
43.5499999999988 160 74 2.74602131147541 3.06560163934426
44.5666666666654 159 75 1.16845245901639 2.60457540983607
45.583333333332 156 74 1.47349016393443 2.39291475409836
46.5999999999986 155 75 1.21978524590164 2.3461737704918
47.6166666666652 154 76 1.20766393442623 2.9625
49.6499999999985 153 77 2.49135573770492 4.1031868852459
51.6833333333317 152 77 1.24843442622951 3.42221803278689
52.6999999999983 151 75 1.09626885245902 5.39465737704918
53.7166666666649 149 76 1.15118360655738 5.67091475409836
54.7333333333315 148 76 1.12372459016393 6.8044
55.7499999999981 145 77 1.29495737704918 5.26918524590164
56.7666666666647 144 77 1.39155245901639 3.92222950819672
57.7833333333313 143 77 1.18284590163934 6.51666393442623
58.7999999999979 142 77 1.01112131147541 6.70876393442623
59.8166666666646 142 74 1.14336557377049 6.20852459016394
61.8499999999978 142 72 1.13907131147541 5.95776803278689
63.883333333331 142 71 1.1293737704918 5.30778278688525
64.8999999999976 140 73 1.15947540983607 3.75447540983607
69.9833333333306 139 74 1.58746754098361 4.30233114754098
70.9999999999973 138 73 1.04450163934426 3.33818524590164
72.0166666666639 137 73 1.12883442622951 3.73954098360656
73.0333333333305 137 72 1.17249344262295 3.78724262295082
76.0833333333303 136 72 1.11865245901639 2.32659945355191
77.0999999999969 135 73 0.996406557377049 1.66165737704918
79.1333333333301 134 74 1.02616147540984 8.77706721311475
80.1499999999967 133 74 1.12371803278688 10.4940885245902
81.1666666666633 131 75 1.10877049180328 9.3242868852459
83.1999999999966 131 74 0.977572131147541 9.13475163934426
85.2333333333298 131 73 0.993904098360656 4.63763360655738
86.2499999999964 128 74 1.02933770491803 2.79789344262295
89.2999999999962 127 74 1.54696666666667 2.51806120218579
94.3833333333293 127 72 1.07135081967213 2.15295344262295
96.4166666666625 126 73 1.43181557377049 3.32790983606557
97.4333333333291 125 74 1.52476557377049 5.32367049180328
103.533333333329 125 73 1.10103907103825 3.56460081967213
106.583333333329 124 73 1.5872693989071 2.17206065573771
107.599999999995 123 74 1.25258524590164 2.94174918032787
110.649999999995 121 75 1.54674590163934 2.95952786885246
111.666666666662 121 73 1.18120983606557 2.90259508196721
112.683333333328 119 75 1.12115409836066 2.67817868852459
113.699999999995 117 75 1.12793114754098 3.7550131147541
114.716666666661 116 74 1.12636557377049 3.30499016393443
115.733333333328 112 75 1.1103262295082 2.68841803278689
117.766666666661 110 77 1.1277237704918 5.09145737704918
120.816666666661 109 78 1.08534207650273 5.20779672131148
122.849999999994 108 78 1.04678852459016 4.3660868852459
123.866666666661 108 77 1.03566229508197 2.21042786885246
124.883333333328 108 76 1.04236393442623 1.75517704918033
125.899999999994 107 76 1.02884590163934 1.76230819672131
127.933333333327 106 74 1.08357049180328 2.18256229508197
129.933333333329 105 75 1.09982666666667 2.131345
131.93333333333 104 75 1.09212416666667 3.46187166666667
136.933333333334 104 74 1.29759333333333 2.283132
138.933333333336 103 74 1.1183775 3.266365
139.933333333337 102 74 1.09339333333333 3.116045
141.933333333338 101 75 1.20941 2.89784416666667
143.93333333334 100 76 1.16533166666667 3.05740583333333
144.933333333341 99 76 2.50445166666667 0.80713
151.933333333346 99 74 1.58769690476191 0.59714880952381
152.933333333347 97 75 1.74073333333333 0.423798333333333
153.933333333348 96 75 1.227465 0.336458333333333
154.933333333349 94 76 1.05528333333333 0.375708333333333
155.93333333335 94 75 1.02823833333333 0.36945
156.93333333335 93 76 0.941568333333333 0.424055
158.933333333352 91 77 0.943330833333333 0.380026666666667
159.933333333353 90 78 1.10088666666667 0.455025
164.933333333357 90 77 0.963657333333334 0.446522
174.933333333365 89 77 0.760292666666667 0.616926666666667
180.933333333369 88 77 1.39034861111111 0.374216388888889
189.933333333377 88 76 0.882001666666666 0.0898455555555556
192.933333333379 87 76 0.854672777777778 0.047975
196.933333333382 87 75 0.667111666666667 0.02915375
198.933333333384 87 74 0.685026666666667 0.0736
207.933333333391 86 74 0.689505185185185 0.0355785185185185
211.933333333394 85 75 0.656245 0.022755
215.933333333397 84 75 0.649127916666666 0.01972
217.933333333399 84 74 0.678244166666667 0.0674391666666667
223.933333333404 84 73 0.667055 0.0372069444444444
225.933333333405 83 74 0.688891666666667 0.0261058333333333
226.933333333406 83 73 0.696485 0.0715183333333333
228.933333333408 82 74 0.704208333333333 0.0395675
229.933333333408 82 73 0.70765 0.020755
231.93333333341 80 75 0.664279166666667 0.007925
233.933333333412 78 77 0.9169675 0.0174533333333333
234.933333333412 77 78 0.961826666666667 0.01056
236.933333333414 76 79 0.959020000000001 0.487894166666667
237.933333333415 75 79 0.911386666666667 0.937536666666667
238.933333333416 74 80 0.857223333333333 0.935736666666667
239.933333333416 73 81 0.888085 0.93531
244.93333333342 72 82 0.691905333333334 0.33707
245.933333333421 71 82 0.534305 0.00413166666666667
246.933333333422 70 83 0.540003333333333 0.00163833333333333
251.933333333426 69 84 0.537831666666667 0.411907666666667
262.033333333424 69 83 0.516765841584158 0.418873267326733
269.150000000084 68 83 0.530190398126464 0.124773536299766
275.250000000078 67 84 0.517842076502733 0.0248472677595628
280.333333333407 66 84 0.464345901639344 0.0648026229508197
284.40000000007 66 83 0.488865163934426 0.0204696721311475
292.533333333396 65 84 0.542988319672131 0.0439518442622951
295.583333333393 64 85 0.464312568306011 0.0153693989071038
299.650000000056 63 85 0.474445081967213 0.000176229508196721
317.950000000039 62 85 0.466676775956284 0.437938433515483
319.983333333371 61 85 0.433700819672131 0.0154114754098361
325.0666666667 60 86 0.446070163934426 0.0378308196721312
335.233333333357 59 87 0.441214590163934 0.0158527868852459
359.633333333335 58 87 0.432165027322405 0.165225136612022
384.033333333313 57 88 0.418800614754098 0.313993920765027
387.08333333331 56 89 0.394780327868852 0.307351366120219
391.149999999973 55 90 0.392381967213115 0.318644262295082
396.233333333302 54 91 0.372893770491803 0.307846557377049
410.466666666622 53 92 0.373874004683841 0.323881967213115
438.933333333263 52 92 0.377094028103046 0.318894028103045
439.949999999929 52 91 0.394281967213115 0.321536065573771
529.416666666514 51 91 0.364370640834575 0.307859556631893
542.633333333168 50 91 0.355144388398487 0.122656242118537
566.016666666481 49 92 0.349310192444761 0.00632893799002138
571.099999999809 48 92 0.327610819672131 0.00973344262295082
593.466666666456 47 93 0.320769150521609 0.00841408345752608
600 47 93 0.311973770491803 0.00318758782201405
