# New log 28/04/2014 03:04:17
1 192 64 4.94828833333334 2.03689333333333
4.04999999999999 191 63 3.56034972677595 0.913608196721312
5.06666666666665 188 61 3.57625081967213 0.629193442622951
6.08333333333332 186 59 4.12350491803279 0.655059016393443
7.09999999999998 186 57 4.58291967213115 0.469426229508197
8.09999999999998 186 55 5.97831 0.342521666666667
9.10000000000003 184 53 5.306465 0.262261666666667
10.1000000000001 184 52 4.14217833333333 0.25663
11.1000000000001 184 51 4.24996833333333 0.495578333333333
12.1000000000002 182 52 3.23478166666667 0.520421666666667
13.1000000000002 181 52 9.27589333333334 1.87930666666667
14.1000000000003 177 54 6.311725 0.950345
15.1000000000003 177 50 6.02530833333333 0.966676666666667
16.1000000000004 176 51 3.2588 0.276311666666667
17.116666666667 175 51 4.61876229508197 0.942355737704918
18.1333333333336 174 51 5.26528524590164 0.671045901639344
19.1500000000002 173 52 7.36141147540984 1.66115901639344
22.2 172 53 6.52443715846995 0.635399453551913
23.2166666666666 172 52 7.83867377049181 0.641239344262295
24.2333333333332 172 51 5.41959508196721 0.549791803278689
25.2499999999998 171 51 5.29014590163934 0.386665573770492
26.2666666666665 170 51 5.11994426229508 0.410527868852459
27.2833333333331 170 49 6.60951803278688 0.780270491803279
28.2999999999997 169 49 6.00408196721312 0.416273770491803
31.3499999999995 167 50 6.0222568306011 0.574977049180328
33.3833333333327 165 52 6.46865573770492 1.21442868852459
34.3999999999993 164 53 5.88604754098361 0.741975409836066
35.4166666666659 163 52 6.27027540983606 0.804655737704918
36.4333333333325 162 52 5.16208196721311 0.289504918032787
38.4666666666658 161 52 4.94776639344262 0.312399180327869
40.499999999999 160 53 5.81194590163934 0.490234426229508
41.5166666666656 159 54 5.22694098360656 0.398734426229508
42.5333333333322 158 54 6.95094262295082 0.900375409836066
43.5499999999988 157 54 6.20298032786885 0.919581967213115
46.5999999999986 156 55 4.58284480874317 0.429245355191257
47.6166666666652 156 53 4.50139180327869 0.483922950819672
48.6333333333319 156 52 4.81073442622951 0.733539344262295
49.6499999999985 155 53 4.0526131147541 0.636404918032787
52.6999999999983 154 52 5.56033224043716 0.49188306010929
54.7333333333315 153 53 3.40681557377049 0.392313114754098
55.7499999999981 152 53 3.77437540983607 0.489526229508197
63.883333333331 152 52 4.26511905737705 0.729967827868853
64.8999999999976 151 52 3.47619016393443 0.989234426229508
67.9499999999974 151 51 3.31375628415301 0.873599453551913
69.9833333333306 150 52 3.63260901639344 1.63033114754098
70.9999999999973 150 51 3.44044426229508 1.18324262295082
77.0999999999969 149 51 2.91697049180328 1.12706420765027
81.1666666666633 148 50 4.22031680327869 1.34456803278689
83.1999999999966 147 51 4.0453262295082 1.21010983606557
84.2166666666632 146 50 4.36058196721311 1.08152950819672
87.266666666663 145 51 4.69911912568306 1.65194371584699
88.2833333333296 144 52 3.72468360655738 1.4847
89.2999999999962 143 53 2.40105081967213 1.4172393442623
90.3166666666628 142 54 2.31475573770492 1.64356885245902
91.3333333333294 142 53 2.41582950819672 1.84422295081967
93.3666666666627 141 53 2.38519590163934 2.22901147540984
99.4666666666623 139 55 2.39759535519126 3.13348224043716
100.483333333329 138 55 2.27440983606557 3.36953114754098
101.499999999996 138 54 2.35940655737705 4.27936393442623
103.533333333329 137 54 2.30256639344262 5.25931885245902
105.566666666662 137 53 2.2976237704918 5.21687459016393
106.583333333329 136 53 2.30155081967213 4.10665409836066
107.599999999995 135 53 2.78895245901639 4.23982459016393
110.649999999995 135 52 2.17647103825137 3.13698306010929
114.716666666661 133 53 2.4876487704918 3.10278360655738
115.733333333328 133 52 2.33741147540984 3.46508360655738
118.783333333328 133 51 3.80653224043716 3.2065131147541
119.799999999994 132 51 3.36215409836066 2.09323278688525
123.866666666661 131 52 2.62911967213115 1.65514549180328
124.883333333328 130 53 2.29983114754098 1.7227262295082
125.899999999994 129 54 2.15943278688525 1.62126557377049
128.933333333328 128 54 2.41738736263736 1.01470659340659
130.93333333333 128 53 2.50947833333334 0.685099166666667
131.93333333333 128 52 2.24223166666667 0.486868333333333
135.933333333334 127 53 1.95403375 0.419929583333333
137.933333333335 126 53 1.8965175 0.5042825
140.933333333338 126 52 1.88036888888889 0.405365555555556
141.933333333338 126 51 1.82643166666667 0.473965
142.933333333339 125 51 1.82402 0.501055
146.933333333342 124 51 1.84151666666667 0.430861666666667
159.933333333353 123 51 2.05619858974359 1.77866205128205
160.933333333354 122 52 3.39738 1.59193166666667
174.933333333365 122 51 2.64316619047619 1.21331619047619
175.933333333365 121 52 1.78135666666667 1.22815666666667
195.933333333381 120 53 1.81470691666666 1.35066941666667
198.933333333384 119 54 1.83784444444444 1.291115
207.933333333391 117 56 1.76238444444444 0.735906111111111
208.933333333392 116 57 1.71425833333333 0.399291666666667
216.933333333398 115 56 1.66000916666667 0.837526875
221.933333333402 115 55 1.69064766666667 0.745511666666667
223.933333333404 114 56 1.6497675 0.17361
225.933333333405 113 55 1.66703166666667 0.180005833333333
239.933333333416 112 54 1.62577166666667 0.29561619047619
254.933333333428 111 55 1.70011644444445 0.280486111111111
269.150000000084 110 56 1.61220797186401 0.190887456037515
272.200000000081 109 56 1.58417431693989 0.113239344262295
277.28333333341 108 56 1.5654462295082 0.145853770491803
278.300000000076 107 57 1.52043442622951 0.101060655737705
287.450000000067 106 57 1.50862295081967 0.156432422586521
289.483333333399 105 58 1.49111557377049 0.118709016393443
297.616666666725 102 59 1.50305819672131 0.121837295081967
305.750000000051 101 60 1.47176372950819 0.169782581967213
307.783333333382 100 61 1.44044590163934 0.116990163934426
323.033333333368 99 61 1.45700087431694 0.153625136612022
338.283333333354 99 60 1.37450448087432 0.183343825136612
351.500000000009 98 60 1.39367944514502 0.157223329129887
360.650000000001 97 61 1.37730673952641 0.119852094717668
389.116666666641 96 62 1.53785907494145 0.131017447306792
399.283333333299 96 61 1.37052606557377 0.123838196721311
405.383333333293 96 60 1.37513524590164 0.119981967213115
410.466666666622 96 59 1.82750196721311 0.123339016393443
411.483333333288 95 60 2.59688196721311 0.142275409836066
417.583333333282 94 61 2.05824890710383 0.137429781420765
439.949999999929 93 61 1.40210409836066 0.137543666169896
442.999999999926 92 60 1.3658912568306 0.110256830601093
456.21666666658 91 60 1.35365018915511 0.121940605296343
458.249999999912 91 59 1.36128524590164 0.122169672131148
475.53333333323 91 58 1.32786113789778 0.115742237222758
481.633333333224 90 59 1.31994016393443 0.110828142076503
496.88333333321 89 60 1.316136284153 0.11575693989071
501.966666666539 88 61 1.31864721311475 0.109353442622951
506.033333333202 87 62 1.28359508196721 0.100026229508197
516.199999999859 86 63 1.36622459016393 0.286016065573771
541.616666666503 85 63 1.22922203278689 0.107268786885246
600 85 63 1.21415486150368 0.106777162238553
