# New log 28/04/2014 02:52:39
1 192 64 2.27615666666667 0.558001666666667
4.04999999999999 191 64 2.2914912568306 0.314296174863388
5.06666666666665 191 62 3.84812295081967 1.01047868852459
6.08333333333332 188 62 5.35304918032787 1.39918524590164
7.09999999999998 187 61 3.07430491803279 0.702495081967213
8.09999999999998 186 61 3.151775 3.41481333333333
9.10000000000003 184 61 2.11555 0.416421666666667
10.1000000000001 183 62 2.05101333333333 0.860536666666667
12.1000000000002 182 62 2.454545 0.7213125
13.1000000000002 182 61 3.79668166666667 0.703571666666667
15.1000000000003 181 61 4.07643333333333 1.32086333333333
16.1000000000004 181 60 4.33594166666667 0.63597
18.1333333333336 180 59 4.09335655737705 0.75812868852459
19.1500000000002 179 60 3.77480163934426 1.84016229508197
20.1666666666668 177 59 3.43707704918033 1.68079508196721
23.2166666666666 176 58 3.33557923497268 0.763319672131147
24.2333333333332 175 58 3.58862459016393 0.608427868852459
25.2499999999998 172 57 3.33933770491803 0.540744262295082
26.2666666666665 171 56 3.53238196721311 1.09164754098361
28.2999999999997 171 54 4.83875819672131 1.18514426229508
29.3166666666663 170 54 2.42361803278689 1.18793770491803
30.3333333333329 169 54 2.72448852459016 0.832716393442623
32.3666666666661 168 55 2.92722049180328 0.956305737704918
33.3833333333327 168 54 2.87978524590164 1.00718360655738
34.3999999999993 168 53 2.31155737704918 1.09899180327869
35.4166666666659 167 54 2.38049508196721 0.855318032786885
36.4333333333325 166 54 2.82377868852459 1.15305081967213
37.4499999999992 165 55 3.05931475409836 1.44795737704918
38.4666666666658 164 56 3.51844098360656 1.50398524590164
39.4833333333324 162 58 4.12949836065574 2.36571147540984
40.499999999999 161 59 3.61783278688525 1.71345737704918
41.5166666666656 158 62 3.72446229508197 2.46077540983607
43.5499999999988 157 62 4.02506393442623 3.51785409836066
44.5666666666654 156 63 3.07498032786885 3.40482295081967
46.5999999999986 154 64 5.02740163934426 4.53518442622951
50.6666666666651 153 65 5.05591557377049 2.53238155737705
51.6833333333317 153 64 6.93110491803279 2.39740327868852
52.6999999999983 152 64 5.75092131147541 1.97145573770492
53.7166666666649 152 63 5.33826393442623 1.41109344262295
54.7333333333315 152 62 3.97735409836066 0.987977049180328
55.7499999999981 151 63 4.28203606557377 0.862662295081967
57.7833333333313 150 63 3.97498114754099 0.945459016393443
59.8166666666646 149 63 3.31292540983607 1.90965409836066
61.8499999999978 149 62 2.96731967213115 1.12331393442623
62.8666666666644 148 63 2.54123606557377 0.613414754098361
64.8999999999976 147 63 3.73470163934426 0.882209836065574
66.9333333333308 146 63 3.43960081967213 1.23890327868852
67.9499999999974 143 66 4.20722131147541 1.23897868852459
68.966666666664 142 67 4.1428131147541 1.33840327868852
69.9833333333306 141 64 5.06885081967213 1.19114918032787
70.9999999999973 139 65 3.52736885245902 0.967945901639344
72.0166666666639 137 67 2.8247393442623 0.978777049180328
73.0333333333305 135 69 2.37649836065574 1.0922393442623
74.0499999999971 134 70 3.08674918032787 0.719226229508197
75.0666666666637 132 72 2.95704426229508 0.696073770491803
76.0833333333303 130 74 4.63664262295082 0.895004918032787
77.0999999999969 130 73 4.01563278688525 0.951595081967213
78.1166666666635 130 72 2.58701147540984 1.07951803278689
80.1499999999967 130 71 1.60699262295082 1.17099344262295
81.1666666666633 128 71 1.90715901639344 0.855209836065574
82.18333333333 127 71 1.17286065573771 0.418340983606557
84.2166666666632 126 72 1.92962950819672 0.521440163934426
85.2333333333298 125 73 2.86705409836066 0.590868852459016
87.266666666663 123 74 2.75391721311475 0.320414754098361
89.2999999999962 122 74 4.85371475409836 0.485997540983607
91.3333333333294 122 73 4.97435901639344 1.42383606557377
92.349999999996 119 75 4.37172295081967 1.2811868852459
94.3833333333293 119 74 1.81689590163934 1.01472540983607
95.3999999999959 117 76 1.86177540983607 0.901816393442623
96.4166666666625 116 76 2.11989508196721 0.903034426229508
97.4333333333291 115 77 1.70123442622951 0.76664262295082
98.4499999999957 113 78 1.11009344262295 0.598168852459016
99.4666666666623 112 79 1.04402131147541 0.67432131147541
101.499999999996 112 78 0.976190163934426 0.622017213114754
105.566666666662 111 78 1.01557827868852 0.461212295081967
114.716666666661 110 78 1.00159089253188 0.671880692167577
115.733333333328 109 78 0.918526229508197 0.642693442622951
119.799999999994 108 79 0.89896393442623 0.0980770491803279
125.899999999994 108 78 0.842325956284153 0.0612633879781421
126.916666666661 108 77 0.906540983606557 0.0296475409836066
129.933333333329 107 78 0.951006077348066 0.0519022099447514
132.933333333331 106 78 0.944328888888888 0.0909761111111111
134.933333333333 106 77 0.917194166666667 0.07191
137.933333333335 106 76 0.909603888888889 0.0720905555555556
141.933333333338 105 77 0.850142083333333 0.0344379166666667
142.933333333339 104 78 0.771011666666667 0.0522066666666667
144.933333333341 104 77 0.807445833333334 0.0662283333333333
147.933333333343 103 78 0.768683888888889 0.0674288888888889
148.933333333344 102 79 0.759035 0.0652
156.93333333335 101 80 0.777096875 0.0847541666666667
161.933333333354 100 81 0.766908333333334 0.080783
167.933333333359 99 82 0.825455555555555 0.338528611111111
170.933333333362 98 83 1.50389666666667 0.289606666666667
172.933333333363 97 83 0.776525833333333 0.2275025
183.933333333372 96 84 0.797864090909091 0.187389545454545
189.933333333377 95 84 0.719995277777778 0.0544833333333333
207.933333333391 94 85 0.695424259259259 0.0417127777777778
211.933333333394 94 84 0.729145000000001 0.0597770833333333
216.933333333398 94 83 0.837746666666667 0.0985843333333333
221.933333333402 93 84 0.72806 0.032522
223.933333333404 92 84 0.6610525 0.0240225
225.933333333405 91 84 0.685859166666667 0.0986483333333334
244.93333333342 90 85 0.66528096491228 0.0554548245614035
267.116666666752 90 84 0.676362208865514 0.0409029301277235
268.133333333418 89 84 0.701459016393443 0.0398590163934426
272.200000000081 88 84 0.724672950819672 0.0352877049180328
274.233333333413 87 84 0.656204918032787 0.0254532786885246
276.266666666744 87 83 0.659644262295082 0.0284819672131148
278.300000000076 86 83 0.641834426229508 0.029083606557377
307.783333333382 85 84 0.659954663651781 0.0365056529112493
309.816666666714 84 85 0.655959016393443 0.0539188524590164
310.833333333379 83 86 1.48115409836066 0.191496721311475
314.900000000042 83 85 0.619815983606557 0.0262012295081967
328.116666666697 82 85 0.611691929382093 0.0336017654476671
336.250000000023 81 85 0.60331393442623 0.0376110655737705
337.266666666689 81 84 0.609327868852459 0.0260918032786885
338.283333333354 80 84 0.618436065573771 0.0227426229508197
341.333333333352 80 83 0.620308743169399 0.0330404371584699
344.383333333349 80 82 0.682666120218579 0.0403737704918033
358.616666666669 80 81 0.913335714285714 0.0385492974238876
365.733333333329 79 82 0.560329976580796 0.00139789227166276
428.766666666605 79 81 0.552451031200424 0.00307427287149656
446.049999999923 78 82 0.5806156219865 0.00513837994214079
449.09999999992 78 81 0.566645901639345 0.00949945355191257
450.116666666586 76 83 0.582060655737705 0.000177049180327869
454.183333333249 75 84 0.52855737704918 0.258729508196721
458.249999999912 75 83 0.523759426229508 0.0202831967213115
460.283333333243 74 84 0.541506557377049 0.023194262295082
474.516666666564 73 84 0.530959484777517 0.0146384074941452
479.599999999892 72 84 0.516602622950819 0.00810491803278689
485.699999999887 72 83 0.517212295081967 0.00432158469945355
491.799999999881 71 83 0.953288797814208 0.151743715846995
495.866666666544 71 82 0.799886885245901 0.0941446721311475
498.916666666542 70 83 0.61228306010929 0.0149601092896175
501.966666666539 70 82 0.588199453551913 0.0678295081967213
522.299999999854 69 82 0.634638360655738 0.0139795081967213
523.316666666519 69 81 0.534175409836066 0.0309508196721312
525.349999999851 69 80 0.500296721311476 0.0036344262295082
529.416666666514 68 80 0.540182786885246 0.00491270491803279
530.43333333318 68 79 0.547104918032787 0.00019672131147541
541.616666666503 68 78 0.71950566318927 0.115909687034277
546.699999999831 67 78 0.61702524590164 0.0108750819672131
563.983333333149 67 77 0.496500964320154 0.00389546769527483
570.083333333144 66 78 0.519120218579235 0.0179614754098361
571.099999999809 66 77 0.482865573770492 0.00190327868852459
573.133333333141 65 78 0.492045901639344 0.000184426229508197
583.299999999798 65 77 0.472471475409836 0.000566229508196721
597.533333333119 65 76 0.490338992974239 0.0107149882903981
600 65 76 0.470301092896175 0.000198907103825137
