# New log 28/04/2014 02:49:49
1 192 64 4.85452333333333 1.07305833333333
3.03333333333333 192 63 3.1855237704918 0.563602459016394
4.04999999999999 191 61 3.9182737704918 0.495208196721312
5.06666666666665 189 60 4.64811967213115 0.911434426229508
6.08333333333332 188 59 4.38344262295082 0.858336065573771
9.10000000000003 188 56 5.35548784530387 0.959654696132597
10.1000000000001 187 57 3.4469 0.998966666666667
11.1000000000001 185 58 4.396045 1.09255
12.1000000000002 184 58 4.33402666666667 1.00338
13.1000000000002 183 57 5.12477333333333 0.327998333333333
14.1000000000003 182 57 5.79722 0.38823
16.1000000000004 181 58 4.7291025 0.406699166666667
18.1333333333336 179 59 3.87292213114754 0.592410655737705
20.1666666666668 178 59 5.67195737704918 1.03915573770492
21.1833333333334 178 57 4.74994918032787 0.740377049180328
22.2 178 56 4.58442295081967 1.35085737704918
23.2166666666666 177 55 3.75883770491803 1.02339672131148
25.2499999999998 177 54 4.26586803278689 0.922522950819672
26.2666666666665 175 56 5.10960327868853 1.16808032786885
29.3166666666663 174 54 3.96524153005464 1.28387540983607
30.3333333333329 173 54 3.71600655737705 1.80245409836066
31.3499999999995 172 55 4.31609180327869 1.80549180327869
32.3666666666661 171 55 3.98195737704918 1.76977704918033
33.3833333333327 170 56 4.74932786885246 1.45260983606557
34.3999999999993 170 55 4.7008131147541 2.00365901639344
35.4166666666659 168 56 5.84910327868852 2.73369344262295
37.4499999999992 167 55 4.7085131147541 2.81442786885246
38.4666666666658 167 54 4.7144 2.70541967213115
39.4833333333324 166 54 5.65639508196721 3.35533114754098
40.499999999999 165 54 4.75084426229508 3.20408196721311
41.5166666666656 164 53 4.69092131147541 3.65074098360656
42.5333333333322 163 54 6.38978032786885 4.0466262295082
43.5499999999988 163 53 3.91257540983607 2.17463770491803
44.5666666666654 162 53 2.98045081967213 1.64172459016393
45.583333333332 162 52 3.54007704918033 2.04276393442623
48.6333333333319 160 52 3.96848743169399 2.35844480874317
50.6666666666651 159 52 2.80825163934426 2.45147540983607
56.7666666666647 158 52 2.94697459016394 2.3972174863388
57.7833333333313 157 52 2.79423606557377 2.07692131147541
58.7999999999979 157 50 3.00399672131148 2.18341803278689
59.8166666666646 157 49 2.85962950819672 2.35944262295082
63.883333333331 157 48 2.95733278688525 1.56757950819672
65.9166666666642 157 46 3.06405081967213 0.998813114754098
66.9333333333308 156 47 2.89536229508197 0.909870491803279
67.9499999999974 155 47 3.92922786885246 0.809440983606557
72.0166666666639 154 48 2.81384713114754 0.730037295081967
77.0999999999969 153 48 2.88034852459016 1.0088462295082
82.18333333333 153 47 3.06604754098361 0.674785245901639
84.2166666666632 153 46 3.39941229508197 0.367986065573771
86.2499999999964 153 45 2.48701967213115 0.685629508196721
87.266666666663 153 44 3.62622950819672 1.72277049180328
93.3666666666627 151 46 3.04884972677595 2.07234344262295
94.3833333333293 150 47 2.4495262295082 2.72218524590164
96.4166666666625 150 46 2.43078114754098 2.43859672131148
99.4666666666623 149 47 2.43295846994536 2.73761967213115
100.483333333329 148 48 2.32117049180328 1.86505245901639
105.566666666662 147 49 2.31084327868853 1.49036590163934
112.683333333328 146 50 2.92254145199063 1.43361147540984
113.699999999995 145 51 4.04497049180328 1.77118196721311
114.716666666661 143 53 3.83268852459016 1.92787213114754
116.749999999995 142 54 2.41210819672131 1.56888770491803
117.766666666661 141 54 2.80279672131147 1.7005
118.783333333328 141 53 2.48578360655738 1.64893114754098
119.799999999994 140 54 2.07847704918033 1.07430491803279
122.849999999994 140 53 2.09947049180328 1.12551693989071
127.933333333327 140 52 2.13568950819672 0.934423278688525
133.933333333332 140 51 2.24411055555555 1.19720055555556
135.933333333334 139 52 2.15278166666667 0.624295833333333
137.933333333335 138 52 2.15547333333333 0.665035
144.933333333341 137 52 2.077145 0.773018333333333
146.933333333342 136 53 1.98123416666667 0.73069
153.933333333348 135 54 1.97079523809524 0.879582380952381
159.933333333353 134 55 2.30499777777778 0.545208055555556
165.933333333358 133 56 2.37135666666667 0.940651666666667
167.933333333359 133 55 2.34108666666667 1.06307416666667
175.933333333365 133 54 2.40885208333333 0.677659791666667
179.933333333369 132 54 2.8372325 0.714803333333333
184.933333333373 131 54 2.353307 0.547898666666667
185.933333333373 131 53 2.41131333333333 0.566456666666667
188.933333333376 130 54 2.38236111111111 0.675835
196.933333333382 130 53 2.57166770833333 0.743856041666667
199.933333333385 130 52 2.98964944444445 0.572873888888889
200.933333333385 129 53 2.71205 0.37775
202.933333333387 128 53 2.76561416666667 0.380059166666667
203.933333333388 126 55 2.63873 0.313746666666667
205.933333333389 125 56 2.46056166666667 0.324699166666667
206.93333333339 124 56 2.284185 0.238758333333333
207.933333333391 123 56 2.34223666666667 0.541131666666667
208.933333333392 123 55 2.25815666666667 0.25125
213.933333333396 123 54 2.607684 0.252591666666667
214.933333333397 122 55 2.18965166666667 0.240653333333333
217.933333333399 121 56 2.32735222222222 0.215610555555556
219.933333333401 120 57 2.18663083333333 0.217024166666667
229.933333333408 119 58 2.27932666666667 0.303026333333333
232.933333333411 119 57 1.77071277777778 0.182958333333333
238.933333333416 118 58 1.96149083333333 0.287495833333333
239.933333333416 117 59 1.837675 0.22431
240.933333333417 117 58 1.82113833333333 0.289165
244.93333333342 117 57 1.89883333333333 0.292608333333333
250.933333333425 116 57 1.90438138888889 0.259143055555556
253.933333333428 115 57 1.78730222222222 0.155364444444444
258.983333333426 115 56 1.8339099009901 0.24809900990099
262.033333333424 114 57 1.78794863387978 0.253426229508197
268.133333333418 113 57 1.84892513661202 0.232330327868852
272.200000000081 113 56 1.83663278688525 0.166601229508197
311.850000000045 113 55 1.8121613282892 0.207329466162253
333.200000000026 113 54 1.80538087431694 0.131041608118657
347.433333333346 112 55 2.23318887587822 0.268603161592506
367.766666666661 112 54 1.78578836065574 0.160917131147541
368.783333333327 111 55 1.77036557377049 0.10455737704918
375.899999999987 111 54 1.8287718969555 0.106875175644028
386.066666666644 110 55 1.78049393442623 0.105018032786885
395.216666666636 109 56 1.82836357012751 0.111305828779599
413.516666666619 108 56 1.752393715847 0.0966619307832423
458.249999999912 107 57 1.70677201937407 0.102164605067064
464.349999999906 107 56 1.72515956284153 0.0987527322404372
505.016666666536 107 55 1.75924233606557 0.103617336065574
531.449999999845 107 54 1.76334155107188 0.111416519546028
539.583333333171 106 55 1.76147581967213 0.0987694672131148
600 106 55 1.80770472677596 0.0977394262295082
