# New log 28/04/2014 02:47:44
1 192 64 2.33329333333333 10.0975433333333
4.04999999999999 190 64 1.92534426229508 1.19888579234973
5.06666666666665 190 63 3.73753770491803 2.04981639344262
6.08333333333332 188 64 2.26506885245902 1.22831967213115
7.09999999999998 187 63 2.36103442622951 1.13864754098361
9.10000000000003 186 62 5.03259166666667 2.8980675
11.1000000000001 186 61 2.161345 1.70289333333333
12.1000000000002 184 63 1.30689666666667 0.758915
13.1000000000002 182 64 4.115 0.542676666666667
15.1000000000003 182 63 2.0149525 1.18347166666667
16.1000000000004 181 62 1.54999833333333 1.27490833333333
18.1333333333336 179 62 2.48500737704918 1.26476393442623
19.1500000000002 178 63 1.54765081967213 0.672362295081967
20.1666666666668 178 61 1.4095262295082 1.26181639344262
21.1833333333334 176 63 1.45257704918033 0.851618032786885
22.2 176 62 1.71466393442623 1.62821967213115
23.2166666666666 175 63 2.05330327868852 1.92017704918033
25.2499999999998 174 62 2.69245655737705 2.55842540983607
26.2666666666665 171 64 2.80280163934426 1.58518360655738
27.2833333333331 170 63 1.98867213114754 1.65700983606557
28.2999999999997 170 62 1.64055737704918 4.85089836065574
30.3333333333329 168 64 1.73944098360656 1.04113852459016
31.3499999999995 168 63 1.5268131147541 0.798831147540984
32.3666666666661 167 64 1.44651639344262 0.443811475409836
33.3833333333327 166 65 1.59750327868852 0.701404918032787
34.3999999999993 164 67 1.72613442622951 0.922754098360656
36.4333333333325 164 66 1.53220163934426 1.1685
39.4833333333324 163 66 1.24585683060109 3.91196830601093
40.499999999999 161 68 1.83334918032787 3.45996393442623
43.5499999999988 160 69 1.74509453551913 1.9196087431694
44.5666666666654 160 67 1.33976229508197 1.1962393442623
45.583333333332 158 68 1.41832459016393 2.10088360655738
47.6166666666652 157 67 1.40007459016393 1.7586
50.6666666666651 155 68 1.39156393442623 9.62864754098361
51.6833333333317 155 67 1.31877868852459 6.89618360655738
53.7166666666649 153 69 1.32678606557377 8.81737540983607
54.7333333333315 151 71 1.18292131147541 3.21666065573771
55.7499999999981 150 72 1.27277704918033 4.4036131147541
56.7666666666647 149 72 1.20893606557377 4.90960983606557
57.7833333333313 146 72 1.27736721311475 6.51397704918033
58.7999999999979 145 72 1.38530983606557 6.68344098360656
59.8166666666646 144 73 1.23409672131148 6.17180163934426
60.8333333333312 143 74 1.11020491803279 4.75846393442623
61.8499999999978 142 75 1.11865409836066 5.38753114754098
62.8666666666644 141 72 1.0589393442623 0.211932786885246
63.883333333331 137 73 1.14758524590164 1.35690983606557
65.9166666666642 135 73 1.25200737704918 3.94515573770492
67.9499999999974 134 72 1.0854368852459 4.01089016393443
68.966666666664 133 73 1.02896885245902 4.6937393442623
69.9833333333306 131 73 1.02323114754098 4.38977704918033
70.9999999999973 130 74 1.10806229508197 1.47096229508197
72.0166666666639 129 75 1.1289 0.396031147540984
73.0333333333305 129 74 1.12666885245902 0.50922131147541
74.0499999999971 128 75 1.63313278688525 0.311439344262295
77.0999999999969 128 74 1.40734262295082 0.574892896174864
80.1499999999967 127 74 1.2430218579235 0.864275409836066
81.1666666666633 126 75 1.43582786885246 1.40012295081967
87.266666666663 126 74 1.17206639344262 1.36200546448087
95.3999999999959 126 73 1.07924405737705 0.895733196721312
98.4499999999957 126 71 0.964707650273224 0.397541530054645
100.483333333329 126 70 1.07849344262295 0.423932786885246
101.499999999996 126 69 1.0120393442623 0.454609836065574
102.516666666662 125 70 1.05151147540984 0.37546393442623
103.533333333329 124 69 1.00868852459016 0.500332786885246
104.549999999995 123 70 0.981216393442623 0.416337704918033
107.599999999995 122 70 2.11997158469945 0.927260109289618
109.633333333328 121 71 2.24683606557377 1.21991803278689
112.683333333328 121 70 1.87027049180328 1.08969398907104
113.699999999995 121 69 1.00192295081967 0.820913114754098
116.749999999995 120 70 0.999979234972678 0.925883606557377
120.816666666661 119 70 1.02373073770492 0.611370901639344
123.866666666661 118 70 0.969904918032787 0.649856284153006
125.899999999994 117 70 1.09852459016393 0.821365573770492
135.933333333334 116 71 0.972276910299004 0.461829069767442
138.933333333336 116 70 0.939343888888889 0.328497222222222
143.93333333334 115 71 1.06197233333333 0.0494313333333333
149.933333333345 114 71 1.04998333333333 0.198175555555556
155.93333333335 113 72 0.926298333333332 0.084965
158.933333333352 110 74 0.88258 2.16492277777778
164.933333333357 110 73 0.894994166666667 2.65618194444444
167.933333333359 109 74 0.892235555555556 1.93234611111111
174.933333333365 108 75 0.866928333333334 0.647959047619048
179.933333333369 107 76 0.886917666666667 0.311324666666667
180.933333333369 106 77 0.881438333333333 0.353051666666667
203.933333333388 105 77 0.83554268115942 0.323089492753623
211.933333333394 104 78 0.829558333333333 0.00285395833333333
213.933333333396 103 78 0.81141 0.0668475
217.933333333399 102 79 0.86090375 0.3475275
229.933333333408 102 78 0.92529986111111 0.116843888888889
240.933333333417 102 77 1.08682318181818 0.190424242424242
244.93333333342 101 78 0.796387499999999 0.371222083333333
246.933333333422 100 78 0.800528333333333 0.424075
247.933333333423 100 77 0.800345 0.283735
250.933333333425 99 78 0.789329444444445 0.483072777777778
252.933333333427 99 77 0.777683333333333 0.766354166666667
256.950000000095 98 78 0.757141078838174 0.663361825726141
260.000000000092 96 78 0.749806557377049 0.693179781420765
263.050000000089 95 78 0.732417486338798 0.354286885245902
264.066666666755 95 77 0.717867213114754 0.134522950819672
265.083333333421 94 78 0.714363934426229 0.11515737704918
268.133333333418 93 79 0.711553551912569 0.270837704918033
286.433333333401 92 80 0.721077231329689 0.0662081056466302
288.466666666733 92 79 0.710883606557377 0.0805393442622951
289.483333333399 91 79 0.699737704918033 0.349972131147541
290.500000000064 90 79 0.696695081967213 0.3348
292.533333333396 89 80 0.696395081967213 0.353469672131148
297.616666666725 88 81 0.689786229508197 0.338736721311475
300.666666666722 86 82 0.672590710382514 0.329917486338798
343.366666666683 85 82 0.653383411397346 0.335009055425449
345.400000000015 84 83 0.636311475409836 0.3257
389.116666666641 83 84 0.646661303850555 0.339414639725505
407.416666666625 83 83 0.623002094717667 0.336197632058288
425.716666666608 82 83 0.621820036429871 0.3315485428051
445.033333333257 82 82 0.626347454702331 0.339108024158758
476.549999999895 82 81 0.614094711792701 0.337371496562665
488.749999999884 81 81 0.619757513661202 0.333374726775956
581.266666666467 81 80 0.617291641145742 0.382456548369663
583.299999999798 81 79 0.632231147540984 0.240614754098361
600 81 79 0.626836451301832 0.236851880424301
