# New log 28/04/2014 02:43:24
1 192 64 4.724725 1.65672
4.04999999999999 189 64 3.18718306010929 0.782100546448087
5.06666666666665 185 61 3.75105737704918 1.07150819672131
6.08333333333332 185 57 3.66744918032787 1.03430163934426
10.1000000000001 184 56 4.78010456431535 1.04172946058091
11.1000000000001 183 56 6.21428833333333 1.22922
12.1000000000002 180 57 6.54266833333333 1.19568666666667
13.1000000000002 180 56 3.932365 0.669553333333333
14.1000000000003 178 56 3.40179333333333 0.583841666666667
15.1000000000003 177 54 3.48959166666667 0.454383333333333
17.116666666667 175 53 4.98048181818182 0.668776859504132
18.1333333333336 175 52 3.00180819672131 0.408077049180328
19.1500000000002 174 51 4.44275409836066 0.646980327868853
21.1833333333334 172 52 6.41939508196721 0.961936065573771
23.2166666666666 172 51 7.7208106557377 0.859490983606557
24.2333333333332 172 49 7.86390819672131 0.727847540983607
25.2499999999998 171 50 6.4123737704918 0.77354262295082
26.2666666666665 169 52 6.47296393442623 0.947165573770492
27.2833333333331 168 52 5.57634098360656 0.658729508196721
28.2999999999997 165 52 5.51690655737705 0.616236065573771
29.3166666666663 164 51 5.56116065573771 1.14284590163934
30.3333333333329 164 50 5.74098032786885 0.715585245901639
31.3499999999995 163 50 4.5017737704918 0.758336065573771
32.3666666666661 163 49 4.00128852459016 1.34661639344262
33.3833333333327 162 50 6.27779344262295 3.51433442622951
35.4166666666659 161 51 5.19789262295082 3.21161229508197
36.4333333333325 161 49 4.58474262295082 2.92464426229508
37.4499999999992 161 48 4.0778 2.53660655737705
38.4666666666658 161 47 3.90514098360656 2.52989836065574
45.583333333332 161 46 6.19018641686183 2.38316416861827
47.6166666666652 161 45 7.56816147540983 1.75523606557377
48.6333333333319 160 46 5.69515737704918 1.77443770491803
49.6499999999985 160 44 5.49531475409836 1.79444426229508
52.6999999999983 160 42 4.8358393442623 1.9191912568306
53.7166666666649 158 42 2.97069344262295 1.59131475409836
56.7666666666647 157 43 3.65792131147541 1.70608743169399
59.8166666666646 156 43 3.58991693989071 1.64818360655738
60.8333333333312 155 42 3.30875901639344 1.68141147540984
64.8999999999976 155 41 3.47240696721311 3.12005204918033
68.966666666664 154 42 2.94059795081967 3.2493381147541
69.9833333333306 153 42 2.94384262295082 1.55051803278689
72.0166666666639 152 42 2.48617540983607 0.865536065573771
73.0333333333305 149 44 2.32926885245902 0.800272131147541
74.0499999999971 148 45 2.34334262295082 0.909781967213115
75.0666666666637 147 46 2.84469180327869 0.813367213114754
76.0833333333303 146 47 2.44710655737705 0.955204918032787
78.1166666666635 145 47 2.46980819672131 0.947375409836066
84.2166666666632 144 47 2.25494153005464 1.81063032786885
85.2333333333298 143 48 2.33228852459016 1.71838032786885
86.2499999999964 142 48 2.36891803278688 1.74205573770492
93.3666666666627 142 47 2.20665854800937 0.987995316159251
94.3833333333293 141 48 2.08948196721312 0.76616393442623
96.4166666666625 141 47 2.03621229508197 0.775979508196721
100.483333333329 140 47 2.03052049180328 0.707952459016394
104.549999999995 139 47 1.98909508196721 0.651941803278689
106.583333333329 138 48 1.88950245901639 0.783614754098361
116.749999999995 138 47 1.94548049180328 0.561739344262295
120.816666666661 138 45 2.03309590163935 0.533205327868852
128.933333333328 138 44 3.01849507186858 0.676542915811088
131.93333333333 137 44 2.47224166666667 0.313216111111111
133.933333333332 135 45 1.83796 0.3052775
135.933333333334 134 46 1.7547575 0.345553333333333
141.933333333338 133 47 1.70965861111111 0.194256388888889
143.93333333334 132 47 1.714635 0.0833783333333333
146.933333333342 132 46 1.72891777777778 0.223782777777778
149.933333333345 131 47 1.71095277777778 0.212919444444444
153.933333333348 130 48 1.785275 0.5161725
155.93333333335 129 49 1.83077666666667 0.946599166666667
158.933333333352 128 50 1.80634055555556 0.746595555555556
160.933333333354 127 51 1.74567166666667 0.55548
161.933333333354 126 51 1.68393166666667 0.20689
180.933333333369 126 50 1.70100622807017 0.224243859649123
181.93333333337 126 49 1.71261333333333 0.216748333333333
182.933333333371 125 50 1.67061333333333 0.096095
186.933333333374 124 51 1.61909166666667 0.19619375
192.933333333379 123 52 1.60193388888889 0.167546666666667
193.93333333338 123 51 1.569205 0.112985
225.933333333405 122 52 1.94808380208333 0.169935052083333
232.933333333411 121 53 1.60793166666667 0.148350238095238
243.93333333342 120 54 1.58717121212121 0.138877121212121
267.116666666752 119 54 1.60171703810208 0.349495111430626
277.28333333341 119 53 1.5939593442623 0.124619508196721
281.350000000073 118 54 1.62150860655738 0.115361475409836
286.433333333401 118 52 1.58244655737705 0.0911170491803279
288.466666666733 118 51 1.61117950819672 0.10432131147541
289.483333333399 118 50 1.61057049180328 0.132396721311475
292.533333333396 117 51 1.55622786885246 0.118850819672131
294.566666666727 116 52 1.53688196721312 0.152054918032787
298.63333333339 115 53 1.54101475409836 0.113490983606557
304.733333333385 114 53 1.50165901639344 0.0117103825136612
314.900000000042 113 54 1.54993655737705 0.0405609836065574
376.916666666653 113 53 1.52975259338887 0.0203886052136522
387.08333333331 112 54 1.50745344262295 0.000824590163934426
394.19999999997 112 53 1.51761896955503 0.0153969555035129
404.366666666628 111 53 1.52943721311475 0.014026393442623
425.716666666608 110 53 1.50360733801717 0.00613052302888369
465.366666666572 109 53 1.53607452711224 0.00715556956704498
466.383333333238 109 52 1.45518360655738 0.00029016393442623
481.633333333224 109 51 1.52305781420765 0.000574754098360656
529.416666666514 109 50 1.51377000348797 0.00178343215905127
552.799999999826 109 49 1.54625523877406 0.00879650748396294
580.249999999801 109 48 1.54997158469946 0.0114173649058895
585.33333333313 108 49 1.53694590163935 0.000777049180327869
600 108 49 1.90769846994536 0.0179537704918033
