# New log 28/04/2014 02:45:54
1 192 64 2.11878666666667 0.59518
5.06666666666665 191 62 1.92119836065574 0.580792213114754
6.08333333333332 188 61 2.50166885245902 1.04051639344262
7.09999999999998 188 56 4.21206393442623 0.598208196721312
8.09999999999998 187 55 3.173135 0.71103
9.10000000000003 186 54 3.80252333333333 0.631316666666667
11.1000000000001 185 54 2.53386666666667 0.602935833333333
13.1000000000002 185 53 3.73619916666667 0.944201666666667
14.1000000000003 185 52 5.67508 0.63288
15.1000000000003 184 53 5.59624833333334 0.765573333333333
16.1000000000004 183 53 7.76125166666667 1.31900833333333
17.116666666667 182 54 6.79782786885246 0.911296721311475
18.1333333333336 181 54 4.63809672131148 0.679549180327869
19.1500000000002 180 54 3.3991393442623 0.705247540983607
20.1666666666668 180 53 3.66505081967213 0.763070491803279
21.1833333333334 179 53 4.07824262295082 0.724129508196721
22.2 178 54 4.79840327868853 0.779106557377049
23.2166666666666 177 55 3.71811475409836 1.51733278688525
24.2333333333332 175 56 2.52393442622951 1.2697868852459
25.2499999999998 174 56 3.0081 1.09287049180328
26.2666666666665 173 54 3.36754918032787 1.2650131147541
27.2833333333331 172 54 2.22139672131147 0.980508196721312
28.2999999999997 172 53 2.54693770491803 1.11349344262295
29.3166666666663 170 55 2.48982950819672 1.37228852459016
31.3499999999995 169 55 4.4685131147541 5.72430901639344
32.3666666666661 168 54 2.37660819672131 4.38061803278689
33.3833333333327 166 56 2.26778360655738 1.22180983606557
34.3999999999993 164 57 2.47284918032787 1.19608196721311
36.4333333333325 164 56 2.56271967213115 1.24677049180328
37.4499999999992 163 56 3.42843114754098 1.36285409836066
38.4666666666658 162 56 3.39125081967213 0.908247540983607
39.4833333333324 161 55 2.36515901639344 1.16889836065574
41.5166666666656 160 56 2.09255081967213 1.03160163934426
42.5333333333322 159 57 1.82823770491803 0.590716393442623
43.5499999999988 157 58 1.76477049180328 0.574344262295082
45.583333333332 157 57 1.96588114754098 0.76946393442623
46.5999999999986 155 58 1.99904262295082 1.27051803278689
48.6333333333319 153 59 2.12440163934426 1.19926639344262
49.6499999999985 152 60 2.05718032786885 1.50451803278689
51.6833333333317 150 61 2.3143393442623 1.00090245901639
52.6999999999983 150 59 2.28347049180328 1.11164754098361
53.7166666666649 149 60 1.98184098360656 0.984804918032787
56.7666666666647 149 59 2.62036393442623 1.01784316939891
59.8166666666646 149 58 3.32893278688525 2.77411202185792
60.8333333333312 149 57 1.95450983606557 1.00899836065574
61.8499999999978 148 57 1.83162950819672 1.15794918032787
62.8666666666644 146 57 3.06750983606557 2.14468852459016
63.883333333331 145 58 2.25086393442623 1.72500491803279
64.8999999999976 145 57 1.97919508196721 1.24903114754098
67.9499999999974 144 58 1.93409617486339 0.527454098360656
69.9833333333306 143 59 1.9131737704918 0.562098360655738
72.0166666666639 142 60 2.25475 0.464814754098361
76.0833333333303 142 59 2.41155163934426 1.15234139344262
77.0999999999969 141 60 2.2266868852459 0.625672131147541
79.1333333333301 140 58 3.15139590163934 0.321125409836066
80.1499999999967 139 59 1.72199508196721 0.221990163934426
82.18333333333 138 60 1.87042295081967 0.391839344262295
85.2333333333298 137 61 1.80156120218579 0.378872131147541
86.2499999999964 137 60 1.7894868852459 0.505191803278689
88.2833333333296 137 59 2.35933278688525 0.480113114754098
91.3333333333294 136 59 2.48907431693989 0.405296721311475
92.349999999996 135 60 2.75258360655738 0.35842131147541
93.3666666666627 135 58 2.07853278688525 0.399711475409836
98.4499999999957 135 57 2.23667737704918 0.428347540983607
100.483333333329 133 59 1.82389918032787 0.314177868852459
101.499999999996 132 60 1.42277213114754 0.396337704918033
105.566666666662 131 61 1.47080040983606 0.255735655737705
108.616666666662 131 60 1.46247158469945 0.432307103825137
109.633333333328 130 61 1.59419016393443 0.789493442622951
110.649999999995 130 60 1.40611803278689 0.923568852459016
113.699999999995 129 61 1.48841693989071 1.66574316939891
114.716666666661 128 61 1.48990819672131 1.85839344262295
116.749999999995 128 60 1.52422131147541 1.09925327868852
117.766666666661 127 59 1.60065409836066 1.15975901639344
118.783333333328 126 59 1.60135737704918 1.22609016393443
121.833333333328 125 58 1.45022349726776 0.263778142076503
122.849999999994 124 59 1.28704098360656 0.230913114754098
123.866666666661 122 60 1.36738196721311 0.274777049180328
124.883333333328 121 61 1.35075245901639 0.152570491803279
125.899999999994 121 60 1.21271967213115 0.147036065573771
126.916666666661 121 59 1.25664590163934 0.366214754098361
128.933333333328 121 57 1.32036280991736 0.293511570247934
131.93333333333 119 58 1.26188277777778 0.216755555555556
133.933333333332 119 57 1.3267875 0.1547775
137.933333333335 119 56 1.2179625 0.174263333333333
138.933333333336 119 55 1.22115666666667 0.18664
139.933333333337 119 54 1.18158333333333 0.08741
143.93333333334 118 55 1.18570166666667 0.129405833333333
157.933333333351 118 54 1.20853797619048 0.0819102380952381
159.933333333353 118 53 1.376645 0.139605833333333
162.933333333355 116 55 1.96398944444445 0.10375
172.933333333363 114 56 1.8221005 0.252928333333333
173.933333333364 112 55 1.23048333333333 0.348558333333333
174.933333333365 111 55 1.18934333333333 0.349686666666667
175.933333333365 110 56 1.13350166666667 0.300658333333333
179.933333333369 109 56 1.15320625 0.347294583333333
180.933333333369 108 57 1.14973666666667 0.429425
184.933333333373 107 58 1.12984875 0.43584625
186.933333333374 106 58 1.12386583333333 0.508058333333333
187.933333333375 105 58 1.11105666666667 0.447583333333333
195.933333333381 105 57 1.10848458333333 0.318513541666667
196.933333333382 105 56 1.16134166666667 0.271785
200.933333333385 104 57 1.21644541666667 0.339218333333333
201.933333333386 104 56 1.15366666666667 0.272175
210.933333333393 103 57 1.12156537037037 0.160565740740741
222.933333333403 103 56 1.59508708333333 0.0722963888888889
223.933333333404 102 57 1.05080166666667 0.044655
230.933333333409 100 59 0.813485714285714 0.0275833333333333
236.933333333414 100 58 0.84174 0.0453491666666667
242.933333333419 97 59 1.14753388888889 0.0768355555555556
243.93333333342 96 59 0.66995 0.00355
246.933333333422 95 59 0.706791666666666 0.0104588888888889
249.933333333424 94 59 0.649323888888889 0.0153711111111111
265.083333333421 94 58 0.621441474147414 0.0214328932893289
274.233333333413 93 57 0.637711293260474 0.0506205828779599
277.28333333341 92 58 0.630290163934426 0.072944262295082
293.550000000062 91 58 0.610040983606557 0.0915569672131148
296.600000000059 90 58 0.716993989071038 0.280972677595628
314.900000000042 90 57 0.586715938069217 0.0840406193078324
331.166666666694 90 56 0.606667213114753 0.0799162909836066
332.18333333336 90 55 0.804342622950819 0.187081967213115
346.41666666668 89 55 0.608887353629976 0.0713779859484778
399.283333333299 89 54 0.575439627994956 0.0593202395964691
402.333333333296 88 55 0.558194535519126 0.0981360655737705
440.966666666594 88 54 0.547800690250218 0.0715724762726488
455.199999999915 87 54 0.562046370023419 0.0622895784543326
483.666666666555 87 53 0.602037353629978 0.0739511709601874
494.849999999879 86 54 0.598346050670641 0.130988226527571
510.099999999865 86 53 0.616635409836066 0.0955460109289617
521.283333333188 85 54 0.599549925484352 0.0930113263785395
522.299999999854 84 55 0.577359016393443 0.0218491803278689
526.366666666517 84 54 0.586895081967213 0.0705475409836065
546.699999999831 83 55 0.56475 0.0670172950819672
581.266666666467 82 55 0.55520024108004 0.0681927193828351
588.383333333127 82 54 1.06162224824356 0.151941451990632
589.399999999793 82 53 1.90389344262295 0.320288524590164
600 82 53 0.724903576751117 0.0931965722801788
