# New log 28/04/2014 02:38:21
1 192 64 2.21619 8.840285
4.04999999999999 190 64 2.03474699453552 2.11722950819672
5.06666666666665 188 66 2.18487704918033 2.20659508196721
8.09999999999998 186 68 1.58873461538462 1.53572857142857
9.10000000000003 185 68 1.41434 5.32209833333333
11.1000000000001 184 68 1.77265 1.85887
12.1000000000002 181 70 2.89294666666667 2.19106833333333
13.1000000000002 179 71 2.17030166666667 7.25051
14.1000000000003 178 71 2.09346333333333 7.20373333333333
15.1000000000003 178 70 1.81439666666667 6.81886166666667
16.1000000000004 178 69 1.847205 8.04649833333333
18.1333333333336 176 70 2.19960327868852 5.44885819672131
19.1500000000002 174 70 1.52830327868853 5.52445573770492
20.1666666666668 174 68 1.66661475409836 5.78710983606557
21.1833333333334 174 66 1.69505245901639 4.62050327868853
23.2166666666666 173 66 2.14480983606557 5.81766885245902
24.2333333333332 172 67 1.78345573770492 6.34317049180328
25.2499999999998 172 65 1.64447540983607 8.00496557377049
26.2666666666665 170 64 1.95566065573771 8.3277262295082
27.2833333333331 168 65 1.6766131147541 10.0905491803279
28.2999999999997 168 64 1.58875409836066 9.89036557377049
29.3166666666663 167 64 1.53722950819672 10.0062540983607
30.3333333333329 166 65 2.04481967213115 9.22824098360656
31.3499999999995 164 65 1.40180163934426 9.0065131147541
34.3999999999993 163 64 2.14610819672131 10.3248628415301
36.4333333333325 162 64 1.75168852459016 11.6808245901639
38.4666666666658 161 64 1.39977131147541 11.665287704918
40.499999999999 160 65 1.64268852459016 9.10193360655738
41.5166666666656 158 67 1.50224098360656 9.63748852459016
42.5333333333322 157 68 1.43820819672131 10.1088049180328
48.6333333333319 156 68 1.28935054644809 11.168149726776
50.6666666666651 155 69 1.28851147540984 11.2170106557377
51.6833333333317 152 71 1.13466393442623 11.3176524590164
52.6999999999983 151 71 1.25210163934426 10.6007786885246
57.7833333333313 151 70 1.31773934426229 10.0027324590164
59.8166666666646 150 71 1.47215655737705 10.3150286885246
61.8499999999978 149 72 1.5602893442623 10.1079762295082
65.9166666666642 148 73 1.30721598360656 10.3647528688525
67.9499999999974 148 72 1.27388196721311 9.76200573770492
68.966666666664 148 71 1.30074426229508 9.86978196721311
69.9833333333306 145 72 1.28146557377049 10.4122983606557
70.9999999999973 144 73 1.23522459016393 10.5988049180328
74.0499999999971 143 74 1.28101639344262 10.6441169398907
83.1999999999966 143 72 1.30033114754098 10.1263163934426
84.2166666666632 142 73 1.36921475409836 10.4138573770492
88.2833333333296 140 74 1.26569795081967 10.4055110655738
90.3166666666628 137 77 1.19729098360656 9.89570737704918
91.3333333333294 136 78 1.18575573770492 10.1752786885246
92.349999999996 136 77 1.21444098360656 10.8787573770492
98.4499999999957 136 76 1.36663551912568 5.23688306010929
103.533333333329 135 77 1.40347475409836 4.14664295081967
104.549999999995 134 78 1.27732950819672 4.7417868852459
107.599999999995 133 78 1.13461475409836 4.93020765027322
108.616666666662 133 77 1.07767540983607 5.60931803278689
109.633333333328 132 78 1.05143114754098 5.75895901639344
110.649999999995 130 79 1.05714262295082 6.13298360655738
111.666666666662 129 80 1.0990131147541 5.90596229508197
112.683333333328 128 81 1.1146131147541 5.7006868852459
113.699999999995 127 82 1.32704426229508 5.52198360655738
114.716666666661 126 82 1.0901737704918 4.04488032786885
116.749999999995 125 81 1.15008360655738 1.94118770491803
122.849999999994 124 80 1.08433879781421 4.23652540983607
123.866666666661 124 79 0.976968852459016 4.04816393442623
124.883333333328 123 79 0.969313114754099 3.15601967213115
126.916666666661 122 79 1.02996967213115 3.09014754098361
127.933333333327 121 80 1.03150819672131 3.06434098360656
128.933333333328 120 80 1.00178 2.280335
129.933333333329 119 79 0.927381666666667 2.26270333333333
130.93333333333 119 78 0.926341666666667 2.96631666666667
131.93333333333 118 79 1.02322666666667 5.02351
132.933333333331 117 78 1.08448166666667 5.077945
134.933333333333 116 78 0.998250833333333 5.06988083333333
135.933333333334 115 79 0.990801666666667 5.18725333333333
137.933333333335 115 78 1.0063 5.28346333333333
142.933333333339 114 79 1.06902366666667 5.98105666666667
144.933333333341 113 79 0.953063333333333 5.2361325
155.93333333335 113 78 0.926718484848484 4.96997772727273
166.933333333358 113 77 0.932492878787879 4.84732303030303
168.93333333336 112 78 0.904874166666667 4.79394416666667
175.933333333365 112 77 0.918682619047618 4.96031214285714
176.933333333366 111 78 0.984485 5.044295
177.933333333367 110 79 0.882598333333334 4.99314166666667
178.933333333368 109 80 0.882825 4.98728833333333
185.933333333373 109 79 0.858944285714285 4.87068571428572
188.933333333376 107 81 0.804599444444445 1.95960722222222
190.933333333377 107 80 1.05517666666667 3.3509025
194.933333333381 106 81 0.91379 5.05894416666667
197.933333333383 105 82 0.872851666666667 5.06479944444444
200.933333333385 105 81 0.815074444444444 4.22389444444444
201.933333333386 104 82 0.774698333333333 1.69262
202.933333333387 103 83 0.750495 1.53595666666667
204.933333333389 102 83 0.783203333333333 3.13243333333333
206.93333333339 102 82 0.81572 5.00151083333333
207.933333333391 101 83 0.884191666666667 5.03383
210.933333333393 100 83 0.821601666666666 5.07096111111111
214.933333333397 100 82 0.80923625 5.01276291666667
231.93333333341 100 81 0.810262745098038 5.11837382352941
235.933333333413 99 82 0.815344166666666 5.5625325
254.933333333428 98 83 0.837450350877194 5.82921245614035
261.016666666758 97 83 0.786096712328767 5.64472657534247
262.033333333424 96 84 0.776837704918033 5.58823770491803
266.100000000087 96 83 0.774670081967214 5.6034012295082
271.183333333415 96 82 0.766249836065574 5.5735331147541
275.250000000078 95 83 0.769547131147541 5.66336270491803
277.28333333341 94 84 0.818191803278689 5.73699836065574
288.466666666733 93 84 0.777949925484351 5.69757898658718
289.483333333399 92 83 0.748116393442623 5.55394590163934
294.566666666727 91 84 0.738552131147541 5.54063770491803
295.583333333393 90 85 0.744908196721312 5.63809508196721
308.800000000048 89 85 0.739295081967213 5.56723820933165
313.883333333377 89 84 0.731912459016393 5.57005180327869
317.950000000039 89 83 0.740852868852459 5.58956352459016
322.016666666702 88 83 0.740637704918033 5.51212131147541
324.050000000034 87 83 0.732374590163934 5.16379918032787
337.266666666689 87 81 0.719465195460278 5.17883631778058
353.53333333334 86 82 0.718543647540984 5.19685297131148
364.716666666664 85 83 0.716502980625931 5.21734545454545
374.883333333321 85 82 0.709059672131147 5.41258950819672
380.983333333316 84 83 0.726949453551913 5.26891448087432
389.116666666641 83 83 0.718456147540984 5.18230737704918
390.133333333307 82 83 0.718329508196721 5.24603278688525
392.166666666639 81 84 0.697729508196721 5.14085327868853
393.183333333304 80 85 0.7027 5.25552295081967
409.449999999956 79 86 0.687286168032787 4.9838993852459
426.733333333274 78 86 0.685701350048215 4.52596229508197
476.549999999895 77 86 0.646745533623285 4.4909787554366
481.633333333224 76 86 0.631983278688524 4.62785770491803
482.64999999989 75 87 0.6152 4.69258524590164
483.666666666555 74 87 0.617716393442623 4.62491803278689
502.983333333205 74 86 0.607251337359793 4.63851415012942
572.116666666475 74 85 0.61157280617165 4.93359985535198
600 74 85 0.624791744730679 5.07284906323185
