# New log 28/04/2014 01:55:15
1 192 64 2.05704333333333 8.67520333333333
3.03333333333333 192 63 1.66752131147541 1.30263606557377
5.06666666666665 189 65 1.85952213114754 2.14980573770492
6.08333333333332 189 64 1.70793114754098 1.9789868852459
7.09999999999998 189 62 1.81989672131148 1.85066393442623
8.09999999999998 188 63 1.88498833333333 3.20544666666667
9.10000000000003 187 64 1.82108833333333 4.99670166666667
10.1000000000001 186 65 1.88248833333333 9.13805666666667
11.1000000000001 186 64 2.08657666666667 9.15018166666667
12.1000000000002 186 61 2.144435 9.94679333333333
13.1000000000002 182 63 1.98314833333333 10.175085
14.1000000000003 179 65 1.75761333333333 10.1916933333333
15.1000000000003 177 64 1.61994833333333 9.99268666666667
16.1000000000004 176 64 1.39696666666667 9.794025
18.1333333333336 175 65 1.34523360655738 9.82459590163934
19.1500000000002 174 66 1.33342131147541 9.84276229508197
21.1833333333334 173 66 3.05651721311475 9.02519672131148
23.2166666666666 173 65 4.44967295081968 5.17574098360656
24.2333333333332 173 64 4.47229508196721 3.19103114754098
25.2499999999998 172 63 4.7648131147541 3.67850163934426
27.2833333333331 170 63 4.56192868852459 3.41808032786885
28.2999999999997 169 62 4.56084098360656 3.92470983606557
29.3166666666663 169 61 4.46385901639344 4.15377868852459
30.3333333333329 169 59 4.46801147540984 4.98830163934426
32.3666666666661 167 60 4.45939426229508 3.72202786885246
33.3833333333327 166 61 4.51912950819672 3.13575245901639
34.3999999999993 165 62 4.69816885245902 3.9026131147541
35.4166666666659 165 61 1.74232786885246 4.42065901639344
36.4333333333325 164 61 1.34547868852459 2.77893278688525
37.4499999999992 164 60 1.29043114754098 2.75924262295082
39.4833333333324 163 59 1.14852950819672 3.39944016393443
40.499999999999 162 60 1.10099836065574 3.6432737704918
41.5166666666656 162 59 1.17357049180328 4.48866885245902
42.5333333333322 161 60 1.3154393442623 6.6381262295082
43.5499999999988 160 60 1.47580491803279 4.07064262295082
47.6166666666652 160 58 2.85612049180328 4.19098360655738
48.6333333333319 159 58 2.74840327868852 6.4432
50.6666666666651 158 59 1.69297049180328 6.96402704918033
51.6833333333317 158 58 1.22835737704918 6.66639016393443
56.7666666666647 158 57 1.17573475409836 5.31070393442623
58.7999999999979 157 57 1.30019426229508 3.32254344262295
59.8166666666646 156 58 1.52730491803279 3.22649016393443
60.8333333333312 155 58 1.45552131147541 2.91779672131148
61.8499999999978 154 58 1.30843114754098 3.35535573770492
64.8999999999976 154 56 1.28759672131148 3.01957431693989
66.9333333333308 154 55 1.19855737704918 3.18729754098361
67.9499999999974 153 55 1.31143606557377 3.74452295081967
68.966666666664 152 56 1.32853442622951 3.58021147540984
69.9833333333306 152 55 1.36451639344262 4.42603606557377
70.9999999999973 151 55 1.10523114754098 8.13826065573771
72.0166666666639 151 54 1.33611147540984 9.02740655737705
73.0333333333305 150 53 1.2214606557377 7.43876393442623
74.0499999999971 150 52 1.21486721311475 5.33097540983607
75.0666666666637 149 53 1.23491639344262 5.55169180327869
77.0999999999969 149 52 1.27320573770492 5.62819754098361
78.1166666666635 149 51 1.25084098360656 6.75979016393443
81.1666666666633 147 52 1.3053 4.14015409836066
82.18333333333 145 53 1.54349672131148 3.93544754098361
90.3166666666628 145 52 1.61537889344262 4.0427643442623
91.3333333333294 144 53 1.70534262295082 4.88005409836066
93.3666666666627 143 53 1.54487868852459 4.99506967213115
94.3833333333293 142 54 1.87819180327869 3.92178032786885
95.3999999999959 142 53 1.45768524590164 4.7684131147541
97.4333333333291 141 54 1.53012704918033 9.42304672131148
98.4499999999957 139 55 1.38200163934426 12.7155213114754
100.483333333329 138 56 1.59437213114754 10.855687704918
101.499999999996 137 57 1.55152295081967 5.17650983606557
102.516666666662 136 58 2.19095409836066 5.45412786885246
103.533333333329 135 59 1.68077868852459 6.49225409836066
105.566666666662 135 58 1.57674262295082 6.99260573770492
106.583333333329 134 59 2.33912295081967 10.8103032786885
107.599999999995 133 60 2.06695737704918 10.6049557377049
110.649999999995 132 60 2.2118 8.06452786885246
113.699999999995 131 60 2.24231803278689 7.66389508196721
128.933333333328 131 59 2.08881214442013 5.88037746170678
131.93333333333 130 60 1.81240166666667 4.50580444444444
137.933333333335 130 59 1.52057888888889 9.43710222222222
138.933333333336 129 59 1.087545 10.21939
141.933333333338 128 59 0.982194999999999 4.38312055555556
143.93333333334 127 59 0.95879 1.86366166666667
151.933333333346 127 58 1.00086625 1.67087291666667
153.933333333348 126 59 0.985430833333333 1.092195
160.933333333354 125 59 0.981685476190476 0.993006904761905
162.933333333355 125 58 0.990734166666667 0.865350833333333
167.933333333359 124 58 0.999657666666666 0.945386333333333
173.933333333364 123 59 1.01943555555556 1.2024875
177.933333333367 123 58 0.9904 2.48293708333333
179.933333333369 121 59 0.9932075 0.807090833333333
181.93333333337 120 60 0.956645 0.788771666666667
183.933333333372 119 61 0.956556666666667 0.778958333333333
186.933333333374 118 61 0.967596666666667 0.798378888888889
190.933333333377 118 60 0.950413333333334 0.860312916666667
193.93333333338 117 61 0.956205 0.865993333333333
197.933333333383 117 59 0.92842375 0.9649625
198.933333333384 115 60 0.958076666666667 1.15798666666667
200.933333333385 114 61 0.944131666666666 0.965393333333333
202.933333333387 113 62 0.9454925 0.9453975
203.933333333388 113 60 0.919921666666667 0.757455
205.933333333389 112 60 1.36287416666667 0.934430833333333
207.933333333391 110 60 0.896841666666667 0.8779
208.933333333392 109 60 1.27057833333333 0.96432
209.933333333393 107 62 0.869948333333333 0.982578333333333
211.933333333394 105 64 0.917279166666667 0.779281666666667
212.933333333395 103 66 0.81186 0.979143333333333
217.933333333399 103 65 0.823402 0.821468
228.933333333408 102 66 0.84115878787879 0.799078939393939
233.933333333412 100 67 0.818442666666667 1.34018333333333
235.933333333413 99 68 0.804089166666666 1.4350925
237.933333333415 98 69 0.822068333333333 1.91208333333333
242.933333333419 97 68 0.811466 2.874539
246.933333333422 96 69 0.809750416666666 2.68197708333333
249.933333333424 94 69 0.785258888888889 2.646535
252.933333333427 93 70 0.745616111111111 1.99091055555556
260.000000000092 92 71 0.735462264150944 1.76665990566038
262.033333333424 91 72 0.724654098360656 1.53157131147541
263.050000000089 90 72 0.734390163934426 1.39826393442623
270.16666666675 90 71 0.718296487119438 1.67876768149883
274.233333333413 89 72 0.71839631147541 1.37563032786885
279.316666666741 88 72 0.708604262295082 1.39755475409836
283.383333333404 87 72 0.70888606557377 1.38181065573771
285.416666666736 86 72 0.699163114754099 1.44240901639344
293.550000000062 86 71 0.654101024590163 1.46725573770492
295.583333333393 85 72 0.659103278688525 1.38986885245902
296.600000000059 84 73 0.746301639344262 1.41643442622951
300.666666666722 83 74 0.655139754098361 1.39940819672131
302.700000000053 82 75 0.64600737704918 1.3761368852459
307.783333333382 81 76 0.645564918032787 1.38062655737705
309.816666666714 80 77 0.619200819672131 1.36269590163934
310.833333333379 78 79 0.618388524590164 1.36270983606557
321.000000000037 77 80 0.61825655737705 1.41561065573771
323.033333333368 76 81 0.614717213114754 1.41429180327869
324.050000000034 75 82 0.611880327868852 1.45047868852459
330.150000000028 74 83 0.615448087431694 1.4206262295082
336.250000000023 73 84 0.619584153005464 1.42167677595628
345.400000000015 72 85 0.596928415300547 1.37897832422587
349.466666666678 72 84 0.578714754098361 1.37954057377049
350.483333333343 71 85 0.571627868852459 1.3901393442623
359.633333333335 70 86 0.56474189435337 1.36539581056466
374.883333333321 70 85 0.563778907103824 1.32826404371585
397.249999999967 69 86 0.58795 1.33411594634873
405.383333333293 68 87 0.557708196721311 1.05429836065574
422.666666666611 67 87 0.54591350048216 0.753734426229508
431.816666666603 67 85 0.540797632058286 0.754541712204007
445.033333333257 67 84 0.534663303909206 0.745144010088272
509.083333333199 66 84 0.562193182409577 0.753446109810044
513.149999999862 65 84 0.54664262295082 0.738393032786885
526.366666666517 64 84 0.539105170239596 0.739471626733922
542.633333333168 64 83 0.533452663934426 0.743982991803279
600 64 83 0.58763341961461 0.752897584124245
