# New log 28/04/2014 01:58:08
1 192 64 4.94862166666667 1.58026666666667
3.03333333333333 192 63 3.67462786885246 1.08149098360656
4.04999999999999 192 61 3.69974918032787 0.819301639344262
5.06666666666665 191 56 3.49075737704918 0.7284
6.08333333333332 188 55 3.15421967213115 0.688477049180328
7.09999999999998 186 56 3.07558524590164 0.501862295081967
8.09999999999998 184 56 5.18608666666667 0.879226666666667
9.10000000000003 184 55 5.36284833333333 1.07475833333333
10.1000000000001 183 55 5.59421833333333 1.08473166666667
12.1000000000002 182 54 5.41618916666667 1.19809166666667
13.1000000000002 182 53 5.655715 0.801605
14.1000000000003 181 54 6.9865 1.23585
15.1000000000003 181 53 6.04450166666667 1.39030166666667
16.1000000000004 180 53 5.24360833333333 1.00950166666667
17.116666666667 179 51 6.77752459016394 1.0396737704918
19.1500000000002 177 51 5.25760655737705 0.622581967213115
20.1666666666668 177 50 6.07695573770492 1.00556065573771
21.1833333333334 177 49 4.63100819672131 0.80634262295082
22.2 174 50 5.45473278688525 1.62208360655738
23.2166666666666 173 51 6.34068524590164 1.64981475409836
24.2333333333332 173 50 5.18846721311476 0.75825737704918
25.2499999999998 171 52 5.26420163934426 0.823029508196721
26.2666666666665 170 50 5.68047540983607 1.14643114754098
27.2833333333331 169 51 4.92011803278688 1.06362131147541
28.2999999999997 167 51 5.25207049180328 1.25432459016393
29.3166666666663 166 52 6.16039180327869 1.17907540983607
30.3333333333329 165 51 4.95351803278688 1.00147213114754
31.3499999999995 165 50 6.34571147540983 0.593314754098361
33.3833333333327 163 50 5.51873606557377 0.650670491803279
34.3999999999993 162 51 5.3216393442623 0.70117868852459
35.4166666666659 162 50 5.84206721311476 1.20108852459016
36.4333333333325 162 48 5.78565737704918 0.672619672131148
37.4499999999992 159 50 4.91329180327869 0.722713114754098
40.499999999999 158 49 4.19689180327869 0.568937704918033
42.5333333333322 156 50 3.39757704918033 0.319236065573771
43.5499999999988 156 49 5.6642868852459 0.418395081967213
46.5999999999986 154 49 4.97903114754098 0.434714207650273
47.6166666666652 151 50 4.31927540983607 0.496939344262295
51.6833333333317 150 50 3.51377991803279 0.705748770491803
53.7166666666649 150 48 3.61550983606557 1.35771147540984
59.8166666666646 149 47 3.63219535519126 1.05688278688525
61.8499999999978 147 49 3.66140655737705 0.736879508196721
62.8666666666644 146 50 4.5749131147541 1.12481803278689
64.8999999999976 145 51 3.1450737704918 1.10877786885246
68.966666666664 145 50 3.16365737704918 1.33779344262295
70.9999999999973 144 51 3.26366967213115 1.63038278688525
73.0333333333305 143 52 2.94730737704918 1.52446557377049
74.0499999999971 143 51 3.06384426229508 2.01697213114754
77.0999999999969 141 51 3.09002732240437 2.27651857923497
79.1333333333301 141 49 3.36242295081967 2.70723360655738
85.2333333333298 140 50 3.39951612021858 2.44842322404372
87.266666666663 140 49 3.3486868852459 1.95372540983607
89.2999999999962 139 50 2.99366967213115 1.43774098360656
97.4333333333291 138 50 3.45899262295082 1.67332110655738
98.4499999999957 137 50 3.46297704918033 2.25589508196721
100.483333333329 137 49 2.88376803278689 1.83549672131148
101.499999999996 137 47 2.87655901639344 1.99443114754098
104.549999999995 137 46 2.84534808743169 3.0639693989071
115.733333333328 136 47 2.89246467958271 1.55318390461997
117.766666666661 136 46 2.67325163934426 2.14285819672131
118.783333333328 136 44 2.87007049180328 2.61192950819672
119.799999999994 135 45 2.89355409836066 2.83320983606557
120.816666666661 134 45 2.647 2.44290491803279
125.899999999994 133 45 2.78132524590164 4.04854819672131
126.916666666661 133 44 3.48761639344262 4.26890655737705
139.933333333337 133 43 2.86507836107555 2.79926056338028
141.933333333338 132 43 3.97694916666667 0.285068333333333
143.93333333334 131 43 3.65317166666667 0.390155833333333
144.933333333341 131 42 2.58267 0.117091666666667
145.933333333342 130 43 2.480545 0.094235
146.933333333342 130 42 4.07988166666667 0.132656666666667
153.933333333348 130 41 3.27087380952381 0.123654523809524
162.933333333355 129 42 4.21920462962963 0.28840462962963
172.933333333363 129 41 2.29221033333333 1.09795083333333
173.933333333364 129 40 2.04707833333333 0.816803333333333
174.933333333365 128 40 1.867185 0.736066666666667
175.933333333365 127 41 1.816395 1.07498833333333
176.933333333366 126 41 1.80498833333333 0.98288
177.933333333367 125 41 1.74714 1.82071
183.933333333372 125 40 1.82822944444445 1.06596666666667
187.933333333375 124 41 2.90343875 1.15098458333333
188.933333333376 124 40 3.05951 0.933881666666667
203.933333333388 123 41 2.03251866666667 3.10355744444444
204.933333333389 122 41 1.78038 4.86368666666667
206.93333333339 121 40 1.8174025 5.54502333333333
207.933333333391 120 40 1.83856333333333 5.55807333333333
218.9333333334 119 41 1.74218424242424 2.66938984848485
231.93333333341 118 41 1.63448397435898 0.505026538461538
232.933333333411 117 42 1.63051 0.0373233333333333
244.93333333342 116 43 1.55205875 0.0504545833333333
256.950000000095 116 42 1.55816435506241 0.0460821081830791
291.51666666673 116 41 1.56126094503375 0.047674831243973
314.900000000042 115 42 1.67143692088382 0.113442765502495
323.033333333368 115 41 1.54775717213115 0.0355272540983607
328.116666666697 115 40 1.48591114754098 0.0218783606557377
335.233333333357 114 41 1.5308206088993 0.0448444964871194
342.350000000017 113 41 1.48490140515223 0.0289709601873536
386.066666666644 112 42 1.49458795272589 0.0734850552802135
387.08333333331 112 41 1.46553770491803 0.0710065573770492
393.183333333304 111 42 1.47563879781421 0.0423229508196721
426.733333333274 110 43 1.47137834078489 0.0336062096373572
428.766666666605 109 43 1.40420901639344 0.0212139344262295
440.966666666594 109 42 1.40621612021858 0.0381874316939891
471.466666666567 109 41 1.45136459016394 0.026278306010929
527.383333333182 109 40 1.4931062295082 0.0341688524590164
549.749999999829 109 39 1.73009143070045 0.0929102831594635
553.816666666492 108 40 1.922625 0.0474709016393443
561.949999999818 107 41 1.46063668032787 0.0536077868852459
568.049999999812 106 41 1.45665655737705 0.00968715846994535
571.099999999809 106 40 1.64026284153005 0.0549295081967213
600 106 40 1.49031187111363 0.029508366308649
