# New log 28/04/2014 02:00:53
1 192 64 2.17888 0.583901666666667
5.06666666666665 189 62 2.14010573770492 0.750318442622951
6.08333333333332 187 59 2.07077049180328 0.686237704918033
7.09999999999998 187 58 1.83504426229508 0.471152459016393
8.09999999999998 185 58 3.351575 2.99307
9.10000000000003 185 57 2.52651166666667 0.62933
10.1000000000001 180 58 2.76747 0.6755
11.1000000000001 179 58 1.95499333333333 0.554376666666667
12.1000000000002 177 60 2.02341833333333 0.603253333333333
13.1000000000002 177 59 2.575545 0.753663333333333
14.1000000000003 176 59 3.23296666666667 1.46639833333333
15.1000000000003 175 60 4.09354833333333 1.26374166666667
17.116666666667 174 60 4.27074710743802 1.30691404958678
18.1333333333336 173 60 4.92671967213115 1.33104918032787
19.1500000000002 170 60 7.17854754098361 1.40108032786885
20.1666666666668 168 61 10.6685 1.29638852459016
22.2 168 60 10.8375262295082 0.972473770491803
23.2166666666666 167 60 8.60277704918033 0.878104918032787
24.2333333333332 166 59 5.41389016393443 2.81120655737705
25.2499999999998 164 60 4.13679836065574 0.86594262295082
26.2666666666665 164 59 3.49576721311475 0.52445737704918
28.2999999999997 162 60 5.71361065573771 0.799204098360656
29.3166666666663 161 58 5.23671475409836 0.864788524590164
30.3333333333329 159 59 4.96014590163934 0.853
31.3499999999995 157 61 5.87754590163934 0.786736065573771
32.3666666666661 157 60 5.72712295081967 0.874865573770492
33.3833333333327 155 62 5.54639344262295 0.760659016393443
34.3999999999993 155 61 5.11466065573771 0.789208196721311
35.4166666666659 154 61 5.85804262295082 0.698455737704918
36.4333333333325 153 62 5.03911967213115 0.722995081967213
37.4499999999992 152 61 3.75978196721312 0.814136065573771
38.4666666666658 151 61 2.70164590163934 0.488090163934426
39.4833333333324 150 61 3.43663278688525 0.523003278688525
40.499999999999 150 60 3.35633606557377 0.672654098360656
41.5166666666656 150 59 3.02554918032787 1.01158360655738
42.5333333333322 150 58 3.88740819672131 0.930996721311475
45.583333333332 148 60 2.54626229508197 0.370860109289617
46.5999999999986 147 59 2.20861147540984 0.258939344262295
48.6333333333319 147 58 2.10440327868853 0.33374262295082
50.6666666666651 147 56 2.26899672131148 0.417423770491803
52.6999999999983 147 54 2.29257459016393 1.78934426229508
54.7333333333315 146 55 4.1035368852459 1.75326065573771
55.7499999999981 146 54 6.13273278688525 3.91528852459016
58.7999999999979 144 55 3.69345792349727 1.23345573770492
61.8499999999978 143 55 2.92777431693989 1.36508633879781
64.8999999999976 142 56 2.23728961748634 2.19209617486339
66.9333333333308 141 56 2.40094180327869 3.00360737704918
67.9499999999974 139 56 2.37625409836066 4.22254262295082
69.9833333333306 139 55 2.07131557377049 4.16354508196721
70.9999999999973 138 56 2.49370491803279 2.6114131147541
72.0166666666639 138 55 2.41754098360656 2.98462295081967
73.0333333333305 138 54 2.5693737704918 3.4310393442623
75.0666666666637 138 53 2.4481737704918 2.44430081967213
77.0999999999969 136 54 2.21217049180328 1.32501639344262
81.1666666666633 136 53 3.88594836065574 1.72317909836066
83.1999999999966 135 54 2.30126803278689 1.63189508196721
84.2166666666632 135 53 1.93505081967213 1.58579016393443
87.266666666663 134 53 1.85727431693989 1.48855737704918
88.2833333333296 134 52 2.42617704918033 1.23787868852459
89.2999999999962 133 52 2.2228737704918 1.08151967213115
94.3833333333293 132 53 2.09382721311475 1.42137081967213
97.4333333333291 131 54 1.79820218579235 3.52875081967213
98.4499999999957 130 54 1.77256557377049 3.5683393442623
99.4666666666623 128 56 1.48969836065574 4.03962131147541
100.483333333329 128 55 1.95069016393443 4.78201639344262
103.533333333329 128 54 2.91361967213115 1.66175956284153
109.633333333328 127 55 1.98791857923497 2.01452841530055
110.649999999995 127 54 1.33915901639344 2.27394262295082
112.683333333328 126 54 1.37803852459016 2.17002868852459
114.716666666661 125 54 1.45030655737705 2.52839918032787
127.933333333327 124 55 1.9587817150063 2.71210668348045
129.933333333329 123 56 1.19118583333333 2.17218916666667
130.93333333333 122 57 1.65187166666667 2.075255
131.93333333333 121 57 1.01488333333333 2.28837833333333
132.933333333331 120 56 1.39346833333333 3.04879833333333
133.933333333332 120 55 1.058315 3.69996833333333
134.933333333333 119 56 1.06532 4.36169333333333
135.933333333334 118 57 1.012805 4.99240333333333
137.933333333335 117 56 1.0165725 5.68383166666667
142.933333333339 116 57 1.33309066666667 6.88026733333333
146.933333333342 115 58 0.99512 4.97456625
162.933333333355 114 58 1.2909315625 2.787565625
164.933333333357 114 56 0.928391666666667 4.05601
167.933333333359 114 55 0.955095555555556 4.78541055555556
171.933333333362 113 55 0.927657916666666 5.02014208333333
174.933333333365 112 56 0.926918888888889 4.77414111111111
177.933333333367 111 57 0.880861666666667 4.23351611111111
190.933333333377 110 57 0.850760641025642 2.50547525641026
194.933333333381 109 58 0.8254475 3.53315083333333
200.933333333385 108 58 0.8772475 3.49515638888889
201.933333333386 107 59 1.11657833333333 4.71362333333333
203.933333333388 106 60 1.13826833333333 1.78590666666667
206.93333333339 105 61 1.09531444444444 1.97768333333333
211.933333333394 105 60 1.13940366666667 1.98768266666667
221.933333333402 105 58 1.13345283333333 1.156282
232.933333333411 104 59 0.696099848484849 0.297885909090909
247.933333333423 103 59 0.71092488888889 0.304740444444444
256.950000000095 102 60 0.986821072088724 0.347882994454713
258.983333333426 102 59 0.67095 0.128162295081967
263.050000000089 101 60 0.688807786885246 0.183122540983607
265.083333333421 101 59 1.18268442622951 0.204432786885246
269.150000000084 100 59 0.682981557377049 0.108272131147541
271.183333333415 99 60 0.748028688524591 0.136108196721311
272.200000000081 98 60 0.657129508196721 0.0119360655737705
273.216666666747 97 60 0.616818032786885 0.0431590163934426
281.350000000073 96 61 0.94549487704918 0.134453893442623
284.40000000007 95 60 0.644644262295082 0.137996721311475
293.550000000062 94 61 0.919932969034609 0.121663387978142
352.516666666675 94 60 0.701847399660826 0.043557801017524
366.749999999995 93 61 0.586171896955503 0.00479531615925059
387.08333333331 92 61 0.572544180327868 0.00792147540983607
388.099999999976 90 62 0.576286885245901 0.00899672131147541
391.149999999973 89 62 0.594678142076503 0.00422677595628415
401.31666666663 89 61 0.605674098360656 0.0224318032786885
402.333333333296 89 60 0.705322950819672 0.0529196721311475
405.383333333293 89 59 0.71163606557377 0.0466147540983607
409.449999999956 88 60 1.53076803278689 0.0762840163934426
413.516666666619 88 59 1.30832540983607 0.0674094262295082
414.533333333285 87 60 0.573204918032787 0.000334426229508197
417.583333333282 86 61 0.554528415300546 0.0142907103825137
464.349999999906 85 62 0.530303670705631 0.00241774768353528
475.53333333323 84 63 0.531287630402385 0.00701520119225037
508.066666666533 83 64 1.04241045081967 0.173212653688525
545.683333333166 83 63 0.521367257421356 0.00744678777137794
551.78333333316 82 64 0.550144808743169 0.00448169398907104
586.349999999795 81 65 0.513997107039537 0.00142401157184185
600 81 65 0.520909718969555 0.00697728337236534
