# New log 28/04/2014 02:29:38
1 192 64 2.47614166666667 0.803755
4.04999999999999 192 63 2.55463715846994 0.61021912568306
5.06666666666665 190 62 2.56481639344262 0.366180327868852
6.08333333333332 186 61 2.04229672131148 0.618111475409836
7.09999999999998 186 57 2.48451147540984 0.468326229508197
9.10000000000003 185 57 2.47323833333333 0.583075
11.1000000000001 185 56 2.942515 0.51617
12.1000000000002 182 56 3.35368 0.599081666666667
13.1000000000002 182 53 3.47227166666667 0.348273333333333
16.1000000000004 181 52 3.488235 0.460343333333333
17.116666666667 180 53 3.35736229508197 0.433611475409836
18.1333333333336 178 52 3.51148196721312 0.574680327868852
20.1666666666668 176 53 4.64540983606557 0.543566393442623
21.1833333333334 175 52 6.20115901639344 1.05604426229508
23.2166666666666 174 53 5.29539754098361 1.18199508196721
24.2333333333332 173 52 4.3089 0.673550819672131
25.2499999999998 171 53 6.40494590163935 0.83627868852459
26.2666666666665 167 52 3.43867704918033 0.61134262295082
27.2833333333331 166 52 3.48101475409836 0.570483606557377
28.2999999999997 163 53 3.45018360655738 0.573349180327869
29.3166666666663 163 52 2.41783278688525 0.519506557377049
31.3499999999995 162 52 4.2228 1.03454918032787
32.3666666666661 159 53 5.83743770491803 1.50260491803279
33.3833333333327 159 52 3.21715081967213 0.68484262295082
34.3999999999993 158 53 2.65966065573771 0.937408196721312
35.4166666666659 158 52 3.67569672131148 0.833472131147541
37.4499999999992 156 53 3.04697950819672 1.07766147540984
41.5166666666656 156 52 2.87827213114754 1.72148073770492
42.5333333333322 155 50 1.98941147540984 1.84604754098361
43.5499999999988 153 51 2.01761147540984 1.79236229508197
45.583333333332 152 51 2.36846557377049 3.18043852459016
46.5999999999986 150 52 2.14498524590164 2.35174262295082
48.6333333333319 149 53 1.89605409836066 1.09055
50.6666666666651 147 54 1.93645737704918 0.626839344262295
52.6999999999983 145 54 1.89233032786885 0.783716393442623
53.7166666666649 144 55 2.29036229508197 0.693937704918033
54.7333333333315 141 55 1.69044426229508 0.437331147540984
57.7833333333313 141 54 2.54161912568306 0.960756284153005
60.8333333333312 141 53 2.57645027322404 1.21528961748634
63.883333333331 138 52 1.90632459016393 2.62186994535519
65.9166666666642 138 51 3.29257786885246 3.5443262295082
66.9333333333308 137 52 5.46857704918033 3.90508852459016
67.9499999999974 137 51 3.63928196721311 3.83720819672131
70.9999999999973 137 49 3.19417431693989 4.32881092896175
74.0499999999971 135 50 3.46639945355191 3.42834863387978
75.0666666666637 134 50 3.6850606557377 3.5714131147541
80.1499999999967 134 49 3.17174885245902 4.49770983606557
81.1666666666633 133 49 2.58927213114754 4.6110131147541
82.18333333333 132 49 2.71608196721311 3.36745573770492
84.2166666666632 131 49 3.44266639344262 3.08358278688525
91.3333333333294 130 49 3.42446065573771 2.79506206088993
99.4666666666623 129 50 1.40374487704918 3.06830778688525
103.533333333329 129 49 1.3325131147541 2.99999590163934
105.566666666662 128 49 1.26987131147541 3.54544098360656
112.683333333328 127 50 2.37948805620609 2.6081887587822
119.799999999994 126 50 1.23801147540984 1.89506885245902
128.933333333328 125 50 0.931162773722627 1.19678540145985
133.933333333332 123 52 1.04345333333333 0.904774666666667
134.933333333333 123 51 0.864701666666667 1.06592666666667
136.933333333334 122 51 0.982258333333334 1.63381916666667
137.933333333335 122 50 0.946886666666667 2.28154833333333
141.933333333338 121 50 0.930854166666667 2.6369575
147.933333333343 120 51 1.2285575 1.19834388888889
155.93333333335 119 50 1.35726083333333 0.549946875
156.93333333335 118 49 0.855506666666667 0.5572
157.933333333351 117 50 0.870786666666667 0.823493333333333
161.933333333354 116 51 1.36818708333333 0.755555
162.933333333355 115 51 0.8732 0.448721666666667
167.933333333359 114 51 0.924273999999999 0.543052333333333
168.93333333336 113 52 0.794345 0.768908333333333
170.933333333362 111 54 0.802041666666667 1.04164666666667
171.933333333362 111 53 0.947943333333333 1.099305
172.933333333363 110 53 1.74765333333333 1.07999833333333
173.933333333364 109 54 5.11006833333333 1.15966666666667
175.933333333365 108 55 1.06849416666667 1.14769916666667
177.933333333367 107 56 0.869854166666667 0.966085833333333
180.933333333369 106 57 1.01632277777778 1.14245833333333
182.933333333371 105 58 1.97731416666667 1.57145916666667
186.933333333374 104 57 1.84356333333333 0.315638333333333
190.933333333377 103 58 3.33702125 0.684655
192.933333333379 102 59 4.12176083333333 0.848240833333333
195.933333333381 101 59 2.75134944444444 0.507838888888889
197.933333333383 101 58 0.674551666666667 0.0155025
203.933333333388 100 57 0.707994166666666 0.0576075
205.933333333389 100 56 0.7026975 0.0214625
208.933333333392 98 57 0.794661111111111 0.0550927777777778
213.933333333396 97 58 0.800286333333334 0.0504643333333333
214.933333333397 96 59 0.598128333333333 0.00306333333333333
216.933333333398 96 57 0.609120833333333 0.001105
226.933333333406 95 57 0.681853833333333 0.0320731666666667
227.933333333407 94 58 0.598933333333333 0.0169333333333333
232.933333333411 93 59 0.641509333333333 0.0276566666666667
233.933333333412 92 59 2.00927333333333 0.11968
236.933333333414 90 60 0.651115 0.079355
242.933333333419 87 62 0.6439075 0.0383905555555556
245.933333333421 86 63 0.538214444444445 0.145676111111111
247.933333333423 86 62 0.534175833333333 0.123036666666667
256.950000000095 86 61 0.546212939001848 0.0385593345656192
263.050000000089 85 61 0.679106284153005 0.0613811475409836
264.066666666755 85 60 0.729326229508197 0.0120393442622951
266.100000000087 84 60 0.63779262295082 0.0140696721311475
268.133333333418 84 59 0.618004918032787 0.0328991803278689
271.183333333415 84 58 0.625306557377049 0.00692185792349727
277.28333333341 84 57 0.557941530054645 0.026881693989071
281.350000000073 83 58 0.552500409836066 0.0167454918032787
285.416666666736 82 59 0.553307377049181 0.0104946721311475
286.433333333401 81 59 0.529922950819672 0.0058983606557377
295.583333333393 80 60 0.797892349726776 0.0407349726775956
298.63333333339 79 61 0.505469945355191 0.000690163934426229
316.933333333374 78 62 0.50074344262295 0.0572493624772313
322.016666666702 77 63 0.490943934426229 0.00908754098360656
327.100000000031 77 62 0.485492786885246 0.0308298360655738
361.666666666666 76 63 0.495739247830279 0.0453815332690453
364.716666666664 76 62 0.474738797814208 0.000313661202185792
376.916666666653 76 61 0.484134699453552 0.0205415300546448
386.066666666644 75 61 0.50441985428051 0.00557905282331512
396.233333333302 74 62 0.66979606557377 0.0137413114754098
399.283333333299 73 62 0.794020765027322 0.0163032786885246
405.383333333293 73 61 0.493660382513661 0.00581120218579235
414.533333333285 72 62 0.488635154826958 0.00276539162112933
417.583333333282 71 63 0.455907103825136 0.0012655737704918
463.333333333241 71 62 0.441294353369763 0.0021232422586521
488.749999999884 70 62 0.479688131147541 0.00536983606557377
489.76666666655 69 63 0.504952459016394 0.00236229508196721
493.833333333213 69 62 0.483800819672131 0.0301606557377049
496.88333333321 69 61 0.45653825136612 0.00301693989071038
506.033333333202 69 60 0.492516211293261 0.3421970856102
507.049999999868 68 61 0.449011475409836 0.000172131147540984
521.283333333188 68 60 0.46928056206089 0.017435831381733
523.316666666519 68 59 0.483843442622951 0.00642622950819672
527.383333333182 67 60 0.481343852459016 0.00575737704918033
532.466666666511 66 61 0.472145245901639 0.00648885245901639
533.483333333177 66 60 0.447059016393443 0.000181967213114754
566.016666666481 65 61 0.60068519467213 0.143000819672131
567.033333333146 64 61 0.421011475409836 0.000201639344262295
575.166666666472 63 62 0.432375204918032 0.000709631147540984
587.366666666461 62 63 0.416898907103825 0.000829781420765027
600 62 63 0.415849684741488 0.00762547288776797
