# New log 28/04/2014 02:21:56
1 192 64 2.10190166666667 10.518285
3.03333333333333 192 63 1.52215573770492 1.12413032786885
4.04999999999999 189 64 1.8712262295082 2.05384754098361
5.06666666666665 188 64 3.25742950819672 4.67605245901639
6.08333333333332 187 65 2.42267213114754 2.80242131147541
8.09999999999998 187 63 2.00075041322314 3.27592066115703
9.10000000000003 185 64 1.19239 2.71805
11.1000000000001 184 63 1.72435 2.8357025
13.1000000000002 181 64 1.22084583333333 0.991084166666667
15.1000000000003 181 62 2.0600325 1.09980666666667
16.1000000000004 179 62 1.33981166666667 0.857326666666667
17.116666666667 179 61 1.32861967213115 1.25705737704918
18.1333333333336 179 60 1.66468032786885 1.23364754098361
20.1666666666668 178 58 1.39659754098361 1.28511065573771
21.1833333333334 177 59 1.18238196721311 1.25336229508197
23.2166666666666 176 58 1.33212295081967 2.53194836065574
25.2499999999998 175 58 1.70133278688525 1.44039180327869
26.2666666666665 174 57 1.28840655737705 1.41623770491803
27.2833333333331 174 56 1.9140393442623 1.70475245901639
28.2999999999997 173 56 1.77930491803279 1.98084098360656
30.3333333333329 171 57 1.41995737704918 0.560502459016394
31.3499999999995 169 57 1.30311967213115 1.09193770491803
32.3666666666661 168 57 1.72506557377049 2.62321639344262
34.3999999999993 168 56 1.43275573770492 2.58916721311475
35.4166666666659 167 57 1.33349016393443 1.67337213114754
36.4333333333325 167 56 2.15330655737705 1.09156229508197
38.4666666666658 166 54 1.26593278688525 0.435355737704918
39.4833333333324 166 52 1.24278852459016 3.87773278688525
41.5166666666656 165 52 1.41631147540984 8.65289016393443
43.5499999999988 164 53 1.33586475409836 11.3832147540984
44.5666666666654 163 54 1.49213278688525 10.9272573770492
45.583333333332 162 55 1.47139672131148 11.3934049180328
49.6499999999985 161 55 1.44162131147541 11.0778131147541
51.6833333333317 161 54 1.40801393442623 10.1316467213115
53.7166666666649 160 55 1.63388606557377 11.1704778688525
54.7333333333315 160 54 2.18049016393443 10.8722360655738
55.7499999999981 158 55 1.92177049180328 11.4094557377049
56.7666666666647 158 54 1.41795737704918 10.8746721311475
57.7833333333313 157 53 1.8461131147541 10.939362295082
60.8333333333312 157 52 1.67307322404372 10.9477081967213
61.8499999999978 157 51 1.33666885245902 10.9468049180328
62.8666666666644 155 52 1.25259836065574 11.5473032786885
64.8999999999976 154 51 1.14676557377049 11.4086393442623
65.9166666666642 154 50 1.17704098360656 11.784262295082
66.9333333333308 153 50 1.32497213114754 11.1543918032787
68.966666666664 152 51 1.22442131147541 10.7643926229508
72.0166666666639 151 52 1.22024699453552 10.7081366120219
73.0333333333305 151 51 1.20689016393443 10.5357081967213
75.0666666666637 151 49 1.24994590163935 10.2388491803279
76.0833333333303 150 49 1.17439016393443 11.0799672131148
78.1166666666635 149 49 1.65008114754098 10.5279508196721
80.1499999999967 148 50 1.14975655737705 10.5116483606557
86.2499999999964 148 49 1.58451393442623 11.1243734972678
87.266666666663 147 50 1.98405409836066 10.7721163934426
88.2833333333296 146 50 1.95275409836066 11.0938459016393
89.2999999999962 145 51 1.79630327868852 10.4362606557377
90.3166666666628 144 50 1.91826885245902 10.110062295082
91.3333333333294 143 50 1.65580819672131 10.2931557377049
97.4333333333291 143 49 1.75897349726776 10.429568852459
106.583333333329 143 48 1.77251129326047 9.78369162112933
107.599999999995 142 48 1.17959836065574 9.61136065573771
110.649999999995 141 49 1.42674863387978 11.1318617486339
113.699999999995 141 48 1.51980054644809 11.5242715846995
114.716666666661 140 49 1.32750327868852 14.0786672131148
116.749999999995 139 50 1.38226967213115 11.8286360655738
118.783333333328 139 49 1.43865 11.1668229508197
123.866666666661 138 49 1.36687442622951 10.6282691803279
128.933333333328 137 50 1.12695690789474 10.6594914473684
135.933333333334 136 50 1.14599 10.246679047619
136.933333333334 135 50 1.12513166666667 10.35637
137.933333333335 135 49 1.07327666666667 9.99493833333333
139.933333333337 135 48 1.03249166666667 12.2433308333333
140.933333333338 134 49 1.00609833333333 12.3602583333333
141.933333333338 133 50 1.08755333333333 11.8864316666667
142.933333333339 132 51 1.04012 11.1573583333333
143.93333333334 132 50 1.07336333333333 11.1355
146.933333333342 131 51 1.04641111111111 10.3971705555556
150.933333333346 131 50 1.01378541666667 11.3778233333333
151.933333333346 130 50 0.967166666666667 10.7351433333333
154.933333333349 130 49 0.978974444444445 11.4487805555556
163.933333333356 130 48 1.00475203703704 12.5788437037037
167.933333333359 129 49 1.15578 9.25337708333333
172.933333333363 128 50 2.32530766666667 4.84604233333333
175.933333333365 127 51 0.943009444444445 3.69739444444444
183.933333333372 126 52 0.938699583333333 3.17545
185.933333333373 125 53 0.94012 3.7091525
192.933333333379 124 54 1.00464261904762 1.72565380952381
195.933333333381 123 54 1.13552111111111 1.68966944444444
196.933333333382 121 55 1.004775 1.32067833333333
197.933333333383 120 55 1.0427 1.47518
198.933333333384 118 56 1.04811 1.610225
200.933333333385 117 57 1.08317166666667 1.94560083333333
202.933333333387 117 56 1.02613333333333 1.31907083333333
206.93333333339 116 57 1.13865375 1.0234625
207.933333333391 115 55 0.929833333333333 1.09808666666667
209.933333333393 114 56 0.964106666666667 1.25996083333333
210.933333333393 113 57 0.85496 1.364445
212.933333333395 112 58 1.49430166666667 1.67838416666667
217.933333333399 112 57 0.837432333333333 2.03540733333333
234.933333333412 111 58 0.862198137254901 2.82839441176471
238.933333333416 110 59 0.85954375 2.52253916666667
239.933333333416 109 60 0.862116666666667 2.59174666666667
244.93333333342 108 61 0.849137666666667 3.02060933333333
249.933333333424 107 61 0.850392 2.85107433333333
257.966666666761 105 62 0.789355186721991 2.02177925311203
260.000000000092 104 62 0.749881967213115 1.23547295081967
267.116666666752 103 63 0.777014754098361 1.76249414519906
268.133333333418 101 64 0.863826229508197 2.23175081967213
274.233333333413 100 65 0.794326502732241 1.12984207650273
278.300000000076 99 66 0.765118032786885 1.42626803278689
279.316666666741 99 65 0.799750819672131 1.9236393442623
280.333333333407 98 66 0.834813114754098 2.02120327868852
284.40000000007 97 67 0.776111885245902 2.1917
286.433333333401 96 68 0.762727049180328 2.18589180327869
290.500000000064 95 69 0.767402868852459 2.50933565573771
297.616666666725 94 70 0.779129274004684 2.99154730679157
300.666666666722 93 71 0.726909836065573 1.35314371584699
302.700000000053 92 71 0.707663114754098 1.31938360655738
305.750000000051 91 72 0.719536612021858 1.34867486338798
314.900000000042 90 73 0.708758469945356 1.35866630236794
319.983333333371 89 74 0.763120983606558 1.40648065573771
343.366666666683 88 75 0.688197077690662 1.38149280114041
353.53333333334 87 75 0.669227213114754 1.48174704918033
361.666666666666 87 74 0.660094467213115 1.45980717213115
388.099999999976 86 74 0.674710718789408 1.90499861286255
390.133333333307 86 73 0.656359836065574 2.06252868852459
416.566666666616 85 74 0.717995901639344 1.14568518284994
418.599999999948 85 73 0.707095081967213 0.597180327868853
446.049999999923 84 74 0.651599392835457 0.293828233151184
447.066666666589 83 74 0.643634426229508 0.134240983606557
460.283333333243 83 73 0.643144640605296 0.136827238335435
474.516666666564 82 73 0.62438243559719 0.242687704918033
477.566666666561 82 72 0.624936612021858 0.539046994535519
480.616666666558 81 73 0.631524043715847 0.527781420765027
502.983333333205 81 72 0.619672429210134 0.536091356184799
506.033333333202 80 72 0.677400546448088 0.724274316939891
507.049999999868 79 72 0.617316393442623 0.660332786885246
514.166666666528 79 71 0.592110070257612 0.696714285714286
600 79 71 0.591269585342334 0.648947849566056
