# New log 28/04/2014 02:25:36
1 192 64 5.71726 1.97062833333333
3.03333333333333 191 65 3.49285491803279 0.347123770491803
4.04999999999999 191 61 4.82124590163934 0.612373770491803
5.06666666666665 190 59 4.83817704918033 0.864891803278689
6.08333333333332 189 57 5.47084426229508 0.587647540983607
9.10000000000003 187 55 4.24369281767956 0.88088729281768
10.1000000000001 187 52 4.67045833333333 1.29786666666667
11.1000000000001 186 52 4.551355 0.63419
12.1000000000002 186 49 3.904565 0.495368333333333
14.1000000000003 183 46 4.64124916666667 0.620890833333333
15.1000000000003 183 45 3.51634333333333 0.689776666666667
16.1000000000004 183 44 3.82701333333333 0.58151
17.116666666667 181 44 3.53492459016394 0.338070491803279
22.2 180 43 3.85543344262295 0.491389508196721
23.2166666666666 180 40 5.16481147540984 0.738575409836066
24.2333333333332 180 39 3.41766885245902 0.329847540983607
25.2499999999998 178 40 3.48631967213115 0.414716393442623
26.2666666666665 177 41 3.42810491803279 0.285268852459016
27.2833333333331 176 40 3.33423770491803 0.429132786885246
28.2999999999997 176 39 3.51317540983607 0.86687868852459
30.3333333333329 175 39 4.14134344262295 0.86493606557377
32.3666666666661 175 38 3.81857868852459 1.90973770491803
36.4333333333325 174 39 3.46485327868852 2.15803073770492
39.4833333333324 171 41 4.64617431693989 2.1662912568306
40.499999999999 170 41 3.93534426229508 1.63511475409836
43.5499999999988 169 40 5.17111147540983 1.31823005464481
44.5666666666654 167 40 5.74418196721312 1.07874426229508
47.6166666666652 167 39 5.88945683060109 1.82552021857924
50.6666666666651 167 38 5.58464098360656 1.91954808743169
51.6833333333317 166 39 6.00064918032787 1.5239131147541
52.6999999999983 166 36 6.63755901639344 1.86536229508197
53.7166666666649 166 34 5.87572295081967 1.84721147540984
54.7333333333315 165 35 5.04928032786885 2.80492295081967
58.7999999999979 165 34 6.48667827868853 2.63552418032787
63.883333333331 164 33 5.60000229508197 3.22683147540984
66.9333333333308 164 32 6.75469945355192 4.81943606557377
69.9833333333306 163 32 6.01118415300546 4.92643442622951
70.9999999999973 162 32 5.50116721311476 5.18683278688525
72.0166666666639 161 32 4.5364131147541 5.52031639344262
77.0999999999969 161 31 5.57470786885246 5.0826131147541
79.1333333333301 160 32 5.01422049180328 5.77319508196721
81.1666666666633 160 31 5.22782049180328 5.79617786885246
82.18333333333 160 30 4.81151803278689 5.57994590163934
83.1999999999966 159 30 4.80851803278688 5.74088196721311
86.2499999999964 158 31 5.0287087431694 5.61305956284153
91.3333333333294 157 31 3.16989901639345 3.38341639344262
93.3666666666627 156 32 2.80782540983606 4.04055655737705
99.4666666666623 155 32 3.17309617486339 3.84377404371585
101.499999999996 154 33 3.1883762295082 3.58030163934426
104.549999999995 154 32 3.30522459016393 2.67551038251366
108.616666666662 154 31 2.90891680327869 2.02519467213115
109.633333333328 153 30 2.85260491803279 1.87856721311475
110.649999999995 152 31 2.77007868852459 2.05455245901639
114.716666666661 151 32 2.71501270491803 1.99073278688525
116.749999999995 150 32 2.64806393442623 2.52156065573771
118.783333333328 148 33 2.59218770491803 2.98600655737705
122.849999999994 148 32 2.92458237704918 2.85889795081967
124.883333333328 148 31 2.38727704918033 3.86105737704918
125.899999999994 147 32 2.53253770491803 4.03164590163934
127.933333333327 146 33 2.52951885245902 3.92045163934426
134.933333333333 145 34 2.51087523809524 3.29805880952381
136.933333333334 144 34 2.383385 3.05073166666667
148.933333333344 143 35 2.44497402777778 2.53918263888889
149.933333333345 142 35 2.42710833333333 3.10087
157.933333333351 142 34 2.54893770833333 2.04102625
158.933333333352 141 35 2.64946666666667 2.053205
160.933333333354 140 36 2.77226166666667 1.54966333333333
168.93333333336 139 36 2.25515708333334 1.50359041666667
170.933333333362 137 36 2.2948425 1.80565666666667
172.933333333363 137 35 2.17121416666667 1.76202416666667
175.933333333365 136 35 2.16474833333333 1.80883777777778
176.933333333366 136 34 2.18531166666667 1.73513
180.933333333369 136 33 2.80147208333333 1.81508208333333
201.933333333386 136 32 3.90492277777778 1.42634214285714
204.933333333389 135 32 3.89550222222222 1.50375555555556
210.933333333393 135 31 3.90544833333333 1.60751333333333
213.933333333396 135 30 4.023275 1.68976944444444
216.933333333398 135 29 3.89971666666667 1.67113166666667
227.933333333407 135 28 4.23082090909091 1.2269
236.933333333414 135 27 5.34915999999999 1.46854981481482
249.933333333424 135 26 4.51502794871795 1.70930230769231
257.966666666761 134 26 4.00735871369295 1.64108921161826
258.983333333426 134 25 4.06740655737705 1.19159344262295
261.016666666758 134 24 4.06830163934426 1.09660655737705
271.183333333415 133 24 5.25250262295081 1.49097868852459
273.216666666747 133 23 3.82854344262295 1.59988770491803
275.250000000078 133 22 3.83340081967213 1.31344016393443
297.616666666725 132 23 3.99294649776452 0.970964754098361
313.883333333377 131 24 3.83729959016394 1.25274180327869
326.083333333365 131 23 3.83918729508197 0.650788524590164
354.550000000006 131 22 3.88155421545668 0.706787646370023
366.749999999995 131 21 3.83196051912569 0.706491666666667
368.783333333327 130 22 3.87615573770492 0.736899180327869
370.816666666658 129 22 3.79946721311475 0.749368852459016
413.516666666619 128 22 3.87125468384076 0.452063661202186
421.649999999945 127 22 3.91781209016393 0.22990512295082
432.833333333268 127 21 3.79395707898659 0.274581073025335
445.033333333257 127 20 3.80606653005465 0.236711202185792
449.09999999992 127 19 3.81994139344262 0.284969262295082
485.699999999887 126 20 3.8350429417122 0.233555646630237
537.54999999984 125 21 3.79713670845388 0.238402507232401
578.216666666469 124 22 2.26263696721311 0.167683360655738
592.44999999979 123 23 2.05534929742389 0.160909484777518
600 123 23 2.03743954918033 0.159622950819672
