# New log 28/04/2014 01:14:07
1 192 64 2.20116333333333 7.33505666666667
5.06666666666665 191 65 1.71512786885246 1.05012459016393
7.09999999999998 188 66 1.80622049180328 0.800395081967213
10.1000000000001 186 66 1.65238333333333 2.69954388888889
11.1000000000001 185 67 1.73094666666667 3.13117333333333
12.1000000000002 184 68 1.67797333333333 3.08417666666667
13.1000000000002 183 69 1.333875 3.15796166666667
14.1000000000003 181 71 1.72204166666667 3.237245
16.1000000000004 181 70 1.82334833333333 3.65059916666667
17.116666666667 180 71 1.52914754098361 2.99209508196721
18.1333333333336 179 71 1.26121967213115 2.88668360655738
19.1500000000002 176 70 1.31733934426229 3.07446229508197
20.1666666666668 173 73 1.62855901639344 3.07906393442623
21.1833333333334 171 73 1.60473278688525 1.68367540983607
22.2 170 74 1.3836131147541 1.85219836065574
23.2166666666666 170 73 1.9682131147541 3.01309672131148
24.2333333333332 169 74 1.30132131147541 2.75254426229508
25.2499999999998 168 73 1.15012459016393 3.59690819672131
26.2666666666665 168 70 1.30889508196721 5.6094262295082
27.2833333333331 166 70 1.14729180327869 5.39732131147541
30.3333333333329 165 69 1.37232349726776 2.72109289617486
31.3499999999995 163 71 1.62503114754098 3.3134737704918
32.3666666666661 162 72 1.0565131147541 3.33198524590164
34.3999999999993 161 71 1.37788360655738 4.11534262295082
36.4333333333325 160 71 1.27192295081967 4.06554180327869
37.4499999999992 160 70 1.25827868852459 3.88236065573771
38.4666666666658 159 69 1.27436393442623 6.14529508196721
39.4833333333324 158 69 1.31349672131148 7.35674754098361
40.499999999999 157 68 1.25017540983607 9.88571967213115
41.5166666666656 155 69 1.64268196721312 9.19241147540984
42.5333333333322 153 68 1.49191639344262 9.94089836065574
44.5666666666654 153 67 1.47187704918033 10.0558229508197
48.6333333333319 152 66 1.60404713114754 9.39389508196721
49.6499999999985 151 67 1.52662950819672 10.5735557377049
50.6666666666651 150 68 1.41762459016393 9.73052950819672
51.6833333333317 148 70 1.23797704918033 10.0782573770492
53.7166666666649 147 71 1.50188278688525 9.41353196721312
55.7499999999981 146 71 1.40468852459016 9.60057868852459
57.7833333333313 145 71 1.47140327868852 8.44065081967213
58.7999999999979 144 71 1.45669344262295 8.34948360655738
59.8166666666646 143 72 1.44873278688525 3.58386721311475
60.8333333333312 142 73 1.37796393442623 2.28390655737705
63.883333333331 142 72 1.61129289617486 3.47171639344262
64.8999999999976 138 73 1.90073114754098 2.67771967213115
68.966666666664 137 73 2.46437049180328 3.08820081967213
69.9833333333306 136 73 1.93042786885246 2.8332737704918
76.0833333333303 134 75 1.30730901639344 6.24056666666667
79.1333333333301 133 75 1.03768142076503 4.16387759562842
85.2333333333298 133 74 0.98058087431694 1.19581120218579
87.266666666663 132 75 1.03210409836066 2.00739344262295
89.2999999999962 131 74 1.05956967213115 2.39618196721311
90.3166666666628 131 72 1.01216065573771 1.28995081967213
91.3333333333294 130 73 0.981747540983607 0.948995081967213
93.3666666666627 129 74 1.00395573770492 2.65916147540984
94.3833333333293 129 73 0.981706557377049 2.9965393442623
95.3999999999959 128 73 1.01448360655738 1.41747540983607
96.4166666666625 128 72 1.03843442622951 1.17338196721311
98.4499999999957 127 71 1.01110901639344 0.991081967213115
99.4666666666623 127 70 0.980845901639344 0.435939344262295
100.483333333329 126 70 1.25995081967213 0.713355737704918
101.499999999996 126 69 1.36778196721311 0.877898360655738
103.533333333329 125 70 1.20220409836066 0.637510655737705
107.599999999995 125 69 0.991033196721312 0.692084836065574
109.633333333328 124 70 1.03311229508197 2.66856557377049
111.666666666662 122 72 1.0482237704918 3.5722762295082
113.699999999995 121 72 1.14508114754098 3.70746229508197
115.733333333328 121 71 1.17621885245902 2.30276885245902
119.799999999994 120 71 1.10731475409836 0.733845491803279
120.816666666661 119 72 1.44094262295082 0.966190163934426
121.833333333328 119 69 0.991303278688524 1.83311967213115
122.849999999994 118 69 1.10620491803279 1.84392131147541
125.899999999994 117 69 0.983314207650273 2.40508633879781
126.916666666661 117 68 0.868660655737705 2.87639836065574
127.933333333327 116 68 0.890790163934426 2.37224262295082
137.933333333335 116 67 1.01658583333333 1.07241466666667
138.933333333336 115 67 0.930535 0.698828333333333
139.933333333337 115 66 0.938098333333333 0.691391666666667
141.933333333338 114 67 0.9286225 0.7102125
142.933333333339 112 67 1.10361666666667 0.758388333333333
145.933333333342 112 66 1.06221777777778 0.770612222222222
147.933333333343 111 66 0.8967325 0.738114166666667
149.933333333345 109 67 0.873059166666667 0.689098333333333
152.933333333347 108 68 0.882478333333333 0.750602222222222
155.93333333335 107 69 0.884383333333333 0.99716
156.93333333335 106 70 0.909315 0.988981666666667
161.933333333354 105 70 0.894994666666666 1.51388366666667
169.933333333361 104 71 0.884276666666667 1.36741645833333
173.933333333364 103 71 0.974291666666666 1.15639125
182.933333333371 102 72 0.851948148148148 1.98692462962963
184.933333333373 101 73 0.817545833333333 0.944788333333333
185.933333333373 100 73 0.807818333333334 0.932723333333333
186.933333333374 99 74 0.800418333333333 0.94365
195.933333333381 98 75 0.792176481481481 0.925227592592593
207.933333333391 97 75 0.813491666666667 0.972626944444445
209.933333333393 96 75 0.782371666666666 2.14828916666667
213.933333333396 96 74 0.761766666666667 1.47757458333333
215.933333333397 95 74 0.775581666666667 0.859566666666667
219.933333333401 94 75 0.772932083333334 0.816810416666667
246.933333333422 94 74 0.831377592592593 0.831044259259259
248.933333333424 93 74 0.742633333333334 0.741318333333333
261.016666666758 92 75 0.767591172413792 0.818080689655172
268.133333333418 91 76 0.90633606557377 0.859479391100703
269.150000000084 90 77 0.732304918032787 0.832134426229508
275.250000000078 89 77 0.721127868852459 0.804023224043716
277.28333333341 89 76 0.718397540983607 0.738322950819672
286.433333333401 88 77 0.732672313296904 0.748963023679417
296.600000000059 87 77 0.717068524590164 0.740787213114754
297.616666666725 86 78 0.7009 0.7482
301.683333333388 86 77 0.65823155737705 0.764128278688525
303.716666666719 86 76 0.602904918032787 0.748209836065574
334.216666666691 85 77 0.69848830601093 0.744735027322404
340.316666666686 84 77 0.683296448087432 0.74434781420765
341.333333333352 84 76 0.681696721311475 0.731655737704918
342.350000000017 83 77 0.673132786885246 0.738226229508197
489.76666666655 82 77 0.680543730921433 0.78668063312606
496.88333333321 82 76 0.653157611241219 0.743128103044497
508.066666666533 81 76 0.742182861400895 0.963493591654248
522.299999999854 81 75 0.648268384074941 0.751145901639344
528.399999999848 80 75 0.677739071038252 0.749854918032787
533.483333333177 79 75 0.659969180327869 0.754005573770492
595.499999999787 79 74 0.659663370061811 0.746867750604676
600 79 74 0.674509508196722 0.742310819672131
