# New log 28/04/2014 01:18:56
1 192 64 2.16076833333333 0.467606666666667
5.06666666666665 192 61 1.90284180327869 0.388935655737705
6.08333333333332 191 58 3.55257213114754 0.467872131147541
7.09999999999998 190 57 2.29991967213115 0.319667213114754
9.10000000000003 190 55 2.48021166666667 0.447686666666667
10.1000000000001 188 57 3.729125 0.615113333333333
11.1000000000001 186 58 3.74853333333333 0.724006666666667
12.1000000000002 184 58 4.04566 0.780673333333333
13.1000000000002 183 58 5.99372833333333 0.82946
14.1000000000003 182 57 7.30576666666667 1.02195833333333
15.1000000000003 180 58 5.738955 1.09634666666667
16.1000000000004 179 58 6.66761833333333 0.981285
17.116666666667 179 57 7.18404754098361 0.930839344262295
18.1333333333336 177 57 8.93044754098361 1.09727049180328
20.1666666666668 176 58 8.25394918032787 1.19466147540984
21.1833333333334 175 58 8.31089016393443 0.946326229508197
22.2 174 59 4.7314131147541 0.953547540983607
23.2166666666666 173 57 7.4719262295082 1.31566885245902
24.2333333333332 173 56 6.20150819672131 1.12209508196721
25.2499999999998 171 55 3.24059180327869 0.574972131147541
26.2666666666665 168 55 4.25414590163934 0.7116
27.2833333333331 168 54 3.90692786885246 0.705508196721311
28.2999999999997 168 53 4.74595901639344 0.713060655737705
29.3166666666663 166 53 4.87028032786885 0.638295081967213
30.3333333333329 164 53 4.61234426229508 0.481408196721311
31.3499999999995 163 53 4.69853606557377 0.372227868852459
33.3833333333327 162 52 3.77383606557377 0.405773770491803
34.3999999999993 162 50 2.64934426229508 0.351703278688525
35.4166666666659 161 50 4.05327540983607 1.97784754098361
36.4333333333325 160 50 4.55050983606557 2.50772295081967
38.4666666666658 159 51 4.80766885245902 2.13006639344262
42.5333333333322 158 52 4.63687581967213 1.93745
43.5499999999988 156 54 3.97349836065574 0.820301639344262
44.5666666666654 156 52 4.45235409836066 0.55664262295082
45.583333333332 154 52 4.02865409836066 1.50910491803279
47.6166666666652 152 53 4.26028196721312 0.555064754098361
48.6333333333319 151 54 3.6836737704918 0.814403278688525
49.6499999999985 150 53 3.86041803278689 0.941596721311475
50.6666666666651 149 54 3.91281475409836 0.898545901639344
51.6833333333317 148 54 3.46650327868852 1.25409180327869
53.7166666666649 145 55 2.1796 2.16364426229508
54.7333333333315 145 54 2.10225081967213 2.74918524590164
57.7833333333313 145 53 2.16456338797814 1.36408196721311
59.8166666666646 144 53 2.37786721311475 1.16359918032787
62.8666666666644 143 53 1.82495628415301 1.33984371584699
63.883333333331 141 55 1.94746393442623 0.991395081967213
66.9333333333308 140 56 2.62482786885246 0.689426229508197
67.9499999999974 139 55 2.86382459016394 0.703737704918033
68.966666666664 138 56 2.20025573770492 0.49924262295082
69.9833333333306 137 56 1.75099836065574 0.688659016393443
70.9999999999973 136 57 1.89111475409836 1.5806262295082
73.0333333333305 135 56 1.53588360655738 1.3686393442623
74.0499999999971 134 57 1.20792950819672 0.935308196721311
75.0666666666637 134 55 1.37425081967213 0.881375409836066
76.0833333333303 134 54 2.39485245901639 1.02889180327869
77.0999999999969 133 55 2.43454754098361 0.892118032786885
79.1333333333301 132 56 2.18079344262295 1.83880163934426
80.1499999999967 132 55 1.88415573770492 0.74354262295082
81.1666666666633 132 54 1.80345573770492 2.62543114754098
86.2499999999964 131 53 1.75403737704918 1.04017803278689
87.266666666663 130 53 1.84178524590164 0.862065573770492
88.2833333333296 128 54 2.81810491803279 1.12442295081967
93.3666666666627 126 55 2.09914393442623 0.474015409836066
94.3833333333293 125 54 4.02810163934426 0.741836065573771
104.549999999995 124 55 1.78732262295082 0.79302737704918
105.566666666662 124 53 0.968314754098361 0.80385737704918
108.616666666662 124 51 0.897556284153006 0.683633879781421
118.783333333328 124 50 1.29829868852459 0.68268131147541
126.916666666661 124 49 1.30783709016393 0.432348155737705
127.933333333327 123 49 1.11550819672131 0.399134426229508
129.933333333329 122 50 0.859090833333333 0.322335
131.93333333333 122 49 0.919206666666667 0.307215833333333
135.933333333334 121 49 1.0099225 0.315237083333333
137.933333333335 119 50 0.900499166666667 0.1045375
140.933333333338 117 50 1.03909222222222 0.157503888888889
142.933333333339 116 51 0.991093333333333 0.1780025
147.933333333343 115 51 0.787824666666666 0.103958
148.933333333344 115 50 0.737895 0.0938583333333333
149.933333333345 114 50 0.74318 0.073565
158.933333333352 113 51 0.783914814814815 0.102894259259259
159.933333333353 113 50 0.911463333333333 0.10984
161.933333333354 112 50 0.796055 0.0688233333333333
165.933333333358 111 51 0.727210833333333 0.080425
166.933333333358 110 52 0.815855 0.110501666666667
172.933333333363 109 53 0.760661388888889 0.126421388888889
174.933333333365 107 53 0.812080833333334 0.170871666666667
184.933333333373 106 54 0.726915333333333 0.103050333333333
185.933333333373 104 55 0.749188333333333 0.10271
188.933333333376 103 56 0.740847777777778 0.0838816666666667
193.93333333338 102 57 0.728406333333333 0.114271
204.933333333389 101 57 0.693065151515152 0.100427424242424
209.933333333393 100 58 0.682692333333334 0.058474
222.933333333403 100 57 0.637293974358974 0.0562379487179487
225.933333333405 100 56 0.623710555555555 0.0488394444444444
231.93333333341 99 56 0.622720277777778 0.0623330555555556
246.933333333422 99 55 0.646126111111112 0.0612815555555556
250.933333333425 98 56 0.64351 0.0609154166666667
256.950000000095 97 56 0.651245983379501 0.0611443213296399
263.050000000089 97 55 0.68975737704918 0.0356978142076503
264.066666666755 97 54 0.576001639344262 0.0238770491803279
279.316666666741 95 54 0.689613333333334 0.117250163934426
282.366666666739 93 55 0.598667759562841 0.0250928961748634
285.416666666736 93 54 0.585053005464481 0.00553387978142077
287.450000000067 91 56 0.586931147540984 0.00787950819672131
288.466666666733 91 55 0.577998360655738 0.00663770491803279
289.483333333399 90 56 0.593467213114754 0.282575409836066
290.500000000064 89 57 0.568109836065574 1.7206
291.51666666673 88 57 0.543067213114754 0.000550819672131148
299.650000000056 87 58 0.558806967213115 0.0217502049180328
305.750000000051 87 57 0.541308469945355 0.0546672131147541
307.783333333382 87 56 0.55554262295082 0.00641639344262295
324.050000000034 86 56 0.529737192622951 0.0219191598360656
334.216666666691 86 55 0.509841803278688 0.0187403278688525
348.450000000012 85 56 0.538565925058548 0.0035192037470726
389.116666666641 85 55 0.51858012295082 0.0133695491803279
410.466666666622 84 56 0.538831693989071 0.00726409055425449
432.833333333268 83 57 0.508245752608047 0.0169895678092399
459.266666666578 83 56 0.509272572509457 0.0319349936948298
474.516666666564 82 57 0.538534863387979 0.0184296174863388
563.983333333149 81 58 0.483419504470938 0.00458947466467958
577.199999999804 80 58 0.494267591424969 0.00882408575031526
597.533333333119 79 59 0.503309590163935 0.0295513114754098
600 79 59 0.513369398907104 0.0241065573770492
