# New log 28/04/2014 01:16:30
1 192 64 5.27932166666666 1.60479333333333
4.04999999999999 191 62 3.17628852459017 0.417715300546448
5.06666666666665 191 60 5.33711803278688 0.725618032786885
6.08333333333332 190 57 4.11943606557377 0.831208196721312
7.09999999999998 189 57 5.46155081967213 1.58857213114754
8.09999999999998 186 56 5.78150166666667 1.64314666666667
9.10000000000003 185 54 6.789575 2.205295
11.1000000000001 185 53 6.93085416666667 2.29451416666667
13.1000000000002 184 52 6.49524333333333 2.05556583333333
14.1000000000003 181 53 4.84827666666667 1.272065
15.1000000000003 179 55 4.52418833333333 1.18059833333333
18.1333333333336 177 56 5.64478241758242 1.36268791208791
20.1666666666668 177 54 6.54736639344262 0.945708196721311
21.1833333333334 176 52 8.8617262295082 2.03115245901639
22.2 175 51 7.34245573770492 1.32025081967213
23.2166666666666 174 50 6.39596721311475 0.726545901639344
24.2333333333332 173 50 4.69392950819672 0.38056393442623
26.2666666666665 173 47 4.45331885245902 0.475483606557377
28.2999999999997 173 46 5.42139508196722 0.625840163934426
31.3499999999995 172 46 3.75846994535519 0.489979234972678
32.3666666666661 172 45 3.26994590163934 0.417216393442623
33.3833333333327 172 43 2.8279131147541 0.319426229508197
35.4166666666659 172 42 3.34115163934426 0.464097540983607
37.4499999999992 172 41 2.82426721311475 0.395425409836066
38.4666666666658 172 40 3.89106557377049 0.33314262295082
43.5499999999988 172 39 3.16223868852459 0.427113442622951
44.5666666666654 171 40 2.95784918032787 0.4977
49.6499999999985 171 39 3.21176459016393 0.76250131147541
52.6999999999983 171 38 3.07628360655738 0.54661693989071
53.7166666666649 171 37 2.92302295081967 0.621252459016393
54.7333333333315 170 36 2.92959180327869 0.625129508196721
56.7666666666647 170 35 2.76706885245902 0.758516393442623
58.7999999999979 170 34 2.90533278688525 1.37719508196721
60.8333333333312 168 35 2.78159016393443 0.621990163934426
61.8499999999978 168 34 2.50308524590164 0.583804918032787
62.8666666666644 167 34 3.23380819672131 0.464603278688525
63.883333333331 167 33 2.72597213114754 0.542536065573771
64.8999999999976 166 34 2.5737606557377 0.534445901639344
65.9166666666642 165 35 2.63138032786885 1.17007213114754
67.9499999999974 165 34 2.48129754098361 0.135625409836066
75.0666666666637 164 35 2.67260023419204 0.202786182669789
77.0999999999969 163 36 3.00496885245902 0.894619672131148
80.1499999999967 162 35 3.68751693989071 1.02355956284153
82.18333333333 162 34 4.69595573770492 0.436083606557377
85.2333333333298 161 35 4.63198032786885 0.628030601092896
86.2499999999964 161 34 3.91421639344262 1.27246557377049
89.2999999999962 161 33 6.74115737704918 1.95917868852459
90.3166666666628 160 34 6.44201803278689 1.76756721311475
93.3666666666627 160 33 5.03099672131148 1.53846120218579
94.3833333333293 159 34 4.20873770491803 0.84247868852459
98.4499999999957 158 34 4.11110040983607 0.812797950819672
99.4666666666623 157 35 4.26737049180328 0.628937704918033
101.499999999996 156 35 4.11381557377049 0.52565737704918
103.533333333329 155 35 4.08445327868852 0.395472131147541
104.549999999995 155 33 4.25201639344262 0.429044262295082
105.566666666662 153 34 2.7757131147541 0.178445901639344
126.916666666661 152 34 2.0731544106167 0.152873145979703
132.933333333331 152 32 2.12160166204986 0.604692243767313
133.933333333332 152 31 2.36903166666667 0.74882
136.933333333334 151 32 2.15812277777778 0.685458333333333
137.933333333335 150 33 2.04987666666667 0.474156666666667
148.933333333344 149 33 2.02884212121212 0.157625606060606
149.933333333345 148 34 2.021475 0.170051666666667
151.933333333346 147 35 2.0151425 0.166933333333333
152.933333333347 146 34 2.069155 0.181325
168.93333333336 145 34 2.06993270833333 0.2823659375
170.933333333362 145 33 2.06552333333333 0.237028333333333
184.933333333373 145 32 2.07179333333333 0.242517619047619
186.933333333374 145 31 1.99713083333333 0.0980666666666667
188.933333333376 144 31 1.96319333333333 0.0186341666666667
193.93333333338 144 30 1.930895 0.121092
215.933333333397 144 29 1.9286603030303 0.0340313636363636
226.933333333406 144 28 1.92501121212121 0.0462110606060606
228.933333333408 143 28 1.92144416666667 0.0149708333333333
278.300000000076 142 28 1.80179864956111 0.053301282916948
289.483333333399 141 28 1.73013159463487 0.0261670640834575
301.683333333388 141 27 1.78582049180328 0.255365846994536
302.700000000053 140 27 1.78691967213115 0.338755737704918
303.716666666719 140 26 1.79539672131148 0.34122131147541
306.766666666716 140 25 1.77179344262295 0.0407830601092896
318.966666666705 139 26 1.78223852459016 0.0194979508196721
328.116666666697 137 28 1.80902313296904 0.0164710382513661
332.18333333336 136 29 1.71703278688525 0.0321188524590164
340.316666666686 135 30 1.65290942622951 0.0149655737704918
348.450000000012 135 29 1.61692930327869 0.0117743852459016
373.866666666655 134 29 1.64534590163934 0.0109825573770492
376.916666666653 134 28 1.67565737704918 0.0102573770491803
381.999999999981 134 27 1.77019639344262 0.0266350819672131
385.049999999978 132 29 1.61373715846995 0.00998633879781421
394.19999999997 131 29 1.93249726775956 0.0443384335154827
427.74999999994 130 30 2.26421142573273 0.109771485345256
437.916666666597 129 31 1.63039 0.00533786885245902
446.049999999923 129 30 1.60670553278689 0.0127989754098361
456.21666666658 129 29 1.61158360655738 0.00520016393442623
460.283333333243 128 30 1.58626967213115 0.0817934426229508
470.449999999901 128 29 1.59235360655738 0.0650491803278689
474.516666666564 128 28 1.59899180327869 0.00656598360655738
475.53333333323 128 27 1.5714131147541 0.00407377049180328
534.499999999843 128 26 1.66526223855286 0.0474542679479932
556.866666666489 127 26 1.64283643815201 0.0442764530551416
571.099999999809 127 25 1.61307037470726 0.00650234192037471
585.33333333313 126 26 1.70359238875878 0.0307587822014052
595.499999999787 125 27 1.60764540983607 0.0214531147540984
600 125 27 1.58368754098361 0.00617049180327869
