# New log 28/04/2014 01:11:54
1 192 64 2.67033166666667 1.42138666666667
4.04999999999999 191 64 2.06494098360656 0.627652459016393
5.06666666666665 190 62 1.94422459016393 0.971136065573771
6.08333333333332 189 59 2.60846229508197 0.544750819672131
7.09999999999998 188 56 2.4383606557377 0.623096721311476
8.09999999999998 187 56 2.032955 0.833673333333333
9.10000000000003 185 56 3.10408166666667 2.59688666666667
10.1000000000001 184 56 3.74018333333333 4.71131666666667
11.1000000000001 183 57 3.91282166666667 4.44331833333333
12.1000000000002 183 56 6.38663 8.71130333333334
13.1000000000002 183 55 5.40017833333333 1.52484
14.1000000000003 179 56 3.22822166666667 1.06422666666667
16.1000000000004 178 56 3.69427666666667 1.32742
17.116666666667 177 55 3.63754426229508 0.931203278688525
18.1333333333336 173 57 5.10643606557377 1.51716065573771
19.1500000000002 172 57 4.70351475409836 1.27110983606557
20.1666666666668 171 56 4.62616885245902 1.07315573770492
21.1833333333334 171 55 3.58545901639344 1.12923278688525
22.2 169 55 3.93980163934426 1.07234098360656
24.2333333333332 168 56 3.93929508196721 0.84364262295082
25.2499999999998 166 56 2.66233114754098 0.751149180327869
27.2833333333331 164 56 3.18210655737705 1.79637049180328
28.2999999999997 161 57 3.43416885245902 2.28029180327869
29.3166666666663 160 57 7.50312622950819 2.13766885245902
31.3499999999995 160 56 3.92359426229508 1.19126803278689
32.3666666666661 159 56 3.32803934426229 0.869680327868852
33.3833333333327 157 58 3.92350163934426 0.691973770491803
34.3999999999993 156 58 4.56333770491803 0.729040983606557
35.4166666666659 155 59 2.88226885245902 0.63225737704918
36.4333333333325 155 58 3.15906557377049 0.967481967213115
37.4499999999992 153 59 3.15935409836066 0.943268852459016
38.4666666666658 152 60 5.56016229508197 1.10128524590164
39.4833333333324 152 59 5.32629672131148 1.40192786885246
40.499999999999 152 58 5.99124918032787 1.37291475409836
42.5333333333322 151 59 4.00882950819672 1.2667393442623
43.5499999999988 149 60 3.14097540983606 1.13294098360656
44.5666666666654 149 59 3.48275901639344 0.785301639344262
46.5999999999986 148 60 3.78506229508197 1.01413852459016
47.6166666666652 147 61 3.09095573770492 1.04957704918033
48.6333333333319 145 62 2.90819836065574 0.946390163934426
49.6499999999985 145 61 3.95939672131148 0.88385737704918
50.6666666666651 145 60 5.27925409836066 0.916119672131148
51.6833333333317 144 60 5.06228524590164 0.831537704918033
52.6999999999983 144 59 4.4246 1.0780131147541
53.7166666666649 143 60 4.30231803278688 1.22717049180328
56.7666666666647 142 61 5.08143333333334 1.27132896174863
57.7833333333313 140 62 4.73231639344263 1.3792737704918
58.7999999999979 138 63 4.22405409836066 1.90134918032787
59.8166666666646 137 64 3.61115081967213 1.43186393442623
60.8333333333312 136 64 3.77988196721312 1.28552295081967
61.8499999999978 134 65 3.65043114754098 1.99640819672131
64.8999999999976 133 65 1.74810928961749 0.99275956284153
66.9333333333308 132 65 2.51601803278689 1.56015737704918
67.9499999999974 131 66 2.3472 1.29271803278689
68.966666666664 130 67 4.4972606557377 1.12282459016393
69.9833333333306 129 67 4.00470819672131 1.08407049180328
72.0166666666639 128 67 2.48525573770492 0.590679508196721
74.0499999999971 127 68 3.28734754098361 0.741114754098361
75.0666666666637 126 69 3.37950163934426 0.896908196721312
76.0833333333303 125 67 3.39488852459016 1.94708360655738
80.1499999999967 124 66 2.5662618852459 2.30128319672131
82.18333333333 124 65 2.72803606557377 0.969531967213115
83.1999999999966 124 64 2.66337049180328 0.678085245901639
84.2166666666632 123 65 2.34701803278689 0.761319672131148
87.266666666663 123 64 2.57811912568306 1.83784316939891
88.2833333333296 122 65 2.52486065573771 2.99367868852459
89.2999999999962 121 64 2.14130819672131 2.11092459016393
90.3166666666628 120 65 2.06727213114754 0.800572131147541
91.3333333333294 119 65 2.26204918032787 0.744114754098361
92.349999999996 119 64 2.07964754098361 0.498552459016393
93.3666666666627 118 65 2.04819016393443 0.520044262295082
96.4166666666625 117 65 1.91294972677596 0.334285792349727
97.4333333333291 117 63 1.80465573770492 0.31657868852459
102.516666666662 116 63 1.82052295081967 0.647854098360656
109.633333333328 116 62 1.80699555035129 0.757870491803279
110.649999999995 115 61 1.96001639344262 0.931272131147541
112.683333333328 114 60 1.82399508196721 1.35360819672131
115.733333333328 114 59 1.89516830601093 1.52195846994536
117.766666666661 113 59 1.8452393442623 2.28986557377049
119.799999999994 112 60 1.99561721311475 2.50006229508197
125.899999999994 111 61 2.10995109289617 1.76674863387978
126.916666666661 110 61 1.87439836065574 1.37251639344262
131.93333333333 109 61 1.73655647840531 0.908547176079734
134.933333333333 108 62 3.24507388888889 1.203845
137.933333333335 108 61 3.47396388888889 1.25907111111111
138.933333333336 107 61 4.25454333333333 1.52526666666667
139.933333333337 107 60 3.58961 0.360825
148.933333333344 105 61 2.82653 0.406321296296296
150.933333333346 104 62 3.64038166666667 0.697685833333333
154.933333333349 103 63 3.2453575 0.968969583333333
158.933333333352 102 64 3.00625708333333 0.19878375
159.933333333353 101 64 2.96780333333333 2.30722833333333
172.933333333363 100 64 3.22347602564103 1.10128435897436
176.933333333366 99 64 2.86550875 1.545115
180.933333333369 98 64 3.05281333333333 1.64137541666667
181.93333333337 97 64 2.31273666666667 1.656395
182.933333333371 96 64 2.198075 1.58306
183.933333333372 94 64 2.57180833333333 1.59405166666667
187.933333333375 94 63 2.14093208333333 1.74138541666667
197.933333333383 94 62 2.07687933333333 0.25262
200.933333333385 94 61 2.17558277777778 0.0473116666666667
203.933333333388 94 59 1.91832888888889 0.0925022222222222
206.93333333339 93 60 1.18360611111111 0.0800338888888889
213.933333333396 93 59 0.921613095238095 0.0463419047619048
223.933333333404 93 58 1.0017155 0.108276666666667
225.933333333405 91 59 0.9744225 0.165240833333333
229.933333333408 91 58 1.13704041666667 0.194412083333333
232.933333333411 90 58 0.956595555555555 0.205034444444444
237.933333333415 90 57 0.865717333333334 0.12853
238.933333333416 89 58 0.86689 0.11679
239.933333333416 89 57 0.901166666666667 0.216908333333333
250.933333333425 88 58 0.92691287878788 0.154121666666667
251.933333333426 88 57 0.896403333333334 0.0836933333333333
252.933333333427 87 58 0.87604 0.103713333333333
263.050000000089 87 57 0.852484184514004 0.0924143327841845
267.116666666752 86 58 1.36626680327869 0.166149590163934
273.216666666747 85 59 0.643295081967213 0.0400811475409836
274.233333333413 84 60 0.667109836065574 0.0296377049180328
279.316666666741 84 59 0.670533442622951 0.0328619672131148
282.366666666739 83 59 0.598075956284153 0.0311890710382514
287.450000000067 82 60 0.599114754098361 0.062015737704918
288.466666666733 81 61 0.62042131147541 0.3063
355.566666666672 80 61 0.660019051167412 0.0485943864878291
365.733333333329 80 60 0.733643442622951 0.0445090163934426
366.749999999995 78 60 0.719308196721312 0.0255098360655738
375.899999999987 77 61 0.701731329690347 0.0380078324225865
379.96666666665 76 62 0.657741393442623 0.0284934426229508
381.999999999981 75 62 0.531996721311475 0.104365573770492
386.066666666644 74 63 0.642535655737705 0.157351639344262
393.183333333304 72 65 0.516992740046838 0.0380629976580796
397.249999999967 70 65 0.533330737704918 0.0623004098360656
400.299999999965 70 64 0.534780327868853 0.0198808743169399
402.333333333296 69 65 0.541336065573771 0.0253475409836066
417.583333333282 69 64 0.472310273224044 0.00111890710382514
441.98333333326 69 62 0.54495887978142 0.0322256147540984
478.583333333227 68 62 0.68015368852459 0.0598037340619308
482.64999999989 67 63 0.899126639344262 0.0902540983606557
520.266666666522 66 64 1.10003345148427 0.319594860434205
578.216666666469 66 63 0.85786108714409 0.0859735691688237
590.416666666458 65 64 0.65369767759563 0.0475849726775956
595.499999999787 65 63 0.642456721311475 0.0482186885245902
600 65 63 0.655115737704918 0.0483586885245902
