# New log 28/04/2014 01:09:06
1 192 64 5.45820166666667 3.24791
3.03333333333333 192 62 3.37486229508197 0.770129508196721
4.04999999999999 190 62 3.20348032786885 0.790686885245902
5.06666666666665 189 58 5.28275409836066 0.724419672131148
6.08333333333332 189 56 3.80513442622951 0.591563934426229
7.09999999999998 188 56 3.80454098360656 0.474477049180328
8.09999999999998 185 56 4.33646833333333 0.802828333333333
9.10000000000003 185 54 6.452995 0.560143333333333
11.1000000000001 184 53 6.97152166666667 0.703485
12.1000000000002 182 54 8.26965 0.621116666666667
13.1000000000002 181 53 6.60782166666667 0.54875
14.1000000000003 181 52 7.25840333333333 0.594131666666667
15.1000000000003 180 53 10.0659616666667 1.00795333333333
16.1000000000004 178 54 10.3247083333333 2.07932166666667
17.116666666667 176 53 9.36441639344262 1.30509836065574
20.1666666666668 176 51 9.37839016393443 1.49711857923497
21.1833333333334 176 49 9.94080819672131 1.22548360655738
22.2 175 50 8.54514426229508 1.27361967213115
24.2333333333332 175 48 7.79820901639344 1.32011393442623
25.2499999999998 172 49 7.58280819672131 1.22110491803279
27.2833333333331 172 47 7.52964918032787 1.40440245901639
29.3166666666663 171 48 7.05806721311476 1.35117868852459
31.3499999999995 169 50 5.49962950819672 1.28543852459016
33.3833333333327 166 50 4.85290409836066 1.32231393442623
34.3999999999993 164 52 4.19764918032787 1.01094754098361
35.4166666666659 164 51 4.86194590163934 1.00789836065574
36.4333333333325 163 51 5.05567868852459 1.09938524590164
37.4499999999992 163 50 5.13374754098361 0.76034262295082
38.4666666666658 161 52 4.7930737704918 0.343555737704918
39.4833333333324 161 51 4.59429180327869 0.34955737704918
40.499999999999 161 50 4.82531147540984 0.478768852459016
41.5166666666656 160 50 4.07019836065574 0.421240983606557
43.5499999999988 159 50 4.00468360655738 0.388605737704918
45.583333333332 159 49 3.00496639344262 0.423004918032787
46.5999999999986 159 48 2.88953278688525 0.185539344262295
48.6333333333319 158 48 3.23842131147541 0.427009836065574
49.6499999999985 157 49 3.81433770491803 1.3890393442623
52.6999999999983 156 49 4.82440382513661 2.50204863387978
53.7166666666649 154 49 2.86409508196721 2.96594262295082
55.7499999999981 153 47 3.88033278688525 0.515954918032787
56.7666666666647 151 48 3.35054262295082 0.894067213114754
57.7833333333313 150 48 2.57884262295082 0.938222950819672
58.7999999999979 149 48 3.05652950819672 0.827640983606557
60.8333333333312 148 48 3.32071721311475 0.313716393442623
61.8499999999978 146 48 2.6083131147541 0.262632786885246
62.8666666666644 145 49 2.89160163934426 0.938824590163934
63.883333333331 144 49 2.63506721311475 1.22977540983607
65.9166666666642 144 48 2.85847131147541 1.60449508196721
66.9333333333308 143 48 2.79606885245902 2.11860491803279
67.9499999999974 143 47 2.69804754098361 2.02592459016393
68.966666666664 142 48 2.7641 2.20889344262295
69.9833333333306 141 47 2.66803278688525 2.24567540983607
70.9999999999973 141 46 2.54259836065574 1.81148032786885
73.0333333333305 140 46 2.72263032786885 1.44239426229508
79.1333333333301 140 45 2.64174098360656 1.27252076502732
81.1666666666633 140 43 3.20579754098361 1.55920491803279
82.18333333333 139 43 2.84053114754098 1.87554754098361
83.1999999999966 138 43 2.4033 3.25961639344262
85.2333333333298 138 42 2.33722295081967 1.94260819672131
89.2999999999962 137 43 2.39714672131148 2.00918647540984
91.3333333333294 135 43 2.4492631147541 2.44180491803279
97.4333333333291 135 42 2.39429344262295 2.7356
98.4499999999957 135 41 2.19877704918033 2.5580868852459
103.533333333329 135 40 2.15803049180328 1.74351770491803
104.549999999995 134 41 2.01265081967213 1.79193770491803
106.583333333329 133 41 2.1651893442623 1.92728524590164
109.633333333328 132 42 2.5010737704918 1.3871
110.649999999995 131 43 1.9999262295082 1.13542786885246
112.683333333328 130 43 2.03616803278689 1.12668770491803
116.749999999995 130 42 2.013275 1.1040487704918
118.783333333328 130 41 2.08974262295082 1.0971393442623
119.799999999994 130 40 2.03433770491803 1.0013131147541
121.833333333328 129 41 1.93295409836066 0.826184426229508
128.933333333328 129 40 2.05734014084507 1.37371291079812
131.93333333333 128 40 1.97580722222222 0.761397222222222
144.933333333341 127 40 2.08803051282051 0.736570512820513
145.933333333342 126 40 1.84721333333333 0.89759
151.933333333346 126 39 1.85774083333333 0.919490555555556
154.933333333349 125 39 2.051135 1.40247611111111
159.933333333353 125 38 1.931866 1.578986
160.933333333354 124 38 2.17899 1.23694833333333
164.933333333357 122 39 1.84636083333333 1.29225625
165.933333333358 121 40 1.872205 1.00481333333333
169.933333333361 120 40 1.85157625 0.811186666666667
172.933333333363 119 41 1.78134 0.796566666666667
176.933333333366 118 42 1.76705333333333 0.763877083333333
197.933333333383 118 41 1.81280515873016 1.01597682539683
198.933333333384 117 41 1.80673833333333 1.13553666666667
203.933333333388 117 40 1.75159566666667 1.11462166666667
208.933333333392 116 41 1.75665133333333 1.030642
210.933333333393 116 40 1.848465 0.9991425
214.933333333397 115 41 1.76604791666667 0.862451666666667
215.933333333397 114 42 1.698435 0.785973333333333
222.933333333403 114 41 1.79043738095238 0.844435238095238
224.933333333404 113 41 1.8071725 0.731820833333333
227.933333333407 111 42 1.73192277777778 0.733403333333333
230.933333333409 111 41 1.73205277777778 0.640545
239.933333333416 110 42 2.06134203703703 0.787986666666667
242.933333333419 110 41 1.59488111111111 0.777440555555556
248.933333333424 110 40 1.61436138888889 0.643833333333333
256.950000000095 109 41 1.60460582120582 0.582430145530146
257.966666666761 108 41 1.59178524590164 0.540739344262295
266.100000000087 107 41 1.56096536885246 0.449538319672131
274.233333333413 106 42 1.56049282786885 0.591551844262295
293.550000000062 105 43 2.77933433994823 0.493950733390854
298.63333333339 105 42 1.54978983606557 0.339606885245902
300.666666666722 104 43 1.65491065573771 0.381104098360656
309.816666666714 103 43 1.53613752276867 0.461877777777778
314.900000000042 102 44 1.52382229508197 0.403965573770492
326.083333333365 101 44 1.46862399403875 0.368162444113264
327.100000000031 101 43 1.51743278688525 0.384519672131148
329.133333333363 100 43 1.47820737704918 0.47421393442623
334.216666666691 99 44 1.46500819672131 0.415343606557377
351.500000000009 99 43 1.44643008678881 0.619192574734812
365.733333333329 99 42 1.45891229508197 0.620432552693209
373.866666666655 98 43 1.4263637295082 0.626855327868853
390.133333333307 97 44 1.43288114754098 0.752370901639344
402.333333333296 97 43 1.4769556010929 0.727785928961749
403.349999999962 97 42 1.50623114754098 0.869893442622951
405.383333333293 96 43 1.44738032786885 0.848644262295082
427.74999999994 96 42 1.435067585693 0.644883308494784
435.883333333266 95 43 1.44539959016393 0.739771721311475
459.266666666578 95 42 1.48532558802566 0.571551389878831
469.433333333235 94 43 1.50669573770492 0.461294098360656
478.583333333227 93 43 1.48864772313297 0.340566120218579
491.799999999881 93 42 1.48041336696091 0.345313619167718
499.933333333207 92 43 1.46591168032787 0.346703278688525
511.11666666653 91 43 1.43615096870343 0.311818479880775
518.233333333191 91 42 1.43819414519906 0.364248946135831
585.33333333313 91 41 1.46971413313462 0.282809438648783
600 91 41 1.48360371584699 0.264855409836066
