# New log 28/04/2014 01:06:26
1 192 64 2.231655 8.67208333333333
4.04999999999999 191 65 1.77387595628415 1.53071202185792
5.06666666666665 189 65 3.65954590163934 2.73924262295082
6.08333333333332 188 65 3.27420491803279 2.37762786885246
8.09999999999998 188 64 3.22404958677686 1.82693388429752
9.10000000000003 187 65 1.86211166666667 0.68916
10.1000000000001 187 64 3.68491333333333 1.67179
11.1000000000001 185 64 2.52892 2.523155
12.1000000000002 185 63 1.58316166666667 2.06149
14.1000000000003 184 64 1.52026166666667 1.46072
15.1000000000003 183 64 1.67539833333333 0.679281666666667
16.1000000000004 183 63 1.69862333333333 1.62648666666667
17.116666666667 181 62 1.55676557377049 0.762350819672131
18.1333333333336 180 62 2.1748868852459 0.816514754098361
19.1500000000002 179 62 1.80537213114754 1.42098196721311
20.1666666666668 178 62 1.84159508196721 2.64395245901639
21.1833333333334 177 62 1.75972131147541 2.8598606557377
23.2166666666666 177 60 1.63429836065574 4.26921557377049
24.2333333333332 177 58 1.70141147540984 4.4693868852459
25.2499999999998 175 60 1.44402295081967 5.23514754098361
27.2833333333331 174 59 1.32181147540984 5.48008360655738
28.2999999999997 174 58 1.41315409836066 4.2953606557377
29.3166666666663 174 56 1.38802786885246 4.31862131147541
31.3499999999995 173 57 1.57803032786885 4.27617540983607
32.3666666666661 173 55 1.45024918032787 5.06850819672131
34.3999999999993 172 55 1.48251229508197 5.30002131147541
35.4166666666659 169 58 1.40134590163934 6.43831803278689
36.4333333333325 167 59 1.38429836065574 4.77402131147541
37.4499999999992 166 59 1.28400163934426 3.79451803278689
38.4666666666658 165 59 1.39368196721312 3.82830491803279
39.4833333333324 163 61 1.77423442622951 4.26097540983607
40.499999999999 162 62 1.64501803278688 4.01659672131148
42.5333333333322 161 62 1.5687131147541 1.66217786885246
46.5999999999986 159 63 1.6293737704918 1.34403401639344
48.6333333333319 159 62 1.88825737704918 1.98745901639344
49.6499999999985 157 63 1.94304426229508 4.83630327868852
50.6666666666651 157 61 1.69853278688525 5.60704426229508
52.6999999999983 155 61 1.70545081967213 2.8959737704918
53.7166666666649 154 61 1.55614590163934 2.22768196721311
57.7833333333313 153 62 1.67542868852459 1.67407254098361
58.7999999999979 153 61 1.70028524590164 1.04352131147541
59.8166666666646 152 61 1.72485409836066 0.461944262295082
62.8666666666644 152 60 1.43012349726776 1.07360765027322
64.8999999999976 152 59 1.4541262295082 0.888866393442623
65.9166666666642 150 59 1.5466868852459 1.23422950819672
66.9333333333308 149 60 1.3934 1.33406229508197
67.9499999999974 148 61 1.13587213114754 0.924011475409836
68.966666666664 148 60 1.30777868852459 0.748126229508197
69.9833333333306 148 58 1.22460491803279 0.689527868852459
70.9999999999973 148 57 1.0807737704918 0.716631147540984
73.0333333333305 148 56 1.30530983606557 1.29579180327869
76.0833333333303 147 56 1.6348825136612 3.24348961748634
77.0999999999969 147 55 1.10517868852459 1.65547704918033
85.2333333333298 147 54 1.32349590163934 3.54112663934426
87.266666666663 147 53 3.94433196721311 3.72250409836066
96.4166666666625 147 52 1.16317868852459 9.46795701275046
99.4666666666623 145 53 1.23494043715847 12.1015426229508
100.483333333329 144 54 1.11346721311475 11.119662295082
102.516666666662 143 55 1.30175081967213 7.76933032786885
109.633333333328 143 54 1.3369700234192 6.0001056206089
111.666666666662 142 55 1.50814344262295 2.89769754098361
120.816666666661 142 54 1.06890364298725 2.61948324225865
123.866666666661 141 55 1.13679180327869 6.33904535519126
127.933333333327 141 54 1.15143319672131 7.60977418032787
128.933333333328 140 54 1.613235 4.19684166666667
129.933333333329 139 54 1.61956166666667 4.12233333333333
132.933333333331 138 55 1.21899333333333 2.73639333333333
135.933333333334 137 55 1.07119944444444 1.87425277777778
136.933333333334 136 56 1.10961666666667 3.17825666666667
137.933333333335 135 56 1.04557666666667 6.08414333333333
138.933333333336 134 57 1.02968666666667 5.883485
145.933333333342 133 58 1.06674476190476 6.20148452380952
149.933333333345 132 59 1.047845 6.10894958333333
156.93333333335 131 60 1.09197166666667 2.1390130952381
161.933333333354 130 61 1.020306 2.24333733333333
164.933333333357 130 60 1.01278555555556 2.48028388888889
168.93333333336 129 60 1.02446625 2.66284583333333
171.933333333362 128 61 1.27411555555556 2.58501
177.933333333367 127 61 1.00067444444444 2.39936388888889
185.933333333373 126 62 1.00934625 4.610696875
191.933333333378 126 61 1.08531944444444 3.44563055555556
193.93333333338 124 63 0.99734 4.511455
201.933333333386 124 62 0.978552291666666 4.63910729166667
202.933333333387 123 63 0.996046666666667 4.20367166666667
203.933333333388 122 64 1.01865333333333 4.22439666666667
206.93333333339 121 65 0.984151666666667 3.84880722222222
209.933333333393 121 64 0.944782777777778 3.61184388888889
212.933333333395 119 64 0.927353333333333 3.61127888888889
218.9333333334 119 63 0.891616111111111 3.42163111111111
220.933333333401 118 64 0.893984166666667 3.16194666666667
222.933333333403 117 64 0.961213333333333 2.0639075
229.933333333408 116 64 0.899800000000001 0.96044380952381
231.93333333341 115 63 0.876938333333333 1.22242083333333
232.933333333411 114 64 0.873103333333334 1.26107833333333
237.933333333415 113 64 0.843256666666667 1.261721
239.933333333416 112 64 0.835453333333333 1.17185
245.933333333421 112 63 0.976123611111111 1.20707611111111
253.933333333428 110 64 0.865937291666667 1.16075375
264.066666666755 109 64 0.826323848684211 1.08901398026316
269.150000000084 109 63 0.779553770491803 1.0141593442623
279.316666666741 108 63 0.803628524590164 0.842254754098361
289.483333333399 107 64 0.782679672131148 0.954987213114754
307.783333333382 107 63 0.77474553734062 0.723717122040073
309.816666666714 106 63 0.759183606557377 0.571319672131148
311.850000000045 106 62 0.784369672131148 0.899108196721312
313.883333333377 105 63 0.761804098360656 0.944667213114754
314.900000000042 104 64 0.771052459016394 0.804972131147541
324.050000000034 104 63 0.732585974499089 0.616556102003643
326.083333333365 103 64 0.738483606557377 0.5826
332.18333333336 102 65 0.744743989071038 0.702266666666667
333.200000000026 101 65 0.733083606557377 0.821303278688525
336.250000000023 100 65 0.730777049180328 0.554401639344262
337.266666666689 99 65 0.702737704918033 0.529375409836066
341.333333333352 99 64 0.711929508196721 0.62266762295082
346.41666666668 98 65 0.706179016393443 0.608220655737705
349.466666666678 97 66 0.688265573770492 0.566670491803279
354.550000000006 96 67 0.693991803278688 0.844327868852459
380.983333333316 96 66 0.697496406052963 0.89067553593947
386.066666666644 95 66 0.696679672131147 1.80976262295082
388.099999999976 95 65 0.693114754098361 1.35990409836066
397.249999999967 94 65 0.681997267759563 0.423772859744991
398.266666666633 93 66 0.642419672131147 0.402967213114754
400.299999999965 93 65 0.634953278688525 0.361016393442623
401.31666666663 92 65 0.646880327868852 0.396514754098361
410.466666666622 92 63 0.655618943533698 0.28581912568306
414.533333333285 91 63 0.668054508196722 0.636111065573771
429.783333333271 90 63 0.654386448087432 0.222290928961749
432.833333333268 89 63 0.644127868852459 0.000192349726775956
436.899999999931 88 64 0.641134836065574 0.000197131147540984
439.949999999929 87 64 0.638400546448088 0.122006010928962
447.066666666589 86 65 0.624814754098361 0.297490163934426
471.466666666567 86 64 0.602604576502731 0.000186543715846995
474.516666666564 85 65 0.605196174863388 0.000192349726775956
479.599999999892 85 64 0.582802295081967 0.000175409836065574
482.64999999989 84 64 0.578018032786885 0.000173770491803279
600 84 64 0.579190460712268 0.000301469756924816
