# New log 28/04/2014 03:26:19
1 192 64 5.25723333333333 2.65002166666667
3.03333333333333 192 62 3.45238196721311 1.29275573770492
4.04999999999999 189 63 3.09308196721312 1.62457049180328
5.06666666666665 186 60 3.87824426229508 1.52815409836066
6.08333333333332 184 56 3.6126 1.19713770491803
7.09999999999998 183 57 3.61492950819672 1.46480655737705
8.09999999999998 183 54 3.50347333333333 1.20547
9.10000000000003 183 53 4.07956166666667 1.37079
10.1000000000001 183 52 7.54439666666667 2.21821833333333
11.1000000000001 183 50 9.49512333333334 2.24018333333333
12.1000000000002 181 49 7.59397 1.41763166666667
13.1000000000002 179 50 8.75808833333334 1.70060333333333
14.1000000000003 178 50 11.2199883333333 2.31347166666667
15.1000000000003 177 50 8.883965 2.62381
16.1000000000004 177 49 9.137525 4.50987666666667
17.116666666667 175 50 10.7809262295082 3.05888032786885
21.1833333333334 174 50 7.36821475409836 3.10521639344262
22.2 172 49 6.2476393442623 3.02029836065574
23.2166666666666 171 48 5.11110491803279 3.08398196721312
25.2499999999998 168 48 4.43536639344262 2.93844262295082
26.2666666666665 167 49 5.33533114754098 2.26140491803279
27.2833333333331 167 48 4.48369508196721 2.03980983606557
28.2999999999997 165 50 4.01194426229508 3.19545081967213
29.3166666666663 164 51 3.95362950819672 1.5942393442623
32.3666666666661 163 52 3.78204153005465 1.33048524590164
33.3833333333327 163 51 3.20336065573771 1.48635245901639
36.4333333333325 162 51 3.84743989071038 1.48354480874317
38.4666666666658 161 51 3.97420327868853 1.44235491803279
39.4833333333324 161 50 3.88523278688525 1.34458360655738
40.499999999999 160 50 4.06910327868852 1.55423278688525
42.5333333333322 159 49 4.05259672131147 1.38636639344262
45.583333333332 159 48 3.37035355191257 1.64970273224044
46.5999999999986 158 49 4.85218196721311 1.2209606557377
48.6333333333319 157 48 3.44238934426229 2.37609754098361
49.6499999999985 157 47 5.34365573770492 2.66458852459016
50.6666666666651 155 47 5.91273934426229 2.61430819672131
51.6833333333317 155 45 4.14372295081967 2.38829672131148
54.7333333333315 155 44 3.93973387978142 2.17433278688525
56.7666666666647 155 43 3.40695901639344 1.76650409836066
58.7999999999979 155 42 4.93345245901639 1.37188524590164
60.8333333333312 155 41 3.69289344262295 1.60959508196721
61.8499999999978 155 40 3.54582459016393 1.84425245901639
62.8666666666644 155 39 3.7365 2.15026721311475
63.883333333331 155 37 3.9199262295082 2.05110491803279
65.9166666666642 155 36 3.14663852459016 2.48609590163934
66.9333333333308 154 37 2.44383442622951 2.76864918032787
67.9499999999974 152 36 3.39381475409836 1.75363770491803
74.0499999999971 151 37 3.71372103825137 2.25456912568306
78.1166666666635 150 38 2.95865327868852 3.52641557377049
79.1333333333301 149 38 2.66297213114754 2.85980163934426
81.1666666666633 148 38 2.73370819672131 3.45204262295082
85.2333333333298 147 38 3.28575491803279 2.60333360655738
86.2499999999964 146 38 3.32215409836066 1.57441639344262
87.266666666663 145 38 3.75885901639344 2.47298852459016
88.2833333333296 145 37 3.4073262295082 1.73831803278689
92.349999999996 144 37 3.0140975409836 1.26465245901639
96.4166666666625 143 37 2.76699221311475 0.927001639344262
97.4333333333291 143 35 3.98116229508197 1.22985409836066
98.4499999999957 143 34 2.60422786885246 0.750250819672131
99.4666666666623 142 34 2.56122786885246 0.959970491803279
102.516666666662 141 33 2.76456721311476 1.10503387978142
105.566666666662 140 34 2.64093114754098 1.06658196721311
111.666666666662 139 35 4.05429153005465 1.0898825136612
112.683333333328 138 36 2.43026885245902 1.01652950819672
113.699999999995 137 36 3.29410983606557 1.21280819672131
114.716666666661 137 34 4.38855081967213 1.26972295081967
115.733333333328 136 35 4.47503442622951 0.836836065573771
120.816666666661 135 36 2.44904983606558 1.27567967213115
122.849999999994 134 37 2.33240491803279 0.989363114754098
126.916666666661 133 37 2.33661024590164 0.988804508196721
137.933333333335 133 36 2.21067518910741 1.32953267776097
147.933333333343 132 36 1.8736145 1.40319483333333
150.933333333346 131 36 1.71038111111111 1.167535
153.933333333348 131 35 1.72917055555556 1.165155
158.933333333352 131 34 1.695595 0.986718333333333
159.933333333353 130 35 1.72901166666667 1.0736
165.933333333358 130 34 1.65104194444444 1.022675
172.933333333363 129 34 1.71089976190476 1.21818857142857
176.933333333366 128 35 1.74101541666667 1.315225
181.93333333337 127 35 1.612668 0.984983333333333
186.933333333374 127 34 1.617962 1.08309833333333
205.933333333389 126 35 1.64129350877193 1.02935122807018
207.933333333391 125 35 1.6449675 1.08961
212.933333333395 124 36 1.59447533333333 1.08788533333333
218.9333333334 123 37 1.57524 0.996157222222222
226.933333333406 122 38 1.567168125 1.03318916666667
232.933333333411 121 38 1.59339944444444 0.995804722222222
241.933333333418 121 37 1.55296240740741 1.0265312962963
243.93333333342 120 36 1.56785416666667 1.22966416666667
244.93333333342 119 35 1.507825 0.999803333333333
251.933333333426 118 36 1.49229071428571 1.02660952380952
255.933333333429 118 35 1.51998708333333 0.81497125
256.950000000095 118 34 1.48890819672131 1.19429180327869
329.133333333363 118 33 1.50931147540984 1.0149286308012
330.150000000028 117 33 1.52135573770492 1.18217704918033
356.583333333338 116 34 1.47028127364439 1.12671740226986
365.733333333329 115 34 1.54703278688524 0.973194353369763
366.749999999995 115 33 1.52186393442623 1.17439344262295
407.416666666625 115 32 1.47295024590164 1.02990893442623
426.733333333274 115 31 1.52864521138913 1.0512569456428
491.799999999881 114 30 1.49125263831967 1.01524853995902
545.683333333166 113 31 1.49062267244046 0.997364862356944
557.883333333155 112 32 1.51764084699454 1.04024426229508
558.89999999982 111 33 1.50473114754098 0.772980327868853
583.299999999798 110 34 1.46550744535519 0.975499795081967
596.516666666453 109 34 1.56797150063052 0.997392307692308
600 109 34 1.45203483606557 0.903919262295082
