# New log 28/04/2014 03:24:16
1 192 64 2.01772666666667 7.935695
3.03333333333333 191 65 1.40998360655738 1.15940163934426
4.04999999999999 190 64 2.08917213114754 2.27444590163934
5.06666666666665 188 65 2.36488524590164 0.696093442622951
6.08333333333332 187 66 1.9294131147541 1.73665081967213
7.09999999999998 185 67 1.33961639344262 1.00555573770492
8.09999999999998 184 67 1.61879 3.20302
9.10000000000003 183 67 2.36811333333333 1.59272333333333
11.1000000000001 181 69 2.11014916666667 2.02591583333333
12.1000000000002 179 69 1.92507333333333 2.35497333333333
13.1000000000002 178 68 1.61778166666667 4.99436
14.1000000000003 176 69 1.61042666666667 6.85949666666667
15.1000000000003 176 67 2.54986166666667 8.68416833333333
17.116666666667 175 64 1.70796776859504 4.58248181818182
18.1333333333336 174 65 1.72745573770492 4.97039180327869
19.1500000000002 171 67 1.6689606557377 5.23740163934426
21.1833333333334 171 66 2.01202131147541 5.0761368852459
22.2 167 69 1.20746885245902 5.07671639344262
23.2166666666666 163 71 1.18232459016393 5.2576393442623
24.2333333333332 162 72 1.14116885245902 4.25196393442623
25.2499999999998 158 74 1.17370983606557 4.21774754098361
26.2666666666665 158 73 1.06819672131148 1.78517540983607
27.2833333333331 156 75 1.61658524590164 9.7042393442623
28.2999999999997 156 74 1.13270655737705 10.650368852459
29.3166666666663 156 73 1.2420262295082 6.91203606557377
30.3333333333329 155 73 1.06666721311475 3.89283114754098
31.3499999999995 154 72 1.16244262295082 2.40395737704918
33.3833333333327 154 71 2.83929180327869 3.11517049180328
34.3999999999993 152 71 2.11343114754098 2.50034754098361
37.4499999999992 151 71 1.80272076502732 5.66999180327869
38.4666666666658 151 70 1.30284426229508 8.00277049180328
39.4833333333324 151 69 1.24336721311475 7.82067868852459
40.499999999999 150 69 1.16257213114754 9.34044918032787
41.5166666666656 149 70 1.25113278688525 9.63064590163935
42.5333333333322 147 71 1.24385737704918 11.0674672131148
44.5666666666654 146 72 1.48367786885246 11.2183450819672
45.583333333332 144 74 1.31211967213115 11.2075196721311
46.5999999999986 143 74 1.21666065573771 11.2762147540984
47.6166666666652 142 74 1.58847868852459 11.9217803278689
49.6499999999985 141 72 1.09025163934426 6.07073360655738
51.6833333333317 140 72 1.28068606557377 4.9095262295082
54.7333333333315 139 73 1.3968781420765 7.12961092896175
55.7499999999981 139 72 1.09936065573771 11.5420836065574
56.7666666666647 139 71 1.18560163934426 11.5416098360656
57.7833333333313 139 70 1.29228360655738 12.2512491803279
58.7999999999979 138 71 2.13623606557377 12.0778278688525
60.8333333333312 137 71 1.34193770491803 12.2589090163934
62.8666666666644 136 72 1.09041393442623 12.7331139344262
64.8999999999976 134 73 1.2530868852459 12.934318852459
65.9166666666642 134 72 1.09805245901639 13.1258786885246
66.9333333333308 133 73 1.05840983606557 13.0783836065574
70.9999999999973 133 71 1.26878278688525 7.22740245901639
72.0166666666639 132 72 1.06033114754098 6.81730327868852
73.0333333333305 131 73 0.996011475409836 8.44485737704918
75.0666666666637 130 73 1.04107704918033 9.53188442622951
76.0833333333303 130 72 1.09800819672131 8.27030819672131
77.0999999999969 128 73 0.92497868852459 5.17334262295082
80.1499999999967 127 74 0.947956830601093 2.09866557377049
82.18333333333 126 75 0.969779508196721 1.3746
83.1999999999966 125 76 1.22760983606557 2.08548852459016
85.2333333333298 124 77 0.988718852459017 1.78633524590164
86.2499999999964 123 77 0.984444262295082 1.7089393442623
87.266666666663 123 76 1.04927213114754 1.3295737704918
88.2833333333296 121 78 0.881919672131148 1.52366557377049
90.3166666666628 121 77 0.891694262295082 1.26968196721312
92.349999999996 120 76 0.853385245901639 0.456081967213115
93.3666666666627 118 75 1.01157704918033 0.484939344262295
96.4166666666625 117 76 1.08200109289617 1.12083278688525
97.4333333333291 116 76 1.02742295081967 1.94435081967213
98.4499999999957 116 74 1.19824262295082 2.26160163934426
99.4666666666623 116 73 1.09738852459016 1.96366721311475
102.516666666662 114 75 1.09198907103825 1.89609726775956
106.583333333329 113 76 1.11164262295082 1.82056926229508
114.716666666661 112 77 1.24590368852459 2.41838606557377
116.749999999995 111 78 1.00412459016393 2.82389344262295
117.766666666661 110 79 1.18947868852459 1.81436065573771
119.799999999994 109 80 0.914156557377049 1.6694237704918
121.833333333328 109 79 0.861640163934427 3.1272
122.849999999994 106 81 0.901713114754099 3.1613868852459
124.883333333328 105 82 1.03557868852459 3.33584098360656
125.899999999994 104 83 0.895268852459016 4.80609672131148
126.916666666661 103 84 1.0438131147541 5.56210491803279
127.933333333327 103 83 0.827411475409836 7.0853131147541
128.933333333328 102 84 0.807683333333334 6.314205
129.933333333329 102 83 0.800001666666667 4.81991
130.93333333333 101 84 0.783446666666667 4.98613
131.93333333333 100 85 0.804085 4.54422333333333
133.933333333332 99 86 0.783230833333334 4.7079775
134.933333333333 98 87 0.792765 5.881375
135.933333333334 97 88 0.77028 5.950005
136.933333333334 96 88 0.722503333333334 2.23013333333333
137.933333333335 94 90 0.688136666666667 1.14403666666667
138.933333333336 92 92 0.647138333333333 1.54579166666667
139.933333333337 92 91 0.661033333333334 1.24691166666667
141.933333333338 91 91 0.636288333333334 0.692996666666667
142.933333333339 88 94 0.629221666666667 0.426511666666667
143.93333333334 88 93 0.660031666666667 0.951443333333333
145.933333333342 85 95 0.6666 0.632475
147.933333333343 84 96 0.6498175 0.646016666666667
148.933333333344 83 97 0.609881666666667 0.734226666666667
149.933333333345 82 97 0.60535 0.525235
150.933333333346 81 98 0.591646666666666 0.560423333333333
151.933333333346 80 97 0.566601666666667 0.415725
153.933333333348 79 98 0.58635 0.4666625
154.933333333349 79 97 0.601193333333333 0.52323
155.93333333335 77 98 1.13882166666667 0.69786
157.933333333351 75 97 1.1751375 1.05956666666667
158.933333333352 74 98 0.537586666666667 1.17031833333333
159.933333333353 72 100 0.981538333333333 1.153705
166.933333333358 71 101 0.513928571428571 0.57242380952381
168.93333333336 70 102 0.531148333333334 0.29764
169.933333333361 69 103 0.527621666666667 0.293346666666667
173.933333333364 68 103 0.5328825 0.493052083333333
175.933333333365 67 104 0.532924166666667 0.5333375
181.93333333337 65 105 0.532778055555555 0.463245833333333
183.933333333372 65 104 0.470951666666667 0.451111666666667
191.933333333378 64 105 0.468082708333333 0.364131458333333
193.93333333338 63 106 0.442704166666667 0.300771666666667
195.933333333381 62 107 0.433825833333333 0.324193333333333
197.933333333383 61 107 0.422991666666666 0.2941225
204.933333333389 61 106 0.437831428571429 1.03931666666667
206.93333333339 60 107 0.422116666666667 0.579201666666667
210.933333333393 59 108 0.44995625 0.313999583333333
212.933333333395 58 108 0.426373333333333 0.298703333333333
213.933333333396 57 108 0.426695 0.30639
219.933333333401 56 108 0.417214444444445 0.317437777777778
220.933333333401 55 109 0.405985 0.30271
224.933333333404 53 111 0.41298875 0.306090416666667
226.933333333406 52 112 0.384154166666667 0.312546666666667
229.933333333408 51 113 0.371727777777778 0.299678333333333
230.933333333409 50 113 0.363616666666667 0.300273333333333
238.933333333416 50 112 0.350603333333333 0.300588541666667
244.93333333342 49 113 0.346203055555555 0.367164722222222
248.933333333424 48 113 0.337885833333333 0.368283333333333
261.016666666758 47 114 0.351847172413793 0.28155075862069
263.050000000089 46 115 0.341810655737705 0.000189344262295082
286.433333333401 44 115 0.323390734141126 0.000199215965787598
293.550000000062 42 115 0.303112880562061 0.114463231850117
332.18333333336 42 114 0.284299654874892 0.117446333045729
340.316666666686 41 114 0.284222131147541 0.000186065573770492
600 41 114 0.27597964267418 0.000184887295081967
