# New log 28/04/2014 03:29:16
1 192 64 2.37821166666667 0.885455
4.04999999999999 191 63 2.26155081967213 0.731025136612022
5.06666666666665 191 60 2.21731475409836 0.552981967213115
6.08333333333332 189 59 1.78495573770492 0.373470491803279
7.09999999999998 187 60 2.30915573770492 0.327622950819672
8.09999999999998 184 60 2.16499166666667 0.684225
9.10000000000003 183 56 3.246525 0.457096666666667
10.1000000000001 182 56 3.65872333333333 0.734403333333333
11.1000000000001 178 60 3.44057333333333 0.553488333333333
12.1000000000002 176 61 5.40075666666667 1.39715666666667
13.1000000000002 173 62 6.07785166666667 1.52180666666667
14.1000000000003 173 60 5.88974333333333 1.77744833333333
15.1000000000003 172 60 5.14039333333333 1.06915666666667
16.1000000000004 171 59 4.78492833333333 0.918531666666667
17.116666666667 169 57 4.8066262295082 1.28029836065574
19.1500000000002 168 58 5.58595737704918 1.22986475409836
20.1666666666668 167 58 7.71685573770492 1.57437704918033
21.1833333333334 165 58 7.24678196721312 1.39627049180328
22.2 162 60 6.32710655737705 1.39295573770492
23.2166666666666 161 60 4.44413278688525 0.725411475409836
24.2333333333332 160 60 3.40323278688525 0.453277049180328
25.2499999999998 158 61 4.08911967213115 0.611752459016394
26.2666666666665 157 62 6.27751803278688 0.530860655737705
27.2833333333331 155 63 5.62503606557377 0.358116393442623
31.3499999999995 154 64 5.49914426229508 2.90947049180328
32.3666666666661 154 63 3.51028524590164 0.354209836065574
33.3833333333327 152 64 3.85095573770492 0.460247540983607
34.3999999999993 151 64 3.07650655737705 0.287719672131148
35.4166666666659 148 66 4.04569016393443 0.961908196721311
36.4333333333325 146 67 3.25063114754099 0.973893442622951
39.4833333333324 145 68 2.02924316939891 0.214415300546448
40.499999999999 144 69 3.86744098360656 0.371191803278689
41.5166666666656 143 68 4.23149016393443 0.47986393442623
42.5333333333322 143 66 4.26528032786885 0.361016393442623
45.583333333332 141 66 3.73183442622951 0.342889617486339
47.6166666666652 141 65 4.6661368852459 0.72817868852459
49.6499999999985 140 66 3.79541721311475 0.559851639344262
51.6833333333317 139 67 1.6216131147541 0.761855737704918
52.6999999999983 139 66 1.61606885245902 1.23537868852459
53.7166666666649 139 65 2.86653442622951 1.07091147540984
54.7333333333315 139 63 2.79750983606558 0.888449180327869
55.7499999999981 138 64 4.0670262295082 1.0003868852459
57.7833333333313 137 65 3.99568852459016 1.08437213114754
58.7999999999979 137 64 1.73198360655738 1.06855737704918
59.8166666666646 135 65 1.6640262295082 1.18352950819672
60.8333333333312 134 65 1.51936885245902 0.830518032786885
61.8499999999978 134 64 2.03274918032787 1.64590327868852
62.8666666666644 134 63 2.43577868852459 1.80155081967213
63.883333333331 133 63 1.5550606557377 3.4577
64.8999999999976 132 63 1.66928524590164 1.56460655737705
65.9166666666642 131 63 1.6651737704918 1.20922131147541
67.9499999999974 131 62 2.88303114754098 2.05356885245902
68.966666666664 131 61 1.79126721311475 1.70429836065574
70.9999999999973 130 62 1.40913770491803 1.3754737704918
73.0333333333305 129 61 1.58756721311475 1.61722049180328
79.1333333333301 128 62 1.73013169398907 1.42937978142077
80.1499999999967 128 60 1.67949016393443 1.0938868852459
81.1666666666633 127 60 1.38503770491803 0.590755737704918
82.18333333333 125 61 2.77002950819672 0.668796721311475
83.1999999999966 125 60 3.19859672131148 0.5601
84.2166666666632 124 60 2.40254590163934 0.692560655737705
89.2999999999962 122 61 1.96844786885246 1.13735245901639
90.3166666666628 121 62 1.27754426229508 0.891744262295082
91.3333333333294 120 62 1.04822786885246 0.53992131147541
92.349999999996 119 63 0.98614262295082 0.317585245901639
93.3666666666627 119 62 0.886854098360656 0.287877049180328
101.499999999996 118 63 0.951056557377049 0.658825819672131
103.533333333329 117 64 0.990916393442623 1.23666393442623
104.549999999995 116 64 0.854711475409836 1.10944262295082
107.599999999995 115 65 1.04647650273224 0.357730054644809
110.649999999995 115 64 1.44893661202186 0.425468852459016
112.683333333328 114 64 1.56950655737705 0.572725409836066
113.699999999995 113 64 1.3541131147541 0.776427868852459
114.716666666661 112 64 1.35498196721312 1.36569508196721
119.799999999994 110 66 1.17257114754098 1.25368459016393
123.866666666661 109 66 0.887091803278689 1.02186680327869
126.916666666661 109 65 0.778713661202186 0.921787978142077
127.933333333327 108 66 0.754224590163935 0.773181967213115
130.93333333333 108 64 1.56666388888889 0.894972777777778
134.933333333333 108 63 0.771759583333334 0.427940416666667
135.933333333334 107 64 0.793031666666667 0.561883333333333
136.933333333334 106 64 0.786261666666666 0.686873333333333
137.933333333335 105 64 0.773613333333333 0.64807
142.933333333339 104 65 0.701746999999999 0.258037666666667
150.933333333346 102 65 1.03215291666667 0.439222916666667
152.933333333347 101 66 1.54580333333333 0.3941925
154.933333333349 100 67 1.707495 0.639703333333333
156.93333333335 99 68 1.55831583333333 0.283549166666667
157.933333333351 98 68 1.503635 0.24968
158.933333333352 97 68 1.59648833333333 0.516901666666667
164.933333333357 96 69 1.64092333333333 0.680667777777778
178.933333333368 95 70 1.67450785714286 0.847716666666667
186.933333333374 94 70 1.53994833333333 0.847942291666667
190.933333333377 93 71 1.48801041666667 0.909607083333333
195.933333333381 92 71 1.66662133333333 0.941065666666667
196.933333333382 92 70 1.60305333333333 0.726955
202.933333333387 91 70 2.17548472222222 0.628005277777778
206.93333333339 90 70 2.25134916666667 0.402282916666667
207.933333333391 89 70 0.562506666666667 0.102193333333333
216.933333333398 88 71 0.787658888888889 0.0644662962962963
221.933333333402 87 71 0.591469 0.054088
222.933333333403 86 72 0.525543333333333 0.0164266666666667
228.933333333408 85 73 0.611233333333333 0.0245016666666667
235.933333333413 84 74 0.557045238095238 0.03737
240.933333333417 84 72 0.604573666666667 0.0466633333333333
252.933333333427 84 71 0.65841486111111 0.06085875
260.000000000092 84 70 0.710387028301887 0.0738106132075472
264.066666666755 83 70 0.573516393442623 0.0374311475409836
267.116666666752 83 69 0.58071912568306 0.0436535519125683
271.183333333415 83 68 0.585236475409836 0.0390573770491803
279.316666666741 82 67 0.590435655737705 0.0563206967213115
282.366666666739 82 66 0.573449180327868 0.062975956284153
285.416666666736 81 67 0.589697267759563 0.0319573770491803
290.500000000064 80 67 0.686413442622951 0.0614367213114754
294.566666666727 79 68 0.546255737704918 0.0498569672131148
304.733333333385 79 67 0.624001639344262 0.0871629508196721
306.766666666716 79 66 0.597413114754099 0.0378688524590164
308.800000000048 78 67 0.630845081967213 0.195263114754098
309.816666666714 77 68 0.562681967213115 0.0831655737704918
317.950000000039 76 69 0.528362090163934 0.0603264344262295
318.966666666705 75 69 0.467286885245902 0.0936081967213115
319.983333333371 74 70 0.495355737704918 0.0156049180327869
321.000000000037 73 71 0.489959016393443 0.100073770491803
329.133333333363 72 70 0.47920737704918 0.0459321721311475
334.216666666691 72 69 0.472413770491803 0.0210813114754098
343.366666666683 71 70 1.0246116575592 0.0886444444444445
353.53333333334 70 71 1.38004098360656 0.128630655737705
368.783333333327 69 72 1.2810018579235 0.120529617486339
384.033333333313 69 71 0.452822404371585 0.0254850273224044
419.616666666614 68 71 0.45834281030445 0.0224115222482436
427.74999999994 67 72 0.467865573770492 0.0277178278688525
428.766666666605 66 73 0.448290163934426 0.0151327868852459
434.8666666666 65 74 0.451309289617487 0.0298789617486339
435.883333333266 64 74 0.432888524590164 0.0262344262295082
450.116666666586 63 75 0.437061826697893 0.0192498829039813
457.233333333246 62 76 0.469036299765808 0.122214988290398
474.516666666564 61 77 0.470987560270009 0.184767984570878
486.716666666553 61 76 0.38972349726776 0.0160415300546448
491.799999999881 60 77 0.394865573770492 0.0186947540983607
600 60 77 0.37759849854451 0.0159475256626321
