# New log 28/04/2014 02:03:12
1 192 64 2.21103166666667 8.62651
2.01666666666666 191 65 1.25713278688525 0.49706393442623
4.04999999999999 189 64 2.23245081967213 1.25139262295082
5.06666666666665 189 62 1.60790983606557 6.99303278688525
7.09999999999998 188 63 1.49146967213115 7.25261557377049
8.09999999999998 185 66 1.92427166666667 5.80016166666667
10.1000000000001 184 66 1.71193 2.82262166666667
13.1000000000002 183 67 1.54732277777778 3.19683
14.1000000000003 182 67 2.23969 2.43995666666667
16.1000000000004 180 67 1.9984975 2.63902
17.116666666667 179 68 2.59941147540984 2.5856262295082
18.1333333333336 178 69 2.27700163934426 2.90728196721311
19.1500000000002 178 68 2.53060491803279 3.65855409836066
21.1833333333334 175 68 1.75989344262295 4.27538852459016
24.2333333333332 174 69 1.77338797814208 4.58867595628415
25.2499999999998 171 71 1.40830327868853 3.57110655737705
27.2833333333331 171 70 1.22025655737705 4.50671639344262
28.2999999999997 170 71 2.16488852459016 6.7848131147541
29.3166666666663 170 70 2.3012 4.02179016393443
30.3333333333329 169 70 4.21894590163935 4.02234754098361
31.3499999999995 169 69 2.25580327868852 2.33820327868852
32.3666666666661 168 69 1.70248852459016 5.54417540983607
33.3833333333327 167 69 2.10850327868852 6.8955131147541
34.3999999999993 165 70 1.43103934426229 8.56539180327869
35.4166666666659 163 70 1.11816885245902 8.25592950819672
37.4499999999992 162 69 1.23844918032787 8.24578196721312
38.4666666666658 160 71 1.25039180327869 8.8046262295082
39.4833333333324 159 71 1.20054754098361 10.0065491803279
41.5166666666656 158 70 1.39460819672131 6.75296475409836
44.5666666666654 157 70 1.10498032786885 1.40063005464481
45.583333333332 155 72 1.15487213114754 1.21206721311475
46.5999999999986 153 72 1.15979836065574 2.99332786885246
47.6166666666652 151 72 1.3887868852459 2.12513114754098
50.6666666666651 150 73 1.36318852459016 5.28729344262295
51.6833333333317 149 74 1.08024918032787 8.20919508196721
52.6999999999983 148 75 1.17103114754098 1.24002950819672
54.7333333333315 146 76 1.08954508196721 1.25685
55.7499999999981 145 76 1.03727868852459 0.989209836065574
57.7833333333313 144 77 1.06773032786885 2.8139393442623
58.7999999999979 143 78 1.01467049180328 1.18507704918033
60.8333333333312 142 78 0.992933606557377 1.11116721311475
62.8666666666644 141 79 1.15846475409836 2.57477950819672
63.883333333331 141 78 1.09130983606557 2.73529672131148
64.8999999999976 140 78 1.04288852459016 2.84824426229508
65.9166666666642 138 78 1.09550819672131 1.17814262295082
67.9499999999974 137 78 1.07189262295082 1.04644098360656
68.966666666664 135 78 0.956940983606558 1.12992295081967
69.9833333333306 133 80 0.972803278688525 1.67089016393443
72.0166666666639 132 81 0.967659836065574 1.10556393442623
73.0333333333305 131 81 1.12560327868852 1.11045409836066
74.0499999999971 130 81 0.885655737704918 1.11402459016393
75.0666666666637 130 80 0.862413114754098 1.60495901639344
76.0833333333303 129 79 0.828883606557377 1.23672459016393
77.0999999999969 127 80 0.831693442622951 2.41695081967213
80.1499999999967 125 81 0.862263387978142 2.04600819672131
82.18333333333 125 80 0.877458196721311 2.02650163934426
83.1999999999966 125 79 2.19208196721311 2.3125
85.2333333333298 122 82 0.849648360655737 1.3908131147541
87.266666666663 122 81 0.838963114754098 1.17691721311475
88.2833333333296 121 82 1.47632295081967 1.56195245901639
89.2999999999962 120 83 2.14359508196721 1.41373114754098
90.3166666666628 119 83 0.950063934426229 1.08096229508197
92.349999999996 118 84 0.860793442622951 1.34875163934426
96.4166666666625 117 84 1.3025012295082 2.07662295081967
97.4333333333291 117 83 0.934459016393442 3.57570327868853
101.499999999996 116 84 0.880814754098361 3.51352581967213
102.516666666662 115 85 0.889906557377049 5.18530491803279
104.549999999995 114 85 1.06848278688525 2.49391885245902
106.583333333329 113 85 0.809499180327869 1.44828360655738
109.633333333328 110 85 0.811188524590164 1.49828142076503
112.683333333328 109 86 0.793416939890711 1.6115781420765
115.733333333328 109 85 0.735637704918033 1.63588524590164
116.749999999995 109 84 0.762513114754098 1.50251639344262
117.766666666661 108 83 1.41219508196721 1.60041967213115
118.783333333328 106 84 2.19680983606557 1.67042131147541
119.799999999994 106 83 0.870432786885246 1.52485573770492
126.916666666661 106 82 0.817735128805621 2.63396510538642
130.93333333333 106 81 0.853926556016598 2.72453112033195
131.93333333333 105 82 0.787038333333333 3.50677333333333
135.933333333334 104 83 0.771770833333333 1.36970041666667
137.933333333335 103 83 0.789484166666666 1.37117583333333
138.933333333336 102 83 0.786475 1.30731833333333
139.933333333337 99 86 0.775761666666667 1.478805
141.933333333338 98 87 0.889426666666666 1.3810975
142.933333333339 97 87 0.809341666666667 1.63180833333333
144.933333333341 96 87 0.803194166666666 6.387185
145.933333333342 95 88 0.752336666666667 1.41226
150.933333333346 95 87 0.727237333333333 1.88404233333333
151.933333333346 94 87 0.705395 1.745185
153.933333333348 94 86 0.687803333333334 1.73169583333333
154.933333333349 94 85 0.64398 2.11988
157.933333333351 94 84 0.637632222222222 1.86351444444444
160.933333333354 93 85 0.649144444444444 1.04516555555556
162.933333333355 92 84 0.650755 0.823664166666667
163.933333333356 92 82 0.64974 0.905633333333333
165.933333333358 92 81 0.681439166666667 0.926231666666667
168.93333333336 90 83 0.672637777777778 0.790967222222222
169.933333333361 90 82 0.62447 0.864568333333333
170.933333333362 89 83 0.652648333333333 0.913821666666667
184.933333333373 88 84 0.656345476190476 0.425384404761905
197.933333333383 87 85 0.681691923076923 0.467323974358974
199.933333333385 86 85 0.603544166666667 0.165769166666667
200.933333333385 85 85 0.65254 0.624961666666667
202.933333333387 84 84 0.691585833333333 0.587225
208.933333333392 84 83 0.612786388888889 0.627987777777778
210.933333333393 83 83 0.569011666666666 0.602286666666667
211.933333333394 82 84 0.579621666666666 0.59857
213.933333333396 81 84 0.5915825 0.552455833333333
218.9333333334 80 85 0.575325333333333 0.182449666666667
224.933333333404 80 84 0.593614722222222 0.532946388888889
225.933333333405 79 85 0.548276666666667 2.27163
229.933333333408 79 84 0.567797083333334 2.75002958333333
233.933333333412 78 84 0.611742916666667 0.477345
235.933333333413 77 85 0.578693333333333 0.227166666666667
236.933333333414 76 86 0.518763333333333 0.204793333333333
246.933333333422 76 85 0.516967 0.184759333333333
251.933333333426 75 86 0.519146666666666 0.274478666666667
253.933333333428 74 86 0.5147125 0.159835
265.083333333421 73 86 0.526820179372197 0.181897010463378
266.100000000087 72 87 0.494375409836066 0.247254098360656
274.233333333413 72 86 0.494708606557377 0.223392418032787
288.466666666733 71 85 0.498200936768149 0.469440632318501
302.700000000053 71 84 0.493287470725996 0.628733840749415
303.716666666719 70 85 0.508650819672131 0.348447540983607
304.733333333385 69 86 0.5103 0.223444262295082
306.766666666716 68 86 0.488945081967213 0.162168852459016
325.0666666667 67 86 0.498821584699453 0.326004189435337
327.100000000031 67 84 0.982072950819672 0.406786885245902
328.116666666697 67 83 0.678132786885246 0.183796721311475
331.166666666694 66 84 0.691050819672132 0.22383825136612
332.18333333336 66 83 0.467444262295082 0.178322950819672
333.200000000026 64 85 0.521149180327869 0.226409836065574
334.216666666691 63 86 0.567034426229508 0.207454098360656
335.233333333357 63 85 0.457970491803279 0.196814754098361
336.250000000023 61 87 0.443124590163935 0.151804918032787
338.283333333354 61 86 0.512627868852459 0.250043442622951
341.333333333352 61 85 0.481595081967213 0.215515300546448
347.433333333346 60 86 0.487766393442623 0.190958469945355
358.616666666669 59 87 0.465248435171386 0.156740089418778
368.783333333327 58 87 0.469559344262296 0.260407704918033
424.699999999942 57 88 0.449772906110283 0.232070998509687
463.333333333241 56 88 0.449541803278688 0.162461389128559
467.399999999904 55 88 0.449942213114754 0.19076762295082
477.566666666561 54 89 0.438336885245902 0.15477868852459
536.533333333174 54 88 0.4500076879593 0.160458931599774
600 54 88 0.451959875097581 0.158229924538121
