# New log 28/04/2014 02:08:17
1 192 64 2.494325 1.013905
3.03333333333333 191 64 2.03421393442623 0.672727868852459
4.04999999999999 190 64 1.80137704918033 0.668595081967213
5.06666666666665 189 61 1.80517704918033 0.369608196721312
6.08333333333332 187 59 3.8990868852459 4.54514918032787
7.09999999999998 187 55 3.10943442622951 0.651198360655738
8.09999999999998 186 53 2.22563166666667 0.42954
9.10000000000003 184 55 2.04646166666667 0.580206666666667
10.1000000000001 184 53 3.81970833333333 0.992773333333333
11.1000000000001 183 53 4.18546833333333 1.12503
12.1000000000002 182 53 4.25950166666667 1.11193666666667
14.1000000000003 180 53 4.0689525 1.06398
15.1000000000003 180 52 3.78153 1.27483333333333
16.1000000000004 179 53 5.04172166666667 1.23556833333333
17.116666666667 178 53 6.90875901639344 0.756509836065574
18.1333333333336 178 52 7.36810327868853 1.55866721311475
21.1833333333334 176 53 7.82965136612022 1.57855683060109
22.2 176 52 7.86382786885246 1.90993278688525
23.2166666666666 174 52 9.63224426229509 2.5572
24.2333333333332 172 52 9.98067868852459 1.77017540983607
25.2499999999998 171 53 9.71819016393443 1.43287868852459
27.2833333333331 170 54 9.00582213114754 1.24061475409836
28.2999999999997 169 55 8.13281803278689 0.899344262295082
29.3166666666663 166 56 7.09866885245902 0.637791803278689
31.3499999999995 165 56 7.26554836065573 0.518734426229508
32.3666666666661 164 54 8.27836557377049 0.789775409836066
33.3833333333327 161 54 5.7309737704918 0.44806393442623
34.3999999999993 160 53 6.25161967213115 2.74557049180328
36.4333333333325 159 52 3.58233032786885 2.19802295081967
38.4666666666658 157 52 2.27864754098361 1.10825
39.4833333333324 156 49 1.38341803278689 0.318029508196721
40.499999999999 155 49 2.60344918032787 0.302813114754098
41.5166666666656 153 49 2.40246557377049 0.351116393442623
43.5499999999988 152 50 2.83835573770492 0.657909016393443
44.5666666666654 150 52 3.00398196721311 0.834049180327869
45.583333333332 147 53 4.89689344262295 0.807719672131148
46.5999999999986 146 54 2.24504918032787 0.598583606557377
47.6166666666652 145 55 1.93857540983607 0.549598360655738
49.6499999999985 145 54 6.14014590163935 1.58748278688525
50.6666666666651 144 53 3.15678032786885 0.999532786885246
52.6999999999983 143 53 2.98154426229508 1.37237540983607
53.7166666666649 143 52 1.93868032786885 1.02192131147541
55.7499999999981 141 53 1.5495237704918 0.924703278688525
57.7833333333313 141 52 2.04830819672131 1.16070655737705
60.8333333333312 139 54 2.73562295081967 1.29474153005464
61.8499999999978 138 55 1.66836065573771 1.67394426229508
62.8666666666644 136 56 3.33033278688525 1.0527
63.883333333331 135 56 3.05297704918033 0.570024590163934
64.8999999999976 134 57 2.66499016393443 0.546491803278689
65.9166666666642 133 56 1.63382295081967 0.41736393442623
67.9499999999974 133 55 1.31224672131148 0.306497540983607
73.0333333333305 132 56 1.20400557377049 1.00045606557377
74.0499999999971 131 56 1.19569836065574 1.29498196721311
76.0833333333303 130 57 1.81802459016394 1.45722131147541
77.0999999999969 129 58 1.22061967213115 1.15831475409836
78.1166666666635 127 59 1.19121639344262 0.615145901639344
80.1499999999967 127 58 2.13484508196721 1.26868278688525
81.1666666666633 126 59 3.18266557377049 1.44341475409836
86.2499999999964 125 60 2.27808852459016 1.2045593442623
88.2833333333296 125 59 1.56411065573771 1.13493196721311
91.3333333333294 124 58 1.3579087431694 0.911280327868853
92.349999999996 123 58 2.10537049180328 0.966116393442623
93.3666666666627 122 59 2.00854918032787 1.1847868852459
94.3833333333293 121 60 1.64505081967213 0.474660655737705
95.3999999999959 121 59 1.61451475409836 0.409862295081967
96.4166666666625 120 60 1.62997704918033 0.443881967213115
97.4333333333291 119 59 1.91732131147541 0.647004918032787
98.4499999999957 119 58 1.95375737704918 0.535540983606557
99.4666666666623 119 57 1.88834590163934 0.620167213114754
100.483333333329 118 58 2.19171803278689 0.467409836065574
108.616666666662 117 59 2.6052893442623 0.680627254098361
112.683333333328 117 58 1.69121147540984 0.41781762295082
119.799999999994 116 58 1.5479 0.720221779859485
132.933333333331 116 57 0.937729314720812 0.240622335025381
133.933333333332 116 56 2.14560166666667 0.565408333333333
138.933333333336 116 55 1.28766133333333 0.278763333333333
140.933333333338 115 56 0.891571666666667 2.60008083333333
142.933333333339 114 56 0.915003333333334 0.195995833333333
149.933333333345 114 55 0.881905238095239 0.221565952380952
152.933333333347 113 55 1.23604555555556 0.409471111111111
158.933333333352 112 56 1.93448972222222 0.861179166666667
163.933333333356 112 55 0.927179 1.194055
171.933333333362 111 55 1.03334583333333 0.753857083333333
174.933333333365 110 55 0.9269 0.187277777777778
177.933333333367 109 55 0.951593333333334 0.495266666666667
179.933333333369 109 54 0.896835 1.00645416666667
188.933333333376 108 55 0.912017407407407 0.57284962962963
199.933333333385 107 56 0.848765303030302 0.599012272727273
202.933333333387 105 57 1.04463222222222 0.613598333333333
213.933333333396 104 57 0.875113030303031 0.323124696969697
217.933333333399 104 56 0.846513333333334 0.238167916666667
218.9333333334 103 57 0.713981666666667 0.218558333333333
225.933333333405 103 56 0.730387142857143 0.196670238095238
236.933333333414 102 57 0.765677424242425 0.206905606060606
242.933333333419 102 56 0.907976111111111 0.264334722222222
246.933333333422 101 57 0.74832375 0.244197916666667
248.933333333424 100 58 0.820925 0.257740833333333
249.933333333424 99 59 0.718128333333333 0.165001666666667
251.933333333426 99 58 0.7032775 0.163924166666667
255.933333333429 98 59 0.691396666666667 0.203202916666667
258.983333333426 97 59 0.675487431693989 0.182084699453552
262.033333333424 96 60 0.636741530054645 0.177349726775956
282.366666666739 95 60 0.699703852459016 0.212324918032787
288.466666666733 94 61 0.627340710382514 0.155493989071038
290.500000000064 94 60 0.670716393442623 0.1736
291.51666666673 93 60 0.655308196721312 0.18227868852459
303.716666666719 93 59 0.642399590163934 0.172699043715847
308.800000000048 92 59 0.714633770491804 0.243781967213115
334.216666666691 91 59 0.867561639344262 0.21223593442623
344.383333333349 90 60 0.654883114754098 0.217102786885246
348.450000000012 89 61 0.64073606557377 0.289256557377049
361.666666666666 88 61 0.65953581336696 0.393779319041614
366.749999999995 86 62 0.703329836065573 0.309222950819672
367.766666666661 86 61 0.690185245901639 0.307522950819672
377.933333333318 85 61 0.640894426229509 0.309160655737705
380.983333333316 85 60 0.634973770491803 0.28050218579235
393.183333333304 85 59 0.618956420765027 0.276775136612022
400.299999999965 85 58 0.627740281030445 0.311171194379391
424.699999999942 84 59 0.664390846994536 0.297876092896175
433.849999999934 83 59 0.651109471766848 0.315322950819672
434.8666666666 83 58 0.645068852459016 0.205485245901639
444.016666666592 82 59 0.658821493624773 0.291870673952641
445.033333333257 82 58 0.63348524590164 0.290995081967213
452.149999999917 80 58 0.64836018735363 0.363918969555035
454.183333333249 80 57 0.660854098360656 0.378706557377049
455.199999999915 79 58 0.654029508196721 0.485526229508197
461.299999999909 78 59 0.616368579234973 0.277362841530055
466.383333333238 78 58 0.658888852459017 0.36739737704918
467.399999999904 77 59 0.63245737704918 0.168324590163934
469.433333333235 76 59 0.625877868852459 0.232954918032787
470.449999999901 75 59 0.612070491803279 0.429301639344262
471.466666666567 74 60 0.625240983606557 0.234152459016393
490.783333333216 73 61 0.601603106125971 0.2088505608283
499.933333333207 73 59 0.774190710382514 0.201948087431694
511.11666666653 72 60 0.815346944858421 0.235069448584203
517.216666666525 71 61 1.75760273224044 0.436105191256831
525.349999999851 71 60 1.76427868852459 0.465557786885246
532.466666666511 70 61 1.76864168618267 0.505344730679157
542.633333333168 69 61 1.79663524590164 0.49037393442623
544.6666666665 68 62 0.58413606557377 0.167365573770492
546.699999999831 67 62 0.593287704918033 0.184116393442623
548.733333333163 66 63 0.58570737704918 0.175893442622951
551.78333333316 65 64 0.578218579234973 0.172647540983607
553.816666666492 64 63 0.556029508196722 0.189869672131148
555.849999999823 64 62 0.585724590163934 0.149302459016393
591.433333333124 63 63 0.987381170960186 0.342219016393443
595.499999999787 62 64 1.00157172131148 0.357652459016393
600 62 64 0.998464918032787 0.386775737704918
