# New log 28/04/2014 02:05:09
1 192 64 5.23444666666667 1.98818
3.03333333333333 192 63 3.3296631147541 1.46065245901639
4.04999999999999 192 61 3.19147704918033 1.36998032786885
5.06666666666665 190 56 4.37956393442623 1.41704590163934
6.08333333333332 189 56 3.11312786885246 1.37497213114754
7.09999999999998 188 56 3.21272295081967 1.00522459016393
8.09999999999998 188 55 3.42238333333333 0.966833333333333
9.10000000000003 188 53 3.859975 1.09033833333333
10.1000000000001 187 52 3.37850333333333 0.908536666666667
12.1000000000002 185 52 3.69007583333333 1.0376525
13.1000000000002 185 50 3.94324166666667 0.830338333333333
14.1000000000003 185 48 4.20994333333333 0.836215
15.1000000000003 182 48 6.03752333333334 1.33252666666667
16.1000000000004 182 47 6.07307166666666 0.961758333333333
18.1333333333336 181 47 7.07815655737705 0.841529508196721
19.1500000000002 179 49 7.63967540983606 0.924732786885246
23.2166666666666 179 47 5.27751639344262 1.02086639344262
24.2333333333332 179 45 4.77701639344262 1.17968196721311
25.2499999999998 178 45 4.26050327868852 1.51018524590164
26.2666666666665 177 46 5.05008524590164 2.02824262295082
28.2999999999997 177 45 4.61964262295082 1.3585893442623
29.3166666666663 176 43 5.63524754098361 1.30678032786885
34.3999999999993 175 43 5.54925967213115 1.31149803278689
35.4166666666659 174 43 5.0425606557377 0.449198360655738
36.4333333333325 174 42 4.82558360655738 0.565929508196721
37.4499999999992 173 42 4.50877704918033 0.26564262295082
40.499999999999 172 42 5.80855901639344 0.714488524590164
41.5166666666656 171 42 7.42739836065574 0.992395081967213
42.5333333333322 170 43 3.78163278688525 1.08554098360656
47.6166666666652 169 44 5.08864262295082 0.957493442622951
48.6333333333319 167 45 5.33970163934426 0.845177049180328
49.6499999999985 167 44 9.67939016393442 1.5139737704918
51.6833333333317 166 44 4.29907868852459 0.302881967213115
53.7166666666649 165 45 3.74005573770492 0.495939344262295
54.7333333333315 164 45 3.77074426229508 0.704363934426229
55.7499999999981 164 44 3.90929344262295 0.676870491803279
59.8166666666646 164 43 6.12545737704918 1.07142663934426
60.8333333333312 162 42 4.77820327868852 1.12308196721311
61.8499999999978 162 40 5.80913770491803 1.41096885245902
63.883333333331 162 39 7.07420819672131 1.96180983606557
65.9166666666642 161 40 9.53851639344263 1.97159590163934
69.9833333333306 161 39 9.25064016393442 2.36728442622951
72.0166666666639 159 39 10.1954032786885 2.4903131147541
75.0666666666637 158 40 9.17978907103826 2.24648797814208
77.0999999999969 158 39 9.16174672131148 2.18712213114754
79.1333333333301 158 37 7.84535245901639 1.76279016393443
81.1666666666633 157 38 7.93976475409836 2.37679016393443
83.1999999999966 157 37 6.7890368852459 2.1860893442623
87.266666666663 157 35 4.63304016393443 1.76434754098361
88.2833333333296 156 35 4.70719836065574 1.58161803278689
91.3333333333294 156 34 3.67588743169399 1.97686010928962
93.3666666666627 156 33 3.95599836065574 0.988240983606557
94.3833333333293 156 32 4.76326229508197 1.1444393442623
95.3999999999959 155 32 4.80694590163934 1.11867704918033
100.483333333329 155 31 4.27935540983607 1.35601770491803
101.499999999996 152 33 4.14437049180328 1.282
102.516666666662 151 34 4.25271967213115 1.36045081967213
103.533333333329 150 34 4.48251147540984 1.32078360655738
105.566666666662 148 35 5.42913442622951 1.2865262295082
106.583333333329 147 36 4.69219016393443 0.803344262295082
110.649999999995 145 37 3.71058524590164 0.717298360655738
113.699999999995 144 37 2.18115846994535 0.0913524590163935
114.716666666661 143 37 2.02864098360656 0.090372131147541
115.733333333328 142 38 1.9408606557377 0.0390245901639344
118.783333333328 141 39 1.95564863387978 0.0613169398907104
119.799999999994 140 40 1.95980655737705 0.0416688524590164
120.816666666661 140 39 1.86162295081967 0.0478786885245902
128.933333333328 139 40 2.39961211498973 0.111266324435318
143.93333333334 138 40 3.50548355555556 1.14592488888889
152.933333333347 138 39 3.57407833333333 0.698524444444445
154.933333333349 137 39 3.69456416666666 0.826151666666667
157.933333333351 136 40 3.85952222222222 0.815482222222222
159.933333333353 135 40 3.76262916666667 0.323801666666667
160.933333333354 135 39 3.77909 0.120401666666667
162.933333333355 134 39 3.87960916666667 0.126369166666667
208.933333333392 133 40 2.84948797101449 0.149664891304348
212.933333333395 132 41 2.20148583333333 0.03901625
223.933333333404 131 42 2.19558348484848 0.0444075757575758
228.933333333408 130 43 2.17805733333333 0.0511133333333333
275.250000000078 129 43 2.20093655991364 0.116508708168406
290.500000000064 129 42 2.22720426229508 0.117214972677596
292.533333333396 128 43 2.3145262295082 0.14426393442623
294.566666666727 128 42 2.19558852459016 0.171109016393443
310.833333333379 127 42 2.24794723360656 0.200777663934426
314.900000000042 126 43 2.29215696721311 0.114066803278689
323.033333333368 125 43 2.19564672131148 0.124876844262295
324.050000000034 124 44 2.12356721311475 0.156840983606557
337.266666666689 122 45 2.12793593947037 0.132555737704918
341.333333333352 122 44 2.11168483606557 0.123491393442623
346.41666666668 121 44 2.12845967213115 0.0938940983606558
357.600000000003 121 43 2.11246229508197 0.0967448584202683
361.666666666666 120 42 2.09512663934426 0.0658569672131148
370.816666666658 120 41 2.09830072859745 0.0716089253187614
371.833333333324 120 40 2.08432786885246 0.0371311475409836
379.96666666665 119 40 2.09330307377049 0.152367418032787
385.049999999978 119 39 2.07895967213115 0.414327540983607
394.19999999997 118 40 2.04174881602914 0.0211706739526412
413.516666666619 117 40 2.07669991371872 0.289906212251941
435.883333333266 117 39 2.06188524590164 0.0119883010432191
477.566666666561 117 38 2.09764618152739 0.0184301879248301
520.266666666522 117 37 2.08372478532396 0.0122004293520687
600 117 37 2.13557796223283 0.0158235733554679
