# New log 28/04/2014 01:20:39
1 192 64 2.204835 9.28082
5.06666666666665 190 65 2.1754237704918 1.72210491803279
9.10000000000003 189 65 3.08148842975206 5.94557148760331
10.1000000000001 189 64 1.41282 6.74934833333333
11.1000000000001 188 65 2.00264 7.65011333333333
12.1000000000002 188 64 1.45628666666667 7.45329333333333
13.1000000000002 186 65 1.98504166666667 7.41849166666667
14.1000000000003 185 66 1.55697166666667 4.07612333333333
15.1000000000003 184 67 1.68086333333333 4.435535
16.1000000000004 183 67 1.68319333333333 6.98498333333333
18.1333333333336 182 68 1.79463278688525 7.54957950819672
19.1500000000002 181 68 1.73524754098361 6.90922950819672
20.1666666666668 180 68 2.10143278688525 7.01649508196721
21.1833333333334 179 67 1.96972131147541 7.50064098360656
22.2 178 67 2.26608852459016 8.41730491803279
24.2333333333332 177 68 1.72321639344262 9.59155245901639
25.2499999999998 176 69 2.02354754098361 7.43359508196721
26.2666666666665 175 69 1.6570131147541 8.83489672131148
28.2999999999997 173 68 1.7432106557377 6.30911475409836
29.3166666666663 171 69 1.49503442622951 7.74064590163935
30.3333333333329 171 68 1.41635573770492 6.65012295081967
32.3666666666661 171 65 1.54978278688525 8.77691885245902
34.3999999999993 171 64 1.39733278688525 11.1181
35.4166666666659 170 64 1.48858196721311 11.3384278688525
39.4833333333324 170 63 1.34467459016393 10.728381147541
40.499999999999 170 62 1.27288032786885 11.0535639344262
44.5666666666654 169 63 1.32529590163935 10.3133086065574
45.583333333332 168 64 1.21068196721311 10.2976491803279
46.5999999999986 165 66 1.27943278688525 8.72652131147541
47.6166666666652 164 64 1.24876885245902 9.1016393442623
48.6333333333319 163 64 1.29007540983607 10.4958540983607
49.6499999999985 163 61 1.27354426229508 9.98608032786885
50.6666666666651 162 59 1.51405901639344 9.48858196721311
53.7166666666649 162 58 1.29645300546448 11.5336601092896
56.7666666666647 161 59 2.37440109289617 10.4879732240437
59.8166666666646 161 58 2.18235464480874 10.6069327868852
60.8333333333312 161 57 2.76534262295082 10.3275049180328
62.8666666666644 161 56 2.57377704918033 11.0601704918033
63.883333333331 160 57 2.63474098360656 10.9106442622951
65.9166666666642 159 58 1.66076147540984 10.975356557377
66.9333333333308 158 57 1.60530327868852 10.1152655737705
67.9499999999974 156 57 1.47954918032787 11.1146262295082
69.9833333333306 155 58 1.44645819672131 11.1937737704918
72.0166666666639 155 55 1.35436639344262 11.1277770491803
73.0333333333305 153 55 1.61843278688525 10.7521852459016
74.0499999999971 152 55 1.40135245901639 10.9107737704918
78.1166666666635 151 55 1.28605942622951 11.2897102459016
81.1666666666633 151 54 1.2307650273224 11.3778021857923
84.2166666666632 150 55 1.25028306010929 12.0448666666667
85.2333333333298 149 56 1.25290655737705 12.7288786885246
89.2999999999962 148 56 1.2603881147541 11.4441331967213
90.3166666666628 147 56 1.1610131147541 11.5464491803279
91.3333333333294 145 57 1.19245573770492 10.8511393442623
92.349999999996 144 57 1.23287049180328 10.8423459016393
95.3999999999959 143 58 1.26352568306011 11.7089595628415
99.4666666666623 142 58 1.17751229508197 10.1289602459016
102.516666666662 142 57 1.22285792349727 10.6495426229508
103.533333333329 142 56 1.07379836065574 11.2870508196721
105.566666666662 142 55 1.10470327868852 11.2337245901639
106.583333333329 142 54 1.17786885245902 10.9869606557377
107.599999999995 142 53 1.10714098360656 9.92341803278689
108.616666666662 141 54 1.16992131147541 10.6025786885246
111.666666666662 140 53 1.12123715846995 10.899350273224
118.783333333328 139 54 1.26884660421546 10.2532754098361
122.849999999994 139 53 1.18749139344262 11.3641348360656
124.883333333328 138 54 1.21509426229508 11.7045549180328
125.899999999994 138 53 1.14534426229508 12.2978213114754
126.916666666661 137 54 1.08741803278689 11.9085163934426
128.933333333328 135 56 1.0381132231405 11.5063173553719
135.933333333334 134 57 1.04225928571429 11.0248935714286
140.933333333338 134 56 1.05509366666667 12.3660033333333
143.93333333334 134 55 1.07843944444444 12.0276472222222
146.933333333342 134 54 1.081485 11.1420144444444
154.933333333349 133 55 1.11240041666667 12.2670095833333
158.933333333352 132 55 1.0971175 12.2744825
160.933333333354 131 56 1.01802166666667 11.981385
179.933333333369 130 57 1.0667850877193 11.2157686842105
187.933333333375 128 58 1.06328416666667 11.3481854166667
189.933333333377 128 57 1.009135 11.3759233333333
194.933333333381 127 57 1.093877 10.8449496666667
196.933333333382 125 58 1.0273425 11.2878883333333
199.933333333385 124 59 1.06487888888889 11.6991061111111
203.933333333388 123 59 1.0487775 12.08778625
204.933333333389 122 60 1.00445833333333 12.1805716666667
213.933333333396 121 60 0.992561666666667 11.7858794444444
225.933333333405 120 61 0.966285555555556 11.7077748611111
233.933333333412 119 62 0.959661458333334 11.5643941666667
245.933333333421 118 62 0.960228472222223 11.5140355555556
249.933333333424 117 62 0.930260833333334 11.7571579166667
256.950000000095 116 62 0.948442517814728 11.7684349168646
260.000000000092 115 63 0.962200546448088 11.8022655737705
262.033333333424 113 64 0.903829508196721 11.3427590163934
272.200000000081 112 65 0.919876885245901 11.0800744262295
281.350000000073 111 65 0.922134061930783 11.8424712204007
283.383333333404 110 66 0.896895081967213 11.7223655737705
301.683333333388 109 67 0.904425591985428 11.6948612932605
323.033333333368 109 66 0.901886963309913 11.9754359094457
337.266666666689 108 66 0.906201405152226 11.7498496487119
338.283333333354 107 67 0.918798360655738 11.3155754098361
343.366666666683 107 66 0.920906229508197 11.3444901639344
344.383333333349 105 68 0.934837704918033 11.6026737704918
346.41666666668 104 68 0.914801639344262 11.5558950819672
347.433333333346 103 69 0.902004918032787 11.4405737704918
348.450000000012 102 70 0.871354098360656 11.0996573770492
355.566666666672 100 72 0.847874707259953 11.473606088993
366.749999999995 98 74 0.819015201192251 10.5586105812221
367.766666666661 97 75 0.782109836065574 10.3381147540984
371.833333333324 97 74 0.765527049180328 10.280687704918
374.883333333321 96 75 0.774600546448087 10.2608710382514
391.149999999973 95 75 0.784879508196721 10.4959925204918
397.249999999967 94 76 0.781378142076503 9.93101530054645
400.299999999965 93 77 0.751434426229508 10.0545524590164
401.31666666663 92 77 0.731686885245902 10.2053426229508
402.333333333296 92 76 0.72324262295082 9.93249836065574
404.366666666628 92 75 0.721466393442623 7.74015245901639
407.416666666625 92 74 0.711553551912568 4.48885464480874
418.599999999948 92 73 0.723693144560357 6.08507362146051
426.733333333274 91 74 0.677711270491803 0.923361065573771
428.766666666605 90 75 0.675053278688525 1.61012049180328
441.98333333326 89 76 0.682357503152585 1.13435510718789
446.049999999923 88 76 0.658729508196721 0.59292131147541
478.583333333227 87 77 0.65544574795082 0.589439702868853
488.749999999884 87 76 0.656220983606558 0.585208524590164
489.76666666655 86 77 0.682665573770492 0.670859016393443
495.866666666544 85 78 0.644092349726776 0.554803278688525
506.033333333202 84 78 0.60912 0.511492786885246
513.149999999862 84 77 0.604622716627635 0.499398360655738
524.333333333185 84 76 0.650955886736215 2.35088405365127
575.166666666472 84 75 0.675506393442622 5.62747918032787
576.183333333138 83 76 0.713503278688525 10.9286147540984
600 83 76 0.654681762295081 6.61860116120219
