# New log 28/04/2014 01:27:33
1 192 64 6.189515 2.654345
4.04999999999999 191 63 3.2964825136612 2.04683661202186
6.08333333333332 190 63 3.10661229508197 1.30510409836066
7.09999999999998 190 62 3.46538032786885 0.963403278688525
8.09999999999998 190 60 3.55238666666667 0.967785
10.1000000000001 188 58 3.46490333333333 1.39117416666667
11.1000000000001 187 57 3.88267833333333 1.73074666666667
12.1000000000002 184 57 4.020735 1.37644
14.1000000000003 183 56 7.46388166666667 2.57009833333333
15.1000000000003 183 55 7.8736 2.96139666666667
17.116666666667 182 54 7.88125785123967 1.82481570247934
18.1333333333336 182 53 6.45091475409836 1.63995409836066
19.1500000000002 180 54 7.83449836065573 1.66609180327869
20.1666666666668 180 51 8.67001639344262 1.8343131147541
21.1833333333334 180 50 9.21820655737705 1.96745901639344
22.2 180 48 10.1998114754098 2.41607704918033
23.2166666666666 179 48 7.86698032786885 1.78026229508197
24.2333333333332 178 49 7.09659344262295 1.42499672131148
25.2499999999998 177 50 7.31030819672131 1.58519344262295
27.2833333333331 177 49 7.12824344262295 1.16345655737705
29.3166666666663 177 48 7.51142950819672 1.45864918032787
30.3333333333329 177 46 7.48999508196721 0.961596721311475
31.3499999999995 176 45 9.64524098360656 1.09827540983607
32.3666666666661 176 44 8.42790819672131 0.882406557377049
33.3833333333327 176 43 8.19689016393442 1.10551639344262
35.4166666666659 176 42 8.59602295081968 1.05625409836066
36.4333333333325 175 43 7.19709508196722 0.910354098360656
37.4499999999992 175 42 7.18907049180328 1.01555901639344
38.4666666666658 175 40 7.34172950819672 0.745344262295082
40.499999999999 174 38 8.20638278688524 1.17607131147541
42.5333333333322 174 37 5.16345573770492 0.904146721311475
44.5666666666654 173 37 5.08583114754099 1.06293032786885
45.583333333332 172 37 5.07312950819672 1.48704262295082
47.6166666666652 172 35 4.83415 1.05110491803279
51.6833333333317 171 36 5.27690163934426 2.00660327868852
55.7499999999981 170 36 4.94061516393443 2.20476721311475
57.7833333333313 169 36 5.84238032786885 3.07450901639344
58.7999999999979 168 36 6.7119131147541 3.22769836065574
60.8333333333312 166 37 5.38181639344263 3.39233278688525
62.8666666666644 166 36 4.37150491803279 3.77214672131148
65.9166666666642 165 37 3.94316557377049 3.38793387978142
66.9333333333308 165 35 4.12583442622951 3.29216065573771
70.9999999999973 165 34 4.17194180327869 2.27075860655738
73.0333333333305 164 35 3.96213114754098 1.89568032786885
76.0833333333303 164 34 4.84616338797814 2.21389945355191
77.0999999999969 163 35 5.20102131147541 2.53653770491803
81.1666666666633 162 35 4.08630778688524 2.22320983606557
85.2333333333298 161 35 4.04994180327869 2.05068196721311
88.2833333333296 161 34 4.59316065573771 2.0547087431694
89.2999999999962 160 35 4.15368032786885 1.78713442622951
92.349999999996 159 35 4.00157540983606 1.95153005464481
93.3666666666627 159 33 3.92064098360656 1.92959836065574
94.3833333333293 159 32 3.96088360655738 1.89919508196721
99.4666666666623 159 31 3.96185049180328 1.38170393442623
100.483333333329 158 31 4.51969180327869 1.31162459016393
101.499999999996 158 29 4.2300868852459 1.53105573770492
102.516666666662 157 29 4.1947 1.66560327868852
103.533333333329 156 30 3.64475081967213 1.68367049180328
104.549999999995 155 30 3.64429344262295 1.73593442622951
105.566666666662 155 29 3.70332131147541 2.03154754098361
112.683333333328 155 28 5.04982740046838 2.06880983606557
119.799999999994 154 29 3.57384730679157 2.64653231850117
124.883333333328 153 28 3.14511704918033 1.55699672131148
125.899999999994 152 29 2.58096065573771 1.37304426229508
131.93333333333 151 30 2.43428314917127 1.16355497237569
137.933333333335 150 31 2.31157444444444 1.04362444444444
138.933333333336 150 30 2.15266666666667 1.046085
140.933333333338 149 30 2.1598 1.58229083333333
142.933333333339 148 30 2.17646916666667 0.89754
144.933333333341 147 31 2.13514666666667 0.858676666666667
146.933333333342 146 31 2.60977916666667 1.06783833333333
148.933333333344 145 31 2.2296525 1.01014
150.933333333346 144 30 2.0911475 1.1325725
158.933333333352 143 30 2.145559375 0.783977708333333
159.933333333353 142 30 3.20327166666667 0.939753333333333
160.933333333354 141 31 3.97657 0.821853333333333
163.933333333356 141 30 2.14713444444444 0.737495555555556
164.933333333357 140 31 1.94461166666667 0.663941666666667
165.933333333358 140 30 3.16835166666667 0.733986666666667
168.93333333336 139 30 4.36635777777778 0.791777777777778
170.933333333362 138 30 2.17558166666667 0.8290075
175.933333333365 137 31 1.986285 0.920859666666667
176.933333333366 136 32 2.20968666666667 1.08898
177.933333333367 135 33 1.86459833333333 0.680705
178.933333333368 135 32 1.85426666666667 0.831366666666667
190.933333333377 134 33 1.81659486111111 0.716290416666667
199.933333333385 133 34 1.85409888888889 0.672319444444444
200.933333333385 132 34 1.79702333333333 0.807791666666667
212.933333333395 131 33 1.81930055555555 0.957804027777778
214.933333333397 131 32 1.7528675 1.3580775
219.933333333401 130 32 1.88196066666667 0.991802333333333
224.933333333404 130 31 1.80110866666667 1.023125
230.933333333409 130 30 1.83343555555556 0.707453611111111
233.933333333412 129 31 2.05719833333333 1.34111611111111
234.933333333412 128 32 2.145905 0.9508
237.933333333415 128 31 2.06351777777778 0.838502777777778
241.933333333418 128 30 1.84992916666667 0.7414125
246.933333333422 127 31 1.787285 0.694151666666667
260.000000000092 126 31 1.71270612244898 0.666094515306123
262.033333333424 125 31 1.68888196721312 0.724188524590164
269.150000000084 124 32 1.76555199063232 1.43300421545667
272.200000000081 123 33 1.70747540983607 1.38072404371585
288.466666666733 122 33 1.69813043032787 1.48988903688525
290.500000000064 121 34 1.77182049180328 1.4634762295082
297.616666666725 120 35 1.63403325526932 0.650010304449649
305.750000000051 119 36 1.66013012295082 0.715132991803279
306.766666666716 119 35 1.60536393442623 0.640829508196721
313.883333333377 118 36 1.74030070257611 0.735562529274005
317.950000000039 117 37 1.64259139344262 0.604202868852459
341.333333333352 117 36 1.60914433357092 0.681602779757662
353.53333333334 116 36 1.77751379781421 0.691939344262295
362.683333333332 115 37 1.80864280510018 0.641567395264117
364.716666666664 115 36 1.61283606557377 0.675051639344262
365.733333333329 114 36 1.70996229508197 0.867654098360656
371.833333333324 113 37 1.56219316939891 0.513230054644809
401.31666666663 113 36 1.60178078010175 0.0140898247597513
414.533333333285 113 35 1.61997528373266 0.0173766708701135
415.549999999951 112 36 2.11673278688525 0.0360360655737705
423.683333333277 111 37 1.6790393442623 0.0224926229508197
432.833333333268 110 38 1.65765318761384 0.013936247723133
438.933333333263 109 38 1.59538333333333 0.0214691256830601
441.98333333326 109 36 1.62357650273224 0.0449196721311475
444.016666666592 108 36 1.64072295081967 0.0479680327868852
445.033333333257 107 37 1.51994426229508 0.0019672131147541
454.183333333249 107 36 1.85596484517304 0.0574449908925319
460.283333333243 106 36 1.57877349726776 0.0125997267759563
465.366666666572 105 37 1.48483180327869 0.00716262295081967
467.399999999904 104 37 1.45195573770492 0.00163688524590164
470.449999999901 103 37 1.42981693989071 0.00145464480874317
493.833333333213 102 38 1.94665010691376 0.0522216678545973
506.033333333202 101 39 2.13498579234973 0.0681188524590164
512.133333333196 101 38 2.12215683060109 0.0675975409836066
515.183333333193 100 38 2.83068087431694 0.146178142076503
516.199999999859 99 39 2.15968032786885 0.0678704918032787
521.283333333188 98 40 2.12541868852459 0.0668652459016394
523.316666666519 98 39 2.09481557377049 0.0576672131147541
528.399999999848 97 40 2.13844262295082 0.066695737704918
536.533333333174 96 41 2.08320983606557 0.0682133196721312
563.983333333149 96 40 2.08423205828779 0.0646647237401336
564.999999999815 95 41 2.14215245901639 0.0619803278688525
572.116666666475 95 40 2.07655737704918 0.0653810304449649
581.266666666467 95 39 2.06125300546448 0.0673214936247723
586.349999999795 95 38 2.05157278688525 0.0790740983606557
587.366666666461 94 38 2.07251803278689 0.0725704918032787
600 94 38 1.99508348045397 0.0578930643127364
