# New log 28/04/2014 01:30:40
1 192 64 2.38952333333333 0.964455
4.04999999999999 189 67 2.1820868852459 0.967194535519126
5.06666666666665 187 68 2.53495409836066 1.05889016393443
7.09999999999998 186 68 2.21789672131148 1.28734262295082
8.09999999999998 186 67 1.692065 0.957235
9.10000000000003 186 65 2.19667166666667 1.44671666666667
10.1000000000001 182 66 1.92307 1.16192333333333
11.1000000000001 181 66 2.09968 0.900378333333333
12.1000000000002 179 67 2.56105 0.569285
13.1000000000002 174 70 3.73452833333333 0.626626666666667
14.1000000000003 174 66 4.09982333333333 0.48221
15.1000000000003 173 65 4.35797833333333 0.691181666666667
16.1000000000004 172 65 5.91612166666667 1.34288833333333
18.1333333333336 170 66 7.04940901639344 1.04364672131148
19.1500000000002 168 65 6.22404098360656 2.51689180327869
20.1666666666668 166 65 3.85176557377049 1.11589016393443
21.1833333333334 166 64 6.05789344262295 0.719044262295082
22.2 165 65 6.75205901639344 0.828460655737705
23.2166666666666 164 65 7.4299606557377 0.952408196721312
24.2333333333332 162 67 7.10971147540984 0.755306557377049
25.2499999999998 159 68 8.29842295081967 0.868872131147541
26.2666666666665 159 67 6.74939672131147 1.14696393442623
27.2833333333331 158 66 7.11737704918033 0.801401639344262
28.2999999999997 156 66 7.18153114754098 1.15043606557377
30.3333333333329 154 68 5.47196967213114 1.28806557377049
31.3499999999995 153 69 5.89332459016393 1.1923868852459
32.3666666666661 152 69 4.82239180327869 0.618504918032787
34.3999999999993 150 69 3.53831475409836 1.71563114754098
35.4166666666659 148 69 2.81994918032787 0.730818032786885
36.4333333333325 145 71 2.00607704918033 0.904159016393443
37.4499999999992 145 70 2.61686229508197 0.669690163934426
38.4666666666658 144 68 3.70183606557377 0.981914754098361
39.4833333333324 142 68 3.20866065573771 0.815891803278689
40.499999999999 142 67 2.80335245901639 0.509226229508197
41.5166666666656 138 70 2.67458196721311 0.684950819672131
42.5333333333322 138 67 3.90876229508197 1.04883770491803
43.5499999999988 136 69 3.06576229508197 0.635527868852459
44.5666666666654 135 68 4.2454131147541 0.952827868852459
47.6166666666652 133 69 6.37182131147541 1.39092131147541
48.6333333333319 133 68 6.60396557377049 1.55455409836066
49.6499999999985 132 69 6.72952295081967 1.55623114754098
51.6833333333317 131 68 8.04488688524591 1.52067295081967
53.7166666666649 129 68 5.44479262295082 1.30746229508197
55.7499999999981 128 69 4.91158278688524 5.7344606557377
56.7666666666647 128 68 5.34202131147541 2.07556885245902
57.7833333333313 126 70 5.57011639344262 1.12374262295082
58.7999999999979 126 69 4.89032786885246 0.483932786885246
59.8166666666646 126 67 3.21055573770492 0.31265737704918
62.8666666666644 125 67 3.282943715847 0.574689071038251
63.883333333331 124 68 3.45354262295082 0.635398360655738
64.8999999999976 123 69 3.26098196721312 0.428560655737705
66.9333333333308 122 70 3.93881885245902 0.562001639344262
67.9499999999974 121 69 2.32117213114754 0.679244262295082
68.966666666664 120 69 1.1742737704918 0.389609836065574
70.9999999999973 119 69 1.23991885245902 0.507436885245902
72.0166666666639 118 70 1.25880163934426 0.331652459016393
73.0333333333305 116 72 1.29960491803279 0.278145901639344
75.0666666666637 115 73 1.15958196721311 0.493114754098361
76.0833333333303 113 75 1.10514262295082 1.04098032786885
77.0999999999969 111 76 1.08580983606557 0.978895081967213
78.1166666666635 109 78 1.08527049180328 0.517118032786885
80.1499999999967 107 78 1.03562295081967 0.488967213114754
84.2166666666632 105 78 1.00269590163934 0.572171721311475
86.2499999999964 105 77 0.954681147540984 0.200923770491803
87.266666666663 104 76 0.975598360655737 0.46472131147541
92.349999999996 103 77 0.974594426229508 0.637908196721311
94.3833333333293 103 76 0.946514754098361 1.07085163934426
100.483333333329 103 75 2.00284234972678 1.97375983606557
102.516666666662 102 75 2.79639508196721 1.17291229508197
104.549999999995 102 74 2.77515245901639 0.666604918032787
108.616666666662 102 73 2.66304344262295 0.695275819672131
111.666666666662 102 72 1.78648797814208 0.547157923497268
115.733333333328 101 72 1.60236721311475 0.60294262295082
118.783333333328 101 71 1.86949781420765 0.728622950819672
122.849999999994 101 70 1.50878278688525 0.409273360655738
123.866666666661 101 69 0.853704918032787 0.271013114754098
124.883333333328 100 70 0.897404918032787 0.339914754098361
133.933333333332 99 70 0.833990055248619 0.46084364640884
136.933333333334 98 71 0.808525555555556 0.393574444444444
140.933333333338 97 72 0.804690833333333 0.29531
145.933333333342 96 73 0.826051666666668 0.591239333333333
146.933333333342 95 74 0.81706 0.669868333333333
154.933333333349 94 75 0.843968125 0.596671666666667
158.933333333352 93 76 0.776772916666667 0.304896666666667
161.933333333354 93 75 0.751191111111111 0.252665555555556
162.933333333355 92 76 0.702185 0.254163333333333
170.933333333362 92 75 0.764988333333334 0.274959791666667
171.933333333362 91 75 0.802845 0.331735
172.933333333363 91 74 0.70034 0.0122
174.933333333365 90 75 0.767263333333333 0.295456666666667
175.933333333365 90 74 0.827788333333334 0.286768333333333
176.933333333366 90 73 0.734716666666666 0.199191666666667
177.933333333367 89 74 0.680793333333333 0.402526666666667
184.933333333373 87 75 0.767716904761905 0.272131666666667
208.933333333392 87 74 0.708233958333334 0.218640833333333
209.933333333393 86 75 0.628026666666667 0.015945
214.933333333397 85 75 0.630762333333333 0.140360333333333
225.933333333405 85 74 0.643771060606061 0.196429090909091
238.933333333416 84 75 0.612244871794872 0.185211025641026
240.933333333417 83 76 0.664951666666667 0.684870833333333
246.933333333422 83 75 0.776144722222222 0.382440277777778
247.933333333423 83 74 1.33557333333333 0.380051666666667
249.933333333424 83 73 1.44418333333333 0.2293025
265.083333333421 82 74 0.984817601760175 0.300118481848185
266.100000000087 81 75 0.587396721311476 0.170445901639344
268.133333333418 80 76 0.528323770491803 0.182347540983607
287.450000000067 79 77 0.542887661777394 0.206137446074202
296.600000000059 78 78 0.549061930783242 0.154106010928962
297.616666666725 77 79 0.516808196721311 0.319598360655738
308.800000000048 76 79 0.523628763040238 0.147172429210134
310.833333333379 75 80 0.540527868852459 0.162467213114754
311.850000000045 75 79 0.539340983606558 0.155455737704918
312.866666666711 74 80 0.547768852459016 0.025544262295082
315.916666666708 72 82 0.516684699453552 0.216846994535519
316.933333333374 71 83 0.495011475409836 0.156985245901639
317.950000000039 71 82 0.528614754098361 0.218788524590164
329.133333333363 70 82 0.4699739195231 0.182960208643815
373.866666666655 70 81 0.535585730253353 0.182750521609538
396.233333333302 70 80 0.562313040238449 0.163800074515648
402.333333333296 69 81 0.578758469945355 0.191806010928962
405.383333333293 69 80 0.585933879781421 0.166301092896175
412.499999999954 68 80 0.526426229508197 0.143055269320843
413.516666666619 67 81 0.505681967213115 0.322186885245902
450.116666666586 66 82 0.521120264116576 0.165642076502732
452.149999999917 65 83 0.506594262295082 0.156548360655738
500.949999999873 64 83 0.49413261612022 0.00208251366120219
600 64 83 0.502265322850452 0.00276574105051857
