# New log 28/04/2014 02:15:39
1 192 64 2.32818833333333 0.531193333333333
4.04999999999999 191 64 2.31323661202186 0.696890710382514
5.06666666666665 189 62 2.0369131147541 0.566290163934426
6.08333333333332 188 58 9.08079344262295 2.60593770491803
7.09999999999998 187 59 7.11827868852459 0.890219672131148
9.10000000000003 186 59 6.06414583333333 1.28320583333333
10.1000000000001 186 58 6.43153333333333 0.791223333333333
11.1000000000001 184 58 4.13920166666667 0.594865
13.1000000000002 183 57 8.463115 1.33846
15.1000000000003 182 56 12.1162616666667 0.793656666666667
16.1000000000004 179 58 15.7867916666667 1.23641666666667
17.116666666667 178 58 18.0761655737705 2.12129344262295
18.1333333333336 176 60 14.7004557377049 1.29011967213115
19.1500000000002 174 59 12.6793081967213 1.50030655737705
20.1666666666668 173 59 12.7479032786885 1.21676885245902
21.1833333333334 171 60 10.9323131147541 1.14268852459016
22.2 167 62 10.8329016393443 0.954919672131148
24.2333333333332 166 61 14.8445557377049 1.24831721311475
25.2499999999998 165 61 11.9726754098361 0.837852459016393
26.2666666666665 164 62 12.3403639344262 0.760703278688525
27.2833333333331 162 61 18.3131967213115 1.08788852459016
28.2999999999997 160 61 16.5095655737705 1.65216229508197
29.3166666666663 159 60 11.3208786885246 0.688052459016393
31.3499999999995 157 61 11.0599524590164 0.806694262295082
32.3666666666661 156 61 11.3981442622951 0.939495081967213
33.3833333333327 154 62 10.3078573770492 0.984004918032787
34.3999999999993 154 61 11.3828278688525 0.782075409836066
35.4166666666659 151 63 11.5031852459016 1.03011967213115
36.4333333333325 150 62 12.5718868852459 1.0630131147541
37.4499999999992 149 63 10.2332229508197 1.15487540983607
38.4666666666658 148 61 10.1603 1.08324754098361
41.5166666666656 147 60 10.1128912568306 0.994472677595629
43.5499999999988 145 61 9.70465819672131 0.819547540983607
44.5666666666654 145 60 10.2317655737705 1.07253770491803
45.583333333332 144 61 9.85337213114754 0.882313114754098
46.5999999999986 142 61 9.57808360655738 0.688072131147541
47.6166666666652 141 62 10.2567295081967 0.952413114754098
49.6499999999985 138 64 10.1636204918033 0.846291803278689
51.6833333333317 137 64 9.68354754098361 1.08950163934426
53.7166666666649 136 64 9.43900245901639 1.39856475409836
54.7333333333315 134 66 10.1524459016393 1.51224262295082
55.7499999999981 133 64 9.48658524590164 0.977755737704918
56.7666666666647 131 65 10.4279098360656 0.901890163934426
57.7833333333313 129 66 10.127537704918 1.02752459016393
59.8166666666646 129 65 10.7225467213115 0.641431967213115
60.8333333333312 129 64 12.9229852459016 0.531204918032787
63.883333333331 128 65 13.5430546448088 0.676452459016394
64.8999999999976 127 66 12.9906131147541 0.997649180327869
65.9166666666642 127 65 12.6156868852459 0.544183606557377
68.966666666664 127 63 13.8701010928962 1.57132131147541
70.9999999999973 126 64 9.16929426229508 2.32445409836066
72.0166666666639 126 63 9.62861475409836 1.73341475409836
74.0499999999971 124 64 11.0600155737705 2.1754131147541
75.0666666666637 123 64 9.27935409836065 1.81006557377049
76.0833333333303 121 65 17.7054606557377 2.17428852459016
79.1333333333301 120 65 12.2064546448087 1.7786043715847
80.1499999999967 118 66 13.0026721311475 1.42331475409836
81.1666666666633 115 66 12.5728475409836 1.56755081967213
84.2166666666632 115 64 12.4412289617486 1.43432513661202
87.266666666663 114 65 10.2989721311475 1.64785300546448
88.2833333333296 113 66 9.8695262295082 1.29834590163934
95.3999999999959 113 65 9.38225269320843 1.61094051522248
99.4666666666623 112 66 8.99714098360655 1.65734672131148
105.566666666662 111 66 7.60762076502732 1.29727759562842
106.583333333329 110 67 5.0933737704918 2.16066885245902
109.633333333328 109 68 4.9451480874317 1.95681420765027
112.683333333328 108 69 4.80316284153005 1.68004918032787
121.833333333328 107 69 3.82773588342441 1.79897850637523
124.883333333328 107 68 0.902885792349727 0.71879781420765
130.93333333333 106 68 0.835222314049588 0.906474931129477
136.933333333334 105 69 0.799488888888888 1.27774944444444
138.933333333336 104 69 0.779845833333333 1.04261
140.933333333338 103 69 0.771116666666666 0.0977583333333333
142.933333333339 103 68 0.834886666666666 0.0812575
144.933333333341 101 70 0.9872275 0.0413383333333333
145.933333333342 100 71 0.833145 0.0459583333333333
146.933333333342 99 72 0.690025 0.0132433333333333
151.933333333346 98 73 3.98790666666667 0.491408333333333
152.933333333347 96 75 4.70475 1.14246666666667
153.933333333348 96 74 7.127705 1.03335166666667
166.933333333358 94 76 6.92467974358975 0.818363974358974
171.933333333362 93 76 6.04402766666666 0.167881
179.933333333369 92 76 8.83334020833333 0.2730875
194.933333333381 91 76 8.87516155555556 0.497870777777778
198.933333333384 90 77 8.82482833333333 0.36579875
203.933333333388 89 78 7.21346133333333 0.746681333333333
205.933333333389 88 78 4.912675 0.272805
206.93333333339 87 78 4.44135166666667 0.127606666666667
208.933333333392 86 78 5.93348666666667 0.125675
260.000000000092 85 78 7.68005231723237 0.172166710182768
264.066666666755 85 77 8.09556475409837 0.139549180327869
268.133333333418 85 76 9.14522418032786 0.263193442622951
283.383333333404 84 77 8.20995355191257 0.141981530054645
287.450000000067 84 76 8.03858647540983 0.126008196721311
290.500000000064 83 77 7.99693169398907 0.155178142076503
293.550000000062 82 78 4.25436174863388 0.103211475409836
308.800000000048 82 77 7.27988087431695 0.133331256830601
309.816666666714 81 78 7.94847049180328 0.113865573770492
340.316666666686 80 78 7.34087240437158 0.125580273224044
341.333333333352 79 78 8.59225409836066 0.173814754098361
422.666666666611 79 77 7.97196565573771 0.159924959016393
436.899999999931 79 76 7.50825281030444 0.132830444964871
482.64999999989 78 77 8.23096094717669 0.142606885245902
514.166666666528 78 76 7.33803717609731 0.124988894764675
532.466666666511 78 75 8.29012021857923 0.160753551912568
542.633333333168 78 74 8.32974032786885 0.169843770491803
575.166666666472 78 73 8.27877346311476 0.154534016393443
583.299999999798 77 74 8.49151331967213 0.186523360655738
600 77 74 8.14392507232401 0.153880327868852
