# New log 28/04/2014 02:10:20
1 192 64 2.24102666666667 8.234995
3.03333333333333 191 65 1.42439262295082 0.945618852459016
4.04999999999999 189 63 2.29310327868852 1.76126721311475
6.08333333333332 188 63 2.41502540983607 1.43529672131148
7.09999999999998 188 62 2.10222786885246 1.39877704918033
8.09999999999998 186 64 2.82357666666667 2.20479833333333
11.1000000000001 184 66 1.81488944444444 1.84470277777778
12.1000000000002 184 65 1.63974333333333 2.290815
13.1000000000002 182 66 1.75171333333333 2.75082666666667
14.1000000000003 182 65 1.39568333333333 2.71581333333333
15.1000000000003 180 66 2.88530166666667 3.98841166666667
16.1000000000004 178 67 1.73636333333333 1.47277833333333
17.116666666667 176 68 1.91398524590164 0.517004918032787
18.1333333333336 175 68 1.70366557377049 1.57360327868852
19.1500000000002 173 69 1.53022950819672 1.64203606557377
20.1666666666668 171 69 2.99626229508197 2.55198032786885
21.1833333333334 170 69 2.11909836065574 2.39099016393443
23.2166666666666 167 71 1.46646885245902 3.56935081967213
26.2666666666665 165 72 1.4491781420765 4.06655027322404
27.2833333333331 165 71 1.23451639344262 3.21910163934426
28.2999999999997 165 70 1.36335081967213 3.42768524590164
29.3166666666663 164 70 1.95614262295082 3.62339508196721
30.3333333333329 161 71 1.9426868852459 3.96102295081967
32.3666666666661 160 71 1.88300327868852 5.72211721311475
33.3833333333327 159 71 1.61506557377049 4.73371803278688
35.4166666666659 157 72 1.20872868852459 3.49614344262295
36.4333333333325 156 71 1.29383278688525 3.66743278688525
37.4499999999992 155 72 1.32013278688525 5.88207868852459
39.4833333333324 152 75 1.22619016393443 11.6672016393443
41.5166666666656 151 76 1.1771606557377 10.820087704918
42.5333333333322 150 76 1.53042295081967 2.30640327868852
43.5499999999988 148 76 1.21599344262295 4.02661475409836
44.5666666666654 147 77 1.12439508196721 3.74234754098361
45.583333333332 146 78 1.36138032786885 4.35527868852459
46.5999999999986 146 77 1.56506229508197 3.85584754098361
47.6166666666652 145 78 1.67138196721311 3.84379344262295
48.6333333333319 144 78 1.80406065573771 4.39488196721311
49.6499999999985 144 77 1.21835409836066 4.26699836065574
50.6666666666651 142 79 1.90404426229508 2.65100983606557
51.6833333333317 141 79 1.38268852459016 3.66934098360656
52.6999999999983 139 79 1.22301803278689 3.40501147540984
53.7166666666649 138 80 1.13628852459016 3.77380163934426
54.7333333333315 138 79 1.08684918032787 5.25919180327869
56.7666666666647 136 80 1.50405 5.32233114754098
58.7999999999979 134 82 1.69670737704918 6.45441721311475
63.883333333331 134 81 1.79705081967213 8.93410163934426
64.8999999999976 132 81 3.55308852459016 3.80227213114754
67.9499999999974 131 81 2.62502950819672 7.67862021857924
68.966666666664 130 82 2.21825081967213 8.94263278688525
70.9999999999973 129 83 1.92365 9.25503278688525
72.0166666666639 128 84 1.01063278688525 9.42636393442623
74.0499999999971 126 83 0.985660655737704 5.4361868852459
77.0999999999969 124 85 1.02806666666667 4.04704699453552
78.1166666666635 122 87 1.00315409836066 2.56035573770492
79.1333333333301 121 88 1.12934754098361 2.5544868852459
80.1499999999967 119 90 0.998872131147541 2.29594754098361
81.1666666666633 117 91 0.84434262295082 2.61595573770492
82.18333333333 116 91 0.885245901639344 3.12815737704918
83.1999999999966 115 92 0.872427868852459 3.59687868852459
84.2166666666632 113 94 0.909919672131148 4.37909344262295
85.2333333333298 111 95 0.919398360655738 1.6966868852459
86.2499999999964 110 96 1.88876229508197 3.57678852459016
90.3166666666628 109 96 1.10887827868852 3.46552786885246
91.3333333333294 108 97 0.851159016393442 3.01729016393443
92.349999999996 108 96 1.91352459016393 3.4025
94.3833333333293 107 97 1.60246229508197 5.27741147540984
97.4333333333291 107 96 1.45984098360656 4.82432568306011
98.4499999999957 106 96 2.81313442622951 4.36159344262295
100.483333333329 105 96 2.96301803278689 4.61459426229508
102.516666666662 104 97 1.79298442622951 3.22064590163934
105.566666666662 103 98 1.23016830601093 3.18480655737705
106.583333333329 103 97 0.785080327868853 2.91536557377049
108.616666666662 103 96 0.805938524590164 8.04131639344262
109.633333333328 103 95 0.751013114754098 8.89866393442623
110.649999999995 102 96 0.75662131147541 8.49273770491803
111.666666666662 102 95 0.758344262295082 9.59510819672131
112.683333333328 101 96 0.771544262295082 9.07665245901639
114.716666666661 100 97 0.746879508196722 4.06658032786885
116.749999999995 100 96 0.735857377049181 2.9412368852459
117.766666666661 99 96 0.724159016393443 1.98896557377049
119.799999999994 98 97 0.783196721311476 1.86394754098361
124.883333333328 97 97 0.720181639344262 1.6012862295082
125.899999999994 96 98 0.826085245901639 1.66705737704918
127.933333333327 95 99 0.728534426229509 4.52424836065574
133.933333333332 94 100 0.8453525 3.62410861111111
138.933333333336 94 97 0.801477 1.67114666666667
141.933333333338 93 98 0.78486 2.64805777777778
144.933333333341 92 97 0.727581111111111 2.74272166666667
145.933333333342 91 98 0.747463333333333 1.82071
149.933333333345 90 99 0.716122916666667 1.80058708333333
150.933333333346 89 99 0.698058333333333 1.07833833333333
151.933333333346 89 98 0.671065 0.930861666666667
152.933333333347 88 98 0.676778333333334 1.11324666666667
157.933333333351 87 98 0.714489666666667 2.06875066666667
158.933333333352 86 99 0.663758333333333 1.51752833333333
159.933333333353 85 99 0.652123333333333 1.19271333333333
163.933333333356 85 98 0.64294 1.792135
165.933333333358 83 100 0.627451666666666 1.50030333333333
167.933333333359 83 99 0.615115833333334 1.67644666666667
170.933333333362 81 101 0.650139444444444 1.32481555555556
171.933333333362 81 100 0.911426666666667 1.82261666666667
179.933333333369 81 99 0.61641 1.53099
180.933333333369 80 100 0.560456666666667 1.34820833333333
181.93333333337 79 101 0.560695 1.23130166666667
188.933333333376 78 102 0.567970476190476 1.40576952380952
189.933333333377 77 103 0.571201666666667 1.57480166666667
208.933333333392 76 104 0.559984210526316 1.04942412280702
210.933333333393 75 105 0.550390833333334 0.519975833333333
213.933333333396 74 105 0.543817222222222 0.517637222222222
219.933333333401 73 106 0.536851666666667 0.535360277777778
235.933333333413 73 105 0.519875833333334 0.521136666666667
236.933333333414 72 106 0.5274 0.520306666666667
237.933333333415 71 107 0.509008333333333 0.556491666666667
241.933333333418 69 109 0.492937083333333 0.52473
244.93333333342 68 109 0.481851666666667 0.520134444444444
248.933333333424 68 108 0.477045416666667 0.528705416666667
249.933333333424 66 110 0.472475 0.519318333333333
267.116666666752 66 109 0.452597672162948 0.710706983511154
270.16666666675 65 110 0.45058087431694 1.11271202185792
275.250000000078 64 111 0.453010491803279 0.642438360655738
279.316666666741 63 112 0.434138114754098 0.540389344262295
282.366666666739 62 112 0.421284153005465 0.534632786885246
284.40000000007 61 113 0.430084426229508 0.513619672131148
286.433333333401 60 113 0.409318852459016 0.525538524590164
299.650000000056 59 114 0.407560151324085 0.513856998738966
542.633333333168 59 113 0.40492080389602 0.515493538651485
545.683333333166 58 113 0.424029508196721 0.521374316939891
556.866666666489 58 112 0.418743219076006 0.531522503725782
600 58 112 0.408240678612276 0.527569843690431
