# New log 28/04/2014 02:12:44
1 192 64 5.47981 2.31852166666667
4.04999999999999 191 62 3.57878852459016 1.07406284153005
5.06666666666665 190 58 3.29253114754098 1.37714262295082
6.08333333333332 190 55 3.38485737704918 1.20985737704918
8.09999999999998 189 56 6.53981818181818 1.85949917355372
9.10000000000003 188 56 9.058505 1.48835333333333
10.1000000000001 185 56 8.40770333333333 1.705785
11.1000000000001 185 55 9.12030666666667 1.658395
12.1000000000002 182 57 9.38175833333334 1.69458666666667
13.1000000000002 181 56 8.742445 1.51370166666667
14.1000000000003 181 55 9.59087166666667 1.84184166666667
15.1000000000003 181 54 9.85218166666667 1.88503333333333
16.1000000000004 179 56 9.82353666666667 1.57347666666667
17.116666666667 177 56 9.14790819672131 1.66720655737705
18.1333333333336 175 56 9.70047868852459 1.8954262295082
19.1500000000002 174 53 8.15763114754098 1.29924918032787
21.1833333333334 172 54 9.69084180327869 1.42220819672131
22.2 171 54 8.09656229508197 1.45598852459016
23.2166666666666 166 57 8.82158032786885 1.49191639344262
24.2333333333332 165 58 9.82042459016394 1.64825573770492
25.2499999999998 163 59 9.36647049180328 2.03448196721311
26.2666666666665 161 59 9.86911311475409 1.53288524590164
28.2999999999997 160 60 8.82132131147541 1.1298762295082
29.3166666666663 160 59 8.95683442622951 0.498059016393443
32.3666666666661 160 58 8.50768907103825 0.697592896174863
33.3833333333327 160 56 7.72185573770492 0.551250819672131
34.3999999999993 159 57 9.10715901639344 1.05501803278689
37.4499999999992 153 62 6.78842732240438 0.725783606557377
39.4833333333324 152 62 6.57300327868852 0.584644262295082
40.499999999999 151 62 7.53149016393443 0.711808196721312
41.5166666666656 150 62 6.94610655737705 0.765049180327869
42.5333333333322 149 63 7.12167540983607 0.512486885245902
44.5666666666654 148 63 6.63967459016393 0.439587704918033
45.583333333332 148 62 6.23077704918033 0.336477049180328
46.5999999999986 147 62 6.81934098360656 0.518573770491803
47.6166666666652 147 61 6.88921147540984 0.696606557377049
50.6666666666651 147 60 6.3105868852459 0.421572131147541
51.6833333333317 146 60 6.5473737704918 0.493354098360656
52.6999999999983 144 61 6.79854262295082 0.635970491803279
54.7333333333315 143 61 6.59949918032787 0.802693442622951
55.7499999999981 143 60 6.34927868852459 0.972685245901639
59.8166666666646 143 58 4.32030163934426 0.878127459016393
63.883333333331 142 58 2.4982368852459 0.507256557377049
65.9166666666642 142 57 2.43290081967213 1.23865409836066
68.966666666664 142 56 2.47194426229508 2.26871366120219
70.9999999999973 141 56 2.39577704918033 2.24856639344262
72.0166666666639 141 55 2.92890819672131 2.28386229508197
74.0499999999971 140 55 3.16614344262295 3.09995327868852
75.0666666666637 139 55 5.2082262295082 3.38346557377049
76.0833333333303 139 54 4.79959344262295 3.65229016393443
78.1166666666635 137 56 4.51120163934426 3.50193196721311
80.1499999999967 136 56 3.42090983606558 3.90428278688525
81.1666666666633 135 57 3.36809180327869 3.95700327868853
88.2833333333296 134 58 2.99963442622951 2.82653536299766
93.3666666666627 134 57 3.19681147540984 1.69955475409836
94.3833333333293 133 58 2.75369344262295 0.962090163934426
95.3999999999959 132 58 3.69877868852459 1.06022131147541
96.4166666666625 130 58 3.54983770491803 0.971344262295082
97.4333333333291 129 58 3.40898852459016 0.880906557377049
98.4499999999957 129 57 3.34199180327869 0.843198360655738
99.4666666666623 129 56 3.54479672131148 0.914088524590164
100.483333333329 129 55 3.72646721311476 1.02937868852459
102.516666666662 128 55 3.52399590163935 1.55884508196721
103.533333333329 127 55 3.67544754098361 1.50225901639344
104.549999999995 127 54 3.73916229508197 2.83424590163934
108.616666666662 127 52 4.07047663934427 3.04546598360656
110.649999999995 127 51 3.5206762295082 0.834113114754098
111.666666666662 126 51 3.0385262295082 0.810329508196721
112.683333333328 125 51 2.23650983606557 0.531452459016393
113.699999999995 124 52 2.7918 0.784477049180328
114.716666666661 122 53 2.51133278688525 0.552159016393443
116.749999999995 121 53 1.81997049180328 0.280829508196721
118.783333333328 120 53 1.88073360655738 0.208263114754098
120.816666666661 119 54 1.81328196721311 0.265640163934426
121.833333333328 118 55 1.74812131147541 0.185301639344262
124.883333333328 117 56 1.85570546448088 0.229137158469945
125.899999999994 117 55 1.68024098360656 0.39587868852459
126.916666666661 116 56 1.64764590163934 0.343072131147541
132.933333333331 116 55 1.78218864265928 0.534964819944598
145.933333333342 116 54 2.07681807692307 0.352861025641026
150.933333333346 115 54 1.63104033333333 0.149242333333333
155.93333333335 114 55 1.715323 0.226652
158.933333333352 114 54 1.76311722222222 0.203259444444444
160.933333333354 113 55 2.10806583333333 0.1377875
164.933333333357 112 55 2.02234791666667 0.16071375
166.933333333358 111 55 1.5948225 0.156023333333333
169.933333333361 110 55 1.59478611111111 0.119206666666667
173.933333333364 110 54 1.52366291666667 0.111463333333333
175.933333333365 109 54 1.67034166666667 0.184915833333333
181.93333333337 108 55 2.54772222222222 0.296855
182.933333333371 107 56 4.28911666666667 0.223878333333333
186.933333333374 107 55 4.37970208333334 0.176442083333333
198.933333333384 106 56 4.38132902777778 0.276043333333333
213.933333333396 105 56 4.37559555555556 0.191500777777778
215.933333333397 104 56 2.36996416666667 0.185998333333333
221.933333333402 103 57 2.13838638888889 0.181465833333333
226.933333333406 102 57 2.671133 0.193730666666667
229.933333333408 101 58 2.85620833333333 0.182239444444444
238.933333333416 101 57 2.12720055555556 0.26395537037037
240.933333333417 101 56 2.31829166666667 0.293941666666667
241.933333333418 101 55 2.29190666666667 0.308726666666667
244.93333333342 101 54 2.30995166666667 0.333948333333333
246.933333333422 100 55 2.35790833333333 1.19362416666667
247.933333333423 99 56 2.32121333333333 0.536143333333333
250.933333333425 99 55 2.08573722222222 0.388213888888889
271.183333333415 98 56 2.00559572016461 0.17838353909465
275.250000000078 97 57 2.00082418032787 0.153352459016393
297.616666666725 96 58 1.90612168405365 0.136959836065574
299.650000000056 95 59 1.35222950819672 0.10440737704918
309.816666666714 95 58 1.38133081967213 0.142893770491803
322.016666666702 95 57 1.36013169398907 0.142297404371585
330.150000000028 94 58 1.4579381147541 0.185252049180328
337.266666666689 94 57 1.39911896955504 0.318617096018735
342.350000000017 94 56 1.47446950819672 0.145852786885246
344.383333333349 93 57 1.42395901639344 0.127350819672131
356.583333333338 92 57 1.92596857923497 0.426024043715847
363.699999999998 91 58 2.87676135831382 0.807835831381733
369.799999999992 91 57 2.81804972677596 0.413821857923497
512.133333333196 91 56 1.81182900468384 0.193856615925059
513.149999999862 90 57 1.31484754098361 0.0371901639344262
550.766666666494 89 58 1.28396331413381 0.0429334514842712
590.416666666458 88 58 1.322724506095 0.060684068936528
591.433333333124 88 57 1.33649180327869 0.0570180327868852
600 88 57 1.38802786885246 0.0700183970856102
