# New log 28/04/2014 03:19:41
1 192 64 4.97651166666667 1.64063333333333
3.03333333333333 192 63 3.56346557377049 0.944210655737705
4.04999999999999 192 61 4.24882459016394 1.42251147540984
5.06666666666665 192 57 4.24526721311476 0.955472131147541
6.08333333333332 191 55 3.82400819672131 0.845580327868853
7.09999999999998 190 53 4.17815245901639 0.770677049180328
8.09999999999998 189 52 4.61770166666667 0.908636666666667
9.10000000000003 189 51 4.66316833333333 0.94058
10.1000000000001 189 50 5.97827833333333 2.53810833333333
11.1000000000001 188 49 6.47089333333333 0.784058333333333
12.1000000000002 188 47 5.49938666666667 2.18297
13.1000000000002 187 44 5.68358166666667 1.33222166666667
14.1000000000003 187 42 6.32860833333334 1.87462333333333
15.1000000000003 185 43 6.33184 2.37293166666667
17.116666666667 184 44 5.82262148760331 0.804043801652893
18.1333333333336 182 45 5.85519016393442 0.940911475409836
20.1666666666668 181 44 5.09765491803279 0.945163114754098
21.1833333333334 180 43 4.60304590163935 0.927898360655738
22.2 179 43 4.59853770491803 0.588467213114754
24.2333333333332 179 42 4.96020491803279 0.69441393442623
25.2499999999998 178 42 5.54329344262295 0.764870491803279
26.2666666666665 177 43 5.34631967213115 0.791373770491803
28.2999999999997 177 41 5.22870655737705 0.435634426229508
29.3166666666663 177 39 5.28248852459017 0.371275409836066
30.3333333333329 176 39 5.64819672131148 0.250740983606557
31.3499999999995 176 38 5.16749180327869 0.292045901639344
33.3833333333327 176 37 5.6023524590164 0.588377868852459
37.4499999999992 175 38 5.61082295081967 0.523305737704918
38.4666666666658 174 38 5.83487213114754 0.748929508196721
41.5166666666656 174 37 5.82036010928962 0.674433333333333
44.5666666666654 173 37 5.43845136612022 1.40834918032787
49.6499999999985 172 37 7.30359344262295 2.91428590163934
50.6666666666651 171 38 5.68765409836065 1.80077213114754
51.6833333333317 170 39 6.28720163934426 2.24020491803279
52.6999999999983 169 40 5.45924918032787 2.15771967213115
54.7333333333315 168 41 3.94661065573771 1.95481803278689
55.7499999999981 167 42 3.30500327868852 3.49000163934426
57.7833333333313 165 42 3.14078032786885 1.6851237704918
61.8499999999978 164 42 4.40101926229508 2.17024139344262
62.8666666666644 162 43 3.21486557377049 2.19794426229508
63.883333333331 161 43 4.67429016393443 4.36086229508197
65.9166666666642 161 42 3.73677459016394 4.47425081967213
66.9333333333308 160 43 3.84132131147541 5.63837540983607
68.966666666664 158 42 7.82520983606557 7.31616803278689
69.9833333333306 157 43 7.1584737704918 8.24379016393443
72.0166666666639 156 43 3.83237049180328 6.96134836065574
73.0333333333305 155 43 3.72569672131148 6.47936557377049
74.0499999999971 154 43 3.01835081967213 4.71665573770492
77.0999999999969 154 42 3.49410382513661 4.6735174863388
79.1333333333301 153 43 4.99675245901639 3.3400237704918
80.1499999999967 151 44 4.47073114754098 0.820795081967213
83.1999999999966 149 46 3.999356284153 0.543181967213115
84.2166666666632 147 48 2.37545245901639 0.119562295081967
85.2333333333298 147 46 2.40146557377049 0.135065573770492
86.2499999999964 146 46 2.88812295081967 0.396954098360656
91.3333333333294 146 44 3.1732737704918 0.457796393442623
92.349999999996 146 43 2.70014426229508 0.798698360655738
93.3666666666627 144 44 3.68780163934426 0.855647540983607
98.4499999999957 143 44 4.95941672131147 1.07763639344262
100.483333333329 142 44 2.82134426229508 1.15798114754098
103.533333333329 141 44 6.23244153005465 1.30888633879781
105.566666666662 139 45 3.22440655737705 1.03436885245902
106.583333333329 139 44 2.37061639344262 1.07191147540984
107.599999999995 139 43 2.29026229508197 0.930829508196721
108.616666666662 136 46 3.51966721311475 0.619659016393443
116.749999999995 134 47 4.00400450819673 0.503123975409836
117.766666666661 134 46 2.07913442622951 0.13525737704918
119.799999999994 133 46 2.13270901639344 0.0951885245901639
124.883333333328 132 46 1.93157606557377 0.124126229508197
126.916666666661 130 46 1.9079737704918 0.23776393442623
128.933333333328 130 45 2.16030082644628 0.184852066115702
130.93333333333 130 44 1.79096 0.0467991666666667
132.933333333331 128 46 2.22110666666667 0.133648333333333
134.933333333333 127 46 1.85279416666667 1.57687
136.933333333334 126 46 1.693215 1.69891166666667
138.933333333336 124 47 1.70277666666667 0.595085833333333
142.933333333339 123 47 1.72825208333333 0.284420416666667
148.933333333344 122 48 1.66184361111111 0.450046388888889
151.933333333346 122 47 1.5758 0.413706666666667
162.933333333355 122 46 1.66750863636364 0.91155893939394
163.933333333356 122 45 1.58597833333333 0.772478333333333
176.933333333366 121 45 1.64834666666666 0.904005641025641
179.933333333369 121 44 1.65497555555556 0.661210555555556
181.93333333337 121 43 1.658475 1.05068583333333
185.933333333373 120 44 1.69220458333333 0.925444583333333
194.933333333381 119 45 1.64326259259259 0.824472407407407
195.933333333381 118 46 1.66928833333333 1.00671
196.933333333382 118 45 1.64928 0.86707
199.933333333385 117 45 1.59112722222222 0.951187222222222
207.933333333391 116 46 1.5539725 1.25262125
208.933333333392 115 47 1.64552166666667 1.18750833333333
209.933333333393 114 47 1.68211 0.98813
219.933333333401 114 46 1.52794566666667 1.34117983333333
224.933333333404 114 45 1.553143 1.707162
229.933333333408 113 46 2.08404966666667 1.40813733333333
231.93333333341 113 45 1.50036416666667 1.07545833333333
233.933333333412 113 44 1.42737916666667 0.943018333333333
234.933333333412 113 43 1.44518833333333 0.522371666666667
240.933333333417 112 44 1.5323375 0.847938888888889
268.133333333418 111 44 1.48853351715686 0.380807169117647
271.183333333415 111 43 1.44848032786885 0.238156830601093
275.250000000078 110 44 1.53721844262295 0.30936393442623
285.416666666736 109 45 1.42834131147541 0.278834426229508
296.600000000059 109 44 1.5088087928465 0.356743815201192
299.650000000056 109 43 1.55029672131148 0.280803278688525
301.683333333388 109 42 1.58368524590164 0.239009836065574
310.833333333379 108 43 1.65324626593807 0.248087431693989
313.883333333377 107 44 1.46651475409836 0.204171038251366
315.916666666708 106 45 1.50163196721311 0.205283606557377
319.983333333371 105 46 1.42589754098361 0.259755737704918
333.200000000026 105 45 1.3811395964691 0.324834047919294
334.216666666691 104 45 1.34829344262295 0.317477049180328
337.266666666689 103 44 1.34800546448087 0.275219672131148
339.30000000002 102 45 1.34012213114754 0.264389344262295
341.333333333352 101 45 1.33287459016393 0.274488524590164
379.96666666665 101 44 1.33552135461605 0.347649654874892
380.983333333316 100 45 1.31577213114754 0.313693442622951
381.999999999981 100 44 1.30922131147541 0.307277049180328
384.033333333313 99 45 1.28965819672131 0.299247540983607
386.066666666644 98 46 1.26219836065574 0.368474590163934
410.466666666622 96 47 1.24497766393443 0.390747336065574
411.483333333288 96 45 1.24005081967213 0.321955737704918
435.883333333266 96 44 1.22675368852459 0.328893852459016
442.999999999926 95 44 1.25604519906323 0.242549414519906
445.033333333257 94 45 1.27158032786885 0.270764754098361
453.166666666583 93 46 1.21868913934426 0.268135860655738
478.583333333227 92 46 1.22653613114754 0.236480131147541
493.833333333213 91 47 1.20496142076503 0.237519344262295
508.066666666533 90 48 1.17892236533958 0.216516042154567
514.166666666528 89 48 1.19651639344262 0.214100819672131
521.283333333188 89 47 1.15169906323185 0.202233723653396
524.333333333185 88 48 1.18107650273224 0.186405464480874
542.633333333168 87 48 1.20363469945355 0.217223952641166
545.683333333166 87 47 1.19513715846995 0.131448087431694
589.399999999793 86 47 1.17761071292413 0.142518299656881
594.483333333121 85 48 1.1159862295082 0.181101967213115
600 85 48 1.11722459016394 0.148151366120219
