# New log 28/04/2014 03:22:17
1 192 64 2.51768666666667 0.643536666666667
4.04999999999999 192 63 2.14803169398907 0.678408743169399
5.06666666666665 188 66 1.86400491803279 0.533296721311475
6.08333333333332 186 64 2.1090868852459 0.668495081967213
7.09999999999998 185 59 2.20577049180328 0.31242131147541
8.09999999999998 184 57 1.84487833333333 0.474593333333333
9.10000000000003 184 55 2.04638 0.466088333333333
10.1000000000001 184 54 2.77503 0.457021666666667
11.1000000000001 183 54 2.89793666666667 0.44613
12.1000000000002 180 56 3.82179833333333 0.465616666666667
13.1000000000002 179 54 4.12655 0.37988
14.1000000000003 178 51 4.00848333333333 0.727913333333333
15.1000000000003 177 52 3.93416666666667 1.04408833333333
17.116666666667 177 50 3.59283966942149 1.68337190082645
20.1666666666668 177 49 5.00355300546448 0.90886174863388
22.2 174 52 4.74003852459016 0.489531967213115
23.2166666666666 173 53 4.52271639344262 0.409655737704918
24.2333333333332 170 53 4.26165081967213 0.507288524590164
26.2666666666665 169 52 6.22424016393443 0.593202459016393
27.2833333333331 169 51 7.14970983606557 1.57299672131148
31.3499999999995 169 50 5.57620286885246 1.5478631147541
33.3833333333327 169 49 3.7986737704918 1.10037049180328
37.4499999999992 167 48 3.23909959016393 1.72882540983607
38.4666666666658 166 48 2.9605606557377 2.58120655737705
39.4833333333324 165 48 4.07447540983607 1.0624262295082
40.499999999999 164 49 2.40139508196721 0.546604918032787
41.5166666666656 163 49 3.4221131147541 0.560918032786885
42.5333333333322 163 48 3.80412131147541 0.609375409836066
43.5499999999988 163 47 3.55150983606557 0.564080327868853
48.6333333333319 162 48 3.98573049180328 1.00111213114754
52.6999999999983 159 51 3.41018155737705 1.38380573770492
53.7166666666649 157 52 3.2778737704918 2.06047540983607
54.7333333333315 156 53 3.99293114754098 1.99443114754098
56.7666666666647 155 52 3.73190409836066 1.12845573770492
59.8166666666646 153 54 3.58562622950819 0.999953005464481
61.8499999999978 152 54 3.06188442622951 1.2357
64.8999999999976 150 56 1.81747759562842 1.40922076502732
65.9166666666642 149 56 1.7691 5.09541967213115
67.9499999999974 148 57 2.18212459016393 6.46477786885246
72.0166666666639 148 55 2.33471803278689 3.26292336065574
74.0499999999971 147 55 2.58649180327869 3.11514508196721
75.0666666666637 147 54 3.12199508196721 1.56592295081967
78.1166666666635 145 55 2.56826994535519 3.60230655737705
79.1333333333301 144 54 1.65038032786885 1.6662
80.1499999999967 144 53 1.61755081967213 1.88410655737705
82.18333333333 143 54 3.02553852459016 2.08940573770492
87.266666666663 142 54 2.86575573770492 1.94978032786885
88.2833333333296 141 54 2.20399344262295 0.938213114754098
90.3166666666628 141 52 1.35377950819672 0.880666393442623
92.349999999996 141 51 2.45719098360656 0.836584426229508
93.3666666666627 140 52 1.91163278688525 0.579016393442623
94.3833333333293 139 53 1.9136393442623 0.883181967213115
96.4166666666625 138 52 1.57212295081967 0.973386885245902
98.4499999999957 138 51 1.19858852459016 0.786216393442623
100.483333333329 137 52 1.26646229508197 1.10706639344262
102.516666666662 136 53 1.43716803278689 1.62278196721311
103.533333333329 134 54 1.3883131147541 2.34730819672131
107.599999999995 134 53 1.62401065573771 2.05457131147541
111.666666666662 134 52 2.31281393442623 1.8152631147541
113.699999999995 134 51 2.00351885245902 1.84259016393443
114.716666666661 133 52 2.23894590163934 1.56255409836066
115.733333333328 133 51 2.65332295081967 1.27360491803279
116.749999999995 133 50 2.48610491803279 0.759632786885246
117.766666666661 133 49 2.17110983606557 0.775549180327869
119.799999999994 132 49 1.92644836065574 0.769863114754098
124.883333333328 132 48 1.99682262295082 0.444590163934426
127.933333333327 131 48 1.96388415300546 0.270565027322404
129.933333333329 130 49 1.485515 0.165676666666667
132.933333333331 128 50 1.23726666666667 0.403286111111111
133.933333333332 128 49 1.281555 0.355665
134.933333333333 126 51 1.175635 0.312703333333333
146.933333333342 125 51 1.13920416666667 0.261443472222222
149.933333333345 124 52 1.12630888888889 0.151085
151.933333333346 123 53 1.103985 0.121385
153.933333333348 122 54 1.14212583333333 0.133375
156.93333333335 121 55 1.23688833333333 0.149192777777778
159.933333333353 120 56 1.40904555555556 0.143792222222222
177.933333333367 120 55 1.54031842592592 0.156219722222222
189.933333333377 119 55 1.12879722222222 0.0840206944444444
199.933333333385 118 55 1.22205283333333 0.146658
202.933333333387 117 56 1.38627111111111 0.301877777777778
207.933333333391 116 56 1.23322433333333 0.835300333333333
208.933333333392 115 57 1.28744666666667 0.484481666666667
211.933333333394 113 59 1.95755444444444 0.36756
212.933333333395 111 61 1.64966 0.472466666666667
218.9333333334 111 60 1.20449833333333 0.4791575
219.933333333401 110 60 1.18086666666667 0.688161666666667
224.933333333404 110 59 1.23245133333333 0.586274
231.93333333341 109 59 1.12481833333333 0.296192857142857
234.933333333412 109 58 1.14476888888889 1.61593055555556
236.933333333414 108 58 0.9950175 1.1967
239.933333333416 108 57 0.944272222222222 0.0877127777777778
244.93333333342 107 58 1.02147033333333 0.131513666666667
249.933333333424 106 58 1.11959933333333 0.391093
252.933333333427 106 57 0.886938888888889 0.215630555555556
254.933333333428 105 57 0.908874166666667 0.101200833333333
258.983333333426 105 56 1.493829218107 0.260406172839506
276.266666666744 104 57 1.54569546769528 0.324798553519769
278.300000000076 103 58 1.56194016393443 0.317063114754098
280.333333333407 102 59 1.55514672131148 0.312300819672131
283.383333333404 101 60 1.5631349726776 0.329075409836066
310.833333333379 101 59 1.10087401335762 0.207478324225865
315.916666666708 100 59 1.04381934426229 0.138462950819672
318.966666666705 99 60 0.877459016393443 0.118418032786885
319.983333333371 97 61 0.839206557377049 0.152767213114754
329.133333333363 96 61 0.967175774134791 0.219425500910747
330.150000000028 95 61 0.69374262295082 0.0405540983606557
335.233333333357 94 61 0.659484590163935 0.00753967213114754
348.450000000012 94 60 0.79945977301387 0.0399441361916772
352.516666666675 93 61 1.43666270491803 0.0795676229508197
366.749999999995 93 60 0.644839110070258 0.072718149882904
368.783333333327 92 60 0.573157377049181 0.000218852459016393
377.933333333318 91 60 0.58194772313297 0.0192612021857924
391.149999999973 91 59 1.28535081967213 0.164878058007566
392.166666666639 90 60 0.598908196721312 0.00296393442622951
438.933333333263 89 60 0.56702558802566 0.00532950819672131
457.233333333246 88 60 0.559148724954462 0.00202304189435337
470.449999999901 88 59 0.568740983606557 0.0100906683480454
496.88333333321 87 59 0.576462168978563 0.0148481715006305
517.216666666525 86 59 0.560075245901639 0.0103470491803279
548.733333333163 85 59 0.53210745637229 0.000670333157059757
600 85 58 0.526213339762135 0.00091025393764063
