# New log 28/04/2014 03:17:35
1 192 64 1.97223333333333 7.67147166666667
3.03333333333333 192 63 1.68985327868852 0.82787131147541
4.04999999999999 190 63 1.76660983606557 1.08300983606557
5.06666666666665 187 65 1.7015737704918 1.4196606557377
7.09999999999998 185 67 1.77356803278688 1.33661803278689
8.09999999999998 184 67 1.42193333333333 2.830595
11.1000000000001 184 65 1.90127111111111 1.52131833333333
12.1000000000002 184 64 5.15049166666667 0.937671666666667
13.1000000000002 183 64 2.48391333333333 0.605811666666667
14.1000000000003 181 64 1.29786 0.893353333333333
15.1000000000003 181 63 1.56831166666667 0.815098333333333
17.116666666667 179 62 1.56690578512397 3.27740330578512
18.1333333333336 179 61 1.63025081967213 4.05836557377049
19.1500000000002 177 61 1.23793770491803 4.06539836065574
21.1833333333334 176 61 1.15277704918033 5.01018278688525
24.2333333333332 175 61 1.23189890710382 6.36090273224044
25.2499999999998 175 60 1.26444426229508 6.90567868852459
26.2666666666665 175 59 1.54082295081967 0.569249180327869
27.2833333333331 173 58 1.25918524590164 0.231203278688525
32.3666666666661 171 59 1.18440262295082 4.69147672131148
33.3833333333327 170 55 1.52381639344262 8.10941639344262
34.3999999999993 169 55 1.08940983606557 7.82864590163935
35.4166666666659 168 55 1.55654918032787 8.61512131147541
36.4333333333325 167 54 1.13969344262295 8.24292295081967
37.4499999999992 166 55 1.28021639344262 8.7593262295082
38.4666666666658 165 56 1.43603114754098 4.17653114754098
39.4833333333324 164 56 1.13357213114754 0.369988524590164
40.499999999999 163 56 1.09280491803279 0.150690163934426
41.5166666666656 162 57 1.45034754098361 0.316673770491803
42.5333333333322 160 57 1.04431147540984 0.409867213114754
44.5666666666654 158 59 1.60001967213115 1.40585245901639
45.583333333332 157 60 1.47641803278689 1.18384426229508
46.5999999999986 156 60 1.32491475409836 1.54114754098361
48.6333333333319 155 60 1.15022131147541 1.78900081967213
49.6499999999985 154 60 1.03295245901639 1.85568032786885
50.6666666666651 154 59 1.0691606557377 1.84399508196721
51.6833333333317 154 58 1.01545409836066 3.33419016393443
52.6999999999983 154 57 1.40360327868852 5.47420819672131
54.7333333333315 152 58 1.0624631147541 7.15809262295082
60.8333333333312 152 57 1.09057513661202 4.70636038251366
62.8666666666644 152 56 1.02387704918033 3.78524754098361
74.0499999999971 151 55 1.26686169895678 1.24149791356185
75.0666666666637 150 55 1.96506393442623 5.63386721311475
77.0999999999969 149 56 1.31374262295082 7.10115409836066
82.18333333333 148 57 1.08260786885246 8.05547606557377
87.266666666663 147 58 1.18881704918033 4.67726032786885
88.2833333333296 147 57 0.853085245901639 1.39566885245902
92.349999999996 147 56 1.12443770491803 1.87071270491803
93.3666666666627 146 57 1.06512131147541 1.13433278688525
94.3833333333293 145 58 0.966426229508197 0.925245901639344
97.4333333333291 144 58 0.909184699453552 1.12398306010929
98.4499999999957 144 57 1.20609180327869 0.599239344262295
100.483333333329 143 58 1.04478852459016 0.661055737704918
101.499999999996 143 57 1.34577049180328 0.699160655737705
102.516666666662 142 58 0.959119672131148 3.76534262295082
107.599999999995 141 59 0.91893737704918 1.67059016393443
120.816666666661 140 59 1.51719583858764 0.658297730138714
128.933333333328 139 59 1.17296509240246 0.393140862422998
129.933333333329 138 60 1.09316333333333 0.177648333333333
134.933333333333 138 59 1.071695 0.155533666666667
135.933333333334 137 60 1.09893166666667 0.296908333333333
138.933333333336 136 60 1.05134777777778 0.394625555555556
139.933333333337 135 60 0.928661666666667 0.153703333333333
141.933333333338 134 61 0.932150833333333 0.135804166666667
150.933333333346 134 60 0.937624444444444 0.291404074074074
151.933333333346 133 60 0.995091666666667 1.76355333333333
154.933333333349 133 59 0.925409444444445 0.798235
156.93333333335 132 59 0.914014166666667 0.2069325
157.933333333351 131 59 0.938958333333333 1.19343
158.933333333352 130 60 0.917435 1.87981333333333
159.933333333353 129 60 0.88239 1.73582666666667
161.933333333354 129 59 0.954208333333333 0.373535
166.933333333358 128 60 0.883389333333333 0.520875666666667
167.933333333359 128 59 0.8831 0.672306666666667
169.933333333361 127 60 0.883995833333333 0.677529166666667
170.933333333362 127 59 0.889861666666667 0.721233333333333
171.933333333362 127 57 0.90522 0.898426666666667
175.933333333365 126 57 0.904599166666667 0.701958333333333
176.933333333366 125 58 0.88048 0.525316666666667
181.93333333337 125 57 0.891934333333334 0.652067333333333
183.933333333372 124 57 0.88757 0.557538333333333
190.933333333377 123 57 0.889089761904762 0.709519047619048
191.933333333378 121 58 0.868415 0.80542
193.93333333338 120 58 0.862030833333334 0.7060675
195.933333333381 120 57 0.856336666666667 0.730113333333333
199.933333333385 119 58 0.832149166666667 0.833962083333333
200.933333333385 119 57 0.843705 0.743905
205.933333333389 118 57 0.846454000000001 0.738304666666667
206.93333333339 117 58 0.873551666666667 0.747491666666667
210.933333333393 117 57 0.8711525 0.673394583333333
215.933333333397 117 56 0.854899 0.438599
225.933333333405 117 55 0.8727185 0.3180975
227.933333333407 116 55 1.10038666666667 0.854454166666667
228.933333333408 116 54 1.21285833333333 0.739743333333333
238.933333333416 116 53 0.8854665 0.538466666666667
239.933333333416 115 54 0.823668333333333 0.980136666666667
241.933333333418 113 55 0.81381 1.094735
252.933333333427 113 54 0.819182121212121 0.871515303030303
257.966666666761 112 55 0.807876158940397 1.35815198675497
265.083333333421 112 54 0.856790632318501 1.42902084309133
277.28333333341 112 53 0.817953961748634 1.40065928961749
298.63333333339 111 53 0.817877595628417 1.93755472287276
299.650000000056 110 53 0.762396721311476 1.34173278688525
307.783333333382 109 53 0.750445081967214 0.734014959016393
308.800000000048 109 52 0.78482131147541 1.2952737704918
313.883333333377 108 53 0.765143278688525 1.15338721311475
318.966666666705 107 54 0.751666229508197 1.16406983606557
336.250000000023 106 55 0.764079652844745 1.11656952748312
347.433333333346 105 56 0.74838733233979 0.556080327868853
349.466666666678 103 57 0.734952459016394 0.428514754098361
355.566666666672 103 56 0.732017759562842 0.475112841530055
358.616666666669 102 57 0.730434426229508 0.430064480874317
365.733333333329 101 58 0.740966978922717 0.492079156908665
372.84999999999 100 58 0.71942037470726 0.536036533957845
390.133333333307 99 59 0.717870588235295 0.887141272902604
398.266666666633 98 60 0.732008606557377 0.732310245901639
401.31666666663 98 59 0.707772677595628 0.354727868852459
403.349999999962 98 58 0.710132786885245 0.706086885245902
408.433333333291 97 59 0.698105573770492 0.355792131147541
419.616666666614 96 60 0.688448137108793 0.512443666169896
441.98333333326 96 59 0.671682786885246 0.2543
456.21666666658 96 57 0.675312646370024 0.248684777517564
463.333333333241 95 57 0.666235831381733 0.25243981264637
470.449999999901 95 56 0.646984309133489 0.235287587822014
474.516666666564 94 56 0.642661885245902 0.223699180327869
496.88333333321 93 57 0.839545901639344 0.387658345752608
499.933333333207 92 58 0.605685792349727 0.224283606557377
503.99999999987 91 59 0.618199180327869 0.222127049180328
512.133333333196 90 60 0.606363729508197 0.232319467213115
514.166666666528 89 61 0.611259836065574 0.239722131147541
586.349999999795 88 61 0.621523343338721 0.243495151235281
600 88 61 0.587086651053864 0.686187822014052
