# New log 28/04/2014 02:54:38
1 192 64 2.11488333333333 5.922705
3.03333333333333 192 62 1.56256885245902 0.980755737704918
5.06666666666665 192 61 1.67294426229508 0.860211475409836
6.08333333333332 192 60 2.29837868852459 0.7774
7.09999999999998 189 61 2.03991147540984 2.91221803278689
9.10000000000003 189 60 1.685915 3.503925
10.1000000000001 188 61 1.48205166666667 4.59102
11.1000000000001 186 62 1.3677 4.174135
13.1000000000002 185 63 1.3975125 4.01350583333333
14.1000000000003 184 64 1.27172833333333 3.839215
15.1000000000003 181 67 1.29877166666667 5.56587166666667
16.1000000000004 178 69 1.20203166666667 5.76042
17.116666666667 178 68 1.44972786885246 6.35074590163934
18.1333333333336 177 67 1.20688524590164 6.08419180327869
19.1500000000002 175 66 1.28405409836066 5.78122950819672
20.1666666666668 173 66 1.57363278688525 7.3075262295082
22.2 172 64 1.55054508196721 7.8228893442623
23.2166666666666 172 63 1.54439836065574 7.70236885245902
25.2499999999998 171 63 1.31811147540984 9.70961803278689
26.2666666666665 169 63 1.32171803278689 9.5644868852459
27.2833333333331 168 63 1.28976557377049 9.65246229508197
29.3166666666663 166 63 1.28321639344262 10.5127631147541
31.3499999999995 165 64 1.23007131147541 10.9436778688525
33.3833333333327 164 64 1.31616229508197 11.1528467213115
34.3999999999993 163 65 1.26820491803279 12.6039344262295
37.4499999999992 162 65 1.28416174863388 12.6368972677596
38.4666666666658 162 64 1.46929672131148 11.9363852459016
40.499999999999 159 66 1.56174836065574 10.8911647540984
41.5166666666656 159 65 1.24508032786885 10.6250901639344
44.5666666666654 159 64 1.23168743169399 10.9083486338798
45.583333333332 158 65 1.3493868852459 11.1692442622951
51.6833333333317 155 67 1.23257158469945 11.4597775956284
52.6999999999983 154 66 1.2355868852459 10.9092295081967
53.7166666666649 154 65 1.26566557377049 11.1849245901639
56.7666666666647 153 66 1.32303114754098 10.4478409836066
59.8166666666646 152 67 1.2968087431694 10.5078032786885
60.8333333333312 151 66 1.19952950819672 10.5712819672131
61.8499999999978 150 67 1.18591803278689 10.5760508196721
62.8666666666644 150 66 1.32355573770492 11.376762295082
63.883333333331 149 67 1.24743606557377 11.712131147541
64.8999999999976 148 68 1.22398360655738 11.5861114754098
65.9166666666642 148 67 1.27147213114754 11.6662442622951
67.9499999999974 148 66 1.17760655737705 11.8510319672131
70.9999999999973 148 65 1.17372896174863 11.0034382513661
73.0333333333305 146 67 1.12674344262295 11.7396614754098
74.0499999999971 144 69 1.13660655737705 11.5496163934426
75.0666666666637 144 68 1.09899508196721 11.4887885245902
79.1333333333301 142 68 1.11045245901639 10.4784758196721
80.1499999999967 140 70 1.08770983606557 10.2748459016393
82.18333333333 137 73 1.12273360655738 12.0621631147541
85.2333333333298 135 75 1.07559617486339 12.6589404371585
87.266666666663 134 76 1.10247295081967 12.7745516393443
88.2833333333296 133 76 1.14993114754098 13.1850868852459
89.2999999999962 132 77 1.14582131147541 13.7165459016393
91.3333333333294 131 78 1.12363770491803 11.5793565573771
92.349999999996 130 79 1.09161639344262 11.2887081967213
95.3999999999959 129 79 1.11930218579235 11.9653409836066
96.4166666666625 129 78 1.06380655737705 11.6501590163934
98.4499999999957 128 78 1.0851262295082 12.1713483606557
101.499999999996 127 79 1.15072568306011 11.7957808743169
103.533333333329 126 79 1.12277213114754 11.9591286885246
106.583333333329 125 80 1.08009180327869 12.2014726775956
107.599999999995 125 79 1.03905081967213 12.7183819672131
109.633333333328 123 80 1.03330983606557 12.3679319672131
111.666666666662 123 79 1.38817868852459 7.89910819672131
112.683333333328 121 80 1.06982950819672 10.7876344262295
113.699999999995 120 80 1.02298196721311 11.4289229508197
114.716666666661 119 80 1.08768852459016 10.692531147541
115.733333333328 117 80 1.04577868852459 9.6411131147541
117.766666666661 116 81 1.02271393442623 9.31205409836066
119.799999999994 116 80 0.991686885245902 6.76525409836066
124.883333333328 114 82 0.913582950819672 1.65645278688525
126.916666666661 114 81 0.830410655737705 0.500913114754098
128.933333333328 112 82 0.81926694214876 0.371128925619835
129.933333333329 111 83 0.811118333333334 0.706345
131.93333333333 109 83 0.812629166666667 1.502405
136.933333333334 109 82 0.847487333333333 4.93756833333333
137.933333333335 108 82 0.863955 5.486895
138.933333333336 108 81 0.832025 6.55917166666667
139.933333333337 107 82 0.819888333333333 6.050775
141.933333333338 106 82 0.8348575 6.90993916666667
143.93333333334 105 83 0.821689166666667 7.80563666666667
149.933333333345 104 84 0.996214166666666 2.96550861111111
155.93333333335 103 84 1.09066111111111 1.12649944444444
157.933333333351 102 85 1.07030166666667 1.58484833333333
160.933333333354 102 84 1.11037388888889 1.37851055555556
161.933333333354 101 85 1.10827333333333 1.75478833333333
163.933333333356 101 84 1.08170416666667 1.80391916666667
165.933333333358 101 83 1.16978916666667 1.8298725
179.933333333369 100 84 0.813896904761906 1.45519011904762
183.933333333372 100 82 0.784177083333334 2.08574
188.933333333376 99 83 0.824315666666667 2.03849633333333
189.933333333377 98 84 0.79709 1.96998166666667
194.933333333381 97 85 0.760666000000001 1.59147566666667
196.933333333382 96 86 0.992626666666666 2.10613333333333
199.933333333385 95 86 0.757838333333333 1.51628222222222
208.933333333392 94 86 0.747355925925926 1.25195907407407
209.933333333393 93 87 0.71619 1.23138166666667
214.933333333397 92 87 0.704585666666667 0.843999
215.933333333397 92 86 0.689791666666667 1.17991666666667
216.933333333398 91 86 0.686321666666666 1.022405
218.9333333334 90 86 0.687275833333334 0.971108333333333
219.933333333401 89 86 0.681316666666667 1.039495
222.933333333403 89 85 0.690006666666667 0.701757777777778
223.933333333404 88 86 0.664161666666667 0.599888333333333
231.93333333341 87 85 0.653831666666667 0.577226666666667
232.933333333411 86 86 0.636491666666667 0.559896666666667
234.933333333412 86 85 0.638735 0.331466666666667
237.933333333415 85 85 0.65811 0.306125
243.93333333342 84 86 0.635748333333333 0.290721111111111
245.933333333421 83 86 0.622475833333334 0.274176666666667
250.933333333425 82 86 0.719915666666667 0.498454
252.933333333427 81 86 0.6090675 0.868876666666667
255.933333333429 81 85 0.596918333333333 0.842290555555556
262.033333333424 80 86 0.593253551912569 0.660701639344262
270.16666666675 79 87 0.670989549180327 1.62356659836066
281.350000000073 78 88 0.571206557377049 0.88726870342772
282.366666666739 77 88 0.55652131147541 0.756870491803279
289.483333333399 76 89 0.559410070257612 0.598661358313817
290.500000000064 76 88 0.541631147540984 0.32654262295082
292.533333333396 75 88 0.545512295081967 0.298204098360656
303.716666666719 73 90 0.531663189269747 0.403054247391952
306.766666666716 72 90 0.543057923497268 1.02913989071038
313.883333333377 72 89 0.495787119437939 0.767631147540984
334.216666666691 72 88 0.540570819672131 0.470659672131148
337.266666666689 72 87 0.518634972677595 0.291956830601093
344.383333333349 71 87 0.510162529274005 0.276312177985948
346.41666666668 70 88 0.500618852459017 0.280281967213115
364.716666666664 69 88 0.508110382513661 0.149565938069217
372.84999999999 68 89 0.501045286885247 0.00126209016393443
375.899999999987 67 89 0.514915846994536 0.00409836065573771
403.349999999962 66 89 0.490210382513661 0.000852398299939284
421.649999999945 66 88 0.464720947176685 0.0066603825136612
453.166666666583 66 87 0.468700475938657 0.0193522474881015
462.316666666575 65 86 0.46591621129326 0.00573260473588343
464.349999999906 64 86 0.458685245901639 0.000209016393442623
483.666666666555 63 86 0.446811561691113 0.00558274374460742
486.716666666553 63 85 0.413434426229508 0.0141622950819672
555.849999999823 62 86 0.449013958534233 0.00386441658630665
559.916666666486 61 87 0.431133606557377 0.032583606557377
560.933333333152 60 87 0.383826229508197 0.00346229508196721
562.966666666483 59 87 0.414381147540984 0.000194262295081967
563.983333333149 59 86 0.421416393442623 0.00359016393442623
571.099999999809 59 85 0.432918032786886 0.00431990632318501
572.116666666475 58 86 0.407416393442623 0.000177049180327869
591.433333333124 57 87 0.419512079378775 0.00177799827437446
593.466666666456 57 86 0.401990163934426 0.000216393442622951
596.516666666453 57 85 0.405754098360656 0.000178688524590164
599.56666666645 56 86 0.387914207650273 0.00237704918032787
600 56 86 0.38952131147541 0.000221311475409836
