# New log 28/04/2014 03:00:21
1 192 64 2.85744 1.639305
4.04999999999999 191 65 2.2111868852459 0.790397267759563
5.06666666666665 190 63 1.84032295081967 0.408860655737705
6.08333333333332 189 63 1.98486393442623 0.58702131147541
7.09999999999998 188 62 2.18409672131148 0.723768852459016
8.09999999999998 187 61 1.80692666666667 1.44989
9.10000000000003 185 59 1.62508333333333 0.476231666666667
11.1000000000001 185 58 1.91925333333333 0.5351675
12.1000000000002 185 57 2.26986 0.352145
13.1000000000002 182 58 1.860735 0.22925
14.1000000000003 179 60 2.19119166666667 0.359165
15.1000000000003 179 59 4.52161666666667 0.75401
16.1000000000004 179 56 3.64704666666667 0.741835
19.1500000000002 178 56 4.03872240437158 0.585159016393443
20.1666666666668 177 57 4.31761803278688 0.367665573770492
22.2 175 57 2.02416967213115 0.544987704918033
23.2166666666666 174 57 4.05722295081967 0.663613114754098
24.2333333333332 173 55 5.04828360655738 1.27677213114754
26.2666666666665 173 54 3.79011475409836 0.62377131147541
27.2833333333331 172 55 2.99369344262295 0.563785245901639
29.3166666666663 172 54 3.06607704918033 1.14823524590164
30.3333333333329 171 54 2.98769672131148 0.542037704918033
31.3499999999995 171 53 2.34975573770492 0.398260655737705
34.3999999999993 171 52 2.17584426229508 0.429859016393443
35.4166666666659 170 53 2.16974262295082 1.05895901639344
36.4333333333325 168 53 2.83753278688525 1.13384918032787
37.4499999999992 166 54 3.88851147540983 1.59618360655738
38.4666666666658 165 55 2.43256229508197 1.00155573770492
39.4833333333324 164 55 2.32157213114754 1.30231639344262
41.5166666666656 163 53 2.18176475409836 0.91415
44.5666666666654 162 52 2.15547267759563 0.417148087431694
45.583333333332 161 53 2.47742295081967 0.240447540983607
47.6166666666652 161 52 3.3038368852459 0.809749180327869
48.6333333333319 160 52 3.84735573770492 2.23659016393443
49.6499999999985 159 51 3.21454426229508 5.05894426229508
50.6666666666651 159 48 2.98386557377049 5.21867704918033
51.6833333333317 159 46 2.97632131147541 5.85454590163934
53.7166666666649 159 45 2.89119508196721 4.97442213114754
54.7333333333315 158 44 1.94940983606557 4.99215409836066
55.7499999999981 157 45 1.85942131147541 5.17474426229508
56.7666666666647 157 44 2.21364262295082 5.11573770491803
58.7999999999979 155 46 2.12734180327869 1.41579344262295
60.8333333333312 154 47 1.9769262295082 1.53112704918033
62.8666666666644 154 46 1.82460737704918 2.39106229508197
63.883333333331 153 47 3.3084393442623 1.24746393442623
67.9499999999974 152 48 2.57424180327869 0.852938524590164
69.9833333333306 151 48 2.18036803278689 0.701205737704918
72.0166666666639 150 49 1.95673852459016 0.276649180327869
74.0499999999971 149 50 1.52552868852459 0.243295901639344
75.0666666666637 149 49 1.62148032786885 0.228840983606557
79.1333333333301 148 49 1.52151229508197 0.236274590163934
82.18333333333 147 50 2.52149508196721 0.245427322404372
86.2499999999964 146 51 1.98430655737705 0.574931147540984
88.2833333333296 145 52 1.38189180327869 0.305689344262295
89.2999999999962 144 53 1.39082459016393 0.606672131147541
91.3333333333294 143 54 1.70414590163934 0.483625409836066
94.3833333333293 142 54 1.68263825136612 0.407518032786885
97.4333333333291 141 55 2.35380601092896 0.816679234972678
98.4499999999957 139 57 2.23009016393443 0.718939344262295
99.4666666666623 138 57 1.55468196721311 0.481229508196721
100.483333333329 138 56 1.50137213114754 0.545095081967213
101.499999999996 136 58 1.78924754098361 0.500985245901639
102.516666666662 135 59 1.22117213114754 0.307291803278689
103.533333333329 135 58 3.07974754098361 0.62054262295082
104.549999999995 134 59 3.30297049180328 0.468119672131148
105.566666666662 133 60 4.83605081967213 0.548736065573771
106.583333333329 132 61 4.6876606557377 1.14509016393443
108.616666666662 131 62 4.71460163934426 0.632124590163935
109.633333333328 130 62 4.27279180327869 0.47862131147541
114.716666666661 129 62 2.56636163934426 0.206833770491803
117.766666666661 129 61 1.90920218579235 0.258908196721311
118.783333333328 129 60 1.18081639344262 0.32277868852459
119.799999999994 128 60 1.32642295081967 0.260250819672131
120.816666666661 127 60 1.44641639344262 0.45992131147541
121.833333333328 126 59 1.19117213114754 0.319854098360656
122.849999999994 125 59 1.1187868852459 0.309072131147541
123.866666666661 123 61 1.2474131147541 0.466545901639344
124.883333333328 123 60 1.45883934426229 3.60416885245902
126.916666666661 122 59 1.40348852459016 4.08427540983607
127.933333333327 122 58 2.06968524590164 1.12015573770492
132.933333333331 122 57 1.901899 1.563308
135.933333333334 122 56 2.11084388888889 1.41367888888889
141.933333333338 121 56 1.23592444444444 1.22864083333333
143.93333333334 120 57 2.12249666666667 1.45694666666667
152.933333333347 119 58 2.61759333333333 1.39577759259259
154.933333333349 118 59 2.660015 1.09716916666667
164.933333333357 117 58 1.8877685 0.910743666666667
166.933333333358 117 57 0.903375 1.07883833333333
167.933333333359 116 58 0.921256666666666 0.586123333333333
168.93333333336 116 57 0.89374 0.49436
169.933333333361 115 58 1.297975 0.583801666666667
171.933333333362 115 57 0.928698333333333 1.02119166666667
172.933333333363 115 56 0.833541666666667 1.24705166666667
176.933333333366 114 56 0.820345833333334 0.972912083333333
185.933333333373 114 55 1.22082611111111 0.553921481481482
186.933333333374 113 56 0.818386666666667 0.097645
187.933333333375 112 56 0.768228333333333 0.09582
189.933333333377 110 58 0.822244166666667 0.0970283333333333
197.933333333383 109 58 0.747275833333334 0.189076041666667
203.933333333388 109 57 0.74387 0.562325
204.933333333389 108 58 0.708791666666667 0.12162
206.93333333339 108 57 0.72437 0.115838333333333
224.933333333404 107 58 1.11786472222222 1.22807148148148
242.933333333419 106 59 0.741063055555555 0.689319259259259
248.933333333424 106 58 0.724055833333333 1.0617275
254.933333333428 105 59 0.698610277777778 1.56597
256.950000000095 105 58 0.633590909090909 0.0661140495867769
262.033333333424 104 59 0.636925573770492 0.0616744262295082
265.083333333421 103 60 0.59362131147541 0.048751912568306
272.200000000081 102 61 0.694434894613583 0.115524590163934
280.333333333407 101 61 0.668368442622951 0.134199795081967
281.350000000073 100 62 0.635786885245902 0.0660885245901639
282.366666666739 99 63 0.624490163934426 0.0784704918032787
283.383333333404 98 64 0.641103278688525 0.110718032786885
290.500000000064 97 65 0.614457845433255 0.11028056206089
293.550000000062 96 65 0.629470491803279 0.0519551912568306
308.800000000048 95 66 0.580774535519126 0.0678587978142077
312.866666666711 94 67 0.58305737704918 0.0597159836065574
315.916666666708 94 66 0.570697267759563 0.0603830601092896
316.933333333374 93 67 0.548780327868852 0.130591803278689
327.100000000031 92 68 0.553421639344263 0.117070983606557
337.266666666689 92 67 0.56869262295082 0.0783318032786885
338.283333333354 91 68 0.544888524590164 0.0403918032786885
341.333333333352 90 69 0.59838087431694 0.0454295081967213
353.53333333334 89 70 0.577320355191257 0.104573907103825
355.566666666672 88 71 0.602853278688525 0.129698360655738
359.633333333335 87 72 0.559518852459016 0.0546651639344262
367.766666666661 86 73 0.566336065573771 0.062915368852459
368.783333333327 85 74 0.615359016393443 0.0965967213114754
381.999999999981 84 75 0.572108575031525 0.0605402269861286
383.016666666647 84 74 0.553568852459016 0.039272131147541
390.133333333307 83 74 0.556214519906323 0.0475644028103045
397.249999999967 82 74 0.55476112412178 0.0791941451990632
399.283333333299 81 75 0.56032131147541 0.0624295081967213
400.299999999965 81 74 0.52932131147541 0.038555737704918
406.399999999959 79 75 0.533934972677595 0.0541237704918033
408.433333333291 78 75 0.525149180327869 0.0404655737704918
409.449999999956 77 76 0.463332786885246 0.0479426229508197
430.799999999937 77 75 0.503414207650273 0.043988368462139
447.066666666589 77 74 0.603018852459016 0.120692315573771
448.083333333254 76 75 0.576972131147541 0.0779770491803279
462.316666666575 76 74 0.48492318501171 0.0423412177985949
471.466666666567 75 74 0.485137704918033 0.0515590163934426
524.333333333185 74 75 0.472040416141234 0.0358808007566204
525.349999999851 73 76 0.473191803278689 0.0643918032786885
530.43333333318 72 77 0.454131803278689 0.060012131147541
537.54999999984 71 78 0.452832786885246 0.0360864168618267
562.966666666483 70 79 0.422554360655738 0.00496695081967213
570.083333333144 70 78 0.404586182669789 0.00883957845433255
582.283333333132 69 77 0.428524590163934 0.00739576502732241
600 69 77 0.396788706739527 0.00407331511839709
