# New log 28/04/2014 02:57:29
1 192 64 5.341315 3.50008333333333
3.03333333333333 192 63 4.97978032786885 1.34449262295082
4.04999999999999 191 63 5.24655901639344 0.893144262295082
5.06666666666665 188 61 5.28785573770492 1.25374262295082
6.08333333333332 187 59 5.24224918032787 1.13145737704918
7.09999999999998 187 56 5.36509836065574 1.14311147540984
8.09999999999998 187 54 5.29381166666666 1.04863666666667
9.10000000000003 187 53 4.85005833333333 1.41637833333333
10.1000000000001 185 53 3.07150666666667 1.14221
11.1000000000001 184 52 3.54663166666667 0.891878333333333
12.1000000000002 183 53 3.06416166666667 0.537858333333333
13.1000000000002 182 51 3.44736666666667 0.719665
14.1000000000003 180 49 3.54080666666667 0.514438333333333
15.1000000000003 180 48 3.96362833333333 0.637845
16.1000000000004 180 47 4.385155 1.030925
17.116666666667 179 48 5.41006393442623 0.902437704918033
18.1333333333336 179 47 5.11915573770492 1.10440163934426
19.1500000000002 177 49 4.5776 1.03602295081967
20.1666666666668 176 49 4.60770819672131 1.10512295081967
21.1833333333334 176 48 5.60704754098361 1.17167049180328
23.2166666666666 176 47 3.93097868852459 0.995730327868853
25.2499999999998 175 48 4.49509836065574 0.90229262295082
26.2666666666665 174 46 4.91451147540984 1.13437213114754
28.2999999999997 173 46 4.84488278688525 1.05036967213115
29.3166666666663 171 46 5.5847868852459 1.18975409836066
30.3333333333329 170 45 5.07816229508197 0.87332131147541
31.3499999999995 169 45 4.84635081967213 1.22402950819672
32.3666666666661 167 43 5.19060491803279 1.20485245901639
33.3833333333327 167 41 4.59624918032787 1.1240868852459
34.3999999999993 165 41 4.93494590163935 1.0619737704918
35.4166666666659 164 40 5.54296393442623 1.11198852459016
38.4666666666658 164 39 4.82535737704918 0.737286338797814
40.499999999999 163 39 3.46185 0.677584426229508
42.5333333333322 162 40 4.59373442622951 0.814331967213115
46.5999999999986 161 40 5.45313073770492 2.34742868852459
47.6166666666652 160 40 5.40917213114754 2.8706868852459
50.6666666666651 160 39 5.42190765027322 3.09152568306011
51.6833333333317 160 38 5.83950327868853 3.44517540983607
52.6999999999983 160 37 3.4984 3.26320327868853
54.7333333333315 160 36 2.91119098360656 2.4476868852459
58.7999999999979 160 35 2.99626475409836 3.16557254098361
59.8166666666646 160 33 3.15063606557377 2.69829836065574
67.9499999999974 159 34 3.99103586065574 1.75192848360656
75.0666666666637 158 34 4.81691943793911 1.73602927400468
79.1333333333301 158 33 4.81703647540983 2.00644385245902
81.1666666666633 158 32 4.64984016393443 1.66798606557377
84.2166666666632 157 33 4.68559945355191 1.68126229508197
87.266666666663 157 32 4.36171092896175 1.30966393442623
90.3166666666628 156 32 4.85110819672131 1.24666120218579
91.3333333333294 156 31 4.86635409836066 1.09596229508197
93.3666666666627 155 31 4.66899508196721 1.13431557377049
94.3833333333293 154 31 4.45524262295082 1.06323606557377
109.633333333328 154 30 3.90099726775956 0.90767956284153
115.733333333328 154 29 3.79022841530054 1.24927486338798
116.749999999995 153 29 3.73011475409836 1.42821803278689
118.783333333328 153 28 3.73186229508197 1.86115327868852
121.833333333328 153 27 3.7587087431694 2.08263333333333
126.916666666661 153 26 2.9138537704918 1.43147836065574
134.933333333333 152 26 2.24201683991684 0.884822869022869
136.933333333334 151 27 2.15303333333333 0.389626666666667
139.933333333337 150 27 2.11255666666667 0.467945555555556
143.93333333334 149 28 2.1936575 0.48076125
146.933333333342 149 27 2.06614388888889 0.384360555555556
150.933333333346 149 25 2.04777208333333 0.45593375
151.933333333346 148 24 2.02145333333333 0.417776666666667
160.933333333354 148 23 2.110535 0.253171111111111
161.933333333354 148 22 2.24723166666667 0.341191666666667
183.933333333372 147 22 2.2212146969697 0.186390681818182
191.933333333378 146 23 2.731561875 0.182736875
211.933333333394 145 23 2.27043383333333 0.315226083333333
223.933333333404 144 24 2.19883416666667 0.205269166666667
228.933333333408 143 25 1.98379 0.161280666666667
236.933333333414 142 26 2.00601375 0.220878541666667
247.933333333423 141 26 2.08790666666667 0.246086212121212
250.933333333425 141 25 2.19644722222222 0.226368333333333
275.250000000078 141 24 1.90857450308431 0.147750925291295
279.316666666741 140 25 1.97200778688525 0.232940163934426
298.63333333339 138 27 2.07203779119931 0.185115271786022
314.900000000042 137 28 1.90901772540984 0.148619672131148
327.100000000031 137 27 1.89301830601093 0.141317076502732
343.366666666683 136 28 1.92404959016394 0.163967930327869
360.650000000001 136 27 1.96613143683703 0.228381099324976
362.683333333332 136 26 2.14634590163934 0.278575409836066
370.816666666658 136 25 2.2515493852459 0.213510860655738
371.833333333324 136 24 1.92848852459016 0.1296
374.883333333321 136 23 1.92587213114754 0.107749180327869
379.96666666665 135 23 1.91198524590164 0.120268196721311
397.249999999967 134 23 1.89415583413693 0.102750723240116
453.166666666583 133 24 1.86323076005961 0.108744918032787
454.183333333249 133 22 1.89260655737705 0.10047868852459
470.449999999901 132 23 1.85875491803279 0.0747132172131148
475.53333333323 131 24 1.87633114754098 0.126643606557377
485.699999999887 129 26 1.89779 0.100616721311475
494.849999999879 128 26 1.87595373406193 0.0975114754098361
555.849999999823 127 27 2.54708980874317 0.14625849726776
569.066666666478 126 28 2.53507919293821 0.173063303909206
570.083333333144 125 28 2.5621131147541 0.101431147540984
585.33333333313 125 27 2.54118021857924 0.177772131147541
586.349999999795 124 28 2.64269016393443 0.178406557377049
588.383333333127 124 27 2.65936557377049 0.206351639344262
593.466666666456 124 26 2.62615278688524 0.190509180327869
594.483333333121 123 27 2.61448360655738 0.352739344262295
596.516666666453 122 27 2.58231147540984 0.229260655737705
599.56666666645 120 27 2.54560655737705 0.17946393442623
600 120 27 3.79822459016394 0.345616393442623
