# New log 28/04/2014 01:00:21
1 192 64 2.39944166666667 6.18987166666667
4.04999999999999 191 64 1.56448032786885 1.06201475409836
5.06666666666665 191 63 1.64410655737705 1.2536393442623
6.08333333333332 190 63 1.48992131147541 0.390580327868852
9.10000000000003 189 64 1.4748408839779 2.36998674033149
10.1000000000001 189 63 1.90152 4.48339
11.1000000000001 189 62 1.96922 4.14141
13.1000000000002 189 60 1.61592833333333 3.25136583333333
14.1000000000003 188 59 1.486005 3.29618166666667
15.1000000000003 188 58 1.37229833333333 4.30624666666667
16.1000000000004 188 57 2.42367333333333 5.42935166666667
18.1333333333336 186 58 2.07624508196721 5.18118852459016
19.1500000000002 185 58 2.98109836065574 4.8378868852459
20.1666666666668 184 57 2.93576229508197 5.11373442622951
21.1833333333334 183 58 1.63804262295082 5.23731639344262
22.2 182 59 1.25387540983607 4.36221967213115
24.2333333333332 180 60 1.40372950819672 4.88823032786885
25.2499999999998 179 60 1.41524754098361 4.6281131147541
28.2999999999997 178 61 1.42029672131148 5.71788087431694
29.3166666666663 176 63 1.58902295081967 5.68934754098361
30.3333333333329 175 60 1.36799344262295 4.82722295081967
31.3499999999995 175 59 1.42329180327869 5.44882131147541
32.3666666666661 175 58 1.4509131147541 6.58737213114754
33.3833333333327 174 58 1.58658196721311 3.47745409836066
34.3999999999993 174 57 1.55862950819672 4.47284918032787
35.4166666666659 171 59 1.55045737704918 4.08317049180328
36.4333333333325 171 58 1.56716885245902 1.12211475409836
37.4499999999992 169 60 1.54100163934426 1.14079836065574
38.4666666666658 168 61 1.7556131147541 0.705488524590164
39.4833333333324 166 63 1.44450491803279 0.829890163934426
40.499999999999 165 63 1.9751131147541 0.886062295081967
41.5166666666656 164 64 1.47414262295082 1.0456868852459
42.5333333333322 164 63 1.56635081967213 1.17529672131148
43.5499999999988 162 64 1.34449672131148 1.46112786885246
49.6499999999985 161 64 1.33986857923497 4.72958415300546
50.6666666666651 161 63 1.07009344262295 8.30478032786885
51.6833333333317 159 62 1.10550491803279 8.8073737704918
52.6999999999983 159 61 1.29451639344262 9.45776885245902
53.7166666666649 157 63 1.44173770491803 9.99984098360656
55.7499999999981 156 64 1.3658631147541 7.21887049180328
59.8166666666646 155 65 1.21395655737705 8.9645118852459
60.8333333333312 154 66 1.10310327868852 7.11279180327869
62.8666666666644 154 65 1.09079016393443 6.81147131147541
64.8999999999976 154 64 1.31660081967213 6.58534262295082
66.9333333333308 153 63 2.75594590163934 8.47817459016393
67.9499999999974 153 62 1.53799180327869 8.61498360655738
69.9833333333306 152 63 1.19442295081967 9.01507295081967
70.9999999999973 150 65 1.13544754098361 9.37747868852459
72.0166666666639 149 65 1.58182459016394 9.68164262295082
73.0333333333305 148 66 1.24676557377049 9.72336229508197
74.0499999999971 147 66 1.38634754098361 7.8337262295082
77.0999999999969 146 65 1.47269508196721 4.33284863387978
80.1499999999967 145 65 1.20272841530055 0.912824043715847
81.1666666666633 145 64 1.30111475409836 1.3248
82.18333333333 144 65 1.17969508196721 1.79584426229508
83.1999999999966 143 66 1.08049836065574 2.2126131147541
85.2333333333298 142 66 1.16417540983607 3.84434836065574
88.2833333333296 141 67 0.971510382513661 4.03302076502732
89.2999999999962 140 68 1.08182295081967 3.23561967213115
92.349999999996 139 68 1.10802404371585 1.74237540983607
94.3833333333293 139 67 1.04695983606557 2.30835245901639
97.4333333333291 138 68 1.05227540983606 2.8560349726776
98.4499999999957 138 67 1.06797868852459 1.59039836065574
99.4666666666623 137 68 1.02609836065574 1.03631475409836
100.483333333329 135 68 1.0033868852459 2.59098196721311
102.516666666662 134 69 1.26812868852459 2.67943852459016
106.583333333329 133 69 2.29952049180328 2.45253606557377
107.599999999995 133 68 1.06057704918033 2.34909344262295
113.699999999995 132 68 0.986192896174862 2.24915081967213
116.749999999995 131 69 0.989426229508196 2.38556885245902
120.816666666661 130 70 0.990164344262295 3.699625
124.883333333328 130 69 1.08263155737705 2.47949795081967
125.899999999994 129 70 0.947827868852459 2.43419836065574
126.916666666661 128 70 0.919118032786885 2.26164590163934
130.93333333333 127 71 1.11268962655602 2.21696514522822
131.93333333333 126 71 0.944548333333333 2.21980833333333
149.933333333345 125 72 0.989578148148148 2.55415518518519
157.933333333351 124 73 0.942641875 2.162551875
159.933333333353 124 72 0.906485 2.19218
161.933333333354 123 73 0.905509166666666 2.14196833333333
162.933333333355 123 72 0.937498333333334 2.25208666666667
165.933333333358 122 73 0.913543888888889 2.58949
169.933333333361 121 73 0.916182083333334 2.16056166666667
175.933333333365 120 74 0.943800277777778 1.66133
180.933333333369 119 74 0.960581666666666 1.61066966666667
182.933333333371 116 77 0.929691666666666 1.5520675
185.933333333373 115 78 0.911114444444445 1.50395944444444
188.933333333376 114 78 0.91047 1.48515277777778
198.933333333384 113 78 0.935629499999999 1.85836883333333
201.933333333386 113 77 1.01361555555555 2.21928555555556
203.933333333388 112 78 0.9382375 1.44582916666667
205.933333333389 112 77 0.934505 1.49598083333333
208.933333333392 111 77 0.99294 1.59263388888889
209.933333333393 111 76 0.933448333333333 1.47319833333333
210.933333333393 110 77 0.928468333333334 1.45329
211.933333333394 109 77 0.914508333333333 1.49922
212.933333333395 108 77 0.89931 1.44432
214.933333333397 107 78 0.875986666666667 1.44124083333333
216.933333333398 107 77 0.887493333333334 1.45304
218.9333333334 106 77 0.864529166666667 1.44113583333333
219.933333333401 105 77 0.883551666666666 1.43939
220.933333333401 104 78 0.881311666666667 1.49507833333333
223.933333333404 103 78 0.871938333333334 1.43595722222222
224.933333333404 102 79 0.832028333333333 1.41579666666667
225.933333333405 101 79 0.829495 1.45349666666667
229.933333333408 101 78 0.799832916666667 1.45511041666667
230.933333333409 100 79 0.733753333333333 1.412045
245.933333333421 99 80 0.768977555555555 1.43806322222222
248.933333333424 98 80 0.749501666666666 1.53882333333333
258.983333333426 97 81 0.723184577114428 1.50634344941957
291.51666666673 95 83 0.714819211065573 1.40459211065574
292.533333333396 94 83 0.690329508196721 1.12021147540984
310.833333333379 94 82 0.683297632058288 0.777549453551913
322.016666666702 93 83 0.682832041728762 0.736960506706408
338.283333333354 93 82 0.692419569672132 0.578381659836066
340.316666666686 93 81 0.67187131147541 0.0564049180327869
342.350000000017 93 80 0.682504918032787 0.15184262295082
353.53333333334 92 80 0.686730253353204 0.128764977645306
354.550000000006 91 80 0.722539344262295 0.00893606557377049
369.799999999992 90 80 0.681761092896176 0.0980017486338798
370.816666666658 90 79 0.6907 0.309408196721312
371.833333333324 90 78 0.684686885245902 0.274460655737705
372.84999999999 89 79 0.653149180327869 0.34052131147541
379.96666666665 89 78 0.68134449648712 0.171070960187354
386.066666666644 88 78 0.651677049180328 0.732810928961749
398.266666666633 88 77 0.660971311475409 0.138949863387978
403.349999999962 87 78 0.620573770491803 0.0240140983606557
409.449999999956 86 78 0.611203825136612 0.0418147540983607
410.466666666622 85 79 0.60675737704918 0.0176868852459016
418.599999999948 84 79 0.578951024590164 0.98494487704918
419.616666666614 83 79 0.589144262295082 1.15560655737705
420.633333333279 83 78 0.614396721311475 0.908922950819672
421.649999999945 83 77 0.597609836065574 0.00430983606557377
432.833333333268 82 78 0.596058569299554 0.00562384500745157
466.383333333238 81 79 0.596016194734227 0.0218147540983607
511.11666666653 80 80 0.58816233233979 0.000615648286140089
538.566666666506 80 79 0.555078809957498 0.00260376442015786
562.966666666483 79 80 0.570964822404373 0.00129515027322404
564.999999999815 78 81 0.555568852459016 0.000174590163934426
568.049999999812 77 82 0.54970218579235 0.000183606557377049
573.133333333141 76 82 0.545813770491804 0.00173606557377049
574.149999999806 75 82 0.540604918032787 0.000172131147540984
581.266666666467 74 83 0.527240983606557 0.00752388758782202
600 74 83 0.510822088006903 0.000300086281276963
