# New log 28/04/2014 01:02:40
1 192 64 5.22335833333334 2.06788333333333
3.03333333333333 192 61 3.10448770491803 0.494052459016393
4.04999999999999 192 59 2.94307540983607 0.488826229508197
5.06666666666665 189 59 2.98517540983607 0.41502131147541
6.08333333333332 189 54 2.8782 0.326137704918033
8.09999999999998 188 52 3.2512 0.39724132231405
9.10000000000003 188 50 5.12151666666667 0.805435
11.1000000000001 187 49 4.97028166666667 0.869036666666667
13.1000000000002 186 49 4.81654916666667 0.967785833333333
14.1000000000003 186 47 4.99108 0.850658333333333
15.1000000000003 186 46 6.14031833333334 1.018755
16.1000000000004 184 46 5.53033666666667 0.98663
17.116666666667 183 46 5.53529836065574 1.18580819672131
18.1333333333336 182 46 6.53188852459016 1.39235409836066
19.1500000000002 181 46 6.97101475409836 1.64583770491803
22.2 179 47 5.08840109289617 1.46353551912568
25.2499999999998 177 47 3.41262240437158 1.43474918032787
27.2833333333331 176 47 4.4560893442623 1.71450163934426
29.3166666666663 174 46 3.15810655737705 1.50372704918033
30.3333333333329 173 47 4.36817868852459 1.52583114754098
31.3499999999995 172 47 4.10788196721312 1.13487540983607
33.3833333333327 171 47 3.74553524590164 0.967793442622951
34.3999999999993 171 46 3.91641475409836 0.716137704918033
35.4166666666659 170 44 3.39846885245902 0.672150819672131
36.4333333333325 169 44 3.45224262295082 1.30842786885246
37.4499999999992 166 44 3.19823278688525 1.04777213114754
40.499999999999 165 43 3.02774644808743 0.796988524590164
41.5166666666656 163 44 3.36515737704918 1.03369016393443
42.5333333333322 163 42 3.21692295081967 0.898536065573771
44.5666666666654 163 41 3.20003196721312 1.05445655737705
46.5999999999986 162 42 4.09501065573771 1.83660409836066
49.6499999999985 159 43 3.73258415300546 1.17841912568306
50.6666666666651 158 43 4.60145901639344 1.20907868852459
51.6833333333317 157 44 3.98099016393443 0.679762295081967
52.6999999999983 156 44 4.30677868852459 0.889277049180328
55.7499999999981 155 45 4.57355901639345 0.816812021857924
57.7833333333313 155 44 3.98210409836065 0.877016393442623
59.8166666666646 154 44 3.27830491803279 0.714262295081967
60.8333333333312 153 44 3.03700819672131 0.239573770491803
62.8666666666644 152 44 3.30821803278689 0.426945901639344
63.883333333331 150 42 4.36400327868853 0.516319672131147
64.8999999999976 149 42 3.90670819672131 0.388559016393443
67.9499999999974 149 41 3.53008961748634 0.603887431693989
68.966666666664 149 39 4.99838524590164 1.06171147540984
72.0166666666639 148 39 3.32787650273224 0.96363825136612
74.0499999999971 147 40 2.68281147540983 0.4743
77.0999999999969 146 41 2.20967595628415 0.549318032786885
80.1499999999967 145 42 2.25572950819672 0.447345901639344
81.1666666666633 143 43 1.97997868852459 0.290324590163934
83.1999999999966 142 42 2.20763114754098 0.349903278688525
84.2166666666632 142 41 2.23707213114754 0.208667213114754
85.2333333333298 141 42 2.22585737704918 0.388790163934426
88.2833333333296 141 41 2.46207213114754 0.388134972677596
89.2999999999962 140 41 2.97538032786885 0.353552459016393
90.3166666666628 139 41 2.20013770491803 0.234690163934426
91.3333333333294 138 41 2.03088196721311 0.195822950819672
94.3833333333293 138 40 2.38459453551913 0.181129508196721
99.4666666666623 137 40 3.01198786885246 0.280231803278689
102.516666666662 136 40 2.23158032786885 0.341447540983607
104.549999999995 136 38 1.85748852459016 0.320025409836066
109.633333333328 135 39 1.95163967213115 0.342294098360656
115.733333333328 134 40 1.94458606557377 0.253277595628415
117.766666666661 133 41 1.7642237704918 0.132759016393443
119.799999999994 132 41 1.7830631147541 0.142964754098361
122.849999999994 131 42 1.83876448087432 0.175481967213115
125.899999999994 130 42 1.98258306010929 0.238891803278689
126.916666666661 130 40 1.88053442622951 0.17284262295082
131.93333333333 129 40 1.944273089701 0.24987342192691
132.933333333331 129 39 1.78428333333333 0.18162
133.933333333332 129 38 1.841805 0.231326666666667
137.933333333335 128 38 1.7248475 0.138700416666667
141.933333333338 127 39 1.69150333333333 0.10769125
144.933333333341 126 40 1.73756555555556 0.118484444444444
145.933333333342 125 40 1.74809333333333 0.21042
147.933333333343 125 39 1.73548916666667 0.239966666666667
152.933333333347 125 38 1.76647066666667 0.137151
158.933333333352 124 37 1.70366166666667 0.144532777777778
168.93333333336 123 38 1.6738915 0.1258145
171.933333333362 122 39 1.665235 0.168698333333333
172.933333333363 122 38 1.69916666666667 0.169265
181.93333333337 122 37 1.64018814814815 0.175086481481481
186.933333333374 121 38 1.67963666666667 0.128372333333333
192.933333333379 120 39 1.58335111111111 0.134475833333333
193.93333333338 120 38 1.58112833333333 0.0845066666666667
198.933333333384 120 37 1.588274 0.0968753333333333
203.933333333388 119 38 1.95422933333333 0.144248666666667
210.933333333393 119 37 2.63301476190476 0.186779761904762
213.933333333396 119 36 2.38418166666667 0.145157777777778
215.933333333397 119 35 2.39072666666667 0.122086666666667
238.933333333416 118 36 3.03233485507247 0.228470942028985
253.933333333428 118 35 2.52333588888889 0.209883888888889
254.933333333428 118 34 1.82185666666667 0.261695
261.016666666758 118 33 1.70699506849315 0.737031780821918
264.066666666755 117 34 1.83713387978142 0.645718032786885
270.16666666675 116 35 1.62660109289618 0.147255191256831
287.450000000067 116 34 1.68289093539055 0.156549083895853
294.566666666727 115 35 2.04652903981265 0.183290866510539
308.800000000048 114 36 1.64313302107728 0.170278454332553
319.983333333371 114 35 1.56215991058122 0.114403874813711
322.016666666702 114 34 1.73925409836066 0.146045081967213
323.033333333368 113 34 1.63858852459016 0.136180327868852
328.116666666697 112 34 1.5977737704918 0.124395409836066
329.133333333363 112 33 1.53926721311475 0.13555737704918
336.250000000023 112 31 1.57782927400468 0.120074941451991
375.899999999987 111 32 1.56482408575031 0.149826944094157
388.099999999976 110 33 1.50917704918033 0.119417349726776
389.116666666641 110 32 1.51542131147541 0.18063606557377
390.133333333307 110 31 1.49954426229508 0.10707868852459
405.383333333293 109 32 1.5138574863388 0.125017486338798
406.399999999959 109 31 1.51141803278689 0.103985245901639
413.516666666619 108 32 1.52730046838407 0.118090163934426
436.899999999931 108 31 1.44010128296508 0.0913909479686386
441.98333333326 107 32 1.50812852459016 0.095015737704918
454.183333333249 107 31 1.48018756830601 0.105560382513661
458.249999999912 107 30 1.47197213114754 0.0849553278688525
481.633333333224 107 29 1.48616699928724 0.163530791161796
487.733333333218 107 28 1.48935464480874 0.124079234972678
498.916666666542 106 29 1.48067168405365 0.109960208643815
513.149999999862 105 30 1.48653454332553 0.134885831381733
518.233333333191 104 31 1.4809862295082 0.290683606557377
524.333333333185 102 32 1.45377431693989 0.139060655737705
526.366666666517 101 33 1.44195163934426 0.11995
536.533333333174 100 34 1.43740540983607 0.119972131147541
539.583333333171 100 33 1.44467595628415 0.074672131147541
544.6666666665 99 34 1.37780327868852 0.0552731147540984
545.683333333166 98 35 1.31646557377049 0.030816393442623
581.266666666467 97 36 1.4093575175644 0.0646820140515223
590.416666666458 96 37 1.3078262295082 0.0309708561020036
600 94 38 1.34494278688525 0.0402014754098361
