# New log 28/04/2014 01:04:56
1 192 64 2.38611333333333 0.73851
4.04999999999999 192 62 1.75800218579235 0.683568306010929
5.06666666666665 191 60 1.91717540983607 0.869804918032787
6.08333333333332 186 61 1.71140655737705 0.26555737704918
7.09999999999998 185 61 1.85317213114754 0.276947540983607
8.09999999999998 184 61 2.28315833333333 0.448215
10.1000000000001 184 59 2.098495 0.363894166666667
11.1000000000001 184 58 2.98410833333333 2.65312
13.1000000000002 183 58 2.94483833333333 1.1308525
14.1000000000003 183 57 4.11053333333333 0.61364
16.1000000000004 182 56 3.75097333333333 0.9359175
17.116666666667 181 57 3.20778524590164 0.798391803278689
18.1333333333336 179 59 3.29904426229508 0.945014754098361
19.1500000000002 175 59 2.54742950819672 0.573462295081967
20.1666666666668 175 56 1.84804262295082 0.410522950819672
23.2166666666666 173 57 3.3607781420765 0.515049180327869
24.2333333333332 172 58 4.07108032786885 2.14902786885246
25.2499999999998 172 57 3.41702950819672 1.03035081967213
26.2666666666665 169 58 4.61525081967213 1.26609836065574
27.2833333333331 169 57 4.44663114754099 1.18910655737705
28.2999999999997 168 57 3.73420983606557 1.33825081967213
29.3166666666663 165 58 3.53666229508197 1.3066868852459
31.3499999999995 164 58 3.90383442622951 2.2313737704918
32.3666666666661 163 57 3.14001475409836 2.48506721311475
33.3833333333327 160 59 4.55615737704918 2.18389672131148
34.3999999999993 159 60 4.62595409836066 2.50769180327869
35.4166666666659 156 59 4.52438524590164 1.97111967213115
36.4333333333325 153 61 4.06486393442623 1.70108196721311
37.4499999999992 151 60 4.36753278688525 2.81075245901639
39.4833333333324 150 59 4.25080081967213 2.31397049180328
40.499999999999 150 58 3.0875737704918 0.63946393442623
41.5166666666656 150 56 3.52242295081967 0.861177049180328
42.5333333333322 148 55 2.54980491803279 0.443862295081967
43.5499999999988 147 55 3.0363868852459 0.994837704918033
44.5666666666654 146 54 2.5951262295082 0.997475409836066
46.5999999999986 145 53 2.81164098360656 0.758526229508197
47.6166666666652 143 53 2.37015737704918 0.786006557377049
48.6333333333319 142 54 2.73084754098361 0.860150819672131
49.6499999999985 141 54 1.83921475409836 0.791595081967213
50.6666666666651 139 56 2.33126557377049 0.801277049180328
51.6833333333317 137 55 2.44352459016393 0.829067213114754
52.6999999999983 135 57 2.28665245901639 0.756575409836066
54.7333333333315 135 55 2.74394344262295 0.844077049180328
56.7666666666647 134 55 1.6837631147541 0.534732786885246
57.7833333333313 134 54 2.5884131147541 0.269144262295082
58.7999999999979 133 54 1.65271967213115 0.205509836065574
59.8166666666646 133 53 1.914 0.304193442622951
63.883333333331 132 53 2.79010368852459 0.496824590163934
64.8999999999976 130 54 3.04369836065574 0.623545901639344
66.9333333333308 129 55 2.44411557377049 0.72217868852459
68.966666666664 127 57 2.17786639344262 0.891514754098361
69.9833333333306 127 56 2.11799672131148 0.69882131147541
74.0499999999971 126 57 2.42200081967213 1.80161106557377
75.0666666666637 126 56 3.03588524590164 1.75904426229508
79.1333333333301 126 55 2.51017295081967 0.299817213114754
80.1499999999967 126 54 1.3393393442623 0.199719672131148
81.1666666666633 125 53 1.20791147540984 0.198116393442623
82.18333333333 122 53 1.04356229508197 0.112468852459016
84.2166666666632 121 53 1.60414672131148 0.337446721311475
88.2833333333296 121 52 1.72662581967213 0.309581967213115
90.3166666666628 120 52 2.44508770491803 0.574902459016393
91.3333333333294 119 51 1.4529606557377 0.321191803278689
92.349999999996 118 51 1.94690983606557 0.283931147540984
93.3666666666627 117 51 1.66911967213115 0.589655737704918
94.3833333333293 117 50 1.28707868852459 0.394513114754098
95.3999999999959 117 48 1.20373770491803 0.208345901639344
98.4499999999957 117 47 1.14487650273224 0.418871038251366
99.4666666666623 116 47 1.26967868852459 0.219098360655738
101.499999999996 116 46 1.42760819672131 0.40301393442623
102.516666666662 115 47 1.05819508196721 0.425285245901639
106.583333333329 114 48 1.83995696721311 0.586809836065574
108.616666666662 112 49 2.40225901639344 0.625140163934426
110.649999999995 111 49 1.25641639344262 0.296694262295082
112.683333333328 111 48 1.32735901639344 0.527351639344262
114.716666666661 111 47 1.20890901639344 0.219279508196721
116.749999999995 110 47 1.04204672131148 0.380139344262295
117.766666666661 110 46 0.9401 0.224909836065574
118.783333333328 109 47 1.03213442622951 0.119073770491803
119.799999999994 108 48 1.05053278688525 0.174406557377049
120.816666666661 106 49 1.9167606557377 0.337270491803279
123.866666666661 105 49 0.965354644808743 0.174422950819672
125.899999999994 104 50 0.857183606557377 0.216887704918033
127.933333333327 103 51 0.947431147540984 0.093955737704918
129.933333333329 103 50 0.778109166666667 0.119394166666667
130.93333333333 102 51 0.833526666666667 0.151291666666667
136.933333333334 101 52 0.840568055555555 0.104301666666667
143.93333333334 100 53 0.750624761904762 0.0573821428571429
146.933333333342 98 54 0.799201666666666 0.0648611111111111
150.933333333346 97 54 1.0276175 0.404375416666667
152.933333333347 96 55 0.920059166666667 0.373171666666667
156.93333333335 96 54 0.896027916666667 0.25556625
167.933333333359 95 55 0.966409393939393 0.218612575757576
169.933333333361 94 55 0.735805 0.0975875
178.933333333368 94 54 0.766085925925925 0.0746961111111111
192.933333333379 93 55 0.698993571428572 0.0880188095238095
193.93333333338 92 55 0.624745 0.01238
207.933333333391 91 55 0.652946547619047 0.0257409523809524
210.933333333393 90 56 0.862647222222223 0.0860966666666667
211.933333333394 89 57 0.896261666666667 0.139351666666667
215.933333333397 88 58 0.9505425 0.07400375
218.9333333334 87 58 0.718585555555555 0.0295611111111111
219.933333333401 85 60 0.583851666666667 0.00239666666666667
220.933333333401 84 61 0.652921666666667 0.0132983333333333
227.933333333407 84 60 0.631415952380952 0.0347666666666667
229.933333333408 84 59 0.629615833333334 0.0162375
231.93333333341 83 59 0.654015833333333 0.0269483333333333
233.933333333412 83 57 0.6646225 0.147905
241.933333333418 83 56 0.632697291666666 0.0232847916666667
243.93333333342 82 57 0.619665 0.036045
247.933333333423 82 56 0.604540416666666 0.0179033333333333
250.933333333425 82 55 0.605015 0.00588722222222222
257.966666666761 81 56 0.734776303317535 0.184871563981043
272.200000000081 80 57 0.672719672131147 0.0281111241217799
276.266666666744 79 57 0.577345081967213 0.0283209016393443
278.300000000076 78 56 0.566373770491803 0.000668032786885246
285.416666666736 78 55 0.667847072599532 0.0258142857142857
290.500000000064 78 54 1.06419344262295 0.0308377049180328
292.533333333396 77 55 0.74963606557377 0.0526336065573771
302.700000000053 77 54 0.587637213114755 0.0137047540983607
303.716666666719 75 55 0.548913114754098 0.000231147540983607
306.766666666716 74 56 0.641126775956284 0.0362732240437158
315.916666666708 74 55 0.699228051001822 0.0598908925318761
319.983333333371 73 55 0.803317213114754 0.093441393442623
321.000000000037 72 56 0.674559016393443 0.0484065573770492
323.033333333368 72 54 0.753960655737705 0.0852401639344262
325.0666666667 71 54 0.73377131147541 0.0421081967213115
327.100000000031 71 53 0.61569262295082 0.035177868852459
328.116666666697 70 54 0.551526229508197 0.0291196721311475
330.150000000028 69 55 0.512310655737705 0.0396590163934426
336.250000000023 66 57 0.73155 0.117528961748634
342.350000000017 65 57 0.688104371584699 0.084394262295082
350.483333333343 65 56 0.517294262295082 0.0309110655737705
352.516666666675 64 56 0.530353278688525 0.0322926229508197
354.550000000006 64 54 0.533745081967213 0.0336368852459016
362.683333333332 63 54 0.719662295081968 0.0836606557377049
364.716666666664 62 54 1.07602459016393 0.14812868852459
376.916666666653 61 55 0.457409972677596 0.0333823770491803
380.983333333316 60 56 0.44975368852459 0.0464795081967213
384.033333333313 59 56 0.409777595628416 0.0295846994535519
414.533333333285 58 57 0.426965464480874 0.0343925683060109
419.616666666614 58 56 0.412545573770492 0.0305062295081967
421.649999999945 57 56 0.417652459016393 0.0328991803278689
427.74999999994 56 57 0.406550273224044 0.0293109289617486
441.98333333326 55 58 0.393435948477751 0.0341276346604215
451.133333333252 54 58 0.376971948998179 0.0298593806921676
492.816666666547 54 57 0.3739037584966 0.0309882447021192
525.349999999851 53 58 0.383563165983606 0.0352319159836066
530.43333333318 52 59 0.375665573770492 0.0303511475409836
531.449999999845 51 60 0.360050819672131 0.0281688524590164
532.466666666511 50 61 0.351831147540984 0.0582213114754098
533.483333333177 49 62 0.349847540983607 0.035127868852459
534.499999999843 48 63 0.349693442622951 0.0257459016393443
544.6666666665 48 62 0.359834590163934 0.046565737704918
545.683333333166 47 63 0.412116393442623 0.0820852459016393
574.149999999806 46 64 0.319440573770492 0.0301061475409836
578.216666666469 46 63 0.316453278688524 0.0289422131147541
600 46 63 0.314127496274218 0.0337897913561848
