# New log 28/04/2014 03:12:27
1 192 64 4.89708166666667 1.89401
3.03333333333333 192 63 3.61132459016393 0.909767213114754
4.04999999999999 191 60 4.86778852459016 0.863585245901639
5.06666666666665 191 56 5.42669344262295 0.905116393442623
6.08333333333332 190 53 5.10988524590164 1.05120491803279
7.09999999999998 190 52 3.35186065573771 0.519506557377049
8.09999999999998 190 50 3.64194333333333 0.692275
9.10000000000003 189 50 3.97150333333333 0.872521666666667
10.1000000000001 189 48 4.49121 0.71811
11.1000000000001 189 47 4.86802 0.90948
12.1000000000002 188 48 3.63857833333333 0.725858333333333
13.1000000000002 188 46 3.72305333333333 0.69089
14.1000000000003 188 44 5.72093333333333 0.697405
15.1000000000003 188 42 5.12757666666667 0.85829
16.1000000000004 188 41 5.36246833333333 0.863008333333333
17.116666666667 187 39 6.75125081967213 0.932313114754099
19.1500000000002 187 38 5.50237704918033 0.550038524590164
20.1666666666668 185 40 4.79571475409836 0.423583606557377
22.2 185 39 8.16364098360656 0.932348360655738
23.2166666666666 183 40 6.15413934426229 0.560391803278689
24.2333333333332 181 41 3.59606721311475 0.523283606557377
25.2499999999998 180 41 4.37683442622951 0.703259016393443
26.2666666666665 180 39 5.03538196721311 0.927460655737705
27.2833333333331 180 38 5.74843114754098 0.749511475409836
32.3666666666661 178 39 4.25783770491803 0.59396
35.4166666666659 177 39 3.78793005464481 0.662012021857924
37.4499999999992 176 39 4.11389344262295 0.783336065573771
38.4666666666658 176 38 3.52854590163934 0.63734262295082
42.5333333333322 176 36 3.68695778688525 0.575923770491803
43.5499999999988 175 36 3.36614262295082 0.41087868852459
47.6166666666652 175 35 3.64309262295082 0.411054098360656
48.6333333333319 175 34 3.02721639344262 0.514696721311475
50.6666666666651 175 33 3.14228032786885 0.657122131147541
51.6833333333317 175 32 4.60197049180328 1.08177213114754
53.7166666666649 175 31 3.49394426229508 0.898780327868853
64.8999999999976 174 31 3.57734157973174 0.967439642324888
65.9166666666642 173 31 4.35928852459016 1.44142295081967
66.9333333333308 171 30 2.76488360655738 1.34330655737705
72.0166666666639 170 30 2.84692524590164 2.04441180327869
73.0333333333305 170 29 3.04652459016394 3.24767049180328
76.0833333333303 170 28 3.0298781420765 3.28148797814208
80.1499999999967 169 28 2.89937622950819 3.24545245901639
81.1666666666633 169 27 2.83943934426229 2.79763770491803
84.2166666666632 168 27 2.7906781420765 2.43942131147541
98.4499999999957 168 26 5.0570574941452 1.8384237704918
100.483333333329 167 27 5.82350819672131 1.48254754098361
105.566666666662 167 26 6.59256655737705 0.917452459016394
108.616666666662 166 27 5.73047049180328 0.895585245901639
119.799999999994 166 25 5.38782518628913 1.10863397913562
125.899999999994 165 26 3.20712021857923 1.17228087431694
128.933333333328 165 25 2.37423241758242 0.967193956043956
132.933333333331 165 24 2.40079833333334 0.969487083333333
136.933333333334 164 25 2.89721791666667 0.89566
137.933333333335 164 24 2.89348833333333 0.75597
139.933333333337 163 24 2.99404416666667 0.467259166666667
147.933333333343 162 24 2.61786979166667 0.334767916666667
167.933333333359 162 23 2.36904525 0.697554583333333
175.933333333365 161 23 2.42426979166667 1.39552354166667
179.933333333369 160 24 2.65119375 1.58304708333333
183.933333333372 159 24 3.00041208333333 1.6049225
184.933333333373 159 23 3.39258 1.72210166666667
188.933333333376 158 23 3.14507416666666 1.62610666666667
191.933333333378 157 24 2.21465833333333 1.21111277777778
199.933333333385 157 23 2.20319770833333 0.64570875
234.933333333412 156 23 2.15673128571429 0.280694095238095
236.933333333414 156 22 2.26043416666667 0.238040833333333
252.933333333427 155 23 2.12065635416667 0.259065
272.200000000081 154 24 2.15703365051903 0.253999826989619
275.250000000078 153 25 2.19992732240437 0.277791256830601
278.300000000076 153 24 2.19649781420765 0.228809836065574
283.383333333404 153 23 2.30992819672131 0.288218360655738
290.500000000064 153 22 2.18637728337236 0.270134660421546
307.783333333382 152 22 2.34730038572806 0.252781099324976
308.800000000048 151 22 2.10822295081967 0.248388524590164
424.699999999942 151 21 2.53949725337934 0.306620232959448
425.716666666608 151 20 3.15571475409836 0.330188524590164
429.783333333271 150 20 2.74177745901639 0.29395737704918
436.899999999931 149 21 2.71294051522248 0.284392974238876
438.933333333263 149 20 2.97305819672131 0.333224590163934
445.033333333257 148 21 2.7910393442623 0.332212568306011
457.233333333246 147 22 2.73216297814208 0.515940846994536
459.266666666578 146 23 2.8220868852459 0.470749180327869
467.399999999904 145 24 2.69743565573771 0.329413729508197
590.416666666458 145 23 2.84511104186424 0.335583647202276
600 145 23 2.73372639344262 0.295583114754098
