# New log 28/04/2014 03:09:49
1 192 64 2.20662333333333 9.20003833333333
3.03333333333333 192 62 1.5027737704918 1.2323606557377
4.04999999999999 190 63 1.93293114754098 5.09871475409836
5.06666666666665 189 63 2.4354 4.51417868852459
6.08333333333332 188 63 2.1254868852459 3.20633114754098
7.09999999999998 187 63 1.43157868852459 8.09547704918033
9.10000000000003 186 64 1.52769083333333 9.16321833333333
10.1000000000001 184 66 1.37405166666667 10.2950966666667
11.1000000000001 182 68 1.53176833333333 9.08375333333333
12.1000000000002 182 67 1.34980833333333 7.53866333333333
13.1000000000002 182 66 1.40490166666667 7.73438
14.1000000000003 181 66 1.71445166666667 7.93392333333333
15.1000000000003 181 65 1.58096833333333 7.07207333333333
17.116666666667 181 63 1.69716115702479 7.0943347107438
18.1333333333336 180 62 1.62502459016393 6.90126885245902
19.1500000000002 179 61 1.86722459016393 7.05972459016393
20.1666666666668 178 59 1.77740163934426 7.44095409836066
23.2166666666666 177 59 1.69179071038251 7.30853442622951
24.2333333333332 175 60 1.2900606557377 7.08319180327869
26.2666666666665 175 59 1.26474918032787 6.91122540983607
28.2999999999997 175 57 1.30204508196721 5.78948196721312
29.3166666666663 174 57 1.69081475409836 6.03329836065574
30.3333333333329 174 56 2.18495409836066 8.32415573770492
31.3499999999995 173 56 1.43381475409836 10.1214606557377
33.3833333333327 172 56 1.42350573770492 9.90128606557377
36.4333333333325 172 55 1.36174371584699 6.05264207650273
38.4666666666658 171 55 1.32783114754098 4.87945
39.4833333333324 170 55 1.29420983606557 7.08949672131148
40.499999999999 170 54 1.28797704918033 9.87599672131148
41.5166666666656 169 54 1.3144262295082 9.97627868852459
42.5333333333322 166 56 1.40129016393443 10.0222737704918
43.5499999999988 166 55 1.30769508196721 9.75226065573771
44.5666666666654 165 55 1.3027262295082 10.3371032786885
45.583333333332 164 55 1.30111967213115 10.0440114754098
46.5999999999986 163 55 1.28307049180328 9.99264918032787
47.6166666666652 162 55 1.30481475409836 10.0673819672131
50.6666666666651 160 54 1.22864699453552 10.4724459016393
51.6833333333317 159 55 1.25750491803279 10.4843967213115
52.6999999999983 158 56 1.20351475409836 10.5151409836066
53.7166666666649 157 57 1.19541147540984 10.6167491803279
54.7333333333315 157 56 1.31009672131148 10.4984590163934
56.7666666666647 156 57 1.32264344262295 10.5959418032787
57.7833333333313 155 57 1.81462459016393 9.67924098360656
58.7999999999979 154 57 2.21294262295082 5.22679180327869
62.8666666666644 153 57 1.17710532786885 5.18524959016393
63.883333333331 150 59 1.14267868852459 6.25915081967213
64.8999999999976 150 57 1.51129836065574 6.94951803278689
65.9166666666642 149 57 1.20319180327869 6.27499836065574
66.9333333333308 148 57 1.08686721311475 6.33456229508197
67.9499999999974 147 58 1.14492295081967 6.0440262295082
70.9999999999973 146 58 1.14727868852459 4.71126721311475
72.0166666666639 146 57 1.34054590163934 6.56869672131148
74.0499999999971 145 58 1.26139918032787 6.69905
76.0833333333303 144 58 1.14822950819672 6.85022295081967
77.0999999999969 143 58 1.12197868852459 6.91480327868852
78.1166666666635 142 58 1.09185245901639 6.74922950819672
80.1499999999967 141 58 1.07946229508197 6.79595819672131
81.1666666666633 140 59 1.06963606557377 7.16560327868852
82.18333333333 140 58 1.79325901639344 7.63896229508197
83.1999999999966 138 59 2.28568360655738 8.01003114754098
84.2166666666632 138 58 3.43917704918033 7.60849016393443
86.2499999999964 136 60 1.94470409836066 8.18142295081967
89.2999999999962 136 59 2.58675136612022 6.54124043715847
91.3333333333294 136 58 1.86025409836066 6.14042704918033
92.349999999996 136 57 2.28767049180328 6.6623
93.3666666666627 135 58 2.13853278688525 6.30901803278689
95.3999999999959 135 57 2.04333852459016 3.11888442622951
96.4166666666625 134 56 2.7874262295082 3.6611
97.4333333333291 133 57 4.10817213114754 2.29076229508197
99.4666666666623 132 56 1.69694262295082 0.64300737704918
101.499999999996 132 55 0.984653278688524 0.729368032786885
102.516666666662 131 55 0.982245901639344 0.351990163934426
103.533333333329 130 56 1.0201262295082 1.36531475409836
104.549999999995 129 57 0.997155737704918 4.07141147540984
105.566666666662 129 56 1.0594868852459 4.65693442622951
107.599999999995 128 57 1.16076557377049 5.61657459016393
108.616666666662 127 57 1.22026229508197 5.55521475409836
111.666666666662 125 58 1.11145081967213 6.61476393442623
112.683333333328 124 58 1.0245737704918 9.24141639344262
113.699999999995 123 58 0.989490163934426 9.78104754098361
114.716666666661 122 58 1.02291475409836 9.7034737704918
119.799999999994 121 59 0.992699344262295 8.03335508196721
121.833333333328 121 58 1.05968032786885 6.78466557377049
123.866666666661 120 58 0.960880327868852 6.59216393442623
124.883333333328 119 58 1.05259344262295 2.28510983606557
126.916666666661 118 58 0.976987704918033 0.480372131147541
131.93333333333 117 59 0.976422591362126 1.06619235880399
136.933333333334 116 59 1.087102 2.066055
137.933333333335 115 59 1.072055 2.167495
138.933333333336 114 60 0.883746666666667 2.701035
140.933333333338 114 59 0.911105833333333 2.31730833333333
146.933333333342 113 60 1.05423194444444 0.944320833333333
151.933333333346 111 60 1.115533 0.808073666666667
153.933333333348 110 60 0.881561666666667 2.21527
155.93333333335 110 59 0.869569166666667 0.669265
160.933333333354 110 58 0.938909333333333 0.444901333333333
162.933333333355 109 59 0.826721666666667 0.338266666666667
177.933333333367 108 59 1.07631877777778 0.753159222222222
188.933333333376 107 60 0.921811515151516 0.277280151515152
189.933333333377 107 59 0.837106666666667 0.0606866666666667
191.933333333378 107 58 0.821649166666667 0.203795833333333
192.933333333379 106 58 0.829981666666667 0.170046666666667
193.93333333338 105 59 0.81154 0.711671666666667
195.933333333381 104 60 0.826139166666667 0.480046666666667
196.933333333382 103 60 0.786613333333334 1.00183
199.933333333385 102 61 0.878778333333334 2.03468388888889
200.933333333385 101 61 1.59894333333333 1.02832166666667
201.933333333386 101 60 0.775265 0.292223333333333
202.933333333387 101 59 1.06629333333333 0.276763333333333
204.933333333389 100 60 0.888251666666666 0.129375833333333
207.933333333391 99 61 0.795298888888889 0.09867
208.933333333392 98 61 0.83802 0.00843833333333333
209.933333333393 97 61 2.32464166666667 0.04468
212.933333333395 96 61 1.33960611111111 0.590251666666667
223.933333333404 95 62 0.770353181818181 0.231041666666667
227.933333333407 94 63 0.773219583333333 0.51629125
228.933333333408 93 64 0.80835 1.52858666666667
231.93333333341 92 65 1.05326722222222 4.31390444444444
235.933333333413 91 66 0.965 4.18352958333333
236.933333333414 90 67 0.676741666666667 4.26939833333333
237.933333333415 90 66 0.662573333333333 2.77611
239.933333333416 89 67 0.684068333333334 3.37936833333333
240.933333333417 88 67 1.21462833333333 4.16877
244.93333333342 87 67 0.966990833333333 4.28593791666667
245.933333333421 86 67 0.77988 4.394765
248.933333333424 85 68 1.55973444444444 4.05366666666667
251.933333333426 85 67 0.750711111111112 3.80385277777778
254.933333333428 84 68 0.776601666666667 2.13935833333333
265.083333333421 83 69 0.800051559934319 5.72816748768473
268.133333333418 82 70 1.62011475409836 2.13620983606557
269.150000000084 81 70 0.659059016393443 1.20953278688525
274.233333333413 80 70 0.620188196721312 2.90604
282.366666666739 79 71 0.633324180327869 3.75091168032787
286.433333333401 78 72 0.626354918032787 2.59787336065574
288.466666666733 78 71 0.59705737704918 1.13124262295082
290.500000000064 78 70 0.630272950819672 2.26462131147541
293.550000000062 77 71 0.622236612021858 1.28038469945355
298.63333333339 77 70 0.708928852459017 1.12351114754098
303.716666666719 76 71 0.596670491803279 0.923997049180328
308.800000000048 76 70 0.566276393442623 0.788788196721312
311.850000000045 75 70 0.576711475409836 0.801079234972678
325.0666666667 74 71 0.555853720050442 0.865222824716267
327.100000000031 73 71 0.523488524590164 1.4715106557377
329.133333333363 72 72 0.508463114754098 1.04234508196721
332.18333333336 72 71 0.503153005464481 0.844126775956284
334.216666666691 71 71 0.511214754098361 0.753845081967213
335.233333333357 70 72 0.507444262295082 0.789868852459016
340.316666666686 69 72 0.495650491803279 0.804730163934426
346.41666666668 69 71 0.475705464480874 0.704704918032787
348.450000000012 68 72 0.489444262295082 0.0581680327868853
351.500000000009 67 73 0.482188524590164 0.0124950819672131
357.600000000003 66 74 0.470157923497268 0.00107103825136612
390.133333333307 65 74 0.465584272540983 0.0163769979508197
421.649999999945 65 73 0.451116816499208 0.0117126388154416
434.8666666666 64 73 0.459350063051703 0.000172131147540984
461.299999999909 64 72 0.454262547288777 0.00432515762925599
514.166666666528 64 71 0.451659300126102 0.00101150693568726
518.233333333191 63 71 0.441748360655738 0.00130696721311475
521.283333333188 63 70 0.436277049180328 0.00376174863387978
524.333333333185 62 70 0.429269945355191 0.000974863387978142
540.599999999837 62 69 0.425822336065573 0.00396075819672131
556.866666666489 61 70 0.437377663934426 0.00417254098360656
563.983333333149 60 71 0.422645199063232 0.0045327868852459
600 60 71 0.421075364298725 0.00526948998178506
