# New log 28/04/2014 03:15:46
1 192 64 2.292405 0.658806666666667
4.04999999999999 192 62 2.43920054644809 0.738944808743169
5.06666666666665 190 61 5.06106393442623 1.20194590163934
6.08333333333332 188 62 5.79249508196721 1.89084426229508
7.09999999999998 188 57 2.40382950819672 0.511140983606557
9.10000000000003 187 57 3.81820833333333 0.732825833333333
11.1000000000001 185 57 5.29999666666666 0.899719166666667
12.1000000000002 184 55 5.79152833333333 0.927663333333333
13.1000000000002 183 55 5.21563 0.888583333333333
14.1000000000003 181 55 4.49603 0.86159
16.1000000000004 179 56 3.30024416666667 0.633590833333333
17.116666666667 179 54 3.09661475409836 0.789583606557377
18.1333333333336 178 54 2.3775606557377 0.490670491803279
19.1500000000002 175 55 2.44315901639344 0.443086885245902
20.1666666666668 174 56 2.56610655737705 0.476583606557377
21.1833333333334 172 57 7.28073442622951 0.836539344262295
22.2 171 56 7.0275262295082 1.09850819672131
23.2166666666666 169 57 7.21118524590164 1.53962295081967
24.2333333333332 167 57 10.4342737704918 1.30212950819672
25.2499999999998 167 56 14.479831147541 1.47073114754098
26.2666666666665 166 56 11.8509868852459 0.906496721311475
29.3166666666663 163 58 10.5902120218579 0.999453005464481
30.3333333333329 163 57 7.05713770491803 0.772545901639344
31.3499999999995 162 58 5.43271803278689 0.673211475409836
34.3999999999993 161 59 4.51490163934426 1.01879508196721
35.4166666666659 159 59 3.22286721311475 0.456650819672131
36.4333333333325 158 58 3.23457540983607 0.423337704918033
37.4499999999992 156 59 3.67612295081967 0.545104918032787
39.4833333333324 155 60 3.31179508196721 0.617474590163934
41.5166666666656 155 58 2.60430819672131 0.540360655737705
42.5333333333322 154 59 2.65072786885246 0.777839344262295
44.5666666666654 153 59 2.52565819672131 0.864026229508197
45.583333333332 152 60 5.72280819672131 0.966885245901639
46.5999999999986 149 60 5.93745737704918 1.20407704918033
47.6166666666652 148 60 5.56306721311475 1.26957540983607
49.6499999999985 147 59 4.27080491803279 0.717340163934426
50.6666666666651 145 58 2.31117213114754 0.38237868852459
51.6833333333317 145 57 2.21820491803279 0.472395081967213
52.6999999999983 142 56 2.24246885245902 0.356324590163934
53.7166666666649 140 58 1.72708032786885 0.359481967213115
54.7333333333315 139 57 1.6938868852459 0.41055737704918
55.7499999999981 138 57 1.79455409836066 0.317516393442623
56.7666666666647 136 56 1.47090983606557 0.293939344262295
57.7833333333313 133 57 2.44068360655738 0.355511475409836
58.7999999999979 132 58 2.65666885245902 0.26745737704918
59.8166666666646 131 58 2.20876229508197 0.302388524590164
60.8333333333312 130 58 2.23261803278689 0.210418032786885
61.8499999999978 128 59 2.04210327868852 0.284365573770492
62.8666666666644 126 59 2.61348032786885 0.316436065573771
64.8999999999976 124 60 2.1630868852459 0.269681967213115
65.9166666666642 123 61 1.96205737704918 0.330652459016393
67.9499999999974 123 60 1.91153360655738 0.337084426229508
69.9833333333306 123 59 2.18642704918033 2.13672704918033
72.0166666666639 123 58 2.02365737704918 0.400409836065574
74.0499999999971 122 59 1.74786885245902 0.345582786885246
76.0833333333303 121 59 1.33241393442623 0.737441803278689
78.1166666666635 119 61 1.33263114754098 1.11916065573771
79.1333333333301 119 60 1.84419508196721 1.14570655737705
81.1666666666633 118 60 1.20114426229508 1.40747295081967
83.1999999999966 117 61 1.6234131147541 2.02910819672131
84.2166666666632 116 61 1.28480491803279 2.75038032786885
88.2833333333296 116 60 2.57922295081967 1.45323893442623
89.2999999999962 115 61 2.67158524590164 0.897322950819672
91.3333333333294 114 62 3.38846803278689 1.17947950819672
92.349999999996 113 62 5.05930819672131 1.392
99.4666666666623 113 61 3.06327611241218 1.40986463700234
103.533333333329 113 60 2.29597745901639 0.979059016393443
104.549999999995 112 60 1.22298360655738 0.44202131147541
105.566666666662 111 61 2.27132459016393 0.285524590163934
106.583333333329 110 61 1.20587868852459 0.35922131147541
107.599999999995 109 62 1.30633278688525 0.503218032786885
108.616666666662 107 62 1.21086885245902 0.247386885245902
111.666666666662 106 63 1.12606994535519 0.341322950819672
112.683333333328 105 64 0.948190163934426 0.419154098360656
113.699999999995 104 64 1.09377868852459 0.12072131147541
116.749999999995 104 63 1.5461781420765 0.241627868852459
117.766666666661 103 64 1.13757213114754 0.321022950819672
119.799999999994 102 63 1.23012540983606 0.252497540983607
122.849999999994 101 63 1.02619071038251 0.115197267759563
125.899999999994 101 62 0.858495081967213 0.138766120218579
131.93333333333 100 63 0.885669613259668 0.122855524861878
139.933333333337 98 65 0.918991666666666 0.131355416666667
152.933333333347 98 64 1.15116038461538 0.217249358974359
154.933333333349 98 63 0.760075000000001 0.089995
158.933333333352 97 64 0.740111666666667 0.0841333333333333
159.933333333353 96 64 0.75104 0.113881666666667
162.933333333355 95 65 0.811803333333333 0.101143888888889
164.933333333357 95 64 0.689229166666667 0.0606491666666667
174.933333333365 94 65 0.771799166666666 0.112349
184.933333333373 93 66 0.832026500000001 0.190793
204.933333333389 93 65 0.842602333333332 0.114120333333333
207.933333333391 92 66 0.745610555555555 0.0593966666666667
226.933333333406 92 65 0.644724122807018 0.0665921052631579
228.933333333408 91 65 0.6522475 0.0620933333333333
242.933333333419 90 65 0.626987499999999 0.072269880952381
254.933333333428 90 64 0.642749861111112 0.0764238888888889
255.933333333429 90 63 0.745006666666667 0.122416666666667
256.950000000095 89 64 0.659091803278689 0.0845360655737705
269.150000000084 89 62 0.618877322404372 0.0706681693989071
286.433333333401 88 63 0.790354194792671 0.0887221793635487
287.450000000067 88 62 0.768009836065574 0.12816393442623
290.500000000064 87 63 0.728378142076503 0.0810464480874317
298.63333333339 86 64 0.858665983606558 0.0795963114754098
299.650000000056 85 64 0.608168852459016 0.0656016393442623
301.683333333388 84 65 0.82307131147541 0.118522131147541
303.716666666719 83 65 0.594172950819672 0.0555713114754098
305.750000000051 83 64 0.602219672131147 0.0856811475409836
306.766666666716 82 65 0.54018524590164 0.0278081967213115
307.783333333382 81 66 0.564963934426229 0.105001639344262
311.850000000045 80 66 0.621511885245902 0.0719397540983607
314.900000000042 79 67 0.656402732240437 0.0810054644808743
317.950000000039 79 66 0.595861202185792 0.0926491803278689
325.0666666667 79 65 0.597368852459017 0.0655494145199063
327.100000000031 78 66 0.583692622950819 0.0808377049180328
328.116666666697 78 65 0.596337704918033 0.0801622950819672
342.350000000017 77 66 0.5960518735363 0.220884426229508
372.84999999999 76 67 0.560041092896173 0.0631438797814208
378.949999999984 75 68 0.537720765027323 0.0641901639344262
386.066666666644 74 69 0.543709367681499 0.060540281030445
405.383333333293 73 69 0.574364710957723 0.0693833477135462
414.533333333285 72 69 0.558523861566484 0.086496174863388
417.583333333282 72 68 0.509122404371584 0.0493409836065574
438.933333333263 72 67 0.524916549570647 0.0536109289617486
445.033333333257 71 66 0.534105191256831 0.0431275956284153
446.049999999923 70 66 0.500155737704918 0.000211475409836066
454.183333333249 69 67 0.485109426229508 0.0484872950819672
476.549999999895 68 68 0.488161773472429 0.0401264530551416
482.64999999989 68 67 0.457404644808743 0.0383087431693989
485.699999999887 68 66 0.487769398907104 0.0428775956284153
488.749999999884 67 67 0.458163387978142 0.0458158469945355
490.783333333216 66 68 0.452880327868853 0.0154188524590164
509.083333333199 66 67 0.47793233151184 0.0451300546448088
518.233333333191 65 68 0.464078870673952 0.0478284153005464
600 65 68 0.447674782432705 0.035610301558389
