# New log 28/04/2014 01:39:41
1 192 64 2.25063333333333 9.687945
4.04999999999999 190 66 1.8261174863388 1.1066306010929
5.06666666666665 189 66 2.35867868852459 1.70534426229508
6.08333333333332 186 68 2.57595573770492 2.63320819672131
7.09999999999998 185 69 1.65534590163934 2.13232786885246
9.10000000000003 183 70 1.56721166666667 4.18798833333333
12.1000000000002 183 69 1.58127388888889 3.98324722222222
13.1000000000002 183 68 1.71040833333333 2.01780666666667
14.1000000000003 183 67 1.909325 3.14436833333333
15.1000000000003 181 68 1.63051 4.92977
16.1000000000004 180 68 1.447475 8.85609666666667
17.116666666667 179 68 1.26687213114754 4.74119508196721
18.1333333333336 178 68 1.48370163934426 3.77623278688525
19.1500000000002 175 68 1.66059508196721 4.20626557377049
20.1666666666668 175 67 1.59149180327869 5.897
21.1833333333334 171 69 1.21322786885246 5.40940655737705
22.2 171 67 1.3167262295082 4.58919672131148
23.2166666666666 170 66 1.65701475409836 4.50176885245902
24.2333333333332 170 64 1.61116721311475 4.80486393442623
25.2499999999998 169 65 2.02409016393443 5.38171967213115
26.2666666666665 168 64 2.64843770491803 5.07149344262295
27.2833333333331 167 65 2.37777868852459 5.62288360655738
28.2999999999997 167 64 5.80054590163934 4.75527704918033
29.3166666666663 166 65 4.17796393442623 5.12144918032787
30.3333333333329 164 66 4.00989180327869 5.01949508196721
31.3499999999995 164 65 2.74253770491803 5.53906065573771
33.3833333333327 163 66 2.56384180327869 5.74253032786885
34.3999999999993 162 66 2.69588852459016 3.52600491803279
35.4166666666659 160 66 1.28060983606557 2.78318032786885
36.4333333333325 159 66 3.09192295081967 5.53024590163934
37.4499999999992 157 67 3.87919016393443 4.94786557377049
38.4666666666658 155 67 2.65995409836066 3.57826393442623
39.4833333333324 153 69 3.07688852459016 5.54821475409836
40.499999999999 153 68 2.10554262295082 5.99369508196721
42.5333333333322 152 69 1.78647950819672 4.47438196721311
43.5499999999988 150 70 1.26523114754098 4.89498524590164
44.5666666666654 150 68 1.13110983606557 4.7115262295082
45.583333333332 148 70 1.23843606557377 4.56018852459016
46.5999999999986 146 72 1.10632295081967 3.55844590163934
47.6166666666652 145 71 1.15165737704918 2.92987704918033
48.6333333333319 144 71 1.01099836065574 3.27116885245902
49.6499999999985 143 71 1.03634754098361 4.17348360655738
50.6666666666651 142 71 1.02960163934426 3.47966393442623
51.6833333333317 142 70 2.33208852459016 3.55691639344262
54.7333333333315 141 71 1.17885355191257 4.80436612021858
56.7666666666647 140 71 1.16384344262295 9.18666393442623
60.8333333333312 140 70 1.15157008196721 7.21826598360656
62.8666666666644 139 71 1.31327295081967 6.4868237704918
68.966666666664 138 72 1.43955491803279 3.81236639344262
75.0666666666637 136 72 1.54103196721311 4.83687923497268
76.0833333333303 134 73 2.17850819672131 3.55149016393443
77.0999999999969 133 74 1.85426721311475 4.27396229508197
78.1166666666635 132 75 1.12520163934426 5.9377262295082
81.1666666666633 131 76 0.978189617486339 4.85255792349727
83.1999999999966 131 74 0.942427868852459 2.86371557377049
84.2166666666632 130 74 0.929318032786885 2.5430737704918
87.266666666663 128 74 0.938086338797814 2.38645300546448
88.2833333333296 128 73 0.908331147540983 1.91730163934426
89.2999999999962 128 72 1.06481967213115 1.70251803278689
90.3166666666628 128 71 0.957065573770492 1.71389672131148
91.3333333333294 127 72 0.964129508196722 2.23248032786885
92.349999999996 126 72 0.940568852459016 2.40188196721311
93.3666666666627 126 71 1.17561147540984 3.12123606557377
94.3833333333293 125 72 1.15533114754098 1.61189836065574
95.3999999999959 124 72 1.10875409836066 2.18867540983607
96.4166666666625 123 73 1.33293114754098 3.30313606557377
99.4666666666623 122 74 0.985291803278689 2.08769726775956
102.516666666662 122 73 0.928712568306011 1.52532732240437
104.549999999995 121 74 0.894589344262295 1.70178032786885
105.566666666662 121 73 1.39566229508197 1.69870983606557
109.633333333328 119 74 0.91872131147541 1.75181926229508
111.666666666662 118 74 0.924055737704918 2.1099762295082
113.699999999995 118 73 0.883881147540984 1.91774098360656
115.733333333328 117 73 0.853459836065574 1.89310081967213
117.766666666661 116 73 0.826951639344262 1.37935491803279
118.783333333328 114 74 0.832926229508197 1.46304098360656
119.799999999994 113 74 0.820222950819672 1.89513442622951
128.933333333328 112 75 0.826569343065693 1.37536386861314
132.933333333331 112 74 0.971765 1.56379458333333
133.933333333332 111 75 0.83421 1.728285
134.933333333333 110 76 0.750116666666667 1.70189833333333
135.933333333334 107 77 0.757613333333334 1.51396833333333
136.933333333334 107 76 0.784095 1.43174833333333
137.933333333335 107 75 0.790776666666667 1.71020666666667
139.933333333337 106 76 0.802381666666667 1.4871325
141.933333333338 105 75 0.829084166666666 1.2366925
143.93333333334 104 76 0.789460833333334 1.12625666666667
144.933333333341 102 77 0.9042 1.19368666666667
147.933333333343 102 76 0.844562222222223 1.22288888888889
148.933333333344 101 77 0.810941666666667 1.23745
149.933333333345 99 78 0.799051666666666 1.35783666666667
153.933333333348 98 77 0.744632916666667 1.27324208333333
154.933333333349 97 78 0.712798333333333 1.124635
155.93333333335 96 78 0.695083333333333 1.094115
169.933333333361 95 78 0.661528214285715 1.20611333333333
171.933333333362 94 79 0.700379166666667 1.34541583333333
172.933333333363 94 78 0.884395 2.31904333333333
175.933333333365 94 77 0.672552777777778 1.88575944444444
177.933333333367 93 78 0.643833333333333 2.60210916666667
187.933333333375 92 78 0.750280666666667 1.8618445
203.933333333388 91 79 0.674789375 0.720568229166667
205.933333333389 90 80 0.6869675 0.852145
215.933333333397 89 81 0.647697333333334 0.852309833333333
223.933333333404 88 82 0.617200208333334 0.847633958333333
225.933333333405 87 83 0.61378 1.09188666666667
227.933333333407 86 83 0.598575833333333 0.836616666666667
229.933333333408 84 85 0.598235 0.810600833333333
238.933333333416 83 86 0.601427407407407 1.24779462962963
240.933333333417 82 87 0.656900833333333 2.25823833333333
256.950000000095 81 88 1.16426056191467 0.821934235171696
276.266666666744 80 88 1.14536712683348 0.824069801553063
281.350000000073 79 89 1.12414163934426 0.821677049180328
296.600000000059 77 89 1.11017027322404 0.810282513661202
342.350000000017 76 90 1.10981857923497 0.82950189435337
345.400000000015 75 90 1.12354262295082 0.817149180327869
380.983333333316 75 89 1.10472210772834 0.815255784543326
386.066666666644 74 89 1.13159901639344 0.829993114754098
396.233333333302 73 89 1.08330491803279 0.466326721311475
432.833333333268 72 90 1.09081775956284 0.815251183970856
447.066666666589 71 91 1.096587470726 0.819249531615925
456.21666666658 70 92 1.08777158469945 0.860821493624772
463.333333333241 69 93 1.10449227166276 0.571266978922717
465.366666666572 68 94 1.09111721311475 0.491654918032787
469.433333333235 68 93 1.06829918032787 0.686266803278689
470.449999999901 67 93 1.12815573770492 0.755765573770492
481.633333333224 66 93 1.15327794336811 0.617729359165425
486.716666666553 65 94 1.06830131147541 0.279341967213115
500.949999999873 64 95 1.06968138173302 0.278049531615925
505.016666666536 63 95 1.05617049180328 0.313648770491803
506.033333333202 62 96 1.04286885245902 0.272206557377049
508.066666666533 61 96 1.05910491803279 0.0337303278688525
515.183333333193 60 97 1.06213981264637 0.0263625292740047
520.266666666522 60 96 1.05149606557377 0.00787704918032787
524.333333333185 59 97 1.01704508196721 0.00802745901639344
525.349999999851 58 98 1.02107540983607 0.0073
595.499999999787 57 99 0.997639629365648 0.0084279876455215
600 57 99 0.988599672131147 0.00777639344262295
