# New log 28/04/2014 01:42:15
1 192 64 5.62183666666667 1.85982
4.04999999999999 190 62 4.06173879781421 1.04564207650273
5.06666666666665 189 56 3.62723278688525 0.342993442622951
6.08333333333332 186 54 2.93962295081967 0.23517868852459
7.09999999999998 185 52 3.27717049180328 0.267698360655738
8.09999999999998 184 53 5.00178166666667 0.5251
9.10000000000003 184 49 3.97124833333333 0.438703333333333
10.1000000000001 184 48 4.44037 1.10452
11.1000000000001 184 47 5.86779833333333 1.14809833333333
12.1000000000002 182 47 6.48613333333333 1.29835666666667
14.1000000000003 181 48 6.74377416666667 1.179445
15.1000000000003 181 45 5.59291833333333 0.967755
17.116666666667 180 46 3.58918595041322 0.378395041322314
18.1333333333336 179 46 3.66865737704918 0.249409836065574
20.1666666666668 177 45 3.88918934426229 0.414597540983607
21.1833333333334 176 45 3.93243114754098 0.3771
22.2 174 46 4.25571475409836 0.556449180327869
23.2166666666666 173 45 4.12162459016393 0.281814754098361
24.2333333333332 172 45 5.77314262295082 0.434613114754098
25.2499999999998 172 44 5.01857213114754 0.470003278688525
28.2999999999997 171 42 5.10800928961748 0.525571584699454
30.3333333333329 171 41 4.46854426229508 1.0214237704918
31.3499999999995 171 40 4.08398196721312 0.44502131147541
32.3666666666661 170 41 4.51678360655738 0.940762295081967
33.3833333333327 169 42 4.41557213114754 1.40547049180328
34.3999999999993 168 42 3.8664868852459 1.2205868852459
39.4833333333324 167 41 3.78012327868853 1.04953016393443
40.499999999999 167 40 3.56529180327869 0.710101639344262
41.5166666666656 166 39 3.31315901639344 0.975467213114754
43.5499999999988 165 39 3.6423237704918 1.11854180327869
44.5666666666654 165 37 4.5244262295082 2.21160655737705
48.6333333333319 165 36 3.37527213114754 2.83125040983607
49.6499999999985 164 36 2.63068032786885 1.06467049180328
50.6666666666651 163 37 4.53742295081967 1.46480163934426
52.6999999999983 162 38 3.82045409836066 2.36087049180328
53.7166666666649 162 37 3.02441639344262 1.81434590163934
54.7333333333315 161 38 2.48938524590164 1.44938360655738
57.7833333333313 160 38 4.36046338797814 2.74932295081967
59.8166666666646 160 36 6.24017295081967 2.58299180327869
61.8499999999978 158 36 3.30995 2.14175327868852
63.883333333331 157 37 3.48106393442623 2.09385655737705
65.9166666666642 157 36 3.57420983606558 1.20732540983607
66.9333333333308 156 35 4.05317213114754 1.73484426229508
69.9833333333306 155 35 4.33433989071038 2.5015306010929
70.9999999999973 155 34 4.99016885245902 3.16343442622951
74.0499999999971 155 33 3.589656284153 3.42262677595628
78.1166666666635 154 33 3.17605 3.84014713114754
80.1499999999967 154 32 2.76755491803279 4.3919893442623
81.1666666666633 153 33 2.95084918032787 4.6007737704918
82.18333333333 152 34 2.52037049180328 6.07558852459016
83.1999999999966 152 33 2.48055901639344 4.79491475409836
84.2166666666632 151 33 2.32818032786885 4.49486885245902
86.2499999999964 150 34 2.61595245901639 3.32567540983607
92.349999999996 149 35 2.45039344262295 3.51174453551913
94.3833333333293 148 36 2.45337704918033 2.36138360655738
98.4499999999957 147 37 2.43734262295082 2.10695901639344
102.516666666662 145 37 2.45862377049181 2.14765778688525
109.633333333328 145 35 2.22555503512881 2.12689601873536
118.783333333328 145 33 2.20560364298725 1.56851366120219
120.816666666661 143 35 2.27753524590164 1.43161721311475
121.833333333328 143 34 2.06123114754098 1.08786885245902
127.933333333327 143 33 2.22997076502732 1.40185327868852
131.93333333333 142 33 2.19651791666666 1.3597725
137.933333333335 142 32 2.47162694444444 1.08148777777778
139.933333333337 141 33 2.31719 1.03345
140.933333333338 139 33 2.24923 1.15472166666667
144.933333333341 138 32 2.01684333333333 1.10402083333333
148.933333333344 137 33 1.97505208333333 1.03463541666667
151.933333333346 137 32 1.99559666666667 1.11119055555556
154.933333333349 137 30 2.10635333333333 1.14119333333333
155.93333333335 136 31 2.002595 0.974951666666667
158.933333333352 135 32 2.06755166666667 1.17326388888889
162.933333333355 134 33 1.9515 1.00676125
166.933333333358 134 32 2.05901833333333 0.778260416666667
169.933333333361 133 33 1.942365 0.992486666666667
197.933333333383 132 34 2.37174255952381 0.909176666666667
198.933333333384 131 34 2.52582333333333 0.76938
202.933333333387 130 35 1.96612625 0.773368333333333
208.933333333392 129 36 1.87192833333333 0.752666666666667
216.933333333398 127 38 1.92599875 0.778020833333333
219.933333333401 126 39 1.84409611111111 0.524353888888889
248.933333333424 125 40 1.84282310344828 0.580072586206897
253.933333333428 125 39 1.75459866666667 0.353848
279.316666666741 125 38 1.7999523309258 0.332609323703217
283.383333333404 125 37 1.77906762295082 0.380011475409836
286.433333333401 124 38 1.78105628415301 0.43241693989071
293.550000000062 123 39 1.80147775175644 0.369503981264637
301.683333333388 123 38 1.77943012295082 0.34695368852459
322.016666666702 122 39 1.7511787704918 0.307519262295082
328.116666666697 121 40 1.73287704918033 0.26251693989071
339.30000000002 121 39 1.8408476900149 0.303256631892697
359.633333333335 121 38 1.83697819672131 0.277403360655738
360.650000000001 121 37 1.67911967213115 0.257714754098361
363.699999999998 121 36 1.83524754098361 0.230546448087432
377.933333333318 121 35 1.80786393442623 0.225703044496487
411.483333333288 121 34 1.8201389965226 0.246508892200696
414.533333333285 120 34 1.84565081967213 0.229490710382514
427.74999999994 120 33 1.78800668348046 0.243833921815889
432.833333333268 119 33 1.84511475409836 0.293667868852459
468.416666666569 118 33 1.77675409836066 0.27599662763466
469.433333333235 117 34 1.74064098360656 0.211404918032787
480.616666666558 116 35 1.721739195231 0.256462891207153
484.683333333221 116 34 1.80162581967213 0.21981393442623
509.083333333199 116 33 1.7421331284153 0.263617486338798
516.199999999859 116 32 1.75085058548009 0.261013114754098
526.366666666517 115 33 1.7727037704918 0.291284918032787
530.43333333318 114 34 1.72263360655738 0.220658606557377
531.449999999845 114 33 1.81081967213115 0.227050819672131
541.616666666503 114 32 1.75080147540984 0.301310163934426
543.649999999834 112 33 1.72527786885246 0.323502459016393
600 112 33 1.6785725409836 0.267677224824356
