# New log 28/04/2014 01:45:09
1 192 64 2.815205 0.578326666666667
5.06666666666665 191 63 2.20231803278689 0.542754508196721
6.08333333333332 190 58 2.56043606557377 0.568588524590164
7.09999999999998 187 59 1.97469344262295 0.615590163934426
8.09999999999998 186 57 3.69289 1.88985833333333
9.10000000000003 186 55 3.25911833333333 0.857011666666667
10.1000000000001 186 54 3.15552333333333 2.07287833333333
11.1000000000001 184 53 2.386295 0.692198333333333
12.1000000000002 183 50 3.33527 0.62607
13.1000000000002 182 49 3.23609166666667 0.596875
14.1000000000003 182 47 3.97982833333333 0.821683333333333
15.1000000000003 178 48 4.46475666666667 0.821608333333333
16.1000000000004 178 47 4.088315 0.867025
17.116666666667 177 46 3.85910491803279 0.399513114754098
18.1333333333336 175 45 4.42758360655738 1.4407262295082
19.1500000000002 174 44 4.48259836065574 0.536601639344262
20.1666666666668 174 43 9.03926721311475 0.591475409836066
22.2 174 42 7.28328524590164 0.570865573770492
24.2333333333332 173 41 7.54041065573771 0.792668852459016
25.2499999999998 171 43 7.84672295081967 0.922926229508197
26.2666666666665 170 43 7.53140163934426 0.79497868852459
28.2999999999997 170 42 7.78313196721312 1.26821229508197
29.3166666666663 169 42 7.10541639344262 0.796108196721312
30.3333333333329 169 40 9.03526393442623 0.999024590163934
31.3499999999995 168 39 8.89976229508197 1.19789672131148
32.3666666666661 165 38 7.94612950819672 1.16432131147541
36.4333333333325 164 38 8.22363073770492 1.71551516393443
38.4666666666658 164 37 3.62820491803279 0.942336885245902
40.499999999999 164 35 4.39595081967213 1.13101065573771
42.5333333333322 163 35 3.74962459016393 1.02369754098361
43.5499999999988 161 37 5.8403737704918 1.08104262295082
44.5666666666654 161 36 4.51478196721312 0.717973770491803
45.583333333332 161 35 4.91956557377049 0.943870491803279
46.5999999999986 160 34 5.7223131147541 0.743839344262295
48.6333333333319 159 35 6.92410655737705 0.713632786885246
50.6666666666651 158 36 6.1400606557377 1.14268606557377
51.6833333333317 158 35 5.32988196721311 2.61114590163934
52.6999999999983 157 35 5.84277213114754 1.45093770491803
54.7333333333315 157 34 5.63461967213115 0.962081147540984
55.7499999999981 156 35 5.39449180327869 1.52997540983607
58.7999999999979 155 35 3.97648087431694 2.05361366120219
59.8166666666646 154 35 3.50142131147541 1.40848360655738
66.9333333333308 153 35 2.61045995316159 0.645171662763466
67.9499999999974 153 34 1.19899180327869 0.449272131147541
72.0166666666639 152 34 1.39674221311475 0.527530327868852
74.0499999999971 151 35 1.39081803278689 0.504674590163934
75.0666666666637 150 35 1.3083393442623 0.728104918032787
78.1166666666635 149 35 2.36544098360656 0.987679234972678
82.18333333333 148 35 2.06753155737705 3.0333381147541
87.266666666663 147 35 1.1977537704918 1.3362
90.3166666666628 146 36 1.21327158469945 1.37051420765027
92.349999999996 146 35 1.11154180327869 1.01900409836066
96.4166666666625 145 36 1.28226639344262 1.23414016393443
99.4666666666623 144 36 1.09858087431694 2.6168650273224
102.516666666662 143 36 1.58736721311475 1.0944868852459
105.566666666662 143 35 1.37684480874317 1.91994098360656
109.633333333328 143 34 1.10947336065574 1.52031024590164
111.666666666662 142 34 1.07058278688525 1.21763442622951
118.783333333328 141 35 1.76668266978923 0.730954098360656
119.799999999994 140 36 3.02964590163934 0.752293442622951
120.816666666661 138 38 3.01735245901639 0.582044262295082
121.833333333328 138 37 3.04279836065574 0.566093442622951
122.849999999994 137 37 3.2579131147541 0.546022950819672
123.866666666661 136 38 3.00055081967213 0.539098360655738
125.899999999994 135 39 3.12027950819672 0.652902459016393
129.933333333329 134 40 3.06176694214876 1.06420289256198
139.933333333337 134 39 3.01587716666667 1.01812083333333
141.933333333338 133 40 3.20152 0.868618333333333
148.933333333344 132 41 3.25986333333334 0.68790380952381
149.933333333345 131 40 2.81342833333333 0.267596666666667
153.933333333348 130 41 3.0664225 0.451040416666667
155.93333333335 130 40 2.91021833333333 0.429318333333333
157.933333333351 129 40 2.78986083333333 0.3344025
165.933333333358 128 40 2.801061875 0.366866875
169.933333333361 127 41 2.81762791666667 0.327027916666667
170.933333333362 126 42 2.73778333333333 0.241676666666667
172.933333333363 126 41 2.84604666666667 0.247985
177.933333333367 125 42 2.79067433333334 0.158231666666667
179.933333333369 124 43 2.75632833333333 0.14113
188.933333333376 124 42 2.99628981481481 0.159675925925926
193.93333333338 124 41 3.31734933333334 0.212969
194.933333333381 123 42 3.29316833333333 0.140881666666667
198.933333333384 123 40 3.32606375 0.191627916666667
204.933333333389 122 40 3.21363944444445 0.244115555555556
210.933333333393 121 40 3.02646 0.171891944444444
213.933333333396 121 38 2.93213444444444 0.204747222222222
219.933333333401 121 37 2.86013 0.0751097222222222
220.933333333401 121 35 2.86515833333333 0.112778333333333
223.933333333404 120 36 2.74736833333333 0.0918666666666667
224.933333333404 120 35 2.83095833333333 0.111906666666667
233.933333333412 119 35 3.10004851851852 0.312968888888889
235.933333333413 118 36 3.03598333333333 0.369543333333333
236.933333333414 117 37 2.96891833333334 0.251921666666667
241.933333333418 116 38 2.85780933333333 0.146485333333333
242.933333333419 115 39 2.67607666666667 0.0987383333333333
245.933333333421 114 40 2.75843222222222 0.149772777777778
248.933333333424 113 40 2.73247666666667 0.0663955555555556
264.066666666755 112 41 2.70284251101322 0.0746613436123348
265.083333333421 111 42 2.64699836065574 0.0809606557377049
272.200000000081 110 43 2.80123208430914 0.0857042154566745
275.250000000078 109 43 2.70860109289617 0.121744262295082
277.28333333341 108 44 2.98081393442623 0.0842680327868853
289.483333333399 108 43 2.64285423497268 0.0739314207650273
290.500000000064 107 44 2.69401639344262 0.0676229508196721
308.800000000048 106 45 2.70413014571949 0.0696819672131148
309.816666666714 105 45 2.57944918032787 0.0777491803278689
329.133333333363 105 44 2.66288300258844 0.0792293356341674
339.30000000002 104 45 2.71206459016393 0.069197868852459
407.416666666625 103 46 2.69436542696354 0.0870785661854661
410.466666666622 102 47 2.62599890710383 0.0793251366120219
422.666666666611 101 47 2.64616939890711 0.0725252732240437
426.733333333274 101 46 2.66569713114754 0.0724872950819672
525.349999999851 101 45 1.2147578333615 0.0632763055602501
600 101 45 0.979381391227294 0.0742039432875499
