# New log 28/04/2014 01:37:48
1 192 64 2.40312333333333 0.780988333333333
4.04999999999999 187 67 2.25087486338798 0.807991256830601
5.06666666666665 186 63 3.10330655737705 0.92184262295082
6.08333333333332 184 61 3.07876557377049 0.704373770491803
7.09999999999998 184 60 3.33685409836066 0.917018032786885
8.09999999999998 182 60 3.96253833333333 1.13774333333333
9.10000000000003 181 60 2.84217333333333 1.00960833333333
10.1000000000001 181 59 3.72211833333333 1.24493666666667
11.1000000000001 179 58 4.01669666666667 1.57193833333333
12.1000000000002 177 58 3.03366666666667 1.526345
13.1000000000002 175 58 4.217865 2.01645833333333
14.1000000000003 174 59 4.30191833333333 1.60647833333333
15.1000000000003 173 56 3.92205666666667 3.20115833333333
16.1000000000004 172 55 3.42239666666667 0.804858333333333
17.116666666667 171 53 4.01751803278689 0.533977049180328
19.1500000000002 170 53 3.57652049180328 1.13683852459016
20.1666666666668 170 52 3.17775409836066 0.528493442622951
22.2 169 53 3.93040327868853 0.583391803278689
23.2166666666666 169 51 6.1159262295082 0.4421
24.2333333333332 168 51 5.19635573770492 0.482572131147541
25.2499999999998 167 52 4.12100819672131 0.408644262295082
26.2666666666665 167 50 3.91071967213115 0.394606557377049
28.2999999999997 166 51 5.69454754098361 0.59700737704918
30.3333333333329 165 52 5.90615901639344 0.76837131147541
32.3666666666661 162 52 5.47168852459016 1.98005737704918
33.3833333333327 161 53 3.81045245901639 0.799032786885246
34.3999999999993 157 54 3.57087540983607 1.04404918032787
35.4166666666659 156 55 3.43249672131148 0.638732786885246
36.4333333333325 156 54 3.20561147540984 0.582449180327869
37.4499999999992 155 53 3.61515901639344 1.85998196721311
38.4666666666658 153 55 4.94701475409836 1.64624754098361
40.499999999999 152 56 5.16006147540984 0.380534426229508
45.583333333332 151 57 3.93803147540984 0.613475737704918
46.5999999999986 150 56 4.20557704918033 0.512886885245902
47.6166666666652 148 58 3.66635245901639 0.425670491803279
48.6333333333319 148 56 3.09611639344262 0.285026229508197
49.6499999999985 148 55 3.99969836065574 0.591716393442623
51.6833333333317 148 54 3.95042213114754 0.48985737704918
52.6999999999983 147 55 4.60090655737705 0.586986885245902
54.7333333333315 147 54 4.36312704918033 0.606329508196721
55.7499999999981 146 54 3.84119672131147 1.2789131147541
58.7999999999979 145 54 3.58593879781421 1.0812218579235
60.8333333333312 144 55 4.43865245901639 0.488599180327869
62.8666666666644 143 55 3.13780983606557 0.437176229508197
65.9166666666642 143 54 2.22138142076503 0.415950819672131
68.966666666664 142 54 1.90924699453552 1.14897759562842
70.9999999999973 142 53 1.65936065573771 0.412008196721312
73.0333333333305 141 53 2.08452540983606 0.34657868852459
75.0666666666637 140 54 3.18316475409836 0.404212295081967
76.0833333333303 140 53 4.91908524590164 0.665398360655738
77.0999999999969 139 54 1.61828852459016 0.239919672131148
80.1499999999967 138 54 2.26951038251366 0.271406557377049
81.1666666666633 138 53 1.51292459016393 0.258149180327869
83.1999999999966 136 54 1.52266803278689 0.431451639344262
84.2166666666632 134 55 1.69000327868852 0.324293442622951
87.266666666663 133 55 1.9228650273224 0.514085792349727
90.3166666666628 133 54 1.78896994535519 0.497251366120219
92.349999999996 132 54 1.72105655737705 0.387991803278689
93.3666666666627 132 53 1.69523114754098 0.281613114754098
94.3833333333293 131 54 1.76760983606557 0.332619672131148
97.4333333333291 130 55 1.70630109289618 0.473417486338798
99.4666666666623 130 54 1.67669590163934 0.595774590163934
101.499999999996 129 53 1.74231557377049 0.293774590163934
102.516666666662 128 54 1.4743737704918 0.404539344262295
103.533333333329 128 53 1.22016885245902 0.37507868852459
107.599999999995 127 53 1.21547418032787 0.519068852459016
109.633333333328 127 52 1.25942049180328 0.196318852459016
111.666666666662 126 53 1.36514672131148 0.251579508196721
112.683333333328 125 54 1.40288196721312 0.184591803278689
113.699999999995 124 55 1.22401147540984 0.146631147540984
114.716666666661 122 56 1.40045245901639 0.227760655737705
118.783333333328 121 56 2.02506680327869 0.20913237704918
120.816666666661 120 56 1.31900163934426 0.36144262295082
121.833333333328 119 56 1.16734590163934 0.251688524590164
125.899999999994 117 56 1.07974795081967 0.186188114754098
128.933333333328 115 56 1.17527692307692 0.255653846153846
133.933333333332 115 54 1.52456766666667 0.240655
134.933333333333 114 54 0.997165 0.141713333333333
137.933333333335 113 54 1.06903222222222 0.641106666666667
139.933333333337 112 55 1.08999666666667 1.36043916666667
141.933333333338 110 57 1.00835583333333 1.7450825
152.933333333347 110 56 1.09482818181818 2.53120196969697
156.93333333335 110 55 2.09802875 0.99909
158.933333333352 109 56 0.94375 0.9033325
159.933333333353 108 57 0.998698333333333 0.517778333333333
160.933333333354 107 57 0.980568333333333 0.117723333333333
164.933333333357 107 56 0.934949166666666 1.22542583333333
165.933333333358 106 56 1.08992833333333 1.328355
170.933333333362 106 55 0.987732 1.34909533333333
173.933333333364 105 56 0.877146666666666 1.32868166666667
201.933333333386 104 56 0.934013630952381 0.0965267857142857
213.933333333396 103 56 0.867727777777778 0.106861666666667
214.933333333397 103 55 0.90366 0.0813816666666667
215.933333333397 103 54 0.855325 0.101496666666667
218.9333333334 103 53 0.825746111111111 0.111026111111111
225.933333333405 102 52 0.841614047619047 0.0767007142857143
230.933333333409 101 53 0.815544000000001 0.0924883333333333
233.933333333412 100 54 0.802595555555556 0.0813744444444444
240.933333333417 99 55 0.798114047619048 0.107152619047619
262.033333333424 97 57 0.766886018957347 0.0895616903633491
266.100000000087 96 58 0.717691803278688 0.0588020491803279
267.116666666752 95 58 0.682231147540984 0.0296622950819672
271.183333333415 94 59 0.687416803278688 0.0540770491803279
290.500000000064 94 58 0.679151251078516 0.0365717860224331
291.51666666673 93 58 0.677749180327869 0.042255737704918
292.533333333396 92 58 0.678460655737705 0.0384475409836066
294.566666666727 91 58 0.652127868852459 0.0415729508196721
305.750000000051 90 58 0.679055141579733 0.0430925484351714
307.783333333382 89 58 0.667747540983607 0.0311188524590164
314.900000000042 88 59 0.692492974238876 0.0413135831381733
315.916666666708 87 60 0.652519672131147 0.0565688524590164
322.016666666702 86 60 0.666385245901639 0.0311631147540984
324.050000000034 85 61 0.626856557377049 0.0292565573770492
327.100000000031 84 61 0.619332240437159 0.0335224043715847
329.133333333363 83 61 0.637532786885246 0.0412672131147541
336.250000000023 82 62 0.613342388758782 0.02912037470726
346.41666666668 82 61 0.616597377049181 0.0379947540983607
354.550000000006 81 62 0.621076639344263 0.0446608606557377
371.833333333324 80 63 0.568115139826423 0.0310878495660559
372.84999999999 80 62 0.576893442622951 0.000245901639344262
437.916666666597 79 62 0.581342110655738 0.0021563268442623
460.283333333243 78 63 0.589734202682563 0.000692101341281669
490.783333333216 77 63 0.585628142076504 0.00442437158469945
523.316666666519 76 63 0.564422489754098 0.000321823770491803
552.799999999826 75 63 0.552133973996608 0.00532278123233465
600 75 63 0.547432717125918 0.000211859086152773
