# New log 28/04/2014 01:32:36
1 192 64 2.156765 6.10801833333333
4.04999999999999 189 65 1.60809016393443 1.05145245901639
5.06666666666665 185 68 1.97742950819672 1.72688852459016
6.08333333333332 184 69 2.42915901639344 1.26620655737705
7.09999999999998 183 68 1.84835409836066 1.83565901639344
8.09999999999998 183 67 1.802895 0.641235
9.10000000000003 183 66 1.63254166666667 0.720536666666667
10.1000000000001 182 67 1.38665166666667 0.766786666666667
11.1000000000001 181 68 1.207625 2.46693166666667
12.1000000000002 180 66 1.17196166666667 1.35108666666667
13.1000000000002 178 66 1.25011666666667 0.603375
14.1000000000003 177 66 1.20145333333333 0.243491666666667
15.1000000000003 176 66 1.514295 0.382808333333333
16.1000000000004 175 66 1.84540666666667 0.293386666666667
17.116666666667 173 66 1.4601606557377 0.301604918032787
18.1333333333336 172 66 1.19175081967213 0.233147540983607
19.1500000000002 170 67 1.52203114754098 0.949240983606557
20.1666666666668 169 68 1.20449672131148 0.377554098360656
21.1833333333334 169 67 1.37975245901639 0.562201639344262
22.2 167 67 2.95026557377049 0.568613114754098
23.2166666666666 166 68 4.2699262295082 0.817796721311476
26.2666666666665 165 68 2.81294207650273 2.80950382513661
27.2833333333331 165 67 1.4073737704918 6.6671393442623
28.2999999999997 164 68 1.26015409836066 6.88830163934426
29.3166666666663 164 67 1.31157540983607 7.03348360655738
30.3333333333329 164 66 1.16735245901639 5.70566885245902
33.3833333333327 163 66 1.27691584699454 2.44089453551913
35.4166666666659 162 66 1.24323278688525 6.3901131147541
36.4333333333325 161 67 1.31372295081967 13.466962295082
38.4666666666658 160 66 1.29887213114754 13.2219327868852
39.4833333333324 159 66 1.28795081967213 10.9868721311475
40.499999999999 158 67 1.68949016393443 11.1944836065574
43.5499999999988 158 66 1.57791366120219 12.5257819672131
44.5666666666654 157 67 1.7896131147541 1.49328196721312
45.583333333332 156 67 2.03418032786885 1.07582786885246
47.6166666666652 156 66 1.27424098360656 1.43834016393443
48.6333333333319 154 67 1.37439016393443 0.339549180327869
49.6499999999985 153 68 1.24481147540984 0.325383606557377
50.6666666666651 153 67 1.18195409836066 0.268596721311475
52.6999999999983 150 66 1.09942786885246 1.33844508196721
53.7166666666649 149 67 1.12345409836066 1.80600491803279
54.7333333333315 149 66 1.09867868852459 1.30866557377049
56.7666666666647 148 66 1.45347786885246 1.35472786885246
57.7833333333313 148 64 1.6837 1.74127704918033
58.7999999999979 148 62 1.61553278688525 1.99138196721311
59.8166666666646 146 64 1.20944262295082 1.81380819672131
60.8333333333312 145 65 1.64106393442623 1.11155409836066
61.8499999999978 144 66 1.16085901639344 1.24183606557377
62.8666666666644 143 66 1.05697049180328 1.03446393442623
67.9499999999974 142 67 1.18950557377049 0.54153868852459
68.966666666664 142 66 1.02009016393443 0.289993442622951
69.9833333333306 141 66 1.02726885245902 1.15967540983607
73.0333333333305 140 67 1.11086338797814 0.69867650273224
74.0499999999971 139 66 1.61937540983607 1.07017049180328
76.0833333333303 138 66 1.58857540983607 2.34940819672131
78.1166666666635 136 67 1.31666147540984 5.29153278688525
81.1666666666633 135 67 2.04902786885246 5.59161639344262
82.18333333333 135 66 1.53128524590164 6.56031639344262
86.2499999999964 135 65 1.13786024590164 6.20857131147541
88.2833333333296 133 66 1.22245819672131 5.89616639344262
90.3166666666628 131 67 1.28775 5.10446639344262
92.349999999996 128 70 1.37965327868852 5.99679344262295
93.3666666666627 127 71 1.54074754098361 8.3103393442623
94.3833333333293 126 71 1.20386393442623 2.53925573770492
95.3999999999959 124 73 1.23806229508197 1.73457868852459
98.4499999999957 123 73 1.20438142076503 2.54742404371585
99.4666666666623 123 72 1.01825081967213 2.27627049180328
100.483333333329 122 73 0.974703278688525 2.12054426229508
106.583333333329 121 72 1.03468907103825 1.6058806010929
108.616666666662 119 72 0.969418032786886 8.07716803278689
111.666666666662 119 71 0.977884153005465 5.14726393442623
115.733333333328 119 70 0.88886393442623 1.86973606557377
116.749999999995 119 69 0.817852459016393 2.3088262295082
117.766666666661 118 70 0.876055737704918 1.44477704918033
120.816666666661 117 70 0.837024043715847 1.38521420765027
122.849999999994 117 68 0.849068032786885 1.53719672131148
125.899999999994 116 68 0.895721857923497 1.6707218579235
126.916666666661 115 68 0.9915 1.29660491803279
129.933333333329 113 69 0.85183591160221 1.14395966850829
130.93333333333 113 68 0.832903333333333 1.07468833333333
131.93333333333 113 67 0.824261666666667 1.32745166666667
133.933333333332 112 68 0.917621666666667 1.09590583333333
134.933333333333 111 69 0.797976666666667 1.08972666666667
135.933333333334 111 68 0.800191666666667 1.15130166666667
139.933333333337 109 70 0.811816666666667 1.3506775
140.933333333338 108 71 0.792155 1.4033
141.933333333338 108 70 0.832126666666667 1.548875
143.93333333334 107 71 0.803303333333333 1.27816083333333
144.933333333341 106 72 0.753215 1.049935
149.933333333345 105 72 0.755611666666666 1.097323
150.933333333346 103 74 0.816723333333334 1.09522333333333
151.933333333346 102 74 0.795393333333333 1.08768666666667
152.933333333347 101 75 0.745825 2.6579
154.933333333349 100 76 0.746286666666667 3.5039275
155.93333333335 100 75 0.751103333333334 3.50140666666667
162.933333333355 99 76 0.735053571428572 1.67513166666667
163.933333333356 99 75 0.69569 1.06796833333333
165.933333333358 98 75 0.659414166666667 1.05986
166.933333333358 97 74 0.691993333333333 1.06440333333333
167.933333333359 96 74 0.697765 1.14014
168.93333333336 95 74 0.668278333333333 1.0889
169.933333333361 94 74 0.674131666666667 1.05212166666667
170.933333333362 92 75 0.655811666666667 1.04760333333333
171.933333333362 92 74 0.654356666666667 1.05951333333333
173.933333333364 90 75 0.669861666666666 1.06352833333333
176.933333333366 89 75 0.674236666666667 1.10288277777778
177.933333333367 88 76 0.66576 1.06272333333333
178.933333333368 87 76 0.64362 1.09148166666667
179.933333333369 86 77 0.617388333333333 1.09206833333333
181.93333333337 86 76 0.5998975 1.046065
182.933333333371 84 76 0.585283333333333 1.041385
183.933333333372 83 76 0.651106666666667 1.10544333333333
184.933333333373 82 77 0.573751666666667 1.06407666666667
188.933333333376 82 76 0.55679 1.0532775
193.93333333338 81 76 0.565229 1.071057
206.93333333339 81 75 0.60418076923077 1.77716961538462
244.93333333342 80 75 0.592156184210527 1.8042950877193
253.933333333428 79 75 0.592740925925926 1.5808662962963
260.000000000092 78 75 0.561326648351648 1.56044230769231
272.200000000081 78 74 0.563807786885246 1.55671953551913
306.766666666716 77 75 0.573290115718418 1.5644343780135
342.350000000017 76 75 0.55307925058548 1.55330927400468
398.266666666633 76 74 0.559281430700448 1.65687833084948
456.21666666658 75 75 0.62049801553063 1.57528536094334
500.949999999873 74 76 0.537293368107302 1.5506674366617
600 74 76 0.528100953496152 1.46345010036802
