# New log 28/04/2014 01:35:13
1 192 64 6.21805333333334 2.437385
4.04999999999999 190 63 5.10935792349726 1.68124590163934
5.06666666666665 188 57 5.16979344262295 2.01283770491803
6.08333333333332 187 55 8.3914 1.94147049180328
7.09999999999998 187 52 7.99329016393443 1.83388852459016
8.09999999999998 187 51 8.77303333333333 2.55887
9.10000000000003 186 49 6.41652333333333 3.46267833333333
10.1000000000001 186 47 7.3329 2.27640333333333
11.1000000000001 184 47 7.00373833333333 2.83938
12.1000000000002 184 43 8.96026833333334 2.77426
13.1000000000002 182 44 6.44014 2.46618833333333
15.1000000000003 181 45 6.11284916666667 1.44061416666667
16.1000000000004 179 46 5.98943666666667 1.24586333333333
17.116666666667 179 44 6.29445081967213 1.14462131147541
18.1333333333336 179 42 7.63822786885246 1.15945409836066
19.1500000000002 178 42 7.19771147540984 1.2419
20.1666666666668 177 42 6.07210491803279 0.943850819672131
22.2 176 43 5.97588196721312 1.06579836065574
23.2166666666666 174 44 6.11720819672131 0.943954098360656
24.2333333333332 173 45 6.46701147540984 0.845191803278688
25.2499999999998 172 46 4.84365573770492 0.886786885245902
29.3166666666663 170 48 6.33726762295082 1.00773155737705
30.3333333333329 170 47 7.05719016393443 1.13616721311475
31.3499999999995 170 46 6.04293442622951 1.1321131147541
32.3666666666661 169 46 5.50359344262295 1.09590819672131
33.3833333333327 168 47 6.70703770491803 0.970170491803279
35.4166666666659 168 46 6.08339672131148 1.06643032786885
36.4333333333325 167 47 5.03290819672131 1.07711147540984
37.4499999999992 166 46 4.75249344262295 0.964024590163934
38.4666666666658 166 45 5.76617868852459 0.870203278688525
40.499999999999 165 44 4.94855573770492 0.873716393442623
41.5166666666656 165 43 4.03964918032787 0.692211475409836
42.5333333333322 163 44 4.40025409836066 0.98832131147541
45.583333333332 162 45 4.04593989071038 0.729833333333333
47.6166666666652 161 43 4.22332459016394 0.708165573770492
49.6499999999985 158 41 4.3474606557377 0.537356557377049
50.6666666666651 158 39 4.20785737704918 0.40687868852459
52.6999999999983 157 37 4.61046803278689 0.402483606557377
54.7333333333315 156 36 4.13470901639344 0.684043442622951
55.7499999999981 153 37 4.09910163934426 0.686203278688525
56.7666666666647 152 37 5.19557213114754 0.769518032786885
57.7833333333313 152 35 6.03618852459016 0.953206557377049
61.8499999999978 151 36 3.46300778688525 0.469174180327869
62.8666666666644 151 35 3.59747213114754 0.52194262295082
63.883333333331 150 35 3.49432950819672 0.587845901639344
65.9166666666642 148 36 3.21719426229508 0.643845901639344
70.9999999999973 147 37 2.80624262295082 0.456163934426229
72.0166666666639 146 37 2.67140491803279 0.442175409836066
74.0499999999971 146 36 2.8762606557377 0.419690163934426
75.0666666666637 145 36 3.03738524590164 0.419124590163934
76.0833333333303 144 36 3.04094098360656 0.542131147540984
78.1166666666635 143 36 2.99323524590164 0.63954262295082
80.1499999999967 143 35 3.31340409836065 0.693018032786885
83.1999999999966 142 36 3.26529180327869 1.10911803278689
84.2166666666632 141 36 3.03235081967213 0.898249180327869
87.266666666663 141 35 3.18706174863388 0.785727868852459
88.2833333333296 140 35 3.06958524590164 0.766647540983607
93.3666666666627 139 36 3.07131868852459 0.917324262295082
94.3833333333293 138 37 3.19670655737705 1.20404262295082
99.4666666666623 137 38 4.38305868852459 1.84184721311475
100.483333333329 136 36 3.03457868852459 1.28675573770492
103.533333333329 135 37 2.89216120218579 1.14510218579235
117.766666666661 135 36 2.69749344262295 0.485986651053864
118.783333333328 135 35 4.08751147540984 1.10441639344262
119.799999999994 134 36 4.37218524590164 1.18261639344262
121.833333333328 133 36 4.04070491803279 0.743898360655738
122.849999999994 133 34 5.26245245901639 1.13192950819672
125.899999999994 133 33 3.48604207650273 1.46209672131148
127.933333333327 132 33 2.10062540983607 1.98130819672131
128.933333333328 131 34 1.997855 1.84193833333333
136.933333333334 130 35 2.08089145833333 1.53085958333333
138.933333333336 129 36 2.15310333333333 1.24150916666667
141.933333333338 129 35 2.13998444444444 1.16464166666667
142.933333333339 128 36 2.05764 1.13805833333333
147.933333333343 127 37 2.05793 0.977914666666667
165.933333333358 127 36 1.89904574074074 0.174248055555556
171.933333333362 126 37 2.36364972222222 0.148514444444444
172.933333333363 126 36 2.76734333333333 0.20696
176.933333333366 125 36 1.96478625 0.09831
182.933333333371 124 36 1.84324833333334 0.1166025
183.933333333372 124 35 1.84967 0.0852933333333333
187.933333333375 124 34 1.88950875 0.165308333333333
188.933333333376 124 33 1.89992833333333 0.0847066666666667
190.933333333377 122 34 1.828775 0.147388333333333
191.933333333378 122 33 1.76109 0.179945
192.933333333379 121 34 1.83919833333333 0.16802
195.933333333381 120 34 1.79184611111111 0.14528
199.933333333385 119 35 1.78850916666667 0.166168333333333
200.933333333385 118 35 1.75816833333333 0.0546383333333333
203.933333333388 118 34 1.71514388888889 0.0984827777777778
210.933333333393 117 34 1.75772166666667 0.105287857142857
233.933333333412 116 35 1.73613304347826 0.117447898550725
263.050000000089 115 36 1.70505844304522 0.191108299942759
264.066666666755 115 35 1.72626721311475 0.187881967213115
265.083333333421 114 35 1.70943114754098 0.212326229508197
294.566666666727 114 34 1.69880265686829 0.290850932730356
299.650000000056 113 35 1.75118098360656 0.238791147540984
300.666666666722 112 35 1.74378524590164 0.373831147540984
311.850000000045 111 36 1.68148166915052 0.288559761549926
342.350000000017 111 35 1.6498706010929 0.234586065573771
343.366666666683 110 35 1.59216557377049 0.110960655737705
348.450000000012 109 35 1.63111606557377 0.0883570491803279
354.550000000006 108 36 1.58276639344262 0.09695
355.566666666672 107 37 1.58577704918033 0.0923590163934426
363.699999999998 106 38 1.55372213114754 0.082796106557377
370.816666666658 105 39 1.56404918032787 0.107349882903981
411.483333333288 104 39 1.56645516393443 0.103728073770492
420.633333333279 103 40 1.52709927140255 0.0917102003642987
427.74999999994 102 41 1.51551170960187 0.0998229508196721
469.433333333235 101 41 1.53582011195522 0.08702475009996
470.449999999901 100 42 1.57581967213115 0.0946868852459016
473.499999999898 99 43 1.48619016393443 0.067927868852459
494.849999999879 98 44 1.48394808743169 0.0722946135831382
512.133333333196 97 45 1.54088592092575 0.0903817743490839
520.266666666522 97 44 1.51167848360656 0.0603356557377049
528.399999999848 96 45 1.49903299180328 0.054284631147541
531.449999999845 95 46 1.47064644808743 0.0555360655737705
586.349999999795 95 45 1.46658667273831 0.0925498785670917
590.416666666458 95 44 1.44281680327869 0.0390795081967213
592.44999999979 94 45 1.47057459016393 0.0367909836065574
593.466666666456 94 44 1.41759836065574 0.0728114754098361
600 94 44 1.431581264637 0.0731426229508197
