# New log 28/04/2014 00:52:10
1 192 64 2.28902333333333 10.7333033333333
4.04999999999999 189 66 2.0102131147541 1.83798797814208
5.06666666666665 188 66 3.84154754098361 1.07845737704918
6.08333333333332 188 64 3.72854754098361 1.74115409836066
8.09999999999998 187 65 3.24134380165289 3.31727603305785
9.10000000000003 185 66 2.59268666666667 5.45981666666667
10.1000000000001 184 67 4.56171833333333 4.70191333333333
11.1000000000001 183 68 4.14069666666667 3.42045
12.1000000000002 183 67 4.34152833333333 2.93964333333333
13.1000000000002 182 68 2.32163333333333 3.23028333333333
14.1000000000003 181 69 3.23541333333333 6.12147166666667
15.1000000000003 180 69 3.10056833333333 4.03556
16.1000000000004 178 69 1.44623666666667 7.546195
17.116666666667 177 68 1.39709016393443 6.14043114754098
18.1333333333336 176 69 1.58098524590164 1.72703114754098
20.1666666666668 175 69 2.35125409836066 1.30910737704918
22.2 174 69 2.80522540983607 1.21389098360656
23.2166666666666 174 68 2.95316065573771 2.31798524590164
24.2333333333332 172 66 1.89336065573771 1.68125409836066
25.2499999999998 171 66 2.22485901639344 1.04770819672131
26.2666666666665 170 66 1.93970491803279 3.61471475409836
28.2999999999997 169 66 1.78317540983607 1.3097631147541
29.3166666666663 169 65 1.88607213114754 7.38636065573771
30.3333333333329 169 64 1.43681475409836 10.6191409836066
31.3499999999995 169 63 1.37434426229508 10.8132540983607
32.3666666666661 169 62 1.22139180327869 10.6156147540984
35.4166666666659 168 62 2.15908524590164 11.0213300546448
36.4333333333325 167 61 1.89370163934426 10.9671803278689
37.4499999999992 167 59 1.88823770491803 11.3009459016393
40.499999999999 165 60 1.88435846994536 10.6717054644809
43.5499999999988 164 61 2.21758579234973 9.95352459016394
45.583333333332 164 60 1.32929754098361 10.3946655737705
46.5999999999986 163 58 1.51489016393443 10.3095803278689
47.6166666666652 161 59 1.26604262295082 10.3421983606557
51.6833333333317 161 58 1.47001926229508 10.6478192622951
52.6999999999983 160 59 1.27071639344262 10.6963836065574
53.7166666666649 160 58 2.1986 11.7839770491803
54.7333333333315 159 58 1.6986131147541 11.434437704918
55.7499999999981 158 59 1.61183442622951 11.196993442623
60.8333333333312 157 59 1.40715737704918 10.7396718032787
61.8499999999978 154 60 1.81931639344262 7.23319836065574
63.883333333331 153 61 1.41289262295082 8.65822459016393
64.8999999999976 152 61 1.33679672131148 9.43002295081967
65.9166666666642 152 60 1.40417213114754 10.5853196721311
67.9499999999974 151 61 1.27097049180328 11.308631147541
74.0499999999971 151 60 1.28601393442623 9.56369071038251
76.0833333333303 150 60 1.27064180327869 12.6024557377049
79.1333333333301 150 59 1.51273497267759 9.14613770491803
81.1666666666633 149 60 1.69986557377049 7.87618770491803
82.18333333333 147 61 1.31167213114754 8.77998360655738
83.1999999999966 146 62 1.21036721311475 8.83609508196721
85.2333333333298 145 63 1.24170245901639 6.09322540983607
90.3166666666628 144 64 2.88698950819672 4.13452786885246
92.349999999996 144 63 3.67116967213115 4.95402868852459
93.3666666666627 143 64 3.78487049180328 4.3817868852459
94.3833333333293 141 66 4.0171 3.5316868852459
99.4666666666623 140 66 2.86539213114754 3.63203901639344
100.483333333329 139 67 1.41060983606557 2.3183
101.499999999996 139 66 1.10994754098361 4.2666131147541
104.549999999995 139 65 1.20511475409836 4.3716393442623
105.566666666662 138 65 1.32219016393443 5.26029180327869
111.666666666662 137 64 1.1404412568306 4.70706994535519
112.683333333328 135 66 1.71866885245902 2.60551803278689
113.699999999995 135 65 1.62106065573771 2.97957213114754
114.716666666661 134 66 1.76312950819672 3.39344426229508
115.733333333328 133 67 1.10705737704918 4.52266229508197
117.766666666661 133 66 0.999802459016394 2.53649590163934
118.783333333328 131 68 1.26852459016393 2.47137540983607
119.799999999994 130 69 1.24342950819672 1.54239016393443
125.899999999994 129 69 1.24146912568306 4.09779316939891
127.933333333327 128 70 1.02503606557377 5.16410491803279
129.933333333329 127 70 1.22415083333333 5.542025
132.933333333331 126 71 1.00207611111111 2.01079055555556
136.933333333334 125 72 0.979414583333334 1.25675
139.933333333337 124 73 0.942363333333333 1.32923833333333
144.933333333341 123 74 0.929335666666667 1.30339066666667
147.933333333343 122 75 0.994740555555556 1.34373722222222
148.933333333344 121 75 0.997425 1.23529333333333
150.933333333346 119 77 0.950673333333334 1.281135
151.933333333346 119 76 0.920313333333333 1.67582666666667
162.933333333355 119 75 0.915747272727273 0.806089393939394
171.933333333362 119 74 0.888042407407407 0.430595185185185
173.933333333364 118 75 0.887213333333334 0.1719575
177.933333333367 117 76 0.894660833333333 0.31159375
181.93333333337 116 77 0.833664166666667 0.34405375
185.933333333373 115 78 0.83536375 0.354819166666667
186.933333333374 114 78 0.837545 0.359551666666667
189.933333333377 113 79 0.848847777777778 0.391735555555556
190.933333333377 112 79 0.831228333333333 0.51975
191.933333333378 110 80 0.82517 0.4483
192.933333333379 110 78 0.840258333333334 0.654268333333333
196.933333333382 110 76 0.870119583333334 0.618692083333333
197.933333333383 109 76 1.18737666666667 0.724223333333333
198.933333333384 108 77 1.11693 0.734191666666667
199.933333333385 107 78 0.839958333333334 0.76446
201.933333333386 106 79 0.8142975 0.772479166666667
220.933333333401 106 78 0.802806929824561 1.44998596491228
233.933333333412 106 77 0.811674487179487 0.928175641025641
260.000000000092 105 78 0.820829603580561 1.72089386189258
264.066666666755 104 79 0.792611885245902 0.712995901639344
269.150000000084 103 80 0.776517704918032 0.335689508196721
318.966666666705 102 80 0.768341518902642 0.66534593509535
332.18333333336 102 79 0.780586885245902 0.77083606557377
333.200000000026 101 80 0.765396721311475 1.37328524590164
357.600000000003 100 81 0.783827322404371 0.80781543715847
358.616666666669 100 80 0.761644262295082 0.722985245901639
359.633333333335 99 81 0.738240983606557 0.712977049180328
459.266666666578 98 82 0.74354464703914 0.6214893777183
488.749999999884 98 81 0.733322781232335 0.685359807801018
492.816666666547 97 81 0.738104098360656 0.73184631147541
544.6666666665 97 80 0.72661350048216 0.793743201542912
600 97 80 0.748608941877795 0.707587153502236
