# New log 28/04/2014 00:58:05
1 192 64 2.34406166666667 1.176205
5.06666666666665 192 60 2.11744344262295 0.835863524590164
6.08333333333332 190 56 2.35710491803279 2.52651475409836
8.09999999999998 189 56 3.24751074380165 2.0932305785124
9.10000000000003 189 55 2.56779333333333 1.16974166666667
10.1000000000001 189 53 2.41857833333333 1.07660333333333
11.1000000000001 188 54 2.61491 1.39915666666667
12.1000000000002 188 53 2.733965 1.17491666666667
13.1000000000002 186 53 6.50165666666667 0.929905
14.1000000000003 185 53 5.05974166666667 0.70461
15.1000000000003 182 56 6.24956 0.722533333333333
16.1000000000004 181 55 6.77837166666667 0.58491
17.116666666667 181 54 7.14809836065574 0.805919672131148
18.1333333333336 181 51 5.74520491803279 0.463970491803279
19.1500000000002 177 55 4.3878737704918 0.409675409836066
20.1666666666668 176 54 5.82275901639344 0.531432786885246
21.1833333333334 174 55 5.38624262295082 1.26361147540984
22.2 173 52 9.40515573770491 1.26154590163934
23.2166666666666 172 53 7.74937540983607 0.573867213114754
24.2333333333332 170 54 7.09434262295082 0.993524590163934
25.2499999999998 169 54 11.681937704918 3.13437213114754
26.2666666666665 169 53 8.90163442622951 1.17104426229508
27.2833333333331 167 54 8.06343606557377 0.918803278688525
28.2999999999997 166 55 8.46113770491803 0.934527868852459
30.3333333333329 163 54 8.08710409836066 0.821311475409836
32.3666666666661 162 54 5.53080327868853 0.753936065573771
33.3833333333327 161 54 4.53533770491803 0.648188524590164
34.3999999999993 159 55 6.28710655737705 1.06828196721311
35.4166666666659 159 54 5.62803114754098 1.07479180327869
36.4333333333325 159 53 5.53210163934426 1.32578032786885
37.4499999999992 158 53 5.16308524590164 2.74556065573771
38.4666666666658 158 52 3.95533278688525 1.16966885245902
39.4833333333324 157 52 3.71981967213115 1.97647213114754
40.499999999999 157 51 3.67885409836066 0.996485245901639
41.5166666666656 157 50 2.32057049180328 0.135262295081967
42.5333333333322 155 51 2.83513278688525 0.173113114754098
43.5499999999988 155 50 3.27400655737705 0.621050819672131
44.5666666666654 155 48 3.54857049180328 0.562113114754098
45.583333333332 155 47 7.15205409836066 0.892449180327869
49.6499999999985 154 48 8.63605 1.18383770491803
50.6666666666651 153 49 7.39457868852459 1.1037262295082
51.6833333333317 152 50 5.7009131147541 0.916811475409836
56.7666666666647 151 50 5.35010131147541 0.982424918032787
57.7833333333313 151 49 5.48329836065574 1.47950163934426
60.8333333333312 151 48 5.91124699453552 1.42723551912568
61.8499999999978 149 49 7.05830327868852 1.65728196721311
64.8999999999976 148 49 3.84784207650273 2.1386956284153
65.9166666666642 148 48 3.30614590163934 0.660180327868853
66.9333333333308 147 49 3.2114868852459 0.745865573770492
67.9499999999974 146 49 3.18380983606557 1.0195
68.966666666664 143 52 3.58266557377049 1.15200983606557
69.9833333333306 143 50 3.72494590163934 1.59386065573771
70.9999999999973 140 52 3.14070491803279 1.58394590163934
73.0333333333305 138 53 3.39337950819672 1.56771393442623
79.1333333333301 137 53 2.85995464480875 1.25291420765027
80.1499999999967 136 53 2.36841967213115 0.901732786885246
81.1666666666633 134 51 2.36331967213115 1.5959868852459
83.1999999999966 132 52 2.84655163934426 1.07093114754098
84.2166666666632 132 51 2.21769016393443 1.84536229508197
88.2833333333296 131 52 3.46783073770492 2.50324180327869
89.2999999999962 130 52 3.50175409836066 2.6757262295082
90.3166666666628 129 52 2.06987704918033 3.12027049180328
93.3666666666627 128 52 2.04700546448087 2.11446885245902
99.4666666666623 128 51 1.43571693989071 1.35580546448087
101.499999999996 128 50 1.35477213114754 1.69000409836066
104.549999999995 127 50 1.38586885245902 1.92224098360656
106.583333333329 126 51 2.48086475409836 0.66035
119.799999999994 126 50 1.27224930643127 0.28087288776797
120.816666666661 125 51 1.38877868852459 0.503914754098361
121.833333333328 124 51 1.35958852459016 0.0939868852459016
122.849999999994 122 52 2.02975245901639 0.166804918032787
130.93333333333 121 51 1.4490412371134 0.457334020618557
135.933333333334 121 50 1.333206 0.738818333333333
137.933333333335 121 49 1.32741583333333 0.329085
139.933333333337 120 50 1.64799 0.111844166666667
143.93333333334 119 51 1.67886041666667 0.1401675
144.933333333341 119 50 1.81368 0.261348333333333
148.933333333344 118 51 1.50454708333333 0.398881666666667
152.933333333347 117 51 1.84383083333333 0.174208333333333
153.933333333348 116 52 0.834931666666667 0.013955
158.933333333352 115 53 0.881148333333334 0.150305666666667
159.933333333353 114 54 0.908025 0.187693333333333
160.933333333354 114 53 0.962548333333334 0.289831666666667
162.933333333355 113 53 0.937885 0.131995833333333
163.933333333356 111 52 0.917191666666667 0.0762766666666667
165.933333333358 110 53 0.919968333333333 0.0748658333333333
168.93333333336 109 52 0.877983333333334 0.0400705555555556
174.933333333365 107 53 1.29319 0.112799722222222
175.933333333365 106 53 2.08621 0.0757966666666667
177.933333333367 105 54 2.10949083333333 0.056515
181.93333333337 105 53 2.1107925 0.0851175
183.933333333372 105 52 2.44992916666667 0.265571666666667
186.933333333374 103 52 2.66196611111111 0.480918333333333
189.933333333377 101 53 2.67414611111111 0.449088333333333
190.933333333377 101 52 2.14811 0.0424933333333333
191.933333333378 101 51 2.17288666666667 0.13536
192.933333333379 101 50 2.05837833333333 0.08743
193.93333333338 99 50 2.095985 0.02961
194.933333333381 97 52 1.976905 0.0284516666666667
195.933333333381 97 51 2.06261333333333 0.0235783333333333
196.933333333382 97 50 2.13989666666667 0.024475
198.933333333384 96 51 2.0700325 0.0370075
205.933333333389 95 51 2.00110476190476 0.140016666666667
207.933333333391 94 51 1.90738666666667 0.0239325
211.933333333394 94 50 1.82429125 0.04835875
212.933333333395 93 51 1.961075 0.0315116666666667
214.933333333397 93 50 1.75615166666667 0.1001
215.933333333397 92 51 1.970425 0.19005
221.933333333402 92 50 1.90386083333333 0.0618558333333333
225.933333333405 91 50 1.97395791666667 0.07958875
227.933333333407 90 50 2.0725575 0.0594158333333333
231.93333333341 90 49 2.07084208333333 0.04541625
244.93333333342 88 50 2.64640448717949 0.289765256410256
247.933333333423 87 51 3.58141166666667 0.566062222222222
249.933333333424 86 52 2.529695 0.296238333333333
260.000000000092 85 53 2.02397947019868 0.0607867549668874
267.116666666752 83 55 1.9488906323185 0.0286152224824356
271.183333333415 83 54 2.13679549180328 0.0664389344262295
274.233333333413 82 55 1.94762459016393 0.510284153005464
283.383333333404 81 56 1.95182386156648 0.273187067395264
285.416666666736 80 56 1.94435655737705 0.0273967213114754
297.616666666725 79 57 1.95731379781421 0.0449856557377049
299.650000000056 78 57 1.67619344262295 0.0357844262295082
312.866666666711 77 58 1.84022421185372 0.0275385876418663
327.100000000031 76 58 1.76915304449649 0.0304874707259953
330.150000000028 75 57 1.80085573770492 0.034596174863388
341.333333333352 74 58 1.78044932935917 0.0430190760059612
343.366666666683 74 57 1.69685163934426 0.0206098360655738
344.383333333349 73 58 1.65439180327869 0.047755737704918
361.666666666666 72 58 0.946493828351013 0.0341447444551591
366.749999999995 71 59 0.54314262295082 0.0390895081967213
374.883333333321 71 58 0.548850204918034 0.390732991803279
381.999999999981 69 60 0.565636533957846 0.878758079625293
384.033333333313 67 62 0.507872131147541 0.00143032786885246
397.249999999967 66 62 0.487800756620429 0.0137524590163934
418.599999999948 65 63 0.476796330991414 0.0581206088992974
435.883333333266 64 64 0.47409662487946 0.0182689488910318
439.949999999929 64 63 0.476976639344262 0.0272098360655738
444.016666666592 62 65 0.486730737704918 0.00673647540983607
469.433333333235 61 66 0.437037639344263 0.000522032786885246
479.599999999892 60 67 0.433585901639344 0.00390983606557377
480.616666666558 59 68 0.4347 0.000186885245901639
534.499999999843 58 68 0.439030590782555 0.00057355397463656
537.54999999984 58 67 0.440277049180328 0.000759562841530055
545.683333333166 57 68 0.456909016393443 0.000545491803278689
571.099999999809 56 68 0.430450950819671 0.000273245901639344
600 56 68 0.421609892594687 0.000187902769926512
