# New log 28/04/2014 00:55:10
1 192 64 5.116845 3.64500666666667
3.03333333333333 192 63 3.92649918032787 2.46729098360656
4.04999999999999 191 61 3.69957213114754 2.18335901639344
5.06666666666665 190 59 3.3627131147541 2.13490655737705
6.08333333333332 189 58 4.66160327868852 4.41805409836066
7.09999999999998 188 58 5.38389180327869 3.89456721311475
9.10000000000003 188 56 5.497625 5.74379
10.1000000000001 187 55 6.67336833333333 4.36127333333333
11.1000000000001 185 55 6.51706 2.91139666666667
12.1000000000002 183 55 8.48783 2.27503
13.1000000000002 183 54 7.74043 2.72025166666667
14.1000000000003 182 55 11.0121616666667 2.43653166666667
15.1000000000003 180 54 7.61329833333333 1.76758
16.1000000000004 177 54 6.54278166666667 1.18608833333333
18.1333333333336 177 52 8.18869180327869 1.32444672131148
19.1500000000002 176 52 7.84304918032787 0.417280327868852
20.1666666666668 176 50 6.57754754098361 0.620054098360656
21.1833333333334 172 53 7.58182459016393 0.426652459016393
22.2 169 54 7.02440655737705 0.654931147540984
26.2666666666665 169 52 7.67511598360655 1.01418319672131
29.3166666666663 169 51 10.7539054644809 0.983591803278688
31.3499999999995 168 51 13.67775 0.900664754098361
32.3666666666661 166 53 11.167406557377 0.851780327868852
33.3833333333327 165 53 9.37283770491803 0.611950819672131
34.3999999999993 165 52 7.66529016393443 0.535931147540984
36.4333333333325 164 52 5.31395655737705 0.647118852459016
37.4499999999992 162 53 5.66714754098361 0.660747540983607
38.4666666666658 162 52 5.2136 0.70682131147541
40.499999999999 160 53 5.2531 0.624505737704918
41.5166666666656 159 52 4.89491639344262 0.892144262295082
42.5333333333322 158 52 3.66677704918033 0.571667213114754
43.5499999999988 158 51 3.18422131147541 0.396134426229508
44.5666666666654 156 52 4.58524426229508 0.733539344262295
46.5999999999986 154 53 3.23257950819672 0.605380327868853
48.6333333333319 153 54 3.62685655737705 0.962049180327869
50.6666666666651 152 55 4.66979508196721 1.15013114754098
51.6833333333317 150 56 7.55897868852459 1.37922459016393
52.6999999999983 149 57 6.30015901639344 1.0257393442623
53.7166666666649 148 58 4.05362459016393 0.946001639344262
54.7333333333315 148 57 4.63923770491803 0.899768852459016
55.7499999999981 146 58 5.71485573770492 1.43744754098361
57.7833333333313 145 59 4.65197049180328 1.25185573770492
58.7999999999979 145 58 4.33101475409836 1.18402131147541
59.8166666666646 144 57 4.51424098360656 1.79833114754098
60.8333333333312 144 56 3.98959672131148 0.975985245901639
64.8999999999976 142 56 4.48138934426229 1.98272254098361
67.9499999999974 140 58 6.33879726775956 2.87286120218579
69.9833333333306 138 60 5.74406393442623 3.02062213114754
70.9999999999973 137 61 5.47673606557377 2.31359508196721
72.0166666666639 136 62 5.79863442622951 2.22020327868852
73.0333333333305 135 63 4.49290819672131 2.35782459016393
74.0499999999971 135 62 3.42875409836066 2.64725737704918
75.0666666666637 135 61 2.7589262295082 3.02147704918033
76.0833333333303 134 61 2.5442868852459 3.0814262295082
78.1166666666635 133 62 2.61050409836066 3.15922213114754
80.1499999999967 132 61 4.94686475409836 3.33880819672131
82.18333333333 131 59 2.74644426229508 2.22659180327869
83.1999999999966 130 59 2.37861967213115 2.18142950819672
88.2833333333296 129 59 2.5760331147541 1.78478459016393
89.2999999999962 128 59 2.2637737704918 0.772550819672131
90.3166666666628 127 60 2.0958393442623 0.751495081967213
91.3333333333294 127 59 2.13883770491803 0.815626229508197
92.349999999996 126 60 2.37329180327869 0.741116393442623
96.4166666666625 124 61 3.58099098360656 0.386175819672131
98.4499999999957 124 60 3.82895983606558 0.355906557377049
99.4666666666623 123 60 3.97394098360656 0.546840983606557
100.483333333329 123 59 7.37692786885246 0.464016393442623
108.616666666662 121 60 3.1303274590164 0.580434836065574
110.649999999995 120 60 2.26909344262295 1.51511393442623
115.733333333328 119 61 2.20502295081967 1.38574852459016
121.833333333328 118 61 2.10090737704918 1.50296229508197
123.866666666661 117 61 2.0389 1.49266885245902
124.883333333328 116 62 2.33174590163934 1.55394262295082
130.93333333333 115 63 2.53461460055096 1.0194914600551
132.933333333331 114 63 2.85086 1.06688833333333
139.933333333337 114 62 2.55753761904762 1.28950785714286
161.933333333354 113 63 2.14797181818182 0.67431803030303
172.933333333363 112 64 2.04238303030303 0.29795696969697
181.93333333337 112 63 1.96886759259259 0.242412407407407
184.933333333373 112 62 1.92823166666667 0.228193888888889
192.933333333379 112 61 1.91105479166667 0.226370833333333
205.933333333389 111 62 1.92949448717949 0.223703205128205
206.93333333339 110 61 1.84342833333333 0.24284
210.933333333393 109 62 1.98447666666667 0.237908333333333
222.933333333403 108 62 1.85291541666667 0.246911805555556
225.933333333405 106 63 1.99050722222222 0.433404444444444
227.933333333407 106 62 2.46314833333333 1.47309666666667
237.933333333415 106 61 1.9071865 0.402203
244.93333333342 106 60 1.85758214285714 0.253144047619048
248.933333333424 106 59 1.87045625 0.287746666666667
261.016666666758 105 59 1.89978951724138 0.236784827586207
266.100000000087 104 59 1.66350295081967 0.613448196721312
267.116666666752 103 60 1.51691639344262 0.201845901639344
274.233333333413 103 59 1.46731990632318 0.204065105386417
288.466666666733 102 59 1.48913325526932 0.193714988290398
289.483333333399 100 61 1.43835737704918 0.200183606557377
293.550000000062 99 62 1.42059590163934 0.195033196721312
298.63333333339 98 62 1.44603737704918 0.188728524590164
301.683333333388 97 62 1.56731038251366 0.276868852459016
302.700000000053 95 63 1.45894754098361 0.220445901639344
304.733333333385 94 64 1.44517950819672 0.348736885245902
308.800000000048 93 64 1.46827213114754 0.351766803278689
310.833333333379 92 65 1.44477950819672 0.325308196721312
337.266666666689 91 66 1.77562074401009 0.303880643127364
343.366666666683 90 67 1.7949281420765 0.206351912568306
349.466666666678 89 67 1.88898579234973 0.24007349726776
352.516666666675 89 66 1.80399890710383 0.198927322404372
358.616666666669 88 66 1.89274781420765 0.236319945355191
366.749999999995 88 65 1.88429590163934 0.218138114754098
372.84999999999 88 64 1.89750573770492 0.229817213114754
375.899999999987 87 65 2.02790710382514 0.242515846994536
378.949999999984 87 64 1.80407322404372 0.214780327868852
428.766666666605 85 66 1.78880207427233 0.209509133489461
464.349999999906 84 66 1.7831474941452 0.218789929742389
469.433333333235 84 65 1.80300426229508 0.27520262295082
471.466666666567 84 64 1.81024180327869 0.281586065573771
482.64999999989 83 64 1.81124292101341 0.266681967213115
485.699999999887 82 65 1.43281857923497 0.190704918032787
487.733333333218 81 65 1.23314754098361 0.187127049180328
515.183333333193 80 66 1.37532962962963 0.281255373406193
567.033333333146 79 67 1.24876865959498 0.18472137576342
574.149999999806 79 66 1.26595690866511 0.186116393442623
600 79 66 1.25207459016393 0.18368789407314
