# New log 28/04/2014 01:47:55
1 192 64 2.15822 7.68537166666667
3.03333333333333 192 63 1.71701885245902 0.872712295081967
4.04999999999999 191 62 1.76869508196721 2.32243442622951
5.06666666666665 190 63 2.19521147540984 1.7201262295082
6.08333333333332 189 64 1.56492131147541 2.28871147540984
8.09999999999998 187 64 1.65103884297521 2.42864958677686
9.10000000000003 185 66 1.64433166666667 3.07802333333333
10.1000000000001 184 67 1.50141166666667 2.30503666666667
11.1000000000001 182 69 1.41365666666667 3.20946333333333
12.1000000000002 182 68 1.306355 3.36548
13.1000000000002 179 70 2.44406 3.39205166666667
14.1000000000003 179 69 1.99586833333333 2.77730333333333
15.1000000000003 177 67 2.12170166666667 5.04524833333333
16.1000000000004 177 66 1.33715166666667 5.90792166666667
17.116666666667 175 66 1.29463278688525 7.32277704918033
18.1333333333336 173 67 1.29528524590164 5.88651803278689
19.1500000000002 172 68 1.44635245901639 6.18601147540984
23.2166666666666 170 69 1.52016926229508 5.79118770491803
26.2666666666665 169 69 1.36153879781421 5.84847267759563
31.3499999999995 168 70 1.58307672131148 7.72179213114754
32.3666666666661 167 70 1.90803770491803 6.73996229508197
34.3999999999993 166 71 1.20310655737705 7.07431721311475
35.4166666666659 166 70 1.31124918032787 6.66336065573771
36.4333333333325 165 70 1.26356885245902 7.15885081967213
38.4666666666658 165 69 1.21927540983607 8.78835983606557
39.4833333333324 165 68 1.27838360655738 6.02365081967213
40.499999999999 163 69 1.76818524590164 5.57386393442623
41.5166666666656 162 70 1.17740163934426 3.35829508196721
42.5333333333322 162 68 1.53575573770492 3.48430983606557
43.5499999999988 161 69 1.19351147540984 6.74968852459016
44.5666666666654 160 70 1.33062295081967 7.04021639344262
46.5999999999986 159 71 3.09758606557377 4.49736229508197
47.6166666666652 157 72 2.46929180327869 4.51939672131148
48.6333333333319 157 71 1.11188360655738 4.50747540983607
49.6499999999985 156 71 1.33807704918033 4.29296721311476
50.6666666666651 155 69 1.29878524590164 4.93944098360656
51.6833333333317 154 69 1.05564098360656 4.86801803278689
52.6999999999983 154 68 1.20948524590164 4.74448032786885
53.7166666666649 153 68 1.18124098360656 4.86078852459016
54.7333333333315 152 69 1.13952786885246 5.0985131147541
55.7499999999981 152 68 1.33507868852459 4.43652131147541
57.7833333333313 151 69 1.23639508196721 4.80236803278689
59.8166666666646 150 70 1.42486639344262 4.30844344262295
62.8666666666644 150 69 1.60167322404372 3.23044043715847
63.883333333331 149 68 1.55232459016393 2.76910327868852
64.8999999999976 149 67 1.80878852459016 3.61408360655738
65.9166666666642 148 66 1.58685901639344 4.14902786885246
66.9333333333308 148 65 1.65792459016393 4.87570819672131
69.9833333333306 147 66 1.79645191256831 4.44495901639344
73.0333333333305 146 66 1.35055792349727 4.10934098360656
74.0499999999971 145 67 1.43987049180328 3.33096065573771
75.0666666666637 144 68 1.16902295081967 3.45006393442623
77.0999999999969 142 68 1.22458360655738 3.3707631147541
78.1166666666635 141 69 1.32266885245902 3.39442131147541
79.1333333333301 140 69 1.14584754098361 3.46526557377049
80.1499999999967 138 69 1.04379344262295 3.29263442622951
81.1666666666633 136 69 1.03800163934426 3.32148032786885
83.1999999999966 134 70 1.36516557377049 3.31338852459016
84.2166666666632 133 70 1.27935245901639 3.25757540983607
86.2499999999964 132 71 1.02948770491803 3.12887950819672
87.266666666663 131 71 0.957740983606557 3.12237049180328
88.2833333333296 130 72 0.968247540983607 3.20699672131148
89.2999999999962 129 73 0.950524590163934 3.19928360655738
90.3166666666628 129 72 0.944481967213115 3.01210655737705
95.3999999999959 128 73 0.924302950819672 2.92422098360656
99.4666666666623 127 73 0.941747131147541 2.98977704918033
104.549999999995 127 72 0.890319344262295 3.05771704918033
108.616666666662 126 72 0.879832377049181 3.21810204918033
109.633333333328 125 73 0.905244262295082 6.76114262295082
111.666666666662 125 72 0.90323606557377 6.48640163934426
116.749999999995 124 72 0.898182295081967 6.92792032786885
120.816666666661 123 73 0.938890983606557 8.09438729508197
121.833333333328 122 74 0.834991803278689 6.94872295081967
131.93333333333 122 73 0.926894224422443 5.61753498349835
137.933333333335 120 75 0.845129166666667 3.43400055555556
141.933333333338 118 76 1.05951625 3.14416416666667
146.933333333342 116 78 0.867099333333333 4.901925
147.933333333343 115 79 0.81011 2.74997333333333
154.933333333349 114 79 0.856294047619048 3.25255642857143
159.933333333353 114 78 0.866988 2.94759666666667
160.933333333354 113 78 0.775371666666667 2.024025
162.933333333355 111 78 0.7519425 2.176005
172.933333333363 110 79 0.774966 2.14697416666667
176.933333333366 109 79 0.880646666666667 1.37995041666667
190.933333333377 107 81 0.77627511904762 0.589245476190476
192.933333333379 107 80 0.724496666666666 0.328126666666667
196.933333333382 106 80 0.705045833333334 0.278139583333333
197.933333333383 105 81 0.694513333333334 0.27552
199.933333333385 105 80 0.700153333333333 0.275613333333333
201.933333333386 105 79 0.707914166666667 0.2906625
204.933333333389 104 80 0.686640555555556 0.290892222222222
205.933333333389 103 81 0.67503 0.339963333333333
207.933333333391 102 81 0.655840833333334 0.275640833333333
209.933333333393 102 80 0.670891666666666 0.272521666666667
225.933333333405 101 80 0.684583229166666 0.295467395833333
242.933333333419 100 80 0.679582647058823 3.81246441176471
246.933333333422 100 79 0.662559166666667 5.91207875
247.933333333423 100 78 0.668056666666667 6.02098833333333
263.050000000089 99 79 0.690328996692393 5.88353506063947
267.116666666752 99 78 0.731556967213114 5.88534590163934
268.133333333418 98 79 0.696031147540984 5.99168360655738
273.216666666747 97 80 0.699885573770492 5.76405540983607
292.533333333396 97 79 0.691766436583262 5.64853390854185
296.600000000059 97 78 0.654627459016393 5.61490286885246
308.800000000048 96 79 0.660170355191257 5.61339467213115
316.933333333374 95 80 0.651313729508197 5.60509590163934
324.050000000034 95 79 0.641317798594848 5.59554637002342
325.0666666667 95 78 0.63827868852459 5.69842295081967
326.083333333365 94 78 0.642706557377049 5.63327049180328
336.250000000023 94 77 0.632584590163935 5.6455737704918
345.400000000015 93 77 0.64958524590164 5.82008014571949
347.433333333346 92 78 0.635351639344262 6.22076885245902
352.516666666675 91 79 0.618312131147541 6.25408950819672
366.749999999995 91 78 0.653018384074941 6.25657142857143
378.949999999984 90 79 0.620037431693989 6.27667076502732
391.149999999973 90 78 0.598216530054645 6.2312693989071
412.499999999954 89 78 0.606632474629196 5.20375277127244
422.666666666611 89 77 0.593458852459016 3.70186950819672
426.733333333274 88 78 0.579340573770491 3.16777991803279
429.783333333271 88 77 0.581685792349727 3.41197103825137
435.883333333266 87 78 0.580665300546449 2.68090819672131
469.433333333235 86 79 0.573461698956781 0.299188922006955
489.76666666655 86 78 0.568630327868853 0.623981803278689
500.949999999873 86 77 0.603834128166915 0.27564739195231
503.99999999987 85 77 0.534311475409836 0.172369398907104
513.149999999862 84 77 0.551993260473588 0.0786825136612022
516.199999999859 84 76 0.524570491803279 0.0333366120218579
517.216666666525 83 76 0.537668852459017 0.0602688524590164
522.299999999854 82 77 0.553319672131148 0.211338032786885
526.366666666517 81 78 0.572306967213115 0.0355864754098361
541.616666666503 80 78 0.540447322404372 0.381556830601093
544.6666666665 80 77 0.525236612021858 0.16486393442623
566.016666666481 80 76 0.52577462919594 0.0338103825136612
578.216666666469 79 77 0.853880601092898 0.0681073770491803
584.316666666464 78 77 0.536511475409836 0.135884153005465
587.366666666461 77 77 0.511408196721311 0.00196120218579235
588.383333333127 77 76 0.520227868852459 0.000152459016393443
600 77 76 0.549982103825136 0.0474189890710383
