# New log 28/04/2014 01:51:22
1 192 64 4.64239333333333 1.74251666666667
3.03333333333333 192 61 3.166 1.05850081967213
4.04999999999999 191 60 2.81494754098361 0.877814754098361
5.06666666666665 191 57 3.31595245901639 1.25500491803279
6.08333333333332 191 55 3.24322786885246 1.20154754098361
7.09999999999998 191 52 2.92950819672131 0.637440983606557
8.09999999999998 187 53 3.22208333333333 0.669688333333333
9.10000000000003 186 53 3.386965 0.819361666666667
10.1000000000001 186 52 3.04634333333333 0.767935
11.1000000000001 184 52 3.45504166666667 0.77802
12.1000000000002 183 51 4.24177 1.20515
13.1000000000002 183 48 5.29128833333333 1.33834
14.1000000000003 182 48 4.42602333333333 1.37207833333333
15.1000000000003 180 49 4.525535 1.155675
16.1000000000004 180 47 6.81547333333333 0.913406666666667
18.1333333333336 179 45 5.69787868852459 1.44144508196721
19.1500000000002 179 43 4.39551967213115 1.56042295081967
21.1833333333334 179 42 5.62505901639344 1.76194180327869
22.2 178 40 4.03552950819672 1.96127868852459
23.2166666666666 176 42 4.05937213114754 0.914980327868852
26.2666666666665 175 42 3.94041475409836 0.830396174863388
28.2999999999997 173 43 3.4981393442623 0.561165573770492
30.3333333333329 172 42 3.40615491803279 0.651086885245902
31.3499999999995 171 42 3.4550868852459 0.774331147540984
32.3666666666661 171 40 3.22511803278688 0.664081967213115
35.4166666666659 170 41 3.26828415300546 0.670249180327869
36.4333333333325 170 40 4.58305901639344 0.570965573770492
37.4499999999992 169 41 4.26013934426229 0.657403278688525
39.4833333333324 169 40 4.40887131147541 0.892173770491803
40.499999999999 168 41 4.89688032786885 1.14825737704918
41.5166666666656 167 41 4.76491475409836 0.99555737704918
42.5333333333322 166 42 4.39071639344262 0.6792
44.5666666666654 165 43 4.23888360655738 0.836172950819672
45.583333333332 165 42 3.86102950819672 1.1965262295082
46.5999999999986 164 43 4.10336229508197 0.563098360655738
47.6166666666652 161 46 3.5981262295082 0.516744262295082
49.6499999999985 161 44 2.6744762295082 1.00767704918033
50.6666666666651 161 43 2.37762950819672 0.487385245901639
52.6999999999983 161 42 2.4858762295082 0.572675409836066
53.7166666666649 161 41 2.35254590163934 0.37426393442623
54.7333333333315 160 41 2.43558360655738 0.372009836065574
58.7999999999979 159 41 2.64979631147541 0.556864754098361
60.8333333333312 158 42 2.9143893442623 0.713650819672131
62.8666666666644 158 41 3.40728852459016 1.88211885245902
64.8999999999976 158 39 3.51893360655738 2.72058770491803
65.9166666666642 158 38 2.96201147540984 1.95248032786885
73.0333333333305 157 39 2.69575199063232 3.06524894613583
75.0666666666637 156 40 2.77348196721312 3.13725245901639
77.0999999999969 155 40 3.08670327868852 3.2756868852459
78.1166666666635 154 41 2.43573934426229 2.99206065573771
79.1333333333301 153 42 2.18685081967213 0.797854098360656
84.2166666666632 153 41 2.14866918032787 0.468740655737705
85.2333333333298 152 42 2.35505737704918 0.377622950819672
90.3166666666628 151 43 2.16454557377049 0.393679344262295
92.349999999996 149 44 2.81448852459016 0.50479262295082
93.3666666666627 149 43 2.15241475409836 0.744440983606557
97.4333333333291 148 43 2.13454754098361 0.424386475409836
98.4499999999957 147 42 2.13705081967213 0.356206557377049
102.516666666662 146 43 2.00214426229508 0.587231557377049
104.549999999995 145 44 1.82822131147541 0.286846721311475
110.649999999995 145 43 1.85880191256831 0.344951639344262
111.666666666662 144 43 1.85229672131148 0.379967213114754
114.716666666661 143 44 1.83621857923497 0.330875956284153
116.749999999995 143 43 1.87449590163934 0.419303278688525
117.766666666661 142 44 1.78266229508197 0.276240983606557
119.799999999994 141 45 1.80574836065574 0.429804098360656
121.833333333328 141 44 1.80370655737705 0.385025409836066
122.849999999994 140 45 1.78791967213115 0.35435737704918
125.899999999994 139 46 1.77440109289617 0.28571912568306
127.933333333327 139 45 1.74545573770492 0.455568852459016
128.933333333328 139 44 1.74827166666667 0.579865
130.93333333333 139 43 1.78530833333333 0.4753075
135.933333333334 139 42 1.89829733333333 0.482581666666667
137.933333333335 138 43 1.78255083333333 0.331250833333333
147.933333333343 137 44 1.7910935 0.686062
151.933333333346 137 43 1.678325 0.259546666666667
154.933333333349 136 44 1.69424111111111 0.299056111111111
162.933333333355 136 43 1.66552770833333 0.279132083333333
186.933333333374 136 42 1.67254666666667 0.2894375
187.933333333375 135 42 1.67347333333333 0.440703333333333
190.933333333377 134 43 1.68856277777778 0.313395
195.933333333381 133 44 1.78703466666667 0.278451333333333
197.933333333383 132 44 1.70920583333333 0.257578333333333
199.933333333385 132 43 2.4086125 0.345790833333333
208.933333333392 132 42 1.75636648148148 0.279149259259259
214.933333333397 132 41 1.67966611111111 0.374008888888889
216.933333333398 131 41 1.65103083333333 0.228295
217.933333333399 131 40 1.55812833333333 0.196293333333333
232.933333333411 130 41 1.62459844444445 0.275516222222222
236.933333333414 130 40 1.7739975 0.175552083333333
237.933333333415 130 39 2.4654 0.25002
281.350000000073 129 40 1.70904483685221 0.118185950095969
283.383333333404 129 39 1.74666065573771 0.274863114754098
285.416666666736 129 38 1.77009590163934 0.316412295081967
292.533333333396 128 39 1.69137423887588 0.252585714285714
293.550000000062 126 40 1.66036557377049 0.197372131147541
294.566666666727 126 39 1.64167049180328 0.110531147540984
295.583333333393 125 40 1.63264918032787 0.137831147540984
296.600000000059 124 41 1.52652295081967 0.0416049180327869
313.883333333377 123 41 1.60126460945034 0.137498457087753
337.266666666689 123 40 1.54477027797577 0.145274483250178
343.366666666683 122 41 1.73916420765027 0.108330601092896
350.483333333343 122 40 1.83039086651054 0.127383606557377
351.500000000009 122 39 1.62344590163934 0.091516393442623
372.84999999999 122 38 1.89826955503513 0.118195862607338
376.916666666653 121 39 1.63314631147541 0.109959016393443
385.049999999978 121 38 1.55255860655738 0.0993477459016393
389.116666666641 121 37 1.52001762295082 0.181979098360656
399.283333333299 120 38 1.49310163934426 0.143181475409836
410.466666666622 119 38 1.74941058122206 0.964623248882265
413.516666666619 119 37 1.45856666666667 0.135808743169399
418.599999999948 118 38 1.50631442622951 0.163248524590164
421.649999999945 117 39 1.48833169398907 0.16785956284153
426.733333333274 117 38 1.51188229508197 0.154910819672131
430.799999999937 116 38 1.49805532786885 0.183821721311475
445.033333333257 115 38 1.46314882903981 0.161018735362998
478.583333333227 114 39 1.47505111773472 0.18676870342772
479.599999999892 114 38 1.58819180327869 0.237788524590164
488.749999999884 113 38 1.65512386156648 0.27230364298725
501.966666666539 112 38 1.48330126103405 0.373037831021438
528.399999999848 111 39 1.50778240857503 0.427888965952081
532.466666666511 111 38 1.46650573770492 0.146893442622951
540.599999999837 111 37 1.46797540983607 0.42736762295082
557.883333333155 111 36 1.42313606557377 0.128411957569913
558.89999999982 110 37 1.39791803278689 0.151308196721311
563.983333333149 109 36 1.38550131147541 0.136390163934426
573.133333333141 109 35 1.35924262295082 0.143780692167577
600 109 35 1.47715925925926 0.219722343655131
