# New log 28/04/2014 01:53:43
1 192 64 2.1687 0.431366666666667
4.04999999999999 192 63 1.87811147540984 0.647579234972678
5.06666666666665 190 61 2.10788852459016 0.738901639344262
6.08333333333332 189 62 2.06496393442623 1.08067704918033
7.09999999999998 189 61 1.87351475409836 0.992485245901639
8.09999999999998 188 54 1.991955 0.364911666666667
9.10000000000003 187 53 2.770415 0.622826666666667
10.1000000000001 184 55 3.503515 0.74565
11.1000000000001 183 56 2.28628333333333 0.454418333333333
12.1000000000002 181 55 2.310815 0.528645
13.1000000000002 179 55 3.32070166666667 0.7504
14.1000000000003 178 55 3.626785 0.496998333333333
15.1000000000003 178 54 2.10510666666667 0.448896666666667
16.1000000000004 177 55 2.29316 0.39152
17.116666666667 174 56 4.10875573770492 0.458367213114754
18.1333333333336 174 55 3.08052295081967 0.619629508196721
19.1500000000002 174 54 3.09647540983607 0.566477049180328
20.1666666666668 172 56 1.86395409836066 0.22483606557377
21.1833333333334 171 52 2.73544098360656 0.370175409836066
22.2 169 54 4.60254262295082 0.511450819672131
23.2166666666666 168 53 2.63992950819672 0.786850819672131
24.2333333333332 168 52 2.36351639344262 0.931350819672131
25.2499999999998 167 53 2.63964590163934 0.457159016393443
26.2666666666665 166 54 2.88999672131148 0.824795081967213
28.2999999999997 163 57 2.83338770491803 0.46451393442623
29.3166666666663 162 56 2.93759344262295 0.423445901639344
30.3333333333329 161 57 2.40539508196721 0.270777049180328
31.3499999999995 160 58 2.2577131147541 0.310601639344262
33.3833333333327 159 59 1.77434426229508 0.391003278688525
35.4166666666659 158 59 1.62549180327869 0.4769
36.4333333333325 158 57 1.87817540983607 2.90205245901639
39.4833333333324 158 56 1.57483879781421 1.07577158469945
40.499999999999 157 56 1.55319016393443 0.488080327868852
41.5166666666656 157 55 1.57694262295082 0.56314262295082
42.5333333333322 157 54 2.4558262295082 0.444798360655738
43.5499999999988 156 53 2.74089344262295 0.628991803278689
44.5666666666654 155 54 1.53755573770492 0.548004918032787
45.583333333332 154 54 1.70055737704918 1.10043606557377
46.5999999999986 152 55 1.54486229508197 0.266055737704918
48.6333333333319 152 54 1.78982786885246 0.342162295081967
50.6666666666651 152 53 1.5350893442623 0.487109836065574
51.6833333333317 150 54 1.41970163934426 0.414795081967213
52.6999999999983 149 52 1.39090983606557 0.36642131147541
53.7166666666649 146 54 1.45032459016393 0.297509836065574
56.7666666666647 145 55 1.5768349726776 0.436950273224044
57.7833333333313 144 56 1.53651967213115 0.462263934426229
58.7999999999979 143 56 1.4924868852459 0.296149180327869
59.8166666666646 143 55 1.49855737704918 0.37026393442623
60.8333333333312 142 56 1.47450327868852 0.306388524590164
62.8666666666644 141 57 1.3662868852459 0.336368852459016
65.9166666666642 140 57 1.45974426229508 0.238651912568306
66.9333333333308 139 58 1.48216885245902 0.217995081967213
67.9499999999974 137 59 1.23901475409836 0.315232786885246
68.966666666664 135 59 2.23467540983607 0.335662295081967
70.9999999999973 134 59 2.48645081967213 0.487926229508197
77.0999999999969 134 58 3.21021967213115 1.30462540983607
85.2333333333298 133 59 1.6798137295082 2.92775348360656
86.2499999999964 133 58 1.08429344262295 1.15062459016393
90.3166666666628 132 58 1.14965491803279 0.672539754098361
91.3333333333294 132 57 1.26254262295082 0.197895081967213
93.3666666666627 131 57 1.16948278688525 0.662476229508197
94.3833333333293 130 57 1.16516885245902 0.559888524590164
95.3999999999959 129 57 1.15109836065574 0.18932131147541
96.4166666666625 129 55 0.923932786885246 0.0762950819672131
99.4666666666623 128 55 1.1594393442623 0.146625136612022
104.549999999995 127 53 1.07603475409836 0.129527213114754
106.583333333329 126 54 0.999892622950819 0.16140737704918
107.599999999995 126 53 1.66752950819672 0.348650819672131
108.616666666662 125 54 2.01490983606557 0.47594262295082
111.666666666662 124 54 1.01937595628415 0.335571584699454
113.699999999995 124 53 0.924579508196721 0.644805737704918
114.716666666661 123 53 0.882618032786885 0.804650819672131
118.783333333328 122 54 1.10785040983607 0.768759836065574
119.799999999994 121 55 0.871675409836066 0.861562295081967
120.816666666661 120 56 1.08219344262295 0.814847540983607
121.833333333328 119 56 1.09903606557377 1.09480327868852
122.849999999994 118 57 0.936345901639344 1.44939344262295
127.933333333327 117 58 1.03021508196721 1.09989442622951
128.933333333328 116 58 0.972028333333334 4.77140166666667
132.933333333331 116 56 0.858300833333333 0.339501666666667
134.933333333333 115 56 0.754405833333334 0.00667166666666667
139.933333333337 114 57 0.852403333333333 0.0415783333333333
142.933333333339 114 56 1.07953888888889 0.117236111111111
145.933333333342 114 55 0.777923333333334 0.0509905555555556
152.933333333347 114 54 0.831460714285715 0.0519483333333333
153.933333333348 114 53 0.790943333333333 0.0423533333333333
156.93333333335 113 53 0.742478333333333 0.0236322222222222
158.933333333352 112 53 0.696314166666667 0.0411675
163.933333333356 112 52 0.715273 0.035651
164.933333333357 111 53 0.907633333333333 0.0784583333333333
168.93333333336 111 52 0.751704166666667 0.03299
170.933333333362 110 53 0.694263333333333 0.003425
175.933333333365 109 54 0.878152666666667 0.012025
176.933333333366 109 53 0.72876 0.046435
177.933333333367 108 54 0.695945 0.00251666666666667
179.933333333369 107 54 0.668935833333333 0.00893833333333333
184.933333333373 106 55 0.699629 0.018168
186.933333333374 106 54 0.690615833333334 0.01137
187.933333333375 105 54 0.683975 0.0323383333333333
190.933333333377 104 55 0.670523333333333 0.0288827777777778
193.93333333338 103 56 1.87989722222222 0.154829444444444
198.933333333384 102 57 1.81597233333334 0.190787
200.933333333385 101 58 1.3837675 0.0799583333333333
202.933333333387 101 57 1.09026916666667 0.0221741666666667
205.933333333389 101 55 1.09337166666667 0.0482477777777778
208.933333333392 100 56 0.635358888888889 0.0147194444444444
211.933333333394 100 55 0.707571666666667 0.0431227777777778
212.933333333395 99 55 0.592776666666667 0.000225
215.933333333397 98 56 0.596885 0.00425555555555556
219.933333333401 98 55 0.593409583333333 0.0166420833333333
223.933333333404 97 56 0.595620416666667 0.0395566666666667
224.933333333404 96 57 0.610548333333333 0.00166833333333333
225.933333333405 95 58 0.589548333333333 0.0543783333333333
240.933333333417 95 57 0.604537222222223 0.0732034444444444
247.933333333423 95 56 0.685067380952382 0.05452
256.950000000095 94 57 0.627349722735675 0.0302731977818854
268.133333333418 94 56 0.595553800298063 0.0126749627421759
269.150000000084 93 57 0.615891803278689 0.00464098360655738
272.200000000081 93 56 0.593092349726776 0.0462857923497268
273.216666666747 92 56 0.558339344262295 0.000872131147540984
278.300000000076 91 57 0.60648393442623 0.0163026229508197
288.466666666733 90 58 0.569022786885246 0.00585868852459016
290.500000000064 90 56 0.622440983606557 0.73966393442623
295.583333333393 90 55 0.582546557377049 0.00799540983606557
297.616666666725 89 56 0.640516393442623 0.0735081967213115
308.800000000048 88 56 0.596627123695977 0.0825424739195231
329.133333333363 88 55 0.835984590163935 0.0988405737704918
341.333333333352 87 55 0.980338797814206 0.074998087431694
354.550000000006 87 54 0.533638209331652 0.0962577553593947
363.699999999998 86 55 0.52454480874317 0.0186418943533698
365.733333333329 85 56 0.521012295081967 0.000539344262295082
381.999999999981 84 57 0.547967213114754 0.0394883196721312
383.016666666647 83 58 0.514522950819672 0.0187081967213115
385.049999999978 82 59 0.734615573770492 0.0542073770491803
391.149999999973 82 58 0.57706393442623 0.0387650273224044
393.183333333304 81 59 0.52634262295082 0.000184426229508197
396.233333333302 80 59 0.735706557377049 0.306867759562842
398.266666666633 79 59 1.8396262295082 0.0970926229508197
416.566666666616 78 60 0.58117431693989 0.00545255009107468
428.766666666605 77 61 0.495827049180328 0.0159897540983607
432.833333333268 76 61 0.495216803278688 0.0514245901639344
441.98333333326 75 61 0.498693078324226 0.0622009107468124
446.049999999923 74 61 0.482243032786885 0.000947950819672131
451.133333333252 73 61 0.475925245901639 0.000383606557377049
453.166666666583 72 61 0.469249180327869 0.00785983606557377
454.183333333249 72 60 0.489242622950819 0.00198688524590164
455.199999999915 71 61 0.439352459016393 0.000236065573770492
456.21666666658 70 62 0.444886885245902 0.000616393442622951
470.449999999901 69 63 0.445468149882904 0.0256814988290398
477.566666666561 69 62 0.682259016393443 0.064596018735363
484.683333333221 68 63 0.848718266978923 0.0127269320843091
489.76666666655 68 62 1.18879475409836 0.0184118032786885
493.833333333213 67 63 0.437589344262295 0.004375
535.516666666508 66 63 0.420966773290683 0.0107868052778888
559.916666666486 66 62 0.594134016393443 0.0355293032786885
568.049999999812 65 62 0.465084631147541 0.0347694672131148
571.099999999809 64 63 0.435424043715847 0.0333775956284153
581.266666666467 63 63 0.565153934426229 0.0687332786885246
584.316666666464 63 62 0.446745355191257 0.0188415300546448
589.399999999793 62 62 0.480405245901639 0.105193442622951
600 62 62 0.427372727272727 0.0283876304023845
