# New log 28/04/2014 02:31:32
1 192 64 2.28472333333333 7.93675666666667
3.03333333333333 191 65 1.47335819672131 0.675946721311475
4.04999999999999 187 67 2.30931475409836 1.15862950819672
5.06666666666665 185 67 2.47989180327869 0.841531147540984
6.08333333333332 185 65 3.17724426229508 2.06175901639344
8.09999999999998 185 64 2.25533305785124 1.56586694214876
9.10000000000003 185 63 1.658045 3.04424
10.1000000000001 183 65 1.57888833333333 4.17267166666667
11.1000000000001 183 64 2.32281333333333 4.50859833333333
12.1000000000002 182 63 1.67284 4.76300333333333
13.1000000000002 181 63 1.92516833333333 4.49155833333333
14.1000000000003 180 63 2.36875333333333 4.767215
15.1000000000003 178 64 2.08796 4.09584166666667
16.1000000000004 177 63 2.42705333333333 4.65325666666667
17.116666666667 177 62 1.65989508196721 3.7538
18.1333333333336 174 63 1.62273770491803 5.34962459016394
19.1500000000002 173 62 1.78829836065574 6.20495737704918
20.1666666666668 173 61 1.70349344262295 6.90246721311475
21.1833333333334 172 61 1.34473442622951 9.45735901639344
23.2166666666666 171 60 1.62897704918033 10.5103614754098
24.2333333333332 169 61 1.63139836065574 9.561
25.2499999999998 168 62 1.3653262295082 11.2145049180328
26.2666666666665 168 60 1.21477213114754 10.5193278688525
27.2833333333331 167 61 1.23148852459016 8.03626721311475
28.2999999999997 165 61 1.41522950819672 9.27286065573771
29.3166666666663 163 63 1.2591737704918 9.37714754098361
32.3666666666661 161 65 1.37924153005465 7.51463224043716
33.3833333333327 161 63 1.25680983606557 9.14103114754098
34.3999999999993 160 63 2.07470819672131 10.3863295081967
35.4166666666659 160 61 1.2748 10.4925885245902
36.4333333333325 159 61 1.46725245901639 12.1528754098361
38.4666666666658 158 62 1.41797540983607 11.9223131147541
39.4833333333324 158 61 1.46208360655738 11.9339639344262
41.5166666666656 157 62 2.17962459016393 12.2847262295082
42.5333333333322 155 62 2.00150163934426 11.623237704918
44.5666666666654 154 63 1.85722868852459 11.5115008196721
45.583333333332 153 64 1.24332950819672 11.047268852459
46.5999999999986 152 64 1.25243606557377 11.1362557377049
47.6166666666652 151 65 1.2116606557377 10.7312557377049
50.6666666666651 150 66 1.61267158469945 7.51572568306011
52.6999999999983 150 65 1.25085573770492 3.80531557377049
54.7333333333315 150 64 1.21427459016393 3.84963114754098
55.7499999999981 150 63 2.18105245901639 3.2458262295082
56.7666666666647 148 63 1.93927540983607 3.39842131147541
57.7833333333313 146 65 1.09208852459016 2.4176262295082
59.8166666666646 146 63 1.24516721311475 2.52629590163934
60.8333333333312 146 60 1.0585393442623 3.26706065573771
62.8666666666644 145 61 1.08371885245902 5.12990819672131
63.883333333331 144 61 1.11480983606557 5.95209508196721
66.9333333333308 143 62 1.1663218579235 4.72509617486339
67.9499999999974 142 63 1.34671803278689 2.06673606557377
68.966666666664 141 63 1.41055737704918 2.99690327868852
70.9999999999973 141 62 1.48172950819672 3.37208442622951
73.0333333333305 139 63 1.13196147540984 2.11845
75.0666666666637 138 64 1.26110491803279 0.272320491803279
76.0833333333303 137 64 1.28063442622951 0.154677049180328
77.0999999999969 136 65 1.17816393442623 0.294837704918033
78.1166666666635 135 66 1.02387540983607 0.201377049180328
79.1333333333301 134 67 0.978295081967213 0.117703278688525
80.1499999999967 132 67 0.981047540983606 0.151031147540984
85.2333333333298 132 65 1.18729049180328 0.829058032786885
86.2499999999964 132 64 1.29338032786885 2.31989344262295
88.2833333333296 131 64 0.987713934426229 2.0559606557377
89.2999999999962 130 64 0.993544262295082 2.59255081967213
91.3333333333294 130 63 1.23321557377049 2.75833852459016
94.3833333333293 129 64 1.07768032786885 4.47535573770492
99.4666666666623 129 63 1.23055639344262 4.41480918032787
103.533333333329 128 63 1.1211762295082 3.98747745901639
105.566666666662 127 63 1.03140491803279 3.98357950819672
106.583333333329 126 64 1.00742131147541 3.17173442622951
107.599999999995 125 65 1.04199180327869 2.93787213114754
108.616666666662 124 66 1.00223606557377 3.41918196721311
110.649999999995 121 67 1.27400983606557 4.20297049180328
111.666666666662 120 67 0.905639344262295 3.13276393442623
112.683333333328 118 69 1.73579672131148 3.09027049180328
113.699999999995 117 70 1.25272459016393 3.06070983606557
114.716666666661 117 69 0.879554098360656 3.08270491803279
115.733333333328 116 70 0.898354098360656 2.9921737704918
118.783333333328 114 70 1.11253606557377 3.05035956284153
119.799999999994 114 69 0.871354098360655 2.49094262295082
120.816666666661 113 70 1.01036393442623 2.63733278688525
121.833333333328 112 71 0.929254098360656 2.6525393442623
123.866666666661 111 71 0.952623770491804 3.04129918032787
125.899999999994 110 72 0.874973770491804 2.96043606557377
126.916666666661 109 73 0.861662295081968 3.08441147540984
128.933333333328 108 73 1.17015041322314 3.10239504132231
129.933333333329 107 74 0.86903 2.93781333333333
135.933333333334 106 75 0.873658333333333 2.95425555555556
136.933333333334 106 74 0.850991666666667 2.97699833333333
137.933333333335 106 73 0.898085 3.047495
139.933333333337 105 74 0.9856425 3.92972083333333
143.93333333334 105 73 0.849076666666667 4.97384916666667
144.933333333341 105 72 0.828748333333333 6.62049666666667
145.933333333342 104 73 0.806836666666667 4.77170833333333
155.93333333335 104 72 0.911699833333334 4.14467316666667
156.93333333335 103 73 0.897018333333333 2.35255666666667
158.933333333352 102 74 0.939745833333334 2.5887875
159.933333333353 101 74 0.79189 3.05012666666667
161.933333333354 101 73 0.8184375 2.82396583333333
172.933333333363 101 72 0.785652878787879 2.48591363636364
173.933333333364 100 73 0.802088333333334 2.47890666666667
175.933333333365 99 74 0.812555 1.9553675
176.933333333366 98 75 0.768748333333333 0.138605
179.933333333369 96 75 0.881354444444445 0.785228333333333
180.933333333369 95 75 0.702218333333333 1.05441333333333
181.93333333337 94 76 0.693283333333333 1.043075
182.933333333371 93 77 0.670276666666667 0.978025
183.933333333372 92 77 0.68226 0.73364
184.933333333373 91 78 0.693936666666667 0.957385
186.933333333374 89 79 0.68121 0.9188775
190.933333333377 88 80 0.684530833333334 1.01423541666667
192.933333333379 86 82 0.695986666666667 0.851994166666667
194.933333333381 85 82 0.6523775 0.9135525
199.933333333385 84 83 0.634951 0.271943333333333
200.933333333385 83 84 0.60683 0.237138333333333
201.933333333386 82 85 0.621921666666667 0.168571666666667
205.933333333389 82 84 0.642495416666667 0.193402916666667
206.93333333339 81 84 0.596823333333333 0.159706666666667
212.933333333395 80 85 0.602719444444444 0.184809722222222
217.933333333399 80 84 0.561926 0.183345333333333
235.933333333413 80 83 0.587023055555555 1.08122768518519
249.933333333424 79 83 0.591700238095239 0.83528380952381
255.933333333429 79 81 0.541207777777778 0.270620833333333
256.950000000095 77 83 0.525401639344262 0.167485245901639
264.066666666755 76 84 0.548287822014051 1.31547283372365
268.133333333418 75 84 0.788358606557377 4.36707254098361
273.216666666747 74 84 0.627703934426229 3.18171508196721
301.683333333388 73 84 0.561438407494146 1.01743144028103
310.833333333379 72 85 0.502497996357013 0.164617486338798
323.033333333368 71 85 0.507084972677596 0.110224043715847
332.18333333336 70 86 0.517889981785063 0.0105816029143898
344.383333333349 70 85 0.523347950819672 0.0489792349726776
351.500000000009 69 86 0.8682943793911 0.0259227166276347
366.749999999995 68 86 0.505896174863388 0.00754732240437159
379.96666666665 67 86 0.481570744010088 0.0455196721311475
414.533333333285 66 87 0.491777242044359 0.0169061234329797
416.566666666616 65 87 0.433830327868853 0.0200229508196721
425.716666666608 64 88 0.454235154826958 0.189890346083789
439.949999999929 63 89 0.636998477751756 0.0120865339578454
441.98333333326 62 90 0.426254098360656 0.0331532786885246
446.049999999923 61 91 0.410185655737705 0.00701024590163934
447.066666666589 60 92 0.40284262295082 0.00656885245901639
448.083333333254 59 93 0.399037704918033 0.00439344262295082
450.116666666586 58 93 0.399987704918033 0.0147450819672131
464.349999999906 57 94 0.394720491803278 0.00438313817330211
466.383333333238 56 95 0.387060655737705 0.000238524590163934
503.99999999987 55 95 0.382750420912716 0.00273708462560922
527.383333333182 55 94 0.362344547398431 0.00383656450463293
544.6666666665 55 93 0.357257184185149 0.000891899710703954
564.999999999815 55 92 0.360878852459016 0.00171155737704918
568.049999999812 54 92 0.36262131147541 0.0044568306010929
595.499999999787 53 93 0.351659441408622 0.00210686095931998
600 53 93 0.346552786885246 0.000165573770491803
