# New log 28/04/2014 02:33:50
1 192 64 5.93201 2.22174333333333
3.03333333333333 191 65 3.75724590163934 1.26367459016393
4.04999999999999 190 65 4.21319672131147 1.52755245901639
5.06666666666665 189 62 3.73301803278689 1.08849508196721
6.08333333333332 187 60 4.01646721311475 1.08451475409836
7.09999999999998 186 60 5.78400983606557 1.39780983606557
8.09999999999998 184 61 3.873695 1.04589333333333
9.10000000000003 184 59 4.93186 1.33913166666667
10.1000000000001 184 58 3.97409166666667 0.483598333333333
11.1000000000001 182 58 3.94289666666667 0.768803333333333
12.1000000000002 181 54 3.98057333333333 0.618026666666667
13.1000000000002 181 53 4.16892666666667 0.553955
14.1000000000003 181 52 4.75628666666667 1.090745
15.1000000000003 179 54 3.73452666666667 0.607341666666667
16.1000000000004 179 53 4.06748833333333 0.993611666666667
17.116666666667 176 54 4.09046557377049 0.71654262295082
18.1333333333336 175 54 4.96133770491803 1.06070491803279
20.1666666666668 175 52 5.48866229508197 1.0486606557377
21.1833333333334 173 53 4.47355245901639 0.424180327868852
22.2 173 51 3.72670819672131 0.680654098360656
23.2166666666666 172 50 3.59555245901639 0.37482131147541
24.2333333333332 172 49 4.29568524590164 0.425898360655738
25.2499999999998 170 48 4.97168360655738 0.474008196721312
26.2666666666665 170 46 5.08124262295082 0.48654262295082
29.3166666666663 169 47 4.09751967213115 0.419635519125683
30.3333333333329 168 47 3.93283114754098 0.535911475409836
31.3499999999995 168 46 4.63895245901639 1.11876557377049
32.3666666666661 168 44 4.82704918032787 1.92291475409836
34.3999999999993 167 45 4.98558114754099 1.76769508196721
35.4166666666659 166 44 3.44064590163935 0.964813114754098
36.4333333333325 165 45 3.13600491803279 0.896908196721312
37.4499999999992 165 44 3.45623114754098 0.942711475409836
38.4666666666658 164 45 3.73517868852459 0.763367213114754
39.4833333333324 164 44 3.53706557377049 1.00844098360656
41.5166666666656 164 43 3.86315901639344 1.23875081967213
42.5333333333322 163 43 4.07803934426229 1.42739508196721
44.5666666666654 163 42 3.0548631147541 1.32849180327869
45.583333333332 162 40 3.07466557377049 1.54973442622951
49.6499999999985 161 41 4.61530491803279 1.73270614754098
52.6999999999983 160 41 5.15209726775956 2.17409234972678
53.7166666666649 159 42 4.58886393442623 2.34225245901639
54.7333333333315 159 41 6.38937213114754 2.63301147540984
56.7666666666647 158 42 5.87163770491804 2.22743278688525
58.7999999999979 157 42 3.42067786885246 1.08783196721311
59.8166666666646 156 42 3.93618524590164 1.51098524590164
60.8333333333312 156 41 4.05817540983607 2.09210327868852
61.8499999999978 155 41 4.53677868852459 1.89097213114754
62.8666666666644 153 42 4.03529672131148 1.5389131147541
64.8999999999976 152 43 3.50240245901639 2.04959016393443
66.9333333333308 151 43 2.99150081967213 2.42895573770492
73.0333333333305 150 44 3.88962868852459 1.88947978142077
74.0499999999971 149 44 2.67259180327869 0.929491803278689
78.1166666666635 148 44 2.75804508196721 0.870972540983607
83.1999999999966 148 43 3.21394590163935 1.19618393442623
86.2499999999964 147 44 2.71666229508197 1.13607704918033
87.266666666663 146 45 2.48895573770492 0.993431147540984
88.2833333333296 146 44 2.53320655737705 1.35817213114754
89.2999999999962 146 43 2.87214098360656 1.88269016393443
94.3833333333293 146 42 2.75673672131148 1.68159770491803
100.483333333329 146 41 2.82749535519126 1.1116912568306
101.499999999996 146 40 2.26535901639344 0.864250819672131
112.683333333328 146 39 2.26266736214605 1.2752651266766
114.716666666661 146 38 2.39914180327869 0.734640163934426
117.766666666661 146 37 2.19223224043716 0.560773224043716
120.816666666661 146 36 2.23287650273224 0.557510928961749
122.849999999994 145 37 2.31875573770492 0.600361475409836
130.93333333333 144 37 2.39899670103093 1.21909628865979
135.933333333334 144 36 2.30311266666667 1.01068633333333
137.933333333335 143 37 2.23518083333333 0.1847275
138.933333333336 143 36 2.3129 0.301963333333333
139.933333333337 143 35 2.377365 0.29741
140.933333333338 143 34 2.40234833333333 0.274748333333333
142.933333333339 142 35 2.34812666666667 0.2864475
145.933333333342 141 35 2.35894111111111 0.299571111111111
155.93333333335 140 35 2.46290633333333 0.361391666666667
157.933333333351 139 36 2.29287833333333 0.365145
160.933333333354 139 35 2.32644055555555 0.229004444444444
165.933333333358 138 36 2.411941 0.344120666666667
169.933333333361 138 35 2.31398125 0.376600416666667
182.933333333371 137 35 2.80149576923077 0.395478461538462
184.933333333373 137 34 2.39589166666667 0.298678333333333
195.933333333381 137 33 3.80110272727273 0.647907121212121
201.933333333386 136 34 3.66808972222222 0.622310277777778
204.933333333389 135 34 2.26477611111111 0.327355555555556
209.933333333393 134 35 2.28924533333333 0.514396666666667
214.933333333397 133 35 2.29115833333333 0.338821
220.933333333401 133 34 2.2484125 0.307715833333333
222.933333333403 133 33 2.23630833333333 0.299628333333333
257.966666666761 132 34 2.42053843958135 0.305929019980971
263.050000000089 132 33 2.00908950819672 0.368992459016393
264.066666666755 131 34 1.97850163934426 0.155914754098361
269.150000000084 130 35 1.9764268852459 0.260431803278689
270.16666666675 129 36 2.01044590163934 0.191931147540984
273.216666666747 127 38 1.9129 0.287559016393443
284.40000000007 126 39 2.4860043219076 0.280197913561848
288.466666666733 125 40 2.85927704918033 0.347612704918033
294.566666666727 124 41 3.13416912568306 0.37705956284153
299.650000000056 124 40 3.22354721311475 0.381700327868853
316.933333333374 124 39 2.8654725168756 0.360519382835101
322.016666666702 123 39 2.8487724590164 0.355496065573771
325.0666666667 122 40 2.81833606557377 0.346926229508197
336.250000000023 122 39 2.91270208643815 0.395289269746647
342.350000000017 121 40 2.86110191256831 0.380363387978142
347.433333333346 120 40 2.87716950819672 0.432856065573771
351.500000000009 119 41 2.86507172131147 0.369199590163934
354.550000000006 119 40 2.90122950819672 0.367825136612022
355.566666666672 117 40 2.79531639344262 0.310054098360656
361.666666666666 117 39 2.83178579234973 0.34054781420765
392.166666666639 117 38 2.60146081967213 0.336356065573771
394.19999999997 116 39 1.80924016393443 0.166859836065574
411.483333333288 115 40 1.77232420443587 0.0970162970106075
420.633333333279 115 39 1.7947043715847 0.108085974499089
432.833333333268 115 38 1.77221571038251 0.103383469945355
455.199999999915 114 38 1.77615603576751 0.148568852459016
456.21666666658 114 37 1.76403278688525 0.0666311475409836
458.249999999912 114 36 1.84364836065574 0.0672737704918033
466.383333333238 114 35 1.78601106557377 0.064771106557377
483.666666666555 114 34 1.6930881388621 0.143182352941176
498.916666666542 114 33 1.63977672131148 0.156058469945355
500.949999999873 114 32 1.64376147540984 0.251168032786885
510.099999999865 114 31 1.65381293260474 0.156123861566485
521.283333333188 113 32 1.6243958271237 0.140850819672131
522.299999999854 112 33 1.60339508196721 0.0692704918032787
523.316666666519 111 33 1.59364918032787 0.341606557377049
545.683333333166 110 34 1.59227324888226 0.123689940387481
575.166666666472 109 35 1.58442481628038 0.139366195590729
587.366666666461 108 36 1.63666803278688 0.127385655737705
600 108 36 1.62940226986129 0.13311500630517
