# New log 28/04/2014 02:36:42
1 192 64 2.32620166666667 0.801243333333333
4.04999999999999 191 65 2.32121912568306 0.695422404371585
5.06666666666665 190 64 2.28094262295082 0.835365573770492
6.08333333333332 190 60 2.76850491803279 0.753393442622951
7.09999999999998 188 58 2.99834426229508 0.946711475409836
8.09999999999998 185 59 2.59434333333333 0.634415
9.10000000000003 184 59 2.68501333333333 0.779258333333333
10.1000000000001 181 59 3.41981333333333 0.431893333333333
11.1000000000001 179 59 3.96692833333333 0.471673333333333
12.1000000000002 177 59 3.644405 0.538218333333333
13.1000000000002 176 57 5.58872833333333 0.788345
14.1000000000003 175 56 2.70572333333333 1.26337
15.1000000000003 174 57 2.39945333333333 1.53885166666667
16.1000000000004 172 59 1.98462 0.679823333333333
17.116666666667 171 58 2.03784098360656 0.38802131147541
18.1333333333336 169 59 2.42193278688525 0.612373770491803
19.1500000000002 166 59 2.26584262295082 0.345449180327869
20.1666666666668 165 59 2.3428868852459 0.451675409836066
21.1833333333334 164 59 2.04471967213115 0.450968852459016
22.2 163 58 2.30545573770492 0.351418032786885
23.2166666666666 161 59 2.06593606557377 0.429508196721312
24.2333333333332 160 58 2.20837540983607 0.428231147540984
25.2499999999998 157 59 2.40709836065574 0.346232786885246
27.2833333333331 157 58 3.15245983606557 0.566815573770492
29.3166666666663 155 59 2.99068852459016 0.967780327868852
30.3333333333329 153 57 6.55237213114754 0.91946393442623
31.3499999999995 153 55 6.90556557377049 1.67414590163934
32.3666666666661 151 55 2.63470983606558 0.276118032786885
33.3833333333327 150 56 3.12776229508197 0.428531147540984
35.4166666666659 149 57 2.71684180327869 0.400088524590164
36.4333333333325 148 56 3.26367704918033 0.68986393442623
38.4666666666658 147 56 3.25630901639344 1.94237131147541
39.4833333333324 144 58 4.10355245901639 0.991390163934426
40.499999999999 143 57 4.06218360655738 0.701144262295082
41.5166666666656 141 58 3.76841967213115 0.701203278688525
42.5333333333322 140 57 3.77477213114754 0.553254098360656
43.5499999999988 139 57 4.68323770491804 1.21819836065574
44.5666666666654 138 58 4.28405901639344 1.10869344262295
46.5999999999986 136 59 2.83160573770492 0.606347540983607
47.6166666666652 134 60 2.59754098360656 0.605488524590164
48.6333333333319 132 62 3.64127213114754 0.904780327868852
50.6666666666651 130 62 3.5635631147541 0.81975
51.6833333333317 128 62 2.9435393442623 0.682183606557377
52.6999999999983 126 62 3.09826393442623 0.775649180327869
55.7499999999981 125 62 2.23403005464481 0.678331693989071
57.7833333333313 124 62 1.66863770491803 0.465745081967213
59.8166666666646 124 61 1.46885901639344 0.291417213114754
60.8333333333312 122 62 2.36400327868852 0.580460655737705
62.8666666666644 121 62 2.96170901639344 0.577716393442623
64.8999999999976 120 61 2.92921557377049 0.610724590163935
65.9166666666642 119 62 2.63384426229508 0.655154098360656
67.9499999999974 118 62 1.60347295081967 0.265622950819672
68.966666666664 117 62 1.09674262295082 0.369681967213115
69.9833333333306 116 63 3.12886721311475 0.609237704918033
72.0166666666639 115 64 2.75584672131148 0.580868852459016
73.0333333333305 115 63 2.84246885245902 0.621795081967213
75.0666666666637 113 64 2.53313524590164 0.745691803278689
76.0833333333303 112 65 1.43248032786885 0.481403278688525
77.0999999999969 112 64 1.48033442622951 0.557047540983607
81.1666666666633 111 65 1.49411024590164 0.392
82.18333333333 111 64 1.14292131147541 0.187181967213115
83.1999999999966 111 63 1.08211475409836 0.210413114754098
84.2166666666632 111 62 1.2741 0.592472131147541
85.2333333333298 109 63 1.19274754098361 0.795891803278689
86.2499999999964 108 64 1.05084918032787 0.603524590163935
87.266666666663 108 63 1.15185245901639 0.594760655737705
90.3166666666628 108 62 0.988172131147541 0.599895628415301
91.3333333333294 107 63 0.920080327868853 0.542180327868853
95.3999999999959 106 63 0.959190573770492 0.453486475409836
100.483333333329 105 64 1.08355114754098 0.49070393442623
103.533333333329 104 65 0.909087431693989 0.130825136612022
122.849999999994 103 66 0.937492407247627 0.390413459879206
124.883333333328 102 66 1.90018770491803 0.238846721311475
125.899999999994 101 67 0.956870491803279 0.0935426229508197
129.933333333329 100 67 0.978397520661157 0.0803706611570248
133.933333333332 99 68 0.865163333333333 0.249720416666667
134.933333333333 98 69 0.890525 0.142991666666667
138.933333333336 98 68 0.916465416666667 0.168947916666667
139.933333333337 98 67 2.845515 0.343413333333333
141.933333333338 98 66 1.11307583333333 0.33166
142.933333333339 96 68 0.862491666666667 0.17286
145.933333333342 95 68 0.848738333333333 0.114730555555556
146.933333333342 95 67 0.779445 0.123365
147.933333333343 94 67 0.916165 0.1573
165.933333333358 93 68 2.08948833333333 0.36589787037037
171.933333333362 93 67 0.754034166666666 0.125385
188.933333333376 93 66 0.790460882352941 0.597200196078431
193.93333333338 92 66 0.779455 0.396484666666667
196.933333333382 91 67 0.881692222222222 0.516535555555556
197.933333333383 90 68 0.793006666666667 0.905201666666667
200.933333333385 89 69 0.94804388888889 0.624392777777778
204.933333333389 88 70 0.73724 0.5675175
207.933333333391 88 69 0.740614444444445 0.601753333333333
209.933333333393 87 70 0.710893333333333 0.615986666666667
214.933333333397 87 69 0.664534 0.410821666666667
217.933333333399 87 68 0.666476666666666 0.555472777777778
218.9333333334 86 69 0.667798333333333 0.556241666666667
219.933333333401 85 70 0.606291666666667 0.4839
224.933333333404 85 69 0.632781333333334 0.250612
229.933333333408 84 70 0.648464 0.285986333333333
239.933333333416 83 70 0.639620833333334 0.2258245
245.933333333421 82 70 0.886989722222222 0.448631388888889
247.933333333423 81 70 0.6442275 0.274848333333333
248.933333333424 80 71 0.658466666666667 0.334993333333333
254.933333333428 80 69 0.656430833333333 0.164274722222222
257.966666666761 78 71 0.623596703296704 0.301928021978022
266.100000000087 78 70 0.610375409836065 0.261720081967213
273.216666666747 77 71 0.675043793911008 0.350788758782201
275.250000000078 76 72 0.63115 0.276979508196721
277.28333333341 75 73 0.639327049180328 0.221390983606557
304.733333333385 74 74 0.599081481481481 0.378759927140255
321.000000000037 73 75 0.58136475409836 0.0487773565573771
324.050000000034 73 74 0.589030054644809 0.0313535519125683
326.083333333365 72 75 0.577573770491803 0.0637418032786885
331.166666666694 71 76 0.592239672131147 0.101585901639344
332.18333333336 70 77 0.617050819672131 1.33787049180328
334.216666666691 69 78 0.525837704918033 0.094527868852459
345.400000000015 68 79 0.897840983606557 0.0698149031296572
347.433333333346 67 80 0.894254918032787 0.126820491803279
352.516666666675 66 81 0.702168524590164 0.0548803278688525
356.583333333338 65 82 0.516659426229508 0.027397131147541
371.833333333324 64 83 0.520821092896175 0.14184306010929
392.166666666639 63 84 0.469550901639345 0.0276624590163934
394.19999999997 62 85 0.462343442622951 0.00376803278688525
395.216666666636 62 84 0.439614754098361 0.0467590163934426
396.233333333302 60 84 0.51212131147541 0.1197
419.616666666614 59 84 0.467797220242338 0.0704428367783321
421.649999999945 59 83 0.432993442622951 0.023266393442623
440.966666666594 59 82 0.435231837791199 0.0189761863675582
442.999999999926 58 82 0.429689344262295 0.00333114754098361
458.249999999912 57 83 0.407298251366121 0.00424874316939891
478.583333333227 56 84 0.417726229508196 0.0207372950819672
591.433333333124 55 85 0.395436552946388 0.00352238960271747
600 54 86 0.404360109289617 0.00757176684881603
