# New log 24/04/2014 04:00:27
1 192 64 2.63669666666667
4.04999999999999 190 65 2.31040054644809
5.06666666666665 187 63 2.7940737704918
6.08333333333332 187 59 3.07484262295082
7.09999999999998 187 57 5.77781803278689
8.09999999999998 187 56 7.52343166666667
10.1000000000001 187 54 5.92567583333333
11.1000000000001 186 53 4.32901666666667
12.1000000000002 184 55 4.30722166666667
13.1000000000002 182 52 4.12858
14.1000000000003 180 53 3.64018333333333
15.1000000000003 177 55 4.750535
16.1000000000004 176 54 5.02615333333333
18.1333333333336 175 55 4.8675868852459
19.1500000000002 175 54 4.37617049180328
20.1666666666668 175 53 3.98996065573771
21.1833333333334 173 53 4.85685573770492
22.2 171 55 3.98367704918033
23.2166666666666 170 54 4.12461967213115
24.2333333333332 169 54 3.43269016393443
26.2666666666665 168 55 4.27216885245902
27.2833333333331 167 56 3.66045737704918
28.2999999999997 166 57 3.26808032786885
31.3499999999995 164 57 3.53138907103825
33.3833333333327 163 57 3.31456147540984
34.3999999999993 162 58 3.31744426229508
36.4333333333325 160 59 3.52613770491803
37.4499999999992 160 58 5.75319836065574
38.4666666666658 159 57 3.75151967213115
39.4833333333324 158 58 2.33855409836066
40.499999999999 157 57 1.90093442622951
41.5166666666656 155 58 2.66488032786885
42.5333333333322 154 59 2.43136393442623
44.5666666666654 153 60 3.31709672131147
46.5999999999986 152 61 3.47035409836065
47.6166666666652 151 61 3.83385737704918
48.6333333333319 151 59 4.77690163934426
49.6499999999985 149 60 4.80349180327869
50.6666666666651 148 61 3.53390327868852
51.6833333333317 146 61 2.64828524590164
53.7166666666649 145 59 3.35628770491803
58.7999999999979 144 60 2.85487081967213
61.8499999999978 144 59 2.65826721311475
62.8666666666644 144 58 2.85202295081967
64.8999999999976 143 59 2.99242049180328
68.966666666664 142 59 4.31857540983606
69.9833333333306 141 59 4.50929344262295
72.0166666666639 141 58 4.94399016393442
73.0333333333305 141 56 3.08424754098361
74.0499999999971 140 57 4.6446
75.0666666666637 139 57 4.05953278688525
77.0999999999969 138 58 5.89403196721311
78.1166666666635 137 58 5.24711967213115
79.1333333333301 136 59 5.44705081967213
80.1499999999967 135 60 3.93782459016394
81.1666666666633 134 60 3.73719508196721
82.18333333333 134 59 4.03328196721312
83.1999999999966 133 60 4.48557704918033
84.2166666666632 132 59 4.4511737704918
86.2499999999964 130 61 3.05851885245902
88.2833333333296 128 61 3.03462295081967
89.2999999999962 127 61 2.30957540983607
90.3166666666628 127 59 2.42979016393443
92.349999999996 126 60 2.54584344262295
96.4166666666625 126 59 2.43898770491803
97.4333333333291 126 58 2.80625409836066
110.649999999995 125 59 3.80296406052964
113.699999999995 124 59 2.91210601092896
114.716666666661 124 58 2.67600655737705
128.933333333328 123 59 2.59469788980071
134.933333333333 122 60 3.2126275
138.933333333336 121 60 2.96745291666667
139.933333333337 119 62 2.66439833333334
143.93333333334 119 61 2.44104541666667
145.933333333342 118 62 1.98157166666667
147.933333333343 116 63 1.90612666666667
152.933333333347 115 64 2.36137133333333
159.933333333353 114 65 2.26437261904762
162.933333333355 113 66 1.22852833333333
164.933333333357 112 67 1.7585425
165.933333333358 112 66 0.876495
168.93333333336 112 65 1.08330888888889
169.933333333361 111 64 1.21512666666667
177.933333333367 110 65 1.09995270833333
179.933333333369 109 66 0.8532575
180.933333333369 108 67 0.993511666666667
183.933333333372 108 66 0.930145555555555
192.933333333379 107 67 0.868199074074074
199.933333333385 106 67 0.931810714285715
201.933333333386 106 65 0.932104166666667
203.933333333388 106 64 0.8718125
204.933333333389 105 64 0.92047
209.933333333393 104 65 1.007206
211.933333333394 103 66 0.87637
215.933333333397 102 67 0.974437083333333
216.933333333398 101 68 0.740956666666667
217.933333333399 100 67 1.013335
223.933333333404 99 68 0.992662222222222
228.933333333408 99 67 1.051149
244.93333333342 98 67 1.16294645833333
249.933333333424 97 67 0.8577
263.050000000089 97 66 0.755773951715376
290.500000000064 96 66 0.870574984820885
301.683333333388 96 65 0.754026825633383
327.100000000031 95 65 0.721348459016392
329.133333333363 95 64 0.653609016393442
342.350000000017 94 65 0.693056494325346
357.600000000003 93 66 0.621831256830601
367.766666666661 93 65 0.660192786885246
379.96666666665 93 64 0.665237978142077
413.516666666619 92 65 0.6296391455539
448.083333333254 92 64 0.643819045323047
471.466666666567 91 65 0.584119387027797
482.64999999989 90 66 0.654484500745157
490.783333333216 90 65 0.652476229508196
492.816666666547 89 66 0.593943442622951
530.43333333318 89 65 0.618058130261408
541.616666666503 88 65 0.60329478390462
557.883333333155 87 66 0.611277049180328
562.966666666483 86 67 0.748179672131148
570.083333333144 86 66 0.603846135831382
585.33333333313 85 67 0.584239890710383
600 85 67 0.748697267759563
