# New log 24/04/2014 03:46:25
1 192 64 2.44785166666667
4.04999999999999 191 65 2.10930054644809
5.06666666666665 190 60 2.60489016393443
6.08333333333332 189 57 2.59911147540984
7.09999999999998 188 53 2.16884426229508
8.09999999999998 187 52 2.18552
9.10000000000003 186 53 2.82335666666667
10.1000000000001 186 51 2.73422666666667
11.1000000000001 186 50 2.978725
12.1000000000002 184 51 3.24538833333333
14.1000000000003 183 52 3.92564083333333
15.1000000000003 182 52 3.14972
16.1000000000004 181 51 3.738305
17.116666666667 179 52 4.47736229508197
18.1333333333336 178 52 3.2898
19.1500000000002 176 52 3.11769016393443
20.1666666666668 176 51 2.74011967213115
21.1833333333334 174 51 2.40530983606557
22.2 173 51 2.96970491803279
23.2166666666666 171 52 2.32281803278689
26.2666666666665 171 50 3.61912677595629
27.2833333333331 170 50 3.51193442622951
28.2999999999997 168 51 3.0557868852459
29.3166666666663 167 52 3.29887868852459
31.3499999999995 164 54 4.66394672131147
32.3666666666661 164 53 3.29765901639344
33.3833333333327 164 52 4.20550983606558
37.4499999999992 162 52 4.73965368852459
39.4833333333324 161 52 3.81014344262295
40.499999999999 160 53 3.60305901639344
41.5166666666656 159 53 4.04619180327869
42.5333333333322 157 53 4.34671639344262
43.5499999999988 156 54 4.0969
44.5666666666654 154 55 3.34842786885246
45.583333333332 153 55 2.27627868852459
50.6666666666651 152 54 4.8433006557377
51.6833333333317 151 55 2.08115081967213
52.6999999999983 150 53 1.94126885245902
53.7166666666649 149 54 2.02642295081967
54.7333333333315 148 55 6.52555081967213
56.7666666666647 146 55 2.04705409836066
58.7999999999979 145 54 1.91864836065574
59.8166666666646 144 54 1.86074098360656
60.8333333333312 144 53 1.89265081967213
61.8499999999978 143 54 2.16540655737705
62.8666666666644 143 53 2.44469344262295
66.9333333333308 142 54 2.88355081967213
67.9499999999974 141 54 2.87560327868853
70.9999999999973 140 54 3.42425901639344
75.0666666666637 138 56 2.52146434426229
78.1166666666635 137 57 1.65503442622951
79.1333333333301 136 57 1.63795409836066
80.1499999999967 136 56 1.76704262295082
87.266666666663 136 55 2.08183583138173
89.2999999999962 136 54 2.06024016393443
90.3166666666628 135 55 3.6245131147541
93.3666666666627 134 56 3.05115792349727
95.3999999999959 134 55 2.8770762295082
98.4499999999957 133 56 2.29192349726776
101.499999999996 132 56 2.29657213114754
110.649999999995 131 56 2.79277686703097
111.666666666662 130 56 3.31397049180328
113.699999999995 130 55 2.82862950819672
117.766666666661 129 53 2.10136352459016
118.783333333328 128 53 1.77475081967213
120.816666666661 127 53 1.76955409836066
121.833333333328 126 53 1.65688524590164
123.866666666661 124 55 1.47569590163934
124.883333333328 122 57 3.09742786885246
130.93333333333 122 56 1.91501790633609
135.933333333334 120 57 1.803349
136.933333333334 120 56 2.493585
139.933333333337 119 57 2.48997111111111
141.933333333338 119 56 1.55086916666667
145.933333333342 119 55 1.87711583333333
147.933333333343 118 56 1.31417583333333
162.933333333355 118 55 1.69828833333333
164.933333333357 117 55 1.3571925
166.933333333358 117 54 2.05063083333333
169.933333333361 116 55 1.92255111111111
170.933333333362 116 54 3.19502333333333
174.933333333365 115 53 1.95547833333333
175.933333333365 114 54 1.07278166666667
180.933333333369 114 53 1.561825
188.933333333376 113 53 1.297076875
193.93333333338 112 53 1.39022366666667
198.933333333384 111 53 1.26013633333333
199.933333333385 110 54 2.33705666666667
200.933333333385 109 54 1.131725
203.933333333388 108 55 0.976713333333334
205.933333333389 107 56 1.27717833333333
209.933333333393 106 56 1.69838875
211.933333333394 106 54 1.3572075
217.933333333399 106 53 2.21328027777778
219.933333333401 104 55 2.2684225
233.933333333412 103 56 1.99169761904762
239.933333333416 101 57 1.40403944444445
245.933333333421 100 58 1.97403472222222
247.933333333423 99 59 1.22098416666667
248.933333333424 98 60 0.927991666666667
253.933333333428 97 60 1.391269
255.933333333429 96 61 1.6347225
260.000000000092 95 62 1.18549385245902
262.033333333424 94 63 1.73399016393443
271.183333333415 93 63 1.15442823315118
280.333333333407 93 62 1.21831183970856
281.350000000073 92 62 1.19288032786885
283.383333333404 92 61 1.24348278688525
290.500000000064 91 62 1.00687283372365
292.533333333396 90 62 1.19185901639344
293.550000000062 89 63 1.19608360655738
294.566666666727 89 62 1.29982459016393
296.600000000059 88 62 0.920101639344263
303.716666666719 88 61 1.0381887587822
307.783333333382 88 60 1.22015286885246
318.966666666705 87 61 1.05961877794337
324.050000000034 87 60 1.12333147540984
325.0666666667 87 59 1.00806229508197
327.100000000031 86 60 1.45374918032787
337.266666666689 85 61 1.20044213114754
340.316666666686 85 60 1.43735792349727
341.333333333352 84 60 1.85885409836066
359.633333333335 83 60 1.05388752276867
373.866666666655 83 59 0.985385831381733
387.08333333331 81 61 1.4387316519546
391.149999999973 81 60 0.883753278688524
397.249999999967 80 60 0.813710928961749
410.466666666622 79 60 0.849892433795712
417.583333333282 78 61 0.839247775175644
429.783333333271 77 62 0.646575546448087
452.149999999917 76 63 0.830115871833084
460.283333333243 75 64 0.962631557377049
466.383333333238 75 63 0.830500546448087
467.399999999904 74 63 0.772004918032787
481.633333333224 73 64 0.744730562060892
483.666666666555 72 65 0.596179508196721
489.76666666655 71 66 1.08411120218579
501.966666666539 70 67 0.69059043715847
514.166666666528 69 67 0.699690573770492
527.383333333182 69 66 0.612969230769231
549.749999999829 68 66 0.617998286140089
584.316666666464 68 65 0.678242044358728
600 68 65 0.718570491803279
