# New log 23/04/2014 23:43:54
1 192 64 6.29386833333333
5.06666666666665 192 62 4.69294631147541
6.08333333333332 191 55 5.48704098360656
7.09999999999998 189 54 5.92727704918033
8.09999999999998 187 53 4.64167333333333
9.10000000000003 186 53 4.86478333333334
10.1000000000001 186 52 5.15592666666667
11.1000000000001 184 52 5.10389833333333
13.1000000000002 183 51 6.21172833333334
14.1000000000003 183 50 6.13952833333333
15.1000000000003 182 50 7.396705
16.1000000000004 179 51 7.26656833333333
18.1333333333336 178 51 11.8218278688525
20.1666666666668 177 51 11.3399860655738
21.1833333333334 176 52 10.8298590163934
22.2 175 52 11.3299393442623
23.2166666666666 175 51 10.7859295081967
24.2333333333332 175 50 9.91293934426229
25.2499999999998 174 51 8.05744754098361
26.2666666666665 173 49 9.0089868852459
27.2833333333331 171 50 8.26855901639344
28.2999999999997 170 51 5.72305081967213
29.3166666666663 169 52 4.96792131147541
30.3333333333329 168 52 6.6257
31.3499999999995 167 51 6.06544262295082
32.3666666666661 165 52 6.5670393442623
33.3833333333327 164 52 4.50207049180328
34.3999999999993 163 52 4.99573606557377
35.4166666666659 162 51 5.93854590163934
36.4333333333325 160 52 7.3836475409836
37.4499999999992 159 52 5.75144262295082
38.4666666666658 159 49 6.54409016393443
39.4833333333324 158 50 7.45664426229508
40.499999999999 156 51 6.54603442622951
42.5333333333322 155 52 7.40514918032787
44.5666666666654 154 52 7.04218934426229
45.583333333332 153 53 5.31373278688524
49.6499999999985 152 53 5.79271557377049
53.7166666666649 152 52 5.28494057377049
55.7499999999981 151 53 6.01205163934426
57.7833333333313 150 53 3.48991885245902
58.7999999999979 150 52 3.73924098360656
59.8166666666646 149 53 3.92371147540984
63.883333333331 149 52 3.80656639344262
65.9166666666642 148 53 5.12781557377049
66.9333333333308 148 52 6.22239836065574
67.9499999999974 146 53 5.96434426229508
68.966666666664 145 52 6.0500868852459
70.9999999999973 144 53 6.09878852459017
72.0166666666639 142 53 5.87802786885246
73.0333333333305 141 53 4.35104590163934
75.0666666666637 140 54 4.27225819672131
76.0833333333303 139 53 4.76081967213115
79.1333333333301 139 52 5.63909016393443
87.266666666663 139 51 5.50835819672131
89.2999999999962 139 49 6.37115163934426
90.3166666666628 137 49 6.24448852459016
95.3999999999959 136 50 5.56964721311476
99.4666666666623 135 51 5.26261147540983
101.499999999996 134 52 5.67858196721312
103.533333333329 133 52 3.81681803278689
106.583333333329 133 51 3.57677431693989
109.633333333328 132 52 3.10020491803279
115.733333333328 132 51 3.43820464480874
121.833333333328 131 50 3.54194207650273
122.849999999994 131 49 3.71116065573771
128.933333333328 131 48 3.85287753424658
140.933333333338 131 47 3.40428833333334
151.933333333346 130 48 3.4194496969697
172.933333333363 130 46 3.35459674603175
174.933333333365 129 47 3.67575833333333
183.933333333372 128 48 3.20231722222222
184.933333333373 127 49 3.19152
188.933333333376 126 50 3.32930166666667
189.933333333377 125 50 3.30967833333333
198.933333333384 124 51 4.02400185185185
199.933333333385 123 52 2.84081833333333
200.933333333385 123 51 3.09025333333333
201.933333333386 122 51 2.90601166666667
215.933333333397 122 50 3.16584547619047
220.933333333401 122 49 3.140806
232.933333333411 121 49 3.39191430555555
250.933333333425 120 50 3.35735694444445
252.933333333427 119 51 3.29185333333333
253.933333333428 118 52 2.81109833333333
262.033333333424 117 52 3.01335555555556
263.050000000089 116 53 3.41993114754098
265.083333333421 115 53 2.99115327868853
267.116666666752 114 54 3.03583196721311
275.250000000078 114 52 2.82773258196721
278.300000000076 113 52 2.57065683060109
285.416666666736 113 51 2.66628103044496
287.450000000067 112 52 2.66885327868852
288.466666666733 111 53 3.25317540983607
295.583333333393 110 54 2.59937798594848
301.683333333388 109 55 2.55588306010929
307.783333333382 108 56 2.48356967213115
314.900000000042 108 55 2.56717096018735
319.983333333371 107 55 2.29672754098361
322.016666666702 106 56 2.40676557377049
328.116666666697 106 55 2.39867540983607
332.18333333336 106 54 2.36871639344262
334.216666666691 106 53 2.54849262295082
335.233333333357 105 54 2.18594590163934
344.383333333349 104 54 2.87364571948998
354.550000000006 103 54 2.37788213114754
376.916666666653 102 54 2.3761868852459
380.983333333316 101 55 2.36203360655738
381.999999999981 101 54 2.10386065573771
384.033333333313 100 54 2.14414836065574
406.399999999959 100 53 2.51008345752608
422.666666666611 100 52 2.62394733606557
423.683333333277 100 51 2.88954918032787
425.716666666608 99 51 2.47025163934426
432.833333333268 99 50 2.42054800936768
439.949999999929 98 51 2.56166135831382
440.966666666594 98 49 2.14036557377049
471.466666666567 97 50 2.37831071038252
481.633333333224 96 51 2.39175327868852
488.749999999884 95 51 2.58317634660422
497.899999999876 94 52 2.48387595628415
499.933333333207 93 52 2.04336721311476
501.966666666539 92 53 2.54991557377049
585.33333333313 91 54 2.5770649740104
593.466666666456 90 55 2.39047766393443
600 90 55 2.77062599531616
