# New log 25/04/2014 11:03:35
1 192 64 2.50932166666667 0.879138333333333
4.04999999999999 190 64 2.2163825136612 1.00934972677596
5.06666666666665 189 64 2.06359016393443 0.53664262295082
6.08333333333332 187 60 3.33081967213115 0.953988524590164
7.09999999999998 187 57 2.94541475409836 1.87939016393443
8.09999999999998 187 55 2.10501166666667 0.928553333333333
9.10000000000003 187 53 3.69466833333333 1.17502333333333
10.1000000000001 185 54 3.84574833333333 1.46684333333333
11.1000000000001 184 54 3.98540333333333 1.64529
12.1000000000002 182 53 2.73006833333333 1.47339833333333
13.1000000000002 181 54 2.88505333333333 1.44367
14.1000000000003 180 53 5.87486333333333 1.13005166666667
15.1000000000003 180 51 5.04738666666667 0.547015
16.1000000000004 178 53 5.985515 1.09724666666667
17.116666666667 177 53 5.58642295081967 1.20340983606557
19.1500000000002 172 55 6.28731639344263 2.57150491803279
20.1666666666668 170 57 2.70119344262295 0.436611475409836
21.1833333333334 170 56 3.0723131147541 0.684832786885246
22.2 169 56 3.8515737704918 1.63344098360656
23.2166666666666 169 55 4.38217049180328 0.751047540983607
25.2499999999998 168 56 5.55893114754099 0.998830327868853
27.2833333333331 168 55 6.20087459016394 0.688427049180328
28.2999999999997 166 55 5.2026868852459 0.450970491803279
29.3166666666663 166 54 5.57016885245902 0.5646
30.3333333333329 165 52 4.77669672131148 0.25292131147541
31.3499999999995 164 52 4.27731475409836 0.393916393442623
32.3666666666661 163 52 4.63831475409836 0.81047868852459
33.3833333333327 162 53 5.35057704918033 0.678401639344262
34.3999999999993 160 52 6.19109508196721 0.333098360655738
35.4166666666659 159 51 8.41148852459017 0.546822950819672
37.4499999999992 158 51 7.15150409836065 0.739372131147541
38.4666666666658 158 50 7.23202786885246 0.597608196721311
39.4833333333324 157 51 5.6632 0.819303278688525
40.499999999999 157 50 3.95926229508197 0.869440983606557
41.5166666666656 156 49 3.89755573770492 1.55761967213115
43.5499999999988 155 50 4.15489098360656 0.505000819672131
44.5666666666654 154 48 4.70086229508197 0.565759016393443
46.5999999999986 153 49 4.07515901639344 0.785332786885246
47.6166666666652 152 49 4.34325081967213 0.619867213114754
48.6333333333319 152 48 4.32347213114754 0.579614754098361
50.6666666666651 152 47 4.27696557377049 0.868346721311475
51.6833333333317 151 45 3.76890163934426 3.37140819672131
52.6999999999983 150 44 4.13356721311476 2.43295081967213
53.7166666666649 148 45 1.88086557377049 0.549101639344262
54.7333333333315 146 44 2.04228852459016 0.539
55.7499999999981 145 44 1.62656557377049 0.819114754098361
56.7666666666647 144 44 1.33488524590164 0.628929508196721
57.7833333333313 144 43 1.83837213114754 1.29730327868852
58.7999999999979 143 43 2.52130819672131 0.931329508196721
59.8166666666646 140 44 2.62849836065574 0.466452459016393
61.8499999999978 138 45 2.09348606557377 0.334966393442623
62.8666666666644 137 45 1.17535081967213 0.108883606557377
64.8999999999976 137 44 1.30194344262295 0.0888680327868853
65.9166666666642 134 46 1.30174426229508 0.222724590163934
66.9333333333308 133 46 1.61079016393443 0.425277049180328
69.9833333333306 132 47 1.35837868852459 0.303841530054645
70.9999999999973 131 48 1.37094754098361 0.199783606557377
72.0166666666639 130 49 1.15497704918033 0.0916
76.0833333333303 128 51 1.25144672131148 1.78493442622951
77.0999999999969 128 50 1.4757 3.87492950819672
78.1166666666635 127 50 1.45943770491803 4.79341475409836
81.1666666666633 126 51 2.25703442622951 6.46023661202186
84.2166666666632 125 51 2.4452 6.1168262295082
87.266666666663 124 51 2.88466393442623 6.46840491803279
88.2833333333296 124 50 3.33296229508197 7.65218360655738
91.3333333333294 123 50 3.02616229508197 9.99449289617486
95.3999999999959 122 51 2.24053319672131 11.5942536885246
97.4333333333291 122 50 2.02191393442623 1.90419016393443
99.4666666666623 121 50 1.2461868852459 1.9098131147541
101.499999999996 120 51 1.34363852459016 2.03111557377049
105.566666666662 119 51 1.43709016393443 1.75398442622951
107.599999999995 119 50 1.15914918032787 0.820151639344262
110.649999999995 118 50 1.17980382513661 0.439675409836066
113.699999999995 117 51 1.02213551912568 0.173044262295082
114.716666666661 116 52 1.77940327868852 1.13015245901639
118.783333333328 115 53 1.21842213114754 0.621738114754098
119.799999999994 114 54 1.18864426229508 0.600680327868853
123.866666666661 113 55 1.16584426229508 0.31679631147541
125.899999999994 113 52 0.879655737704918 0.0945204918032787
126.916666666661 112 52 0.98755737704918 0.191891803278689
130.93333333333 111 52 1.5207622406639 0.219860165975104
134.933333333333 110 52 3.58116 0.19774125
139.933333333337 109 52 3.49097233333333 0.373445
140.933333333338 108 53 0.770393333333333 0.220298333333333
144.933333333341 107 54 1.28408708333333 0.576601666666667
145.933333333342 107 53 1.971515 0.312498333333333
146.933333333342 106 54 1.23336666666667 0.25127
149.933333333345 105 55 1.07219 0.223775
151.933333333346 104 56 0.821635 0.127126666666667
152.933333333347 102 58 0.87299 0.21693
154.933333333349 101 58 0.854388333333334 0.202276666666667
155.93333333335 100 59 0.812785 0.0642166666666667
174.933333333365 100 58 0.693930701754387 0.131324385964912
177.933333333367 99 57 0.732331111111111 0.201315555555556
180.933333333369 98 57 0.781230555555556 0.113251111111111
183.933333333372 97 58 0.705052222222222 0.107073333333333
188.933333333376 96 59 0.689913333333334 0.148953
189.933333333377 96 58 0.667188333333333 0.25642
191.933333333378 95 59 0.707359166666667 0.1639725
193.93333333338 95 58 0.657069166666666 0.19924
201.933333333386 95 57 0.701165416666667 0.121970625
203.933333333388 94 58 0.634161666666667 0.03694
204.933333333389 93 59 0.623668333333333 0.0337983333333333
205.933333333389 92 59 0.606903333333333 0.0273083333333333
207.933333333391 91 60 0.621376666666667 0.0149908333333333
233.933333333412 90 60 0.577460192307693 0.0152069871794872
234.933333333412 89 61 0.555683333333333 0.01224
238.933333333416 88 61 0.55101625 0.0441616666666667
255.933333333429 88 60 0.533085882352941 0.0128744117647059
260.000000000092 87 61 0.529924590163935 0.0089422131147541
262.033333333424 86 62 0.52887868852459 0.00490737704918033
265.083333333421 85 63 0.529579234972678 0.0284109289617486
268.133333333418 84 63 0.526589071038251 0.00407868852459016
282.366666666739 83 64 0.515398829039812 0.0161192037470726
294.566666666727 82 64 0.52360368852459 0.0242364754098361
297.616666666725 81 64 0.513566120218579 0.0170513661202186
307.783333333382 81 63 0.52246737704918 0.0370624590163934
309.816666666714 80 64 0.476729508196721 0.000798360655737705
312.866666666711 79 65 0.492710382513661 0.00863497267759563
358.616666666669 79 64 0.48168568306011 0.00881956284153006
359.633333333335 78 64 0.469326229508197 0.000137704918032787
376.916666666653 78 63 0.483421022179364 0.0258536162005786
377.933333333318 78 62 0.463777049180328 0.000181967213114754
392.166666666639 77 62 0.491572014051522 0.00142084309133489
397.249999999967 77 61 0.502739344262295 0.00406524590163934
440.966666666594 76 62 0.741504613038505 0.0125990087685856
477.566666666561 75 63 0.511633652094717 0.0305243169398907
500.949999999873 75 62 2.02259529579473 0.152287669280114
502.983333333205 74 63 2.32592049180328 0.182646721311475
532.466666666511 73 64 0.485665630299605 0.0118564725833804
534.499999999843 73 63 0.457104098360656 0.00015
548.733333333163 72 64 0.516152927400469 0.0120640515222482
553.816666666492 71 64 0.470042295081967 0.0412816393442623
562.966666666483 70 65 0.45070072859745 0.0125837887067395
569.066666666478 69 65 0.46493524590164 0.00076448087431694
593.466666666456 69 64 0.449709153005464 0.0122789617486339
600 69 64 0.457776112412178 0.0229908665105386
