# New log 24/04/2014 03:38:57
1 192 64 2.85793166666667
4.04999999999999 188 66 2.06712841530055
5.06666666666665 186 66 5.19676885245902
6.08333333333332 184 63 6.25539836065574
7.09999999999998 183 61 5.3265868852459
8.09999999999998 183 58 6.24995333333333
11.1000000000001 183 57 4.81461888888889
12.1000000000002 182 58 4.39732166666667
14.1000000000003 180 56 5.32910916666667
15.1000000000003 180 54 4.75626
17.116666666667 180 51 7.27145454545454
18.1333333333336 178 51 7.73338360655738
20.1666666666668 178 49 10.4264704918033
22.2 178 47 13.4271557377049
23.2166666666666 177 48 16.3210672131148
24.2333333333332 174 49 11.0964950819672
25.2499999999998 173 49 10.0421983606557
26.2666666666665 172 49 11.2421836065574
27.2833333333331 171 48 10.5998770491803
28.2999999999997 170 49 9.32932950819672
30.3333333333329 169 48 11.2823155737705
32.3666666666661 168 49 11.5229163934426
33.3833333333327 166 49 13.0052475409836
34.3999999999993 166 48 13.4115704918033
35.4166666666659 165 48 12.9686426229508
36.4333333333325 165 47 13.4297
37.4499999999992 164 47 13.3294786885246
38.4666666666658 164 46 13.2646295081967
40.499999999999 163 47 11.4539631147541
41.5166666666656 163 45 10.8814508196721
42.5333333333322 163 43 8.90410819672131
43.5499999999988 162 41 8.75336557377049
44.5666666666654 162 39 9.44466557377049
45.583333333332 162 38 11.6924409836066
46.5999999999986 161 38 10.8923229508197
47.6166666666652 161 37 12.9791655737705
48.6333333333319 160 38 14.9013803278689
50.6666666666651 158 39 16.0912959016393
51.6833333333317 157 38 10.5903540983607
52.6999999999983 156 38 8.43528852459016
54.7333333333315 155 39 9.68999754098361
56.7666666666647 154 40 6.28420737704918
57.7833333333313 153 40 7.81965081967213
59.8166666666646 152 41 3.88785901639344
60.8333333333312 151 42 5.62479016393443
61.8499999999978 150 42 6.18797049180328
67.9499999999974 149 43 5.92142568306011
68.966666666664 148 43 6.11573442622951
69.9833333333306 146 43 8.36920327868853
73.0333333333305 145 42 7.85508743169399
75.0666666666637 143 44 4.6570368852459
76.0833333333303 142 45 5.75536721311475
80.1499999999967 140 46 4.47491024590164
81.1666666666633 139 46 3.97019180327869
86.2499999999964 138 47 3.0049862295082
87.266666666663 136 49 2.80726229508197
92.349999999996 136 48 3.34576655737705
93.3666666666627 135 49 3.12730655737705
96.4166666666625 134 50 2.91348524590164
98.4499999999957 133 51 1.62425327868852
103.533333333329 133 50 1.77824163934426
105.566666666662 132 50 1.63463032786885
106.583333333329 132 49 1.08547213114754
107.599999999995 131 50 1.03708852459016
110.649999999995 129 51 1.72087650273224
116.749999999995 129 50 1.16509453551912
119.799999999994 129 49 1.32161693989071
142.933333333339 128 49 1.81057291066283
146.933333333342 127 50 1.17366666666667
148.933333333344 126 49 1.53088333333333
177.933333333367 125 49 1.35501264367816
180.933333333369 124 49 1.19231111111111
188.933333333376 123 49 1.45891291666667
193.93333333338 123 48 1.36275066666667
202.933333333387 122 48 1.38015240740741
203.933333333388 121 49 1.47098333333333
207.933333333391 121 48 1.24992583333333
210.933333333393 119 49 1.36257444444444
213.933333333396 119 48 1.19730833333333
215.933333333397 118 49 0.8795975
231.93333333341 118 48 1.12405958333333
243.93333333342 117 48 1.09541236111111
244.93333333342 116 48 1.18402333333333
247.933333333423 116 47 1.18388666666667
248.933333333424 115 48 0.837446666666667
250.933333333425 114 48 1.3317725
264.066666666755 113 49 0.958015989847714
269.150000000084 112 50 0.963435737704919
272.200000000081 112 49 1.37762896174863
282.366666666739 112 48 1.02620934426229
286.433333333401 112 47 0.991004508196721
294.566666666727 112 46 1.06336495901639
299.650000000056 111 47 1.04051245901639
309.816666666714 110 48 0.941923278688523
328.116666666697 109 49 0.978167759562842
333.200000000026 108 49 0.906376393442623
349.466666666678 108 48 0.89934036885246
351.500000000009 107 49 0.880653278688525
359.633333333335 106 49 0.861438114754098
399.283333333299 105 50 0.839416687683899
417.583333333282 104 50 0.807345446265939
477.566666666561 103 51 0.808968018894137
497.899999999876 102 52 0.795152540983606
522.299999999854 101 53 0.826368647540983
528.399999999848 101 52 0.812034972677596
541.616666666503 100 53 0.785385876418663
580.249999999801 99 54 0.767758757549612
600 99 54 0.768325409836067
