# New log 24/04/2014 00:03:58
1 192 64 5.683505
4.04999999999999 192 62 4.43331693989071
5.06666666666665 191 61 5.28323114754098
6.08333333333332 191 56 4.82200819672131
7.09999999999998 189 52 4.50217540983606
8.09999999999998 189 51 3.88772166666667
9.10000000000003 188 50 4.415755
11.1000000000001 187 51 6.00613833333333
12.1000000000002 187 49 6.55443833333333
13.1000000000002 186 49 7.07059166666667
14.1000000000003 185 47 7.575695
16.1000000000004 184 48 5.81468583333334
17.116666666667 184 47 7.18977049180328
18.1333333333336 184 46 7.07847377049181
19.1500000000002 184 45 8.36557704918033
21.1833333333334 182 45 8.46831639344262
22.2 180 46 5.55604918032787
23.2166666666666 179 47 5.72460983606557
24.2333333333332 177 49 5.44331147540984
28.2999999999997 176 50 6.39907540983606
30.3333333333329 175 48 5.94095655737705
31.3499999999995 175 47 6.37612131147541
32.3666666666661 175 45 6.43227704918033
33.3833333333327 174 44 5.22897213114754
35.4166666666659 174 43 6.08777540983607
36.4333333333325 174 42 8.49563770491803
39.4833333333324 174 41 7.92987322404371
40.499999999999 173 41 8.51279180327869
41.5166666666656 170 44 8.73207213114754
42.5333333333322 168 46 6.01054262295082
43.5499999999988 167 45 6.28113442622951
44.5666666666654 166 46 6.91964918032787
45.583333333332 165 47 5.11973442622951
46.5999999999986 165 46 4.78889344262295
47.6166666666652 164 45 6.73760327868853
48.6333333333319 162 46 7.53833770491804
50.6666666666651 161 46 9.24508442622951
51.6833333333317 161 44 6.48827377049181
52.6999999999983 159 45 5.79948360655738
53.7166666666649 157 46 5.7632868852459
54.7333333333315 156 46 5.17140655737705
55.7499999999981 153 47 4.98169016393443
56.7666666666647 153 45 6.3718262295082
57.7833333333313 152 44 6.47478032786885
64.8999999999976 151 43 5.81225597189696
65.9166666666642 151 42 6.07078852459016
66.9333333333308 151 41 5.83427213114754
68.966666666664 151 40 5.02124754098361
73.0333333333305 148 43 4.75619221311476
75.0666666666637 148 42 4.63566393442623
77.0999999999969 147 43 4.36076885245902
79.1333333333301 146 44 4.97727786885246
84.2166666666632 145 45 4.7667124590164
86.2499999999964 145 43 4.30326885245902
87.266666666663 143 45 4.49929344262295
88.2833333333296 142 45 4.59293770491803
90.3166666666628 142 44 4.96255163934426
93.3666666666627 141 45 5.16835409836065
95.3999999999959 139 46 4.55839508196721
96.4166666666625 138 45 3.84960327868852
97.4333333333291 138 42 4.65185245901639
100.483333333329 137 42 4.58944043715847
102.516666666662 135 43 3.94473606557377
103.533333333329 135 42 4.05914098360656
104.549999999995 134 43 3.69737049180328
107.599999999995 133 43 4.37677267759562
109.633333333328 132 44 4.14322459016394
110.649999999995 130 45 3.5799606557377
115.733333333328 128 46 3.56024524590164
117.766666666661 127 47 3.65201803278688
118.783333333328 127 45 3.53489344262295
119.799999999994 125 46 4.80011147540984
120.816666666661 124 47 3.77499672131147
123.866666666661 123 48 4.39428907103825
126.916666666661 121 50 4.04007322404371
128.933333333328 120 50 3.8006520661157
129.933333333329 119 50 3.16253166666667
132.933333333331 119 49 3.28131333333333
137.933333333335 119 48 3.70512133333333
141.933333333338 117 49 3.98306333333334
143.93333333334 116 50 3.60480666666667
145.933333333342 114 50 4.345605
150.933333333346 113 50 4.00766566666666
153.933333333348 112 49 4.44466277777778
154.933333333349 112 48 3.62634833333333
156.93333333335 112 47 4.617875
159.933333333353 111 48 3.99999388888889
162.933333333355 111 47 4.52378333333334
165.933333333358 111 46 4.23217555555556
169.933333333361 110 47 4.49672625
170.933333333362 110 46 3.970685
172.933333333363 110 45 4.02254666666667
173.933333333364 109 45 4.11552166666667
183.933333333372 108 46 4.22876133333333
184.933333333373 107 46 3.84489833333333
185.933333333373 106 46 3.01435333333333
186.933333333374 106 45 3.51395166666667
192.933333333379 105 46 3.03944916666667
200.933333333385 104 46 3.21937645833333
203.933333333388 104 45 2.93581333333333
206.93333333339 103 46 2.87127611111111
207.933333333391 102 46 3.71024666666667
209.933333333393 101 46 2.17723416666667
210.933333333393 100 46 2.87708333333333
214.933333333397 99 46 2.96616958333333
217.933333333399 98 47 3.11268333333333
223.933333333404 97 48 2.51606111111111
224.933333333404 96 49 1.79253833333333
227.933333333407 95 50 2.15915
228.933333333408 94 50 1.835495
232.933333333411 93 50 2.4611
247.933333333423 92 51 2.23246188888889
255.933333333429 91 52 2.08749166666667
256.950000000095 90 52 2.15984426229508
260.000000000092 90 51 2.36000327868853
267.116666666752 89 51 2.11492295081967
287.450000000067 89 50 2.11714549180328
324.050000000034 88 51 2.01824089253188
339.30000000002 88 50 1.96439180327869
358.616666666669 87 49 2.02565780845556
366.749999999995 86 50 1.99897991803279
369.799999999992 84 50 1.78905464480874
376.916666666653 83 50 1.7792700234192
377.933333333318 82 51 2.01871967213115
386.066666666644 82 50 1.67339344262295
403.349999999962 81 51 1.80424416586307
406.399999999959 81 50 1.74289617486339
416.566666666616 80 51 1.7997531147541
419.616666666614 80 50 1.90275355191257
420.633333333279 79 50 1.61216721311475
436.899999999931 78 50 1.70146055327869
460.283333333243 77 51 1.70898624376336
473.499999999898 76 52 1.86636027742749
481.633333333224 76 51 1.71080717213115
486.716666666553 75 51 1.69094524590164
487.733333333218 75 50 1.81567213114754
488.749999999884 74 50 1.4999868852459
508.066666666533 73 51 1.68503166522865
512.133333333196 73 50 1.64603319672131
514.166666666528 72 50 1.63524836065574
600 72 50 1.53706630665381
