# New log 25/04/2014 10:27:23
1 192 64 2.258225 0.640238333333333
4.04999999999999 190 66 1.77450382513661 0.630552459016393
5.06666666666665 187 69 2.62127213114754 0.425834426229508
6.08333333333332 184 66 2.20265573770492 0.683950819672131
7.09999999999998 181 64 2.32397049180328 0.457081967213115
9.10000000000003 180 65 2.1099775 0.4724625
10.1000000000001 180 63 2.29099833333333 0.293036666666667
11.1000000000001 179 63 3.52420166666667 0.580895
13.1000000000002 178 62 5.56922833333333 0.84899
16.1000000000004 175 62 4.61190166666666 0.95367
17.116666666667 173 61 7.59694590163935 1.09978196721311
18.1333333333336 171 62 5.91066721311476 0.741670491803279
19.1500000000002 170 63 5.53767049180328 0.910473770491803
20.1666666666668 168 63 5.08083278688525 0.886636065573771
22.2 166 65 4.79285573770492 0.791486065573771
23.2166666666666 165 66 5.67607704918033 0.748975409836066
24.2333333333332 164 66 6.84015573770492 3.15994754098361
25.2499999999998 164 65 6.32083606557377 4.40263114754098
27.2833333333331 163 65 6.34109344262295 4.3117868852459
30.3333333333329 162 66 3.84357322404371 1.69641038251366
31.3499999999995 162 65 3.15733770491803 0.763926229508197
32.3666666666661 160 65 3.06981967213115 0.435118032786885
33.3833333333327 159 65 2.30274754098361 0.365050819672131
34.3999999999993 158 62 2.11559672131148 0.352724590163934
35.4166666666659 156 62 2.49777213114754 0.627093442622951
37.4499999999992 155 62 3.50223360655738 0.635188524590164
38.4666666666658 155 61 3.01595245901639 0.518688524590164
39.4833333333324 153 63 3.0151262295082 0.42125737704918
40.499999999999 153 62 4.31087049180328 0.676881967213115
41.5166666666656 151 63 3.36767704918033 0.609944262295082
42.5333333333322 149 63 3.08152459016393 0.652081967213115
43.5499999999988 148 63 2.80704262295082 0.831337704918033
44.5666666666654 146 62 2.89246885245902 2.48024426229508
45.583333333332 144 63 2.04476557377049 0.991224590163934
48.6333333333319 144 62 3.2554956284153 1.32589453551913
50.6666666666651 143 62 4.83047459016393 1.00320819672131
53.7166666666649 142 62 5.04415846994536 0.929807103825137
54.7333333333315 140 62 3.63113114754098 1.94086229508197
55.7499999999981 140 61 3.48888360655738 1.95157213114754
57.7833333333313 140 59 3.13828278688525 1.79438852459016
58.7999999999979 140 58 3.5688737704918 1.84308196721311
60.8333333333312 139 58 3.75851393442623 1.93635983606557
61.8499999999978 139 57 3.37073114754098 1.81435081967213
62.8666666666644 138 57 3.47645245901639 1.49130327868852
65.9166666666642 137 57 2.75707049180328 1.0022043715847
66.9333333333308 135 57 1.59875901639344 1.0945737704918
69.9833333333306 134 57 1.6050825136612 1.40072021857923
73.0333333333305 134 56 1.39707923497268 1.12267486338798
75.0666666666637 133 56 2.13663606557377 1.65785081967213
76.0833333333303 133 55 2.87144426229508 1.8843262295082
80.1499999999967 133 54 2.8669356557377 2.25520163934426
81.1666666666633 133 53 3.3118262295082 1.96756721311475
82.18333333333 132 54 3.95921803278689 1.75616229508197
84.2166666666632 129 55 2.74826147540983 1.36519180327869
85.2333333333298 128 55 1.8936868852459 1.13541475409836
87.266666666663 127 56 1.84127459016393 1.07688442622951
89.2999999999962 127 55 1.81622786885246 0.99451393442623
90.3166666666628 126 55 2.28390163934426 0.910972131147541
91.3333333333294 125 56 1.8348131147541 1.09522459016393
92.349999999996 124 57 2.24695901639344 1.2694737704918
93.3666666666627 123 58 2.83044262295082 1.4237868852459
94.3833333333293 123 57 3.31739672131148 2.0587
95.3999999999959 122 57 4.60727868852459 2.11436721311475
97.4333333333291 122 56 3.90295491803279 1.91039344262295
98.4499999999957 120 56 4.58964754098361 1.65922950819672
101.499999999996 119 56 4.34486721311475 2.18034153005464
103.533333333329 118 57 3.81890819672131 2.55048770491803
104.549999999995 117 56 2.97154754098361 2.75732459016393
107.599999999995 117 55 2.53918415300546 2.47160273224044
111.666666666662 116 55 1.9561987704918 2.63221639344262
112.683333333328 115 54 2.0936868852459 1.19679508196721
113.699999999995 114 54 2.04696721311475 1.34322950819672
115.733333333328 114 53 1.99101475409836 0.988915573770492
117.766666666661 113 54 1.87153278688525 0.818982786885246
118.783333333328 111 55 1.88030163934426 0.705396721311475
120.816666666661 111 54 1.72902540983607 0.570351639344262
122.849999999994 110 55 1.8848893442623 2.58880081967213
125.899999999994 109 55 1.8722043715847 2.80599453551913
128.933333333328 108 55 1.80004175824176 3.35802967032967
129.933333333329 107 55 2.23455666666667 6.306
130.93333333333 107 54 2.179655 6.375905
132.933333333331 106 55 2.35164916666667 5.5167375
135.933333333334 105 55 2.46380833333333 3.28973555555556
139.933333333337 104 56 2.14203958333333 2.31295958333333
145.933333333342 103 57 2.22140166666667 3.24766166666667
156.93333333335 102 58 1.71118015151515 3.11022242424242
161.933333333354 101 59 1.68009466666667 3.40851433333333
165.933333333358 101 58 2.51660625 4.11599291666667
169.933333333361 100 58 2.48730333333333 3.36097416666667
174.933333333365 99 59 2.369876 2.49826233333333
176.933333333366 98 59 1.62891333333333 1.55978833333333
180.933333333369 97 59 1.70269416666667 1.76439625
182.933333333371 96 60 1.714585 1.76670166666667
184.933333333373 95 61 1.50723666666667 1.10371083333333
185.933333333373 94 62 1.58485 0.977991666666667
187.933333333375 93 63 1.50211916666667 0.448753333333333
188.933333333376 93 62 1.38014833333333 0.156326666666667
189.933333333377 93 61 1.49462 0.182146666666667
192.933333333379 92 62 1.52004166666667 0.217566666666667
194.933333333381 90 63 1.69641583333333 0.195038333333333
196.933333333382 90 62 1.4482275 0.214179166666667
198.933333333384 89 63 1.4452975 0.168613333333333
202.933333333387 88 63 1.54114958333333 0.295013333333333
203.933333333388 86 64 1.48357333333333 0.256098333333333
209.933333333393 84 63 1.55669444444445 0.33908
213.933333333396 83 63 1.41561291666667 0.278345833333333
217.933333333399 82 64 1.39742708333333 0.19003125
224.933333333404 81 64 1.37826619047619 0.162651666666667
227.933333333407 80 65 1.36654111111111 0.175501666666667
233.933333333412 79 66 1.53101194444444 0.210330555555556
236.933333333414 79 65 1.35681833333333 0.191318333333333
238.933333333416 79 64 1.4686475 0.173655833333333
251.933333333426 78 65 1.41432756410256 0.189037948717949
262.033333333424 77 66 1.55445808580858 0.181226567656766
263.050000000089 76 66 2.15078360655738 0.268291803278689
266.100000000087 75 67 2.15405027322404 0.241824043715847
271.183333333415 74 67 2.16098131147541 0.247578360655738
276.266666666744 73 67 2.16901213114754 0.267454426229508
283.383333333404 73 66 2.125962529274 0.250918969555035
290.500000000064 72 67 2.11757330210773 0.256597658079625
291.51666666673 72 66 2.13783606557377 0.233191803278689
316.933333333374 71 67 1.35863331147541 0.167648
317.950000000039 70 68 1.33838196721311 0.164486885245902
318.966666666705 69 68 1.36809836065574 0.17137868852459
321.000000000037 68 69 1.32767868852459 0.182508196721311
330.150000000028 68 68 1.33890710382514 0.167367395264117
332.18333333336 67 68 1.27937459016393 0.105638524590164
368.783333333327 67 67 1.26289817850637 0.131145810564663
383.016666666647 66 67 0.436958548009367 0.0296754098360656
386.066666666644 65 68 0.374816939890711 0.000159016393442623
399.283333333299 64 69 0.536807061790669 0.0482819672131148
408.433333333291 63 70 0.375452641165756 0.00183861566484517
426.733333333274 63 69 0.377775409836066 0.0064908014571949
444.016666666592 62 70 0.40269112825458 0.369461909353905
445.033333333257 61 70 0.381924590163934 0.467004918032787
446.049999999923 60 70 0.373508196721311 0.554591803278689
452.149999999917 59 71 0.362281147540984 0.534104371584699
454.183333333249 59 70 0.358388524590164 0.54297868852459
463.333333333241 58 71 0.359913296903461 0.631678142076503
473.499999999898 57 72 0.370192950819672 0.520575081967213
474.516666666564 56 72 0.351490163934426 0.490918032786885
480.616666666558 55 73 0.461827049180327 0.399725683060109
481.633333333224 54 74 0.344055737704918 0.498060655737705
546.699999999831 54 73 0.398891828893445 0.414539395491803
572.116666666475 54 72 0.369651803278688 0.26721606557377
593.466666666456 54 71 0.450190007806402 0.187923653395785
600 54 71 0.371958782201405 0.583915222482436
