# New log 24/04/2014 00:06:18
1 192 64 6.355825
4.04999999999999 192 63 5.21773606557377
6.08333333333332 190 64 6.07380819672131
7.09999999999998 188 60 5.87349344262295
8.09999999999998 187 59 7.006175
9.10000000000003 186 58 5.89154666666667
10.1000000000001 183 60 5.49304333333333
11.1000000000001 181 62 7.99793333333333
12.1000000000002 180 63 9.51829833333333
13.1000000000002 179 63 8.370955
14.1000000000003 179 61 8.01688333333333
15.1000000000003 179 60 7.10412333333333
16.1000000000004 178 61 9.51242833333334
17.116666666667 177 62 9.39500163934426
18.1333333333336 176 62 8.1115606557377
19.1500000000002 176 61 7.67343442622951
20.1666666666668 175 61 8.15662622950819
21.1833333333334 175 59 7.34823442622951
22.2 172 60 6.92957049180328
24.2333333333332 172 58 7.64607950819672
25.2499999999998 172 57 9.56164426229508
26.2666666666665 169 58 8.13540163934426
27.2833333333331 169 57 10.2374049180328
29.3166666666663 167 59 8.95743606557377
31.3499999999995 166 58 6.51541229508197
32.3666666666661 163 61 5.45087540983607
34.3999999999993 163 60 5.76310163934426
35.4166666666659 163 58 5.56611967213115
36.4333333333325 162 58 6.45905573770492
37.4499999999992 161 58 4.6974262295082
38.4666666666658 161 57 4.38876885245902
40.499999999999 160 57 4.8115106557377
41.5166666666656 159 56 6.6692868852459
42.5333333333322 158 56 9.93082131147541
44.5666666666654 157 57 8.96365655737705
45.583333333332 157 55 8.7448262295082
46.5999999999986 156 55 8.22508524590164
48.6333333333319 156 54 8.30674590163935
49.6499999999985 155 54 7.87676393442623
51.6833333333317 155 52 5.23119918032787
52.6999999999983 154 53 4.09256885245902
53.7166666666649 152 55 4.5666393442623
54.7333333333315 152 54 4.22861147540984
56.7666666666647 152 52 4.16971885245902
58.7999999999979 152 51 4.49504344262295
59.8166666666646 152 50 3.36885573770492
60.8333333333312 151 51 3.46282950819672
65.9166666666642 150 51 4.10827081967213
68.966666666664 149 52 4.25153114754099
70.9999999999973 148 53 4.32940819672131
72.0166666666639 146 54 4.84435081967213
73.0333333333305 143 57 4.96093770491803
75.0666666666637 142 58 4.5016262295082
77.0999999999969 140 58 4.09675163934426
78.1166666666635 139 59 5.08165573770492
79.1333333333301 138 59 8.94048852459017
81.1666666666633 138 58 8.33413278688525
82.18333333333 138 56 8.47597213114754
89.2999999999962 136 56 6.37470702576112
92.349999999996 136 55 5.02570382513661
93.3666666666627 135 54 4.76224590163934
97.4333333333291 134 55 5.01254836065574
99.4666666666623 133 56 4.59195081967213
100.483333333329 132 55 5.74447049180328
101.499999999996 131 53 7.5401475409836
103.533333333329 129 53 7.48122131147541
105.566666666662 128 54 4.02514590163934
106.583333333329 128 53 3.15603770491803
108.616666666662 127 54 7.56565737704918
111.666666666662 125 55 10.2992519125683
113.699999999995 124 56 11.3755057377049
119.799999999994 123 57 9.40511666666668
128.933333333328 122 57 6.54960310218978
137.933333333335 121 57 2.96475518518519
139.933333333337 121 56 3.51184416666667
142.933333333339 121 55 3.56025166666667
145.933333333342 120 56 3.02800555555556
148.933333333344 119 57 2.93656
149.933333333345 118 57 2.60227166666667
156.93333333335 116 58 3.40419476190476
157.933333333351 115 58 3.30086666666667
160.933333333354 115 57 3.31396166666667
166.933333333358 114 58 2.74311111111111
167.933333333359 114 57 2.420695
168.93333333336 114 56 2.56348333333333
171.933333333362 113 56 3.12772666666667
176.933333333366 112 57 2.89782766666667
188.933333333376 111 58 2.57625527777778
193.93333333338 111 57 2.698529
199.933333333385 110 58 2.41632916666667
200.933333333385 109 59 2.71648666666667
205.933333333389 107 61 2.307575
215.933333333397 106 61 2.44559133333333
229.933333333408 105 61 3.07601083333333
246.933333333422 104 62 2.27678519607843
248.933333333424 103 63 1.97128833333333
254.933333333428 103 62 1.97133444444444
268.133333333418 102 63 1.99636136363637
269.150000000084 102 62 2.67460327868853
273.216666666747 101 63 1.93885901639344
375.899999999987 100 64 1.98870357084889
404.366666666628 99 65 1.92079941451991
444.016666666592 99 64 1.90109592265658
556.866666666489 99 63 1.97711094373062
584.316666666464 98 64 2.05191687917425
592.44999999979 98 63 2.01431536885246
595.499999999787 98 62 1.9870306010929
600 98 62 2.06920032786885
