# New log 25/04/2014 10:36:00
1 192 64 2.26995333333333 0.514761666666667
5.06666666666665 191 63 2.57664549180328 0.278165163934426
6.08333333333332 188 63 2.49262950819672 1.11338196721311
7.09999999999998 186 64 1.8857131147541 1.40130983606557
8.09999999999998 185 61 2.26178333333333 0.1575
9.10000000000003 182 64 2.45955333333333 0.404363333333333
10.1000000000001 181 64 2.37216 0.519886666666667
11.1000000000001 177 65 2.22555333333333 0.530291666666667
12.1000000000002 176 65 2.21523 0.48539
14.1000000000003 175 65 2.23932833333333 0.508530833333333
15.1000000000003 174 64 2.35249166666667 0.717083333333333
16.1000000000004 173 62 3.76143833333333 0.934901666666667
17.116666666667 173 61 3.52213114754098 0.83615737704918
18.1333333333336 172 60 3.18396393442623 0.615783606557377
20.1666666666668 170 61 3.15686475409836 0.714093442622951
21.1833333333334 168 62 2.92226229508197 0.622813114754098
22.2 167 62 2.72469016393443 0.365298360655738
23.2166666666666 166 63 5.23677704918033 0.638714754098361
24.2333333333332 165 63 4.78458032786885 0.710486885245902
25.2499999999998 164 61 4.30542459016393 1.00468524590164
28.2999999999997 164 59 5.2976043715847 0.915220218579235
29.3166666666663 163 59 5.58551639344262 0.769809836065574
32.3666666666661 163 58 5.62517868852459 0.691308743169399
33.3833333333327 162 58 4.65780983606557 0.695290163934426
34.3999999999993 160 59 5.40518196721312 1.30019344262295
35.4166666666659 159 60 6.27931967213115 0.695827868852459
36.4333333333325 158 60 7.4383737704918 0.988703278688525
38.4666666666658 158 58 5.75583360655738 0.896784426229508
39.4833333333324 157 58 4.27090819672131 0.926765573770492
40.499999999999 157 57 3.80099672131148 0.609367213114754
41.5166666666656 156 57 4.33663114754098 1.3087131147541
42.5333333333322 155 58 4.23314590163934 0.313103278688525
43.5499999999988 154 57 9.31068360655737 1.20413442622951
44.5666666666654 154 55 3.24435737704918 0.500531147540984
46.5999999999986 153 54 2.00166721311475 0.353976229508197
47.6166666666652 152 54 1.58866229508197 0.320713114754098
50.6666666666651 151 53 1.70605081967213 0.223440983606557
53.7166666666649 150 53 2.03357322404371 0.333953005464481
54.7333333333315 149 53 2.88906393442623 0.3674
55.7499999999981 149 51 1.66719180327869 0.289649180327869
57.7833333333313 149 50 1.4639868852459 0.836633606557377
58.7999999999979 148 50 1.55667868852459 0.811750819672131
59.8166666666646 146 51 1.41160819672131 1.01518524590164
60.8333333333312 143 53 1.49800327868852 1.32960163934426
61.8499999999978 140 54 1.57625245901639 1.78742786885246
64.8999999999976 140 53 1.63277595628415 0.986813114754098
68.966666666664 139 53 1.63042090163934 0.586866803278689
72.0166666666639 138 53 2.89800382513661 0.573509836065574
76.0833333333303 138 52 3.69923893442623 0.508179918032787
78.1166666666635 137 53 1.4619262295082 0.276227868852459
79.1333333333301 136 53 1.11919836065574 0.377924590163934
80.1499999999967 135 54 1.22673770491803 0.960829508196721
81.1666666666633 134 55 1.37684098360656 0.494922950819672
82.18333333333 133 55 1.07946557377049 0.771260655737705
84.2166666666632 132 54 1.06612868852459 1.29935573770492
85.2333333333298 131 55 1.17960655737705 0.969885245901639
89.2999999999962 131 54 1.07672663934426 2.46951475409836
93.3666666666627 130 54 1.14305 3.31071598360656
95.3999999999959 130 53 1.14844180327869 3.02408852459016
96.4166666666625 129 54 1.43751803278689 2.61646885245902
98.4499999999957 128 54 1.22754426229508 3.04120409836066
106.583333333329 127 55 1.33754959016393 3.58958463114754
109.633333333328 127 54 1.2376043715847 2.17762896174863
111.666666666662 126 55 0.945929508196721 0.839454918032787
117.766666666661 126 54 1.05528661202186 0.871765846994536
122.849999999994 125 54 1.05759278688525 0.31570262295082
125.899999999994 124 55 1.45309180327869 0.253346448087432
127.933333333327 124 54 2.0710237704918 0.448765573770492
135.933333333334 122 56 1.32935958333333 0.216040416666667
138.933333333336 121 57 1.23373166666667 0.383967222222222
140.933333333338 120 58 0.788469166666667 0.41168
143.93333333334 119 59 0.800755555555556 0.279718333333333
150.933333333346 119 58 0.836853095238094 0.281537619047619
151.933333333346 119 57 0.823911666666667 0.278093333333333
153.933333333348 119 56 0.77632 0.2639925
158.933333333352 117 57 0.826224999999999 0.341351
176.933333333366 117 56 0.779046111111111 1.33645824074074
177.933333333367 116 57 0.833686666666667 1.510275
179.933333333369 114 59 1.11081916666667 1.09806666666667
182.933333333371 113 59 1.07196722222222 0.479700555555556
183.933333333372 112 60 0.717591666666667 0.141121666666667
184.933333333373 112 59 0.77915 0.325758333333333
187.933333333375 111 60 0.741372777777778 0.645812222222222
200.933333333385 110 61 0.735886794871794 0.271496282051282
202.933333333387 108 62 0.729441666666667 0.230409166666667
203.933333333388 107 63 0.765351666666667 0.278755
204.933333333389 107 62 0.66853 0.140811666666667
217.933333333399 106 63 0.681651538461538 0.175093333333333
218.9333333334 106 62 0.652721666666667 0.0323083333333333
224.933333333404 105 63 0.653180277777778 0.005495
225.933333333405 105 62 0.728683333333333 0.09944
226.933333333406 104 63 0.716431666666667 0.248776666666667
231.93333333341 103 63 0.690332 0.0964793333333333
260.000000000092 102 63 0.68150659144893 0.0489809976247031
263.050000000089 101 64 0.636909836065574 0.0123508196721311
271.183333333415 99 65 0.639665368852459 0.062697131147541
272.200000000081 99 64 0.614422950819672 0.0271475409836066
273.216666666747 99 63 0.575395081967213 0.00317540983606557
309.816666666714 98 64 0.726513979963571 0.0728017759562842
318.966666666705 98 63 0.658314389799636 0.0450837887067395
358.616666666669 98 62 0.590449852879362 0.0278221521647751
364.716666666664 98 61 0.606008743169399 0.036007650273224
377.933333333318 97 62 1.088778814628 0.0963728877679697
397.249999999967 96 62 0.641890854184644 0.0154344262295082
400.299999999965 95 62 0.586850273224044 0.00115901639344262
411.483333333288 94 63 0.587090909090909 0.00150611028315946
430.799999999937 93 63 0.571237877480586 0.0133137187230371
448.083333333254 93 62 0.573980327868853 0.0253012536162006
498.916666666542 92 63 0.571759836065573 0.0626158360655738
501.966666666539 91 64 0.554645355191257 0.102966666666667
503.99999999987 90 64 0.585655737704918 0.0538081967213115
538.566666666506 89 65 0.564585872709739 0.00462647058823529
545.683333333166 88 66 0.558410070257611 0.00162060889929742
560.933333333152 87 67 0.560567650273224 0.00404098360655738
599.56666666645 86 66 0.560653192407247 0.0173334771354616
600 86 66 0.568583606557377 0.00231311475409836
