# New log 25/04/2014 11:19:30
1 192 64 2.212685 0.524103333333333
3.03333333333333 191 64 1.70724590163934 0.363872950819672
4.04999999999999 190 65 2.03452295081967 0.320713114754098
5.06666666666665 188 64 2.99165901639344 1.5756131147541
6.08333333333332 188 57 2.33836229508197 2.87682950819672
7.09999999999998 186 57 2.55138196721311 0.283260655737705
8.09999999999998 186 55 3.625535 0.951795
9.10000000000003 185 54 3.32251666666667 0.434125
10.1000000000001 185 53 3.55706 0.328916666666667
11.1000000000001 182 55 6.08091333333333 0.683836666666667
12.1000000000002 181 55 8.36683666666667 0.76025
13.1000000000002 181 53 7.40558 0.4633
14.1000000000003 181 52 7.35057833333333 0.441803333333333
15.1000000000003 180 51 7.409445 0.922921666666667
16.1000000000004 180 50 7.82377166666667 1.224975
19.1500000000002 178 51 5.75140273224044 0.727998360655738
20.1666666666668 178 50 6.02217049180328 0.588567213114754
21.1833333333334 176 52 4.19297049180328 0.70857868852459
22.2 175 53 4.31429508196721 0.611586885245902
23.2166666666666 175 52 5.01654754098361 0.771013114754098
24.2333333333332 175 50 5.32951147540984 0.825522950819672
25.2499999999998 174 51 6.9086131147541 0.760452459016393
26.2666666666665 172 52 9.19884918032787 0.951911475409836
27.2833333333331 171 52 8.78817213114754 0.838785245901639
28.2999999999997 170 53 8.47929836065574 0.768019672131148
29.3166666666663 169 53 8.88133442622951 0.938022950819672
30.3333333333329 166 56 7.84679180327869 0.900929508196721
31.3499999999995 162 58 8.05719180327869 1.31123278688525
32.3666666666661 162 57 9.28873114754098 1.36776885245902
40.499999999999 161 56 7.10888852459016 1.37519795081967
41.5166666666656 160 56 5.27296557377049 0.430968852459016
43.5499999999988 158 57 5.09374262295082 0.682727868852459
44.5666666666654 156 57 4.87376229508197 0.586227868852459
46.5999999999986 155 56 4.42161393442623 0.531535245901639
47.6166666666652 154 57 4.53046557377049 0.322918032786885
48.6333333333319 152 57 4.10788852459016 0.256640983606557
52.6999999999983 152 56 3.13131598360656 0.900184836065574
53.7166666666649 151 57 3.60779344262295 0.821577049180328
54.7333333333315 151 55 3.52575901639344 1.13299836065574
56.7666666666647 151 54 3.88973524590164 0.876820491803279
57.7833333333313 150 55 3.13978196721311 0.675116393442623
59.8166666666646 150 54 2.96865819672131 0.518789344262295
60.8333333333312 150 53 2.80761803278689 0.772567213114754
61.8499999999978 149 53 3.31975409836066 1.31924262295082
63.883333333331 148 54 2.86171803278688 1.58466475409836
64.8999999999976 145 56 2.68238196721312 1.43266557377049
65.9166666666642 143 55 2.85970983606557 1.33130819672131
67.9499999999974 143 54 2.91122868852459 1.2889631147541
70.9999999999973 143 53 4.95634480874317 1.17541147540984
72.0166666666639 142 51 6.32048524590164 1.06181803278689
73.0333333333305 141 50 5.26833114754099 1.00875901639344
76.0833333333303 140 50 4.59759726775956 1.40055573770492
80.1499999999967 140 49 3.12400655737705 1.87711639344262
81.1666666666633 140 48 2.59789180327869 1.62965409836066
85.2333333333298 139 49 4.08305573770492 2.4330762295082
87.266666666663 138 49 3.05663770491803 1.7462893442623
88.2833333333296 137 50 2.58941639344262 1.56625081967213
91.3333333333294 137 48 3.49026448087431 1.51727759562842
93.3666666666627 136 48 3.68266721311475 1.98739426229508
94.3833333333293 136 47 4.18663606557377 1.32851147540984
97.4333333333291 135 47 4.85639453551913 1.37791038251366
101.499999999996 134 48 4.48371885245901 1.156
102.516666666662 134 47 2.69496229508197 1.0164737704918
103.533333333329 133 47 2.61320655737705 1.12500819672131
105.566666666662 133 46 2.89861229508197 1.37617213114754
109.633333333328 133 45 2.66229631147541 1.15960819672131
111.666666666662 132 46 1.9284262295082 1.09681885245902
112.683333333328 132 45 1.33892786885246 0.979065573770492
113.699999999995 131 45 1.48375737704918 1.15963278688525
114.716666666661 130 46 1.67780655737705 1.29065409836066
115.733333333328 128 48 1.5484737704918 1.38557049180328
118.783333333328 126 49 1.46516885245902 1.59567267759563
119.799999999994 125 50 1.36245901639344 1.37525573770492
120.816666666661 124 51 1.44328196721311 1.44599836065574
121.833333333328 123 51 1.40304590163934 1.56261147540984
126.916666666661 122 52 1.43174491803279 1.48147081967213
135.933333333334 121 52 2.36168909426987 1.64660942698706
160.933333333354 120 53 2.79805713333333 0.843715933333333
166.933333333358 119 53 2.54404138888889 0.301133055555556
170.933333333362 119 52 0.833619583333334 0.08297125
183.933333333372 118 52 0.889351923076922 0.097699358974359
192.933333333379 117 53 0.912540740740741 0.175328703703704
206.93333333339 117 52 0.907052261904764 0.113008571428571
214.933333333397 116 53 1.060364375 0.276520625
250.933333333425 116 52 0.800897962962963 0.0819199537037037
252.933333333427 115 52 0.7879725 0.231339166666667
255.933333333429 114 53 0.769875 0.180332777777778
273.216666666747 114 52 0.959255159112826 0.167562102217936
284.40000000007 114 51 0.994497168405364 0.103456333830104
287.450000000067 113 52 1.0206737704918 0.105207650273224
311.850000000045 113 51 0.758159084699454 0.207186202185792
313.883333333377 112 52 0.780390163934426 0.176604098360656
321.000000000037 111 52 0.794429274004683 0.236005386416862
326.083333333365 110 52 0.790191475409836 0.189757049180328
327.100000000031 110 51 0.820765573770492 0.154918032786885
355.566666666672 109 51 0.827055210772832 0.127902341920375
368.783333333327 109 50 0.71553102143758 0.0127276166456494
396.233333333302 108 50 0.737086460230724 0.0172756527018822
414.533333333285 108 49 0.732522586520947 0.0195687613843352
469.433333333235 108 48 0.730947814207649 0.0167472677595628
475.53333333323 108 47 0.737129508196721 0.0254382513661202
528.399999999848 107 47 0.788492181588906 0.0269639029003783
529.416666666514 107 46 0.888311475409836 0.115196721311475
534.499999999843 106 47 0.892456393442623 0.0883462295081967
547.716666666497 106 46 0.913249684741488 0.0647276166456494
549.749999999829 105 47 0.804727868852459 0.0261565573770492
552.799999999826 104 48 0.869348633879782 0.0323142076502732
554.833333333157 103 49 0.77840737704918 0.0448680327868852
557.883333333155 102 49 0.832389071038251 0.0292295081967213
558.89999999982 101 50 0.721985245901639 0.0246311475409836
559.916666666486 100 50 0.728940983606557 0.0253475409836066
560.933333333152 100 49 0.709208196721312 0.0104950819672131
561.949999999818 98 51 0.703447540983607 0.0219737704918033
562.966666666483 97 51 0.678945901639344 0.0230786885245902
563.983333333149 96 52 0.659183606557377 0.0330918032786885
575.166666666472 96 51 0.67893561847988 0.0262806259314456
580.249999999801 95 52 0.685350491803279 0.0368127868852459
588.383333333127 95 51 0.762488524590165 0.0601235655737705
600 95 51 0.676938114754098 0.0304398907103825
