# New log 23/04/2014 00:26:56
1 192 64 9.21297833333333
3.03333333333333 191 65 5.24881557377049
4.04999999999999 188 65 6.06932950819672
5.06666666666665 185 61 6.30041639344262
6.08333333333332 185 59 5.60275901639344
7.09999999999998 185 57 5.43073114754098
9.10000000000003 182 59 6.15110166666667
10.1000000000001 181 58 7.13798
11.1000000000001 178 58 8.16979666666667
12.1000000000002 177 57 6.945905
13.1000000000002 177 56 5.98407833333333
14.1000000000003 175 56 6.41547333333333
15.1000000000003 174 56 7.835805
16.1000000000004 173 52 7.37364
17.116666666667 172 52 6.03670819672131
18.1333333333336 169 51 5.63976557377049
19.1500000000002 166 53 6.17148196721312
20.1666666666668 166 51 5.67290819672131
21.1833333333334 163 53 5.03844262295082
22.2 163 51 5.12335573770492
23.2166666666666 163 50 5.18810983606557
24.2333333333332 162 50 5.41619508196721
25.2499999999998 162 49 5.7318131147541
26.2666666666665 161 49 4.59059016393442
29.3166666666663 160 48 5.21466393442623
30.3333333333329 160 46 4.79900983606557
32.3666666666661 158 47 6.25877049180328
33.3833333333327 157 48 6.20595245901639
36.4333333333325 157 45 6.51689180327869
37.4499999999992 155 45 6.82562459016394
38.4666666666658 154 43 6.70486885245902
42.5333333333322 154 42 7.18973237704918
43.5499999999988 154 41 7.0122262295082
44.5666666666654 153 39 5.94345901639344
45.583333333332 153 38 5.77880491803279
46.5999999999986 153 37 6.06571639344262
47.6166666666652 151 39 6.13294918032787
49.6499999999985 150 39 6.01282868852459
52.6999999999983 149 39 5.93572732240437
53.7166666666649 148 38 6.64557213114754
54.7333333333315 148 37 6.08981639344262
56.7666666666647 147 37 7.97581475409836
61.8499999999978 147 36 7.13884360655737
63.883333333331 146 36 7.11519590163935
67.9499999999974 145 37 7.69032090163935
70.9999999999973 145 35 7.55814590163934
75.0666666666637 144 36 7.51871721311475
81.1666666666633 143 37 6.16868961748634
82.18333333333 143 36 5.98574754098361
83.1999999999966 142 36 5.58193278688524
84.2166666666632 139 39 6.34783278688525
85.2333333333298 139 38 5.85653442622951
87.266666666663 138 39 6.27501639344262
88.2833333333296 136 41 5.39009508196721
91.3333333333294 135 42 6.2869480874317
93.3666666666627 134 43 7.09596393442623
94.3833333333293 134 42 7.32063770491804
96.4166666666625 133 43 6.21111475409836
102.516666666662 132 43 4.67110081967213
103.533333333329 131 44 4.01548032786885
105.566666666662 130 45 3.92279590163934
106.583333333329 128 47 3.76208852459016
107.599999999995 127 47 3.26593770491803
111.666666666662 126 47 4.68872909836065
112.683333333328 125 47 3.45818196721312
113.699999999995 124 47 3.97651967213115
115.733333333328 123 48 3.59977786885246
116.749999999995 122 49 3.98994754098361
117.766666666661 122 48 3.99463606557377
118.783333333328 121 49 3.52068524590164
119.799999999994 120 49 5.13983770491803
121.833333333328 119 49 5.56303770491803
128.933333333328 118 49 4.02807323943662
138.933333333336 117 49 3.91306716666667
155.93333333335 116 50 3.44273107843137
159.933333333353 116 49 3.52828375
162.933333333355 115 49 3.66346388888889
167.933333333359 115 48 4.39375166666667
176.933333333366 114 49 3.75540314814815
180.933333333369 114 48 3.56995666666667
200.933333333385 114 47 3.47962391666667
204.933333333389 114 46 3.15740708333333
206.93333333339 113 46 3.43753083333333
209.933333333393 113 45 3.168385
210.933333333393 112 46 3.17851666666667
221.933333333402 111 45 3.64573424242424
226.933333333406 110 46 3.465557
239.933333333416 109 46 3.34745384615385
241.933333333418 108 47 3.08540666666667
250.933333333425 107 47 3.24234055555556
263.050000000089 106 48 3.371984869326
277.28333333341 106 47 3.24993138173302
279.316666666741 106 46 3.07317131147541
280.333333333407 105 47 3.15920655737705
284.40000000007 105 46 3.48163770491803
287.450000000067 104 47 3.16861584699454
304.733333333385 104 46 3.26928370298939
305.750000000051 104 45 3.22840327868853
308.800000000048 103 46 3.16526721311475
311.850000000045 102 46 3.15954480874317
317.950000000039 102 45 3.19983032786885
327.100000000031 101 46 3.26776575591985
330.150000000028 101 45 3.68602568306011
343.366666666683 100 46 3.04631147540984
352.516666666675 99 47 3.04675264116576
357.600000000003 98 48 3.10551573770492
364.716666666664 97 49 3.20938548009368
365.733333333329 96 50 3.13993442622951
377.933333333318 96 49 2.97402226775957
404.366666666628 95 50 3.01157307692307
406.399999999959 95 49 3.46546639344262
412.499999999954 95 48 3.55474918032787
413.516666666619 94 49 2.70022786885246
414.533333333285 93 49 2.96137540983607
419.616666666614 92 50 2.8619331147541
428.766666666605 91 49 2.77409781420765
433.849999999934 90 50 2.84847049180328
434.8666666666 89 51 2.6319393442623
463.333333333241 89 50 2.71897634660421
466.383333333238 88 50 3.0090306010929
487.733333333218 87 51 2.53377962529274
489.76666666655 86 52 2.67894098360656
497.899999999876 85 52 2.51066905737705
499.933333333207 85 51 2.51845737704918
535.516666666508 84 52 2.43796641686183
600 84 52 2.44599203381148
