# New log 24/04/2014 03:50:09
1 192 64 5.56545833333333
3.03333333333333 192 63 3.27708278688524
4.04999999999999 189 60 3.76604098360656
5.06666666666665 188 58 3.17194754098361
6.08333333333332 187 56 2.96874590163935
7.09999999999998 186 56 8.32337868852459
8.09999999999998 186 53 9.29868666666667
9.10000000000003 185 51 10.3160266666667
11.1000000000001 184 49 11.8100166666667
12.1000000000002 183 48 10.2767266666667
13.1000000000002 182 47 8.16154333333333
14.1000000000003 182 45 8.38036666666667
15.1000000000003 182 44 9.52718833333333
16.1000000000004 181 45 4.81880166666667
17.116666666667 181 43 6.40268852459016
18.1333333333336 180 43 6.18154262295082
19.1500000000002 178 44 6.10881475409836
20.1666666666668 177 45 5.64728032786885
24.2333333333332 177 44 6.35827868852459
26.2666666666665 176 45 5.95138114754099
28.2999999999997 176 44 6.03493196721312
29.3166666666663 175 44 5.75012295081967
30.3333333333329 174 44 5.01769672131148
31.3499999999995 173 45 4.06320491803279
33.3833333333327 173 43 4.81862950819672
34.3999999999993 173 42 4.30708360655738
35.4166666666659 172 43 5.46294754098361
37.4499999999992 172 42 4.82195163934426
40.499999999999 172 40 4.49000928961749
42.5333333333322 171 41 3.94370409836066
43.5499999999988 171 39 3.99282295081967
46.5999999999986 169 37 3.73137704918033
47.6166666666652 168 37 2.88665245901639
48.6333333333319 166 36 3.65396229508197
49.6499999999985 166 35 3.31517868852459
51.6833333333317 166 33 3.74586639344262
55.7499999999981 164 33 5.00239057377049
63.883333333331 163 34 5.79140532786885
65.9166666666642 163 32 3.83061229508197
66.9333333333308 162 33 3.96966393442623
68.966666666664 161 34 3.2434262295082
72.0166666666639 159 36 3.61553333333333
74.0499999999971 158 36 2.97770819672131
75.0666666666637 157 37 2.83934262295082
76.0833333333303 155 38 2.45419672131148
77.0999999999969 155 37 2.90275901639344
82.18333333333 154 37 4.50308295081967
85.2333333333298 153 37 6.80473114754098
86.2499999999964 152 37 5.47134918032787
89.2999999999962 151 38 5.96642240437159
90.3166666666628 150 39 7.50988524590164
91.3333333333294 150 38 8.2525868852459
92.349999999996 149 38 9.76430983606557
94.3833333333293 148 39 7.68593852459016
95.3999999999959 147 38 9.3456393442623
97.4333333333291 146 36 9.04794836065574
100.483333333329 146 35 5.15410273224044
101.499999999996 146 34 4.42997704918033
104.549999999995 145 34 4.95072131147541
111.666666666662 145 33 7.67462341920374
113.699999999995 144 32 5.10599836065574
114.716666666661 143 33 4.35021803278688
120.816666666661 142 33 6.34819508196721
133.933333333332 141 34 5.90895324015248
134.933333333333 140 35 4.09071333333333
139.933333333337 140 34 4.756969
140.933333333338 139 35 3.99965166666667
144.933333333341 139 34 3.06835833333334
145.933333333342 138 34 3.01871666666667
146.933333333342 137 34 3.92659166666667
148.933333333344 136 34 2.97366166666667
151.933333333346 136 33 2.48996444444444
159.933333333353 135 34 2.702219375
170.933333333362 134 35 3.17594924242424
196.933333333382 134 34 2.89297487179487
197.933333333383 133 33 2.28573
198.933333333384 133 32 2.21880166666667
202.933333333387 132 33 3.01995458333333
243.93333333342 131 33 2.59825735772358
267.116666666752 131 32 2.94852789360173
270.16666666675 131 31 2.78650382513661
272.200000000081 130 32 2.53017295081967
275.250000000078 129 33 3.22059672131147
298.63333333339 129 32 2.87273756236636
303.716666666719 129 31 2.81211770491803
349.466666666678 129 30 2.58198
355.566666666672 129 29 2.63623142076503
423.683333333277 128 30 2.78571130413506
425.716666666608 127 31 2.82437459016393
448.083333333254 126 32 2.53993643815201
477.566666666561 125 33 2.50480005652911
514.166666666528 124 33 2.38888401639345
516.199999999859 124 32 2.42783360655738
526.366666666517 124 31 2.44475885245902
591.433333333124 124 30 2.49342989241803
600 124 30 2.52792805100182
