# New log 24/04/2014 03:43:08
1 192 64 5.451585
3.03333333333333 191 64 3.47127868852459
4.04999999999999 189 58 4.89119836065574
5.06666666666665 189 56 4.45747868852459
6.08333333333332 189 54 5.09230655737705
7.09999999999998 189 51 4.11828524590164
8.09999999999998 189 50 4.76887
9.10000000000003 189 48 4.313065
10.1000000000001 189 46 4.561265
11.1000000000001 189 45 3.45514833333334
12.1000000000002 188 45 4.54414166666667
13.1000000000002 187 44 6.17744666666667
14.1000000000003 185 41 5.50381166666667
15.1000000000003 184 42 4.13533166666667
16.1000000000004 183 42 6.50537333333333
17.116666666667 182 42 5.38854098360656
18.1333333333336 182 41 8.39873770491803
19.1500000000002 181 40 8.10617049180328
20.1666666666668 181 39 4.47903442622951
22.2 181 38 5.2758893442623
23.2166666666666 180 37 5.38685245901639
25.2499999999998 178 38 6.49920491803279
26.2666666666665 177 38 5.66945573770492
27.2833333333331 176 38 5.679
30.3333333333329 176 37 4.41389781420765
33.3833333333327 176 36 4.6487912568306
34.3999999999993 175 35 8.83720491803279
37.4499999999992 174 35 7.59491639344262
39.4833333333324 173 34 6.50188114754098
40.499999999999 173 33 5.46102131147541
41.5166666666656 172 33 3.96392459016393
42.5333333333322 172 31 4.48321803278689
43.5499999999988 170 33 4.0210737704918
45.583333333332 169 32 4.47829344262295
46.5999999999986 168 32 3.28658524590164
48.6333333333319 166 31 3.76179262295082
49.6499999999985 164 33 3.54186721311475
50.6666666666651 163 34 3.71511147540984
51.6833333333317 162 35 4.04530655737705
52.6999999999983 160 36 3.87206557377049
55.7499999999981 157 39 3.38812841530055
56.7666666666647 156 38 4.84918852459017
57.7833333333313 155 37 2.82902459016394
58.7999999999979 154 37 3.10224754098361
59.8166666666646 153 36 2.56180491803279
63.883333333331 152 36 3.54100409836065
64.8999999999976 151 36 2.60067213114754
65.9166666666642 150 36 2.76784918032787
68.966666666664 149 36 2.76975683060109
69.9833333333306 147 37 2.86015409836066
75.0666666666637 145 38 2.97569573770492
77.0999999999969 145 36 3.35329754098361
78.1166666666635 144 37 3.29511803278689
80.1499999999967 143 38 3.26155655737705
85.2333333333298 142 37 3.0927662295082
88.2833333333296 142 36 3.4051480874317
90.3166666666628 141 37 2.96689426229508
91.3333333333294 140 37 2.64320655737705
99.4666666666623 139 38 3.17128647540984
108.616666666662 139 37 2.94886284153005
110.649999999995 138 38 2.36456967213115
112.683333333328 138 37 2.34007540983607
113.699999999995 137 37 2.08125573770492
118.783333333328 137 36 2.22870557377049
119.799999999994 136 37 2.61139836065574
125.899999999994 135 38 2.82514398907104
128.933333333328 135 37 2.70399945054945
131.93333333333 133 37 2.38525277777778
132.933333333331 132 38 2.69234833333333
137.933333333335 131 39 2.71234366666667
151.933333333346 130 39 2.49463392857143
157.933333333351 130 38 2.49959833333333
163.933333333356 129 38 2.32729583333334
166.933333333358 128 39 2.25601166666667
173.933333333364 127 39 2.41082666666667
183.933333333372 126 40 2.433705
191.933333333378 126 39 2.40501020833333
193.93333333338 125 39 2.458495
199.933333333385 124 40 2.18505055555556
210.933333333393 123 40 2.52367166666667
220.933333333401 123 39 2.6980195
222.933333333403 122 39 2.02546666666667
226.933333333406 121 40 2.25750958333333
227.933333333407 120 41 2.41569833333333
237.933333333415 120 40 2.29765333333334
244.93333333342 120 39 2.64145714285714
252.933333333427 120 38 2.18389166666667
254.933333333428 120 37 2.07588416666667
261.016666666758 120 36 3.93493616438357
279.316666666741 119 37 3.62694863387978
284.40000000007 119 35 3.79794065573771
290.500000000064 118 36 3.44532896174863
292.533333333396 117 36 3.33340983606558
294.566666666727 117 35 3.96820819672131
295.583333333393 116 35 3.22005081967213
302.700000000053 116 34 3.40092646370023
363.699999999998 115 35 2.66595265027322
366.749999999995 115 34 2.66578469945355
372.84999999999 114 35 2.41189234972678
405.383333333293 113 35 2.36523539959017
406.399999999959 112 36 2.20247213114754
408.433333333291 112 35 2.17316967213115
413.516666666619 111 35 2.49302426229508
423.683333333277 110 36 2.26860540983607
450.116666666586 109 36 2.35548007566204
453.166666666583 109 35 2.3440868852459
454.183333333249 109 34 2.08261803278689
476.549999999895 109 33 2.34807131147541
497.899999999876 109 32 2.37259336455894
517.216666666525 109 31 2.34020923209664
540.599999999837 109 30 2.29831012116892
541.616666666503 109 29 2.46908852459016
551.78333333316 109 28 3.02335393442623
554.833333333157 109 27 3.1294480874317
569.066666666478 108 28 3.21099028103045
570.083333333144 107 28 2.42760491803279
589.399999999793 106 29 2.6270584124245
600 106 29 2.39579850968704
