# New log 25/04/2014 11:16:50
1 192 64 4.80834 1.02740666666667
4.04999999999999 191 60 3.54387377049181 0.454844262295082
5.06666666666665 190 54 3.23000983606557 0.234326229508197
6.08333333333332 189 52 3.69634754098361 0.247570491803279
7.09999999999998 188 52 3.9201131147541 0.251565573770492
12.1000000000002 186 52 4.361344 0.383818333333333
14.1000000000003 185 51 4.70038 0.471820833333333
15.1000000000003 185 48 4.08026833333333 0.487536666666667
16.1000000000004 182 48 5.53057666666666 0.452578333333333
17.116666666667 181 49 6.93281147540984 0.474922950819672
18.1333333333336 180 48 5.39559016393443 0.317945901639344
19.1500000000002 178 50 6.4239393442623 0.551345901639344
21.1833333333334 177 50 5.81943032786885 0.623540983606557
22.2 177 49 3.65227540983607 0.440404918032787
24.2333333333332 175 51 5.39319836065574 0.802214754098361
25.2499999999998 174 50 3.24364918032787 0.402380327868852
26.2666666666665 173 50 3.89149344262295 0.638695081967213
27.2833333333331 172 50 4.76350163934426 0.421731147540984
28.2999999999997 171 50 3.44479180327869 0.9035
29.3166666666663 171 49 3.35807213114754 0.282408196721312
30.3333333333329 170 49 3.03494754098361 0.190136065573771
32.3666666666661 170 46 2.96894508196721 0.217068032786885
33.3833333333327 169 47 2.75914918032787 0.433559016393443
34.3999999999993 169 45 3.32344426229508 0.430796721311475
37.4499999999992 169 44 3.61873989071038 0.534548087431694
38.4666666666658 168 44 4.54837868852459 1.08530163934426
39.4833333333324 167 45 4.41312950819672 0.932675409836066
41.5166666666656 166 45 5.50981885245902 1.50194016393443
42.5333333333322 166 44 5.70491639344262 0.446214754098361
43.5499999999988 164 44 5.5138868852459 0.428186885245902
44.5666666666654 162 45 5.43797868852459 0.509785245901639
45.583333333332 161 44 4.85408032786885 0.481645901639344
46.5999999999986 160 44 5.62833770491803 0.626872131147541
47.6166666666652 160 43 5.18676065573771 0.78707868852459
49.6499999999985 159 44 5.91690901639344 0.907730327868852
51.6833333333317 159 43 4.77228114754098 0.806168032786885
53.7166666666649 158 43 2.93691229508197 0.344693442622951
54.7333333333315 158 42 3.44705573770492 1.24906393442623
56.7666666666647 158 41 3.81571393442623 0.737843442622951
57.7833333333313 157 42 2.95695409836066 0.353893442622951
58.7999999999979 156 42 3.21224754098361 0.454955737704918
61.8499999999978 156 41 3.21151857923497 0.66872131147541
62.8666666666644 154 41 3.56966393442623 0.967468852459016
63.883333333331 153 42 3.86799344262295 1.04161475409836
64.8999999999976 153 41 3.39409180327869 1.03809672131148
65.9166666666642 153 40 4.54882131147541 1.11455573770492
67.9499999999974 152 40 3.37338278688525 0.989340163934426
68.966666666664 152 39 3.17865573770492 0.858377049180328
69.9833333333306 152 38 3.17325737704918 0.858077049180328
73.0333333333305 151 38 2.83439726775956 0.936983606557377
76.0833333333303 151 37 3.15146775956284 1.0467393442623
77.0999999999969 149 39 2.68547540983606 0.90412131147541
78.1166666666635 149 37 3.59081147540984 2.4542737704918
79.1333333333301 148 36 4.73949016393442 2.9162393442623
80.1499999999967 147 36 4.26310983606557 2.80053442622951
84.2166666666632 146 37 3.66820983606558 3.17645532786885
86.2499999999964 145 37 2.39423360655738 1.42311147540984
91.3333333333294 144 36 2.44151278688525 1.4586731147541
92.349999999996 143 36 2.26356721311475 1.39313606557377
94.3833333333293 143 35 2.38971721311475 1.63050737704918
100.483333333329 142 35 2.71974098360656 1.68274754098361
104.549999999995 141 36 2.92002459016394 0.941354918032787
110.649999999995 139 36 2.22772841530055 1.66888715846995
112.683333333328 138 37 2.23524426229508 1.3062762295082
114.716666666661 137 36 2.3470393442623 1.52112950819672
115.733333333328 137 35 2.21469508196721 1.30320327868852
119.799999999994 137 34 2.69592254098361 1.40458319672131
125.899999999994 135 35 2.52996857923497 1.12228196721311
129.933333333329 135 34 2.56728429752066 1.50715165289256
130.93333333333 135 33 2.71504833333333 1.48532166666667
141.933333333338 135 32 2.80771803030303 0.857599242424242
146.933333333342 134 33 2.39010933333333 0.936892666666667
153.933333333348 133 34 2.15305928571429 0.90631880952381
162.933333333355 132 35 1.95246796296296 0.24288537037037
177.933333333367 131 36 1.79531677777778 0.456743444444444
178.933333333368 131 35 1.79898666666667 0.935838333333333
192.933333333379 130 36 1.79052857142857 0.347027261904762
193.93333333338 130 35 1.80965833333333 0.588888333333333
210.933333333393 130 34 1.84382911764706 0.724132745098039
211.933333333394 129 34 1.73551833333333 0.479678333333333
222.933333333403 129 33 1.77824287878788 0.792524545454545
223.933333333404 129 32 1.87146333333333 1.084925
231.93333333341 129 31 1.768805 0.883577916666667
233.933333333412 128 32 1.7911925 0.717808333333333
235.933333333413 128 31 1.73558583333333 0.62682
243.93333333342 128 30 1.818870625 0.62793
246.933333333422 128 29 1.73069722222222 0.556636111111111
257.966666666761 128 28 1.71535996978852 0.723547432024169
268.133333333418 127 29 1.76629508196721 0.394518852459016
283.383333333404 127 28 1.79149540983607 0.419016174863388
286.433333333401 126 28 1.7249868852459 0.623056284153006
297.616666666725 125 28 1.7216958271237 0.505274813710879
302.700000000053 124 29 1.75917213114754 0.237016065573771
309.816666666714 124 28 1.84509227166276 0.276248009367682
314.900000000042 123 28 1.82063278688525 0.446930163934426
319.983333333371 122 28 1.73132524590164 0.34530262295082
326.083333333365 122 27 1.78462076502732 0.391534699453552
327.100000000031 121 28 1.73448852459016 0.369722950819672
333.200000000026 120 28 1.71382295081967 0.146681693989071
342.350000000017 119 29 1.69558706739526 0.0753051001821494
373.866666666655 118 30 1.62800237969328 0.040223162347964
380.983333333316 118 29 1.59573864168618 0.0281918032786885
383.016666666647 118 28 1.58718360655738 0.0178745901639344
419.616666666614 117 29 2.07019927140255 0.133058925318761
421.649999999945 117 28 1.95807540983607 0.16511393442623
428.766666666605 116 29 1.66615011709602 0.0810241217798595
429.783333333271 115 29 1.57956557377049 0.0195655737704918
463.333333333241 115 28 1.57536423248883 0.0230570293094883
478.583333333227 115 27 1.58993650273224 0.0235239344262295
479.599999999892 114 27 1.63204426229508 0.0327901639344262
481.633333333224 114 26 1.60237213114754 0.00145245901639344
494.849999999879 113 27 1.57916368221942 0.0318143757881463
501.966666666539 112 28 1.60827236533958 0.0168667447306792
511.11666666653 111 28 1.61077540983607 0.0296089253187614
529.416666666514 111 27 1.6271058287796 0.0031695810564663
533.483333333177 111 26 1.63944016393443 0.0011155737704918
553.816666666492 110 27 1.63271459016394 0.022392868852459
600 110 27 1.63632209550962 0.0325383107626515
