# New log 24/04/2014 03:34:40
1 192 64 5.81566666666667
4.04999999999999 190 63 3.97164480874317
5.06666666666665 189 58 4.91687868852459
6.08333333333332 187 54 4.73570163934426
8.09999999999998 187 52 3.55924710743802
9.10000000000003 186 52 3.84459
10.1000000000001 184 54 4.22283333333333
11.1000000000001 184 53 4.14953333333333
12.1000000000002 183 51 6.05852333333333
13.1000000000002 183 49 7.09882833333334
14.1000000000003 181 51 7.87607166666667
16.1000000000004 181 50 6.90826083333334
17.116666666667 181 49 5.89444754098361
18.1333333333336 179 49 5.48295409836066
19.1500000000002 179 47 6.80889180327869
20.1666666666668 178 48 7.04351475409836
21.1833333333334 177 48 5.55619016393443
22.2 176 49 6.00192295081967
23.2166666666666 176 46 5.93585081967213
24.2333333333332 176 45 5.37466229508197
25.2499999999998 174 45 6.42846065573771
27.2833333333331 174 43 10.4280426229508
28.2999999999997 173 42 11.4528934426229
30.3333333333329 173 41 9.21764098360656
31.3499999999995 173 40 9.08586885245902
32.3666666666661 172 40 8.64610491803279
33.3833333333327 171 39 9.16724918032787
34.3999999999993 170 39 6.5750475409836
37.4499999999992 169 39 6.61879071038251
38.4666666666658 168 40 7.7042
39.4833333333324 168 39 7.36716065573771
40.499999999999 167 40 5.84600327868852
41.5166666666656 166 41 5.4681
45.583333333332 166 39 5.82032049180328
46.5999999999986 166 38 6.85998032786885
47.6166666666652 164 39 7.53735245901639
48.6333333333319 164 37 6.1823
49.6499999999985 164 36 5.2507524590164
51.6833333333317 164 35 6.43406967213115
54.7333333333315 163 35 8.77213989071038
56.7666666666647 162 36 8.16756721311476
57.7833333333313 161 37 7.04133770491803
58.7999999999979 161 35 9.6600524590164
59.8166666666646 161 34 7.69262295081967
62.8666666666644 160 34 8.57322021857923
65.9166666666642 159 35 5.70542513661202
68.966666666664 159 34 5.21904207650273
70.9999999999973 159 32 3.73030327868853
75.0666666666637 158 33 3.72407008196722
77.0999999999969 158 31 3.92747950819672
78.1166666666635 157 32 3.52157868852459
80.1499999999967 156 32 3.54213032786885
89.2999999999962 156 31 4.36383570127504
92.349999999996 156 30 3.65326557377049
93.3666666666627 156 29 4.0209737704918
94.3833333333293 155 29 3.56775573770492
95.3999999999959 154 29 3.71547540983607
98.4499999999957 154 28 3.11770928961749
102.516666666662 153 28 3.27734139344262
105.566666666662 152 28 4.45024863387978
118.783333333328 151 28 3.30563064312737
128.933333333328 150 29 3.00452167487685
129.933333333329 150 28 2.89761333333333
135.933333333334 150 26 2.93013333333333
144.933333333341 149 27 3.21259814814814
148.933333333344 149 26 3.1301575
149.933333333345 148 26 2.70382
150.933333333346 147 27 3.43420166666667
152.933333333347 146 27 3.2056175
159.933333333353 146 26 3.32091738095238
160.933333333354 146 25 2.88497833333333
162.933333333355 145 26 3.1250075
169.933333333361 144 27 4.1438030952381
172.933333333363 144 26 4.60609888888889
177.933333333367 144 25 4.58533566666667
180.933333333369 143 26 4.34954777777778
185.933333333373 142 26 4.20575566666667
189.933333333377 142 25 4.38646875
196.933333333382 142 24 4.31611714285714
198.933333333384 141 25 4.03146083333333
199.933333333385 140 26 4.62707666666666
214.933333333397 139 26 4.12546922222222
215.933333333397 139 25 4.61985666666667
219.933333333401 138 26 3.67378291666667
232.933333333411 137 27 4.09260833333333
237.933333333415 136 28 3.69135066666667
243.93333333342 136 27 3.96536888888889
271.183333333415 136 26 4.18694544342507
280.333333333407 136 25 4.19598342440801
301.683333333388 135 26 4.83837220921155
313.883333333377 134 27 4.33574139344262
322.016666666702 134 26 4.33661475409836
324.050000000034 133 27 4.98385491803279
340.316666666686 132 27 3.84882366803279
344.383333333349 131 27 3.79265491803279
348.450000000012 129 28 4.04311926229508
350.483333333343 129 27 4.0322237704918
357.600000000003 128 27 4.02725386416862
380.983333333316 127 27 3.84441240199572
405.383333333293 127 26 3.71831543715847
414.533333333285 127 25 3.81265956284153
418.599999999948 126 26 3.82795040983606
423.683333333277 126 25 3.76965868852459
478.583333333227 126 24 3.79515261080753
568.049999999812 126 23 3.84017921013411
584.316666666464 126 22 3.74781700819672
600 126 22 3.94973073770492
