# New log 24/04/2014 03:27:24
1 192 64 5.35322
4.04999999999999 191 62 4.08578306010929
5.06666666666665 190 60 4.62388032786885
6.08333333333332 189 56 6.26858524590164
7.09999999999998 189 55 4.9278131147541
8.09999999999998 188 55 7.03976
9.10000000000003 187 55 8.41387166666667
10.1000000000001 185 55 8.85531
11.1000000000001 184 55 5.95860833333333
12.1000000000002 182 55 6.347985
13.1000000000002 181 54 6.90871166666667
14.1000000000003 180 55 6.64884666666667
15.1000000000003 179 54 6.68832833333333
17.116666666667 177 55 5.82672396694215
18.1333333333336 176 55 10.1722754098361
19.1500000000002 176 54 10.2707409836066
23.2166666666666 176 52 6.70814672131147
26.2666666666665 175 52 7.45018797814207
27.2833333333331 174 51 8.08135573770492
28.2999999999997 173 51 7.5381
30.3333333333329 173 50 5.51968524590164
31.3499999999995 172 51 4.92486557377049
32.3666666666661 171 51 5.02502131147541
33.3833333333327 170 51 7.16941967213114
35.4166666666659 169 51 7.45256967213115
36.4333333333325 169 49 5.34212295081967
37.4499999999992 168 50 4.91570327868852
38.4666666666658 167 50 5.08640983606557
39.4833333333324 166 50 4.66597213114754
40.499999999999 165 51 4.78444426229508
42.5333333333322 165 50 5.64525491803278
44.5666666666654 162 51 6.0428368852459
45.583333333332 161 52 5.0434393442623
46.5999999999986 159 51 6.12263442622951
47.6166666666652 159 50 5.63300819672131
49.6499999999985 159 49 6.60973524590164
50.6666666666651 157 49 7.8309262295082
52.6999999999983 155 51 6.93110245901639
54.7333333333315 154 51 7.35269508196722
56.7666666666647 153 52 6.53879426229508
59.8166666666646 152 52 5.38775901639344
60.8333333333312 152 51 3.60859672131147
61.8499999999978 152 50 2.80780983606557
63.883333333331 152 49 4.13636229508197
64.8999999999976 152 48 3.60484754098361
65.9166666666642 151 49 6.57271147540984
66.9333333333308 151 48 6.77735901639345
68.966666666664 150 48 5.09829836065574
69.9833333333306 150 47 3.69764262295082
72.0166666666639 150 46 4.83965573770492
73.0333333333305 149 46 5.39061147540984
79.1333333333301 147 48 4.86702076502732
82.18333333333 146 48 4.4441
92.349999999996 144 50 3.57370950819673
94.3833333333293 143 50 3.82594344262295
96.4166666666625 143 49 4.04506393442623
104.549999999995 143 48 4.14497110655738
108.616666666662 142 48 3.59669754098361
113.699999999995 141 49 3.80805901639344
123.866666666661 141 48 3.51016098360656
125.899999999994 140 49 3.83127868852459
131.93333333333 140 48 3.90088066298342
132.933333333331 140 47 3.04449166666667
145.933333333342 139 48 3.63471756410256
147.933333333343 139 47 4.2892475
152.933333333347 138 48 3.219889
156.93333333335 137 49 4.33251708333334
161.933333333354 137 48 3.332834
167.933333333359 136 49 3.54584
171.933333333362 136 48 4.44416375
174.933333333365 135 49 3.00479944444444
175.933333333365 135 48 3.08412833333333
179.933333333369 134 49 2.91519625
192.933333333379 133 50 3.01912089743589
196.933333333382 132 51 3.806565
201.933333333386 132 50 3.73669233333333
207.933333333391 131 50 3.84953
226.933333333406 130 50 2.98067122807017
248.933333333424 129 50 2.8516781060606
250.933333333425 128 51 2.11861833333333
252.933333333427 128 50 2.557305
261.016666666758 127 50 2.53013628865979
262.033333333424 127 49 2.72820655737705
277.28333333341 127 48 3.08628557377049
282.366666666739 127 47 2.68079639344262
285.416666666736 126 48 2.81087978142077
286.433333333401 126 47 2.25706885245902
289.483333333399 126 46 2.87662568306011
293.550000000062 125 47 2.7660262295082
296.600000000059 124 47 2.84830382513661
298.63333333339 123 47 1.94781393442623
302.700000000053 122 48 2.50332827868852
305.750000000051 122 47 2.6142650273224
312.866666666711 121 48 2.32991569086651
318.966666666705 121 47 2.21593469945355
319.983333333371 120 48 2.05776885245902
322.016666666702 120 47 2.34986639344262
333.200000000026 119 48 2.27307526080477
348.450000000012 118 49 2.18920743169399
368.783333333327 117 50 2.47909909836066
376.916666666653 116 50 2.6008125
384.033333333313 116 49 2.15915948477752
387.08333333331 115 50 2.17499945355191
390.133333333307 114 51 1.92736775956284
406.399999999959 113 51 2.00464733606557
412.499999999954 113 50 1.81198387978142
416.566666666616 112 51 1.83034139344262
427.74999999994 112 50 1.77631251862891
428.766666666605 111 50 1.74970327868852
480.616666666558 110 50 1.91787550626808
482.64999999989 110 49 1.96871147540984
509.083333333199 109 49 2.34696343001261
521.283333333188 108 49 2.70760163934426
522.299999999854 108 48 2.67661967213115
536.533333333174 107 48 2.77355058548009
551.78333333316 106 49 2.75841114754098
556.866666666489 106 48 2.58804163934426
558.89999999982 105 49 2.50632049180328
567.033333333146 105 48 2.78141168032787
573.133333333141 104 48 2.63536939890711
584.316666666464 103 49 2.55344664679583
600 103 49 2.69171321721311
