# New log 23/04/2014 00:56:24
1 192 64 9.56507833333333
3.03333333333333 192 63 6.40150983606558
4.04999999999999 191 64 7.37442131147541
5.06666666666665 188 60 7.08956557377049
6.08333333333332 186 60 7.11975901639344
7.09999999999998 186 58 8.41191803278689
8.09999999999998 185 58 9.345295
9.10000000000003 185 56 8.345915
11.1000000000001 184 55 6.5409525
12.1000000000002 182 54 6.35365166666667
13.1000000000002 181 55 6.15978166666667
14.1000000000003 179 55 6.82250166666667
15.1000000000003 178 55 6.99026666666667
16.1000000000004 178 54 6.59009833333333
17.116666666667 177 54 6.81275409836065
18.1333333333336 176 53 6.68163278688525
19.1500000000002 176 52 6.46020327868852
20.1666666666668 175 49 8.31580655737705
22.2 174 48 6.67118196721311
23.2166666666666 173 49 7.22420655737705
25.2499999999998 172 50 6.63737540983606
26.2666666666665 171 50 10.2005704918033
27.2833333333331 170 50 8.17372459016393
28.2999999999997 167 53 7.11991147540984
30.3333333333329 165 53 6.4733155737705
32.3666666666661 165 52 6.86629016393443
33.3833333333327 164 52 6.33916393442623
35.4166666666659 163 52 6.40743934426229
36.4333333333325 161 53 6.00867049180328
37.4499999999992 161 51 6.50230655737705
38.4666666666658 159 52 5.13704262295082
39.4833333333324 159 51 5.94316557377049
41.5166666666656 159 50 5.70143114754099
42.5333333333322 158 51 6.3232262295082
43.5499999999988 157 51 7.08906393442623
47.6166666666652 156 51 7.20059426229508
48.6333333333319 156 50 5.07387704918033
49.6499999999985 155 50 7.98451967213115
51.6833333333317 154 51 5.74916639344262
52.6999999999983 153 52 6.13184754098361
53.7166666666649 152 51 5.09034918032787
60.8333333333312 152 49 6.22506674473068
63.883333333331 151 48 6.28724863387978
64.8999999999976 151 47 6.43398032786885
65.9166666666642 150 48 6.51076557377049
66.9333333333308 149 47 5.58823114754098
69.9833333333306 149 46 6.54437267759563
70.9999999999973 148 47 5.82388196721312
73.0333333333305 147 47 4.60308852459017
77.0999999999969 146 48 5.99674467213115
78.1166666666635 145 49 9.53485573770491
80.1499999999967 145 48 7.49067868852459
83.1999999999966 144 49 4.91948196721312
84.2166666666632 143 49 3.9385262295082
85.2333333333298 143 48 5.17294262295082
90.3166666666628 142 48 4.21271836065574
92.349999999996 140 50 4.77763770491804
96.4166666666625 139 50 4.67209631147541
97.4333333333291 138 51 4.50810819672131
98.4499999999957 136 52 3.70583606557377
99.4666666666623 135 52 4.24771639344262
103.533333333329 134 53 4.84986803278689
109.633333333328 132 55 4.94860491803279
111.666666666662 131 56 3.77728934426229
121.833333333328 131 55 5.28291557377049
123.866666666661 131 54 7.25780409836066
126.916666666661 130 55 7.22404699453552
128.933333333328 130 54 7.1839173553719
130.93333333333 130 53 6.15079583333333
131.93333333333 129 53 3.79189833333333
138.933333333336 129 52 3.85712857142857
141.933333333338 128 52 3.98601722222222
143.93333333334 128 51 3.37651583333334
144.933333333341 128 50 3.31705166666667
146.933333333342 127 50 3.48949833333333
151.933333333346 126 51 3.55676233333334
152.933333333347 125 52 4.63625166666667
155.93333333335 125 50 3.83937777777778
156.93333333335 124 51 3.42860166666667
158.933333333352 124 50 3.487215
161.933333333354 123 50 3.51985944444445
163.933333333356 122 51 3.2862725
170.933333333362 122 50 3.37556166666667
171.933333333362 121 51 3.64397
176.933333333366 121 50 3.23086666666667
177.933333333367 121 49 3.03659
179.933333333369 120 50 3.2356425
181.93333333337 118 51 3.150005
188.933333333376 117 52 3.09836714285714
192.933333333379 117 51 3.15183708333333
205.933333333389 117 50 3.06081576923077
209.933333333393 116 51 3.11664458333333
212.933333333395 114 53 5.34562777777778
216.933333333398 114 52 3.23728041666667
217.933333333399 113 52 2.96933166666667
225.933333333405 113 51 3.03968375
229.933333333408 112 52 2.98568458333333
247.933333333423 111 53 3.03632666666667
273.216666666747 110 54 3.09464700065919
274.233333333413 109 55 2.88783770491803
277.28333333341 109 54 3.15405846994536
278.300000000076 109 53 3.22387049180328
279.316666666741 107 54 2.9369737704918
284.40000000007 106 55 3.01335737704918
288.466666666733 106 54 2.95090901639344
314.900000000042 105 55 3.1574208070618
317.950000000039 104 56 3.07292896174863
319.983333333371 104 55 3.02398524590164
324.050000000034 103 56 2.99694549180328
343.366666666683 102 56 3.01071578947368
346.41666666668 101 57 2.97652295081967
354.550000000006 101 56 2.92532479508197
358.616666666669 100 57 2.76127090163935
360.650000000001 99 57 2.66675491803279
379.96666666665 98 58 2.75110664365832
403.349999999962 97 59 2.77287540983606
404.366666666628 96 59 2.66670983606557
425.716666666608 95 59 2.72595425448868
436.899999999931 94 60 2.6848827123696
440.966666666594 93 61 2.6689643442623
463.333333333241 92 61 2.57943152011923
471.466666666567 91 61 2.62798135245902
476.549999999895 90 61 2.5341806557377
480.616666666558 89 62 2.44293442622951
489.76666666655 88 63 2.46334225865209
490.783333333216 88 62 2.46665737704918
600 88 62 2.44750689131755
