# New log 23/04/2014 01:11:21
1 192 64 9.72221
3.03333333333333 192 63 7.68585081967213
4.04999999999999 190 64 6.47394098360656
5.06666666666665 190 63 7.73281147540984
6.08333333333332 190 62 6.83337868852459
7.09999999999998 190 60 7.1340606557377
8.09999999999998 187 62 7.18104166666667
9.10000000000003 186 61 6.05055
10.1000000000001 185 60 7.86397833333333
11.1000000000001 185 56 9.306465
12.1000000000002 185 55 8.25608
14.1000000000003 182 56 9.3679525
15.1000000000003 180 55 7.24414
16.1000000000004 179 56 7.30306833333333
17.116666666667 177 56 11.4160295081967
18.1333333333336 177 54 13.4214557377049
19.1500000000002 177 53 10.9086475409836
20.1666666666668 175 54 9.37694590163934
21.1833333333334 174 53 6.21758032786885
23.2166666666666 174 52 6.04753442622951
24.2333333333332 173 53 7.45792295081967
27.2833333333331 172 54 8.54320437158471
28.2999999999997 171 54 6.27869836065574
29.3166666666663 171 53 6.07282459016394
30.3333333333329 170 54 5.85394098360656
31.3499999999995 170 53 6.08792459016393
32.3666666666661 169 54 7.14542295081968
33.3833333333327 168 53 6.42009344262295
34.3999999999993 168 51 5.58392459016393
36.4333333333325 166 53 6.75334262295082
37.4499999999992 163 54 5.76388852459017
38.4666666666658 162 54 6.54915901639344
40.499999999999 158 57 7.07517131147541
41.5166666666656 157 57 6.41165409836066
42.5333333333322 156 57 8.30584262295082
44.5666666666654 155 58 6.36272459016394
45.583333333332 154 58 6.42742459016393
46.5999999999986 153 58 7.7217262295082
47.6166666666652 152 59 7.45066885245902
48.6333333333319 152 58 7.16212459016394
50.6666666666651 150 57 8.55722786885246
53.7166666666649 150 56 7.93131202185793
55.7499999999981 149 54 8.12370409836065
57.7833333333313 148 54 7.92867131147541
59.8166666666646 147 54 9.62206557377049
61.8499999999978 144 56 10.5176967213115
62.8666666666644 143 57 7.6731737704918
64.8999999999976 142 58 7.12622459016393
67.9499999999974 141 58 5.91424207650273
68.966666666664 140 58 4.21186721311475
72.0166666666639 140 57 5.16164590163934
73.0333333333305 139 58 4.91207540983607
74.0499999999971 139 57 8.94971967213115
76.0833333333303 139 55 11.8599918032787
77.0999999999969 139 54 11.0669967213115
78.1166666666635 137 56 12.1486049180328
81.1666666666633 136 55 12.2584306010929
83.1999999999966 135 55 10.1224844262295
84.2166666666632 135 54 9.88352131147541
85.2333333333298 135 52 8.55045409836066
88.2833333333296 134 53 6.56569672131147
90.3166666666628 133 53 4.89232786885246
99.4666666666623 133 52 4.0114795992714
102.516666666662 132 52 4.18988087431694
105.566666666662 131 53 4.43553989071038
114.716666666661 130 53 4.71173934426229
116.749999999995 130 52 4.17363606557377
118.783333333328 129 53 4.42758360655738
121.833333333328 129 52 4.1866868852459
122.849999999994 128 52 5.19515245901639
125.899999999994 127 53 3.6687480874317
126.916666666661 126 54 3.76584918032787
128.933333333328 126 53 5.49780909090909
137.933333333335 126 52 3.78546148148148
139.933333333337 125 52 3.806985
140.933333333338 124 53 3.719415
143.93333333334 123 53 4.26654833333333
144.933333333341 122 53 3.535785
145.933333333342 122 50 3.599935
147.933333333343 121 50 3.67528833333333
150.933333333346 121 49 3.79764388888889
151.933333333346 121 48 3.274285
152.933333333347 120 49 3.71098666666667
153.933333333348 119 50 3.79613833333333
155.93333333335 119 49 3.6210875
171.933333333362 117 51 4.28653583333333
174.933333333365 117 50 3.996905
180.933333333369 116 51 3.46106194444445
189.933333333377 116 50 3.65458259259259
192.933333333379 115 50 3.32255777777778
193.93333333338 114 51 3.28434
197.933333333383 113 51 3.63603041666667
198.933333333384 112 52 3.31474333333333
211.933333333394 111 53 3.59295807692307
213.933333333396 111 52 3.45854333333333
220.933333333401 110 53 3.70142928571428
230.933333333409 110 51 3.6641995
250.933333333425 109 52 3.55464016666667
251.933333333426 109 51 4.61559666666667
255.933333333429 108 52 3.3100975
272.200000000081 108 51 3.36626393442623
285.416666666736 108 50 3.2772184110971
304.733333333385 107 49 3.21787394305436
306.766666666716 106 50 3.6147762295082
312.866666666711 105 50 3.51716666666667
325.0666666667 104 51 3.04543387978142
329.133333333363 103 51 2.8842737704918
334.216666666691 102 52 3.06686131147541
337.266666666689 102 51 3.0650218579235
341.333333333352 101 52 3.18787950819672
390.133333333307 101 51 3.02562004781421
395.216666666636 100 52 3.70433213114754
396.233333333302 99 53 3.62928852459016
402.333333333296 98 53 3.28976967213115
404.366666666628 97 54 3.21628442622951
419.616666666614 97 53 2.86341245901639
425.716666666608 96 54 2.71214262295082
426.733333333274 95 54 2.87065573770492
433.849999999934 94 55 2.67245362997658
459.266666666578 94 54 2.84579173770492
477.566666666561 94 53 2.69967668488161
479.599999999892 93 53 2.72101393442623
480.616666666558 92 54 2.51822131147541
512.133333333196 92 53 2.59764584875727
523.316666666519 91 53 2.6068521609538
525.349999999851 90 52 2.67971967213115
536.533333333174 89 53 2.49740387481371
537.54999999984 89 52 2.59697049180328
549.749999999829 88 53 2.55197390710382
555.849999999823 87 52 2.52739890710382
570.083333333144 87 51 3.57595281030445
582.283333333132 86 51 2.60328196721312
585.33333333313 85 51 2.48960382513661
590.416666666458 85 50 2.56509737704918
595.499999999787 85 49 2.62452295081967
600 85 49 2.62122131147541
