# New log 23/04/2014 01:06:52
1 192 64 8.47023166666667
4.04999999999999 191 59 5.76380983606557
5.06666666666665 190 56 5.00910491803279
6.08333333333332 190 55 5.25055081967213
7.09999999999998 190 54 5.37950819672131
8.09999999999998 190 53 5.20766333333333
9.10000000000003 190 50 6.60692833333333
10.1000000000001 189 49 11.20209
11.1000000000001 189 44 8.75722166666667
12.1000000000002 186 46 5.935955
13.1000000000002 182 48 7.32418666666667
14.1000000000003 181 47 7.09396666666667
15.1000000000003 180 47 8.574805
18.1333333333336 180 46 8.54558736263736
20.1666666666668 179 47 8.50798360655738
21.1833333333334 178 47 7.51159344262295
22.2 176 47 8.01556885245902
23.2166666666666 176 45 8.31692131147541
24.2333333333332 176 44 8.18804098360656
25.2499999999998 176 43 9.80917213114754
26.2666666666665 174 42 9.35582786885246
27.2833333333331 171 40 9.2480262295082
29.3166666666663 171 39 8.74373524590164
33.3833333333327 169 40 6.96964672131148
35.4166666666659 166 40 5.50229344262295
36.4333333333325 164 40 5.31299836065574
37.4499999999992 162 42 5.12255573770492
40.499999999999 162 41 6.54143606557377
43.5499999999988 162 40 7.00929398907104
47.6166666666652 161 40 6.38471393442622
48.6333333333319 160 40 5.90549836065574
51.6833333333317 160 39 5.34546721311475
54.7333333333315 157 40 5.34786830601093
58.7999999999979 157 39 5.23454918032787
62.8666666666644 156 38 4.53843647540984
64.8999999999976 156 37 4.89340655737705
66.9333333333308 155 37 5.26043770491803
67.9499999999974 155 36 6.06766393442623
68.966666666664 154 34 6.37181967213115
70.9999999999973 153 34 6.24406393442623
72.0166666666639 151 35 6.54136885245902
73.0333333333305 151 34 5.24367868852459
74.0499999999971 150 35 6.6962
75.0666666666637 149 34 7.0003737704918
77.0999999999969 149 33 5.07995819672131
79.1333333333301 148 34 3.7050237704918
80.1499999999967 147 35 4.11888360655738
83.1999999999966 146 35 3.67420655737705
89.2999999999962 145 36 3.75104071038251
90.3166666666628 144 37 4.15333770491803
91.3333333333294 144 36 3.7793131147541
96.4166666666625 143 37 3.75002327868852
105.566666666662 143 35 3.70657905282331
106.583333333329 143 34 3.63010819672131
110.649999999995 143 33 3.65090819672131
113.699999999995 142 34 3.42666338797814
115.733333333328 142 32 3.74729918032787
120.816666666661 142 31 4.38537016393442
127.933333333327 141 32 3.46703325526932
131.93333333333 140 33 4.43122583333333
135.933333333334 139 34 3.73152541666666
138.933333333336 138 34 3.27632
142.933333333339 138 33 3.7631
163.933333333356 137 34 3.26417801587302
166.933333333358 136 34 3.53108333333334
175.933333333365 135 35 3.50790333333333
180.933333333369 134 35 3.522239
183.933333333372 133 35 3.06321111111111
200.933333333385 132 36 3.31867950980392
212.933333333395 131 36 3.48294125
216.933333333398 130 36 3.2374925
226.933333333406 129 36 3.14615383333333
244.93333333342 129 35 3.21845453703703
337.266666666689 128 36 3.20172129963899
341.333333333352 128 35 3.01435696721312
353.53333333334 127 35 3.14028210382513
372.84999999999 126 36 3.16118964624676
394.19999999997 125 36 3.03372326307572
395.216666666636 125 35 2.88859016393443
399.283333333299 124 35 3.30117868852459
407.416666666625 124 34 2.95582991803279
413.516666666619 123 35 3.32874972677596
419.616666666614 122 35 3.01922650273224
440.966666666594 121 35 2.92333005464481
445.033333333257 121 34 2.93804426229509
461.299999999909 121 33 3.41874364754099
550.766666666494 121 32 3.01493451937406
558.89999999982 120 33 3.20544323770492
562.966666666483 120 32 3.78677418032787
600 120 32 3.42051484271156
