# New log 24/04/2014 03:12:48
1 192 64 6.09052166666667
3.03333333333333 192 63 3.99454344262295
4.04999999999999 191 60 4.73095737704918
5.06666666666665 189 56 5.49440163934426
6.08333333333332 189 53 3.19450491803279
9.10000000000003 189 51 3.58049668508287
10.1000000000001 189 48 3.86670333333333
11.1000000000001 188 49 4.45528833333333
12.1000000000002 188 48 5.39626
13.1000000000002 187 47 5.99224166666667
14.1000000000003 187 46 4.85504
15.1000000000003 185 46 5.04209833333333
16.1000000000004 184 46 5.32693333333333
17.116666666667 184 44 7.45649672131148
18.1333333333336 183 43 4.6136
19.1500000000002 181 42 4.03052950819672
20.1666666666668 181 41 4.03627213114754
22.2 181 40 4.23428032786885
24.2333333333332 180 40 3.99191885245902
25.2499999999998 179 39 3.75739344262295
27.2833333333331 177 40 3.4555893442623
28.2999999999997 176 38 3.31767704918033
29.3166666666663 176 37 3.52270819672131
30.3333333333329 176 36 3.59706229508197
33.3833333333327 175 35 3.69201857923497
35.4166666666659 172 38 4.19134836065574
36.4333333333325 171 37 5.2153868852459
37.4499999999992 171 36 4.08923114754098
38.4666666666658 170 36 4.16729180327869
42.5333333333322 169 36 4.8772274590164
43.5499999999988 168 37 5.49423114754098
44.5666666666654 168 36 5.8149606557377
45.583333333332 167 36 5.36161475409836
46.5999999999986 167 34 5.30658196721311
47.6166666666652 165 35 5.45549180327869
49.6499999999985 164 35 5.89015327868853
51.6833333333317 162 36 5.55189918032787
52.6999999999983 161 37 4.81097704918033
55.7499999999981 160 38 5.33285573770492
57.7833333333313 159 39 5.28246803278689
61.8499999999978 157 41 5.66618524590164
65.9166666666642 156 42 5.70015655737705
69.9833333333306 155 41 4.40144795081967
72.0166666666639 154 42 4.88127950819672
74.0499999999971 154 41 4.78432131147541
76.0833333333303 154 40 4.9441106557377
78.1166666666635 153 41 4.82317295081967
79.1333333333301 153 39 4.56819180327869
81.1666666666633 153 38 4.93847131147541
83.1999999999966 152 37 5.09915245901639
85.2333333333298 152 36 6.76966393442623
90.3166666666628 151 36 4.68527442622951
92.349999999996 150 37 4.37737704918033
100.483333333329 149 38 4.95722315573771
101.499999999996 147 39 4.34606721311475
103.533333333329 146 40 4.48740163934426
105.566666666662 145 40 5.04156885245902
106.583333333329 144 40 4.39076229508197
107.599999999995 142 42 4.17751475409836
113.699999999995 142 40 4.51174972677595
115.733333333328 141 41 5.19024180327869
116.749999999995 141 40 4.32312295081967
117.766666666661 141 39 4.93105901639344
126.916666666661 140 40 4.64234626593807
131.93333333333 140 39 4.2412561461794
136.933333333334 139 40 4.60677366666666
138.933333333336 138 41 4.36033666666667
140.933333333338 137 41 4.1868025
143.93333333334 136 41 4.46925611111111
145.933333333342 135 42 4.87192916666667
147.933333333343 134 42 4.9388625
151.933333333346 133 43 5.07277083333334
154.933333333349 132 43 5.05012111111111
156.93333333335 131 43 5.75860416666666
157.933333333351 130 44 6.302045
159.933333333353 129 44 5.97406916666667
166.933333333358 128 44 6.37060523809524
168.93333333336 127 44 5.98503583333334
169.933333333361 126 44 5.095905
172.933333333363 126 43 5.13820388888889
173.933333333364 125 44 4.33713666666667
175.933333333365 124 45 5.05108583333333
179.933333333369 123 46 5.06348458333334
182.933333333371 123 45 5.00827111111111
189.933333333377 123 44 4.63011642857143
192.933333333379 123 43 4.83185777777778
215.933333333397 122 44 4.89674094202899
216.933333333398 121 44 5.480865
221.933333333402 121 43 5.117001
226.933333333406 120 44 4.99698133333334
230.933333333409 119 45 4.64152791666667
232.933333333411 119 44 4.57874833333334
233.933333333412 118 45 4.10635333333333
236.933333333414 117 45 4.48211
275.250000000078 117 44 5.82277411918225
288.466666666733 116 44 6.62463278688525
349.466666666678 116 43 5.3949687431694
360.650000000001 116 42 4.53436780923995
387.08333333331 116 41 4.85679407313998
389.116666666641 115 40 9.19529836065574
390.133333333307 114 41 6.8279475409836
401.31666666663 113 41 4.38933293591655
403.349999999962 113 40 4.38481557377049
405.383333333293 112 41 4.32549262295082
408.433333333291 111 41 4.24579836065574
410.466666666622 110 41 4.37753852459016
412.499999999954 109 41 4.32705409836066
413.516666666619 109 40 4.35509672131148
414.533333333285 108 41 4.03804590163934
417.583333333282 107 42 4.25305409836065
420.633333333279 107 41 4.23350327868852
421.649999999945 106 41 3.95846393442623
422.666666666611 105 41 4.43189016393443
423.683333333277 104 42 3.82498524590164
445.033333333257 103 43 4.10791264637002
476.549999999895 103 42 4.12737752511899
595.499999999787 103 41 2.94739002381952
596.516666666453 102 42 1.50959344262295
600 102 42 1.5013868852459
