# New log 27/04/2014 04:19:32
1 120 8 1.95486333333333 10.4695666666667
4.04999999999999 119 8 2.41408032786885 2.07335355191257
5.06666666666665 119 7 3.38395409836066 1.35266721311475
13.1000000000002 118 8 1.56560352697095 7.38304315352697
17.116666666667 117 9 1.3262622406639 11.6236560165975
18.1333333333336 117 8 1.44309180327869 11.7337393442623
19.1500000000002 116 8 5.99130327868853 11.2832918032787
20.1666666666668 116 7 2.16108852459016 11.657868852459
23.2166666666666 115 7 1.08178087431694 11.9162956284153
26.2666666666665 115 6 1.12433442622951 11.9428453551913
30.3333333333329 114 7 1.14178155737705 10.1945274590164
43.5499999999988 113 7 1.3524001261034 10.3084384615385
44.5666666666654 113 6 0.887137704918033 10.8788655737705
49.6499999999985 113 5 1.0521393442623 6.54422491803279
50.6666666666651 113 4 1.18995409836066 6.04347868852459
51.6833333333317 113 3 1.15568032786885 7.06729016393443
53.7166666666649 113 2 1.23916557377049 6.15490081967213
56.7666666666647 113 1 1.22930601092896 6.76527923497268
128.933333333328 112 2 1.69579939953811 6.75730249422633
140.933333333338 111 3 0.998008750000001 4.60229555555556
153.933333333348 110 4 0.999273333333331 3.73877961538462
201.933333333386 110 3 0.964532986111112 3.00743052083333
205.933333333389 110 2 0.893195833333333 2.84420791666667
209.933333333393 110 1 0.968970833333334 2.69312458333333
422.666666666611 110 0 0.957625720777189 4.14836057662175
600 110 0 0.97152345667448 3.90551579391101
