# New log 27/04/2014 03:48:44
1 120 8 1.602045 4.62881
3.03333333333333 120 7 1.35959590163934 0.82250737704918
4.04999999999999 120 5 1.23902786885246 1.90492131147541
13.1000000000002 119 5 1.50600994475138 6.81749686924494
15.1000000000003 119 4 2.1700425 6.3180175
20.1666666666668 118 5 1.12782730263158 1.64055789473684
26.2666666666665 117 4 0.877700546448087 1.88580273224044
27.2833333333331 116 5 1.03465573770492 2.50870819672131
31.3499999999995 115 5 0.827250819672132 2.29987254098361
33.3833333333327 115 4 0.793129508196721 0.86614262295082
36.4333333333325 114 4 0.730871584699454 2.17415191256831
46.5999999999986 114 3 0.809414098360655 8.38657508196721
57.7833333333313 114 2 0.775974068554396 0.460839493293592
225.933333333405 113 3 0.924053097432846 1.05382761423332
297.616666666725 112 3 0.938944478028365 0.334616391536852
312.866666666711 111 3 0.870087540983606 0.312352677595628
409.449999999956 111 2 0.861874012079376 0.31503692838654
411.483333333288 111 1 0.848195081967213 0.320131147540984
473.499999999898 110 2 0.879830287557109 0.31917807041118
521.283333333188 109 2 0.872753749564003 0.556710847575863
558.89999999982 108 3 0.866524678777139 0.613576163048294
572.116666666475 107 3 0.859433291298867 0.612484615384615
600 107 3 0.855999063231852 0.614950644028103
