# New log 27/04/2014 03:53:55
1 120 8 1.61895 9.82850166666667
4.04999999999999 120 5 1.39756120218579 1.74126229508197
6.08333333333332 119 5 3.38226147540984 6.10197786885246
7.09999999999998 118 5 3.11367704918033 3.54737704918033
8.09999999999998 118 4 2.226955 4.07421333333333
9.10000000000003 117 5 2.02809333333333 5.20711166666667
10.1000000000001 117 4 1.76591833333333 5.71816666666667
12.1000000000002 117 3 1.12265416666667 6.78623166666667
15.1000000000003 116 4 2.02185055555556 2.36145277777778
26.2666666666665 115 4 3.68897179104478 2.37796925373134
33.3833333333327 114 5 2.08720725995316 1.06940843091335
34.3999999999993 114 4 1.17674918032787 1.23076721311475
37.4499999999992 112 6 1.44034316939891 1.30333387978142
69.9833333333306 112 5 1.11339805327869 5.89248719262295
83.1999999999966 112 4 0.98147528373266 5.21428108448928
84.2166666666632 111 5 0.768737704918033 5.22770819672131
103.533333333329 111 4 0.873136324417601 5.43523140638481
110.649999999995 110 5 0.80442037470726 5.40807330210773
118.783333333328 109 5 0.785461680327869 5.3002518442623
120.816666666661 108 5 0.757747540983607 5.2835393442623
146.933333333342 108 4 0.774347543075941 5.391186279515
208.933333333392 107 5 0.753953844086022 5.61701758064516
247.933333333423 107 4 0.747878846153847 3.95982726495727
252.933333333427 106 5 0.730160333333334 2.19782333333333
253.933333333428 106 4 0.728526666666667 1.16154166666667
255.933333333429 105 5 0.7507075 0.846375833333333
262.033333333424 104 6 0.73891174863388 1.50241721311475
263.050000000089 103 6 0.730006557377049 1.39571803278689
280.333333333407 102 7 0.728944455159114 1.92220453230473
281.350000000073 102 6 0.73414262295082 0.856214754098361
285.416666666736 102 5 0.721327868852459 0.687206557377049
286.433333333401 102 4 0.697867213114754 1.08951639344262
289.483333333399 101 5 0.68499781420765 0.949194535519126
290.500000000064 100 6 0.676067213114754 0.996888524590164
295.583333333393 99 6 0.684163278688525 1.31503967213115
354.550000000006 98 7 0.680295675522895 1.26435825325042
363.699999999998 97 8 0.667324954462659 1.63645391621129
368.783333333327 96 9 0.640250491803279 0.547086885245902
371.833333333324 96 8 0.663831147540984 1.05462732240437
380.983333333316 95 9 0.636732969034609 1.55785992714026
381.999999999981 94 9 0.598088524590164 0.918034426229508
384.033333333313 93 9 0.618077049180328 0.82855737704918
391.149999999973 91 9 0.62357868852459 0.739761358313817
429.783333333271 91 8 0.698218075927523 0.833183175150992
435.883333333266 91 7 0.608039890710383 0.67055
437.916666666597 90 8 0.614299180327869 0.596109836065574
440.966666666594 90 7 0.625833333333334 0.990291803278688
447.066666666589 89 8 0.591936338797815 0.797629234972678
483.666666666555 89 7 0.60025510018215 0.699057969034608
519.249999999856 88 7 0.678659250585478 0.497183138173302
562.966666666483 88 6 0.615026343881052 0.580126839496759
600 88 6 0.618187505538324 0.470714045192734
