# New log 27/04/2014 03:11:21
1 120 8 1.943675 11.1009883333333
3.03333333333333 120 7 1.53605491803279 5.55609262295082
5.06666666666665 120 6 2.00205573770492 3.52263852459016
9.10000000000003 119 7 2.80824338842975 1.06413842975207
19.1500000000002 119 6 1.62522537313433 4.50685389718076
20.1666666666668 119 5 1.15726065573771 12.8738983606557
23.2166666666666 118 5 1.3154043715847 12.9390650273224
26.2666666666665 118 4 1.11543442622951 12.7792775956284
27.2833333333331 117 5 1.01395901639344 11.8171131147541
44.5666666666654 116 6 1.47110906460945 12.6276484088717
48.6333333333319 116 5 0.922930327868853 13.3816549180328
60.8333333333312 116 4 0.985900819672131 11.882581284153
61.8499999999978 115 4 0.926067213114754 11.1879868852459
63.883333333331 114 4 0.973105737704918 12.3586090163934
67.9499999999974 113 4 0.995921721311475 12.014131147541
74.0499999999971 112 4 1.01386202185792 11.9327620218579
83.1999999999966 112 3 0.976998178506375 12.7997409836066
147.933333333343 112 2 1.21622136972194 10.5352396755922
149.933333333345 111 2 0.93882 11.331795
159.933333333353 111 1 0.889088666666667 10.7240545
243.93333333342 111 0 0.88399900793651 10.2907314087302
600 111 0 0.892590041590729 9.5424661666433
