# New log 27/04/2014 04:02:03
1 120 8 3.18149833333333 2.35833833333333
3.03333333333333 120 7 1.79516147540984 1.96252295081967
4.04999999999999 120 5 1.5872131147541 1.25656885245902
5.06666666666665 120 3 1.8816 1.48090655737705
9.10000000000003 119 3 2.39337768595041 0.724288016528926
11.1000000000001 118 4 3.26465583333333 0.488594166666667
19.1500000000002 118 3 3.37833830227743 0.425174741200828
21.1833333333334 117 4 2.65560409836065 0.185588524590164
31.3499999999995 116 5 2.97205852459016 0.904003770491803
39.4833333333324 116 4 2.38092090163935 2.69496475409836
45.583333333332 115 4 2.84627021857924 3.06956557377049
76.0833333333303 114 5 2.95382797814208 1.73704431693989
87.266666666663 114 4 1.87354232488823 0.59249001490313
93.3666666666627 114 3 1.61728333333333 0.56056912568306
98.4499999999957 113 4 1.62556163934426 0.362013114754098
111.666666666662 113 3 1.65734161412358 0.357802648171501
126.916666666661 112 4 1.51458349726776 0.0532622950819672
134.933333333333 111 4 1.5625841995842 0.0359016632016632
147.933333333343 111 3 1.58322128205128 0.0342246153846154
148.933333333344 111 2 1.59015666666667 0.00018
194.933333333381 110 3 1.58794916666667 0.0288538405797101
204.933333333389 109 4 1.61897883333333 0.0235773333333333
206.93333333339 109 3 1.587235 0.02139
207.933333333391 108 4 1.54421 0.029295
208.933333333392 107 5 1.49551666666667 0.0358133333333333
210.933333333393 106 5 1.474995 0.0180525
211.933333333394 105 6 1.6444 0.0315166666666667
213.933333333396 103 8 1.41325583333333 0.0478575
214.933333333397 100 11 1.31850666666667 0.00019
215.933333333397 99 12 1.28079666666667 0.00251166666666667
220.933333333401 98 13 1.24462666666667 0.00808333333333333
229.933333333408 98 12 1.23774944444445 0.0161788888888889
240.933333333417 97 13 1.2691703030303 0.0160172727272727
241.933333333418 97 12 1.28821 0.03962
256.950000000095 97 11 1.21136337402886 0.0408438401775805
287.450000000067 96 11 1.19844836065574 0.0579483606557377
296.600000000059 95 12 1.23223879781421 0.0286120218579235
301.683333333388 95 11 1.20846852459016 0.00782950819672131
309.816666666714 94 12 1.25852889344262 0.0865737704918033
314.900000000042 93 12 1.22747573770492 0.14022
316.933333333374 93 11 1.21126557377049 0.0634704918032787
317.950000000039 92 12 1.23623114754098 0.136239344262295
340.316666666686 92 11 1.21462369597615 0.0882859165424739
341.333333333352 92 10 1.2629737704918 0.17262131147541
343.366666666683 91 10 1.12908606557377 0.242750819672131
344.383333333349 90 11 1.09109344262295 0.204355737704918
347.433333333346 89 12 1.10063005464481 0.0749896174863388
348.450000000012 88 13 1.0584 0.168926229508197
366.749999999995 88 12 1.0163393442623 0.272265846994536
386.066666666644 88 11 0.993738826574632 0.118646678170837
390.133333333307 88 10 0.994677868852459 0.0425188524590164
402.333333333296 87 11 1.02002786885246 0.157065163934426
411.483333333288 86 12 1.03025846994536 0.157301092896175
421.649999999945 85 13 1.08040081967213 0.0418591803278689
430.799999999937 84 13 1.02549726775956 0.0339193078324226
441.98333333326 83 13 1.17495022354694 0.0751150521609538
444.016666666592 82 14 1.07291967213115 0.00821967213114754
445.033333333257 82 13 1.04847540983607 0.00709180327868853
446.049999999923 81 14 1.13833114754098 0.270031147540984
448.083333333254 80 15 1.03079426229508 0.0866311475409836
450.116666666586 79 16 1.01265 0.130670491803279
453.166666666583 78 17 1.03545573770492 0.0918076502732241
460.283333333243 78 16 0.973831615925058 0.132755737704918
462.316666666575 78 15 0.938165573770492 0.0288098360655738
473.499999999898 77 15 0.940116691505215 0.020132041728763
474.516666666564 77 14 0.941727868852459 0.0120639344262295
476.549999999895 76 15 0.889390983606558 0.000421311475409836
510.099999999865 75 15 0.929613859910581 0.0347844510680576
520.266666666522 75 14 0.932456885245901 0.00506213114754098
570.083333333144 74 15 0.990136935429912 0.0310008029441285
571.099999999809 74 14 0.980577049180328 0.000167213114754098
579.233333333135 73 15 1.02123360655738 0.0492239754098361
593.466666666456 73 14 0.934244730679157 0.0478473067915691
600 73 13 0.9769981264637 0.00543114754098361
