# New log 27/04/2014 05:07:08
1 120 8 2.03303333333333 0.778626666666667
4.04999999999999 118 10 1.29566885245902 0.612077049180328
5.06666666666665 117 9 1.56394918032787 0.819562295081967
6.08333333333332 117 8 1.35042786885246 0.572377049180328
7.09999999999998 117 7 1.67457213114754 0.437218032786885
10.1000000000001 116 8 1.87199277777778 0.845773888888889
11.1000000000001 116 7 1.5514 0.394748333333333
14.1000000000003 115 6 1.63060388888889 0.674240555555556
27.2833333333331 114 6 2.93465701643489 0.665128950695323
30.3333333333329 114 5 1.53465573770492 1.17469672131148
32.3666666666661 113 6 1.82066803278688 2.03797459016393
40.499999999999 112 7 2.00694303278688 1.7824862704918
51.6833333333317 112 6 2.72421117734724 2.00649329359165
57.7833333333313 111 6 2.23052459016393 1.54274262295082
60.8333333333312 111 5 1.12605956284153 1.87864480874317
63.883333333331 111 4 1.66100765027322 1.55451147540984
96.4166666666625 110 5 1.93628878073771 1.66273360655738
115.733333333328 110 3 1.63666867989646 1.1862067299396
118.783333333328 110 2 1.38338360655738 0.954730601092896
139.933333333337 109 3 1.58357423167849 0.618571237194641
167.933333333359 108 3 0.817301607142858 0.392997321428571
170.933333333362 108 2 0.736498888888889 0.161647777777778
182.933333333371 107 2 0.720617083333333 0.218530416666667
213.933333333396 106 3 0.683923118279569 0.289521451612903
216.933333333398 105 4 0.677981111111111 0.214637777777778
227.933333333407 105 3 1.74671727272728 0.594949545454545
230.933333333409 105 2 1.16345555555556 0.637688333333333
232.933333333411 105 1 0.756230833333334 0.645859166666667
244.93333333342 105 0 0.980447916666667 0.358934166666667
600 105 0 0.806574848868273 0.108191475701767
