# New log 27/04/2014 04:34:58
1 120 8 1.57428333333333 6.06313166666667
4.04999999999999 119 7 1.4188956284153 1.22428142076503
5.06666666666665 119 6 1.16104918032787 0.355867213114754
13.1000000000002 119 5 1.57761556016597 2.2127489626556
14.1000000000003 118 6 1.38561666666667 2.191215
17.116666666667 117 7 1.0554546961326 0.515437569060774
20.1666666666668 116 8 0.929695628415301 1.14724918032787
23.2166666666666 116 7 1.56830382513661 1.12950710382514
31.3499999999995 116 6 1.01729036885246 0.589553073770492
47.6166666666652 115 7 1.0129449795082 1.37812151639344
48.6333333333319 115 6 0.966065573770492 2.57131147540984
57.7833333333313 115 5 0.990565573770492 1.40667887067395
73.0333333333305 114 4 0.994134972677597 0.398829945355191
81.1666666666633 114 3 1.00357786885246 0.133538319672131
85.2333333333298 114 2 0.974862704918034 0.0805209016393443
91.3333333333294 113 3 0.983053005464481 0.0291087431693989
93.3666666666627 113 2 0.90332131147541 0.0171844262295082
98.4499999999957 112 3 0.969140983606558 0.0881695081967213
147.933333333343 111 4 0.979773896934996 0.178575277871337
178.933333333368 111 3 0.925318763440862 0.0282131720430108
284.40000000007 111 2 0.931967225031612 0.155042635903919
519.249999999856 110 2 0.954019310198005 0.850321829536584
536.533333333174 110 1 0.953039729990358 0.908374638379942
600 110 1 0.946059588862867 0.901392505854801
