# New log 27/04/2014 04:57:50
1 120 8 1.89062833333333 0.453981666666667
4.04999999999999 120 7 1.17897431693989 0.334187431693989
6.08333333333332 120 5 1.65826557377049 0.287909836065574
7.09999999999998 120 4 2.36542786885246 0.308983606557377
11.1000000000001 120 3 1.11894291666667 0.299445833333333
15.1000000000003 119 4 1.07116166666667 0.440933333333333
19.1500000000002 119 3 2.28012510288066 0.563231275720165
20.1666666666668 118 4 1.13775245901639 0.614173770491803
26.2666666666665 117 4 1.56249726775956 0.548519945355191
38.4666666666658 117 3 2.32621051912569 3.30769426229508
76.0833333333303 116 4 1.17947235268055 2.08171630482942
88.2833333333296 115 5 0.750341666666666 0.576144398907104
96.4166666666625 114 6 0.708403073770492 0.571420081967213
117.766666666661 113 6 0.723646135831382 0.0790152224824356
134.933333333333 113 4 0.742180291262136 0.0209891262135922
137.933333333335 113 3 0.727719444444444 0.00159277777777778
140.933333333338 113 2 0.770734444444444 0.03204
194.933333333381 112 3 0.799964938271606 0.0120337037037037
196.933333333382 112 2 0.708135833333334 0.00119083333333333
197.933333333383 111 3 0.679 0.00142333333333333
200.933333333385 110 3 0.662663333333333 0.0164761111111111
204.933333333389 109 2 0.678184166666667 0.0165645833333333
205.933333333389 108 2 0.916826666666667 0.113436666666667
210.933333333393 108 0 0.711193333333334 0.00427433333333333
600 108 0 0.671624996791992 0.0133956071688267
