# New log 27/04/2014 03:22:36
1 120 8 1.83922333333333 9.70950333333333
3.03333333333333 118 9 1.97452131147541 1.58653852459016
6.08333333333332 118 8 3.63543333333333 1.7537825136612
10.1000000000001 117 9 1.54565850622407 1.1088867219917
12.1000000000002 117 8 1.24862166666667 1.57960333333333
13.1000000000002 117 6 1.25542 4.14053166666667
14.1000000000003 116 7 0.841865 2.95479833333333
15.1000000000003 115 8 0.854109999999999 1.19357166666667
17.116666666667 115 7 1.76151570247934 0.555735537190083
20.1666666666668 114 5 2.02244590163935 0.790175409836066
34.3999999999993 114 4 1.81566393442623 6.46559718969555
123.866666666661 114 3 1.06836171758569 5.61403852459016
136.933333333334 113 4 0.848749489795918 7.61026670918367
142.933333333339 112 5 0.870264444444445 7.97488638888889
147.933333333343 111 5 0.848690666666667 8.69339333333333
149.933333333345 111 4 0.881660833333333 9.09835083333333
152.933333333347 110 3 0.819526111111111 9.14160777777778
153.933333333348 109 4 0.795138333333333 8.918965
154.933333333349 108 4 0.790993333333333 8.99394
179.933333333369 107 5 0.804763 8.51287673333333
197.933333333383 106 6 0.844495925925927 8.11959101851852
200.933333333385 106 5 0.797821666666667 8.85245833333333
201.933333333386 105 6 0.772545 8.77730166666667
206.93333333339 105 5 0.789158333333333 8.904503
211.933333333394 104 6 0.764032333333334 8.58708133333333
225.933333333405 104 5 0.821299523809524 10.7216005952381
248.933333333424 104 4 0.831456739130436 11.2572778985507
306.766666666716 103 5 0.819210489913546 10.2114555043228
326.083333333365 103 4 0.811812165660052 11.0102189818809
339.30000000002 103 3 0.835513871374528 10.056736443884
344.383333333349 103 2 0.810275737704919 9.95356065573771
351.500000000009 102 3 0.80988056206089 9.89274894613583
354.550000000006 101 3 0.80413825136612 9.94149726775956
393.183333333304 101 2 0.809240207075065 10.192838783434
403.349999999962 101 1 0.788232786885245 12.0299339344262
425.716666666608 100 1 0.794920715350225 10.8980415797317
492.816666666547 99 2 0.792691679085943 10.719841182315
558.89999999982 98 2 0.832575863808321 9.17907601513241
600 98 2 0.818740863654537 9.2736481407437
