# New log 27/04/2014 03:31:15
1 120 8 1.94315666666667 0.806193333333333
4.04999999999999 119 9 2.99794426229508 4.61871803278689
5.06666666666665 119 7 1.83389508196721 7.64846721311475
9.10000000000003 119 6 1.30398553719008 1.02496570247934
10.1000000000001 118 7 1.363285 0.250251666666667
14.1000000000003 117 8 2.2303475 2.49980791666667
15.1000000000003 117 7 6.85253 2.06871166666667
19.1500000000002 116 8 5.96323868312757 1.21251604938272
22.2 115 9 4.47291530054645 0.893818032786885
26.2666666666665 114 8 5.97242868852459 1.11667090163934
30.3333333333329 113 9 2.21373524590164 0.452925409836066
41.5166666666656 113 8 3.0067174366617 0.61747868852459
42.5333333333322 113 7 2.18806229508197 0.333493442622951
43.5499999999988 112 7 0.976575409836065 0.136568852459016
45.583333333332 112 6 3.5170393442623 0.501931967213115
46.5999999999986 112 5 8.18124098360656 1.15722459016393
47.6166666666652 111 6 8.60399016393443 1.18527049180328
55.7499999999981 110 7 1.89130471311476 3.18145409836066
56.7666666666647 109 8 2.03886885245902 4.92204918032787
64.8999999999976 108 8 5.28906721311475 3.16042643442623
66.9333333333308 108 6 3.46504918032787 1.56656721311475
70.9999999999973 107 7 0.983982377049181 1.01790204918033
82.18333333333 106 7 0.755628315946349 2.40685991058122
83.1999999999966 106 6 0.66274262295082 0.0314540983606557
94.3833333333293 106 5 0.639214157973174 0.00805022354694486
99.4666666666623 105 6 0.623686557377049 0.0106016393442623
101.499999999996 105 4 0.633183606557377 0.0207975409836066
107.599999999995 104 4 0.670209289617487 0.45076693989071
109.633333333328 103 5 0.656755737704918 0.00324262295081967
115.733333333328 103 4 0.640595901639345 0.100429781420765
117.766666666661 102 4 0.60278606557377 0.0301590163934426
120.816666666661 101 5 0.61478306010929 0.0065568306010929
121.833333333328 101 4 0.587359016393443 0.0153344262295082
124.883333333328 100 4 0.596382513661202 0.0174639344262295
126.916666666661 99 5 0.565722131147541 0.00267540983606557
128.933333333328 98 6 0.553085123966942 0.0213173553719008
158.933333333352 97 7 0.550831111111111 0.0164685
185.933333333373 96 7 0.543369259259259 0.0143991358024691
205.933333333389 95 8 0.533301333333334 0.00920916666666667
235.933333333413 94 8 0.517433222222222 0.00726572222222222
246.933333333422 93 9 0.519192575757576 0.00214030303030303
248.933333333424 92 10 0.5101325 0.00269
249.933333333424 91 11 0.510635 0.00920166666666667
258.983333333426 90 12 0.520867955801105 0.00861178637200737
269.150000000084 89 12 0.519644918032787 0.00902295081967213
273.216666666747 88 13 0.48079262295082 0.00650327868852459
279.316666666741 87 13 0.489274590163934 0.0503448087431694
289.483333333399 86 14 0.491367213114754 0.062353606557377
291.51666666673 85 14 0.488301639344262 0.0549991803278689
304.733333333385 85 13 0.474784363177806 0.0218958385876419
309.816666666714 85 12 0.468785245901639 0.00123081967213115
327.100000000031 85 11 0.458288717454194 0.00272960462873674
407.416666666625 84 12 0.468222660302967 0.00396306287611538
410.466666666622 83 13 0.492741530054645 0.000197267759562842
428.766666666605 83 12 0.459353916211294 0.00205072859744991
432.833333333268 82 13 0.487512704918032 0.00576598360655738
433.849999999934 82 12 0.495413114754099 0.0483622950819672
435.883333333266 81 12 0.540146721311475 0.0357401639344262
436.899999999931 80 13 0.46078524590164 0.00754590163934426
442.999999999926 79 14 0.461818306010929 0.0110073770491803
445.033333333257 78 15 0.467746721311476 0.000162295081967213
447.066666666589 77 15 0.647359016393443 0.0752368852459017
455.199999999915 76 15 0.447830327868852 0.00455389344262295
459.266666666578 76 14 0.489725409836066 0.102193032786885
462.316666666575 75 15 0.45245737704918 0.0261617486338798
505.016666666536 74 14 0.477853903200624 0.0113846994535519
515.183333333193 74 13 0.490576885245902 0.0303616393442623
519.249999999856 74 12 0.510422131147541 0.0472135245901639
520.266666666522 73 12 0.507398360655738 0.0466409836065574
522.299999999854 73 11 0.456106557377049 0.000783606557377049
527.383333333182 73 10 0.481948524590164 0.00211672131147541
544.6666666665 73 9 0.453865670202508 0.00263500482160077
567.033333333146 72 10 0.514223770491803 0.00800201192250373
578.216666666469 71 10 0.462243666169895 0.0106831594634873
600 71 10 0.458870044709389 0.00102302533532042
