# New log 27/04/2014 03:29:23
1 120 8 4.059815 1.84331166666667
3.03333333333333 120 7 2.74516229508197 0.526672950819672
4.04999999999999 119 7 2.56830819672131 0.661654098360656
10.1000000000001 118 7 2.79714848484848 0.565217906336088
15.1000000000003 118 6 3.62020933333333 0.823236
16.1000000000004 118 5 4.27851166666667 0.55223
19.1500000000002 117 5 6.0611825136612 0.574386338797814
20.1666666666668 116 6 9.00968524590164 0.800996721311475
27.2833333333331 116 5 6.38410444964872 0.565759016393443
32.3666666666661 115 6 5.72489442622951 0.388844590163934
33.3833333333327 115 5 4.72290983606557 0.262188524590164
34.3999999999993 113 6 4.24072459016394 0.408022950819672
35.4166666666659 112 7 6.94825245901639 0.525681967213115
39.4833333333324 111 8 3.41697868852459 0.443254098360656
51.6833333333317 111 7 4.98314836065574 1.0391456284153
52.6999999999983 111 6 7.28432950819672 3.48682131147541
57.7833333333313 111 5 3.34494491803279 5.99169442622951
64.8999999999976 110 4 4.00352154566745 8.02270889929742
67.9499999999974 109 5 2.63970655737705 6.53211038251366
72.0166666666639 109 4 2.80361270491803 4.15218237704918
78.1166666666635 109 3 1.73463770491803 0.0278379781420765
83.1999999999966 108 4 1.75947770491803 0.0190855737704918
84.2166666666632 108 2 1.6453262295082 0.00635245901639344
86.2499999999964 107 3 1.57519426229508 0.00843934426229508
88.2833333333296 106 3 1.52552950819672 0.0017655737704918
91.3333333333294 105 4 1.48545683060109 0.00640382513661202
99.4666666666623 104 4 1.4471631147541 0.0156850409836066
110.649999999995 103 5 1.43994381520119 0.0151147540983607
116.749999999995 102 5 1.42818306010929 0.0079707650273224
131.93333333333 102 4 1.35871427003293 0.0247166849615807
166.933333333358 101 5 1.37656204761905 0.076953380952381
177.933333333367 100 6 1.3641896969697 0.0127886363636364
179.933333333369 100 5 1.34482333333333 0.004525
181.93333333337 99 6 1.307295 0.00268
183.933333333372 98 7 1.28364166666667 0.000799166666666667
208.933333333392 97 8 1.29502433333333 0.0052008
209.933333333393 97 7 1.30927833333333 0.000225
222.933333333403 96 8 1.24456102564103 0.00390717948717949
224.933333333404 95 9 1.26459916666667 0.000819166666666667
231.93333333341 94 10 1.23434 0.00374142857142857
234.933333333412 93 11 1.23513444444444 0.00450111111111111
239.933333333416 93 10 1.22733033333333 0.00155933333333333
240.933333333417 92 11 1.20218166666667 0.000205
252.933333333427 91 11 1.22495944444445 0.001155
281.350000000073 90 12 1.19731736070381 0.00508756598240469
298.63333333339 90 11 1.16684474445516 0.00308649951783992
299.650000000056 89 12 1.23070163934426 0.000162295081967213
302.700000000053 88 12 1.17209071038251 0.00311693989071038
332.18333333336 88 11 1.14807687959299 0.000925211984171849
333.200000000026 88 10 1.18313114754098 0.00232786885245902
345.400000000015 87 10 1.15922226775956 0.0573090163934426
349.466666666678 86 11 1.20730614754098 0.0348254098360656
356.583333333338 86 10 1.11478360655738 0.00282201405152225
390.133333333307 85 11 1.16631251862891 0.0106739692001987
404.366666666628 85 10 1.15793969555035 0.00281604215456674
412.499999999954 85 9 1.18695266393443 0.00281209016393443
413.516666666619 85 8 1.16815901639344 0.000147540983606557
416.566666666616 85 7 1.20153278688525 0.0165775956284153
422.666666666611 84 7 1.21785409836066 0.000770218579234973
423.683333333277 84 6 1.1673131147541 0.00312622950819672
455.199999999915 83 6 1.16895092543628 0.000663775780010576
522.299999999854 83 5 1.16128323397913 0.000516244411326379
537.54999999984 83 4 1.2596418579235 0.00535005464480874
567.033333333146 82 5 1.18408818541549 0.00104669304691916
569.066666666478 81 6 1.18495327868852 0.00019672131147541
571.099999999809 80 6 1.14753524590164 0.00395327868852459
572.116666666475 79 6 1.11279672131148 0.000319672131147541
600 79 6 1.09138928571429 0.0011617681498829
