# New log 27/04/2014 04:10:39
1 120 8 1.81109833333333 9.94438
5.06666666666665 120 7 1.16385081967213 4.68238360655738
6.08333333333332 120 6 1.37328852459016 11.0695147540984
7.09999999999998 120 5 1.13993934426229 11.0726016393443
11.1000000000001 120 3 1.21745541666667 11.0060933333333
22.2 120 2 1.16301936936937 10.8726436936937
95.3999999999959 119 3 1.09785881147541 10.4919470856102
120.816666666661 118 4 0.977716721311476 7.62152459016393
151.933333333346 117 5 0.917119442956614 9.01611788966256
156.93333333335 116 5 0.872388000000001 7.21389733333333
172.933333333363 115 6 0.873280937500001 8.02983197916667
179.933333333369 114 6 0.868109047619049 8.33391214285714
187.933333333375 113 6 0.857122916666666 8.793675
191.933333333378 113 5 0.831802916666666 7.355955
192.933333333379 112 6 0.813853333333333 7.25555
193.93333333338 111 6 0.815591666666666 6.72155666666667
194.933333333381 111 5 0.811786666666667 7.086765
195.933333333381 111 4 0.821066666666667 8.41514166666667
199.933333333385 110 5 0.827653333333333 8.39223791666667
202.933333333387 109 6 0.819470555555555 8.39566555555556
251.933333333426 108 7 0.837248775510201 7.42633765306122
271.183333333415 108 6 0.821572554112554 4.27373038961039
278.300000000076 108 5 0.792183372365339 4.39542201405152
318.966666666705 108 4 0.789243606557376 4.13162590163934
367.766666666661 107 5 0.795868920765027 4.3565756489071
369.799999999992 107 4 0.934802459016394 4.09331967213115
408.433333333291 106 3 0.759094650560829 4.17862113891286
440.966666666594 105 4 0.756050614754098 4.98464887295082
480.616666666558 104 5 0.748497015552754 4.86572938209332
502.983333333205 104 4 0.736471013412817 4.2269476900149
530.43333333318 104 3 0.735351366120218 2.62389083181542
547.716666666497 104 2 0.719898264223723 4.56644821600772
600 104 2 0.749995586380834 4.62508965952081
