# New log 25/04/2014 02:26:10
1 120 8 1.78474666666667 0.498408333333333
5.06666666666665 119 9 1.12192581967213 0.521345081967213
6.08333333333332 119 8 0.949449180327869 0.108736065573771
7.09999999999998 118 8 0.905588524590164 0.250652459016393
10.1000000000001 118 7 1.73652666666667 0.245951666666667
11.1000000000001 117 7 3.27251333333333 0.303231666666667
14.1000000000003 116 8 3.46572 0.424497222222222
36.4333333333325 116 7 2.34805320895523 2.66201611940299
40.499999999999 116 6 2.10414549180328 5.05215163934426
46.5999999999986 115 6 1.50475273224044 4.031993715847
49.6499999999985 114 7 0.998355191256831 1.62239344262295
59.8166666666646 114 6 2.13167983606557 1.38423918032787
60.8333333333312 114 5 1.91649672131148 0.685213114754098
61.8499999999978 113 6 2.1597262295082 0.798596721311476
64.8999999999976 112 6 2.06406666666667 2.67143169398907
66.9333333333308 111 7 1.94660655737705 1.31172131147541
73.0333333333305 110 7 1.94206475409836 1.81571530054645
77.0999999999969 110 5 1.99595040983606 3.06250040983607
88.2833333333296 109 5 1.95120193740686 0.808191356184799
91.3333333333294 108 6 1.94443606557377 0.375010928961749
93.3666666666627 107 7 1.94695737704918 0.157591803278689
94.3833333333293 106 7 1.89349344262295 0.0851836065573771
96.4166666666625 106 5 1.75279098360656 0.0519631147540984
97.4333333333291 104 7 1.56360163934426 0.0438885245901639
98.4499999999957 103 8 0.713714754098361 0.148086885245902
100.483333333329 102 9 0.611091803278689 0.108987704918033
101.499999999996 101 9 0.548352459016393 0.0193147540983607
114.716666666661 100 10 0.72646343001261 0.262873770491803
117.766666666661 100 9 1.07661912568306 0.391736612021858
118.783333333328 100 8 1.43565737704918 0.362209836065574
121.833333333328 100 7 1.17765464480874 0.477129508196721
122.849999999994 100 6 1.31939344262295 0.81194262295082
123.866666666661 99 7 0.825770491803278 0.48317868852459
124.883333333328 99 6 0.816277049180328 0.411327868852459
126.916666666661 98 7 0.918250819672131 0.393946721311475
128.933333333328 97 8 0.785159504132231 0.364209917355372
130.93333333333 96 9 0.764449166666667 0.303453333333333
137.933333333335 95 10 0.655823571428571 0.0950452380952381
141.933333333338 95 9 1.41950333333333 0.246485
145.933333333342 94 10 1.216775 0.18363875
147.933333333343 93 11 0.6206825 0.0733216666666667
159.933333333353 93 10 0.788638888888889 0.111801805555556
160.933333333354 93 9 1.26716333333333 0.125175
162.933333333355 92 9 1.56735 0.1213525
176.933333333366 92 8 1.43200202380952 0.263916785714286
177.933333333367 92 7 1.109715 0.254433333333333
179.933333333369 92 6 1.17291166666667 0.172863333333333
181.93333333337 92 5 0.736200833333334 0.103043333333333
203.933333333388 91 6 0.996482954545454 0.142544545454545
207.933333333391 90 6 0.717912916666667 0.14136
215.933333333397 90 5 0.889156666666667 0.145685208333333
219.933333333401 89 6 0.618910416666667 0.08503
254.933333333428 88 6 1.06597476190476 0.248584285714286
312.866666666711 88 5 0.609053970080554 0.104682105868815
315.916666666708 86 7 0.649088524590164 0.111365027322404
333.200000000026 86 6 0.646346962391514 0.104465091610415
334.216666666691 86 5 0.848288524590164 0.137165573770492
335.233333333357 86 4 0.908847540983607 0.0796196721311476
338.283333333354 85 4 0.977944262295082 0.114992349726776
341.333333333352 85 3 1.55513989071038 0.196622950819672
350.483333333343 84 4 0.702687795992714 0.208816757741348
354.550000000006 83 5 0.583009016393442 0.0750377049180328
355.566666666672 81 5 0.577186885245902 0.0816852459016394
362.683333333332 80 5 1.46094004683841 0.190398360655738
367.766666666661 79 5 0.595797049180328 0.533111475409836
368.783333333327 78 6 0.567981967213115 0.519324590163935
371.833333333324 77 7 1.17913825136612 0.571405464480874
376.916666666653 76 7 0.552637704918033 0.506280655737705
377.933333333318 75 7 0.518196721311475 0.411909836065574
380.983333333316 73 8 0.539984153005464 0.555951912568306
386.066666666644 71 10 0.554876393442623 0.475038360655738
389.116666666641 69 11 0.851909836065574 0.829671038251366
391.149999999973 68 12 0.931688524590164 1.24215409836066
397.249999999967 66 12 0.891455464480875 0.627934972677596
398.266666666633 66 11 0.892440983606558 0.570198360655738
401.31666666663 65 12 0.866521857923498 0.552354644808743
416.566666666616 64 13 0.666258360655737 0.490052568306011
459.266666666578 63 14 0.451965144418423 0.476836065573771
462.316666666575 63 13 0.473216393442623 0.485003278688525
465.366666666572 62 14 0.477875409836066 0.575658469945355
486.716666666553 61 14 0.772512334113973 0.504259797033568
519.249999999856 61 13 1.83832028688525 0.602916137295082
526.366666666517 60 14 0.455714754098361 0.528629274004684
537.54999999984 59 14 0.444962146050671 0.557950968703428
540.599999999837 59 13 0.425186885245902 0.566313114754098
543.649999999834 58 13 0.506326229508197 0.5399
544.6666666665 57 13 0.361850819672131 0.579747540983607
558.89999999982 56 13 0.434885831381734 0.535924707259953
559.916666666486 56 12 0.431586885245902 0.503895081967213
586.349999999795 56 11 0.403006998738966 0.525317780580076
600 56 11 0.390262880562061 0.505180210772834
