# New log 25/04/2014 02:40:07
1 120 8 1.68091166666667 0.511421666666667
3.03333333333333 120 7 1.43062950819672 0.539868852459016
4.04999999999999 120 6 1.6048 0.458555737704918
5.06666666666665 119 6 1.39400655737705 0.264196721311475
6.08333333333332 119 4 1.74674098360656 0.557467213114754
9.10000000000003 118 5 2.4862955801105 0.412221546961326
10.1000000000001 118 4 2.346725 0.343805
11.1000000000001 118 3 2.11926166666667 0.516285
13.1000000000002 118 2 2.602155 0.50392
14.1000000000003 118 1 3.43136166666667 0.655553333333333
17.116666666667 117 2 3.58465580110497 1.10747569060773
27.2833333333331 116 3 3.29469819672131 2.02802393442623
30.3333333333329 115 4 1.87088633879781 0.638128415300546
36.4333333333325 114 5 2.43716612021858 1.1150174863388
74.0499999999971 114 4 1.15603212228622 0.614840407620735
80.1499999999967 113 5 1.72030683060109 0.394536885245902
96.4166666666625 112 5 1.33177838114754 0.193242827868852
125.899999999994 112 4 0.653039287733182 0.0625850763143019
129.933333333329 112 3 0.633059504132231 0.0157995867768595
131.93333333333 111 4 0.649501666666667 0.0907325
183.933333333372 111 3 0.64994108974359 0.0567404166666667
198.933333333384 111 2 0.676896333333333 0.0438335555555556
223.933333333404 111 1 0.666631866666668 0.0666075333333333
485.699999999887 110 2 0.677806144148732 0.043425875461607
507.049999999868 109 3 0.693276736924278 0.0266014832162373
516.199999999859 108 4 0.680752823315118 0.0272972677595628
540.599999999837 107 5 1.01340034153005 0.0845382513661202
541.616666666503 107 4 0.659798360655738 0.0145950819672131
543.649999999834 105 5 0.666853278688525 0.0182967213114754
546.699999999831 104 6 0.638340983606557 0.0139666666666667
568.049999999812 103 7 0.632831303669008 0.0208601092896175
582.283333333132 103 6 1.06795690866511 0.0801811475409836
586.349999999795 103 5 0.634795081967213 0.028605737704918
587.366666666461 102 6 0.671811475409836 0.0149639344262295
600 102 6 0.62430895334174 0.0361128625472888
