# New log 25/04/2014 02:24:15
1 120 8 3.88412833333333 1.94764166666667
4.04999999999999 120 7 1.64288196721311 0.415887978142077
6.08333333333332 120 6 1.61766803278689 0.191223770491803
7.09999999999998 120 5 1.68635901639344 0.204804918032787
35.4166666666659 119 6 2.28510618010594 1.34518505002943
40.499999999999 119 5 2.05903836065574 4.20590032786885
49.6499999999985 118 5 2.0820189435337 3.77422112932605
61.8499999999978 117 6 1.83241475409836 3.30508948087432
93.3666666666627 116 7 1.93199338974088 1.72734743521946
104.549999999995 116 6 1.85673830104322 1.30808047690015
110.649999999995 116 5 3.22201420765027 1.60092103825137
111.666666666662 116 4 3.28429672131148 1.92288852459016
115.733333333328 116 3 2.2061106557377 1.56987868852459
121.833333333328 116 2 1.74112103825137 0.583861475409836
127.933333333327 115 3 1.56538797814208 0.512585792349727
129.933333333329 114 4 1.61990333333333 0.792040833333333
139.933333333337 113 5 1.63082933333333 0.938412666666667
142.933333333339 112 6 1.57860277777778 0.879681666666667
159.933333333353 111 7 1.50797921568628 0.664244509803922
162.933333333355 111 6 1.55871722222222 0.673822222222222
165.933333333358 110 6 1.50883611111111 0.711586111111111
167.933333333359 110 5 1.38169583333333 0.534344166666667
172.933333333363 110 4 1.53168 0.867048
193.93333333338 109 5 1.5982330952381 0.360329603174603
215.933333333397 109 4 1.51673674242424 0.0608838636363636
254.933333333428 109 3 1.53318688034188 0.0924306837606838
274.233333333413 109 2 1.56087832469776 0.0845905872193437
379.96666666665 109 1 1.49113901324086 0.0494006462799496
390.133333333307 108 2 1.47038213114754 0.00828344262295082
451.133333333252 108 1 1.48058112021858 0.0209857650273224
600 108 1 1.51054710605554 0.0252965986394558
