# New log 25/04/2014 02:42:53
1 120 8 3.15661666666667 0.829908333333333
3.03333333333333 120 7 1.69493360655738 0.352722950819672
4.04999999999999 119 7 1.78927213114754 0.53616393442623
5.06666666666665 118 7 1.69956065573771 0.38355737704918
11.1000000000001 118 5 2.78871574585636 0.415511325966851
13.1000000000002 118 4 3.1601675 0.7977
17.116666666667 118 3 2.77033112033195 0.444886307053942
18.1333333333336 117 4 2.15230327868852 0.775103278688525
20.1666666666668 117 3 2.30122540983607 0.86934262295082
30.3333333333329 116 3 2.09260590163934 1.42961540983607
33.3833333333327 116 2 2.04106557377049 3.69409289617486
46.5999999999986 116 1 1.68848133669609 1.78190693568726
47.6166666666652 115 2 1.6966606557377 1.20764098360656
58.7999999999979 114 3 1.46423740685544 0.878513263785395
86.2499999999964 113 3 1.3714839708561 0.47781736490589
132.933333333331 113 2 1.32934312745448 0.559630703320243
165.933333333358 113 1 1.44657858585859 0.356036666666667
356.583333333338 113 0 1.22694353527407 0.140491826208585
600 113 0 1.34969519125682 0.197430744535519
