# New log 28/04/2014 00:32:57
1 128 128 1.74015333333333 6.24308333333333
3.03333333333333 127 128 1.14024836065574 1.06452131147541
4.04999999999999 126 129 1.13413114754098 1.21810491803279
5.06666666666665 125 130 1.22683278688525 7.32613114754098
6.08333333333332 124 131 1.10242459016393 7.92569672131148
7.09999999999998 122 132 1.36117704918033 2.47119672131148
9.10000000000003 120 134 1.18079 1.1231025
11.1000000000001 119 135 1.15367416666667 0.615638333333333
12.1000000000002 117 136 0.987516666666667 0.769485
14.1000000000003 114 137 1.02488833333333 0.240076666666667
16.1000000000004 112 139 1.76575583333333 0.740480833333333
17.116666666667 111 140 1.44302950819672 0.659844262295082
19.1500000000002 109 141 2.75930573770492 1.09498606557377
20.1666666666668 108 142 2.89594754098361 0.454377049180328
21.1833333333334 107 142 1.05878032786885 1.18054918032787
22.2 106 142 0.911391803278688 0.650803278688525
24.2333333333332 106 141 0.825085245901639 1.00013278688525
25.2499999999998 101 144 0.774034426229508 2.9318737704918
26.2666666666665 100 144 0.751681967213115 4.03653442622951
27.2833333333331 99 143 0.935777049180328 4.01938360655738
28.2999999999997 99 142 1.17085901639344 3.4496
29.3166666666663 98 142 1.07256393442623 4.1712
30.3333333333329 94 145 0.998060655737705 1.97909016393443
31.3499999999995 93 145 0.761768852459017 2.06271967213115
32.3666666666661 92 146 1.16942459016393 1.99661475409836
34.3999999999993 91 144 1.02200245901639 2.37756475409836
35.4166666666659 91 143 1.18182786885246 1.92725081967213
37.4499999999992 90 144 1.3268868852459 2.13855
38.4666666666658 89 144 1.15298196721311 2.59953442622951
39.4833333333324 88 145 0.918291803278689 1.9686131147541
40.499999999999 88 144 1.13534590163934 2.97997540983607
41.5166666666656 88 143 0.946695081967213 1.46719508196721
43.5499999999988 88 142 0.83277786885246 2.22894016393443
44.5666666666654 86 144 0.723691803278688 1.74538032786885
45.583333333332 85 143 0.708508196721311 1.94531803278689
46.5999999999986 84 143 0.715216393442623 4.04253114754098
47.6166666666652 83 143 0.683472131147541 3.79700819672131
49.6499999999985 83 142 1.00086393442623 2.44445163934426
51.6833333333317 83 141 0.72019262295082 0.45247868852459
52.6999999999983 82 141 0.697783606557377 1.43052131147541
53.7166666666649 80 142 0.629418032786885 0.919498360655738
55.7499999999981 79 142 0.615610655737705 0.994590983606557
56.7666666666647 78 143 0.700860655737705 1.03199836065574
57.7833333333313 76 143 0.653165573770492 0.84834262295082
60.8333333333312 73 144 0.626998907103825 0.913195628415301
61.8499999999978 71 146 0.619672131147541 0.907296721311475
62.8666666666644 71 145 0.623660655737705 0.985718032786885
64.8999999999976 70 146 0.60317868852459 0.00979262295081967
65.9166666666642 69 146 0.610959016393442 0.014772131147541
67.9499999999974 68 146 0.614594262295082 0.184626229508197
68.966666666664 67 146 0.637504918032787 0.100083606557377
70.9999999999973 65 146 0.6557 0.133299180327869
72.0166666666639 64 146 0.593218032786885 0.0104754098360656
73.0333333333305 63 147 0.53367868852459 0.0119655737704918
74.0499999999971 60 148 0.543863934426229 0.0318180327868852
75.0666666666637 56 151 0.525445901639344 0.0718459016393443
76.0833333333303 54 152 0.499165573770492 0.00351639344262295
77.0999999999969 53 153 0.500867213114754 0.00869508196721311
78.1166666666635 52 154 0.489449180327869 0.00518360655737705
82.18333333333 51 155 0.502093442622951 0.0243512295081967
85.2333333333298 51 154 0.526020765027322 0.0433513661202186
88.2833333333296 50 155 0.516032240437159 0.116825136612022
89.2999999999962 48 157 0.464206557377049 0.0139524590163934
90.3166666666628 47 158 0.4623 0.00203114754098361
92.349999999996 46 158 0.449483606557377 0.0281909836065574
94.3833333333293 44 159 0.442122950819672 0.0065155737704918
95.3999999999959 43 160 0.409739344262295 0.0042016393442623
96.4166666666625 42 161 0.416165573770492 0.0308622950819672
98.4499999999957 40 162 0.426496721311475 0.0148114754098361
99.4666666666623 39 163 0.384713114754098 0.00867049180327869
100.483333333329 38 164 0.364347540983607 0.0174114754098361
102.516666666662 37 165 0.331812295081967 0.00760327868852459
103.533333333329 37 164 0.334052459016394 0.00771803278688525
105.566666666662 36 164 0.33922868852459 0.0102393442622951
107.599999999995 35 165 0.309493442622951 0.00564262295081967
108.616666666662 34 166 0.325596721311476 0.010055737704918
111.666666666662 33 166 0.299163387978142 0.00257595628415301
116.749999999995 32 165 0.296034098360656 0.00651573770491803
121.833333333328 31 166 0.290365901639344 0.0578003278688525
124.883333333328 31 165 0.303443715846995 0.152245355191257
128.933333333328 30 166 0.321368724279836 0.118172839506173
130.93333333333 30 165 0.304901666666667 0.103765833333333
131.93333333333 30 164 0.309025 0.000175
132.933333333331 29 164 0.296168333333333 0.0416466666666667
134.933333333333 29 163 0.307269166666667 0.241686666666667
136.933333333334 28 164 0.287338333333333 0.0906875
139.933333333337 27 164 0.313760555555555 0.123811666666667
143.93333333334 26 164 0.281702916666667 0.10555375
147.933333333343 26 163 0.267349166666667 0.0924404166666667
148.933333333344 25 164 0.262481666666667 0.08739
149.933333333345 24 165 0.236305 0.0426183333333333
154.933333333349 23 165 0.215366666666667 0.000214333333333333
167.933333333359 22 165 0.204855897435898 0.00070551282051282
175.933333333365 20 166 0.198471458333333 0.00515
179.933333333369 19 167 0.175339583333333 0.000201666666666667
249.933333333424 18 168 0.161862761904762 0.000430452380952381
252.933333333427 17 168 0.154069444444445 0.000202222222222222
296.600000000059 17 167 0.143808129770992 0.00430889312977099
308.800000000048 16 168 0.148437021857923 0.000208333333333333
342.350000000017 16 167 0.132439841033284 0.000886934923000497
408.433333333291 15 168 0.135083984867592 0.0104338965952081
417.583333333282 14 169 0.122892167577414 0.017095810564663
528.399999999848 13 170 0.113899097608663 0.00119187847796661
600 13 170 0.106101939505888 0.000184368506118679
