# New log 28/04/2014 00:34:21
1 128 128 4.15240166666667 1.97561833333333
4.04999999999999 127 125 2.8234 0.803181967213115
5.06666666666665 125 122 2.97618524590164 0.484954098360656
6.08333333333332 124 119 2.91674590163935 0.592629508196721
7.09999999999998 123 119 3.03750983606557 0.543581967213115
8.09999999999998 123 117 3.38135666666667 0.786078333333333
9.10000000000003 123 116 4.826595 0.802476666666667
11.1000000000001 122 116 3.40902 0.547985
12.1000000000002 119 116 3.85112166666667 0.747486666666667
13.1000000000002 117 116 3.57021833333333 0.881623333333333
14.1000000000003 116 114 3.83875833333333 0.758323333333333
15.1000000000003 115 115 5.485665 0.566541666666667
16.1000000000004 114 116 5.86793166666667 0.42941
17.116666666667 113 117 7.41770655737705 0.42286393442623
18.1333333333336 111 119 8.37209344262295 0.612822950819672
19.1500000000002 110 120 7.94383934426229 1.4844131147541
20.1666666666668 108 119 7.25034098360656 1.67967049180328
21.1833333333334 106 120 6.73122295081967 1.84289508196721
22.2 105 120 6.55870163934426 1.78536229508197
23.2166666666666 103 120 8.41636393442623 2.27976393442623
24.2333333333332 99 120 8.78932459016394 2.13745245901639
25.2499999999998 97 121 8.24905573770492 2.20700491803279
26.2666666666665 96 121 9.74995737704918 2.61860327868852
28.2999999999997 95 121 8.11854508196721 1.91424836065574
29.3166666666663 93 123 4.30066065573771 0.915829508196721
30.3333333333329 93 121 3.36490983606557 0.704852459016393
31.3499999999995 92 122 3.40408032786885 0.616260655737705
32.3666666666661 91 122 3.93714590163934 0.635685245901639
33.3833333333327 88 123 2.30873934426229 0.935055737704918
34.3999999999993 86 125 2.0103606557377 0.821875409836066
35.4166666666659 84 127 1.7818131147541 0.452868852459016
38.4666666666658 82 128 2.01323387978142 0.655545355191257
39.4833333333324 79 129 2.36478524590164 0.85864262295082
40.499999999999 79 128 1.81185901639344 0.593162295081967
41.5166666666656 76 129 1.60767049180328 0.467285245901639
42.5333333333322 75 129 1.57897049180328 0.604995081967213
43.5499999999988 74 129 1.63076885245902 0.69315737704918
46.5999999999986 73 130 1.96055737704918 0.798226775956284
48.6333333333319 73 129 2.90212459016394 0.714770491803279
53.7166666666649 73 128 2.6402462295082 0.992846229508197
55.7499999999981 72 129 2.25989344262295 0.549682786885246
56.7666666666647 71 129 1.66136885245902 0.725860655737705
57.7833333333313 71 128 1.61254262295082 0.602040983606557
58.7999999999979 70 129 1.63799836065574 0.541790163934426
60.8333333333312 69 130 1.49197295081967 0.150730327868852
61.8499999999978 68 131 1.81278360655738 0.48064262295082
62.8666666666644 67 132 1.71835081967213 0.56127868852459
65.9166666666642 66 133 2.41183387978142 0.9297
66.9333333333308 65 132 2.56636393442623 0.243983606557377
67.9499999999974 64 132 2.55811639344262 0.522045901639344
69.9833333333306 61 134 2.50438114754098 0.610574590163934
70.9999999999973 61 133 2.64823934426229 0.565386885245902
72.0166666666639 61 132 2.73649508196721 0.535501639344262
75.0666666666637 61 131 2.62759234972678 1.24090710382514
77.0999999999969 60 131 2.51648852459016 0.554832786885246
79.1333333333301 59 131 1.90933360655738 0.725737704918033
80.1499999999967 59 130 1.96024590163935 1.16532295081967
82.18333333333 57 132 2.76543934426229 1.77839672131148
83.1999999999966 56 132 2.55819016393443 1.34140163934426
84.2166666666632 54 133 2.70306229508197 1.24231803278689
85.2333333333298 54 132 2.83297868852459 1.56529672131148
86.2499999999964 53 133 2.96392295081967 1.64902950819672
87.266666666663 51 134 3.07509180327869 1.72023442622951
88.2833333333296 49 136 3.28102950819672 1.71742786885246
89.2999999999962 48 137 3.11414262295082 1.58092786885246
92.349999999996 46 138 2.54860928961749 0.912331147540984
94.3833333333293 45 139 1.89062868852459 0.393851639344262
99.4666666666623 45 138 2.25983180327869 0.339383934426229
100.483333333329 45 137 2.35663606557377 0.42265737704918
101.499999999996 43 138 2.47542131147541 0.34797868852459
103.533333333329 40 141 2.31223442622951 0.252346721311475
104.549999999995 39 142 2.28733770491803 0.479198360655738
105.566666666662 39 141 2.40527213114754 0.458224590163934
107.599999999995 38 142 1.59563278688525 0.411174590163934
110.649999999995 38 141 1.06967322404372 0.225972131147541
111.666666666662 38 140 0.986439344262295 0.289786885245902
114.716666666661 38 139 0.913068306010929 0.328756284153006
116.749999999995 38 138 1.41488360655738 0.570305737704918
117.766666666661 37 139 1.60465737704918 0.900613114754098
121.833333333328 36 139 1.4759012295082 0.694847950819672
122.849999999994 35 140 2.78118524590164 0.712439344262295
123.866666666661 34 140 2.87494754098361 0.625431147540984
124.883333333328 33 140 1.04490491803279 0.90684262295082
129.933333333329 32 141 0.92634389438944 0.604795709570957
133.933333333332 31 141 1.03909125 0.983466666666667
134.933333333333 30 142 1.09876833333333 1.44739333333333
145.933333333342 29 142 0.746276363636364 0.38232196969697
146.933333333342 28 143 0.61655 0.00045
169.933333333361 27 144 0.937973768115941 0.82346847826087
171.933333333362 26 145 0.630055 0.00292083333333333
179.933333333369 25 145 0.554817708333333 0.02524875
183.933333333372 24 146 0.5064775 0.00056625
185.933333333373 23 147 0.4692775 0.0002125
193.93333333338 23 146 0.473929166666667 0.00830604166666667
195.933333333381 22 146 0.4778125 0.007045
207.933333333391 21 147 0.487279861111111 0.0113376388888889
223.933333333404 20 148 1.072395625 0.053011875
227.933333333407 19 148 0.414837083333334 0.000215416666666667
243.93333333342 18 148 0.399862395833334 0.00098375
248.933333333424 17 149 0.383746 0.000210333333333333
513.149999999862 16 149 0.38529525011039 0.000211448937109695
600 16 149 0.386796511627908 0.000216622188333969
