# New log 28/04/2014 00:36:11
1 128 128 2.00201 0.792276666666667
4.04999999999999 126 129 1.44865355191257 0.526954644808743
5.06666666666665 126 127 1.77636885245902 0.305229508196721
6.08333333333332 122 127 1.53961803278688 0.561337704918033
7.09999999999998 122 123 1.43220163934426 0.415016393442623
8.09999999999998 121 122 1.39440666666667 0.233623333333333
9.10000000000003 121 119 2.441855 0.491918333333333
10.1000000000001 118 120 2.30668833333333 0.41217
11.1000000000001 117 121 1.462275 0.237468333333333
12.1000000000002 113 123 1.257195 0.182226666666667
14.1000000000003 112 124 1.48829166666667 0.292926666666667
15.1000000000003 112 123 2.72628666666667 1.099115
16.1000000000004 107 125 2.10441666666667 0.421913333333333
18.1333333333336 105 126 3.21463442622951 0.527247540983607
19.1500000000002 104 125 4.04948032786885 0.649396721311475
20.1666666666668 102 126 3.96679672131148 0.693409836065574
21.1833333333334 100 126 5.61349180327869 0.680096721311475
24.2333333333332 99 126 4.65989508196721 0.770696721311475
25.2499999999998 98 126 4.78131803278688 1.29129344262295
26.2666666666665 96 122 1.78978196721312 0.430667213114754
27.2833333333331 94 123 2.2544606557377 0.744777049180328
28.2999999999997 93 122 2.22471147540984 0.618831147540984
29.3166666666663 92 121 2.9305 1.08325245901639
30.3333333333329 90 122 1.32406557377049 0.520901639344262
31.3499999999995 90 120 1.98351967213115 0.320303278688525
32.3666666666661 90 119 1.80683278688525 1.88388852459016
33.3833333333327 88 120 1.92464754098361 0.510281967213115
34.3999999999993 86 120 1.98526393442623 0.292972131147541
35.4166666666659 85 121 1.8392 0.355403278688525
36.4333333333325 83 122 2.12460491803279 0.35905737704918
37.4499999999992 81 124 1.29040655737705 0.290698360655738
38.4666666666658 79 123 1.25342459016393 0.42954262295082
40.499999999999 76 123 1.23384262295082 0.495736885245902
41.5166666666656 76 122 1.45023770491803 0.152708196721312
42.5333333333322 75 123 1.16214590163934 0.124114754098361
44.5666666666654 74 123 2.31736393442623 0.310518032786885
46.5999999999986 72 124 2.8773368852459 0.24362131147541
47.6166666666652 71 125 1.48730327868853 0.173227868852459
48.6333333333319 70 126 1.25424918032787 0.179604918032787
49.6499999999985 69 125 1.07278852459016 0.20527868852459
50.6666666666651 68 125 0.989154098360656 0.147849180327869
51.6833333333317 68 124 1.06818032786885 0.163622950819672
52.6999999999983 67 125 1.35050983606557 0.381116393442623
53.7166666666649 67 124 1.79339836065574 0.500526229508197
55.7499999999981 66 124 1.48673524590164 0.413113114754098
57.7833333333313 65 124 1.40208360655738 0.433676229508197
58.7999999999979 65 123 1.33927213114754 0.507396721311475
59.8166666666646 64 124 1.37921967213115 0.371773770491803
62.8666666666644 62 125 2.28559344262295 0.446147540983607
63.883333333331 60 127 1.62935573770492 0.393268852459016
64.8999999999976 59 128 1.29515245901639 0.262934426229508
68.966666666664 59 126 1.31870901639344 0.448686065573771
69.9833333333306 58 124 0.69106393442623 0.172832786885246
70.9999999999973 57 125 0.82206393442623 0.184972131147541
73.0333333333305 55 125 1.01081639344262 0.158484426229508
74.0499999999971 53 126 1.7940393442623 0.258218032786885
77.0999999999969 52 127 2.24523114754098 0.431675409836066
78.1166666666635 51 128 2.21058360655738 0.554540983606557
79.1333333333301 51 127 2.17150327868853 3.9287
81.1666666666633 49 128 2.37184754098361 0.459880327868852
82.18333333333 48 129 2.42745245901639 0.457193442622951
85.2333333333298 46 130 2.10215683060109 0.44075956284153
86.2499999999964 46 129 2.03224918032787 0.350283606557377
89.2999999999962 45 129 2.20968852459016 0.395893989071038
90.3166666666628 44 129 2.28206065573771 0.42947868852459
94.3833333333293 43 129 2.80179795081967 0.373211885245902
95.3999999999959 43 128 2.10334098360656 0.405418032786885
96.4166666666625 42 129 1.94440655737705 0.297590163934426
100.483333333329 41 130 1.27571639344262 0.216723360655738
102.516666666662 40 129 1.1085106557377 0.127977049180328
104.549999999995 40 128 0.92091393442623 0.0397573770491803
106.583333333329 39 127 0.850669672131148 0.0211155737704918
109.633333333328 38 128 0.657874863387978 0.189128415300546
111.666666666662 37 128 0.859340163934426 0.278708196721311
112.683333333328 36 129 0.820018032786885 0.213703278688525
113.699999999995 35 130 0.721675409836065 0.0760967213114754
114.716666666661 33 132 0.617750819672131 0.0525196721311475
115.733333333328 32 132 0.549506557377049 0.121983606557377
117.766666666661 31 133 0.550705737704918 0.128739344262295
125.899999999994 30 134 0.37959856557377 0.111731352459016
131.93333333333 29 134 0.377270994475138 0.123426519337017
136.933333333334 28 134 0.344652 0.157039333333333
137.933333333335 26 136 0.305863333333333 0.11336
147.933333333343 25 137 0.312059666666667 0.146105333333333
148.933333333344 24 138 0.315081666666667 0.201026666666667
158.933333333352 23 139 0.290769833333333 0.154482833333333
168.93333333336 22 140 0.287332166666667 0.1550285
181.93333333337 21 141 0.280560384615385 0.153196923076923
187.933333333375 20 142 0.267175555555556 0.124646111111111
189.933333333377 19 142 0.250959166666667 0.125509166666667
192.933333333379 18 143 0.225036111111111 0.129093888888889
235.933333333413 18 142 0.226686472868216 0.117977906976744
243.93333333342 18 141 0.198007708333333 0.0377785416666667
251.933333333426 17 142 0.654443958333334 0.0512704166666667
287.450000000067 16 143 0.626801877053026 0.0530057250117316
383.016666666647 15 144 0.182562364841297 0.0407678932682246
408.433333333291 14 145 0.148321836065574 0.0357030819672131
593.466666666456 13 146 0.131352693208431 0.0364830571068276
600 13 146 0.112127400468384 0.0417229508196721
