# New log 28/04/2014 00:24:09
1 128 128 1.76066166666667 5.61604333333333
4.04999999999999 121 130 1.14864808743169 0.895857923497268
5.06666666666665 118 131 1.7162868852459 1.45249016393443
7.09999999999998 116 132 0.968720491803278 1.82680819672131
8.09999999999998 115 131 1.32870166666667 2.10690333333333
9.10000000000003 114 131 1.571275 2.5882
11.1000000000001 112 131 1.39101 3.68287583333333
12.1000000000002 112 130 1.183345 2.76139166666667
13.1000000000002 110 130 1.49699333333333 1.48374
14.1000000000003 108 131 1.175605 2.11061333333333
15.1000000000003 106 133 1.34971833333333 1.41727
16.1000000000004 103 136 1.23456833333333 2.04283
17.116666666667 102 136 1.29527049180328 1.13612786885246
18.1333333333336 101 134 1.03375737704918 1.79699344262295
19.1500000000002 100 132 1.25330163934426 6.36829672131148
20.1666666666668 98 132 1.33264262295082 5.8138131147541
21.1833333333334 98 129 1.20958852459016 2.75409344262295
22.2 97 130 1.19490327868852 2.99152786885246
23.2166666666666 97 129 1.36218524590164 2.98433114754098
24.2333333333332 97 128 1.6782262295082 3.05175737704918
25.2499999999998 95 130 1.57557213114754 3.56330327868852
27.2833333333331 95 129 1.74485081967213 3.2615631147541
29.3166666666663 92 131 1.39019180327869 2.92429098360656
30.3333333333329 92 130 1.38930491803279 2.56361147540984
31.3499999999995 92 129 1.33613770491803 2.56465737704918
32.3666666666661 90 129 1.25547213114754 2.09871803278689
33.3833333333327 90 128 1.17061475409836 1.11635409836066
34.3999999999993 89 129 1.41084590163934 1.03492295081967
36.4333333333325 87 129 1.56525327868852 2.2233393442623
38.4666666666658 85 130 1.4386131147541 6.60225573770492
39.4833333333324 83 132 2.56142131147541 4.83016229508197
41.5166666666656 82 132 1.67398114754098 3.70814344262295
43.5499999999988 81 132 1.20405491803279 1.55821639344262
44.5666666666654 80 133 1.12965409836066 1.18322295081967
48.6333333333319 79 134 1.14338729508197 1.18702008196721
50.6666666666651 79 133 1.0207368852459 2.8466762295082
53.7166666666649 78 132 0.796986338797815 2.82868142076503
54.7333333333315 76 134 0.742555737704918 0.288972131147541
55.7499999999981 75 135 0.82077868852459 1.12140983606557
57.7833333333313 72 138 0.760353278688525 0.695345901639344
59.8166666666646 70 139 0.755495901639344 0.38018606557377
62.8666666666644 68 141 0.621877595628415 0.0912371584699454
64.8999999999976 68 140 0.603939344262295 0.0664401639344262
68.966666666664 67 140 0.745431147540984 0.420509426229508
73.0333333333305 65 141 0.691944672131148 0.464880737704918
74.0499999999971 65 140 0.724240983606558 0.0722639344262295
77.0999999999969 64 141 0.812984699453553 0.196341530054645
79.1333333333301 63 139 0.761709016393443 0.21822868852459
83.1999999999966 62 140 0.603327868852459 0.954018032786885
84.2166666666632 61 140 0.583496721311476 2.59644262295082
85.2333333333298 61 139 0.594762295081967 2.47460491803279
86.2499999999964 59 141 0.551698360655738 2.9347606557377
87.266666666663 57 142 0.54075737704918 3.70250819672131
88.2833333333296 55 144 0.532411475409836 3.06666393442623
89.2999999999962 54 144 0.538170491803279 2.4551868852459
91.3333333333294 53 145 0.556395081967213 2.69892213114754
93.3666666666627 52 146 0.544186885245902 3.30182459016393
94.3833333333293 51 146 0.603993442622951 0.291532786885246
95.3999999999959 50 146 0.526283606557377 0.802786885245902
98.4499999999957 50 144 0.556701092896175 0.881879781420765
99.4666666666623 48 146 0.470195081967213 0.301116393442623
100.483333333329 46 148 0.424983606557377 0.0900803278688525
104.549999999995 46 147 0.439599590163935 0.358692213114754
107.599999999995 45 148 0.410571038251366 0.0693748633879781
109.633333333328 44 148 0.384125409836066 0.0731852459016394
116.749999999995 42 150 0.382651522248244 0.166276112412178
118.783333333328 41 150 0.387305737704918 0.00642131147540984
121.833333333328 41 149 0.476147540983607 0.0995846994535519
123.866666666661 41 148 0.430431967213115 0.275270491803279
126.916666666661 40 149 0.447687431693989 0.72566174863388
128.933333333328 39 149 0.411925619834711 0.197809917355372
129.933333333329 38 150 0.369771666666667 0.162785
130.93333333333 37 151 0.351668333333333 0.176826666666667
135.933333333334 36 151 0.339604 0.0630353333333333
139.933333333337 35 152 0.308062083333333 0.006855
140.933333333338 34 152 0.299486666666667 0.000205
148.933333333344 33 152 0.295870416666667 0.835838125
150.933333333346 32 153 0.266496666666667 1.64472583333333
153.933333333348 31 154 0.267482222222222 1.57626277777778
156.93333333335 31 153 0.258323888888889 0.000175
158.933333333352 31 152 0.2631925 0.0001725
160.933333333354 30 153 0.257671666666667 0.000175
170.933333333362 29 154 0.252500666666667 0.00186183333333333
174.933333333365 28 154 0.23570125 0.000181666666666667
175.933333333365 27 154 0.228153333333333 0.00018
178.933333333368 26 154 0.21733 0.00018
189.933333333377 25 155 0.21386303030303 0.000996060606060606
193.93333333338 24 156 0.198875 0.00169333333333333
309.816666666714 23 156 0.194797972098376 0.00017987918883935
600 23 156 0.194121735641404 0.000179032442966869
