# New log 28/04/2014 00:25:43
1 128 128 4.06853833333333 1.01034
4.04999999999999 127 127 2.61359344262295 0.318485792349727
5.06666666666665 127 123 5.23383114754098 0.457252459016394
6.08333333333332 127 122 6.15406721311475 1.3362868852459
7.09999999999998 126 120 8.76772459016393 1.83600983606557
8.09999999999998 125 121 7.569495 1.61816833333333
9.10000000000003 125 120 8.652165 2.12784833333333
10.1000000000001 125 119 7.40512333333333 1.63628166666667
11.1000000000001 124 119 6.006275 1.02279166666667
12.1000000000002 123 117 3.90498166666667 0.218633333333333
13.1000000000002 122 118 4.52429166666667 0.728595
14.1000000000003 119 119 5.825955 0.423613333333333
15.1000000000003 118 119 6.56489166666667 1.20238666666667
16.1000000000004 118 116 7.73399166666667 0.829045
17.116666666667 116 116 6.51270327868852 1.0453262295082
18.1333333333336 113 116 5.69394754098361 0.527047540983607
20.1666666666668 112 116 4.15676721311476 0.461125409836066
21.1833333333334 110 114 4.9178868852459 0.802496721311475
24.2333333333332 107 115 4.08585519125683 1.05830218579235
25.2499999999998 106 116 3.53575081967213 0.720395081967213
27.2833333333331 104 118 4.12424180327869 0.241677868852459
28.2999999999997 104 117 3.24492950819672 0.434608196721312
29.3166666666663 102 118 4.74623770491803 0.375518032786885
30.3333333333329 101 117 3.69621967213115 0.287872131147541
32.3666666666661 101 116 3.94278606557377 0.301190163934426
33.3833333333327 100 117 3.70872950819672 0.355708196721311
34.3999999999993 99 116 3.83165409836066 0.244447540983607
35.4166666666659 99 115 2.39521475409836 0.113352459016393
36.4333333333325 97 116 1.71495409836066 0.102654098360656
38.4666666666658 97 115 2.79637868852459 0.190740163934426
40.499999999999 96 114 3.9058368852459 0.191045901639344
41.5166666666656 95 114 3.58086229508197 0.128859016393443
42.5333333333322 94 115 4.37321803278689 0.14724262295082
43.5499999999988 93 114 3.78981147540984 0.251583606557377
44.5666666666654 92 114 3.68794426229508 0.318749180327869
45.583333333332 92 113 2.63371475409836 0.177104918032787
46.5999999999986 91 114 1.54557704918033 0.0567377049180328
48.6333333333319 89 114 2.04360737704918 0.13984262295082
49.6499999999985 88 115 1.57763114754098 0.0235573770491803
51.6833333333317 87 116 1.83172540983606 0.178066393442623
52.6999999999983 87 114 1.71114262295082 0.0633016393442623
53.7166666666649 87 113 1.98820163934426 0.269908196721312
54.7333333333315 86 114 1.66084918032787 0.0449196721311475
55.7499999999981 86 113 1.77220491803279 0.0731524590163934
56.7666666666647 86 112 1.80447049180328 0.0686491803278688
58.7999999999979 84 113 1.67625081967213 0.0465598360655738
59.8166666666646 83 114 1.56748852459016 0.0540737704918033
61.8499999999978 82 115 1.65456885245902 0.0477065573770492
63.883333333331 81 116 1.90206639344262 0.0784729508196721
65.9166666666642 79 116 2.33385737704918 0.126615573770492
66.9333333333308 77 116 1.78223606557377 0.0699311475409836
68.966666666664 75 118 1.58609426229508 0.120958196721311
75.0666666666637 75 116 1.51006393442623 0.123938797814208
78.1166666666635 74 117 1.47113825136612 0.093292349726776
79.1333333333301 73 118 2.16065737704918 0.0294606557377049
81.1666666666633 73 117 1.55963196721312 0.131326229508197
82.18333333333 73 116 1.37015737704918 0.0182344262295082
84.2166666666632 73 114 1.45237950819672 0.103645081967213
85.2333333333298 70 116 2.36502295081967 0.201377049180328
86.2499999999964 67 118 2.25293442622951 0.244234426229508
87.266666666663 67 117 2.25570655737705 0.253847540983607
88.2833333333296 66 118 2.20265573770492 0.0950180327868852
89.2999999999962 65 119 2.12115737704918 0.161468852459016
90.3166666666628 64 120 1.22675737704918 0.13272131147541
92.349999999996 62 121 1.21928770491803 0.383441803278689
93.3666666666627 60 122 1.10379180327869 0.447808196721312
94.3833333333293 59 123 1.10233442622951 0.561131147540984
96.4166666666625 58 124 1.10137213114754 0.414301639344262
98.4499999999957 56 126 1.06611475409836 0.439699180327869
99.4666666666623 55 125 1.17479180327869 0.628059016393443
102.516666666662 55 124 1.04122021857923 0.482325683060109
103.533333333329 54 124 1.07663278688525 0.526303278688525
105.566666666662 53 125 1.06861557377049 0.590003278688525
106.583333333329 52 126 1.12549508196721 0.629313114754098
114.716666666661 51 126 0.965977868852458 0.488324180327869
115.733333333328 50 127 0.988440983606557 0.402918032786885
116.749999999995 50 126 0.8524 0.526870491803279
118.783333333328 50 124 1.36278114754098 0.426534426229508
119.799999999994 49 125 0.876188524590164 0.320727868852459
122.849999999994 48 126 0.783406010928962 0.203189071038251
129.933333333329 47 126 1.05525576470588 0.200866823529412
136.933333333334 46 126 0.756176666666667 0.192911428571429
137.933333333335 46 125 0.683966666666667 0.154856666666667
144.933333333341 45 126 0.757828333333333 0.228602857142857
148.933333333344 44 127 0.765791666666666 0.225665
152.933333333347 43 128 0.76399625 0.205877083333333
155.93333333335 41 130 0.725263888888889 0.193507222222222
168.93333333336 40 131 0.666327948717949 0.0874021794871795
174.933333333365 40 130 0.646495555555555 0.192563055555556
194.933333333381 40 129 0.713456999999999 0.190720916666667
225.933333333405 39 130 0.668429193548386 0.208763924731183
228.933333333408 38 131 0.67419 0.143192222222222
232.933333333411 37 132 0.69001375 0.180136666666667
246.933333333422 37 131 0.637042857142857 0.0182289285714286
247.933333333423 36 131 0.669166666666667 0.0231216666666667
257.966666666761 35 132 0.660475913621263 0.0149049833887043
276.266666666744 35 131 0.636509836065575 0.0414230418943534
298.63333333339 34 131 0.711293219076006 0.0478659463487332
301.683333333388 33 132 0.598425683060109 0.077003825136612
307.783333333382 32 133 0.653146448087432 0.339253005464481
309.816666666714 31 133 0.664169672131148 0.396909836065574
315.916666666708 30 134 0.724754098360655 0.410616666666667
316.933333333374 29 135 0.661173770491803 0.331347540983607
327.100000000031 28 136 1.11746344262295 0.715529016393443
328.116666666697 27 137 0.538357377049181 0.32082131147541
338.283333333354 26 137 0.563303606557377 0.534020327868852
344.383333333349 25 137 0.481965573770492 0.408064207650273
352.516666666675 24 137 0.460625204918033 0.40223237704918
495.866666666544 24 136 0.481671003371702 0.00863148471108011
500.949999999873 23 137 0.469279016393443 0.00108590163934426
546.699999999831 22 137 0.457809107468124 0.00643748633879781
560.933333333152 21 138 0.418075526932084 0.00454344262295082
600 21 138 0.425932576712905 0.000206893652795292
