# New log 28/04/2014 00:27:31
1 128 128 2.22679666666667 0.572975
4.04999999999999 128 127 3.22450819672131 1.0525393442623
5.06666666666665 127 128 3.34673114754098 2.73271147540984
6.08333333333332 126 126 3.08681803278688 1.30736721311475
7.09999999999998 124 125 3.43923278688525 1.41542295081967
8.09999999999998 123 125 4.63862333333333 1.364245
9.10000000000003 122 126 3.991885 1.38036166666667
10.1000000000001 122 124 4.28499333333333 1.28853833333333
12.1000000000002 120 125 2.68742666666667 0.4802775
13.1000000000002 119 126 4.15737833333333 1.41822333333333
15.1000000000003 117 126 4.7567775 1.61849666666667
16.1000000000004 115 125 4.37497833333333 1.58777833333333
17.116666666667 111 126 5.07188852459016 1.56231147540984
18.1333333333336 109 128 4.76903278688525 1.62195573770492
20.1666666666668 108 129 4.88421147540983 1.57052540983607
21.1833333333334 104 133 6.03791803278689 1.78008032786885
22.2 102 133 3.49114754098361 0.423298360655738
26.2666666666665 101 133 2.34605409836065 0.250060655737705
27.2833333333331 99 134 1.64369836065574 0.218216393442623
28.2999999999997 96 136 1.66951475409836 0.31736393442623
29.3166666666663 93 138 1.74380983606557 0.27866393442623
30.3333333333329 92 137 4.90357377049181 0.56237868852459
31.3499999999995 90 138 4.48573278688525 0.894298360655738
32.3666666666661 87 140 1.36569344262295 0.243139344262295
33.3833333333327 83 142 4.22930983606557 0.986354098360656
35.4166666666659 82 142 3.50875573770492 0.659970491803279
36.4333333333325 77 144 2.92870327868853 0.301131147540984
37.4499999999992 76 145 2.80250983606557 0.208854098360656
38.4666666666658 74 147 3.16322459016393 0.39224262295082
40.499999999999 70 150 1.0285 0.100816393442623
41.5166666666656 68 152 1.17985409836066 0.128873770491803
42.5333333333322 67 153 1.39032786885246 0.19426393442623
43.5499999999988 67 152 1.00349180327869 0.0691573770491803
45.583333333332 67 151 0.938541803278688 0.122117213114754
46.5999999999986 66 152 0.854065573770492 0.122101639344262
47.6166666666652 64 153 0.98849344262295 0.0855868852459016
48.6333333333319 63 154 1.19064098360656 0.0966213114754098
49.6499999999985 61 156 0.818960655737705 0.218152459016393
50.6666666666651 60 157 0.955313114754098 0.0728311475409836
52.6999999999983 59 158 0.866960655737705 0.164509836065574
54.7333333333315 59 157 1.77423360655738 0.374968032786885
55.7499999999981 58 158 2.08518524590164 0.36157868852459
57.7833333333313 55 160 0.704459836065574 0.0826581967213115
59.8166666666646 54 158 0.642144262295082 0.10522131147541
60.8333333333312 51 158 0.669083606557377 0.149955737704918
61.8499999999978 50 159 0.742926229508197 0.128065573770492
63.883333333331 49 159 1.12005573770492 0.318895901639344
67.9499999999974 49 158 0.681291393442623 0.0572643442622951
74.0499999999971 48 158 0.929500819672131 0.102782513661202
75.0666666666637 48 157 1.34530327868853 0.1328
76.0833333333303 46 159 2.23335573770492 0.341137704918033
78.1166666666635 45 159 3.36685737704918 0.877812295081967
79.1333333333301 44 160 3.7461131147541 0.469968852459016
80.1499999999967 43 161 3.10467213114754 0.624754098360656
82.18333333333 42 159 4.78292049180328 1.39995081967213
83.1999999999966 41 159 4.13355573770492 0.859244262295082
87.266666666663 41 158 3.66059303278688 1.03152950819672
89.2999999999962 40 159 1.61740737704918 0.194989344262295
90.3166666666628 37 159 0.773637704918033 0.165118032786885
91.3333333333294 36 158 0.617139344262295 0.107793442622951
92.349999999996 34 160 1.42350491803279 0.0761655737704918
94.3833333333293 33 160 2.47819918032787 0.134066393442623
95.3999999999959 32 160 2.2671737704918 1.50661475409836
97.4333333333291 32 159 0.515461475409836 1.99692704918033
98.4499999999957 31 159 0.464245901639344 2.21167049180328
99.4666666666623 30 160 1.58329836065574 0.427426229508197
102.516666666662 29 161 1.80690819672131 0.978281420765027
105.566666666662 27 162 1.0568868852459 0.0637109289617486
107.599999999995 25 164 0.393148360655738 0.0399672131147541
108.616666666662 25 163 0.844247540983606 0.0287901639344262
111.666666666662 24 163 0.323149726775956 0.013648087431694
112.683333333328 23 164 0.293367213114754 0.032227868852459
115.733333333328 21 165 0.322730054644809 0.0607677595628415
116.749999999995 20 166 0.27736393442623 0.0218098360655738
124.883333333328 19 167 0.213092008196721 0.0064547131147541
126.916666666661 18 167 0.222290163934426 0.00852049180327869
135.933333333334 17 168 0.535535674676525 0.0430724584103512
136.933333333334 16 169 2.03059 0.129046666666667
140.933333333338 15 169 2.28338291666667 0.153601666666667
141.933333333338 14 169 2.21735166666667 0.142696666666667
147.933333333343 13 170 1.80027666666667 0.119039722222222
193.93333333338 12 170 0.123413297101449 0.00020036231884058
408.433333333291 11 171 0.11425411810412 0.000256643356643357
600 11 171 0.133963726255534 0.000442432127678029
