# New log 28/04/2014 00:21:06
1 128 128 4.16263166666667 1.86097833333333
4.04999999999999 128 126 3.00316721311475 1.32503169398907
5.06666666666665 127 125 2.68279508196721 1.23654262295082
6.08333333333332 127 123 2.67107213114754 1.26007540983607
7.09999999999998 126 124 2.89358360655738 1.15789508196721
8.09999999999998 125 124 2.30838166666667 0.732075
9.10000000000003 124 122 2.24227166666667 0.475058333333333
10.1000000000001 123 123 3.02501 0.522336666666667
11.1000000000001 120 124 3.83141333333334 0.601093333333333
14.1000000000003 119 125 4.23929777777778 0.584603333333333
15.1000000000003 118 124 4.41814166666667 0.301636666666667
16.1000000000004 117 123 3.51426333333333 0.398033333333333
17.116666666667 117 121 4.74236393442623 0.710944262295082
18.1333333333336 117 120 5.4956131147541 0.572831147540984
20.1666666666668 116 119 4.76037704918033 0.784776229508197
21.1833333333334 114 119 6.12592459016394 1.29718196721311
22.2 112 119 5.80264918032787 1.19987540983607
24.2333333333332 111 119 6.9245606557377 1.20198360655738
25.2499999999998 108 121 4.45148524590164 0.623709836065574
26.2666666666665 107 121 3.605 0.441340983606557
27.2833333333331 105 120 3.85742295081967 0.441849180327869
28.2999999999997 103 121 4.32673114754098 0.462452459016393
29.3166666666663 100 123 3.56753606557377 0.343150819672131
30.3333333333329 99 124 3.53715573770492 0.393762295081967
31.3499999999995 98 124 4.80822295081967 0.820286885245902
32.3666666666661 97 120 5.62236229508197 0.985870491803279
33.3833333333327 95 120 4.70578852459016 0.835311475409836
34.3999999999993 94 121 5.01550491803279 0.793991803278689
35.4166666666659 92 122 5.51157868852459 1.25703770491803
36.4333333333325 91 123 5.67881967213115 1.39693606557377
37.4499999999992 90 123 5.63834590163934 1.44805245901639
38.4666666666658 88 125 4.12122786885246 0.925634426229508
40.499999999999 86 124 2.98998196721312 0.865143442622951
41.5166666666656 85 122 1.87410491803279 0.685508196721311
42.5333333333322 82 125 1.71069836065574 0.316165573770492
43.5499999999988 81 125 2.3145393442623 0.585640983606557
44.5666666666654 80 123 2.36802295081967 0.372326229508197
45.583333333332 77 124 1.98902131147541 0.712581967213115
46.5999999999986 76 123 1.48960983606557 0.551586885245902
49.6499999999985 75 122 2.42833825136612 0.624472677595628
51.6833333333317 74 123 1.64609426229508 0.585909836065574
52.6999999999983 70 124 2.08901475409836 0.386709836065574
53.7166666666649 68 126 1.73207704918033 0.436862295081967
56.7666666666647 67 126 1.53732076502732 0.273534426229508
57.7833333333313 66 126 1.41834426229508 0.324531147540984
60.8333333333312 64 126 1.48773989071038 0.238752459016393
61.8499999999978 64 125 1.29655409836066 0.230967213114754
62.8666666666644 63 125 1.55170655737705 0.3322
63.883333333331 60 128 1.72658524590164 0.381465573770492
64.8999999999976 60 127 1.69713442622951 0.241113114754098
65.9166666666642 59 127 1.9357131147541 0.648213114754098
66.9333333333308 58 127 1.62144754098361 0.238227868852459
69.9833333333306 58 126 1.99665737704918 0.328483606557377
72.0166666666639 56 126 1.63264590163934 0.310431147540984
74.0499999999971 56 125 1.52081229508197 0.289850819672131
77.0999999999969 55 125 1.44667978142076 0.779953551912568
78.1166666666635 54 126 1.37417049180328 0.450416393442623
79.1333333333301 54 125 0.971531147540984 0.244570491803279
80.1499999999967 53 126 1.15370819672131 0.115250819672131
81.1666666666633 52 127 1.16975573770492 0.107847540983607
82.18333333333 50 129 1.43031967213115 0.220303278688525
83.1999999999966 50 128 1.04900983606557 0.223281967213115
86.2499999999964 48 128 1.0223306010929 0.137255191256831
88.2833333333296 47 128 1.03132704918033 0.619117213114754
90.3166666666628 44 128 1.74679918032787 1.43988852459016
92.349999999996 42 129 1.25931967213115 0.172177049180328
96.4166666666625 41 130 0.916446721311476 0.267432786885246
100.483333333329 40 131 1.05580040983607 0.360702049180328
102.516666666662 40 130 0.848763114754098 0.130384426229508
104.549999999995 39 131 1.61736885245902 0.245305737704918
108.616666666662 38 131 0.893712704918033 0.157982786885246
110.649999999995 38 130 0.8221 0.188888524590164
111.666666666662 37 131 0.770944262295082 0.0603131147540984
114.716666666661 36 131 0.749505464480875 0.104259016393443
116.749999999995 35 132 0.989005737704918 0.0921926229508197
118.783333333328 34 133 1.18634836065574 0.0724918032786885
119.799999999994 33 134 0.56472131147541 0.0130950819672131
121.833333333328 32 134 0.570139344262295 0.0215
130.93333333333 31 135 0.746393772893773 0.0399833333333333
131.93333333333 31 134 0.607083333333334 0.0289383333333333
134.933333333333 30 135 0.743797222222222 0.0426027777777778
141.933333333338 29 136 0.590561666666667 0.0426266666666667
142.933333333339 28 137 0.537 0.0144566666666667
143.93333333334 28 136 0.523548333333333 0.02081
146.933333333342 27 137 0.482505 0.0124544444444444
153.933333333348 26 138 0.478706904761905 0.0477961904761905
168.93333333336 26 137 0.456946555555556 0.0173138888888889
177.933333333367 26 136 0.689541851851852 0.0547433333333333
179.933333333369 25 136 0.942269166666667 0.132943333333333
181.93333333337 24 136 0.453320833333333 0.149506666666667
184.933333333373 23 137 0.407733333333333 0.0325016666666667
297.616666666725 23 136 0.480386969383228 0.0360161218754622
308.800000000048 22 136 0.362975558867362 0.000353204172876304
309.816666666714 21 136 0.352993442622951 0.000226229508196721
328.116666666697 20 137 0.364808469945355 0.0228172131147541
339.30000000002 19 137 0.296128166915052 0.0028849478390462
354.550000000006 19 136 0.287769289617486 0.0183990163934426
491.799999999881 18 137 0.315656891317547 0.00110716454159077
600 18 137 0.310248858587405 0.000211950360042899
