# New log 28/04/2014 00:19:32
1 128 128 1.71147333333333 4.34721666666667
4.04999999999999 124 131 1.21547322404372 1.10046338797814
5.06666666666665 121 134 1.29158524590164 1.46673606557377
6.08333333333332 120 134 1.20107540983607 1.90735737704918
7.09999999999998 119 134 1.46617049180328 1.6490737704918
8.09999999999998 118 135 0.960183333333333 1.101
9.10000000000003 117 134 1.22572833333333 1.43781
11.1000000000001 115 135 0.9311975 0.853925
12.1000000000002 114 135 1.13291 1.856705
13.1000000000002 110 138 0.842925 1.03898333333333
14.1000000000003 109 139 1.33270333333333 1.50487166666667
15.1000000000003 107 140 1.46719333333333 1.03955
16.1000000000004 106 141 1.19226666666667 0.209993333333333
17.116666666667 105 141 1.1859262295082 0.652652459016394
18.1333333333336 102 143 1.35254426229508 1.38849180327869
19.1500000000002 100 143 0.895593442622951 2.54370491803279
20.1666666666668 97 145 0.783450819672131 1.66418196721311
21.1833333333334 93 147 2.08011803278689 1.52780491803279
22.2 90 148 1.75617704918033 0.770652459016394
23.2166666666666 88 149 2.13087540983607 0.364759016393443
24.2333333333332 87 149 0.802603278688524 0.414918032786885
25.2499999999998 86 149 0.73291475409836 0.419622950819672
26.2666666666665 85 150 0.668577049180328 0.625514754098361
27.2833333333331 81 154 1.14497540983607 0.737477049180328
28.2999999999997 80 155 0.634036065573771 0.823977049180328
29.3166666666663 79 156 0.680168852459016 0.571004918032787
30.3333333333329 78 157 0.716211475409836 0.913540983606557
32.3666666666661 77 158 0.690816393442623 0.61875
33.3833333333327 76 159 0.682049180327869 0.852447540983607
34.3999999999993 75 159 0.678986885245902 0.855214754098361
35.4166666666659 74 159 0.592231147540983 0.263165573770492
36.4333333333325 73 160 0.633398360655738 0.312613114754098
40.499999999999 72 161 0.643569672131148 0.372192213114754
41.5166666666656 71 160 0.664013114754098 0.669132786885246
42.5333333333322 70 161 0.849106557377049 0.812434426229508
44.5666666666654 67 163 0.800051639344262 0.728265573770492
45.583333333332 66 163 0.580901639344263 0.572322950819672
46.5999999999986 65 163 0.595893442622951 0.615354098360656
47.6166666666652 63 165 0.562562295081967 0.599475409836066
48.6333333333319 62 166 0.566306557377049 0.678222950819672
50.6666666666651 60 167 0.56067131147541 0.86932868852459
51.6833333333317 59 168 0.560190163934426 1.14744262295082
52.6999999999983 58 169 0.556288524590164 1.0991393442623
53.7166666666649 58 168 0.706111475409836 1.31937868852459
54.7333333333315 57 169 0.647283606557377 1.15599016393443
59.8166666666646 55 171 0.540165901639344 1.45385081967213
60.8333333333312 54 171 0.45297868852459 1.76952950819672
61.8499999999978 53 172 0.439326229508197 1.51325409836066
62.8666666666644 52 173 0.557959016393443 0.781631147540984
63.883333333331 51 173 0.787209836065574 0.579331147540984
64.8999999999976 50 173 1.16433114754098 0.722052459016393
67.9499999999974 49 174 0.502546448087432 1.30316448087432
69.9833333333306 48 174 0.382411475409836 1.33306147540984
70.9999999999973 47 175 0.423354098360656 1.3110868852459
72.0166666666639 46 176 0.412991803278689 0.7576
73.0333333333305 45 177 0.43622131147541 0.679080327868853
76.0833333333303 44 178 0.378042076502732 0.622204918032787
77.0999999999969 44 177 0.369727868852459 0.555577049180328
82.18333333333 43 178 0.360899344262295 1.26700327868852
84.2166666666632 42 179 0.367985245901639 1.13524016393443
85.2333333333298 42 178 0.362316393442623 1.10705081967213
87.266666666663 41 178 0.36055737704918 1.22810655737705
88.2833333333296 40 179 0.305280327868853 1.10350983606557
89.2999999999962 39 180 0.321013114754098 1.13808032786885
91.3333333333294 37 182 0.401608196721312 1.19237540983607
94.3833333333293 35 184 0.301639344262295 1.14276885245902
95.3999999999959 34 185 0.289765573770492 1.24845409836066
103.533333333329 32 187 0.302098360655737 1.15684241803279
106.583333333329 31 188 0.279979234972678 1.1311693989071
115.733333333328 30 189 0.265245537340619 1.1355189435337
118.783333333328 29 189 0.257608743169399 1.09223442622951
120.816666666661 28 190 0.222587704918033 1.13307213114754
125.899999999994 27 190 0.240103278688524 1.11959967213115
127.933333333327 26 191 0.242310655737705 1.17938852459016
129.933333333329 25 191 0.2214025 1.10801583333333
131.93333333333 23 193 0.200619166666667 1.11692416666667
135.933333333334 22 194 0.20566 1.10869583333333
140.933333333338 20 195 0.203256 2.06112433333333
149.933333333345 19 195 0.192794444444444 2.76345851851852
150.933333333346 18 195 0.169866666666667 4.01657
154.933333333349 17 196 0.151221666666667 4.00942791666667
155.93333333335 16 196 0.132771666666667 2.78139166666667
159.933333333353 16 195 0.111824583333333 1.2571775
170.933333333362 15 196 0.113581060606061 1.03185621212121
179.933333333369 14 196 0.118585925925926 0.911681851851852
214.933333333397 14 195 0.0946464761904761 0.910518190476191
226.933333333406 13 196 0.114139444444444 0.942486666666667
256.950000000095 12 197 0.0892192115491394 0.85611071626874
301.683333333388 11 197 0.089713263785395 0.715737481371088
326.083333333365 11 196 0.0767842896174863 0.0939239071038251
347.433333333346 10 196 0.0811024980483997 0.166663387978142
351.500000000009 9 196 0.0709840163934426 0.0545762295081967
355.566666666672 9 195 0.0719467213114754 0.120967213114754
369.799999999992 8 196 0.0698085480093676 0.0172501170960187
388.099999999976 8 195 0.0607812386156648 0.000814936247723133
393.183333333304 7 196 0.0488832786885246 0.00764032786885246
462.316666666575 6 196 0.0417834860173579 0.000168852459016393
503.99999999987 5 197 0.0385987604958017 0.000168532586965214
600 5 197 0.0372203968938741 0.000408300258843831
