# New log 28/04/2014 00:22:36
1 128 128 2.077845 0.575488333333333
3.03333333333333 127 129 1.55864754098361 0.660180327868853
5.06666666666665 127 127 2.12989344262295 0.925568852459016
6.08333333333332 127 124 1.7159737704918 0.860180327868853
7.09999999999998 126 125 2.2368737704918 1.40662950819672
8.09999999999998 125 125 1.925005 0.509595
9.10000000000003 124 125 2.04766333333333 0.771365
10.1000000000001 122 127 2.46210166666667 0.947395
11.1000000000001 121 128 2.037465 0.474406666666667
12.1000000000002 119 128 2.996095 0.53677
13.1000000000002 118 129 3.21606666666667 0.430453333333333
14.1000000000003 115 131 2.61307166666667 0.363091666666667
15.1000000000003 113 132 1.73574666666667 0.112628333333333
16.1000000000004 110 133 3.19166833333333 0.240336666666667
17.116666666667 105 135 2.92321803278689 0.277583606557377
18.1333333333336 103 134 2.08526721311475 0.405077049180328
19.1500000000002 101 133 2.56168196721311 0.416693442622951
20.1666666666668 101 132 3.09937868852459 0.538140983606557
22.2 99 133 2.37014590163934 0.388248360655738
23.2166666666666 98 132 2.36280983606557 0.381737704918033
24.2333333333332 97 133 1.89556885245902 0.471977049180328
25.2499999999998 93 136 1.28613770491803 0.387277049180328
26.2666666666665 90 136 1.36609508196721 0.363037704918033
27.2833333333331 89 136 1.36652459016393 0.387014754098361
29.3166666666663 88 136 1.3579737704918 0.341190163934426
30.3333333333329 86 137 1.83225245901639 0.262475409836066
32.3666666666661 86 136 1.85208196721311 0.628506557377049
34.3999999999993 86 134 1.86215 0.227736065573771
35.4166666666659 81 137 1.21655901639344 0.217072131147541
36.4333333333325 80 136 1.34195737704918 0.168540983606557
37.4499999999992 80 135 1.15026721311475 0.137634426229508
39.4833333333324 78 136 1.23480245901639 1.57818278688525
42.5333333333322 76 138 1.87721912568306 0.322270491803279
43.5499999999988 73 140 2.18939016393443 0.78154262295082
44.5666666666654 71 142 1.86684098360656 0.594360655737705
47.6166666666652 70 143 1.83758306010929 0.52159781420765
48.6333333333319 69 143 1.44306393442623 0.254134426229508
49.6499999999985 67 145 1.36935081967213 0.346431147540984
50.6666666666651 65 147 1.61863606557377 0.445613114754098
52.6999999999983 64 148 1.41572213114754 0.324467213114754
53.7166666666649 63 149 2.90796721311475 0.661526229508197
54.7333333333315 61 149 1.57490819672131 0.418129508196721
56.7666666666647 60 150 1.02214344262295 0.220024590163934
58.7999999999979 59 151 1.03870819672131 0.296201639344262
59.8166666666646 57 152 1.39506885245902 0.444309836065574
60.8333333333312 56 152 1.68496721311475 0.452937704918033
62.8666666666644 56 151 1.17880163934426 0.414486885245902
63.883333333331 54 152 1.04000819672131 0.463314754098361
67.9499999999974 52 154 1.34582704918033 0.578666393442623
68.966666666664 50 155 0.842331147540984 0.293106557377049
69.9833333333306 49 156 0.929637704918032 0.198860655737705
70.9999999999973 49 155 1.18260983606557 0.299680327868852
72.0166666666639 48 155 0.874180327868853 0.3487
73.0333333333305 46 157 0.870749180327869 0.486901639344262
75.0666666666637 44 158 0.877799180327869 0.40454262295082
79.1333333333301 43 158 0.864322950819672 0.429368032786885
80.1499999999967 39 160 0.740949180327869 0.524626229508197
82.18333333333 38 159 2.33125737704918 1.11750819672131
83.1999999999966 37 160 1.65006229508197 0.272783606557377
85.2333333333298 36 161 1.56040081967213 0.361669672131148
86.2499999999964 35 161 1.18684262295082 0.316826229508197
87.266666666663 34 162 0.811547540983607 0.301654098360656
88.2833333333296 33 163 0.934619672131147 0.481713114754098
89.2999999999962 32 162 0.436044262295082 0.221126229508197
91.3333333333294 29 165 0.603836065573771 0.227263114754098
99.4666666666623 29 164 0.43414631147541 0.368787090163934
103.533333333329 29 162 0.506337295081967 0.569384836065574
108.616666666662 28 163 0.514867213114754 0.558076393442623
109.633333333328 27 164 0.445844262295082 0.646931147540984
113.699999999995 26 164 0.513082786885246 0.818448360655738
114.716666666661 25 165 0.357277049180328 0.620345901639344
119.799999999994 24 165 0.318959344262295 0.452708196721311
123.866666666661 23 166 0.805904098360656 0.540712295081967
124.883333333328 23 165 1.02087540983607 0.83044262295082
125.899999999994 22 166 0.357290163934426 0.840018032786885
133.933333333332 21 167 0.447547717842323 0.59708734439834
136.933333333334 20 168 0.277696111111111 0.235308333333333
140.933333333338 19 169 0.28484375 0.0717183333333333
141.933333333338 18 169 0.2231 0.0591066666666667
152.933333333347 17 170 0.255736666666667 0.0772025757575758
155.93333333335 17 169 0.25979 0.0454377777777778
160.933333333354 16 170 0.270489 0.0594586666666667
162.933333333355 15 171 0.3658725 0.0786725
163.933333333356 15 170 0.252508333333333 0.0594683333333333
189.933333333377 14 171 0.255584230769231 0.067171858974359
211.933333333394 14 170 0.240645606060606 0.0667577272727273
212.933333333395 13 171 0.25973 0.0593783333333333
600 13 171 0.369638570015891 0.0616165871275635
