# New log 27/04/2014 23:58:29
1 128 128 4.34484166666667 1.80973333333333
3.03333333333333 128 127 3.71130573770492 1.1064737704918
4.04999999999999 127 126 2.86770327868853 1.56390491803279
5.06666666666665 127 124 2.61828524590164 1.26009508196721
6.08333333333332 126 124 3.14591475409836 2.22512131147541
7.09999999999998 124 124 3.30103770491803 1.4076393442623
8.09999999999998 123 125 3.44244333333333 1.85844666666667
9.10000000000003 122 125 3.45288666666667 1.45566333333333
10.1000000000001 122 123 3.397745 0.799478333333333
12.1000000000002 121 124 3.64037 1.05521666666667
13.1000000000002 119 125 4.05021666666667 0.965128333333333
14.1000000000003 117 126 5.27227666666667 1.21025
15.1000000000003 116 126 4.03990166666667 0.994096666666667
16.1000000000004 115 123 3.95697166666667 1.048165
17.116666666667 112 123 4.40147540983607 0.973740983606557
18.1333333333336 109 125 3.78265081967213 0.775288524590164
19.1500000000002 109 122 4.1510131147541 1.54147213114754
20.1666666666668 109 118 4.34186229508197 1.59243442622951
21.1833333333334 108 119 4.4346131147541 1.15593114754098
22.2 107 119 4.16095573770492 1.03176721311475
24.2333333333332 105 117 4.96855081967213 1.0848893442623
25.2499999999998 103 119 3.99035081967213 1.61043278688525
26.2666666666665 102 119 3.06109016393443 1.94965901639344
27.2833333333331 101 119 3.18984590163934 2.37356885245902
28.2999999999997 101 117 2.80832295081967 1.46944918032787
30.3333333333329 96 120 5.48967213114754 1.33430983606557
31.3499999999995 95 120 4.85532131147541 1.02658196721311
32.3666666666661 93 120 4.69074590163935 0.901185245901639
33.3833333333327 91 120 3.60137049180328 0.878909836065574
34.3999999999993 86 125 2.62433278688524 0.953355737704918
35.4166666666659 86 124 2.14130819672131 1.03172786885246
36.4333333333325 84 122 2.78928524590164 1.24936721311475
37.4499999999992 82 123 4.19172295081967 1.44918196721312
38.4666666666658 81 123 4.12057704918033 1.25320491803279
40.499999999999 80 122 3.44338278688525 0.943609016393443
41.5166666666656 79 122 3.08793934426229 0.88667868852459
42.5333333333322 78 121 2.6052 0.737396721311475
43.5499999999988 78 120 2.23253114754098 0.947573770491803
44.5666666666654 77 121 2.70688032786885 0.811783606557377
45.583333333332 75 123 2.32075901639344 0.261809836065574
46.5999999999986 73 121 2.49717540983607 0.305980327868852
47.6166666666652 73 119 1.47016393442623 0.186624590163934
48.6333333333319 70 121 1.55446229508197 0.416244262295082
49.6499999999985 68 122 1.43203278688525 0.350583606557377
50.6666666666651 66 122 1.51404590163934 0.424545901639344
51.6833333333317 64 123 1.17735573770492 0.206240983606557
52.6999999999983 63 123 1.38537704918033 0.307839344262295
53.7166666666649 61 124 1.18945573770492 0.393481967213115
54.7333333333315 60 125 1.54807704918033 0.251031147540984
55.7499999999981 59 125 1.05381803278689 0.279609836065574
59.8166666666646 58 125 1.27165860655738 0.335897950819672
60.8333333333312 56 125 1.02501803278689 0.235109836065574
62.8666666666644 54 127 1.0392893442623 0.291004918032787
63.883333333331 53 127 0.969101639344262 0.26602131147541
64.8999999999976 51 127 1.68536885245902 0.444972131147541
66.9333333333308 50 126 1.0590131147541 0.338258196721312
67.9499999999974 48 128 0.853086885245902 0.372340983606557
68.966666666664 47 129 0.835693442622951 0.478808196721311
69.9833333333306 46 130 1.21741803278689 0.112868852459016
70.9999999999973 46 129 0.982395081967213 0.106924590163934
73.0333333333305 45 130 0.821193442622951 0.0817622950819672
74.0499999999971 44 130 0.877240983606557 0.0908262295081967
75.0666666666637 43 131 0.779144262295082 0.0618967213114754
77.0999999999969 42 132 0.769368032786885 0.110430327868852
79.1333333333301 41 133 0.82919262295082 0.194922950819672
83.1999999999966 40 134 0.76569262295082 0.345793852459016
84.2166666666632 40 133 0.952314754098361 0.489349180327869
87.266666666663 39 133 0.882574316939891 0.306996174863388
88.2833333333296 37 134 0.896177049180328 0.185937704918033
93.3666666666627 35 136 0.602664918032787 0.00649180327868853
96.4166666666625 33 138 0.652976502732241 0.14302131147541
97.4333333333291 33 137 0.545672131147541 0.0686737704918033
98.4499999999957 32 138 0.803565573770492 0.402068852459016
100.483333333329 32 136 0.501686885245902 0.0180672131147541
104.549999999995 31 137 0.484856557377049 0.00703606557377049
107.599999999995 30 138 0.478925136612022 0.0153612021857924
110.649999999995 29 139 0.425948087431694 0.00372841530054645
120.816666666661 29 138 0.479631147540984 0.0163377049180328
124.883333333328 28 138 0.458443852459016 0.0166590163934426
134.933333333333 27 139 0.425405970149254 0.0102951907131012
135.933333333334 25 140 0.380806666666667 0.000175
141.933333333338 24 141 0.388258611111111 0.0114608333333333
142.933333333339 24 140 0.442988333333333 0.00887
143.93333333334 24 139 0.37334 0.0002
146.933333333342 22 141 0.383242222222222 0.00269777777777778
148.933333333344 22 140 0.4016725 0.0332141666666667
151.933333333346 21 141 0.328785555555556 0.0482272222222222
153.933333333348 20 140 0.3156875 0.0140583333333333
190.933333333377 19 141 0.355272027027027 0.48368536036036
197.933333333383 18 141 0.318768333333333 0.168209761904762
198.933333333384 18 140 0.343895 0.012295
199.933333333385 17 141 0.283246666666667 0.00015
200.933333333385 17 140 0.291875 0.00016
209.933333333393 15 142 0.360702777777778 0.00676907407407407
218.9333333334 14 143 0.237952037037037 0.00531703703703704
299.650000000056 14 142 0.2496069584968 0.00643365682428247
300.666666666722 13 143 0.251809836065574 0.0073
561.949999999818 12 144 0.226489181603619 0.00273684378388722
600 12 144 0.211557290767904 0.000172217428817946
