# New log 27/04/2014 23:59:54
1 128 128 2.25789 0.571531666666667
4.04999999999999 128 127 1.55423770491803 0.734074863387978
5.06666666666665 128 126 2.35724262295082 0.717949180327869
6.08333333333332 126 124 2.9819 1.1601737704918
7.09999999999998 124 124 2.86635737704918 1.15595573770492
8.09999999999998 123 125 3.12265666666667 2.039265
9.10000000000003 121 125 4.23726833333333 1.82305166666667
10.1000000000001 120 126 4.12052666666667 2.41516
12.1000000000002 119 127 5.02737 2.93684583333333
13.1000000000002 117 128 4.27924333333333 1.85617
14.1000000000003 112 131 6.05256833333334 2.49954666666667
15.1000000000003 109 133 5.36810166666667 2.03870333333333
16.1000000000004 108 133 5.02299833333333 1.67422666666667
17.116666666667 105 132 4.57481147540983 1.01271803278689
18.1333333333336 104 131 4.77375901639344 0.642150819672131
19.1500000000002 102 131 5.03446721311476 4.12875081967213
20.1666666666668 102 130 5.75424918032787 1.56401803278689
21.1833333333334 101 130 4.28312459016393 1.01021639344262
22.2 99 129 4.22707868852459 0.801085245901639
23.2166666666666 98 130 4.18684754098361 1.68560819672131
24.2333333333332 96 131 4.48692459016393 1.25845245901639
26.2666666666665 95 128 4.32553606557377 0.584836885245902
27.2833333333331 95 127 3.21181967213115 0.518809836065574
29.3166666666663 93 129 1.40932868852459 0.299538524590164
30.3333333333329 91 130 1.95561475409836 0.555513114754098
31.3499999999995 88 130 1.41869672131148 0.38102131147541
32.3666666666661 84 133 1.44560983606557 0.30755737704918
33.3833333333327 82 133 3.97920491803279 0.287567213114754
34.3999999999993 81 134 3.9690868852459 0.44062131147541
35.4166666666659 79 135 2.17973770491803 0.360250819672131
36.4333333333325 78 133 2.08316721311475 0.371670491803279
37.4499999999992 77 133 2.84198032786885 0.276601639344262
38.4666666666658 76 133 2.66239508196721 0.340393442622951
39.4833333333324 72 135 2.86159508196721 0.551240983606557
41.5166666666656 71 136 3.0209237704918 0.509093442622951
42.5333333333322 68 139 3.23435737704918 0.625450819672131
43.5499999999988 65 140 2.80562131147541 0.421275409836066
44.5666666666654 63 142 2.2802131147541 0.34022131147541
45.583333333332 62 142 1.44552950819672 0.413019672131148
46.5999999999986 61 142 1.83433442622951 0.293781967213115
47.6166666666652 60 143 2.07076065573771 0.274688524590164
49.6499999999985 57 143 1.18573606557377 0.20506393442623
51.6833333333317 53 146 0.734831147540984 0.0869836065573771
52.6999999999983 53 145 0.658193442622951 0.107768852459016
53.7166666666649 51 147 1.2260393442623 0.131680327868852
54.7333333333315 51 146 1.04627213114754 0.0302393442622951
56.7666666666647 50 146 1.27769426229508 0.255488524590164
57.7833333333313 49 146 2.09200491803279 0.385155737704918
58.7999999999979 48 145 2.66991475409836 0.420126229508197
59.8166666666646 47 146 1.93923278688525 0.142029508196721
61.8499999999978 47 145 1.97871475409836 0.232022950819672
62.8666666666644 46 146 6.28375737704918 0.742383606557377
63.883333333331 46 145 3.31981147540984 0.55866393442623
65.9166666666642 45 146 0.925699180327869 0.104700819672131
66.9333333333308 45 145 0.47213606557377 0.000467213114754098
67.9499999999974 42 146 0.714450819672131 0.065427868852459
68.966666666664 41 147 1.01036229508197 0.0912540983606557
69.9833333333306 41 146 0.899575409836066 0.174095081967213
72.0166666666639 40 147 0.71737131147541 0.0706229508196721
75.0666666666637 39 148 0.585108743169399 0.0990601092896175
76.0833333333303 37 147 1.01922786885246 1.04517868852459
77.0999999999969 36 146 0.414801639344262 0.0748295081967213
78.1166666666635 36 145 0.461008196721311 0.171372131147541
80.1499999999967 35 145 1.23598360655738 0.14970737704918
87.266666666663 35 144 0.797774707259953 0.159788290398126
90.3166666666628 33 145 0.934981967213115 0.128922950819672
91.3333333333294 32 144 1.34101803278689 0.0598639344262295
96.4166666666625 31 144 0.98517180327869 0.124155737704918
97.4333333333291 30 145 0.534691803278688 0.0807737704918033
98.4499999999957 28 146 0.380431147540984 0.0513655737704918
100.483333333329 28 145 0.349436885245902 0.0380213114754098
101.499999999996 26 146 0.353647540983607 0.0749868852459016
111.666666666662 25 146 1.62844540983607 0.0599081967213115
112.683333333328 24 146 1.58009016393443 0.053872131147541
113.699999999995 23 146 1.94125901639344 0.135247540983607
116.749999999995 22 147 1.91422841530055 0.142174863387978
121.833333333328 21 147 1.82329672131148 0.09406
124.883333333328 21 146 0.299131693989071 0.118745355191257
126.916666666661 20 147 0.26372131147541 0.0611254098360656
130.93333333333 20 146 0.256570954356847 0.0594929460580913
136.933333333334 19 146 0.252048888888889 0.036245
139.933333333337 18 147 0.295841111111111 0.0914788888888889
147.933333333343 18 146 0.28468125 0.0872275
152.933333333347 16 148 0.391399 0.143307
155.93333333335 15 149 0.192034444444444 0.0497366666666667
162.933333333355 14 150 0.159155476190476 0.0543045238095238
164.933333333357 13 151 0.149771666666667 0.0219033333333333
167.933333333359 12 152 0.130398888888889 0.0263066666666667
202.933333333387 12 151 0.11723019047619 0.0137596666666667
204.933333333389 11 152 0.224766666666667 0.0306766666666667
229.933333333408 10 153 0.105101066666667 0.000396133333333333
531.449999999845 9 153 0.105649273119235 0.000186932728981261
600 9 153 0.103042044358727 0.000195106075216972
