# New log 27/04/2014 23:56:28
1 128 128 1.63206833333333 5.63993833333333
3.03333333333333 128 127 1.17390737704918 1.16681803278689
4.04999999999999 127 127 0.83534262295082 1.07077704918033
5.06666666666665 125 127 1.15133606557377 0.909968852459016
6.08333333333332 124 127 0.96708524590164 0.628981967213115
7.09999999999998 123 128 1.05193114754098 0.784388524590164
8.09999999999998 121 128 1.22047666666667 0.662031666666667
9.10000000000003 121 127 1.330745 2.11493666666667
10.1000000000001 120 126 1.20617833333333 4.13644
11.1000000000001 115 129 1.07374 4.21317
12.1000000000002 115 128 0.882345 4.917575
13.1000000000002 115 127 1.29934833333333 4.97181833333333
14.1000000000003 114 128 0.930483333333334 4.86662666666667
15.1000000000003 112 128 1.462925 4.54645
16.1000000000004 109 129 1.06976166666667 5.148465
17.116666666667 108 128 0.760514754098361 5.21411967213115
18.1333333333336 106 130 0.779006557377049 5.5135
19.1500000000002 105 128 0.867691803278689 5.89925901639344
20.1666666666668 104 127 0.905903278688525 5.11699016393443
21.1833333333334 102 129 1.1534868852459 4.64968360655738
22.2 100 130 0.882768852459016 5.8320737704918
25.2499999999998 98 131 0.840380327868853 7.84982076502732
26.2666666666665 95 132 0.903191803278688 6.5540868852459
30.3333333333329 95 131 0.872933606557377 4.37186680327869
31.3499999999995 94 132 0.720668852459016 6.22560983606557
32.3666666666661 91 135 0.74295737704918 5.57462295081967
33.3833333333327 90 136 0.773690163934426 7.44700163934426
34.3999999999993 88 137 0.967032786885246 8.48846065573771
35.4166666666659 87 137 1.38786721311475 8.87247704918033
36.4333333333325 86 138 1.33976065573771 8.94219344262295
37.4499999999992 85 138 1.38701147540984 8.66085081967213
39.4833333333324 84 139 1.75719590163934 7.14862950819672
40.499999999999 82 140 0.836916393442623 5.88116065573771
41.5166666666656 80 142 0.67876393442623 6.46952459016393
42.5333333333322 77 145 0.673013114754098 5.83498852459016
43.5499999999988 76 146 0.65332131147541 7.25366393442623
44.5666666666654 74 147 0.6293 7.88556557377049
47.6166666666652 73 146 0.636414207650274 5.37653169398907
48.6333333333319 72 146 0.832355737704918 5.29509672131148
50.6666666666651 72 145 0.782194262295082 6.38782950819672
52.6999999999983 70 145 0.839127868852459 6.6648262295082
53.7166666666649 69 146 0.656513114754098 6.95518524590164
54.7333333333315 69 145 0.6873 7.34250163934426
57.7833333333313 68 146 0.630267759562842 5.68952896174863
58.7999999999979 67 146 0.582091803278689 3.37213114754098
59.8166666666646 66 146 0.665688524590164 3.0751868852459
60.8333333333312 64 147 0.531683606557377 1.24804590163934
61.8499999999978 63 148 0.519126229508197 0.75847868852459
62.8666666666644 61 149 0.522198360655738 1.37213114754098
63.883333333331 60 150 0.566709836065574 0.705454098360656
65.9166666666642 60 149 0.584494262295082 3.27209672131148
66.9333333333308 60 148 0.736504918032787 7.07873770491803
67.9499999999974 58 149 0.507460655737705 5.54119672131148
68.966666666664 57 149 0.499575409836066 6.35850491803279
69.9833333333306 56 149 0.889237704918033 6.39495081967213
70.9999999999973 54 150 0.490649180327869 6.59859344262295
72.0166666666639 51 152 0.733983606557377 6.96274590163934
73.0333333333305 50 151 0.581201639344262 5.89579672131148
75.0666666666637 50 150 0.43200737704918 5.23358114754098
76.0833333333303 49 151 0.534867213114754 5.25368360655738
78.1166666666635 48 152 0.408731147540984 5.13732213114754
79.1333333333301 47 153 0.368813114754098 5.21330163934426
80.1499999999967 46 154 0.400222950819672 5.73924918032787
81.1666666666633 46 153 0.433295081967213 7.66049344262295
82.18333333333 45 153 0.386803278688524 6.90792295081967
83.1999999999966 45 152 0.370116393442623 6.05421639344262
84.2166666666632 44 152 0.405449180327869 6.21110327868852
85.2333333333298 43 153 0.414362295081967 4.52132131147541
89.2999999999962 42 153 0.395712704918033 4.43375573770492
90.3166666666628 41 154 0.341104918032787 3.05336557377049
91.3333333333294 41 153 0.353709836065574 3.05903770491803
92.349999999996 40 154 0.350596721311475 2.9778
93.3666666666627 39 155 0.353572131147541 2.83941967213115
95.3999999999959 38 154 0.393052459016394 3.76351475409836
97.4333333333291 36 156 0.374486065573771 5.22799754098361
99.4666666666623 35 156 0.349613114754098 3.34325737704918
102.516666666662 34 157 0.387246448087432 2.34451912568306
103.533333333329 33 158 0.368414754098361 2.67082950819672
107.599999999995 31 159 0.350902049180328 1.92134672131148
108.616666666662 30 159 0.25344262295082 1.09497049180328
112.683333333328 29 159 0.259218032786885 1.28074672131148
113.699999999995 28 160 0.286050819672131 1.12399836065574
115.733333333328 27 160 0.23491393442623 1.0424262295082
116.749999999995 26 160 0.665504918032787 1.04113278688525
126.916666666661 24 161 0.245349016393443 1.85236344262295
127.933333333327 21 164 0.211401639344262 1.3473262295082
130.93333333333 20 165 0.190415555555556 0.820316111111111
137.933333333335 20 164 0.193890476190476 0.0738171428571429
138.933333333336 19 165 0.184733333333333 0.017495
139.933333333337 19 164 0.167593333333333 0.01754
140.933333333338 17 164 0.15616 0.00807333333333333
142.933333333339 17 163 0.136908333333333 0.207358333333333
144.933333333341 16 164 0.1442325 0.759501666666667
146.933333333342 15 165 0.149953333333333 0.834115
152.933333333347 14 166 0.141808888888889 0.749380555555555
155.93333333335 13 166 0.106400555555556 0.736594444444445
161.933333333354 12 166 0.172831944444444 0.743046111111111
168.93333333336 11 166 0.103789523809524 0.803144285714286
174.933333333365 10 166 0.109487777777778 0.872728888888889
177.933333333367 9 167 0.0958494444444445 0.737463888888889
183.933333333372 8 168 0.0884625 0.738781944444444
187.933333333375 7 168 0.07063875 0.744283333333333
600 7 168 0.0588333131386534 0.738163843450866
