# New log 28/04/2014 00:11:08
1 128 128 1.73769833333333 4.55438833333333
3.03333333333333 127 129 1.05161803278689 0.957548360655738
4.04999999999999 125 130 1.12859344262295 1.89158360655738
5.06666666666665 122 132 1.25493114754098 1.28293770491803
6.08333333333332 121 132 1.35511147540984 0.866286885245902
8.09999999999998 120 133 1.14625867768595 1.17173388429752
9.10000000000003 117 133 0.918505 0.416111666666667
10.1000000000001 116 133 0.948113333333333 0.587191666666667
11.1000000000001 112 134 0.850878333333334 1.24666166666667
12.1000000000002 111 133 1.04551333333333 2.21457333333333
13.1000000000002 108 134 0.842831666666667 0.8942
14.1000000000003 107 135 0.820636666666667 1.121475
15.1000000000003 107 134 1.039255 2.699335
16.1000000000004 105 135 0.836106666666667 2.34391666666667
17.116666666667 103 135 0.867145901639344 1.88980819672131
19.1500000000002 102 134 0.850203278688525 2.79035491803279
20.1666666666668 100 134 0.881103278688525 0.888395081967213
21.1833333333334 99 134 0.847872131147541 0.607560655737705
22.2 98 133 0.949865573770492 1.51124590163934
23.2166666666666 96 134 0.814467213114754 2.40942786885246
25.2499999999998 94 136 0.824586885245902 1.96284098360656
26.2666666666665 92 136 0.756181967213115 2.08090163934426
27.2833333333331 86 139 0.893949180327869 2.59638852459016
28.2999999999997 85 140 0.726177049180328 1.87970163934426
29.3166666666663 82 143 0.683903278688525 0.97867868852459
31.3499999999995 80 143 0.605024590163934 0.88784262295082
32.3666666666661 78 145 1.00650983606557 0.863332786885246
33.3833333333327 77 146 0.701495081967213 1.47729672131148
34.3999999999993 76 147 1.18006065573771 1.16085409836066
35.4166666666659 73 150 0.902680327868853 0.586414754098361
36.4333333333325 73 149 0.913867213114754 0.529863934426229
37.4499999999992 72 149 0.561983606557377 0.644785245901639
38.4666666666658 70 148 0.604483606557377 0.647640983606557
41.5166666666656 68 149 0.578749180327869 0.612412568306011
42.5333333333322 66 151 0.572103278688525 0.618860655737705
44.5666666666654 65 151 0.807072131147541 0.658130327868852
46.5999999999986 65 150 0.507673770491803 0.65717868852459
48.6333333333319 65 149 0.63643524590164 0.289384426229508
49.6499999999985 63 151 0.492008196721311 1.97016721311475
50.6666666666651 62 152 0.471808196721311 0.234088524590164
52.6999999999983 60 154 1.17473278688525 0.283549180327869
54.7333333333315 59 153 0.727147540983607 0.413386885245902
55.7499999999981 58 153 0.495595081967213 0.309673770491803
56.7666666666647 57 153 0.525365573770492 1.14472950819672
57.7833333333313 56 152 0.498783606557377 3.26748852459016
58.7999999999979 54 153 0.592704918032787 3.15335737704918
59.8166666666646 53 153 0.538303278688525 1.30029508196721
60.8333333333312 51 155 0.576186885245901 1.67036229508197
62.8666666666644 50 155 0.505967213114754 2.23735737704918
63.883333333331 49 155 0.514498360655738 2.65460655737705
65.9166666666642 49 153 0.432767213114754 0.278802459016393
66.9333333333308 48 154 0.436860655737705 0.229131147540984
69.9833333333306 47 153 0.505326229508197 0.68198306010929
72.0166666666639 46 153 0.432944262295082 0.339148360655738
73.0333333333305 45 154 0.429608196721311 0.123355737704918
74.0499999999971 44 155 0.503877049180328 0.0517459016393443
75.0666666666637 43 156 0.38687868852459 0.0131639344262295
76.0833333333303 42 155 0.357144262295082 0.0237885245901639
77.0999999999969 41 156 0.385729508196721 0.0179885245901639
78.1166666666635 40 157 0.34077868852459 0.0108114754098361
79.1333333333301 38 159 0.346924590163934 0.0172819672131148
81.1666666666633 36 158 0.347631147540984 0.138044262295082
82.18333333333 33 161 0.319955737704918 0.239973770491803
83.1999999999966 33 160 0.311573770491803 0.243959016393443
84.2166666666632 31 161 0.306275409836066 0.256295081967213
85.2333333333298 30 161 0.255660655737705 0.318473770491803
86.2499999999964 30 160 0.240575409836066 0.217659016393443
87.266666666663 29 161 0.257668852459016 0.222552459016393
88.2833333333296 28 161 0.262344262295082 0.222383606557377
90.3166666666628 27 162 0.249272950819672 0.0198352459016393
93.3666666666627 24 164 0.219426775956284 0.0138371584699454
94.3833333333293 23 163 0.222877049180328 0.00857704918032787
98.4499999999957 22 163 0.206553278688525 0.00781024590163935
101.499999999996 21 164 0.230309289617486 0.00515901639344262
102.516666666662 20 165 0.132319672131148 0.000172131147540984
103.533333333329 19 166 0.146968852459016 0.000172131147540984
106.583333333329 16 168 0.116094535519126 0.022968306010929
118.783333333328 14 169 0.109544945355191 0.00965601092896175
119.799999999994 14 167 0.091816393442623 0.0529590163934426
129.933333333329 13 168 0.0924592105263157 0.0036046052631579
131.93333333333 12 168 0.0776358333333334 0.00015
142.933333333339 11 169 0.0911721212121212 0.000338181818181818
147.933333333343 10 169 0.087107 0.000163333333333333
152.933333333347 9 169 0.0665613333333333 0.00701133333333333
158.933333333352 9 168 0.0551675 0.0115761111111111
237.933333333415 8 169 0.0513020886075949 0.00728548523206751
305.750000000051 7 169 0.0435161218972721 0.000161194396657655
312.866666666711 7 168 0.0386414519906323 0.0106906323185012
326.083333333365 6 168 0.0409174022698612 0.00863669609079445
370.816666666658 5 169 0.0377423248882266 0.000927384500745157
600 5 169 0.0343503336718409 0.00031530538227187
