# New log 28/04/2014 00:13:38
1 128 128 2.16913666666667 0.740791666666667
4.04999999999999 128 127 2.03466120218579 0.502866120218579
5.06666666666665 126 128 4.27890491803279 0.544183606557377
6.08333333333332 126 126 4.64918196721311 0.597759016393443
7.09999999999998 125 127 4.06093278688525 0.566852459016393
8.09999999999998 124 125 4.48549833333333 0.477726666666667
9.10000000000003 121 126 2.98611 0.620098333333333
10.1000000000001 121 124 3.32037333333333 0.420925
11.1000000000001 120 124 3.016295 0.317698333333333
12.1000000000002 119 125 2.84554833333333 0.253771666666667
13.1000000000002 116 127 2.78999 0.296235
14.1000000000003 113 126 3.43157666666667 0.416326666666667
16.1000000000004 111 127 3.19935166666667 0.540573333333333
17.116666666667 109 125 4.61596885245902 0.838245901639344
18.1333333333336 107 126 4.26360655737705 0.666483606557377
19.1500000000002 103 128 3.19980491803279 0.465519672131148
20.1666666666668 102 129 1.95042786885246 0.336255737704918
21.1833333333334 101 129 2.37503114754098 0.39726393442623
22.2 99 131 2.00856557377049 0.672145901639344
23.2166666666666 97 129 2.35832786885246 0.482955737704918
24.2333333333332 97 128 1.94654426229508 0.406049180327869
25.2499999999998 94 131 2.84611639344262 0.671006557377049
26.2666666666665 91 131 2.62095409836066 0.814791803278689
28.2999999999997 90 132 2.92862295081967 0.903532786885246
29.3166666666663 90 129 2.17545245901639 0.623555737704918
30.3333333333329 89 130 1.57914262295082 0.75752131147541
31.3499999999995 87 131 2.49382786885246 0.7839
32.3666666666661 84 132 2.44043934426229 1.11433114754098
34.3999999999993 83 133 2.02937704918033 2.21272213114754
35.4166666666659 81 134 1.26809836065574 0.895759016393443
37.4499999999992 80 135 2.26030983606557 0.204837704918033
38.4666666666658 80 134 2.74404098360656 0.159195081967213
39.4833333333324 76 137 1.39884098360656 0.174262295081967
40.499999999999 75 137 1.29397540983607 0.217077049180328
42.5333333333322 74 137 0.859258196721312 0.185765573770492
44.5666666666654 73 138 1.11941065573771 0.213646721311475
47.6166666666652 72 137 3.62349836065574 0.487303825136612
49.6499999999985 71 137 2.30353524590164 0.438051639344262
50.6666666666651 68 138 3.6920262295082 0.42334262295082
51.6833333333317 67 139 3.31232459016393 0.334385245901639
52.6999999999983 65 140 2.96219672131148 0.218719672131148
55.7499999999981 62 140 1.70517431693989 0.282236612021858
56.7666666666647 61 140 0.835949180327869 0.336940983606557
57.7833333333313 59 141 0.695631147540984 0.475132786885246
58.7999999999979 59 140 1.10103114754098 0.714791803278689
61.8499999999978 58 141 1.2900131147541 0.439846994535519
63.883333333331 57 142 0.807340983606557 0.219104098360656
67.9499999999974 56 142 0.690405737704918 0.151565573770492
68.966666666664 55 143 1.61415081967213 0.192068852459016
69.9833333333306 55 142 1.07343606557377 0.102998360655738
74.0499999999971 54 143 1.74182418032787 0.11664262295082
75.0666666666637 53 144 3.12818360655738 0.102654098360656
76.0833333333303 50 146 2.98955081967213 0.14655737704918
77.0999999999969 48 147 3.11267213114754 0.124711475409836
78.1166666666635 47 148 3.20422786885246 0.119685245901639
79.1333333333301 44 150 2.45936229508197 0.131009836065574
81.1666666666633 42 151 0.750646721311475 0.181652459016393
82.18333333333 41 151 0.456832786885246 0.0508131147540984
84.2166666666632 41 150 0.567680327868853 0.0937114754098361
87.266666666663 39 152 0.998814207650273 0.141255737704918
89.2999999999962 37 154 0.875201639344262 0.134877868852459
92.349999999996 36 154 1.04515245901639 0.202077595628415
94.3833333333293 35 155 0.670545081967213 0.0579262295081967
97.4333333333291 34 156 0.449507650273224 0.0447945355191257
98.4499999999957 32 157 0.5371 0.102303278688525
99.4666666666623 31 158 0.436150819672131 0.0639147540983607
101.499999999996 31 157 0.45916475409836 0.0416565573770492
102.516666666662 30 157 0.569029508196721 0.129155737704918
103.533333333329 30 156 0.422875409836066 0.102737704918033
105.566666666662 29 156 0.492536885245901 0.0669573770491803
107.599999999995 28 157 1.25582950819672 0.216939344262295
108.616666666662 27 157 1.78907049180328 0.252867213114754
110.649999999995 27 156 1.88065163934426 0.277514754098361
116.749999999995 26 157 1.68254480874317 0.190722677595628
120.816666666661 25 158 0.41030737704918 0.0434733606557377
121.833333333328 24 159 0.35664262295082 0.0567573770491803
122.849999999994 23 160 0.31736393442623 0.0573836065573771
124.883333333328 22 161 0.875981967213115 0.274368032786885
125.899999999994 20 162 0.268875409836066 0.0529786885245902
127.933333333327 19 163 0.273389344262295 0.0602073770491803
136.933333333334 18 164 0.628280925925926 0.333488888888889
139.933333333337 16 165 0.469499444444444 0.401425555555556
141.933333333338 15 165 0.443673333333334 0.391991666666667
172.933333333363 14 165 0.452031935483871 0.351510698924731
218.9333333334 13 166 0.231485724637681 0.0340226811594203
225.933333333405 13 165 0.201667142857143 0.0325178571428571
236.933333333414 12 166 0.194742424242424 0.0332545454545455
285.416666666736 12 165 0.163228566517704 0.0175279821244414
354.550000000006 12 164 0.164797275795566 0.0101729026036644
404.366666666628 11 165 0.167885613917698 0.000352291736366678
438.933333333263 10 165 0.163831292189008 0.000355544840887175
600 10 165 0.15064190122693 0.000344674708732859
