# New log 28/04/2014 00:12:15
1 128 128 3.96453333333333 1.66260833333333
4.04999999999999 128 124 3.48953879781421 0.732761202185792
5.06666666666665 128 123 4.34779672131148 0.524270491803279
6.08333333333332 127 121 4.98423114754098 0.510080327868852
7.09999999999998 124 124 6.44809508196721 0.921329508196721
8.09999999999998 123 124 4.4273 0.407471666666667
9.10000000000003 122 125 4.56553 0.585376666666667
10.1000000000001 118 128 4.04899333333333 0.623723333333333
11.1000000000001 118 127 3.81196166666667 0.330195
12.1000000000002 117 128 4.24408166666667 0.497405
13.1000000000002 115 130 3.93758666666667 0.491396666666667
14.1000000000003 115 129 4.56866666666667 1.699385
15.1000000000003 112 128 4.29604666666667 0.55576
16.1000000000004 108 130 4.76161666666667 1.50384833333333
17.116666666667 106 132 4.45479016393443 0.757950819672131
18.1333333333336 104 133 3.34924426229508 1.96744426229508
19.1500000000002 103 133 3.12851967213115 0.775426229508197
20.1666666666668 99 134 3.97649344262295 3.21651639344262
21.1833333333334 95 136 4.28485409836066 4.64561967213115
23.2166666666666 95 135 3.66347704918033 2.34725
24.2333333333332 94 135 2.86141803278689 0.443906557377049
25.2499999999998 92 136 2.59434918032787 0.318014754098361
26.2666666666665 92 135 1.95363442622951 0.178544262295082
28.2999999999997 91 134 4.06889590163934 0.550324590163934
29.3166666666663 91 133 2.33978360655738 0.473426229508197
30.3333333333329 90 133 2.12014262295082 0.45655737704918
32.3666666666661 89 131 2.10921803278689 0.549224590163935
33.3833333333327 88 130 2.17602459016393 0.480283606557377
34.3999999999993 84 132 1.90634262295082 0.410888524590164
35.4166666666659 82 130 2.4010131147541 1.10141803278689
36.4333333333325 79 133 2.40729016393443 0.825944262295082
37.4499999999992 77 134 3.44298360655738 0.614431147540984
39.4833333333324 75 136 4.25869836065574 2.90825819672131
40.499999999999 73 137 4.67427540983607 2.60170983606557
41.5166666666656 73 135 4.04115409836066 1.96638524590164
42.5333333333322 72 134 2.2852737704918 0.963975409836066
44.5666666666654 71 135 1.96600081967213 1.21013442622951
45.583333333332 70 135 1.60875081967213 0.748455737704918
46.5999999999986 70 134 2.26518852459016 1.5450393442623
47.6166666666652 70 132 1.96132295081967 1.30045737704918
49.6499999999985 68 131 1.68642868852459 2.22284590163934
50.6666666666651 66 132 1.52766393442623 1.38420163934426
51.6833333333317 64 133 1.76290983606557 1.06452786885246
53.7166666666649 63 134 1.65598852459016 1.13331393442623
57.7833333333313 62 135 1.4200106557377 0.77012131147541
58.7999999999979 61 135 2.11042950819672 0.585565573770492
59.8166666666646 59 136 1.37055573770492 0.657526229508197
60.8333333333312 58 137 1.29101803278689 0.653609836065574
64.8999999999976 58 136 1.39210778688525 0.888027868852459
65.9166666666642 55 137 1.13146393442623 0.441075409836066
66.9333333333308 54 137 1.3015606557377 0.519919672131148
67.9499999999974 51 138 1.50459344262295 1.09529180327869
68.966666666664 51 137 1.46307213114754 1.09878360655738
69.9833333333306 49 138 1.17179508196721 0.84386393442623
70.9999999999973 48 139 1.02743770491803 0.702949180327869
73.0333333333305 47 140 0.94914262295082 0.242614754098361
75.0666666666637 47 139 1.0195131147541 0.189376229508197
77.0999999999969 44 140 1.08465 0.144436885245902
78.1166666666635 42 142 0.798491803278689 0.0792098360655738
79.1333333333301 41 142 0.784668852459016 0.0274590163934426
81.1666666666633 40 141 0.842725409836066 0.0862213114754098
84.2166666666632 39 142 0.826311475409836 0.0346814207650273
86.2499999999964 38 143 0.845836885245902 0.0747606557377049
87.266666666663 36 145 0.743903278688524 0.0554098360655738
88.2833333333296 35 146 0.793059016393443 0.0908803278688525
94.3833333333293 34 147 0.823552732240437 0.0601956284153006
95.3999999999959 33 147 0.9115 0.513709836065574
109.633333333328 32 148 0.751231615925058 0.0572700234192037
111.666666666662 32 147 0.706523770491803 0.0405393442622951
112.683333333328 31 148 0.8108 0.0785540983606557
115.733333333328 31 147 0.663132240437159 0.0317765027322404
116.749999999995 31 146 0.64887868852459 0.0148803278688525
117.766666666661 30 147 0.638622950819672 0.0347737704918033
119.799999999994 29 148 0.649314754098361 0.0993
121.833333333328 29 147 0.662568032786885 0.0408696721311475
123.866666666661 28 147 0.615250819672131 0.0752836065573771
125.899999999994 28 146 0.59062131147541 0.0471344262295082
126.916666666661 27 146 0.543791803278689 0.00787213114754098
127.933333333327 26 147 0.570967213114754 0.00898688524590164
130.93333333333 25 147 0.531868888888889 0.0160983333333333
132.933333333331 24 147 0.5977825 0.1529725
133.933333333332 22 149 0.697706666666667 0.32684
136.933333333334 22 148 0.46957 0.0268966666666667
137.933333333335 22 147 0.476233333333333 0.03296
140.933333333338 21 148 0.671131666666667 0.0362222222222222
152.933333333347 20 148 0.506101111111111 0.0128809722222222
163.933333333356 19 149 0.394660151515152 0.0101669696969697
185.933333333373 18 150 0.318372424242424 0.00546825757575758
231.93333333341 17 151 0.283080869565217 0.00386815217391304
265.083333333421 16 152 0.248528004022121 0.00577993966817496
276.266666666744 15 153 0.214969001490313 0.000183755588673621
600 15 153 0.211916527056882 0.000199537489079603
