# New log 27/04/2014 23:34:19
1 128 128 1.728785 4.58830666666667
5.06666666666665 127 129 1.16733770491803 0.587897540983607
6.08333333333332 126 130 1.09665409836066 3.02168524590164
7.09999999999998 125 131 1.00011639344262 2.63202459016393
8.09999999999998 123 133 0.847156666666666 1.871935
9.10000000000003 122 133 0.886876666666666 2.64559333333333
11.1000000000001 121 134 0.914461666666667 2.6057125
12.1000000000002 118 135 0.889718333333334 3.56134333333333
13.1000000000002 117 135 1.069665 3.73902666666667
14.1000000000003 114 136 1.22873166666667 3.42246666666667
15.1000000000003 113 137 1.24200333333333 3.73427833333333
16.1000000000004 112 137 0.868135 4.076695
17.116666666667 108 139 0.829547540983607 5.10337540983607
18.1333333333336 105 141 0.864788524590164 5.33310983606557
19.1500000000002 104 141 0.766814754098361 5.50288524590164
20.1666666666668 100 144 0.745186885245902 5.24485901639344
21.1833333333334 100 143 0.845663934426229 4.78184918032787
22.2 95 144 0.851026229508197 4.23160327868853
23.2166666666666 93 145 0.765155737704918 4.80180491803279
24.2333333333332 92 144 1.2900131147541 5.54647868852459
25.2499999999998 90 145 1.72823278688525 5.54442131147541
27.2833333333331 87 147 1.62596475409836 7.17591065573771
28.2999999999997 86 146 1.67412459016393 5.07737704918033
29.3166666666663 85 146 3.02682950819672 3.82094098360656
30.3333333333329 84 146 1.69353442622951 5.12885737704918
32.3666666666661 84 145 1.88196147540984 4.13808852459016
33.3833333333327 83 146 1.95414754098361 1.47802131147541
34.3999999999993 80 148 1.78262131147541 1.14875409836066
36.4333333333325 78 149 1.14159508196721 1.3696262295082
37.4499999999992 78 147 0.547991803278689 2.34515245901639
38.4666666666658 78 145 0.52926393442623 2.91920819672131
39.4833333333324 74 148 0.568213114754099 3.44105245901639
40.499999999999 71 148 0.627755737704918 3.45244098360656
41.5166666666656 68 148 0.697991803278689 3.64802295081967
42.5333333333322 66 148 0.668955737704918 3.39412950819672
43.5499999999988 65 148 0.731185245901639 2.99846721311475
44.5666666666654 64 149 0.777868852459016 3.39275409836066
46.5999999999986 61 150 0.749740163934426 4.04538524590164
47.6166666666652 60 150 0.754691803278689 3.97907049180328
48.6333333333319 58 152 0.705518032786886 3.90380655737705
51.6833333333317 57 152 0.671099453551913 2.84602568306011
52.6999999999983 56 152 0.571911475409836 2.28520819672131
53.7166666666649 54 154 0.662601639344262 2.51254098360656
54.7333333333315 54 153 0.554377049180328 1.79554426229508
55.7499999999981 53 153 0.509773770491804 1.84063606557377
56.7666666666647 51 155 0.547598360655738 1.78502295081967
57.7833333333313 50 155 0.493162295081967 1.68382295081967
58.7999999999979 47 156 0.467332786885246 1.65405081967213
59.8166666666646 46 157 0.438832786885246 1.70970819672131
61.8499999999978 44 159 0.375013114754098 2.3517262295082
62.8666666666644 43 160 0.352080327868852 3.43053114754098
63.883333333331 42 161 0.363172131147541 3.67131475409836
65.9166666666642 41 162 0.374196721311475 3.65746721311475
69.9833333333306 40 162 0.333715163934427 3.70076967213115
74.0499999999971 38 164 0.312851229508197 2.56069508196721
78.1166666666635 37 165 0.286465573770492 2.19091680327869
81.1666666666633 36 165 0.376328961748634 2.00684098360656
84.2166666666632 35 165 0.299872677595628 1.27157049180328
85.2333333333298 34 166 0.274872131147541 1.28359836065574
89.2999999999962 33 166 0.265397540983607 1.37665245901639
93.3666666666627 32 166 0.264501639344262 1.89876844262295
96.4166666666625 31 166 0.254412021857923 0.980946448087432
98.4499999999957 30 166 0.229746721311475 1.15987540983607
104.549999999995 28 167 0.237634153005465 0.547383879781421
107.599999999995 27 168 0.198758469945355 0.0147825136612022
108.616666666662 26 168 0.183411475409836 0.00102950819672131
109.633333333328 25 169 0.190019672131147 0.00344754098360656
118.783333333328 24 170 0.18411839708561 0.00551329690346084
120.816666666661 22 172 0.178118032786885 0.0231327868852459
123.866666666661 22 171 0.163464480874317 0.0330469945355191
124.883333333328 21 172 0.160381967213115 0.0509213114754098
127.933333333327 19 173 0.11775956284153 0.000213661202185792
128.933333333328 17 174 0.105665 0.00264666666666667
136.933333333334 16 175 0.112515625 0.0149472916666667
141.933333333338 15 173 0.0981056666666666 0.00407566666666667
142.933333333339 14 174 0.0911866666666667 0.0918183333333333
143.93333333334 13 174 0.0807933333333333 0.0194916666666667
144.933333333341 12 175 0.0800216666666667 0.0641716666666667
157.933333333351 11 176 0.0858378205128206 0.00676820512820513
158.933333333352 10 176 0.0641016666666667 0.00017
170.933333333362 9 176 0.0653231944444444 0.00112611111111111
178.933333333368 8 177 0.0955227083333332 0.016279375
182.933333333371 8 176 0.0572495833333333 0.00287208333333333
189.933333333377 6 177 0.0435685714285714 0.00068547619047619
198.933333333384 6 176 0.0261361111111111 0.000186481481481482
200.933333333385 5 177 0.0218975 0.0001575
212.933333333395 4 178 0.0250408333333333 0.000187083333333333
222.933333333403 3 179 0.0208355 0.00553016666666667
224.933333333404 3 178 0.0118908333333333 0.000165
225.933333333405 2 179 0.01072 0.000185
462.316666666575 2 178 0.0108258055418457 0.00031392512162448
473.499999999898 1 179 0.0078454545454546 0.000302533532041729
600 1 179 0.0014803540983608 0.00018343606557377
