# New log 27/04/2014 23:35:40
1 128 128 3.8452 1.52491
4.04999999999999 128 127 2.07538087431694 0.229454644808743
5.06666666666665 127 124 2.30426557377049 0.180513114754098
6.08333333333332 127 122 3.95918360655738 0.528518032786885
7.09999999999998 127 119 4.0554131147541 1.1067
8.09999999999998 126 120 4.26042666666667 1.52506
9.10000000000003 126 119 4.49597166666667 1.26525
10.1000000000001 123 120 4.99257 1.45755833333333
11.1000000000001 122 118 5.53785666666667 1.781195
12.1000000000002 122 117 4.42927 1.28935666666667
13.1000000000002 121 117 4.699845 1.249825
14.1000000000003 118 119 4.08883166666667 1.36631166666667
15.1000000000003 117 120 4.87784166666667 1.73508
16.1000000000004 115 119 5.07022833333333 2.31983
17.116666666667 114 120 3.51915737704918 1.77991803278689
18.1333333333336 111 122 2.2517131147541 0.225185245901639
19.1500000000002 111 121 3.0412868852459 0.13455737704918
21.1833333333334 110 120 2.78052295081967 0.330045081967213
22.2 108 121 2.42601967213115 0.209904918032787
24.2333333333332 107 120 3.23978196721311 0.301927868852459
25.2499999999998 106 119 3.33455409836066 0.284696721311475
26.2666666666665 102 121 2.92284426229508 0.269618032786885
27.2833333333331 102 120 2.78160983606558 0.309136065573771
28.2999999999997 99 120 2.39556393442623 0.179970491803279
29.3166666666663 96 121 3.28884098360656 0.139922950819672
31.3499999999995 93 121 3.13294016393442 1.39630573770492
33.3833333333327 92 122 3.08887786885246 1.82196229508197
34.3999999999993 91 122 3.47964426229508 2.24916229508197
35.4166666666659 90 121 4.86773278688525 0.821259016393443
38.4666666666658 89 119 3.52204371584699 0.674073224043716
39.4833333333324 88 118 5.17988852459016 1.05441639344262
40.499999999999 86 119 3.1016131147541 0.793593442622951
41.5166666666656 84 121 2.74393442622951 0.693606557377049
42.5333333333322 84 120 2.9960262295082 0.811680327868852
43.5499999999988 82 122 2.5088131147541 0.787180327868853
44.5666666666654 79 123 3.28253770491803 0.93715737704918
45.583333333332 78 124 2.61983278688525 0.664470491803279
46.5999999999986 77 123 2.63026721311475 0.963150819672131
49.6499999999985 75 125 2.91037158469945 1.14263606557377
50.6666666666651 74 126 2.92189836065574 1.31505737704918
51.6833333333317 73 126 2.99105901639344 1.11431147540984
52.6999999999983 72 125 2.73418524590164 1.02130491803279
53.7166666666649 70 127 2.2286262295082 0.889129508196721
54.7333333333315 67 128 2.05166393442623 0.754286885245902
55.7499999999981 66 128 1.8530393442623 0.668654098360656
56.7666666666647 65 129 1.72373442622951 0.437291803278689
57.7833333333313 64 129 1.28221147540984 0.13006393442623
60.8333333333312 62 130 1.54573224043716 0.240251912568306
61.8499999999978 61 131 1.64696721311475 0.195570491803279
63.883333333331 61 130 1.2801368852459 0.238913114754098
65.9166666666642 61 129 1.38497540983607 0.399203278688525
67.9499999999974 60 130 1.2026131147541 0.343570491803279
73.0333333333305 59 130 1.43226983606557 0.498395409836066
74.0499999999971 58 130 1.92289672131147 0.70406393442623
76.0833333333303 57 130 1.96321639344262 0.728263114754098
77.0999999999969 56 131 1.95651803278689 0.487927868852459
80.1499999999967 54 132 1.11402896174863 0.138822404371585
82.18333333333 54 131 1.00602213114754 0.0812770491803279
83.1999999999966 53 132 1.20533606557377 0.36667868852459
84.2166666666632 52 132 0.939383606557377 0.129654098360656
86.2499999999964 51 133 1.00109180327869 0.160043442622951
87.266666666663 51 132 1.0321262295082 0.211172131147541
88.2833333333296 49 134 0.914545901639344 0.27686393442623
97.4333333333291 49 133 1.15154043715847 0.558876867030965
98.4499999999957 48 134 1.92258196721312 1.73206721311475
99.4666666666623 47 135 1.74818032786885 1.52445081967213
100.483333333329 47 134 1.27974098360656 0.697903278688525
101.499999999996 46 135 1.56448852459016 0.887531147540984
102.516666666662 45 135 1.10002131147541 0.254222950819672
108.616666666662 44 136 0.893679234972678 0.210181967213115
109.633333333328 44 135 0.993331147540984 0.257009836065574
110.649999999995 44 134 0.930337704918033 0.270840983606557
111.666666666662 43 134 0.820859016393443 0.187506557377049
115.733333333328 42 134 0.882894262295082 0.186694672131148
116.749999999995 41 135 0.792836065573771 0.0930196721311475
117.766666666661 40 136 0.744939344262295 0.0682540983606557
118.783333333328 39 137 0.778224590163935 0.0830475409836066
122.849999999994 38 138 0.800060655737706 0.0799905737704918
127.933333333327 38 137 0.877662950819673 0.0937904918032787
128.933333333328 36 138 0.68874 0.0786133333333333
137.933333333335 36 137 1.19394796296296 0.119399259259259
138.933333333336 35 138 1.23483 0.125446666666667
146.933333333342 35 137 1.27639416666667 0.126228541666667
150.933333333346 34 138 1.20422583333333 0.12309375
166.933333333358 33 138 1.19697489583333 0.133305833333333
170.933333333362 32 138 1.22797041666667 0.192472916666667
174.933333333365 31 139 1.14506875 0.118077916666667
175.933333333365 30 139 1.15080166666667 0.131138333333333
180.933333333369 29 140 1.106191 0.122768
185.933333333373 28 140 1.16845066666667 0.12109
188.933333333376 27 141 1.15435666666667 0.129475
189.933333333377 27 140 1.24488333333333 0.171701666666667
196.933333333382 26 140 1.13401047619048 0.132990476190476
199.933333333385 25 140 1.13704777777778 0.121777777777778
213.933333333396 24 141 1.07968309523809 0.127057023809524
228.933333333408 23 142 1.03016544444444 0.119987666666667
280.333333333407 23 141 1.01257983138781 0.118046692607004
283.383333333404 23 140 0.926342076502732 0.110444262295082
294.566666666727 23 139 0.921993591654247 0.111189716840537
354.550000000006 22 140 0.950651847735482 0.118989441511531
356.583333333338 21 141 0.929569672131148 0.109231147540984
364.716666666664 20 141 0.912639959016394 0.110826844262295
411.483333333288 19 142 0.791925944404846 0.0864715253029223
421.649999999945 18 143 0.30428131147541 0.00172377049180328
600 18 143 0.301515648286139 0.00461574143070045
