# New log 27/04/2014 23:37:20
1 128 128 1.92596 0.401413333333333
4.04999999999999 127 129 1.57137704918033 0.55418306010929
5.06666666666665 124 131 1.65132786885246 0.211759016393443
6.08333333333332 124 128 1.94594590163934 0.593734426229508
7.09999999999998 123 126 2.29529344262295 0.748150819672131
8.09999999999998 122 126 1.95048 0.396308333333333
9.10000000000003 120 124 2.1826 0.481623333333333
11.1000000000001 119 125 2.53768333333333 1.04403916666667
13.1000000000002 118 124 4.19140916666667 1.2795375
14.1000000000003 115 124 4.35643 0.90976
15.1000000000003 113 126 5.47506333333333 1.19413166666667
16.1000000000004 112 126 7.02870333333333 1.61515333333333
17.116666666667 109 127 5.93532786885246 0.99098524590164
18.1333333333336 108 127 4.61371475409836 0.848185245901639
20.1666666666668 107 128 2.85773360655738 0.815236885245902
21.1833333333334 106 129 1.98915409836066 0.775140983606557
22.2 104 129 2.00023606557377 3.45005901639344
23.2166666666666 102 127 1.77773770491803 0.803754098360656
24.2333333333332 99 128 2.09929180327869 0.828332786885246
25.2499999999998 97 129 1.89443770491803 0.924396721311475
26.2666666666665 95 130 2.76444262295082 0.946795081967213
28.2999999999997 92 131 3.30767950819672 0.558280327868853
30.3333333333329 89 133 3.14273360655738 1.07811721311475
31.3499999999995 89 131 2.78951803278689 0.546327868852459
32.3666666666661 88 131 3.7674131147541 0.69685737704918
33.3833333333327 86 131 5.21397868852459 0.744254098360656
35.4166666666659 85 132 3.65463852459016 0.68265737704918
36.4333333333325 82 134 4.48380163934426 0.717706557377049
38.4666666666658 82 133 2.51608442622951 0.42265
39.4833333333324 79 134 3.44437540983607 0.799818032786885
40.499999999999 77 135 2.3116868852459 0.372572131147541
41.5166666666656 75 136 2.62973770491803 0.371413114754098
42.5333333333322 74 136 2.88044754098361 0.339016393442623
43.5499999999988 74 135 3.2780262295082 0.494449180327869
44.5666666666654 73 134 2.6820393442623 0.430144262295082
45.583333333332 73 133 4.80506065573771 0.394447540983607
46.5999999999986 72 133 2.50955081967213 0.435362295081967
49.6499999999985 70 133 2.68371639344263 0.299809836065574
50.6666666666651 70 131 4.57708852459016 0.59943606557377
51.6833333333317 69 131 3.98886229508197 0.675173770491803
52.6999999999983 69 130 2.86771803278689 1.13593114754098
55.7499999999981 68 130 2.83087267759563 1.31534262295082
56.7666666666647 67 130 1.83150819672131 0.965414754098361
57.7833333333313 66 130 1.76996721311475 0.937901639344262
58.7999999999979 65 131 2.80080819672131 1.0366
59.8166666666646 65 130 2.88057049180328 1.1574262295082
60.8333333333312 62 132 2.69233278688525 1.05324262295082
62.8666666666644 61 133 2.76771393442623 2.93174180327869
64.8999999999976 59 134 2.42290819672131 1.08169590163934
65.9166666666642 58 135 1.66977049180328 0.957449180327869
66.9333333333308 57 135 1.3945262295082 0.865286885245902
67.9499999999974 55 137 1.99320983606557 0.511150819672131
68.966666666664 54 137 1.15338852459016 0.407627868852459
70.9999999999973 53 137 0.770395901639344 0.284227868852459
72.0166666666639 52 137 0.720406557377049 0.229472131147541
73.0333333333305 51 138 0.689878688524591 0.302068852459016
74.0499999999971 50 139 0.746640983606557 0.263091803278689
81.1666666666633 50 138 0.900303278688524 0.316358782201405
86.2499999999964 48 138 1.09783245901639 0.336131475409836
89.2999999999962 47 139 0.746701639344263 0.490339344262295
90.3166666666628 44 141 0.617534426229508 0.479404918032787
93.3666666666627 44 140 0.820863387978142 0.737430601092896
94.3833333333293 42 140 1.35283442622951 0.493744262295082
95.3999999999959 40 142 1.32111803278689 0.321985245901639
98.4499999999957 39 142 0.715008196721312 0.276765027322404
99.4666666666623 38 143 0.807873770491803 0.183852459016393
100.483333333329 37 142 0.459175409836065 0.1898
101.499999999996 37 141 0.570155737704918 0.169454098360656
102.516666666662 36 142 0.472873770491803 0.152536065573771
104.549999999995 35 143 0.487796721311475 0.136391803278689
107.599999999995 35 142 1.03770273224044 0.284469398907104
108.616666666662 34 142 1.28970655737705 0.263811475409836
112.683333333328 32 143 2.37130983606557 0.382155737704918
113.699999999995 31 143 3.1345131147541 0.435313114754098
114.716666666661 30 144 2.87745245901639 0.460913114754098
117.766666666661 29 145 1.91875409836066 0.400071584699454
119.799999999994 27 147 0.971793442622951 0.280316393442623
120.816666666661 26 148 0.501808196721312 0.148072131147541
121.833333333328 26 147 0.508247540983607 0.165827868852459
122.849999999994 25 147 0.559049180327869 0.360375409836066
123.866666666661 24 148 0.569581967213115 0.235085245901639
124.883333333328 23 149 0.566280327868852 0.358708196721311
126.916666666661 22 149 0.379459836065574 0.340588524590164
127.933333333327 21 150 0.405295081967213 0.22966393442623
128.933333333328 19 151 0.34866 0.118195
141.933333333338 18 152 0.292682435897436 0.153155256410256
144.933333333341 17 153 1.260435 0.254402222222222
146.933333333342 16 153 1.00656583333333 0.204084166666667
147.933333333343 15 153 0.215965 0.125546666666667
156.93333333335 14 154 0.213089444444444 0.121157592592593
162.933333333355 14 153 0.206076666666667 0.122546666666667
231.93333333341 13 154 0.223705048309179 0.116886642512077
236.933333333414 12 155 0.319118333333333 0.161485333333333
245.933333333421 11 156 0.215699444444444 0.11626
257.966666666761 10 157 0.183360249307479 0.119966066481994
319.983333333371 9 158 0.127992985756517 0.0944089223327063
600 9 158 0.12115810762651 0.0615795378949869
