# New log 27/04/2014 23:30:53
1 128 128 4.49774166666667 1.36333166666667
4.04999999999999 127 128 2.2394349726776 0.405218032786885
5.06666666666665 127 127 3.13854262295082 0.464434426229508
6.08333333333332 127 126 2.65244098360656 0.576608196721312
7.09999999999998 126 126 2.69621475409836 0.123029508196721
8.09999999999998 125 124 5.24643333333333 0.909535
9.10000000000003 125 123 5.31034833333333 0.78997
10.1000000000001 124 121 5.187285 0.841796666666667
11.1000000000001 120 121 5.8722 0.916145
12.1000000000002 118 122 4.40472333333333 0.680821666666667
13.1000000000002 117 122 7.15009 0.966426666666667
14.1000000000003 116 123 4.43530833333333 0.484646666666667
15.1000000000003 114 122 3.94648666666667 0.438973333333333
16.1000000000004 112 122 5.55629 0.677461666666667
17.116666666667 110 121 4.02897868852459 0.539285245901639
19.1500000000002 110 119 3.70364672131148 0.74442868852459
20.1666666666668 108 118 4.36878360655738 0.469624590163934
22.2 107 118 2.39506147540984 0.232659016393443
23.2166666666666 107 116 2.24692295081967 0.134562295081967
24.2333333333332 107 115 2.43970327868852 0.227677049180328
25.2499999999998 104 115 2.7743393442623 0.589788524590164
26.2666666666665 102 116 2.83364918032787 0.397970491803279
28.2999999999997 102 114 4.21990655737705 0.646662295081967
29.3166666666663 102 112 3.98480983606557 0.520940983606557
30.3333333333329 102 111 5.67209836065574 0.680836065573771
32.3666666666661 100 112 21.9363434426229 1.47958770491803
33.3833333333327 98 113 16.8195950819672 1.23919672131148
34.3999999999993 96 114 15.5367918032787 0.890747540983607
37.4499999999992 92 117 10.9239978142077 0.50458087431694
40.499999999999 91 118 6.14225409836066 0.523064480874317
41.5166666666656 90 118 4.12609836065574 0.183781967213115
42.5333333333322 89 119 4.65574754098361 0.190762295081967
43.5499999999988 88 120 5.12500983606558 0.242159016393443
44.5666666666654 86 121 3.0606606557377 0.272290163934426
45.583333333332 85 122 3.04220819672131 0.472380327868852
46.5999999999986 83 123 3.05713934426229 0.215547540983607
48.6333333333319 81 124 2.80035573770492 0.245374590163934
49.6499999999985 80 124 2.24961147540984 0.242370491803279
50.6666666666651 80 123 3.76600655737705 0.476173770491803
51.6833333333317 79 122 3.46145737704918 0.524572131147541
53.7166666666649 77 121 2.8424893442623 0.292331967213115
55.7499999999981 76 121 3.89203032786885 0.286772950819672
56.7666666666647 74 122 4.6360524590164 1.68555409836066
57.7833333333313 73 123 3.58560655737705 1.58072950819672
58.7999999999979 72 124 1.82040327868853 1.52358196721311
61.8499999999978 72 121 3.41016666666667 1.51372131147541
62.8666666666644 70 123 2.89260327868853 1.49546229508197
63.883333333331 68 124 1.93336557377049 1.62286721311475
65.9166666666642 66 124 1.79239672131148 0.993779508196721
66.9333333333308 66 122 1.77229344262295 0.259929508196721
67.9499999999974 64 124 1.8296131147541 0.803783606557377
68.966666666664 63 123 2.04447213114754 0.226359016393443
69.9833333333306 62 124 1.5541393442623 0.1727
70.9999999999973 59 124 1.32166065573771 0.0603524590163934
72.0166666666639 57 125 1.22587049180328 0.132001639344262
74.0499999999971 56 126 1.35853524590164 0.125604918032787
75.0666666666637 55 125 1.17454098360656 0.0959459016393443
76.0833333333303 54 126 1.18289836065574 0.123513114754098
77.0999999999969 54 125 1.2612262295082 0.165873770491803
79.1333333333301 53 126 1.14141147540984 0.089205737704918
82.18333333333 52 126 1.00751639344262 0.0350185792349727
83.1999999999966 51 125 1.53874426229508 0.0989
85.2333333333298 50 125 1.02936475409836 0.0348868852459016
86.2499999999964 50 124 1.00122786885246 0.022244262295082
87.266666666663 49 124 2.22229672131148 0.292662295081967
89.2999999999962 48 125 2.44081475409836 0.35345
93.3666666666627 47 126 1.57742295081967 0.250961065573771
94.3833333333293 47 125 0.868822950819672 0.0995213114754098
95.3999999999959 47 124 0.867581967213115 0.106791803278689
96.4166666666625 46 124 0.956172131147541 0.0125131147540984
98.4499999999957 45 124 1.35585737704918 0.303032786885246
99.4666666666623 44 125 1.36592295081967 0.115709836065574
101.499999999996 43 124 1.32502213114754 0.290691803278689
103.533333333329 41 125 1.24966885245902 0.317129508196721
104.549999999995 40 126 1.42841475409836 0.251954098360656
105.566666666662 38 127 0.839731147540984 0.0307131147540984
106.583333333329 37 127 0.763875409836066 0.0129377049180328
107.599999999995 36 127 0.921167213114754 0.0404852459016394
108.616666666662 35 128 0.638065573770492 0.00426065573770492
110.649999999995 33 130 0.660275409836066 0.0112008196721311
112.683333333328 32 131 0.701556557377049 0.342204098360656
118.783333333328 31 132 0.66228306010929 0.174347540983607
124.883333333328 30 133 0.602057650273224 0.0280177595628415
128.933333333328 30 132 0.635455144032923 0.0313160493827161
130.93333333333 29 133 0.663619166666667 0.0593933333333333
131.93333333333 29 132 0.947705 0.103261666666667
132.933333333331 28 132 0.894548333333333 0.0675716666666667
139.933333333337 27 133 0.62722119047619 0.0533845238095238
140.933333333338 26 133 0.742271666666667 0.0420466666666667
141.933333333338 26 132 0.93202 0.0948316666666667
142.933333333339 25 133 0.582511666666667 0.0290383333333333
143.93333333334 24 134 0.436825 0.00229666666666667
148.933333333344 23 135 0.569889333333334 0.0132536666666667
152.933333333347 21 136 0.46022 0.0031175
168.93333333336 20 137 0.393227499999999 0.0124563541666667
189.933333333377 19 137 0.92068007936508 0.0474936507936508
203.933333333388 19 136 1.16649380952381 0.243806785714286
205.933333333389 18 137 1.13826 0.2307675
213.933333333396 18 136 1.76992166666667 0.028648125
216.933333333398 17 137 3.05716 0.0501516666666667
254.933333333428 16 138 0.272025789473684 0.00388039473684211
350.483333333343 15 138 0.283485470085469 0.00891119832548404
424.699999999942 14 138 0.21460437907029 0.000838782843027173
439.949999999929 14 137 0.192859781420765 0.000198907103825137
471.466666666567 13 138 0.186049286092015 0.000437387625594923
475.53333333323 12 138 0.182104098360656 0.000243852459016393
600 12 138 0.165984926029586 0.000211128881780621
