# New log 27/04/2014 23:32:35
1 128 128 2.22278833333333 0.576701666666667
3.03333333333333 127 128 1.86260573770492 0.5236
5.06666666666665 126 129 1.57950327868853 0.916194262295082
6.08333333333332 125 129 3.34658360655738 0.36385737704918
7.09999999999998 124 129 2.69529508196721 0.345824590163934
8.09999999999998 123 130 4.18531 0.537746666666667
9.10000000000003 122 130 2.860735 0.28888
10.1000000000001 120 131 3.65205333333333 0.348428333333333
11.1000000000001 120 129 3.32427166666667 0.30308
12.1000000000002 117 131 3.73181 0.306806666666667
14.1000000000003 116 130 4.89272833333333 0.586921666666667
15.1000000000003 115 130 6.42395333333333 1.171295
16.1000000000004 113 132 7.68300833333333 1.18183166666667
17.116666666667 111 131 4.6354131147541 0.585059016393443
18.1333333333336 109 131 1.64415409836066 0.318350819672131
19.1500000000002 108 132 2.31790819672131 0.4688
20.1666666666668 106 133 2.48374098360656 0.530637704918033
21.1833333333334 104 134 2.13451147540984 0.409803278688525
22.2 102 133 2.55346721311475 0.479345901639344
24.2333333333332 101 134 3.04233606557377 0.869156557377049
25.2499999999998 101 133 2.29993770491803 0.63475737704918
26.2666666666665 99 134 2.58161147540984 0.380026229508197
27.2833333333331 97 134 2.7623131147541 0.330331147540984
28.2999999999997 96 135 2.43349836065574 0.633396721311475
29.3166666666663 94 135 3.17002786885246 0.70705737704918
30.3333333333329 91 138 1.57217704918033 0.41455737704918
31.3499999999995 89 139 1.71314426229508 0.34066393442623
32.3666666666661 86 142 1.23202950819672 0.293445901639344
33.3833333333327 85 143 1.52744262295082 0.42515737704918
35.4166666666659 84 144 1.75505655737705 0.573654918032787
36.4333333333325 83 144 2.08516393442623 0.489703278688525
37.4499999999992 80 146 2.10166885245902 0.987867213114754
38.4666666666658 79 147 4.15205081967213 0.596827868852459
39.4833333333324 78 148 5.01981803278689 3.11689180327869
40.499999999999 77 148 5.66456721311475 1.27122295081967
41.5166666666656 76 148 3.13326229508197 1.09910491803279
42.5333333333322 72 152 3.25078524590164 1.36967049180328
43.5499999999988 71 153 1.45552459016393 0.416383606557377
44.5666666666654 70 152 1.28348196721312 0.335554098360656
45.583333333332 67 153 1.20505901639344 0.29074262295082
46.5999999999986 65 154 1.04340983606557 0.129086885245902
47.6166666666652 65 153 0.947068852459017 0.087027868852459
49.6499999999985 64 154 0.993699180327869 0.09215
50.6666666666651 64 153 1.01632295081967 0.0591
51.6833333333317 62 155 1.68724754098361 0.321047540983607
55.7499999999981 60 154 1.14973770491803 0.0989426229508197
56.7666666666647 57 155 1.27368852459016 0.119616393442623
58.7999999999979 55 156 0.998132786885246 0.0839844262295082
60.8333333333312 54 157 2.20709098360656 0.239697540983607
62.8666666666644 52 158 2.48657704918033 0.635051639344262
64.8999999999976 51 159 2.16154098360656 0.556662295081967
67.9499999999974 49 159 1.63274316939891 0.239128961748634
68.966666666664 49 158 0.748349180327869 0.157877049180328
70.9999999999973 48 158 2.05682704918033 0.257299180327869
72.0166666666639 47 159 1.26481803278689 0.0627049180327869
74.0499999999971 45 161 1.95261229508197 0.869208196721312
75.0666666666637 44 161 2.15212950819672 0.26946393442623
79.1333333333301 44 160 2.10962827868852 0.50508893442623
83.1999999999966 44 159 2.77043483606557 0.199658606557377
84.2166666666632 43 159 3.02268196721311 0.129377049180328
86.2499999999964 42 159 3.42240081967213 0.98507131147541
92.349999999996 42 158 4.01549398907104 0.573052459016393
93.3666666666627 41 158 4.74806721311475 1.03527868852459
97.4333333333291 40 157 2.40015532786885 0.505422950819672
99.4666666666623 39 156 2.26753196721312 0.125104098360656
100.483333333329 38 156 4.41063770491803 0.26547868852459
102.516666666662 37 156 4.24610983606557 0.157574590163934
103.533333333329 36 156 4.77664262295082 0.273795081967213
104.549999999995 36 155 4.16427868852459 0.148683606557377
108.616666666662 35 156 3.70161844262295 0.162513524590164
109.633333333328 34 157 2.80167540983607 0.127680327868852
110.649999999995 34 156 2.77732950819672 0.146759016393443
111.666666666662 32 158 2.89573606557377 0.269681967213115
115.733333333328 31 159 3.07204057377049 0.12268237704918
118.783333333328 30 159 2.78904371584699 1.11211857923497
119.799999999994 30 158 3.08874262295082 0.145467213114754
120.816666666661 29 158 3.00836721311475 0.0913983606557377
122.849999999994 29 157 3.67240573770492 0.737991803278689
123.866666666661 29 156 2.62915901639344 0.0949786885245902
124.883333333328 27 156 2.71700327868853 0.155573770491803
125.899999999994 26 156 2.84488852459016 1.29681803278689
127.933333333327 25 157 2.94270491803279 1.01966803278689
128.933333333328 23 158 2.87384 0.100653333333333
137.933333333335 22 159 2.78071388888889 0.106522592592593
150.933333333346 21 159 2.62816974358975 0.0958905128205128
151.933333333346 20 159 2.56738333333333 0.094555
160.933333333354 19 160 2.53477814814815 0.0949309259259259
161.933333333354 18 161 1.219805 0.0725766666666667
163.933333333356 17 161 1.279225 0.0863925
176.933333333366 17 160 0.805153589743589 0.0309616666666667
201.933333333386 16 161 0.2754222 0.5786736
218.9333333334 15 162 0.191711274509804 0.00182235294117647
236.933333333414 14 163 0.188981574074074 0.00579388888888889
273.216666666747 14 162 0.159142259990813 0.000256086357372531
344.383333333349 13 162 0.1604318735363 0.000303114754098361
365.733333333329 12 163 0.146460421545668 0.000189071038251366
600 12 163 0.151649840323608 0.000183372365339578
