# New log 27/04/2014 23:29:33
1 128 128 1.86219 5.07087333333333
5.06666666666665 125 129 1.36224180327869 1.1540381147541
6.08333333333332 124 128 1.40735245901639 0.727808196721312
7.09999999999998 124 126 0.903318032786885 0.72564262295082
8.09999999999998 123 126 1.01698833333333 2.23118166666667
9.10000000000003 122 127 0.872946666666667 2.88652333333333
10.1000000000001 119 128 0.848715 1.75664333333333
11.1000000000001 117 129 0.874405 1.72947333333333
12.1000000000002 115 130 0.899623333333333 1.62846333333333
13.1000000000002 113 130 0.943635 3.74208166666667
14.1000000000003 109 134 0.850546666666667 2.25287
16.1000000000004 104 138 0.981345 1.93698583333333
17.116666666667 101 139 1.23607540983607 3.48880327868852
18.1333333333336 99 141 0.883016393442623 4.70456721311475
19.1500000000002 96 143 1.11701147540984 4.65999672131148
20.1666666666668 96 141 0.943062295081967 3.28022950819672
21.1833333333334 95 141 0.933181967213115 3.35751147540984
22.2 94 141 0.88482131147541 4.38281803278689
23.2166666666666 92 143 0.79873606557377 4.08309180327869
24.2333333333332 91 144 0.77155737704918 3.01305737704918
25.2499999999998 88 144 0.726827868852459 3.4381868852459
27.2833333333331 86 145 0.728337704918033 6.82939344262295
28.2999999999997 85 144 0.83547868852459 4.3285262295082
29.3166666666663 83 146 0.747681967213115 2.10679180327869
30.3333333333329 82 147 0.883934426229509 2.62365409836066
32.3666666666661 79 148 0.7383 2.98654836065574
33.3833333333327 75 149 0.748918032786885 2.2610737704918
34.3999999999993 72 151 0.787454098360656 2.58277868852459
35.4166666666659 71 152 0.696645901639344 1.97929344262295
36.4333333333325 70 152 0.690954098360656 1.66884426229508
37.4499999999992 69 153 0.626360655737705 1.51938032786885
38.4666666666658 69 152 0.54862131147541 1.16886885245902
41.5166666666656 68 153 0.673108196721312 1.75380710382514
42.5333333333322 68 152 0.661488524590164 1.25156721311475
43.5499999999988 65 155 0.729588524590164 1.12190327868852
44.5666666666654 64 156 0.76392131147541 1.34479016393443
45.583333333332 61 157 0.61436393442623 1.66798524590164
46.5999999999986 60 157 0.753313114754098 1.99985081967213
47.6166666666652 59 158 0.611140983606557 2.15167213114754
49.6499999999985 57 159 0.635375409836066 1.2810393442623
50.6666666666651 57 157 0.605201639344262 0.654024590163934
51.6833333333317 56 157 0.607504918032787 0.836934426229508
52.6999999999983 54 158 0.603139344262295 0.927365573770492
53.7166666666649 52 158 0.669947540983606 0.667286885245902
54.7333333333315 51 158 0.500470491803279 0.667134426229508
55.7499999999981 50 158 0.535532786885246 0.551685245901639
56.7666666666647 49 158 0.573895081967213 0.495755737704918
57.7833333333313 47 160 0.784431147540984 0.307726229508197
59.8166666666646 45 162 0.541770491803279 0.355334426229508
60.8333333333312 45 161 0.509054098360656 0.392273770491803
61.8499999999978 43 161 0.539106557377049 0.407406557377049
62.8666666666644 43 160 0.461519672131147 0.412683606557377
63.883333333331 42 160 0.430845901639344 0.428216393442623
64.8999999999976 40 162 0.416868852459017 0.374634426229508
65.9166666666642 39 163 0.422393442622951 0.392318032786885
67.9499999999974 39 162 0.416824590163934 0.395225409836066
68.966666666664 38 162 0.407626229508197 0.58475737704918
69.9833333333306 37 163 0.356418032786885 0.363945901639344
70.9999999999973 35 163 0.320560655737705 0.392401639344262
73.0333333333305 34 164 0.326777049180328 0.449063114754098
74.0499999999971 32 164 0.298119672131148 0.381559016393443
75.0666666666637 30 166 0.306413114754098 0.389545901639344
76.0833333333303 29 167 0.27695737704918 0.395814754098361
79.1333333333301 28 168 0.279701639344262 0.297091803278689
80.1499999999967 27 169 0.296885245901639 0.0016655737704918
81.1666666666633 25 170 0.258616393442623 0.000319672131147541
84.2166666666632 25 169 0.256013114754098 0.121356284153005
85.2333333333298 24 169 0.274650819672131 0.0973950819672131
86.2499999999964 23 170 0.268327868852459 0.14364262295082
87.266666666663 23 169 0.273967213114754 0.191867213114754
88.2833333333296 23 168 0.254311475409836 0.10666393442623
89.2999999999962 22 169 0.26006393442623 0.374224590163934
90.3166666666628 21 170 0.244873770491803 0.353277049180328
91.3333333333294 20 171 0.21636393442623 0.358998360655738
92.349999999996 19 172 0.209362295081967 0.364019672131148
101.499999999996 19 171 0.200237158469945 0.370207468123862
105.566666666662 18 171 0.243632786885246 0.944172950819672
108.616666666662 17 172 0.178204918032787 1.01438360655738
112.683333333328 17 171 0.176871721311475 0.421333196721311
114.716666666661 16 171 0.158631147540984 0.233339344262295
115.733333333328 15 171 0.141972131147541 0.15637868852459
116.749999999995 14 172 0.138686885245902 0.0102098360655738
117.766666666661 13 173 0.122408196721311 0.0113196721311475
118.783333333328 12 174 0.117132786885246 0.000181967213114754
122.849999999994 11 175 0.102445901639344 0.0089844262295082
123.866666666661 11 174 0.10274262295082 0.0198426229508197
124.883333333328 10 175 0.097916393442623 0.0130016393442623
125.899999999994 10 174 0.0807409836065574 0.0012327868852459
144.933333333341 9 175 0.075531173380035 0.012304465849387
153.933333333348 8 176 0.0704598148148148 0.00375203703703704
170.933333333362 8 175 0.0548029411764705 0.213400098039216
175.933333333365 7 175 0.0570213333333333 0.005154
180.933333333369 6 176 0.0476706666666667 0.000202333333333333
189.933333333377 6 175 0.0455635185185186 0.0149285185185185
192.933333333379 5 175 0.0325483333333333 0.00018
206.93333333339 4 175 0.0395696428571429 0.000180833333333333
261.016666666758 3 176 0.0252525731895223 0.0192361171032358
600 3 176 0.0149773240404437 0.000182747619515068
