# New log 28/04/2014 00:50:43
1 128 128 2.08096333333333 0.772488333333333
4.04999999999999 127 129 1.81131803278689 0.92473606557377
5.06666666666665 126 128 1.84620819672131 0.936491803278689
6.08333333333332 123 126 1.60050655737705 0.520231147540984
7.09999999999998 123 124 2.42750327868853 0.685768852459016
8.09999999999998 122 123 1.78178666666667 0.559991666666667
9.10000000000003 121 124 1.57206666666667 0.733375
10.1000000000001 120 124 1.68983833333333 0.442178333333333
11.1000000000001 119 124 1.429645 0.387508333333333
12.1000000000002 117 124 1.39385333333333 0.62906
13.1000000000002 116 123 2.453895 0.554521666666667
16.1000000000004 115 120 4.26064111111111 1.13514388888889
17.116666666667 109 125 3.2950737704918 1.03308360655738
18.1333333333336 108 125 4.19059344262295 1.17735245901639
19.1500000000002 107 126 3.21983278688525 1.37049836065574
21.1833333333334 106 127 4.96439754098361 1.55356229508197
22.2 104 128 2.31122295081967 0.999193442622951
23.2166666666666 102 127 3.93436229508197 0.825954098360656
24.2333333333332 98 130 4.15371967213115 1.22886229508197
25.2499999999998 95 132 3.92725245901639 1.33267704918033
26.2666666666665 92 133 3.53036885245902 1.32455245901639
27.2833333333331 91 133 4.46969180327869 1.24565737704918
28.2999999999997 88 134 4.92856721311476 1.15498032786885
29.3166666666663 87 133 8.09759836065574 1.59878852459016
30.3333333333329 83 136 9.7015737704918 1.59156721311475
32.3666666666661 83 135 4.3749106557377 1.14658278688525
33.3833333333327 81 137 4.31199344262295 0.901544262295082
35.4166666666659 79 136 3.82198934426229 1.04119836065574
36.4333333333325 78 137 1.28278196721311 0.651044262295082
37.4499999999992 75 139 1.78098524590164 0.814604918032787
38.4666666666658 74 138 1.71502950819672 0.612191803278689
40.499999999999 72 139 0.918265573770492 0.524527868852459
41.5166666666656 70 140 1.25165245901639 0.453267213114754
42.5333333333322 70 139 1.14924590163934 0.705598360655738
44.5666666666654 69 138 2.6111131147541 0.918246721311475
45.583333333332 67 138 2.22528032786885 0.78682131147541
47.6166666666652 66 139 2.08382540983606 0.655010655737705
49.6499999999985 63 141 1.8463368852459 0.90621393442623
51.6833333333317 62 141 2.25725081967213 0.789080327868853
52.6999999999983 61 142 2.20033770491803 0.614381967213115
53.7166666666649 59 142 1.84750491803279 0.741268852459017
54.7333333333315 57 144 2.93227704918033 0.645234426229508
55.7499999999981 56 144 1.80680655737705 0.595180327868853
58.7999999999979 56 143 2.64684262295082 0.643874863387978
59.8166666666646 55 143 3.38411475409836 0.887245901639344
60.8333333333312 53 145 2.75536229508197 0.648765573770492
62.8666666666644 53 144 1.41386065573771 0.541218852459016
63.883333333331 51 144 1.50720327868853 0.535990163934426
64.8999999999976 49 145 1.59804754098361 0.868749180327869
65.9166666666642 49 144 1.13938360655738 0.528388524590164
67.9499999999974 48 142 4.47073770491803 0.61281393442623
68.966666666664 47 142 3.59205737704918 0.30025737704918
69.9833333333306 46 142 3.07896721311475 0.548277049180328
73.0333333333305 45 143 0.66407868852459 0.471855737704918
74.0499999999971 44 144 0.875726229508197 0.633036065573771
77.0999999999969 43 144 1.21576229508197 0.495820765027322
79.1333333333301 41 145 0.561177868852459 0.194230327868852
81.1666666666633 40 146 0.626900819672131 0.50472131147541
82.18333333333 40 145 0.695637704918033 0.152550819672131
83.1999999999966 37 144 0.573195081967213 0.565145901639344
84.2166666666632 37 143 0.498998360655738 0.291454098360656
87.266666666663 36 144 0.768292349726776 0.225799453551913
88.2833333333296 35 145 1.57880983606557 0.344570491803279
89.2999999999962 35 144 1.56442950819672 0.346445901639344
91.3333333333294 34 144 1.18855819672131 0.418582786885246
92.349999999996 32 145 0.47572131147541 0.251045901639344
93.3666666666627 30 145 0.404475409836066 0.237655737704918
94.3833333333293 29 146 0.412988524590164 0.288518032786885
96.4166666666625 28 146 0.759830327868853 0.401319672131148
98.4499999999957 27 146 0.644863934426229 0.400676229508197
99.4666666666623 26 147 0.915196721311475 0.355462295081967
104.549999999995 26 146 1.22993540983607 0.252726229508197
105.566666666662 25 147 0.348519672131148 0.240609836065574
114.716666666661 24 148 0.45557795992714 0.276719307832423
116.749999999995 23 149 0.424094262295082 0.303148360655738
119.799999999994 22 149 0.340171584699454 0.322859016393443
120.816666666661 22 148 0.28672131147541 0.2336
122.849999999994 21 148 0.33307131147541 0.257774590163934
125.899999999994 20 148 0.344157923497268 0.364339344262295
126.916666666661 19 149 0.297585245901639 0.0018344262295082
127.933333333327 18 150 0.2888 0.255529508196721
130.93333333333 18 149 0.383391111111112 0.41315
131.93333333333 17 149 0.346913333333333 0.0614483333333333
132.933333333331 16 149 0.444796666666667 0.238551666666667
134.933333333333 14 151 0.305788333333333 0.119366666666667
136.933333333334 13 152 0.639183333333333 1.09403
140.933333333338 13 151 1.375845 0.596362083333333
143.93333333334 12 152 0.38839 0.346043888888889
144.933333333341 11 153 0.502515 0.035945
146.933333333342 10 153 0.255778333333333 0.242431666666667
147.933333333343 9 153 0.198465 0.487791666666667
163.933333333356 8 154 0.182221354166667 0.255121875
178.933333333368 8 153 0.154409 0.243563111111111
190.933333333377 7 153 0.153840138888889 0.24245375
214.933333333397 7 152 0.141181458333333 0.26992625
241.933333333418 6 152 0.134901111111111 0.231797160493827
336.250000000023 5 153 0.15381721152147 0.240224509630677
338.283333333354 4 154 0.144059016393443 0.358922131147541
391.149999999973 3 155 0.140168284993694 0.250805737704918
600 3 155 0.119225059684873 0.253600286487347
