# New log 28/04/2014 00:47:23
1 128 128 1.709685 4.87014166666667
3.03333333333333 126 128 1.1236237704918 0.668040163934426
4.04999999999999 124 128 1.15459344262295 0.827493442622951
5.06666666666665 121 130 1.2459737704918 0.834945901639344
6.08333333333332 119 130 1.00265245901639 3.11059672131148
7.09999999999998 117 132 1.03029672131148 1.5965737704918
8.09999999999998 116 132 1.77736 1.45203166666667
9.10000000000003 114 132 1.02571166666667 1.53317
10.1000000000001 112 134 1.01992333333333 1.54134833333333
11.1000000000001 110 135 1.64719166666667 1.33732666666667
12.1000000000002 108 136 2.84965666666667 1.639275
13.1000000000002 107 137 0.883941666666667 2.00963833333333
14.1000000000003 105 138 1.24436833333333 1.92369166666667
15.1000000000003 104 139 0.902701666666667 2.246145
16.1000000000004 102 140 0.961236666666666 1.56429
17.116666666667 100 140 0.742580327868853 2.13505409836066
18.1333333333336 99 140 0.739567213114754 1.9842
20.1666666666668 98 140 0.857859836065574 2.35615819672131
21.1833333333334 97 139 0.805695081967213 2.65856721311475
22.2 96 138 0.873226229508196 2.30227049180328
23.2166666666666 95 139 0.766350819672131 2.85555409836066
24.2333333333332 93 141 0.821944262295082 2.69235409836066
25.2499999999998 92 142 0.678091803278688 2.68348524590164
27.2833333333331 91 143 1.1733106557377 1.4239
28.2999999999997 88 145 1.13149180327869 0.844659016393443
29.3166666666663 88 144 1.3611868852459 0.221970491803279
30.3333333333329 87 145 1.30489672131148 8.10245573770492
31.3499999999995 86 144 1.0112737704918 4.33972786885246
32.3666666666661 85 145 0.668829508196721 0.267018032786885
34.3999999999993 84 145 0.998403278688525 0.247122950819672
35.4166666666659 82 147 0.682311475409836 0.111167213114754
37.4499999999992 79 149 0.715860655737705 0.213456557377049
38.4666666666658 78 150 0.679114754098361 0.111280327868852
41.5166666666656 78 149 0.682953551912568 0.69206174863388
42.5333333333322 77 149 0.70992131147541 1.16283770491803
43.5499999999988 75 150 0.813329508196722 0.855050819672131
49.6499999999985 74 151 0.678234972677596 0.498567486338798
52.6999999999983 73 152 0.695383606557377 0.431239890710382
53.7166666666649 72 153 0.649865573770492 0.19844262295082
55.7499999999981 71 154 0.634814754098361 0.0642991803278689
56.7666666666647 68 156 1.5444393442623 0.106313114754098
58.7999999999979 64 159 0.594248360655738 0.0482959016393443
60.8333333333312 63 160 0.564169672131148 0.0751213114754098
63.883333333331 62 160 0.521609289617486 0.0261863387978142
64.8999999999976 61 161 0.557304918032787 3.92926229508197
65.9166666666642 60 161 0.476824590163935 1.71686065573771
68.966666666664 59 161 0.514956284153005 1.87616721311475
70.9999999999973 59 158 0.475289344262295 1.31501885245902
72.0166666666639 58 159 0.472539344262295 0.919326229508197
74.0499999999971 57 158 2.16691229508197 2.2047631147541
75.0666666666637 56 159 3.51562131147541 4.44331967213115
76.0833333333303 54 161 2.25991967213115 4.56720819672131
77.0999999999969 53 161 3.23204098360656 5.06581475409836
79.1333333333301 52 161 1.90792540983607 6.905
80.1499999999967 51 161 2.42986721311476 4.53146229508197
81.1666666666633 50 160 2.19730819672131 0.890550819672131
82.18333333333 48 161 2.41855737704918 0.594652459016394
83.1999999999966 47 162 0.431614754098361 0.337862295081967
89.2999999999962 46 163 0.400782786885246 0.134883879781421
91.3333333333294 44 165 0.356003278688524 0.0763811475409836
93.3666666666627 42 167 0.363473770491803 0.0952475409836066
94.3833333333293 40 169 0.351349180327869 0.0293032786885246
95.3999999999959 40 167 0.376209836065574 0.0483229508196721
97.4333333333291 39 168 0.398654098360656 0.0490926229508197
100.483333333329 39 167 0.3713956284153 0.0176103825136612
101.499999999996 39 166 0.300719672131148 0.0094
102.516666666662 38 166 0.325437704918033 0.0289180327868852
103.533333333329 37 167 0.322786885245902 0.0241983606557377
105.566666666662 35 168 0.391464754098361 0.0710565573770492
106.583333333329 33 168 0.542436065573771 0.196650819672131
108.616666666662 32 169 0.399243442622951 0.247281147540984
109.633333333328 32 168 0.350073770491803 0.0574770491803279
111.666666666662 32 167 0.275418032786885 0.0180229508196721
112.683333333328 32 166 0.196544262295082 0.0034672131147541
113.699999999995 32 164 0.246247540983607 0.0484950819672131
114.716666666661 30 165 0.256414754098361 0.0106836065573771
115.733333333328 29 166 0.249636065573771 0.0407409836065574
119.799999999994 28 167 0.24301762295082 0.0445459016393443
121.833333333328 27 168 0.220126229508197 0.0132139344262295
122.849999999994 26 168 0.184650819672131 0.011555737704918
123.866666666661 26 167 0.212839344262295 0.0115114754098361
125.899999999994 24 168 0.204345901639344 0.016422131147541
126.916666666661 23 169 0.190486885245902 0.00928688524590164
127.933333333327 22 169 0.212113114754098 0.0182344262295082
129.933333333329 21 169 0.210188333333333 0.0794975
130.93333333333 20 170 0.19925 0.0198616666666667
131.93333333333 19 169 0.168496666666667 0.0264166666666667
132.933333333331 16 169 0.127675 0.0936083333333333
134.933333333333 15 170 0.09573 0.0244608333333333
135.933333333334 12 170 0.0765366666666667 0.00128333333333333
138.933333333336 11 170 0.0912038888888889 0.0490633333333333
141.933333333338 10 170 0.0851888888888889 0.00518
145.933333333342 10 169 0.0624025 0.00105041666666667
164.933333333357 9 170 0.0743166666666667 0.0218878947368421
165.933333333358 8 170 0.05122 0.00014
166.933333333358 7 171 0.0493316666666667 0.000175
167.933333333359 6 172 0.04326 0.000135
183.933333333372 5 172 0.0454314583333333 0.000266979166666667
201.933333333386 4 172 0.0323206481481481 0.000385833333333333
399.283333333299 4 171 0.0234447006165019 0.000440148636094924
600 4 171 0.0233178092399403 0.000348931942374565
