# New log 28/04/2014 00:48:36
1 128 128 4.29445833333333 2.99407833333333
3.03333333333333 127 128 2.43274918032787 2.23007459016393
5.06666666666665 126 124 4.00292049180328 1.43940081967213
6.08333333333332 125 123 4.14903114754098 1.05631967213115
7.09999999999998 125 122 3.08361803278689 1.43199672131148
8.09999999999998 123 122 2.78348666666667 1.24276
9.10000000000003 120 119 2.20177166666667 1.16688833333333
10.1000000000001 118 120 2.14536 0.917503333333333
11.1000000000001 116 119 2.73584833333333 1.05100333333333
12.1000000000002 114 119 2.201145 1.41125833333333
13.1000000000002 113 119 3.00295666666667 1.74959166666667
14.1000000000003 112 120 3.078555 1.82071
15.1000000000003 109 122 3.27311666666667 1.70378333333333
16.1000000000004 108 120 3.67011 2.23676833333333
17.116666666667 107 118 2.7765131147541 2.37425901639344
18.1333333333336 106 117 2.95236885245902 2.2012
19.1500000000002 105 117 2.82660327868852 2.73251967213115
20.1666666666668 104 118 2.47564262295082 2.48331147540984
21.1833333333334 102 119 2.14229836065574 2.58179836065574
22.2 101 120 3.60877049180328 4.59169180327869
23.2166666666666 99 118 2.16724590163934 3.49638524590164
24.2333333333332 95 119 3.57300655737705 2.12790327868852
25.2499999999998 94 119 2.89234590163935 1.72519180327869
27.2833333333331 92 121 1.84262540983607 1.52524508196721
28.2999999999997 92 120 1.99915409836066 1.48896229508197
29.3166666666663 90 121 1.69038196721311 1.3779262295082
30.3333333333329 90 120 2.29120655737705 0.997919672131148
31.3499999999995 89 121 3.69455901639344 1.48196229508197
32.3666666666661 88 121 3.63057540983607 1.33673114754098
33.3833333333327 86 123 3.70763114754098 0.830408196721312
35.4166666666659 85 124 4.26474180327869 1.04057131147541
36.4333333333325 84 124 4.3933131147541 1.53406885245902
38.4666666666658 82 125 4.00138852459016 1.39329918032787
40.499999999999 80 124 3.90031967213115 1.22154590163934
41.5166666666656 79 124 3.73467540983607 0.970722950819672
42.5333333333322 78 124 2.98216557377049 1.19088360655738
43.5499999999988 77 122 1.37986393442623 1.06022131147541
44.5666666666654 76 121 4.61536721311476 1.20481639344262
45.583333333332 75 119 4.66781967213115 1.31160491803279
47.6166666666652 72 118 1.61160409836066 1.34103524590164
48.6333333333319 71 119 1.36720819672131 1.21273442622951
49.6499999999985 70 120 1.58892131147541 1.0841737704918
50.6666666666651 70 117 1.42885081967213 1.05227540983607
51.6833333333317 68 118 1.46606393442623 1.02819016393443
52.6999999999983 67 118 1.84219836065574 0.969775409836066
53.7166666666649 66 119 1.27463278688525 1.23427868852459
54.7333333333315 66 118 1.31687213114754 1.01150491803279
56.7666666666647 65 119 1.69185655737705 1.55016885245902
58.7999999999979 64 117 1.77794426229508 1.07940245901639
59.8166666666646 62 118 1.68870327868852 1.10734262295082
60.8333333333312 60 119 1.19661147540984 1.04525737704918
62.8666666666644 59 119 1.65534016393443 0.882634426229508
63.883333333331 58 119 1.6803131147541 1.04456721311475
64.8999999999976 57 118 2.55431803278689 1.07890655737705
66.9333333333308 56 119 1.79154672131148 1.07366557377049
68.966666666664 55 120 1.73625409836066 1.17225327868852
72.0166666666639 55 119 2.06796065573771 1.03397049180328
73.0333333333305 53 121 1.7536393442623 1.43628852459016
74.0499999999971 52 122 1.07451803278689 0.987783606557377
75.0666666666637 51 122 1.44527049180328 1.00428852459016
76.0833333333303 49 123 1.47828196721312 0.999147540983607
78.1166666666635 47 124 1.82614754098361 1.22404918032787
84.2166666666632 47 123 1.34238551912568 1.0164150273224
87.266666666663 46 124 1.42047759562841 1.0635174863388
89.2999999999962 43 125 1.22518524590164 1.03545409836066
93.3666666666627 42 126 1.1814487704918 1.08727827868852
95.3999999999959 40 127 2.01636803278688 1.22907540983607
103.533333333329 38 126 1.62512889344263 1.11047909836066
104.549999999995 38 125 0.918562295081968 1.31950163934426
106.583333333329 37 126 1.15153032786885 1.50676557377049
111.666666666662 37 125 0.804900327868852 1.22041737704918
113.699999999995 36 125 0.801655737704918 0.914512295081967
115.733333333328 35 126 0.789608196721311 1.27607704918033
119.799999999994 34 126 0.798125819672131 1.03071926229508
123.866666666661 33 127 0.870583196721311 1.07136516393443
127.933333333327 33 126 0.783120901639344 0.954024180327869
130.93333333333 32 125 0.774447222222222 1.09332833333333
134.933333333333 31 125 0.835219166666667 1.07630833333333
137.933333333335 30 126 1.41382166666667 1.70776055555556
146.933333333342 29 127 0.792945555555556 1.15092685185185
150.933333333346 27 128 0.608425 0.947199583333333
155.93333333335 26 128 0.591582666666667 1.05068666666667
160.933333333354 25 129 0.549127333333333 1.05609233333333
177.933333333367 24 130 0.560315294117647 1.04794205882353
189.933333333377 23 130 0.588335138888888 1.19558708333333
193.93333333338 23 129 1.94293625 1.60988791666667
194.933333333381 22 130 0.516118333333333 1.49762
196.933333333382 21 131 0.697555833333333 2.14639833333333
201.933333333386 21 130 0.553022333333333 1.91042766666667
220.933333333401 21 129 0.520069824561403 1.07088666666667
249.933333333424 21 128 0.555667701149425 1.08206977011494
250.933333333425 20 129 0.476743333333333 0.748398333333333
277.28333333341 19 129 0.588256609740671 1.03960025300443
296.600000000059 18 130 0.500667817083693 1.08144020707506
305.750000000051 17 131 0.483303096539163 1.09552058287796
318.966666666705 16 132 0.467556116015132 1.01923253467844
348.450000000012 14 133 0.441074788015828 0.979533069530808
436.899999999931 13 134 0.355112982852835 0.999448200489919
452.149999999917 12 135 0.374172349726776 0.983852568306011
525.349999999851 11 136 0.359516826047359 1.04341284153005
600 11 136 0.451619583517945 1.09324344262295
