# New log 28/04/2014 00:03:08
1 128 128 4.396535 1.51732333333333
3.03333333333333 128 127 2.35152049180328 1.09534426229508
4.04999999999999 128 124 2.04317049180328 0.35043606557377
5.06666666666665 128 120 2.75765409836066 4.12044918032787
6.08333333333332 128 117 2.65242131147541 1.17681639344262
7.09999999999998 127 117 2.19508196721312 0.536818032786885
8.09999999999998 126 116 3.47589 1.33112833333333
9.10000000000003 125 117 3.68460166666667 1.43999166666667
11.1000000000001 122 120 3.64502916666667 1.23541083333333
12.1000000000002 120 121 2.79956666666667 0.812035
14.1000000000003 120 120 3.77892666666667 0.957458333333333
15.1000000000003 117 121 3.24409666666667 1.05880666666667
16.1000000000004 116 121 3.51614333333333 1.03852166666667
17.116666666667 115 120 2.80677540983607 1.08836229508197
18.1333333333336 113 121 2.81661639344262 1.15701147540984
19.1500000000002 112 122 5.27087704918033 1.16185081967213
20.1666666666668 112 121 5.44514262295082 0.87992131147541
21.1833333333334 110 123 4.28228852459016 0.528822950819672
23.2166666666666 106 125 5.68041721311475 0.822590983606557
24.2333333333332 104 125 3.12749016393443 0.648440983606557
25.2499999999998 104 124 2.77666721311475 0.686549180327869
26.2666666666665 103 124 5.54221639344262 1.48533606557377
27.2833333333331 102 123 2.84222459016393 1.0914737704918
28.2999999999997 102 121 2.33885737704918 0.700577049180328
29.3166666666663 101 122 3.06773770491803 0.949655737704918
30.3333333333329 100 122 2.45245409836066 1.77596229508197
32.3666666666661 100 120 2.31456229508197 1.12568360655738
33.3833333333327 100 117 2.40196885245902 0.698090163934426
34.3999999999993 98 117 2.34775573770492 0.152506557377049
35.4166666666659 97 116 2.53474098360656 0.159104918032787
37.4499999999992 96 117 2.54554344262295 0.268968852459016
38.4666666666658 93 117 2.18643278688525 1.32595901639344
39.4833333333324 90 120 2.04826065573771 0.286359016393443
40.499999999999 89 118 1.78077049180328 0.127301639344262
41.5166666666656 88 119 1.83318360655738 2.00775737704918
42.5333333333322 86 119 1.89737213114754 0.363319672131148
43.5499999999988 84 119 1.65947704918033 0.179649180327869
45.583333333332 82 119 2.32539180327869 0.883480327868853
46.5999999999986 81 120 4.4436737704918 1.63210655737705
47.6166666666652 79 120 2.98454590163934 1.6286
49.6499999999985 76 122 1.95083524590164 1.38846557377049
50.6666666666651 76 121 2.13097213114754 1.37501639344262
51.6833333333317 76 120 1.76157704918033 1.31190163934426
52.6999999999983 76 119 4.10067868852459 1.62991147540984
54.7333333333315 75 119 5.4150024590164 1.33973524590164
55.7499999999981 73 121 5.05479180327869 0.865714754098361
57.7833333333313 73 120 4.47963770491803 0.58211393442623
58.7999999999979 72 120 3.45128196721312 0.486201639344262
60.8333333333312 71 121 1.46693524590164 0.274259016393443
62.8666666666644 70 122 2.72480409836066 0.462804918032787
63.883333333331 69 122 1.55020983606557 0.54242131147541
66.9333333333308 69 120 1.70866284153005 0.866409836065574
67.9499999999974 67 121 1.65850655737705 1.33839836065574
72.0166666666639 66 122 2.09399713114754 1.52559795081967
73.0333333333305 64 124 1.90782131147541 1.62859016393443
74.0499999999971 63 125 1.79498032786885 1.46288852459016
77.0999999999969 63 124 2.05492841530055 0.88884262295082
78.1166666666635 62 123 1.72670819672131 0.338301639344262
79.1333333333301 60 124 1.48046885245902 0.511362295081967
80.1499999999967 59 124 1.29569672131148 0.210614754098361
81.1666666666633 58 125 1.59094754098361 0.250544262295082
84.2166666666632 58 123 1.38773114754098 0.283546994535519
85.2333333333298 57 124 1.34430163934426 0.302422950819672
86.2499999999964 56 125 1.90645409836066 0.251924590163934
87.266666666663 55 125 1.19833278688525 0.227498360655738
88.2833333333296 55 124 1.25763606557377 0.34712131147541
89.2999999999962 54 124 1.41664590163934 0.138665573770492
90.3166666666628 53 125 1.17623114754098 0.221644262295082
92.349999999996 52 125 1.3476262295082 0.355477049180328
93.3666666666627 51 126 1.66000491803279 0.635216393442623
96.4166666666625 50 127 1.27651092896175 0.415260655737705
99.4666666666623 49 127 1.17790983606557 0.370894535519126
103.533333333329 48 128 1.07508401639344 0.425199180327869
105.566666666662 47 128 1.1573 0.855113114754098
112.683333333328 46 129 1.16551077283372 1.33882576112412
117.766666666661 45 130 1.96353967213115 2.55191081967213
118.783333333328 44 129 3.54368032786885 0.552549180327869
122.849999999994 44 128 2.75196475409836 0.315783606557377
128.933333333328 43 128 1.61694301369863 0.184466575342466
129.933333333329 42 127 0.760045 0.115586666666667
130.93333333333 41 128 0.787425 0.097555
137.933333333335 41 127 1.13118833333333 0.426731190476191
138.933333333336 40 127 0.592026666666667 0.166015
146.933333333342 39 128 0.577442708333334 0.101904166666667
149.933333333345 39 127 0.569022222222222 0.0430872222222222
150.933333333346 38 127 0.560745 0.00333333333333333
151.933333333346 38 126 0.534755 0.000255
161.933333333354 37 126 0.555168333333334 0.0257231666666667
165.933333333358 36 126 0.540407083333334 0.0038625
167.933333333359 35 126 0.6037575 0.0333141666666667
170.933333333362 34 126 0.581722222222222 0.00977
171.933333333362 33 127 0.506793333333333 0.000215
174.933333333365 32 128 0.495926666666666 0.00890055555555556
175.933333333365 32 127 0.500996666666667 0.00024
177.933333333367 31 128 0.508891666666667 0.008645
180.933333333369 30 128 0.486257222222222 0.00445611111111111
215.933333333397 29 129 0.651755142857141 0.0903613333333333
225.933333333405 28 130 1.10369 0.169024833333333
228.933333333408 27 131 0.438502777777778 0.0496666666666667
240.933333333417 26 132 0.419482222222222 0.00384625
261.016666666758 26 131 0.388943900414939 0.00074804979253112
286.433333333401 25 132 0.385452065573771 0.000358426229508197
297.616666666725 24 133 0.364246795827124 0.000227272727272727
423.683333333277 24 132 0.364046708090958 0.00387961396086727
446.049999999923 23 132 0.517825409836065 0.0770514903129657
600 23 132 0.360472249784297 0.000229680759275237
