# New log 28/04/2014 00:01:13
1 128 128 1.87283 4.7841
3.03333333333333 127 127 1.02107213114754 0.572672950819672
4.04999999999999 123 130 1.34 0.587303278688525
7.09999999999998 121 131 0.944501092896175 0.905578142076503
8.09999999999998 119 133 1.04383333333333 3.5829
9.10000000000003 117 134 1.268635 9.414615
11.1000000000001 116 133 0.8378275 5.58084333333333
12.1000000000002 113 136 0.870131666666667 4.65689666666667
13.1000000000002 112 137 0.962591666666667 4.48218666666667
14.1000000000003 111 137 0.860136666666667 4.23973666666667
15.1000000000003 108 140 0.864623333333333 10.98516
16.1000000000004 108 139 1.03196333333333 10.914825
18.1333333333336 108 138 0.960758196721311 10.6911581967213
19.1500000000002 106 139 1.07990163934426 10.5665409836066
20.1666666666668 105 140 0.876670491803279 12.6288639344262
21.1833333333334 103 140 0.827273770491803 12.535668852459
22.2 100 142 0.761829508196721 12.3709147540984
23.2166666666666 96 142 0.739475409836066 13.1828967213115
24.2333333333332 95 143 0.820427868852459 12.1701737704918
25.2499999999998 94 142 1.03079344262295 11.1134770491803
26.2666666666665 94 140 0.674580327868852 11.4536950819672
27.2833333333331 91 140 0.639708196721312 11.664068852459
28.2999999999997 88 142 0.65921475409836 11.1854032786885
29.3166666666663 84 144 0.698798360655738 10.4446557377049
31.3499999999995 82 145 0.708804098360656 11.4411270491803
32.3666666666661 82 144 0.85503606557377 10.9446147540984
34.3999999999993 82 143 0.834181147540984 11.163268852459
35.4166666666659 81 144 0.720573770491804 11.1448032786885
36.4333333333325 81 143 0.695070491803279 11.0480147540984
37.4499999999992 80 144 0.843773770491803 11.0047803278689
39.4833333333324 78 144 0.693719672131148 11.3117139344262
40.499999999999 77 144 0.632424590163934 10.3769524590164
42.5333333333322 77 143 0.711406557377049 11.1492778688525
43.5499999999988 74 146 0.623747540983606 11.8886639344262
44.5666666666654 73 146 0.598955737704918 11.4728770491803
45.583333333332 72 146 0.596562295081967 9.50890327868852
46.5999999999986 70 148 0.616967213114754 7.5728131147541
47.6166666666652 68 149 0.575544262295082 9.42789344262295
48.6333333333319 66 150 0.55322131147541 8.9616262295082
49.6499999999985 65 150 0.536954098360656 3.80842786885246
50.6666666666651 64 150 0.520568852459016 2.94941967213115
52.6999999999983 63 150 0.454777049180328 3.01992213114754
53.7166666666649 62 151 0.458759016393443 3.68832131147541
54.7333333333315 62 149 0.500952459016393 11.1408032786885
55.7499999999981 60 150 0.509568852459016 13.7525524590164
56.7666666666647 59 150 0.512349180327869 13.430931147541
57.7833333333313 58 151 0.517365573770492 12.6414459016393
58.7999999999979 57 152 0.497406557377049 12.8462475409836
59.8166666666646 55 153 0.472459016393443 12.4122983606557
60.8333333333312 53 154 0.482214754098361 12.3844491803279
61.8499999999978 51 155 0.465091803278688 12.447737704918
65.9166666666642 50 155 0.461993852459017 11.5094381147541
67.9499999999974 49 156 0.452898360655738 11.1427991803279
69.9833333333306 48 157 0.40825 8.45889590163934
70.9999999999973 46 159 0.38262131147541 5.01610163934426
75.0666666666637 46 158 0.395453278688524 4.87394836065574
77.0999999999969 45 159 0.416781967213115 4.83456721311476
78.1166666666635 43 160 0.353929508196721 3.89184918032787
82.18333333333 42 160 1.00345614754098 3.78519098360656
83.1999999999966 42 159 0.324940983606557 3.70860819672131
84.2166666666632 41 159 0.330086885245902 3.81784262295082
87.266666666663 39 160 0.294975956284153 4.31059508196721
88.2833333333296 36 162 0.262352459016393 5.37744426229508
92.349999999996 35 163 0.355180327868852 1.3886631147541
111.666666666662 34 164 0.275295513373598 0.431566781708369
112.683333333328 33 165 0.345809836065574 0.0892426229508197
114.716666666661 32 165 0.228802459016393 0.0145327868852459
117.766666666661 31 165 0.219498907103825 0.286850273224044
121.833333333328 30 165 0.198659836065574 0.112031967213115
134.933333333333 29 166 0.21914058524173 0.0289502544529262
135.933333333334 28 166 0.171373333333333 0.00016
136.933333333334 26 168 0.169143333333333 0.00015
143.93333333334 25 168 0.325620952380953 0.0339176190476191
145.933333333342 24 169 0.174049166666667 0.01558
149.933333333345 23 169 0.171237916666667 0.00704541666666667
156.93333333335 21 170 0.160630952380952 0.00271
168.93333333336 20 171 0.156721805555556 0.0007575
171.933333333362 19 172 0.149562222222222 0.00017
187.933333333375 19 171 0.1457409375 0.119318645833333
188.933333333376 18 171 0.158271666666667 0.799813333333333
206.93333333339 17 172 0.150548611111111 0.79075962962963
210.933333333393 16 172 0.129111666666667 1.22842333333333
219.933333333401 15 173 0.120243703703704 0.379413703703704
229.933333333408 14 174 0.118381666666667 0.00950216666666667
235.933333333413 13 175 0.0924922222222222 0.0112016666666667
248.933333333424 12 176 0.0916165384615385 0.00196294871794872
270.16666666675 12 175 0.0869116954474099 0.00422009419152276
275.250000000078 11 176 0.0874295081967213 0.000157704918032787
281.350000000073 11 175 0.0826786885245901 0.000870491803278689
283.383333333404 10 175 0.0688852459016394 0.000179508196721311
309.816666666714 9 175 0.0662007566204288 0.00191544766708701
331.166666666694 8 176 0.0598594067135049 0.000172599531615925
393.183333333304 8 175 0.0464556839559258 0.000281779091642032
496.88333333321 8 174 0.0501396014143363 0.00656369334619094
600 8 174 0.0477202025072325 0.000352137576342012
