# New log 28/04/2014 00:04:43
1 128 128 2.08247666666667 0.7812
5.06666666666665 128 126 1.34958196721312 0.570663524590164
6.08333333333332 126 125 2.55928852459016 1.86853442622951
7.09999999999998 124 126 1.19532950819672 0.165650819672131
8.09999999999998 122 125 1.33781833333333 0.217731666666667
9.10000000000003 118 126 1.248995 0.304836666666667
10.1000000000001 117 126 1.52944333333333 0.440868333333333
11.1000000000001 116 124 1.387925 0.207861666666667
12.1000000000002 114 125 3.31737 0.995561666666667
13.1000000000002 114 124 3.31860333333333 0.865896666666667
14.1000000000003 113 124 2.08428333333333 0.631025
15.1000000000003 112 125 1.396285 0.383816666666667
16.1000000000004 110 125 1.45814166666667 0.511225
18.1333333333336 107 126 1.47933770491803 0.396224590163934
19.1500000000002 106 127 1.70461639344262 0.0775672131147541
20.1666666666668 104 128 1.25979180327869 0.773014754098361
21.1833333333334 104 127 2.16884754098361 0.825214754098361
22.2 101 129 4.72658524590164 1.15784590163934
23.2166666666666 97 130 6.58715081967213 0.544019672131148
24.2333333333332 97 129 5.9024 0.527268852459016
25.2499999999998 96 130 6.04044098360656 0.55162131147541
26.2666666666665 95 131 6.31841967213115 0.700240983606557
27.2833333333331 92 131 6.62175081967213 1.02268032786885
28.2999999999997 92 129 7.1840262295082 1.20524098360656
29.3166666666663 92 127 7.8649 1.65285245901639
30.3333333333329 92 126 8.38020327868852 1.6158737704918
31.3499999999995 91 127 11.4300016393443 1.01144426229508
32.3666666666661 88 129 12.6898918032787 0.906614754098361
33.3833333333327 87 130 12.5573885245902 0.875383606557377
34.3999999999993 84 131 8.23162131147541 0.939298360655738
35.4166666666659 83 132 4.60988524590164 0.223977049180328
36.4333333333325 82 133 5.95444918032787 0.774218032786885
39.4833333333324 80 133 5.37896939890711 0.607248087431694
40.499999999999 75 135 5.8157131147541 0.413054098360656
41.5166666666656 73 135 5.49092950819672 0.365090163934426
42.5333333333322 71 136 3.63546885245902 0.337680327868852
43.5499999999988 69 135 1.66554754098361 0.298975409836066
45.583333333332 67 136 1.80466885245902 0.391326229508197
46.5999999999986 65 136 0.772013114754099 0.111211475409836
47.6166666666652 64 136 0.747901639344262 0.345424590163934
50.6666666666651 62 135 1.28872841530055 0.287622950819672
51.6833333333317 61 134 1.37075409836066 0.319509836065574
53.7166666666649 59 135 0.875381147540983 0.256448360655738
54.7333333333315 57 135 0.77737868852459 0.0712491803278689
55.7499999999981 54 137 0.812762295081967 0.0873032786885246
58.7999999999979 52 139 0.83933825136612 0.256426775956284
59.8166666666646 51 140 0.831949180327869 0.342736065573771
60.8333333333312 50 140 0.862745901639344 0.356862295081967
62.8666666666644 49 139 0.842594262295082 0.268966393442623
63.883333333331 48 140 0.916463934426229 0.262514754098361
65.9166666666642 47 141 2.30625081967213 0.345715573770492
66.9333333333308 46 141 0.769937704918033 0.0979426229508197
67.9499999999974 45 141 0.921096721311476 0.312718032786885
70.9999999999973 43 143 0.84451912568306 0.252089617486339
72.0166666666639 42 143 0.685570491803279 0.278796721311475
73.0333333333305 41 144 0.503914754098361 0.18744262295082
74.0499999999971 41 143 0.494524590163935 0.0244098360655738
76.0833333333303 40 143 0.558413934426229 0.212536885245902
79.1333333333301 39 144 2.00267486338798 0.533171038251366
83.1999999999966 37 145 0.605590573770492 0.227359016393443
84.2166666666632 36 145 0.617254098360656 0.255485245901639
86.2499999999964 35 145 0.496508196721312 0.097166393442623
89.2999999999962 34 145 0.544193989071038 0.181002732240437
92.349999999996 32 146 0.499959016393443 0.181749180327869
93.3666666666627 31 145 0.471581967213115 0.0731868852459016
94.3833333333293 30 146 0.860154098360656 0.396983606557377
96.4166666666625 29 147 0.957506557377049 0.630116393442623
98.4499999999957 28 148 0.950018032786885 0.475473770491803
101.499999999996 28 147 0.549712021857923 0.101210382513661
102.516666666662 27 148 0.328739344262295 0.00464590163934426
110.649999999995 26 148 0.328727663934426 0.00654098360655738
111.666666666662 26 147 0.301552459016394 0.000304918032786885
115.733333333328 25 147 0.33889631147541 0.0123790983606557
122.849999999994 25 146 0.321928805620609 0.0188686182669789
123.866666666661 24 146 0.311145901639344 0.000324590163934426
125.899999999994 24 145 0.307285245901639 0.00913688524590164
130.93333333333 23 144 0.283220198675497 0.00456887417218543
134.933333333333 22 145 0.2893225 0.00717958333333333
136.933333333334 21 144 0.250233333333333 0.000513333333333333
137.933333333335 20 144 0.216728333333333 0.000921666666666667
162.933333333355 20 143 0.2231078 0.00155993333333333
171.933333333362 19 144 0.230574074074074 0.00352351851851852
173.933333333364 18 144 0.2276775 0.0071
178.933333333368 17 145 0.346197 0.068729
184.933333333373 16 146 0.440906666666667 0.113573888888889
201.933333333386 15 146 0.438425490196079 0.122723333333333
202.933333333387 14 147 0.4356 0.162133333333333
205.933333333389 13 148 0.563471666666667 0.153488888888889
300.666666666722 13 147 0.401947361013375 0.111050193525686
304.733333333385 12 147 0.376473360655738 0.108672950819672
333.200000000026 12 146 0.364358489461359 0.108227341920375
336.250000000023 11 147 0.382410928961749 0.109395081967213
600 11 147 0.356956191677164 0.110142427490542
