# New log 27/04/2014 23:41:39
1 128 128 2.00078833333333 0.798705
5.06666666666665 127 128 1.60214713114754 0.769270491803279
6.08333333333332 125 128 2.81960819672131 2.46304426229508
8.09999999999998 123 128 2.03545867768595 0.722828099173554
9.10000000000003 123 127 2.02250166666667 0.527578333333333
10.1000000000001 120 130 2.01923 0.694506666666667
11.1000000000001 119 130 1.651665 0.426903333333333
12.1000000000002 119 128 1.45702 0.249413333333333
13.1000000000002 119 127 2.141235 0.41538
14.1000000000003 115 129 2.89389333333333 1.59954333333333
15.1000000000003 113 127 2.71207333333333 1.30532833333333
16.1000000000004 112 125 3.88023833333333 0.827896666666667
17.116666666667 111 125 3.12786721311475 0.97467868852459
18.1333333333336 107 126 2.21984590163934 0.780531147540984
20.1666666666668 106 126 4.90503196721311 0.938706557377049
21.1833333333334 105 124 7.49649180327869 0.715734426229508
22.2 104 124 3.88860655737705 0.702696721311475
25.2499999999998 103 125 6.36116174863388 0.752465027322404
26.2666666666665 99 127 4.10704590163934 0.588254098360656
27.2833333333331 98 127 3.49293770491803 1.03157868852459
28.2999999999997 95 130 3.55774098360656 0.63437868852459
29.3166666666663 94 131 5.62474262295082 0.737081967213115
30.3333333333329 92 132 5.80708524590164 0.880029508196721
31.3499999999995 91 131 5.69782459016394 1.06552459016393
32.3666666666661 90 131 5.50132131147541 1.46555245901639
33.3833333333327 90 130 6.40096393442623 0.91452131147541
34.3999999999993 90 128 4.68218360655738 0.950395081967213
35.4166666666659 89 129 8.37309836065574 1.07893114754098
36.4333333333325 89 128 5.54164426229508 0.704950819672131
37.4499999999992 87 129 6.18156885245902 0.822729508196721
38.4666666666658 86 129 8.23267704918033 0.82596393442623
39.4833333333324 86 127 5.68721967213115 0.848268852459017
41.5166666666656 85 128 4.49169918032787 2.51993032786885
42.5333333333322 84 129 4.09556229508197 0.624640983606558
43.5499999999988 83 130 4.80495245901639 0.918255737704918
44.5666666666654 83 129 3.20226229508197 0.886722950819672
45.583333333332 77 132 3.21830491803279 0.927854098360656
46.5999999999986 76 131 2.13617049180328 0.877814754098361
47.6166666666652 76 130 2.61964918032787 2.03512295081967
48.6333333333319 75 130 2.02175409836066 1.90762459016393
49.6499999999985 73 131 2.15917704918033 2.31188360655738
50.6666666666651 72 132 2.31451967213115 2.13248032786885
51.6833333333317 70 134 2.45798524590164 2.37500491803279
53.7166666666649 67 135 2.02614180327869 1.74250491803279
56.7666666666647 67 134 1.46406338797814 0.525356284153006
58.7999999999979 62 138 1.63156639344262 0.661699180327869
60.8333333333312 60 139 1.47467704918033 0.625781147540984
62.8666666666644 59 139 1.27743770491803 0.515962295081967
63.883333333331 59 138 1.04980491803279 0.396777049180328
64.8999999999976 59 137 1.0356131147541 0.308539344262295
65.9166666666642 57 139 3.47462131147541 0.565560655737705
67.9499999999974 56 139 4.87682622950819 0.667011475409836
72.0166666666639 55 140 5.80270327868853 0.598836475409836
73.0333333333305 54 141 5.1188131147541 0.422598360655738
74.0499999999971 53 142 4.97941147540983 0.704103278688525
75.0666666666637 51 142 4.95614262295082 0.684339344262295
77.0999999999969 50 143 5.07407295081967 0.568924590163934
78.1166666666635 49 144 5.4132393442623 0.36406393442623
79.1333333333301 49 143 5.33624918032787 0.401280327868852
80.1499999999967 49 142 4.61088852459016 0.44275737704918
81.1666666666633 48 143 4.41637540983606 0.439801639344262
84.2166666666632 47 143 4.81987923497268 0.696555191256831
85.2333333333298 46 143 4.82595081967213 0.418414754098361
87.266666666663 45 143 3.63789590163934 0.30614262295082
88.2833333333296 44 144 2.96956393442623 0.301865573770492
91.3333333333294 42 145 1.35874808743169 0.269681967213115
92.349999999996 40 145 2.92660491803279 0.122526229508197
94.3833333333293 39 146 4.43815163934426 0.101627868852459
96.4166666666625 38 146 4.42266721311475 0.136855737704918
98.4499999999957 37 146 4.11783852459016 0.18365
100.483333333329 37 145 1.36679016393443 0.15134262295082
102.516666666662 36 144 0.832439344262295 0.0988704918032787
103.533333333329 35 144 0.75725737704918 0.0759934426229508
104.549999999995 34 144 0.778952459016393 0.0811475409836066
105.566666666662 33 145 0.720098360655738 0.115108196721311
106.583333333329 33 144 0.730263934426229 0.108168852459016
110.649999999995 32 145 0.874827459016394 0.126512704918033
112.683333333328 31 145 1.54976639344262 0.124729508196721
116.749999999995 28 146 0.791646721311475 0.282897540983607
117.766666666661 27 147 0.589393442622951 0.0605147540983607
120.816666666661 26 147 0.624437704918033 0.057403825136612
121.833333333328 25 146 0.626606557377049 0.0954770491803279
125.899999999994 24 146 1.38263360655738 0.117764754098361
130.93333333333 23 147 2.03981324503311 0.0911566225165563
131.93333333333 22 147 2.05947666666667 0.0597033333333333
133.933333333332 22 146 1.66072833333333 0.1633875
134.933333333333 21 147 0.348471666666667 0.0332266666666667
135.933333333334 20 148 0.31678 0.0254533333333333
136.933333333334 19 149 0.351313333333333 0.0370533333333333
137.933333333335 18 150 0.313721666666667 0.0306833333333333
147.933333333343 18 149 0.333175 0.0369235
148.933333333344 17 150 0.325416666666667 0.0279666666666667
152.933333333347 16 151 0.30412 0.0400795833333333
159.933333333353 16 150 0.320627380952381 0.0446828571428571
160.933333333354 15 151 0.444668333333333 0.0386916666666667
171.933333333362 15 150 0.462539848484849 0.102890909090909
176.933333333366 14 151 0.348808 0.0593583333333333
182.933333333371 13 152 0.269399444444444 0.0437144444444445
190.933333333377 12 152 0.274254375 0.109021875
204.933333333389 11 153 0.284828095238095 0.0416642857142857
206.93333333339 10 153 0.269788333333333 0.0331591666666667
225.933333333405 9 154 0.262139649122807 0.033790350877193
226.933333333406 8 155 0.142651666666667 0.024195
255.933333333429 8 154 0.173929827586207 0.0326717816091954
262.033333333424 7 155 0.244953005464481 0.0614650273224044
317.950000000039 6 156 0.157455886736214 0.0307855439642325
323.033333333368 5 157 0.141856065573771 0.0215852459016393
354.550000000006 4 157 0.149226758328926 0.0116004759386568
373.866666666655 3 158 0.100213805004314 0.00620914581535807
600 3 158 0.0884826361831944 0.00539015658310667
