# New log 27/04/2014 23:39:58
1 128 128 5.07443833333333 2.23044333333333
4.04999999999999 126 128 2.30318196721312 1.16519180327869
5.06666666666665 126 127 2.7906737704918 1.37616065573771
6.08333333333332 125 126 2.22883606557377 0.658872131147541
7.09999999999998 125 124 2.32324262295082 1.08660655737705
8.09999999999998 125 121 2.18473 1.40489333333333
9.10000000000003 124 122 2.19352666666667 0.991405
10.1000000000001 123 120 3.2268 1.48500833333333
11.1000000000001 120 120 3.05052833333333 1.22919
12.1000000000002 119 118 3.25365666666667 0.997281666666667
13.1000000000002 118 117 3.08275833333333 1.04186166666667
14.1000000000003 117 118 3.00664333333333 0.94569
15.1000000000003 115 118 2.73004666666667 1.69667333333333
16.1000000000004 113 118 2.775275 1.55430166666667
17.116666666667 112 119 2.69366557377049 1.46347049180328
18.1333333333336 112 118 3.06060163934426 1.79997868852459
19.1500000000002 111 117 2.32177049180328 1.56977540983607
20.1666666666668 110 117 3.36731639344262 2.28362131147541
21.1833333333334 108 119 3.43039016393443 2.94049180327869
22.2 107 120 3.26371967213115 2.30446557377049
23.2166666666666 104 122 2.38894098360656 1.98009672131148
24.2333333333332 102 123 2.54525901639344 2.13795081967213
27.2833333333331 100 123 2.6325868852459 2.05996666666667
28.2999999999997 98 123 2.3341262295082 2.13287049180328
29.3166666666663 98 122 2.18288196721312 2.1696606557377
30.3333333333329 94 124 2.45385081967213 2.17710491803279
31.3499999999995 92 125 2.20865901639344 1.37810491803279
33.3833333333327 90 126 2.38234754098361 1.6958368852459
34.3999999999993 88 127 2.20878852459016 1.65695081967213
35.4166666666659 86 127 1.90581475409836 1.55664426229508
36.4333333333325 86 126 1.85011803278688 0.770814754098361
37.4499999999992 84 128 1.88961475409836 0.789014754098361
39.4833333333324 83 128 3.41183032786885 1.67266639344262
41.5166666666656 82 124 4.44594754098361 1.47770081967213
42.5333333333322 81 124 4.21225737704918 1.52868196721311
45.583333333332 80 124 4.25751803278688 1.26276448087432
46.5999999999986 79 123 4.40678360655738 0.853911475409836
47.6166666666652 76 125 4.28667049180328 1.09063114754098
48.6333333333319 73 125 3.87811147540984 0.806165573770492
50.6666666666651 72 125 4.09022295081967 0.909338524590164
51.6833333333317 71 126 4.91185737704918 1.38379672131148
52.6999999999983 67 128 3.62139180327869 1.00020327868852
53.7166666666649 65 129 1.29171639344262 0.658054098360656
54.7333333333315 64 129 1.3929262295082 0.781286885245902
56.7666666666647 63 129 1.41646229508197 1.06354918032787
58.7999999999979 62 129 1.45875409836066 0.862798360655738
61.8499999999978 61 129 1.36732459016393 0.957127322404372
62.8666666666644 60 130 1.90903442622951 0.934152459016393
65.9166666666642 59 131 1.235643715847 1.16276010928962
69.9833333333306 58 131 1.14081803278689 1.2781118852459
70.9999999999973 56 132 1.17636393442623 1.2496737704918
75.0666666666637 55 133 3.34540081967213 1.86669631147541
76.0833333333303 54 132 5.21347868852459 2.05100163934426
78.1166666666635 54 131 2.33964344262295 1.68555245901639
82.18333333333 52 132 1.68264139344262 1.92201393442623
84.2166666666632 51 132 1.86574180327869 0.994339344262295
88.2833333333296 50 132 1.71996885245902 1.12524467213115
90.3166666666628 49 132 1.54182131147541 1.09549918032787
91.3333333333294 48 133 2.41410655737705 1.06988032786885
93.3666666666627 47 133 2.56189016393443 0.964687704918033
98.4499999999957 47 132 1.54983836065574 0.601091475409836
99.4666666666623 46 131 1.98366065573771 1.31786885245902
102.516666666662 45 131 1.4218043715847 0.659757923497268
103.533333333329 45 130 1.5174393442623 0.591391803278689
104.549999999995 44 131 1.42973770491803 0.54494262295082
113.699999999995 42 133 1.45487468123861 0.509475045537341
118.783333333328 41 133 3.90783409836066 1.03284557377049
122.849999999994 41 132 2.64472254098361 0.328249180327869
126.916666666661 40 132 0.920918852459016 0.101344672131148
127.933333333327 39 133 2.16225901639344 0.121081967213115
128.933333333328 39 132 0.837961666666667 0.0213016666666667
131.93333333333 38 133 0.886550555555555 0.106041666666667
133.933333333332 38 132 0.917115 0.0077575
134.933333333333 37 133 0.827575 0.00414666666666667
136.933333333334 37 132 0.855049166666667 0.0777591666666667
140.933333333338 36 133 0.986779166666666 0.0280279166666667
142.933333333339 35 134 1.4266025 0.152016666666667
145.933333333342 34 135 0.814475555555556 0.0983172222222222
146.933333333342 34 134 0.925456666666667 0.254393333333333
150.933333333346 34 133 0.779094166666667 0.0287716666666667
159.933333333353 33 134 0.761663518518519 0.00898166666666667
166.933333333358 33 133 0.802535952380952 0.00236761904761905
173.933333333364 32 133 0.831947857142857 0.0497990476190476
175.933333333365 32 132 0.850338333333333 0.0461091666666667
178.933333333368 31 133 1.07115888888889 0.0161555555555556
181.93333333337 30 133 0.803098888888889 0.00464
185.933333333373 29 133 0.57206875 0.0138416666666667
198.933333333384 28 132 0.532784871794872 0.00384884615384615
201.933333333386 27 133 0.494817222222222 0.0134238888888889
224.933333333404 25 134 0.478456666666667 0.00800492753623189
229.933333333408 24 134 0.439553 0.00893
279.316666666741 24 133 0.382214984812689 0.00256574417819777
281.350000000073 23 134 0.370272950819672 0.00255
322.016666666702 23 133 0.401895942622951 0.0166895901639344
335.233333333357 21 135 0.382727238335435 0.00457465321563682
427.74999999994 21 134 0.328221347504955 0.00122507656278148
544.6666666665 20 135 0.337069066286529 0.00188831076265146
552.799999999826 20 134 0.337536270491803 0.00123545081967213
562.966666666483 19 134 0.344324918032786 0.00148360655737705
574.149999999806 18 135 0.392045752608048 0.0310888226527571
583.299999999798 17 135 0.332377049180328 0.000580874316939891
600 17 135 0.317628640308583 0.00130270009643202
