# New log 27/04/2014 23:38:43
1 128 128 1.80011666666667 5.62776833333333
3.03333333333333 127 129 1.09677049180328 1.13127213114754
4.04999999999999 125 130 1.12529016393443 2.67051803278689
5.06666666666665 124 131 2.05077213114754 1.88360327868852
6.08333333333332 123 131 1.14551639344262 2.43585081967213
8.09999999999998 122 131 1.02427603305785 1.55498842975207
9.10000000000003 119 133 1.33642833333333 0.686788333333333
10.1000000000001 116 135 0.891455 0.707503333333333
11.1000000000001 114 135 0.848816666666666 1.23686833333333
12.1000000000002 113 134 1.01977166666667 1.15965166666667
13.1000000000002 111 135 1.02087666666667 0.312805
14.1000000000003 110 136 1.23123833333333 0.564981666666667
15.1000000000003 109 137 0.815688333333334 0.251475
16.1000000000004 109 136 0.839961666666667 0.194196666666667
17.116666666667 106 136 0.968177049180328 0.292326229508197
19.1500000000002 105 135 0.824229508196721 0.331241803278689
20.1666666666668 103 136 0.869252459016394 0.629929508196721
21.1833333333334 103 133 0.844101639344262 0.656662295081967
24.2333333333332 100 136 0.770850819672131 0.610041530054645
25.2499999999998 99 136 0.802095081967213 1.77129016393443
27.2833333333331 98 135 1.04968852459016 2.23866147540984
28.2999999999997 97 134 0.860262295081968 0.832006557377049
29.3166666666663 96 135 0.938822950819672 0.352029508196721
30.3333333333329 94 136 0.704631147540984 0.501886885245902
31.3499999999995 92 137 0.774006557377049 0.354737704918033
32.3666666666661 91 136 1.00264590163934 0.625431147540984
35.4166666666659 90 137 0.932106010928962 0.281620218579235
36.4333333333325 87 140 0.947711475409836 0.108132786885246
37.4499999999992 87 139 0.732539344262295 0.138354098360656
38.4666666666658 86 140 1.84409672131147 0.0515688524590164
39.4833333333324 84 141 2.46695245901639 0.143365573770492
40.499999999999 83 141 0.73747868852459 0.0964196721311475
41.5166666666656 82 141 0.720395081967213 0.112775409836066
42.5333333333322 80 141 0.650986885245902 0.62195737704918
44.5666666666654 76 143 0.725897540983607 1.04900819672131
45.583333333332 76 142 0.991440983606558 0.855090163934426
46.5999999999986 72 146 0.696052459016393 0.208859016393443
47.6166666666652 71 147 0.559070491803278 0.282332786885246
48.6333333333319 69 149 0.578665573770492 0.499036065573771
49.6499999999985 68 150 0.553352459016394 0.948614754098361
50.6666666666651 67 151 0.578780327868853 0.152268852459016
51.6833333333317 67 150 0.738147540983606 0.199655737704918
54.7333333333315 65 150 0.678700546448088 2.84441420765027
55.7499999999981 65 149 0.671472131147541 3.22154754098361
56.7666666666647 64 148 0.961265573770492 3.32384754098361
58.7999999999979 63 149 1.09074672131148 3.14698442622951
59.8166666666646 62 149 0.596436065573771 2.54529344262295
60.8333333333312 60 150 0.590872131147541 1.0352737704918
61.8499999999978 59 151 0.637504918032787 0.332831147540984
63.883333333331 58 151 0.774552459016393 0.123900819672131
65.9166666666642 57 151 0.731031147540983 0.194908196721311
67.9499999999974 54 151 0.528215573770492 0.121353278688525
68.966666666664 53 150 0.482314754098361 0.0343491803278689
69.9833333333306 52 150 0.469577049180328 0.0447360655737705
70.9999999999973 51 149 0.477091803278689 0.230226229508197
72.0166666666639 50 150 0.558470491803279 1.16542131147541
73.0333333333305 49 151 0.522881967213115 3.21215737704918
74.0499999999971 48 150 0.713173770491803 3.41881147540984
75.0666666666637 47 150 0.415426229508197 3.59170491803279
76.0833333333303 44 152 0.395549180327869 3.13083442622951
77.0999999999969 43 153 0.412239344262295 0.303640983606557
78.1166666666635 42 153 0.413265573770492 0.484283606557377
80.1499999999967 41 153 0.478661475409836 0.559294262295082
81.1666666666633 40 154 0.386280327868852 0.157
85.2333333333298 38 154 0.395054098360656 0.110156557377049
86.2499999999964 37 155 0.378116393442623 0.0532098360655738
87.266666666663 36 156 0.384306557377049 0.0100508196721311
88.2833333333296 34 157 0.377898360655738 0.0411508196721311
92.349999999996 33 157 0.352965163934426 0.115061885245902
95.3999999999959 31 158 0.386126775956284 0.357404371584699
98.4499999999957 30 158 0.277744262295082 0.0677945355191257
100.483333333329 29 158 0.292551639344262 0.0188418032786885
101.499999999996 28 159 0.318303278688525 0.0176229508196721
102.516666666662 26 160 0.330004918032787 0.0049016393442623
104.549999999995 24 161 0.334338524590164 0.0296680327868852
106.583333333329 23 162 0.275796721311476 0.0176426229508197
108.616666666662 22 163 0.213237704918033 0.00496639344262295
109.633333333328 21 164 0.194355737704918 0.000172131147540984
112.683333333328 20 165 0.214494535519126 0.00231147540983607
115.733333333328 20 164 0.220549726775956 0.0120333333333333
120.816666666661 19 165 0.23298131147541 0.0252934426229508
121.833333333328 18 165 0.20106393442623 0.0100311475409836
122.849999999994 17 165 0.189460655737705 0.000172131147540984
123.866666666661 16 166 0.164934426229508 0.000172131147540984
124.883333333328 15 166 0.137314754098361 0.00312622950819672
125.899999999994 14 167 0.12857868852459 0.0469459016393443
126.916666666661 13 168 0.144201639344262 0.0148459016393443
127.933333333327 12 168 0.119534426229508 0.00919344262295082
128.933333333328 11 168 0.110371666666667 0.00398
130.93333333333 10 168 0.265844166666667 0.06669
134.933333333333 9 169 0.25755875 0.01583375
138.933333333336 8 170 0.217354583333333 0.0110808333333333
146.933333333342 7 171 0.103220833333333 0.00284
147.933333333343 6 172 0.0973433333333333 0.000205
151.933333333346 5 172 0.0788108333333333 0.0101583333333333
159.933333333353 4 173 0.0707122916666667 0.223394583333333
164.933333333357 2 175 0.0400996666666667 0.890064666666667
172.933333333363 1 175 0.0185285416666667 0.890412916666667
194.933333333381 0 176 0.0106344696969697 0.115845909090909
600 0 176 0 0.000184292698960516
