# New log 28/04/2014 00:09:33
1 128 128 2.06861833333333 0.57279
4.04999999999999 125 129 2.23147213114754 0.999245901639344
5.06666666666665 124 128 2.29896721311475 0.970067213114754
6.08333333333332 122 126 5.65954590163934 1.3525737704918
8.09999999999998 120 124 2.38118842975207 1.1660867768595
9.10000000000003 118 124 1.974555 0.873263333333333
10.1000000000001 117 125 2.18302166666667 0.581365
12.1000000000002 116 125 1.927085 0.398305
13.1000000000002 114 124 4.18419 0.92487
14.1000000000003 113 124 3.60446333333333 0.962926666666667
15.1000000000003 112 124 3.82116 0.530576666666667
16.1000000000004 108 127 3.81129833333333 0.804603333333333
17.116666666667 106 126 4.10313114754098 1.08357704918033
18.1333333333336 105 127 2.37953442622951 0.920919672131148
19.1500000000002 102 128 1.89496229508197 1.33010655737705
20.1666666666668 100 130 1.42983114754098 0.664519672131147
21.1833333333334 99 129 1.99943278688525 0.914181967213115
22.2 98 130 2.4029393442623 0.609054098360656
23.2166666666666 96 132 3.2021 2.35253278688525
24.2333333333332 94 131 2.4459262295082 0.528773770491803
25.2499999999998 93 130 4.92067213114754 0.90156393442623
26.2666666666665 93 129 5.29141147540984 0.827883606557377
27.2833333333331 93 128 8.76569344262295 5.73124426229508
28.2999999999997 92 129 3.3464868852459 0.57722131147541
29.3166666666663 90 129 5.48288852459017 0.723581967213115
30.3333333333329 89 129 4.40227704918033 0.475986885245902
31.3499999999995 86 130 2.39333442622951 0.73853606557377
32.3666666666661 84 132 2.26903442622951 0.64582131147541
33.3833333333327 83 132 2.70132459016393 0.963872131147541
34.3999999999993 82 133 2.61295409836066 0.5312
35.4166666666659 81 134 3.37533442622951 0.637504918032787
36.4333333333325 79 135 7.16876557377049 0.523418032786885
38.4666666666658 79 134 3.30994590163934 0.651077049180328
39.4833333333324 78 134 6.65756721311475 0.70133606557377
40.499999999999 75 137 3.61721147540984 1.40370819672131
41.5166666666656 75 136 6.57757868852459 0.785824590163934
43.5499999999988 72 136 5.07959262295082 0.747772950819672
44.5666666666654 71 137 5.65418524590164 0.396890163934426
45.583333333332 70 137 6.25352622950819 0.41392131147541
46.5999999999986 69 137 4.9978393442623 0.24144262295082
47.6166666666652 68 138 4.78997540983607 0.230626229508197
49.6499999999985 68 137 3.15204754098361 0.141669672131148
50.6666666666651 66 139 3.60810163934426 0.228608196721311
51.6833333333317 66 138 3.69777704918033 0.520181967213115
52.6999999999983 64 139 3.82450655737705 0.369681967213115
54.7333333333315 63 140 4.23924508196721 0.524719672131148
55.7499999999981 61 140 2.38592131147541 0.400791803278689
56.7666666666647 60 141 1.31011639344262 0.451216393442623
58.7999999999979 60 140 0.894377868852459 0.176934426229508
59.8166666666646 60 139 0.948683606557377 0.223562295081967
60.8333333333312 57 141 1.06700163934426 0.207759016393443
61.8499999999978 56 141 2.37877704918033 0.109647540983607
62.8666666666644 55 142 1.13989180327869 0.273085245901639
63.883333333331 54 142 0.731998360655738 0.138518032786885
67.9499999999974 54 141 0.961854098360656 0.193486885245902
68.966666666664 52 141 0.783539344262295 0.168027868852459
69.9833333333306 51 142 1.7331393442623 3.25325901639344
70.9999999999973 49 144 1.44286229508197 0.118052459016393
72.0166666666639 49 143 0.868652459016394 0.174337704918033
73.0333333333305 48 144 2.96766393442623 0.398852459016393
74.0499999999971 47 144 0.902701639344262 0.48795737704918
76.0833333333303 46 145 1.38044262295082 0.277637704918033
78.1166666666635 43 145 1.69695081967213 0.246812295081967
82.18333333333 42 145 1.64788237704918 0.928069672131148
83.1999999999966 40 145 2.59579508196721 0.115403278688525
85.2333333333298 40 144 2.86406393442623 0.780132786885246
86.2499999999964 39 144 2.29657213114754 0.119680327868852
96.4166666666625 39 143 1.12111081967213 0.234070819672131
99.4666666666623 38 144 0.630613661202186 0.171707103825137
101.499999999996 37 144 0.622868852459016 0.313797540983607
103.533333333329 36 145 0.512068852459016 0.473801639344262
106.583333333329 35 145 0.509841530054645 0.551725136612022
115.733333333328 34 146 0.60669927140255 0.510346994535519
119.799999999994 33 147 0.550841803278689 0.426062295081967
127.933333333327 32 148 0.85562643442623 0.417863319672131
131.93333333333 31 149 0.539720833333333 0.238660416666667
133.933333333332 30 149 0.483684166666666 0.435538333333333
136.933333333334 29 150 0.453861111111111 0.115576111111111
141.933333333338 28 151 0.465682 0.105439333333333
151.933333333346 28 150 1.22740333333333 0.107630333333333
152.933333333347 28 149 0.589521666666667 0.09062
153.933333333348 26 150 0.410576666666667 0.149441666666667
154.933333333349 25 151 0.321253333333333 0.087485
163.933333333356 24 152 0.60587962962963 0.0956903703703704
167.933333333359 23 153 0.4721975 0.138620416666667
169.933333333361 22 154 0.370818333333333 0.105593333333333
180.933333333369 20 156 0.347905151515152 0.150072575757576
183.933333333372 20 155 0.351985 0.0682561111111111
191.933333333378 19 156 0.299200416666667 0.0950516666666667
214.933333333397 18 157 0.298791884057971 0.0918811594202899
216.933333333398 17 158 0.309590833333333 0.0945866666666667
237.933333333415 16 159 0.236118492063492 0.0923109523809524
240.933333333417 15 159 0.217392777777778 0.118775555555556
245.933333333421 14 160 0.19509 0.0917413333333333
474.516666666564 13 161 0.178581472839958 0.0841825665329931
600 13 161 0.166987295081969 0.0857066895822316
