# New log 28/04/2014 00:07:42
1 128 128 4.75141 3.07776833333333
4.04999999999999 127 126 3.88283333333333 2.2658131147541
5.06666666666665 125 126 3.59386393442623 0.719516393442623
6.08333333333332 125 124 4.93759344262295 0.565959016393443
7.09999999999998 122 125 5.05515245901639 1.07716557377049
8.09999999999998 120 125 4.42872333333333 1.50139166666667
9.10000000000003 120 124 3.74759666666667 1.18547166666667
10.1000000000001 117 122 7.22356666666667 0.570348333333333
11.1000000000001 115 121 6.023925 1.28861333333333
12.1000000000002 112 123 5.599515 0.799201666666667
13.1000000000002 111 122 5.46586166666667 0.739713333333333
14.1000000000003 108 124 3.88501 0.296135
15.1000000000003 107 123 3.006285 0.336618333333333
16.1000000000004 106 124 5.01068833333333 0.201388333333333
17.116666666667 105 124 4.18847213114754 0.258326229508197
18.1333333333336 105 123 3.57754098360656 0.49267868852459
19.1500000000002 104 123 3.57469016393443 0.345404918032787
20.1666666666668 102 122 3.02356557377049 0.519526229508197
21.1833333333334 102 121 6.50599508196721 0.757359016393443
22.2 101 120 4.55249016393443 1.32234262295082
24.2333333333332 99 119 5.86828524590164 0.822886885245902
25.2499999999998 97 119 7.03406229508197 0.551108196721312
26.2666666666665 95 121 4.99932786885246 0.451295081967213
28.2999999999997 94 121 2.43816475409836 0.229980327868852
29.3166666666663 91 122 2.60074590163934 0.143932786885246
30.3333333333329 90 122 2.26235573770492 0.161383606557377
31.3499999999995 90 121 1.85387868852459 0.145008196721311
32.3666666666661 90 119 3.14931967213115 0.357760655737705
33.3833333333327 89 119 2.52185573770492 0.143345901639344
35.4166666666659 88 119 2.72344754098361 0.142908196721311
36.4333333333325 87 120 2.52303278688525 0.170559016393443
37.4499999999992 87 119 2.0837393442623 0.291640983606557
38.4666666666658 86 120 3.73019672131148 0.506213114754098
39.4833333333324 84 120 4.25649672131148 0.901988524590164
40.499999999999 84 119 4.71780163934426 0.822768852459016
41.5166666666656 82 120 5.08591803278689 0.874332786885246
45.583333333332 81 121 4.08412991803279 0.805939344262295
46.5999999999986 80 119 1.80899180327869 0.779396721311475
47.6166666666652 80 118 3.36273770491803 0.782509836065574
48.6333333333319 80 117 2.0907131147541 0.748268852459016
49.6499999999985 79 118 2.64214098360656 1.43046229508197
51.6833333333317 77 118 4.80061803278689 1.20477295081967
53.7166666666649 77 117 4.32375737704918 1.35952459016393
55.7499999999981 74 119 3.01263852459017 2.03292868852459
56.7666666666647 73 120 2.87424754098361 1.58013770491803
57.7833333333313 72 120 2.59212950819672 1.16146557377049
58.7999999999979 70 121 2.92267868852459 2.66669016393443
60.8333333333312 69 122 4.07845901639344 2.06952786885246
63.883333333331 68 121 2.61091147540984 2.00043387978142
64.8999999999976 68 120 3.99375573770492 2.23937213114754
65.9166666666642 68 119 2.88616721311475 2.35168852459016
67.9499999999974 66 120 2.96168852459016 1.76238524590164
72.0166666666639 61 122 2.58610040983606 1.51661598360656
73.0333333333305 60 122 1.6825393442623 1.24098196721311
75.0666666666637 59 123 1.97705491803279 1.60302049180328
79.1333333333301 58 123 2.43988360655738 1.83890450819672
83.1999999999966 57 124 2.06843483606557 1.7487487704918
84.2166666666632 56 125 2.14161967213115 1.56538524590164
86.2499999999964 55 126 1.6849237704918 1.58093278688525
88.2833333333296 54 126 1.45078524590164 1.19423032786885
90.3166666666628 54 124 1.70291639344262 1.30406393442623
91.3333333333294 51 125 1.67852131147541 1.32220491803279
92.349999999996 50 126 2.89456721311476 1.34772131147541
93.3666666666627 50 125 1.92887540983607 1.16176229508197
95.3999999999959 49 126 1.53909836065574 1.22674754098361
96.4166666666625 47 128 1.4034 0.841062295081967
97.4333333333291 47 127 1.24630983606557 0.662724590163934
100.483333333329 46 128 1.36004972677596 0.679712568306011
101.499999999996 44 130 1.25396885245902 0.818886885245902
104.549999999995 43 130 1.18075846994536 0.728437158469945
105.566666666662 42 131 1.47809180327869 1.50776885245902
106.583333333329 41 132 1.18323770491803 1.67660655737705
117.766666666661 40 132 1.14917257824143 0.902482265275708
123.866666666661 39 133 1.04449043715847 0.292453005464481
124.883333333328 38 134 1.00870655737705 0.330996721311475
127.933333333327 37 134 0.849081420765028 0.292243169398907
128.933333333328 36 135 0.779431666666667 0.290063333333333
130.93333333333 35 135 0.841811666666667 0.298678333333333
134.933333333333 34 136 0.77427125 0.245835416666667
137.933333333335 33 136 1.29818944444444 0.694727222222222
145.933333333342 33 135 1.593495625 1.0242825
157.933333333351 32 135 0.878623888888889 0.575085138888889
160.933333333354 31 135 0.776232777777778 0.372111666666667
161.933333333354 31 134 0.714888333333333 0.30278
162.933333333355 31 133 0.643445 0.23117
163.933333333356 30 134 0.774381666666667 0.312238333333333
169.933333333361 29 135 0.626879444444445 0.258526111111111
176.933333333366 27 136 0.59896 0.252855238095238
182.933333333371 26 137 0.717720555555556 0.345409444444444
211.933333333394 26 136 0.546715172413793 0.256496379310345
215.933333333397 25 137 0.53541375 0.26109875
219.933333333401 24 137 0.487754583333334 0.247235416666667
224.933333333404 23 137 0.465241333333334 0.312758666666667
227.933333333407 22 138 0.460738333333334 0.253917777777778
246.933333333422 21 138 0.452715350877193 0.246692192982456
262.033333333424 20 138 0.450019426048565 0.247301876379691
273.216666666747 20 137 0.448696572280178 0.245150968703428
277.28333333341 19 138 0.458772131147541 0.240300819672131
313.883333333377 18 139 0.411211247723133 0.249584471766849
600 18 139 0.356106859667483 0.136390466224858
