# New log 28/04/2014 00:06:11
1 128 128 1.711285 4.72166166666667
3.03333333333333 125 129 1.01557049180328 0.943251639344262
4.04999999999999 122 130 0.865134426229508 1.10986229508197
5.06666666666665 121 131 0.810101639344263 0.414631147540984
6.08333333333332 118 133 1.27274262295082 0.28565737704918
7.09999999999998 116 133 0.899747540983607 0.429849180327869
9.10000000000003 115 132 1.07257333333333 0.481091666666667
10.1000000000001 112 134 0.972125 0.421131666666667
11.1000000000001 111 135 1.00637666666667 0.412115
12.1000000000002 110 135 0.93233 0.157068333333333
13.1000000000002 108 137 1.35292833333333 0.472486666666667
14.1000000000003 105 137 0.873048333333333 0.343253333333333
15.1000000000003 100 142 1.33892 0.381976666666667
16.1000000000004 99 143 0.933701666666667 0.273283333333333
17.116666666667 96 145 1.22227704918033 0.322572131147541
18.1333333333336 95 146 1.08041803278689 0.249822950819672
20.1666666666668 93 148 0.894018852459016 0.216031967213115
21.1833333333334 90 148 0.902186885245902 0.30025737704918
22.2 88 149 0.821906557377049 0.115872131147541
23.2166666666666 88 148 0.76567868852459 0.383650819672131
24.2333333333332 87 148 0.781991803278688 0.849093442622951
25.2499999999998 86 149 1.84006393442623 0.968631147540984
26.2666666666665 84 151 0.79307868852459 1.00580163934426
27.2833333333331 83 151 0.768288524590164 0.876418032786885
29.3166666666663 83 150 0.784730327868852 0.679941803278688
30.3333333333329 82 151 0.734431147540984 0.735122950819672
31.3499999999995 80 152 0.686267213114754 0.599081967213115
32.3666666666661 76 153 0.692085245901639 0.592777049180328
36.4333333333325 74 153 0.693898770491804 0.584465573770492
37.4499999999992 73 154 0.695401639344262 0.538772131147541
38.4666666666658 72 154 0.710514754098361 0.567019672131148
40.499999999999 70 156 0.664990163934426 0.646223770491803
41.5166666666656 69 156 0.675524590163935 0.723970491803279
42.5333333333322 63 160 2.01344590163934 1.01238196721311
44.5666666666654 60 160 0.778083606557377 0.551256557377049
46.5999999999986 59 161 0.609091803278689 0.605533606557377
47.6166666666652 58 162 0.578344262295082 0.52326393442623
50.6666666666651 57 163 0.598874863387978 0.61736174863388
52.6999999999983 57 162 0.692627049180328 0.670419672131148
53.7166666666649 55 162 0.522618032786885 0.515249180327869
54.7333333333315 55 161 0.557788524590164 0.602149180327869
55.7499999999981 54 162 0.592131147540983 0.542644262295082
56.7666666666647 52 164 0.577475409836065 0.591426229508197
59.8166666666646 51 165 0.570702732240437 0.550607103825137
61.8499999999978 49 167 0.501767213114754 0.531227868852459
62.8666666666644 49 166 0.651037704918033 1.42160819672131
64.8999999999976 48 167 0.519990983606557 0.860593442622951
65.9166666666642 47 168 0.471949180327869 0.564149180327869
66.9333333333308 47 167 0.494355737704918 0.558624590163935
67.9499999999974 46 166 0.494304918032787 0.665516393442623
69.9833333333306 45 166 0.45557131147541 0.571696721311475
70.9999999999973 45 165 0.498311475409836 0.612373770491803
72.0166666666639 44 165 0.484444262295082 0.56223606557377
73.0333333333305 43 166 0.463 0.578773770491803
76.0833333333303 40 169 0.571565027322405 0.589144262295082
81.1666666666633 39 169 0.386928196721311 0.643455409836066
82.18333333333 37 169 0.403560655737705 0.553895081967213
85.2333333333298 34 171 0.329090710382514 0.528971584699454
86.2499999999964 34 170 0.316991803278689 0.537090163934426
90.3166666666628 33 171 0.328347131147541 0.576208606557377
92.349999999996 32 172 0.361256557377049 0.534054918032787
94.3833333333293 31 173 0.372587704918033 0.553231967213115
95.3999999999959 30 173 0.343513114754098 0.548409836065574
97.4333333333291 29 173 0.323540163934426 0.538234426229508
99.4666666666623 28 174 0.328709836065574 0.535329508196721
102.516666666662 27 175 0.307280327868852 0.512236065573771
103.533333333329 26 175 0.25857868852459 0.615886885245902
106.583333333329 26 174 0.274551912568306 0.569194535519126
107.599999999995 26 173 0.462195081967213 1.06818852459016
108.616666666662 24 174 0.455398360655738 1.04359016393443
110.649999999995 23 174 0.311899180327869 0.795561475409836
111.666666666662 22 175 0.301383606557377 0.555972131147541
112.683333333328 20 177 0.209195081967213 0.513788524590164
115.733333333328 19 177 0.168002732240437 0.524093442622951
117.766666666661 18 178 0.152013114754098 0.531813114754098
121.833333333328 17 178 0.157425 0.520760655737705
143.93333333334 16 179 0.160739819004525 0.524424811463047
145.933333333342 15 179 0.122879166666667 0.521944166666667
150.933333333346 14 180 0.1327 0.531954
151.933333333346 13 180 0.136816666666667 0.517313333333333
159.933333333353 11 181 0.135861875 0.522952916666667
160.933333333354 10 182 0.118826666666667 0.514955
162.933333333355 10 181 0.1246925 0.514314166666667
165.933333333358 10 180 0.109727222222222 0.51801
167.933333333359 9 180 0.0997325 0.515455
169.933333333361 8 181 0.0878383333333333 0.516136666666667
182.933333333371 7 181 0.0759821794871795 0.517251153846154
186.933333333374 6 182 0.0622258333333333 0.514818333333333
193.93333333338 5 183 0.0593719047619048 0.517838333333333
194.933333333381 4 184 0.0405883333333333 0.518225
600 4 184 0.0405348740704236 0.518766703644357
