# New log 28/04/2014 00:43:09
1 128 128 1.68668333333333 4.16511833333333
3.03333333333333 127 129 1.05485163934426 0.732955737704918
4.04999999999999 123 131 1.60548852459016 1.76333442622951
5.06666666666665 120 131 1.25823770491803 0.769409836065574
6.08333333333332 118 133 1.10530327868852 0.835345901639344
7.09999999999998 116 134 1.29334918032787 0.143139344262295
8.09999999999998 115 135 0.969186666666667 0.749571666666667
10.1000000000001 113 136 0.83367 0.658681666666667
11.1000000000001 111 136 0.843305 0.732116666666667
13.1000000000002 109 138 0.828696666666667 0.575049166666667
14.1000000000003 106 141 1.12315 0.386835
15.1000000000003 105 141 0.754938333333333 0.332236666666667
16.1000000000004 103 142 1.122565 0.785256666666667
17.116666666667 103 140 0.956104918032787 0.423465573770492
18.1333333333336 101 140 0.94122131147541 0.954819672131147
19.1500000000002 100 139 0.866465573770491 1.3898393442623
20.1666666666668 98 140 0.799595081967213 0.916347540983607
21.1833333333334 97 141 1.3520868852459 1.75031803278689
22.2 96 140 1.60878196721312 2.23644590163934
23.2166666666666 95 140 1.02444262295082 1.72066393442623
24.2333333333332 95 139 0.756424590163934 1.39898360655738
25.2499999999998 93 141 0.73026393442623 1.6041
26.2666666666665 92 141 0.69952131147541 1.27055245901639
27.2833333333331 92 140 0.73754262295082 1.44481639344262
28.2999999999997 91 141 0.8228 0.43535737704918
29.3166666666663 90 142 0.784134426229508 0.264896721311475
30.3333333333329 89 142 0.705145901639344 0.657185245901639
31.3499999999995 88 143 0.692034426229509 0.576293442622951
32.3666666666661 86 144 0.669109836065574 1.73246721311475
34.3999999999993 85 145 0.905308196721312 2.17510409836066
35.4166666666659 84 146 0.695773770491803 3.38816721311475
36.4333333333325 82 147 0.709890163934426 3.09609016393443
37.4499999999992 80 147 0.713291803278688 3.62105245901639
39.4833333333324 79 148 0.69963524590164 4.26056885245902
41.5166666666656 78 149 0.694106557377049 2.55552786885246
42.5333333333322 76 150 0.663393442622951 4.25113114754098
43.5499999999988 75 151 0.593090163934426 2.83328852459016
46.5999999999986 73 151 0.611664480874317 1.42941420765027
47.6166666666652 72 152 0.567375409836065 1.15804754098361
48.6333333333319 71 152 0.541101639344262 1.31864426229508
49.6499999999985 69 153 0.582329508196721 0.95024262295082
50.6666666666651 68 153 0.797111475409836 1.37258032786885
51.6833333333317 67 154 0.623908196721311 0.264719672131148
53.7166666666649 67 152 0.878499180327869 0.807487704918033
54.7333333333315 65 154 0.960149180327869 0.64385737704918
55.7499999999981 62 156 1.08884918032787 0.770568852459016
56.7666666666647 61 156 0.968540983606558 1.24480491803279
57.7833333333313 60 156 0.638240983606557 1.20999672131148
58.7999999999979 59 156 0.590952459016394 1.68789836065574
59.8166666666646 57 157 0.612040983606558 1.80431803278689
60.8333333333312 54 159 0.519680327868852 1.82889180327869
61.8499999999978 53 160 0.619739344262295 0.757216393442623
62.8666666666644 51 161 0.395473770491803 0.543793442622951
63.883333333331 49 163 0.345144262295082 0.709696721311475
65.9166666666642 49 162 0.368829508196722 1.92415327868852
67.9499999999974 47 163 0.360802459016393 4.0937237704918
72.0166666666639 46 163 0.403261475409836 3.98259426229508
76.0833333333303 46 162 0.398695901639345 3.16719303278689
77.0999999999969 45 163 0.394822950819672 3.13895901639344
79.1333333333301 44 164 0.733054098360656 0.496908196721312
80.1499999999967 43 164 0.3758 0.179013114754098
82.18333333333 42 165 0.392162295081967 0.758859016393443
83.1999999999966 39 168 0.304198360655738 1.25466393442623
84.2166666666632 38 169 0.476826229508197 1.13558032786885
85.2333333333298 37 170 0.472591803278688 0.285050819672131
91.3333333333294 36 171 0.311695355191257 0.0644508196721311
92.349999999996 35 171 0.283368852459017 0.124031147540984
102.516666666662 34 172 0.24730868852459 0.120021475409836
106.583333333329 33 172 0.253796721311475 0.026772131147541
107.599999999995 32 173 0.287585245901639 0.120804918032787
109.633333333328 31 172 0.267810655737705 0.0358508196721311
110.649999999995 29 173 0.238034426229508 0.0444459016393443
113.699999999995 28 174 0.206110382513661 0.0884371584699454
115.733333333328 26 175 0.186570491803279 0.153482786885246
117.766666666661 25 176 0.173759016393443 0.177405737704918
122.849999999994 24 177 0.173611147540984 0.166262295081967
127.933333333327 23 177 0.170722295081967 0.0793514754098361
138.933333333336 22 178 0.176903939393939 0.0195571212121212
139.933333333337 21 178 0.160326666666667 0.000185
140.933333333338 19 179 0.150535 0.00022
142.933333333339 18 180 0.151171666666667 0.0001725
144.933333333341 18 179 0.150925 0.000165
150.933333333346 17 180 0.137354166666667 0.000170277777777778
179.933333333369 17 179 0.128786264367816 0.000184310344827586
180.933333333369 16 180 0.118401666666667 0.000175
191.933333333378 15 181 0.107362575757576 0.000187727272727273
194.933333333381 14 182 0.102666666666667 0.000168333333333333
600 14 182 0.0885137433748326 0.000179234972677596
