# New log 28/04/2014 00:45:59
1 128 128 2.18734833333333 0.55604
5.06666666666665 126 126 1.82906352459016 0.575494672131148
6.08333333333332 125 125 3.35741803278689 1.11064098360656
7.09999999999998 125 124 3.58914590163935 1.02219344262295
8.09999999999998 124 123 3.71085666666667 0.88901
9.10000000000003 123 123 4.758245 1.02628666666667
10.1000000000001 122 120 4.34704666666667 0.923881666666667
11.1000000000001 121 121 6.030325 2.01136333333333
12.1000000000002 119 123 7.12483 1.94092166666667
13.1000000000002 117 124 3.58765833333333 0.596775
14.1000000000003 116 123 2.469665 0.604698333333333
15.1000000000003 114 123 2.238745 0.772408333333333
16.1000000000004 112 124 1.772875 0.231806666666667
17.116666666667 111 123 1.59817213114754 0.19922131147541
18.1333333333336 109 125 2.16755573770492 0.141698360655738
19.1500000000002 108 124 2.44737868852459 0.188326229508197
20.1666666666668 106 124 2.79054262295082 0.242819672131148
21.1833333333334 105 125 3.34360655737705 0.357090163934426
22.2 103 126 2.85173442622951 0.368488524590164
23.2166666666666 101 127 1.81774262295082 0.239914754098361
24.2333333333332 99 128 1.67278196721312 0.148934426229508
25.2499999999998 98 129 1.94734262295082 0.376790163934426
26.2666666666665 96 130 2.39999016393443 0.265124590163934
27.2833333333331 95 130 2.14310327868852 0.350924590163934
28.2999999999997 93 130 2.59820983606557 0.366801639344262
29.3166666666663 92 130 1.87470327868852 0.141683606557377
30.3333333333329 90 132 1.95720491803279 0.181981967213115
31.3499999999995 89 133 2.21515901639344 0.149334426229508
32.3666666666661 87 134 1.68751967213115 0.398636065573771
33.3833333333327 86 134 1.05105901639344 0.286965573770492
34.3999999999993 84 135 0.84925737704918 0.0721508196721311
35.4166666666659 83 135 1.77919344262295 0.0942147540983607
36.4333333333325 81 136 1.19479016393443 0.182080327868852
37.4499999999992 78 136 1.46717213114754 0.365396721311475
40.499999999999 75 138 0.897024590163934 0.261309836065574
41.5166666666656 75 137 1.03389016393443 0.341572131147541
43.5499999999988 75 136 0.853222131147541 0.185238524590164
45.583333333332 75 134 1.66432950819672 0.277043442622951
46.5999999999986 74 134 2.55553442622951 0.270440983606557
47.6166666666652 73 134 2.34025737704918 0.132647540983607
51.6833333333317 72 134 3.03697622950819 0.312060655737705
53.7166666666649 72 133 3.44249508196721 0.175696721311475
55.7499999999981 71 132 2.7627606557377 0.249659016393443
56.7666666666647 70 132 2.16886557377049 0.860644262295082
60.8333333333312 68 133 2.35202418032787 1.22597950819672
62.8666666666644 66 135 1.73618442622951 1.54648196721311
63.883333333331 65 135 1.2209262295082 0.802781967213115
64.8999999999976 63 136 0.835219672131148 0.705740983606557
66.9333333333308 62 135 0.868446721311475 0.469552459016393
70.9999999999973 61 136 1.11701229508197 1.57019754098361
76.0833333333303 59 137 0.733726229508197 0.65293737704918
77.0999999999969 59 136 0.743019672131148 0.374727868852459
78.1166666666635 59 135 0.737363934426229 0.563473770491803
79.1333333333301 58 134 0.789672131147541 0.78903606557377
82.18333333333 57 135 1.09695573770492 1.24266284153005
84.2166666666632 56 136 1.04244590163934 1.93745819672131
89.2999999999962 55 137 0.897001967213114 1.69731540983607
90.3166666666628 55 136 0.719404918032787 0.848096721311476
91.3333333333294 54 136 0.697383606557377 0.43614262295082
93.3666666666627 52 136 0.989784426229508 0.185527049180328
95.3999999999959 51 136 1.47701967213115 0.194722950819672
100.483333333329 50 137 2.61845803278688 0.310504262295082
102.516666666662 48 139 3.19444754098361 0.337725409836066
103.533333333329 48 138 2.62929180327869 0.248862295081967
107.599999999995 47 138 1.79918729508197 0.125359426229508
108.616666666662 46 138 2.46464098360656 0.0607377049180328
111.666666666662 45 139 2.24208852459016 0.0592601092896175
118.783333333328 44 139 0.425592740046838 0.0137620608899297
119.799999999994 44 138 0.492934426229508 0.0271475409836066
129.933333333329 43 137 0.451863322368421 0.0181274671052632
133.933333333332 43 136 0.44696875 0.0386854166666667
134.933333333333 42 137 0.746701666666667 0.0453116666666667
138.933333333336 41 137 0.620178749999999 0.0195408333333333
140.933333333338 40 138 0.356073333333333 0.00139083333333333
142.933333333339 39 137 0.368615 0.0213975
153.933333333348 38 137 0.360794545454545 0.0122786363636364
154.933333333349 37 137 0.30947 0.0246866666666667
161.933333333354 36 137 0.362753095238095 0.0140869047619048
171.933333333362 36 135 1.313238 0.031302
176.933333333366 35 135 2.44703933333333 0.07834
181.93333333337 34 136 1.88654333333333 0.0657513333333333
184.933333333373 34 135 0.280833333333333 0.00469833333333333
192.933333333379 33 136 0.330483333333334 0.220760625
203.933333333388 33 135 0.319194848484849 0.141005606060606
213.933333333396 32 135 0.888383 0.139065166666667
214.933333333397 31 135 0.49021 0.0369966666666667
222.933333333403 30 136 0.27508625 0.00440083333333333
237.933333333415 29 137 0.255196777777778 0.0225816666666667
251.933333333426 28 138 0.334198571428571 0.00701940476190476
252.933333333427 28 137 0.249403333333333 0.000225
264.066666666755 27 138 0.319704341317366 0.00109580838323353
285.416666666736 26 138 0.231925917252147 0.00224332552693208
305.750000000051 26 137 0.287136557377049 0.0382541803278689
317.950000000039 26 136 0.766449043715847 0.0512588797814208
324.050000000034 25 136 0.89571174863388 0.12406693989071
343.366666666683 24 136 0.91768636755824 0.230573339085418
345.400000000015 24 135 0.293256557377049 0.0250295081967213
361.666666666666 24 134 0.308010450819672 0.0379885245901639
365.733333333329 23 135 0.317618442622951 0.0412290983606557
374.883333333321 22 135 0.270496174863388 0.0622617486338798
388.099999999976 21 136 0.253072257250946 0.0507883984867592
394.19999999997 21 135 0.231224863387978 0.0430882513661202
396.233333333302 20 136 0.219227868852459 0.0235844262295082
600 20 136 0.220079316532096 0.000228578419378517
