# New log 28/04/2014 00:44:25
1 128 128 4.05727 1.323235
4.04999999999999 128 126 2.83750765027322 0.88903825136612
5.06666666666665 128 125 3.34079344262295 1.07908360655738
6.08333333333332 127 124 3.48723442622951 1.1202262295082
7.09999999999998 127 122 4.08050491803279 1.16629508196721
8.09999999999998 126 122 3.72479833333333 1.307895
9.10000000000003 126 117 3.178025 0.97458
10.1000000000001 124 119 4.83341333333333 1.593205
11.1000000000001 123 119 6.99414666666666 1.07993333333333
12.1000000000002 120 118 5.55925833333333 0.99303
13.1000000000002 120 117 7.58239 0.914258333333333
14.1000000000003 118 118 6.788245 1.02883833333333
15.1000000000003 117 116 5.04953666666667 1.14120833333333
16.1000000000004 116 116 5.98463 1.678845
17.116666666667 114 116 7.06929016393443 1.57048524590164
18.1333333333336 112 116 8.48445081967213 1.63823770491803
20.1666666666668 107 119 9.38604672131148 0.863133606557377
22.2 106 117 8.61134262295082 0.984587704918033
23.2166666666666 104 118 8.12991147540983 0.665511475409836
24.2333333333332 104 117 5.78204262295082 1.42245245901639
25.2499999999998 103 118 5.74088196721312 1.44555081967213
26.2666666666665 102 118 5.93464098360656 1.47019836065574
27.2833333333331 99 121 4.67766393442623 1.3952
28.2999999999997 96 121 4.16566393442623 0.482039344262295
29.3166666666663 95 121 4.53111967213115 5.02821967213115
30.3333333333329 94 122 4.43772295081967 4.15338360655738
31.3499999999995 93 123 2.93371147540984 2.59471147540984
32.3666666666661 91 124 2.0573606557377 0.386634426229508
33.3833333333327 90 125 1.99655409836066 0.242114754098361
35.4166666666659 89 125 2.35007540983607 1.07155245901639
36.4333333333325 89 124 1.77404426229508 0.161518032786885
37.4499999999992 87 126 1.84843278688525 0.205180327868852
38.4666666666658 86 125 2.62842131147541 0.341754098360656
39.4833333333324 86 122 2.71107049180328 0.482847540983607
40.499999999999 85 123 2.68934098360656 0.585906557377049
41.5166666666656 84 124 1.84806557377049 0.405290163934426
42.5333333333322 83 124 1.5501868852459 0.0934540983606557
43.5499999999988 81 126 2.66152786885246 0.161324590163934
44.5666666666654 81 124 2.53144754098361 0.197026229508197
45.583333333332 81 123 1.79585409836066 0.293259016393443
49.6499999999985 81 122 2.31280450819672 0.720897540983607
52.6999999999983 80 121 2.34061147540984 0.518585792349727
53.7166666666649 79 121 1.84504426229508 1.02159672131148
54.7333333333315 79 119 1.94973770491803 1.03873606557377
55.7499999999981 78 119 1.96093606557377 1.15675081967213
56.7666666666647 77 120 1.62745409836066 1.31591147540984
58.7999999999979 77 119 1.50011721311475 1.14380819672131
59.8166666666646 75 121 1.62443278688525 0.81584262295082
60.8333333333312 74 121 1.8785393442623 1.04043770491803
61.8499999999978 73 120 1.55800655737705 0.924131147540984
62.8666666666644 72 121 1.89120491803279 1.28796885245902
63.883333333331 71 121 1.33650163934426 0.896760655737705
64.8999999999976 70 122 1.43505409836066 1.09689508196721
65.9166666666642 69 122 1.30864262295082 2.03855081967213
66.9333333333308 68 122 1.2178393442623 2.10080327868852
69.9833333333306 67 123 1.39040655737705 2.74538032786885
70.9999999999973 65 124 1.93497868852459 1.54327704918033
72.0166666666639 65 123 3.18966557377049 1.61161639344262
76.0833333333303 65 122 1.63330614754099 1.93975327868852
78.1166666666635 64 122 1.2190737704918 2.2136368852459
81.1666666666633 63 123 1.5281131147541 1.3604650273224
83.1999999999966 61 122 1.32915081967213 1.26671967213115
85.2333333333298 60 123 1.30363196721312 2.96371393442623
86.2499999999964 59 124 1.4497131147541 1.26612786885246
87.266666666663 58 124 1.63447049180328 1.27154918032787
93.3666666666627 57 124 1.33283934426229 0.954698360655738
95.3999999999959 56 125 1.08790573770492 0.102395081967213
96.4166666666625 55 125 0.99144262295082 0.0290360655737705
97.4333333333291 55 124 1.43949836065574 0.0704049180327869
99.4666666666623 55 123 1.31920819672131 0.090394262295082
100.483333333329 54 124 1.09003114754098 0.081172131147541
105.566666666662 53 124 1.13008655737705 0.0904947540983607
109.633333333328 52 124 1.11499795081967 0.0495573770491803
121.833333333328 51 124 1.04310300546448 0.049276912568306
129.933333333329 51 123 0.958558230452675 0.0372594650205761
131.93333333333 50 124 0.967084166666666 0.0458258333333333
135.933333333334 48 126 0.9388625 0.0378241666666667
139.933333333337 48 125 0.928902916666667 0.0363725
140.933333333338 47 125 0.900426666666667 0.03632
141.933333333338 46 126 0.89255 0.03471
143.93333333334 45 127 0.866821666666667 0.0323491666666667
144.933333333341 44 128 0.643068333333334 0.0339383333333333
145.933333333342 43 129 0.607003333333333 0.0196866666666667
146.933333333342 42 130 0.566458333333333 0.02272
157.933333333351 41 131 0.572770606060606 0.023005
158.933333333352 41 130 0.530471666666667 0.0297216666666667
164.933333333357 41 129 0.554369999999999 0.0256925
169.933333333361 40 130 0.624718333333334 0.0248926666666667
170.933333333362 40 128 0.558731666666667 0.0203183333333333
175.933333333365 39 129 0.577713666666666 0.054109
179.933333333369 38 130 0.539515833333333 0.0234195833333333
183.933333333372 38 129 0.521532083333333 0.02824375
191.933333333378 38 128 0.540427291666667 0.0853445833333333
198.933333333384 37 129 0.726344285714286 0.394713095238095
199.933333333385 36 130 0.656251666666667 0.186865
204.933333333389 35 131 0.605811666666667 0.277697333333333
207.933333333391 34 131 0.610687777777778 0.385522777777778
209.933333333393 34 130 0.741985833333333 0.535734166666667
214.933333333397 34 129 0.977638666666667 0.91381
215.933333333397 33 130 2.78758333333333 0.382733333333333
227.933333333407 32 131 0.585933194444445 0.209965833333333
231.93333333341 31 131 0.512130833333333 0.16368875
244.93333333342 30 131 1.00196551282051 0.06324
248.933333333424 29 132 0.43873375 0.00302375
251.933333333426 28 133 0.447667222222222 0.0116638888888889
254.933333333428 27 133 0.396668888888889 0.000496111111111111
256.950000000095 27 132 0.497702479338843 0.0154438016528926
261.016666666758 26 133 0.390784836065574 0.00245491803278689
276.266666666744 25 133 0.354044371584699 0.00109300546448087
600 25 133 0.339543291022149 0.000209203967315895
