# New log 28/04/2014 00:30:19
1 128 128 4.20608166666667 2.10347833333333
3.03333333333333 128 127 2.32308114754098 1.0235868852459
5.06666666666665 126 127 2.31489016393443 0.929739344262295
6.08333333333332 126 126 3.41200983606557 3.34066229508197
7.09999999999998 125 125 2.50268032786885 0.851154098360656
9.10000000000003 123 125 3.655 1.02089833333333
10.1000000000001 122 126 4.14544666666667 0.82594
11.1000000000001 120 127 3.61609333333333 0.599818333333333
12.1000000000002 119 128 3.70730833333333 1.00019
13.1000000000002 117 130 4.19120833333333 1.07093166666667
14.1000000000003 116 129 3.41399333333333 0.749346666666667
15.1000000000003 114 131 3.37164666666667 0.851108333333333
16.1000000000004 112 132 3.68148666666667 0.715241666666667
17.116666666667 110 131 3.75871803278689 0.400870491803279
18.1333333333336 108 132 3.25142459016393 0.217062295081967
19.1500000000002 106 132 3.75114590163934 0.233047540983607
20.1666666666668 105 132 3.76340491803279 1.07762459016393
21.1833333333334 104 133 2.34480327868852 0.26187868852459
22.2 103 132 2.34339836065574 0.151998360655738
23.2166666666666 100 134 2.69913934426229 0.273524590163934
24.2333333333332 99 135 2.6628606557377 0.789291803278689
25.2499999999998 98 136 3.23823114754098 0.621598360655738
26.2666666666665 95 138 3.40515409836066 0.501437704918033
27.2833333333331 93 137 3.88387049180328 0.669491803278689
28.2999999999997 93 135 3.14944754098361 0.296183606557377
29.3166666666663 92 135 2.67743278688525 0.278747540983607
30.3333333333329 92 134 1.57695737704918 0.0841672131147541
31.3499999999995 91 134 3.65927049180328 0.341527868852459
32.3666666666661 91 131 2.81591147540984 0.255708196721311
33.3833333333327 90 132 2.39293606557377 0.2621
34.3999999999993 87 133 2.55533278688525 0.482275409836066
35.4166666666659 85 134 2.86155081967213 1.39557049180328
36.4333333333325 84 134 1.74975245901639 0.256295081967213
38.4666666666658 82 136 1.87473770491803 0.362505737704918
39.4833333333324 81 135 1.52915081967213 0.286427868852459
40.499999999999 80 135 1.40283114754098 0.0182934426229508
42.5333333333322 78 135 1.42034508196721 0.0939336065573771
43.5499999999988 77 135 1.37052459016393 0.164580327868852
44.5666666666654 76 135 1.78426229508197 0.523377049180328
45.583333333332 72 139 1.32744590163934 0.120262295081967
47.6166666666652 71 139 1.36698360655738 0.221677049180328
48.6333333333319 70 139 1.36875081967213 0.137027868852459
50.6666666666651 69 137 1.86285737704918 0.492290983606557
51.6833333333317 68 138 1.69421147540984 0.97207868852459
52.6999999999983 68 137 1.81082295081967 0.50993606557377
53.7166666666649 68 136 1.37190163934426 0.257631147540984
54.7333333333315 68 135 1.52261639344262 0.267891803278689
55.7499999999981 67 136 1.90258524590164 0.30434262295082
56.7666666666647 67 135 1.79658032786885 0.374575409836066
57.7833333333313 65 137 1.41788032786885 0.233749180327869
59.8166666666646 64 138 1.49327950819672 0.383355737704918
60.8333333333312 63 137 1.2487131147541 0.51724262295082
61.8499999999978 62 138 1.22438360655738 0.44304262295082
63.883333333331 61 139 1.61809426229508 0.769131147540984
65.9166666666642 59 140 1.25512950819672 0.370915573770492
66.9333333333308 54 143 1.13502459016393 0.236693442622951
67.9499999999974 54 142 1.18962131147541 0.203945901639344
69.9833333333306 54 141 2.32222950819672 0.306191803278689
72.0166666666639 53 142 0.971887704918033 0.260633606557377
74.0499999999971 52 142 1.38656885245902 0.656976229508197
75.0666666666637 51 143 1.69996885245902 0.813637704918033
83.1999999999966 50 144 1.21077418032787 1.24556557377049
85.2333333333298 50 143 0.943049180327869 0.465100819672131
87.266666666663 49 142 0.971050000000001 0.0347065573770492
88.2833333333296 49 141 1.06785245901639 0.125308196721311
89.2999999999962 48 142 1.27512786885246 0.156195081967213
91.3333333333294 47 142 0.98557868852459 0.0311901639344262
92.349999999996 47 141 0.96916393442623 0.0109
93.3666666666627 44 144 0.862698360655738 0.0289180327868852
94.3833333333293 43 145 0.772339344262295 0.0525245901639344
95.3999999999959 42 146 0.788545901639344 0.0312754098360656
98.4499999999957 42 145 0.907047540983607 0.0962469945355191
99.4666666666623 42 144 0.87434262295082 0.101839344262295
101.499999999996 40 144 0.761798360655738 0.0327163934426229
102.516666666662 40 143 0.756818032786885 0.0276950819672131
105.566666666662 39 144 0.769791256830601 0.0199994535519126
106.583333333329 38 144 0.807634426229509 0.122940983606557
108.616666666662 37 145 0.812405737704918 0.106575409836066
109.633333333328 37 144 0.843160655737705 0.0311672131147541
110.649999999995 35 146 0.788708196721312 0.0554950819672131
116.749999999995 34 147 0.897586338797814 0.348345081967213
119.799999999994 34 146 0.831630054644809 0.128960655737705
120.816666666661 33 146 0.725360655737705 0.0388081967213115
123.866666666661 33 145 0.645125136612022 0.0212584699453552
125.899999999994 32 145 0.665670491803279 0.0169155737704918
128.933333333328 30 147 0.660617032967033 0.0956912087912088
129.933333333329 29 147 0.567395 0.000185
133.933333333332 28 147 0.570269583333333 0.0684475
136.933333333334 26 149 0.514703333333333 0.0316238888888889
139.933333333337 25 150 0.490025555555555 0.0471694444444445
140.933333333338 24 150 0.440248333333333 0.0355233333333333
148.933333333344 22 152 1.05767729166667 0.06324
151.933333333346 21 153 0.716175 0.03032
152.933333333347 21 152 0.372713333333333 0.0002
154.933333333349 20 153 0.470973333333333 0.0186116666666667
168.93333333336 19 153 0.376935833333333 0.00123928571428571
181.93333333337 19 152 0.378136794871795 0.00310166666666667
182.933333333371 18 152 0.40725 0.00305833333333333
191.933333333378 17 153 0.36061037037037 0.00851314814814815
192.933333333379 16 153 0.36199 0.00025
196.933333333382 15 153 0.343920833333334 0.00119958333333333
198.933333333384 15 152 0.302285833333333 0.000215
201.933333333386 14 153 0.307371666666666 0.000416111111111111
209.933333333393 13 153 0.219795 0.000206041666666667
227.933333333407 12 153 0.212606111111112 0.000246481481481481
600 12 153 0.184674676863908 0.00020853794892437
