# New log 28/04/2014 00:31:36
1 128 128 1.92530833333333 0.66186
4.04999999999999 127 129 1.40377322404372 0.571172131147541
6.08333333333332 124 128 1.60135409836066 0.780781147540984
7.09999999999998 122 129 2.90388032786885 1.79135081967213
8.09999999999998 121 130 2.00802333333333 0.96278
9.10000000000003 118 131 1.13920666666667 0.100226666666667
10.1000000000001 117 130 1.72759333333333 0.4602
12.1000000000002 115 132 1.53992416666667 0.27523
13.1000000000002 113 133 1.747945 0.378756666666667
15.1000000000003 113 132 2.46575333333333 0.517794166666667
16.1000000000004 112 132 1.86339 0.510538333333333
17.116666666667 112 131 1.76456721311475 0.429814754098361
18.1333333333336 111 130 1.26043606557377 0.165611475409836
19.1500000000002 111 129 1.17204590163934 0.102845901639344
20.1666666666668 111 128 1.19181639344262 0.0952245901639344
21.1833333333334 110 129 1.34196557377049 0.13806393442623
22.2 109 130 2.87644918032787 0.532468852459016
24.2333333333332 105 131 2.63668196721312 0.427180327868852
25.2499999999998 105 128 2.07648852459016 0.135296721311475
26.2666666666665 104 129 4.4808606557377 0.249375409836066
27.2833333333331 102 130 4.98616885245902 0.237759016393443
28.2999999999997 100 130 5.03936229508197 0.412106557377049
30.3333333333329 98 130 4.81204508196721 0.279934426229508
31.3499999999995 98 129 2.97054098360656 0.247065573770492
32.3666666666661 97 130 2.0663393442623 0.214901639344262
33.3833333333327 96 130 2.58552786885246 0.394245901639344
34.3999999999993 94 129 3.38611147540984 0.666098360655738
35.4166666666659 94 128 5.55165573770492 1.43885245901639
37.4499999999992 91 129 6.12056475409836 1.66602295081967
38.4666666666658 89 130 5.79334426229508 1.41625245901639
39.4833333333324 87 132 5.10371147540983 1.58600327868852
41.5166666666656 85 132 5.16051721311476 1.62617540983607
43.5499999999988 85 131 3.43617786885246 0.822226229508197
45.583333333332 84 130 2.49488114754098 0.495941803278689
46.5999999999986 83 131 1.90058196721311 0.504322950819672
48.6333333333319 82 132 1.50794508196721 0.302665573770492
50.6666666666651 81 133 2.54115573770492 0.36369262295082
52.6999999999983 80 134 3.45573770491804 0.641772131147541
54.7333333333315 79 134 3.16086721311475 0.313499180327869
55.7499999999981 77 136 3.25193442622951 0.324590163934426
57.7833333333313 77 134 3.82279508196721 0.451255737704918
58.7999999999979 74 134 3.39462131147541 0.360375409836066
60.8333333333312 73 134 3.44309508196721 0.354677868852459
61.8499999999978 72 134 3.12687213114754 0.327598360655738
62.8666666666644 71 134 3.71214590163934 0.273006557377049
63.883333333331 69 134 3.39862786885246 0.306481967213115
64.8999999999976 68 134 2.8276131147541 0.250652459016393
65.9166666666642 67 135 4.36130819672131 0.338380327868852
67.9499999999974 65 135 3.56867950819672 0.389523770491803
69.9833333333306 64 136 3.65046475409836 0.378731147540984
70.9999999999973 61 139 4.90967213114754 0.235480327868852
75.0666666666637 61 138 1.43742418032787 0.0929102459016393
76.0833333333303 60 139 1.10354098360656 0.203724590163934
81.1666666666633 57 139 0.972685245901639 0.104065901639344
85.2333333333298 56 139 1.69302459016393 0.111002459016393
88.2833333333296 56 138 1.4829131147541 0.202352459016393
90.3166666666628 55 139 1.70170573770492 0.20389262295082
93.3666666666627 54 139 1.33552513661202 0.141651912568306
94.3833333333293 54 137 2.0818393442623 0.258391803278689
95.3999999999959 52 138 2.3496262295082 0.331983606557377
97.4333333333291 52 137 2.1128893442623 0.312488524590164
98.4499999999957 51 138 2.09491147540984 0.298216393442623
99.4666666666623 50 139 2.06812295081967 0.287162295081967
100.483333333329 48 140 0.949973770491803 0.329729508196721
101.499999999996 48 139 0.921583606557377 0.190595081967213
102.516666666662 47 139 0.909747540983607 0.122911475409836
103.533333333329 46 139 0.833762295081967 0.0679737704918033
104.549999999995 44 139 1.05045901639344 0.299744262295082
106.583333333329 43 139 1.24341557377049 0.167131147540984
107.599999999995 43 138 1.7194131147541 0.175367213114754
108.616666666662 41 139 1.5556606557377 0.267072131147541
109.633333333328 40 140 1.38544426229508 0.427816393442623
110.649999999995 36 142 1.12990819672131 0.383414754098361
112.683333333328 35 143 1.34980737704918 0.293999180327869
114.716666666661 33 145 1.88532540983607 0.961504098360656
115.733333333328 32 146 0.933181967213115 0.187091803278689
117.766666666661 31 147 0.681674590163935 0.0935934426229508
118.783333333328 31 146 0.500206557377049 0.0508672131147541
119.799999999994 30 147 0.461483606557377 0.0566786885245902
120.816666666661 29 148 0.413340983606557 0.0181754098360656
123.866666666661 27 150 0.410059016393443 0.0114644808743169
124.883333333328 26 151 0.367581967213115 0.0430590163934426
125.899999999994 25 152 0.342093442622951 0.00185409836065574
127.933333333327 24 152 0.321815573770492 0.0163680327868852
134.933333333333 24 151 0.550098095238095 0.139055952380952
138.933333333336 23 151 0.589444166666667 0.08982
139.933333333337 22 150 0.361678333333333 0.0727166666666667
140.933333333338 21 150 0.28686 0.04812
144.933333333341 20 151 0.341194166666667 0.0268408333333333
145.933333333342 20 150 0.28392 0.001815
147.933333333343 20 149 2.20943666666667 0.0681941666666667
148.933333333344 19 150 2.00754 0.0559983333333333
164.933333333357 18 151 0.734698437500001 0.2103684375
168.93333333336 17 151 0.209844583333333 0.0114920833333333
169.933333333361 16 151 0.195113333333333 0.0146216666666667
187.933333333375 16 150 0.327630555555556 0.0380958333333333
193.93333333338 15 151 0.190621111111111 0.00828166666666667
198.933333333384 14 152 0.200486666666666 0.008945
199.933333333385 14 151 0.795268333333333 0.068835
203.933333333388 13 152 0.308265416666667 0.0147191666666667
211.933333333394 12 153 0.167049375 0.00808041666666667
216.933333333398 11 154 0.159228 0.00184633333333333
217.933333333399 11 153 0.159153333333333 0.005545
223.933333333404 11 152 0.166898055555555 0.00260166666666667
225.933333333405 10 153 0.149448333333333 0.00122833333333333
256.950000000095 9 154 0.105301934443848 0.00492772702847931
291.51666666673 8 155 0.104155448408872 0.0294717454194793
600 8 155 0.100204243960311 0.001671079594478
