# New log 28/04/2014 00:29:05
1 128 128 1.68881333333333 3.52944
3.03333333333333 128 127 1.21588770491803 0.673049180327869
4.04999999999999 125 129 0.893650819672131 0.744195081967213
6.08333333333332 122 130 1.10141639344262 0.446686065573771
8.09999999999998 122 129 1.40831487603306 1.06647851239669
10.1000000000001 120 131 1.8410975 0.933668333333333
11.1000000000001 117 134 0.860116666666667 1.709275
12.1000000000002 115 135 0.925428333333333 2.00400166666667
13.1000000000002 114 134 0.857826666666667 2.02675833333333
14.1000000000003 112 134 0.82789 2.33260333333333
15.1000000000003 108 137 1.01695833333333 1.67266166666667
16.1000000000004 105 139 0.832676666666667 1.56341833333333
17.116666666667 105 138 0.941198360655738 0.278531147540984
18.1333333333336 104 139 0.767332786885246 0.0794606557377049
19.1500000000002 102 139 1.17935245901639 0.199024590163934
20.1666666666668 100 139 0.736660655737705 0.0278081967213115
21.1833333333334 98 138 0.672409836065574 0.0756885245901639
22.2 97 137 0.695796721311475 0.167313114754098
23.2166666666666 95 137 0.729804918032787 0.122629508196721
25.2499999999998 91 141 1.22186147540984 0.130776229508197
26.2666666666665 90 141 0.693634426229508 0.0105590163934426
27.2833333333331 89 142 1.38912459016393 0.0419540983606557
28.2999999999997 85 143 1.30154590163934 0.048327868852459
29.3166666666663 83 145 1.12869180327869 0.103990163934426
30.3333333333329 82 146 1.11973606557377 0.101740983606557
31.3499999999995 81 146 0.669252459016394 0.0800819672131148
32.3666666666661 79 147 0.744504918032787 0.0751655737704918
34.3999999999993 78 148 0.652247540983606 0.0423745901639344
35.4166666666659 77 149 0.922773770491803 0.225229508196721
36.4333333333325 75 151 0.624481967213115 0.189470491803279
39.4833333333324 74 152 0.616326229508196 0.116718032786885
41.5166666666656 73 153 0.637831147540984 0.0354245901639344
42.5333333333322 72 153 0.620526229508197 0.155677049180328
45.583333333332 71 153 0.782364480874317 0.169551366120219
46.5999999999986 70 154 1.81768360655738 0.0990918032786885
47.6166666666652 69 155 0.534937704918033 0.27442131147541
48.6333333333319 68 155 0.586532786885246 0.360365573770492
54.7333333333315 67 156 0.568632513661202 0.0578855191256831
57.7833333333313 66 157 0.821250819672132 0.14432349726776
59.8166666666646 64 159 0.753790983606557 0.181072950819672
60.8333333333312 64 158 0.622311475409836 0.139173770491803
61.8499999999978 63 159 0.697219672131148 0.243465573770492
63.883333333331 62 159 0.502118852459016 0.0460959016393443
65.9166666666642 61 158 0.501419672131147 0.0528926229508197
66.9333333333308 61 157 0.516072131147541 0.0105196721311475
67.9499999999974 59 158 0.527647540983607 0.454555737704918
68.966666666664 58 158 0.515539344262295 0.870740983606557
70.9999999999973 58 157 0.534438524590164 0.0965426229508197
72.0166666666639 57 158 0.462645901639344 0.381860655737705
74.0499999999971 56 159 0.442401639344262 1.82960245901639
75.0666666666637 55 157 0.421024590163934 0.464691803278689
76.0833333333303 54 158 0.431054098360656 0.966504918032787
77.0999999999969 53 159 0.412581967213115 0.328477049180328
78.1166666666635 52 160 0.415816393442623 0.529080327868853
83.1999999999966 50 162 0.458174098360656 2.21491606557377
87.266666666663 50 161 0.468080327868852 1.97047663934426
88.2833333333296 49 162 0.445760655737705 1.86220163934426
89.2999999999962 48 162 0.524803278688525 3.55143114754098
90.3166666666628 47 163 0.456009836065574 5.31549180327869
91.3333333333294 46 164 0.500355737704918 5.92885409836066
94.3833333333293 46 163 0.482132240437158 5.3857781420765
95.3999999999959 45 164 0.440260655737705 0.0282967213114754
96.4166666666625 44 163 0.395837704918033 0.0823114754098361
97.4333333333291 43 164 0.393406557377049 0.00232786885245902
98.4499999999957 42 165 0.40984262295082 0.0844622950819672
99.4666666666623 40 166 0.409806557377049 0.0139868852459016
102.516666666662 38 166 0.364509836065574 0.0214622950819672
103.533333333329 36 167 0.347644262295082 0.0379737704918033
104.549999999995 35 166 0.368886885245902 0.159890163934426
105.566666666662 34 167 0.318155737704918 0.119280327868852
107.599999999995 33 168 0.306566393442623 0.128401639344262
111.666666666662 32 169 0.292804918032787 0.0425954918032787
115.733333333328 31 170 0.416868852459016 0.00982295081967213
122.849999999994 30 171 0.278254098360656 0.0227941451990632
124.883333333328 29 172 0.263631967213115 0.141036065573771
130.93333333333 28 173 0.252907713498623 0.229727272727273
132.933333333331 27 174 0.212940833333333 0.068425
133.933333333332 26 175 0.201058333333333 0.00017
136.933333333334 25 175 0.195232777777778 0.0230322222222222
148.933333333344 24 176 0.190461666666667 0.0672843055555556
149.933333333345 23 176 0.168486666666667 0.00016
160.933333333354 22 177 0.175902575757576 0.000675606060606061
172.933333333363 22 176 0.172676111111111 0.0001825
173.933333333364 20 178 0.167031666666667 0.00581166666666667
194.933333333381 19 179 0.15262873015873 0.00124690476190476
196.933333333382 18 180 0.130939166666667 0.0001325
229.933333333408 17 180 0.123682676767677 0.000759292929292929
232.933333333411 16 181 0.11413 0.000175
260.000000000092 15 182 0.125071613300493 0.00232678571428571
261.016666666758 14 183 0.101603278688525 0.000186885245901639
289.483333333399 13 184 0.102243032786885 0.000265456674473068
316.933333333374 12 184 0.0943208257437765 0.000166788099574985
357.600000000003 11 185 0.0860968442622949 0.00211364754098361
381.999999999981 10 186 0.0819775273224044 0.00135580601092896
600 10 186 0.0709211666031256 0.000163156690812047
