# New log 27/04/2014 23:28:24
1 128 128 2.00735333333333 0.499125
4.04999999999999 128 127 2.14853989071038 0.675769945355191
5.06666666666665 123 129 2.59087868852459 0.329196721311475
6.08333333333332 120 129 2.49346885245902 0.367191803278689
7.09999999999998 120 128 2.31398852459016 0.456059016393443
8.09999999999998 118 126 2.10458666666667 0.564465
10.1000000000001 118 125 1.28000083333333 0.339783333333333
11.1000000000001 116 126 1.534555 0.361783333333333
12.1000000000002 114 126 2.54014666666667 1.23051333333333
13.1000000000002 113 125 3.75904666666667 1.01951666666667
14.1000000000003 112 124 4.37897833333333 1.61794666666667
15.1000000000003 108 125 4.54340166666667 0.626211666666667
17.116666666667 104 125 4.00249504132232 2.11495619834711
18.1333333333336 101 125 1.71857540983607 0.315424590163934
19.1500000000002 98 126 1.71483770491803 0.239262295081967
20.1666666666668 96 128 2.44276557377049 0.688550819672131
21.1833333333334 91 131 2.2526393442623 1.29945081967213
22.2 89 129 2.18200491803279 1.12938032786885
23.2166666666666 86 131 2.90614754098361 2.48277868852459
24.2333333333332 85 132 2.30517868852459 1.08969344262295
25.2499999999998 84 132 1.39074590163934 1.02527540983607
26.2666666666665 84 131 2.38780491803279 1.17941475409836
27.2833333333331 83 132 2.25150163934426 1.1060737704918
28.2999999999997 80 133 3.20710655737705 1.0155
29.3166666666663 77 134 2.02500327868852 0.768816393442623
30.3333333333329 77 133 2.78161803278689 1.23384918032787
31.3499999999995 75 133 2.40044426229508 0.957918032786885
32.3666666666661 73 133 2.02209508196721 0.320126229508197
33.3833333333327 73 131 1.43563934426229 0.211818032786885
36.4333333333325 72 132 1.40234972677596 0.291631693989071
37.4499999999992 72 131 3.22452950819672 0.391429508196721
38.4666666666658 70 133 3.9696393442623 0.527254098360656
39.4833333333324 66 136 2.78346557377049 0.292745901639344
40.499999999999 65 137 1.21803606557377 0.340793442622951
42.5333333333322 63 138 1.85967540983607 0.364920491803279
45.583333333332 63 137 1.26280819672131 0.366225136612022
46.5999999999986 62 137 1.86773442622951 0.482029508196721
47.6166666666652 62 136 1.56947049180328 0.897762295081967
48.6333333333319 61 137 1.88605901639344 0.7956
49.6499999999985 59 139 2.08777704918033 0.660904918032787
50.6666666666651 58 140 3.55529836065574 0.713775409836066
51.6833333333317 57 141 2.50340655737705 0.671785245901639
52.6999999999983 56 141 2.24876229508197 0.668519672131148
53.7166666666649 53 141 1.81876393442623 0.580308196721312
54.7333333333315 51 143 3.62451147540984 0.189859016393443
56.7666666666647 49 144 1.47822704918033 0.227504098360656
57.7833333333313 48 144 1.27254262295082 0.227716393442623
59.8166666666646 46 145 1.16122704918033 0.227319672131148
60.8333333333312 45 145 0.772283606557377 0.312016393442623
61.8499999999978 44 146 0.968593442622951 0.182031147540984
62.8666666666644 43 147 1.50484262295082 0.208795081967213
64.8999999999976 40 149 0.77560737704918 0.269413114754098
68.966666666664 39 150 0.66401762295082 0.170121721311475
75.0666666666637 38 151 0.835137431693989 0.228882513661202
76.0833333333303 37 151 1.86243770491803 0.324003278688525
77.0999999999969 36 152 0.689162295081967 0.196183606557377
79.1333333333301 35 153 0.921175409836065 0.187522131147541
84.2166666666632 34 154 0.878288852459016 0.165031147540984
85.2333333333298 33 154 0.466519672131147 0.143340983606557
87.266666666663 33 153 0.513568032786885 0.194795081967213
90.3166666666628 33 152 1.29680765027322 0.460421857923497
96.4166666666625 31 153 1.11211010928962 0.473646174863388
101.499999999996 31 152 0.559347868852459 0.386073442622951
103.533333333329 30 153 0.512204098360656 0.0189032786885246
106.583333333329 29 153 0.48170218579235 0.0843743169398907
107.599999999995 28 153 0.507108196721311 0.156318032786885
111.666666666662 27 153 0.775888524590165 0.319304098360656
115.733333333328 26 154 0.377218852459016 0.0580684426229508
116.749999999995 25 155 0.302703278688525 0.0112803278688525
117.766666666661 24 154 0.285872131147541 0.0978
118.783333333328 23 155 0.350091803278689 0.145570491803279
119.799999999994 23 154 0.499603278688525 0.144332786885246
125.899999999994 22 155 0.295618306010929 0.0466707650273224
128.933333333328 22 154 0.24955 0.0167565934065934
131.93333333333 21 154 0.279838888888889 0.00108777777777778
136.933333333334 20 154 0.261716 0.0268183333333333
139.933333333337 19 154 0.260182777777778 0.0134188888888889
146.933333333342 17 155 0.226297380952381 0.0281507142857143
148.933333333344 16 156 0.205923333333333 0.00466333333333333
158.933333333352 16 155 0.181434333333333 0.00268883333333333
166.933333333358 15 156 0.167793958333333 0.000485
224.933333333404 15 155 0.312904971264367 0.0471722988505747
226.933333333406 13 156 0.351548333333333 0.0379858333333333
238.933333333416 13 155 0.141813055555556 0.00827541666666667
241.933333333418 12 156 0.152347222222222 0.009225
252.933333333427 11 156 0.119945454545455 0.006555
286.433333333401 10 157 0.117142686567164 0.00049592039800995
600 10 157 0.110198137832246 0.000225996074062284
