# New log 27/04/2014 23:25:54
1 128 128 1.78097166666667 4.19037833333333
3.03333333333333 126 129 1.04081475409836 0.621726229508197
4.04999999999999 123 131 1.15617540983607 0.806781967213115
5.06666666666665 123 130 0.923527868852459 0.549559016393443
6.08333333333332 123 129 1.30074098360656 1.03281803278689
8.09999999999998 122 128 1.48085785123967 0.429977685950413
9.10000000000003 121 128 0.874063333333334 0.575948333333333
10.1000000000001 119 129 0.96999 1.51395833333333
11.1000000000001 117 130 0.88381 1.54284833333333
12.1000000000002 114 132 0.834385 0.641566666666667
13.1000000000002 112 133 0.946193333333333 0.265826666666667
14.1000000000003 111 134 0.76037 0.235191666666667
15.1000000000003 110 134 0.753811666666667 0.194608333333333
16.1000000000004 110 133 0.772853333333334 1.32224666666667
17.116666666667 107 135 0.749293442622951 3.28840327868852
18.1333333333336 106 135 0.870578688524591 2.60110819672131
19.1500000000002 102 137 0.806927868852459 3.07116721311475
20.1666666666668 101 137 0.781955737704918 5.20874262295082
21.1833333333334 101 136 0.919872131147541 5.48088196721312
22.2 97 139 0.802001639344262 5.72792459016394
23.2166666666666 96 139 0.87978524590164 5.5396131147541
24.2333333333332 90 142 0.808052459016393 6.47088196721312
25.2499999999998 89 142 0.858460655737705 6.34264262295082
26.2666666666665 86 144 0.79076393442623 5.57514098360656
28.2999999999997 86 143 0.82517131147541 5.49358606557377
29.3166666666663 84 144 0.768257377049181 4.07671803278688
30.3333333333329 83 144 0.681665573770492 0.956759016393443
31.3499999999995 82 145 0.617168852459016 0.798111475409836
32.3666666666661 79 146 0.631670491803279 0.485131147540984
33.3833333333327 78 147 0.824473770491803 0.499885245901639
34.3999999999993 76 148 0.668406557377049 0.418009836065574
35.4166666666659 75 149 0.642408196721312 0.600111475409836
36.4333333333325 73 148 0.66076393442623 1.30905573770492
37.4499999999992 72 149 0.615163934426229 0.375
38.4666666666658 72 148 0.667403278688525 0.397477049180328
39.4833333333324 71 148 0.727252459016394 0.493624590163934
40.499999999999 71 146 0.673937704918033 0.502267213114754
42.5333333333322 69 147 0.704909836065574 0.521782786885246
43.5499999999988 67 148 0.687514754098361 0.329265573770492
46.5999999999986 65 148 0.748584153005465 0.237427322404372
47.6166666666652 65 147 0.675272131147541 0.111359016393443
48.6333333333319 62 150 0.607955737704918 0.216554098360656
49.6499999999985 61 151 0.569808196721311 0.174790163934426
53.7166666666649 59 151 0.566394262295082 0.229085655737705
54.7333333333315 58 152 0.439534426229508 0.299390163934426
56.7666666666647 56 154 0.508550819672131 0.262135245901639
57.7833333333313 55 153 0.764296721311476 0.450634426229508
58.7999999999979 54 152 0.46734262295082 0.36706393442623
60.8333333333312 54 150 0.553945081967213 0.400254098360656
61.8499999999978 53 151 0.518793442622951 0.607649180327869
62.8666666666644 52 152 0.586890163934426 1.14107540983607
63.883333333331 50 154 0.516209836065574 1.12576885245902
65.9166666666642 49 154 0.489750819672131 0.818916393442623
66.9333333333308 45 157 0.458944262295082 0.630175409836066
70.9999999999973 45 156 0.441439754098361 0.407862704918033
72.0166666666639 44 157 0.497473770491803 0.314872131147541
74.0499999999971 43 158 0.461260655737705 0.391947540983607
76.0833333333303 41 160 0.396377868852459 0.472404098360656
77.0999999999969 40 160 0.372639344262295 0.399849180327869
78.1166666666635 38 161 0.340132786885246 0.4001
79.1333333333301 37 161 0.326354098360656 0.405106557377049
82.18333333333 36 162 0.321433879781421 0.418693442622951
83.1999999999966 35 162 0.272309836065574 0.410034426229508
84.2166666666632 34 162 0.252509836065574 0.439506557377049
85.2333333333298 32 164 0.24242131147541 0.432980327868852
86.2499999999964 32 163 0.241849180327869 0.387247540983607
87.266666666663 31 163 0.260934426229508 0.45757868852459
88.2833333333296 30 164 0.261175409836066 0.463073770491803
95.3999999999959 29 164 0.2589962529274 0.165569320843091
96.4166666666625 29 163 0.230375409836066 0.0170459016393443
98.4499999999957 29 162 0.246401639344262 0.00459672131147541
101.499999999996 28 162 0.251871584699454 0.00713551912568306
103.533333333329 27 163 0.205675409836065 0.0153491803278689
104.549999999995 26 164 0.246747540983607 0.0222196721311475
106.583333333329 25 164 0.180416393442623 0.0171696721311475
108.616666666662 25 163 0.235489344262295 0.0277073770491803
109.633333333328 24 164 0.182593442622951 0.0398344262295082
115.733333333328 23 165 0.213503005464481 0.0123704918032787
116.749999999995 22 165 0.179359016393443 0.000162295081967213
119.799999999994 21 166 0.174472677595628 0.00245136612021858
122.849999999994 20 167 0.165931693989071 0.00167322404371585
123.866666666661 19 168 0.144114754098361 0.00208032786885246
124.883333333328 18 168 0.14727868852459 0.000181967213114754
129.933333333329 16 170 0.144501650165016 0.00344851485148515
130.93333333333 15 171 0.124278333333333 0.00131333333333333
131.93333333333 14 172 0.103135 0.000165
132.933333333331 13 172 0.1037 0.000145
136.933333333334 12 173 0.0976804166666667 0.000155416666666667
151.933333333346 11 173 0.088011 0.000388777777777778
154.933333333349 10 174 0.0835066666666667 0.00016
161.933333333354 10 173 0.0767180952380953 0.000174047619047619
162.933333333355 9 173 0.0669066666666667 0.00016
166.933333333358 8 173 0.05597375 0.000175416666666667
175.933333333365 8 172 0.0541257407407408 0.00016037037037037
176.933333333366 7 173 0.04381 0.000175
178.933333333368 6 173 0.0318691666666667 0.0001625
193.93333333338 5 174 0.0318945555555556 0.000168111111111111
263.050000000089 4 175 0.0289491921871233 0.00419221123703882
420.633333333279 3 176 0.0205749127445796 0.000162474881015336
427.74999999994 1 177 0.0134276346604215 0.000159016393442623
600 1 177 0.00842384763741575 0.000163693346190935
