# New log 27/04/2014 23:26:57
1 128 128 4.07229 1.61002833333333
3.03333333333333 128 127 2.4978893442623 0.851537704918033
4.04999999999999 126 125 2.6957 0.497118032786885
5.06666666666665 123 125 2.50800819672131 0.467385245901639
6.08333333333332 121 127 2.71747704918033 1.00988196721311
7.09999999999998 121 126 3.01669180327869 1.06958360655738
8.09999999999998 120 124 2.71788333333333 0.51834
9.10000000000003 118 124 2.70286166666667 0.424385
10.1000000000001 118 119 2.46357 0.349621666666667
11.1000000000001 118 117 3.3077 0.507133333333333
13.1000000000002 118 116 2.7494975 0.3368
14.1000000000003 117 117 3.28385 0.242638333333333
15.1000000000003 115 118 3.21323333333333 0.241996666666667
16.1000000000004 110 122 2.41205 0.272791666666667
17.116666666667 109 122 2.78649344262295 0.242095081967213
18.1333333333336 108 122 2.37953606557377 0.236391803278689
19.1500000000002 106 122 2.41645737704918 0.239855737704918
20.1666666666668 104 120 3.34948524590164 0.305052459016393
22.2 103 118 3.41541475409836 0.19356393442623
24.2333333333332 102 118 2.67597295081967 0.375195081967213
25.2499999999998 99 119 3.75907540983606 0.397052459016393
30.3333333333329 98 118 3.45549409836066 0.30834
31.3499999999995 98 117 3.65243442622951 0.204559016393443
32.3666666666661 96 119 4.36770327868853 0.238267213114754
33.3833333333327 94 121 3.52966557377049 0.249483606557377
34.3999999999993 93 121 3.32563770491803 0.324367213114754
35.4166666666659 92 120 1.99486557377049 0.1854
36.4333333333325 90 122 2.85898032786885 0.21154262295082
37.4499999999992 90 121 2.9110868852459 0.264393442622951
39.4833333333324 89 121 2.5040131147541 0.208275409836066
40.499999999999 87 121 2.54890163934426 0.257113114754098
41.5166666666656 86 122 3.48622295081967 0.380409836065574
42.5333333333322 86 121 4.11326065573771 0.634683606557377
46.5999999999986 85 121 5.07482950819672 0.676584426229508
47.6166666666652 81 124 5.8346262295082 0.751262295081967
49.6499999999985 80 125 5.2518868852459 0.8687
50.6666666666651 79 126 5.54880819672131 1.17088196721311
51.6833333333317 79 125 5.01964098360656 0.917047540983607
52.6999999999983 78 126 4.98920655737705 0.913767213114754
53.7166666666649 78 125 5.13187049180328 0.790929508196721
54.7333333333315 77 126 6.26032295081967 1.54364262295082
56.7666666666647 75 128 6.37515491803279 0.898055737704918
57.7833333333313 74 127 6.79570983606557 0.786667213114754
58.7999999999979 72 128 5.6173393442623 0.781522950819672
59.8166666666646 71 129 5.35627213114754 0.898477049180328
60.8333333333312 70 129 5.32211967213115 0.683722950819672
61.8499999999978 67 127 4.62215245901639 0.664155737704918
62.8666666666644 66 128 4.6515131147541 0.657472131147541
64.8999999999976 66 126 5.46300819672131 0.70690737704918
65.9166666666642 65 126 6.83792295081967 0.793449180327869
66.9333333333308 64 126 3.49438852459016 0.388031147540984
67.9499999999974 63 127 3.44424098360656 0.457227868852459
68.966666666664 62 127 2.7517737704918 0.506849180327869
69.9833333333306 61 128 2.26518524590164 0.438337704918033
72.0166666666639 60 129 3.58122213114754 0.488224590163934
75.0666666666637 60 127 5.08404972677596 0.586948087431694
77.0999999999969 59 127 4.44482459016394 0.581556557377049
80.1499999999967 58 128 2.6589306010929 0.446104918032787
81.1666666666633 57 128 1.1795131147541 0.452262295081967
83.1999999999966 56 127 1.13559508196721 0.499238524590164
85.2333333333298 56 126 1.21830819672131 0.616912295081967
89.2999999999962 55 127 1.28685450819672 0.258990983606557
91.3333333333294 52 127 2.65130491803279 0.171222950819672
93.3666666666627 51 127 2.16433114754098 0.155848360655738
95.3999999999959 50 128 3.37707786885246 0.284694262295082
97.4333333333291 48 130 3.65757049180328 0.249794262295082
98.4499999999957 46 131 3.80639836065574 0.300780327868852
99.4666666666623 46 130 3.71766885245902 0.326454098360656
100.483333333329 44 131 3.65393606557377 0.141027868852459
101.499999999996 43 131 2.83602131147541 0.116662295081967
102.516666666662 41 133 1.93985081967213 0.100336065573771
104.549999999995 40 134 2.11624672131147 0.104003278688525
105.566666666662 39 134 1.92691475409836 0.0960049180327869
108.616666666662 38 134 1.93073278688525 0.0946191256830601
110.649999999995 37 134 1.87030573770492 0.106713114754098
111.666666666662 37 133 1.90950983606557 0.0856360655737705
112.683333333328 36 132 1.92817540983607 0.0892967213114754
113.699999999995 35 132 1.75817540983607 0.0669918032786885
117.766666666661 35 131 1.79507336065574 0.0931258196721311
120.816666666661 34 131 1.83918032786885 0.140975956284153
122.849999999994 33 132 1.8106368852459 0.148067213114754
125.899999999994 33 131 1.95948743169399 0.143130054644809
126.916666666661 32 132 1.8758868852459 0.168847540983607
128.933333333328 31 133 1.92245619834711 0.154955371900826
129.933333333329 29 134 1.78244833333333 0.24829
130.93333333333 28 134 1.89852666666667 0.206041666666667
133.933333333332 27 134 1.79490111111111 0.145251111111111
137.933333333335 27 133 2.61198958333333 0.116839166666667
139.933333333337 26 134 1.79726833333333 0.170388333333333
140.933333333338 23 137 1.82240833333333 0.201036666666667
142.933333333339 22 138 1.64950583333333 0.0906725
147.933333333343 21 139 1.09624166666667 0.046225
155.93333333335 21 138 0.467677916666667 0.020358125
159.933333333353 21 137 0.428562083333333 0.00247208333333333
170.933333333362 20 137 0.413337272727273 0.0190957575757576
183.933333333372 19 138 0.837142820512819 0.0647910256410256
184.933333333373 18 139 0.41621 0.05815
194.933333333381 17 139 0.344947166666667 0.0187036666666667
206.93333333339 17 138 0.320575416666667 0.0101073611111111
209.933333333393 16 138 0.317293333333333 0.00161777777777778
219.933333333401 15 138 0.334964 0.0170448333333333
223.933333333404 14 138 0.310629166666666 0.00129125
231.93333333341 13 138 0.293562083333333 0.0148570833333333
236.933333333414 11 140 0.663899666666667 0.0755006666666667
249.933333333424 10 141 0.248106538461539 0.000283076923076923
260.000000000092 7 142 0.252305794701987 0.00548741721854305
284.40000000007 7 141 0.255671106557377 0.0152655054644809
371.833333333324 6 142 0.208090602363705 0.00580097216927183
405.383333333293 5 143 0.182526477893691 0.00162886239443617
600 5 143 0.160853628756835 0.000410237363387978
