# New log 28/04/2014 00:40:11
1 128 128 5.13949833333333 1.58763333333333
4.04999999999999 128 126 3.20436174863388 0.935242076502732
5.06666666666665 127 124 4.15718852459016 0.863377049180328
6.08333333333332 125 123 2.23079180327869 0.640365573770492
7.09999999999998 124 124 2.47293606557377 0.624813114754098
8.09999999999998 123 125 3.531515 0.762058333333333
9.10000000000003 123 124 3.91444833333333 0.795065
10.1000000000001 122 123 3.88673833333333 0.880946666666667
11.1000000000001 120 122 4.440545 1.12747166666667
12.1000000000002 119 122 3.13945833333333 0.92857
13.1000000000002 118 121 3.206465 0.814361666666667
14.1000000000003 116 121 2.50032833333333 0.729358333333333
15.1000000000003 116 120 2.95340666666667 0.770975
16.1000000000004 114 121 2.41059 0.710933333333333
17.116666666667 112 119 3.21433770491803 1.03888360655738
18.1333333333336 112 117 4.49603770491803 0.927232786885246
19.1500000000002 111 116 6.41946885245902 1.40837540983607
20.1666666666668 109 118 6.66472786885246 1.81965409836066
21.1833333333334 107 119 5.30867213114754 1.29671803278689
22.2 106 120 6.51791147540984 1.37900163934426
23.2166666666666 104 122 4.80425409836065 1.24984590163934
24.2333333333332 102 122 3.63074426229508 1.02855081967213
25.2499999999998 101 123 3.63975409836066 1.19216557377049
26.2666666666665 98 125 3.84036229508197 0.990408196721312
27.2833333333331 97 124 4.99701639344262 1.74196229508197
28.2999999999997 95 125 4.13670163934426 0.972449180327869
29.3166666666663 92 127 3.80991639344262 0.954929508196721
31.3499999999995 91 127 5.33751557377049 0.828995901639344
32.3666666666661 89 129 5.15498852459016 0.808
33.3833333333327 87 129 4.4401868852459 0.673329508196721
34.3999999999993 86 130 4.04477049180328 0.611383606557377
35.4166666666659 84 130 3.88270655737705 0.594360655737705
36.4333333333325 82 132 3.63757704918033 0.684214754098361
37.4499999999992 79 134 3.48359508196721 0.835691803278689
38.4666666666658 78 134 4.68304590163934 0.826729508196721
39.4833333333324 77 135 6.55186721311475 0.897826229508197
41.5166666666656 76 135 5.80313032786886 0.880586885245902
42.5333333333322 74 132 5.19139836065574 0.911704918032787
44.5666666666654 74 131 4.98625 0.729375409836066
46.5999999999986 72 131 2.94913606557377 0.251905737704918
47.6166666666652 72 130 2.23564262295082 0.212775409836066
48.6333333333319 71 129 2.25359836065574 0.237137704918033
49.6499999999985 70 130 2.39073606557377 0.270347540983607
50.6666666666651 69 131 3.37022295081967 0.720218032786885
52.6999999999983 68 131 2.14786721311475 0.235731967213115
53.7166666666649 67 131 2.55026885245902 0.502073770491803
55.7499999999981 65 131 3.36131885245902 0.736576229508197
56.7666666666647 65 130 3.63454426229508 1.00800655737705
57.7833333333313 63 129 2.38074918032787 0.536685245901639
58.7999999999979 62 129 1.86250491803279 0.335026229508197
59.8166666666646 60 129 2.31155737704918 0.416362295081967
60.8333333333312 58 128 1.97977049180328 0.982747540983607
61.8499999999978 57 126 1.90042950819672 0.902560655737705
62.8666666666644 57 124 1.84706393442623 0.851632786885246
63.883333333331 56 124 2.73033770491803 0.957804918032787
64.8999999999976 52 125 2.67917213114754 0.827183606557377
65.9166666666642 52 124 2.46871639344262 0.826985245901639
68.966666666664 51 123 2.08365464480874 1.06718415300546
75.0666666666637 49 123 1.85744480874317 0.55723087431694
76.0833333333303 49 122 1.9231262295082 0.170731147540984
80.1499999999967 48 122 1.7126 0.186805737704918
81.1666666666633 47 122 1.10034918032787 0.149496721311475
83.1999999999966 46 122 3.11597213114754 0.291767213114754
85.2333333333298 45 122 3.26205983606557 0.273470491803279
86.2499999999964 43 123 3.06441475409836 0.285347540983607
88.2833333333296 42 123 5.48545245901639 0.354276229508197
90.3166666666628 40 124 2.7621868852459 0.277226229508197
91.3333333333294 37 125 0.897759016393443 0.247495081967213
92.349999999996 34 128 0.723044262295082 0.160985245901639
96.4166666666625 34 127 0.727523770491803 0.157843442622951
100.483333333329 33 127 2.75572295081967 0.191676639344262
102.516666666662 32 128 4.28591803278689 0.24672868852459
106.583333333329 32 127 3.48293237704918 0.246125819672131
108.616666666662 30 129 4.67171639344262 0.289562295081967
112.683333333328 29 129 1.88213893442623 0.201064344262295
115.733333333328 27 131 0.808743715846995 0.221388524590164
116.749999999995 26 131 0.639491803278688 0.153162295081967
117.766666666661 25 132 0.964570491803279 0.143937704918033
133.933333333332 24 133 0.649880927835052 0.191160618556701
141.933333333338 23 134 0.605259583333333 0.170157708333333
143.93333333334 22 134 0.487356666666667 0.112360833333333
149.933333333345 22 133 0.5440725 0.142063888888889
155.93333333335 22 132 0.532021944444445 0.142346388888889
163.933333333356 22 131 0.502079583333333 0.266779166666667
165.933333333358 21 132 0.525166666666667 0.388308333333333
169.933333333361 21 131 0.536015833333333 0.510794166666667
170.933333333362 21 130 0.521723333333333 0.250341666666667
172.933333333363 20 130 0.470731666666667 0.143466666666667
176.933333333366 20 129 0.5149925 0.13466625
180.933333333369 19 129 0.484025416666667 0.164295416666667
184.933333333373 19 128 0.48399625 0.134855416666667
198.933333333384 18 129 0.421581071428572 0.132276904761905
203.933333333388 17 130 0.455403 0.130345
207.933333333391 16 130 0.428055833333333 0.16461875
209.933333333393 15 131 0.3844875 0.141420833333333
210.933333333393 14 132 0.38513 0.203268333333333
224.933333333404 13 132 1.35136714285714 0.20502619047619
240.933333333417 13 131 0.419379583333333 0.160390729166667
245.933333333421 12 132 0.469170666666667 0.130612
252.933333333427 11 131 0.306121666666666 0.136030714285714
256.950000000095 10 132 0.265330705394191 0.12672531120332
268.133333333418 9 133 0.238900298062593 0.134109090909091
297.616666666725 8 133 0.218745788581119 0.126950310910119
433.849999999934 7 134 0.231556043552731 0.127647039393198
452.149999999917 7 133 0.228319763205829 0.128092167577413
466.383333333238 6 134 0.244885362997658 0.129293911007026
471.466666666567 5 135 0.211646229508197 0.128940327868852
600 5 135 0.231584381050733 0.128695236865884
