# New log 28/04/2014 00:41:46
1 128 128 2.849465 0.771971666666667
2.01666666666666 127 129 1.78352950819672 0.680155737704918
4.04999999999999 127 128 1.81663852459016 0.368681147540984
5.06666666666665 126 126 2.15662786885246 0.59685737704918
7.09999999999998 124 128 1.56631885245902 0.248193442622951
8.09999999999998 122 127 2.15885833333333 0.245426666666667
9.10000000000003 120 128 2.72941833333333 0.202701666666667
10.1000000000001 118 129 3.033955 0.49607
12.1000000000002 115 132 4.34126416666667 0.461780833333333
13.1000000000002 112 131 6.93624 0.835528333333333
14.1000000000003 111 131 5.97587666666667 0.843281666666667
15.1000000000003 110 131 4.24668 0.689636666666667
16.1000000000004 108 132 2.84388166666667 0.353578333333333
17.116666666667 107 131 5.09019344262295 0.437972131147541
18.1333333333336 104 132 2.21109180327869 0.282762295081967
19.1500000000002 103 132 2.73701967213115 0.423332786885246
20.1666666666668 102 132 3.07150163934426 1.69161147540984
21.1833333333334 99 133 1.90715245901639 0.623131147540984
22.2 99 131 2.07164426229508 0.247445901639344
23.2166666666666 96 133 1.59975737704918 0.166436065573771
24.2333333333332 95 133 1.68859344262295 0.273583606557377
26.2666666666665 95 132 2.5151606557377 0.474172131147541
27.2833333333331 93 132 1.18109344262295 0.0633868852459016
28.2999999999997 92 133 1.31981803278689 0.11316393442623
29.3166666666663 90 133 2.20147540983607 0.302990163934426
30.3333333333329 90 132 2.00388196721311 0.332659016393443
32.3666666666661 90 130 2.25009754098361 0.271726229508197
33.3833333333327 89 130 1.39860983606557 0.344486885245902
34.3999999999993 87 132 2.78664262295082 0.714619672131148
35.4166666666659 87 131 3.06838360655738 0.270244262295082
37.4499999999992 86 130 3.50308852459016 0.267923770491803
38.4666666666658 83 132 3.51626065573771 0.778716393442623
39.4833333333324 81 132 3.65936393442623 0.429991803278689
40.499999999999 81 131 2.81773114754098 0.625888524590164
41.5166666666656 80 130 3.01750983606557 0.427949180327869
42.5333333333322 77 130 2.66726229508197 0.240052459016393
43.5499999999988 75 132 2.72755409836066 0.302113114754098
45.583333333332 74 132 2.89368032786885 0.753495081967213
46.5999999999986 73 132 3.0655737704918 0.433913114754098
47.6166666666652 72 131 2.34033770491803 0.224598360655738
48.6333333333319 69 133 3.57681639344262 0.28652131147541
49.6499999999985 68 133 3.54280819672131 0.41825737704918
50.6666666666651 68 132 5.39349672131148 0.291940983606557
51.6833333333317 66 133 6.14227213114754 0.381826229508197
52.6999999999983 65 134 3.77200655737705 0.352995081967213
53.7166666666649 63 136 1.66368032786885 0.183234426229508
55.7499999999981 63 135 1.32757868852459 0.229894262295082
56.7666666666647 62 135 0.903819672131147 0.145413114754098
57.7833333333313 60 137 1.0014737704918 0.121026229508197
58.7999999999979 59 136 1.05266065573771 0.1413
60.8333333333312 57 136 1.13587213114754 0.288269672131148
61.8499999999978 56 137 2.36520655737705 0.305565573770492
62.8666666666644 56 136 1.35810983606557 0.26516393442623
63.883333333331 55 137 1.08559344262295 0.236806557377049
65.9166666666642 54 137 0.99059262295082 0.273679508196721
66.9333333333308 52 137 2.26609672131148 0.299409836065574
67.9499999999974 51 138 3.1885262295082 0.355018032786885
68.966666666664 49 139 3.6176131147541 0.201337704918033
69.9833333333306 48 139 2.46410491803279 0.252427868852459
70.9999999999973 47 139 2.34496229508197 0.325324590163934
73.0333333333305 46 140 1.76149426229508 0.285495081967213
79.1333333333301 45 141 1.48717486338798 0.291191803278689
80.1499999999967 44 142 1.23074918032787 0.143701639344262
81.1666666666633 43 143 0.690819672131148 0.169844262295082
82.18333333333 42 143 0.705616393442623 0.217639344262295
83.1999999999966 41 144 2.24551803278688 0.345409836065574
85.2333333333298 40 145 2.30197540983607 0.391676229508197
87.266666666663 40 144 2.1478868852459 0.584710655737705
88.2833333333296 39 145 1.56494098360656 0.424531147540984
93.3666666666627 38 146 0.834668196721312 0.0886668852459016
95.3999999999959 37 147 2.59480491803279 0.315354098360656
99.4666666666623 36 147 0.704519262295083 0.0789081967213115
100.483333333329 35 148 0.605537704918033 0.114713114754098
109.633333333328 35 147 0.89423970856102 0.11303606557377
111.666666666662 34 147 0.802327049180328 0.182177868852459
112.683333333328 32 147 0.422140983606558 0.0957475409836066
115.733333333328 31 147 0.390550819672131 0.0857426229508197
123.866666666661 30 148 0.482270901639344 0.0951600409836066
127.933333333327 28 149 0.369737704918033 0.0609725409836066
128.933333333328 27 150 0.304398333333333 0.133971666666667
134.933333333333 26 151 0.282957777777778 0.0515463888888889
137.933333333335 25 152 0.275213333333333 0.069115
140.933333333338 24 153 1.16740833333333 0.186782777777778
142.933333333339 23 153 0.648820833333333 0.0493391666666667
166.933333333358 22 153 0.300828541666666 0.0696050694444444
169.933333333361 21 154 0.224145 0.0438477777777778
178.933333333368 20 155 0.243474259259259 0.0383603703703704
184.933333333373 18 155 0.243786111111111 0.0282366666666667
185.933333333373 17 156 0.21445 0.0610533333333333
192.933333333379 16 156 0.211396904761905 0.0404330952380952
193.93333333338 16 155 0.237361666666667 0.063665
213.933333333396 15 155 0.238343083333333 0.0509204166666667
335.233333333357 15 154 0.177234803517453 0.0930497801593844
355.566666666672 14 154 0.167077131147541 0.0363825409836066
383.016666666647 13 154 0.158898057073467 0.0335282938676381
600 13 154 0.147656940401412 0.000215068178336142
