# New log 28/04/2014 00:37:37
1 128 128 1.78217666666667 4.94981
3.03333333333333 126 129 1.03269098360656 0.944359016393443
4.04999999999999 122 132 0.936749180327869 1.89904098360656
5.06666666666665 119 135 0.929616393442623 2.2860868852459
6.08333333333332 118 136 0.890206557377049 3.26632459016393
8.09999999999998 117 136 1.02069917355372 3.12454380165289
9.10000000000003 116 137 1.03059833333333 4.55258666666667
10.1000000000001 115 137 1.02517166666667 4.72406333333333
11.1000000000001 113 137 0.97406 5.40580333333333
12.1000000000002 111 138 0.826245 4.29137833333333
13.1000000000002 107 138 1.0542 3.93793
14.1000000000003 105 138 1.07328333333333 3.81893666666667
15.1000000000003 105 137 1.07545333333333 4.44409
16.1000000000004 101 138 0.847405 4.62805833333333
17.116666666667 100 137 1.21354754098361 4.15423770491803
18.1333333333336 99 138 0.815737704918033 3.8912868852459
19.1500000000002 99 137 0.88196393442623 2.97978852459016
20.1666666666668 97 138 0.813167213114754 2.27334590163934
21.1833333333334 95 138 0.84852131147541 2.20032131147541
22.2 94 139 0.870904918032787 2.20419836065574
24.2333333333332 93 139 0.917131967213115 2.49054262295082
25.2499999999998 91 141 1.01763442622951 2.35213770491803
26.2666666666665 90 141 3.73005901639344 3.14553442622951
27.2833333333331 88 141 1.47446229508197 2.64775901639344
28.2999999999997 87 142 1.18475245901639 2.13678196721312
30.3333333333329 85 143 1.91427459016393 2.43605409836066
31.3499999999995 84 144 1.6665737704918 2.30236393442623
32.3666666666661 81 147 1.48812786885246 2.61058360655738
33.3833333333327 81 145 0.765270491803279 2.98936721311475
34.3999999999993 80 145 0.754209836065574 3.92396065573771
35.4166666666659 80 144 0.726127868852459 3.74602131147541
36.4333333333325 77 145 0.764596721311476 5.68246229508197
38.4666666666658 75 147 0.791931147540984 6.63625491803279
40.499999999999 75 146 0.978581147540984 5.97684426229508
41.5166666666656 73 148 0.745208196721312 5.6803262295082
42.5333333333322 71 146 1.32256885245902 5.59902459016393
43.5499999999988 70 146 0.99112786885246 3.89332459016393
46.5999999999986 69 147 0.626534426229508 2.7132650273224
47.6166666666652 68 148 1.21754918032787 3.41678524590164
48.6333333333319 67 149 0.812314754098361 4.30610819672131
49.6499999999985 64 150 0.546081967213115 3.4572606557377
51.6833333333317 62 152 0.580377868852459 3.63442540983607
52.6999999999983 62 151 0.733534426229508 3.68340491803279
53.7166666666649 61 150 0.510872131147541 3.79433442622951
54.7333333333315 59 151 0.613044262295082 4.87082459016393
55.7499999999981 58 151 0.851093442622951 4.46453770491803
57.7833333333313 57 151 0.584606557377049 5.17758524590164
58.7999999999979 56 152 0.568229508196721 3.45380327868852
60.8333333333312 54 154 0.490940163934426 1.99717786885246
61.8499999999978 52 156 0.445765573770492 3.11797213114754
62.8666666666644 49 159 0.431350819672131 3.46690819672131
63.883333333331 49 158 0.436272131147541 2.56755245901639
67.9499999999974 49 157 0.391706557377049 1.81172909836066
68.966666666664 48 157 0.348337704918033 0.218540983606557
70.9999999999973 46 159 0.416472950819672 0.393195901639344
75.0666666666637 45 160 0.392218852459016 0.61627868852459
77.0999999999969 45 159 0.388408196721312 0.0938540983606557
78.1166666666635 44 160 0.392426229508197 0.795673770491803
81.1666666666633 44 158 0.424814207650273 0.0417234972677596
82.18333333333 43 158 0.346149180327869 0.0262295081967213
84.2166666666632 42 159 0.322724590163935 0.030405737704918
85.2333333333298 41 158 0.322916393442623 0.113944262295082
87.266666666663 40 158 0.366980327868853 0.0393139344262295
89.2999999999962 39 159 0.424691803278688 0.100893442622951
91.3333333333294 39 158 0.345856557377049 0.0124344262295082
96.4166666666625 38 159 0.348155081967213 0.370476065573771
97.4333333333291 36 161 0.279183606557377 1.0388
98.4499999999957 34 162 0.267819672131148 1.136
99.4666666666623 33 163 0.263511475409836 1.04807868852459
101.499999999996 32 163 0.40995737704918 1.08584918032787
102.516666666662 31 164 0.255685245901639 1.11592459016393
106.583333333329 30 164 0.265856557377049 1.05630614754098
107.599999999995 29 165 0.269085245901639 1.57177704918033
108.616666666662 28 166 0.271113114754098 2.07492786885246
109.633333333328 28 165 0.317196721311475 2.16578360655738
111.666666666662 28 164 0.270151639344262 2.66503114754098
113.699999999995 27 164 0.27894262295082 3.80734262295082
116.749999999995 26 164 0.331100546448087 3.80622950819672
117.766666666661 24 165 0.212288524590164 3.9033868852459
118.783333333328 23 166 0.22897868852459 3.85439344262295
120.816666666661 22 167 0.240881147540984 3.74589918032787
129.933333333329 21 168 0.213903473491773 4.03335612431444
133.933333333332 21 167 0.217535833333333 4.48555166666667
135.933333333334 20 167 0.1971525 4.49063916666667
136.933333333334 19 168 0.16686 4.50249
144.933333333341 18 169 0.191748125 4.640640625
146.933333333342 17 168 0.146209166666667 2.46261833333333
148.933333333344 16 169 0.130730833333333 2.09090166666667
151.933333333346 15 170 0.198022777777778 2.16246388888889
154.933333333349 15 169 0.141373333333333 2.10222777777778
173.933333333364 14 169 0.161821842105263 2.11076157894737
175.933333333365 13 169 0.133965833333333 2.10362333333333
180.933333333369 12 170 0.157738 2.09602866666667
182.933333333371 11 171 0.0980033333333333 2.10442833333333
197.933333333383 11 170 0.0981204444444445 2.219103
220.933333333401 10 170 0.0969842028985509 2.29968811594203
231.93333333341 9 171 0.0930359090909089 2.11730484848485
237.933333333415 8 172 0.0796616666666667 2.12018472222222
253.933333333428 7 173 0.0647090625000001 2.09377822916667
262.033333333424 6 174 0.0681779835390946 2.09929794238683
306.766666666716 6 173 0.055090052160954 2.08813073770492
307.783333333382 5 173 0.0461377049180328 2.12851475409836
600 5 173 0.0474280851548276 2.09259414275956
