# New log 27/04/2014 23:48:50
1 128 128 4.232995 1.41394
3.03333333333333 128 127 2.56072868852459 0.345203278688525
4.04999999999999 126 127 3.41915901639344 0.383922950819672
5.06666666666665 124 126 3.54487704918033 0.426311475409836
6.08333333333332 124 122 3.46975737704918 0.337414754098361
7.09999999999998 123 119 3.48952950819672 0.451008196721311
8.09999999999998 122 120 3.78703833333333 0.425438333333333
9.10000000000003 122 118 4.55077166666667 0.51791
10.1000000000001 121 117 4.283125 0.475058333333333
12.1000000000002 119 117 4.43751 0.778893333333333
13.1000000000002 118 117 3.44056 1.04251333333333
15.1000000000003 117 118 4.163445 1.20208833333333
16.1000000000004 116 119 5.71655 1.30941
18.1333333333336 114 119 4.02487540983607 1.24069426229508
19.1500000000002 113 119 4.12016721311475 1.18851475409836
20.1666666666668 110 121 5.04905737704918 1.68219508196721
21.1833333333334 108 122 4.67701475409836 1.23960655737705
23.2166666666666 103 125 3.60375819672131 1.16962704918033
25.2499999999998 98 129 3.58010573770492 1.41293278688525
26.2666666666665 96 131 2.19771803278689 0.62517868852459
29.3166666666663 94 131 3.31600054644809 1.27032568306011
30.3333333333329 93 130 3.54207868852459 1.77315081967213
31.3499999999995 93 129 3.60050983606557 0.804675409836066
32.3666666666661 92 129 3.4685393442623 0.360345901639344
33.3833333333327 90 130 2.44223442622951 0.506232786885246
34.3999999999993 87 132 2.89584590163934 1.62389344262295
35.4166666666659 85 132 1.8019 0.185760655737705
36.4333333333325 84 130 2.27618032786885 0.728208196721312
37.4499999999992 83 131 2.01070327868852 0.576791803278689
38.4666666666658 82 131 1.99700983606557 0.65444262295082
39.4833333333324 81 131 1.81653278688525 0.245186885245902
40.499999999999 79 130 1.94690983606557 0.649367213114754
41.5166666666656 76 130 5.21086885245902 0.169819672131148
42.5333333333322 74 131 1.93029836065574 0.0767786885245902
43.5499999999988 72 130 2.6264 0.179511475409836
46.5999999999986 71 131 1.7353912568306 0.124810928961749
47.6166666666652 70 132 2.14006885245902 0.472750819672131
49.6499999999985 68 134 2.00078934426229 0.211353278688525
50.6666666666651 67 135 1.65633934426229 0.251890163934426
51.6833333333317 67 134 1.62626885245902 0.135726229508197
52.6999999999983 67 133 1.39216229508197 0.0724868852459016
53.7166666666649 66 134 1.30914754098361 0.205698360655738
54.7333333333315 64 135 1.44470655737705 0.164916393442623
56.7666666666647 64 134 1.36552295081967 0.101635245901639
57.7833333333313 62 134 1.13647704918033 0.0395180327868852
58.7999999999979 61 133 1.08697868852459 0.0705475409836065
62.8666666666644 59 132 1.3705631147541 0.172898770491803
64.8999999999976 58 133 1.30387131147541 0.420987704918033
66.9333333333308 57 132 1.37837540983607 0.509796721311475
67.9499999999974 56 133 1.16447868852459 0.435772131147541
68.966666666664 56 132 1.32385409836066 0.313359016393443
73.0333333333305 56 130 1.00192336065574 0.38596393442623
80.1499999999967 54 132 0.953202341920375 0.208492271662763
81.1666666666633 54 131 1.02275573770492 0.042516393442623
84.2166666666632 53 131 1.01723169398907 0.048096174863388
91.3333333333294 53 130 0.882470491803278 0.0467702576112412
95.3999999999959 52 131 0.848232786885246 0.0313926229508197
101.499999999996 51 131 2.27564781420765 0.223358196721311
102.516666666662 50 132 3.67002786885246 0.319908196721311
103.533333333329 50 131 1.27581475409836 0.072244262295082
107.599999999995 49 132 0.78976106557377 0.0127081967213115
113.699999999995 48 133 0.790239890710383 0.0156505464480874
114.716666666661 47 134 0.743996721311475 0.0089672131147541
115.733333333328 46 135 0.789529508196721 0.0133803278688525
116.749999999995 45 136 0.774954098360656 0.0106934426229508
117.766666666661 44 137 0.621259016393443 0.00684098360655738
118.783333333328 43 137 0.685467213114754 0.00449344262295082
128.933333333328 43 136 0.656245484400657 0.012588013136289
129.933333333329 42 137 0.63426 0.00873
132.933333333331 41 136 0.642414444444445 0.0127372222222222
134.933333333333 40 136 0.588051666666667 0.00743166666666667
143.93333333334 40 135 0.590417407407408 0.012467962962963
153.933333333348 39 136 0.701805166666667 0.0479953333333333
156.93333333335 38 136 0.574718888888889 0.00792277777777778
159.933333333353 37 136 0.559595555555556 0.00741666666666667
161.933333333354 36 136 0.547481666666667 0.00679416666666667
169.933333333361 35 136 0.508643125 0.00761020833333333
186.933333333374 35 135 0.528679117647058 0.0150510784313726
187.933333333375 34 135 0.530811666666667 0.00676833333333333
198.933333333384 34 134 0.50830090909091 0.00862787878787879
209.933333333393 33 135 0.518252575757574 0.0106369696969697
216.933333333398 32 135 0.495259761904762 0.00722880952380952
217.933333333399 31 135 0.47139 0.00660333333333333
296.600000000059 30 135 0.446077817796611 0.00583158898305085
600 30 135 0.428096321070234 0.000361735840780745
