# New log 27/04/2014 23:47:18
1 128 128 1.59835333333333 5.28742166666667
4.04999999999999 126 130 1.18020983606557 1.01325901639344
5.06666666666665 124 132 0.999818032786885 0.939701639344262
6.08333333333332 122 134 1.06780983606557 0.591549180327869
7.09999999999998 121 134 1.1312262295082 4.3821606557377
9.10000000000003 120 135 1.04289166666667 7.56517833333333
11.1000000000001 118 137 1.45599 6.90742416666667
12.1000000000002 115 139 1.421945 11.4777166666667
13.1000000000002 113 141 2.28178833333333 11.1720566666667
14.1000000000003 113 140 0.908325 8.96583333333333
15.1000000000003 112 140 0.85489 7.46615
16.1000000000004 108 143 0.899081666666667 7.98086666666667
17.116666666667 104 145 0.977519672131148 8.02788196721312
18.1333333333336 103 146 0.973132786885246 7.87025573770492
19.1500000000002 101 147 1.13023606557377 4.09520491803279
20.1666666666668 101 145 1.25172131147541 4.09381967213115
21.1833333333334 100 145 1.22973606557377 4.16911803278689
23.2166666666666 100 144 1.06445327868852 3.2195631147541
24.2333333333332 97 145 0.943485245901639 2.13142459016393
25.2499999999998 93 146 0.862508196721312 2.09464262295082
26.2666666666665 91 147 0.867068852459017 1.76731967213115
29.3166666666663 91 146 0.9580087431694 1.69906666666667
30.3333333333329 88 147 0.760563934426229 1.02243442622951
31.3499999999995 86 148 0.751488524590164 1.01272786885246
32.3666666666661 85 148 0.693622950819672 1.45127704918033
33.3833333333327 83 148 0.695601639344262 2.11439836065574
34.3999999999993 80 149 0.743131147540984 1.77066885245902
35.4166666666659 79 150 0.798154098360656 1.23702131147541
39.4833333333324 78 150 0.690691393442623 1.37730614754098
40.499999999999 76 151 0.577896721311475 3.58752131147541
41.5166666666656 75 149 0.566624590163935 2.95848524590164
42.5333333333322 73 149 0.558347540983607 2.5459393442623
43.5499999999988 72 149 0.55013606557377 2.34474426229508
44.5666666666654 70 150 0.536301639344262 2.50673114754098
48.6333333333319 68 151 3.57197090163935 5.32116598360656
51.6833333333317 67 151 1.64344098360656 2.28529016393443
52.6999999999983 65 153 0.518367213114754 3.01965737704918
53.7166666666649 64 154 0.485345901639344 2.31876885245902
54.7333333333315 63 154 0.525306557377049 1.86034590163934
56.7666666666647 62 155 0.557074590163935 2.04663360655738
57.7833333333313 62 154 0.528114754098361 3.15818524590164
60.8333333333312 61 154 0.485275409836066 2.89352677595628
62.8666666666644 59 155 0.493145081967213 2.4873368852459
64.8999999999976 58 155 0.649804918032787 2.84769016393443
65.9166666666642 57 155 0.559354098360656 2.66820491803279
66.9333333333308 56 156 0.470062295081967 2.50664262295082
74.0499999999971 55 157 0.459833489461359 1.8972149882904
75.0666666666637 54 157 0.409924590163934 1.89939180327869
76.0833333333303 54 156 0.444749180327869 1.82948360655738
77.0999999999969 53 156 0.32897868852459 1.0851262295082
78.1166666666635 50 159 0.376139344262295 0.964518032786885
79.1333333333301 49 160 0.34446393442623 0.667972131147541
80.1499999999967 48 160 0.34082131147541 1.59350983606557
82.18333333333 47 160 0.351372950819672 1.60899344262295
87.266666666663 46 161 0.629409836065573 0.616113770491803
88.2833333333296 45 161 0.350867213114754 0.177198360655738
90.3166666666628 45 160 0.325727049180328 0.123037704918033
91.3333333333294 44 161 0.338813114754098 0.0849803278688525
93.3666666666627 43 162 0.327943442622951 0.0182549180327869
94.3833333333293 42 163 0.323583606557377 0.00479344262295082
96.4166666666625 41 163 0.287976229508197 0.112413114754098
98.4499999999957 40 164 0.277620491803279 0.0992360655737705
100.483333333329 38 164 0.297790983606557 1.5941762295082
107.599999999995 37 165 0.309548946135832 2.00679461358314
109.633333333328 36 166 0.271777868852459 0.25111393442623
113.699999999995 35 167 0.340985655737705 0.554906557377049
115.733333333328 34 167 0.288696721311475 0.63067868852459
121.833333333328 31 169 0.295437158469945 0.0656172131147541
122.849999999994 31 168 0.237344262295082 0.0256868852459016
123.866666666661 30 169 0.23464262295082 0.00393114754098361
124.883333333328 29 170 0.247031147540984 0.123226229508197
126.916666666661 28 171 0.222698360655738 0.0202401639344262
130.93333333333 27 172 0.248600829875519 0.00120705394190871
132.933333333331 26 173 0.249225833333333 0.0190775
133.933333333332 25 173 0.207525 0.0002
134.933333333333 24 174 0.197388333333333 0.423448333333333
136.933333333334 23 174 0.179858333333333 1.00667166666667
138.933333333336 22 175 0.1655775 0.321345
143.93333333334 21 176 0.149937666666667 0.945009333333333
145.933333333342 20 177 0.133614166666667 0.485843333333333
156.93333333335 19 178 0.133603939393939 0.0207136363636364
158.933333333352 18 179 0.124635 0.00123833333333333
174.933333333365 17 180 0.113701666666667 0.000700104166666667
181.93333333337 16 181 0.105075 0.00188047619047619
183.933333333372 15 181 0.0888666666666666 0.0001775
219.933333333401 15 180 0.0832607407407407 0.000170324074074074
287.450000000067 15 179 0.0848488521352752 0.0034544310046902
330.150000000028 14 179 0.0860535519125682 0.00184765807962529
335.233333333357 14 178 0.0796813114754098 0.00016655737704918
338.283333333354 13 179 0.0801027322404372 0.0162622950819672
347.433333333346 12 180 0.0768555555555556 0.000162112932604736
416.566666666616 12 179 0.0732657184185149 0.00140226615236258
484.683333333221 12 178 0.0712984095913872 0.00192202104232934
595.499999999787 11 179 0.0750048879530758 0.000962460520379004
600 11 179 0.0692062295081967 0.000151803278688525
