# New log 27/04/2014 23:50:22
1 128 128 2.45257 0.443346666666667
4.04999999999999 126 130 1.51255300546448 0.423997267759563
5.06666666666665 125 127 1.61421803278689 0.167560655737705
6.08333333333332 123 126 2.16340655737705 0.458452459016393
7.09999999999998 120 126 1.48277868852459 0.34022131147541
8.09999999999998 118 125 1.56237833333333 0.267551666666667
9.10000000000003 118 123 1.75256333333333 0.316801666666667
10.1000000000001 118 122 2.103415 0.242543333333333
11.1000000000001 117 121 1.82416833333333 0.157695
12.1000000000002 114 123 3.37537166666667 0.344733333333333
13.1000000000002 112 124 4.07982 0.646053333333333
14.1000000000003 108 125 3.11174833333333 0.260411666666667
15.1000000000003 107 123 3.97559166666667 0.565663333333333
16.1000000000004 107 122 2.83920333333333 0.309455
17.116666666667 106 123 1.62378852459016 0.369627868852459
19.1500000000002 105 123 1.95301229508197 0.470031147540984
21.1833333333334 101 125 1.47614426229508 0.542725409836066
22.2 101 124 1.85046229508197 0.371403278688525
23.2166666666666 99 123 2.43329344262295 0.625760655737705
24.2333333333332 99 122 3.52940163934426 0.417211475409836
25.2499999999998 98 122 4.19609016393443 0.235934426229508
26.2666666666665 95 123 4.00689508196721 0.337236065573771
29.3166666666663 93 124 3.1013606557377 0.637143715846995
30.3333333333329 90 127 2.02750491803279 0.277286885245902
31.3499999999995 89 127 2.38409344262295 0.370327868852459
33.3833333333327 84 129 1.4521737704918 0.384605737704918
34.3999999999993 84 128 2.05595409836066 0.765068852459016
35.4166666666659 80 129 1.25890327868852 0.298334426229508
36.4333333333325 79 127 0.995413114754098 0.149822950819672
37.4499999999992 77 129 1.07506065573771 0.107675409836066
38.4666666666658 76 128 1.39108524590164 0.266144262295082
39.4833333333324 75 128 1.12444098360656 0.190791803278689
40.499999999999 74 128 0.860304918032787 0.120306557377049
41.5166666666656 74 127 0.776795081967213 0.0490672131147541
42.5333333333322 72 127 0.877652459016393 0.144836065573771
43.5499999999988 72 124 0.765693442622951 0.151001639344262
44.5666666666654 72 123 1.01823770491803 0.244693442622951
45.583333333332 72 122 0.776918032786885 0.101336065573771
46.5999999999986 71 121 0.860650819672131 0.358475409836066
47.6166666666652 70 122 0.856226229508197 0.193455737704918
48.6333333333319 69 123 1.28484754098361 0.108972131147541
49.6499999999985 67 124 1.93069836065574 0.902037704918033
50.6666666666651 67 123 1.4162737704918 0.166331147540984
52.6999999999983 66 124 0.899098360655738 0.270332786885246
54.7333333333315 65 123 0.807416393442623 0.178256557377049
56.7666666666647 63 124 0.818280327868853 0.33975737704918
57.7833333333313 62 125 0.733904918032787 0.119680327868852
58.7999999999979 59 128 0.699906557377049 0.093355737704918
59.8166666666646 58 129 3.99199672131148 0.824277049180328
60.8333333333312 57 128 2.74509836065574 0.341996721311475
62.8666666666644 56 129 1.02266393442623 0.398140163934426
64.8999999999976 54 130 1.57003196721312 0.227420491803279
65.9166666666642 53 130 2.66675245901639 0.119952459016393
66.9333333333308 52 130 2.81107049180328 0.408698360655738
68.966666666664 51 130 2.09670655737705 0.248319672131148
69.9833333333306 50 129 1.59196393442623 0.304795081967213
70.9999999999973 49 130 1.71975081967213 0.381016393442623
72.0166666666639 49 129 0.643801639344262 0.173790163934426
73.0333333333305 48 130 0.731762295081967 0.277903278688525
75.0666666666637 47 131 0.661949180327869 0.407886885245902
76.0833333333303 46 132 0.672062295081967 1.08279344262295
77.0999999999969 46 131 0.596265573770492 0.120608196721311
79.1333333333301 45 132 0.593334426229508 0.170391803278689
83.1999999999966 43 133 0.985858606557377 0.592239344262295
84.2166666666632 42 133 0.629113114754098 0.149609836065574
85.2333333333298 41 134 0.594891803278689 0.16467868852459
86.2499999999964 40 135 0.674488524590164 0.171185245901639
90.3166666666628 39 135 0.771929508196721 0.16851106557377
92.349999999996 38 136 0.566513114754098 0.0526360655737705
93.3666666666627 37 137 0.509562295081967 0.126704918032787
98.4499999999957 37 135 0.630823278688525 0.166130163934426
102.516666666662 36 135 1.21410532786885 0.252086885245902
103.533333333329 35 135 1.29010819672131 0.272808196721312
105.566666666662 34 136 0.909377868852459 0.163735245901639
106.583333333329 33 137 0.785752459016393 0.0809508196721312
119.799999999994 32 137 0.529988020176545 0.179404539722573
122.849999999994 32 136 0.435639344262295 0.186670491803279
124.883333333328 29 137 0.39120737704918 0.107596721311475
126.916666666661 28 138 0.343901639344262 0.0775844262295082
131.93333333333 27 137 1.00110531561462 0.228589700996678
133.933333333332 26 138 0.9346475 0.218785
135.933333333334 25 138 1.268575 0.293836666666667
137.933333333335 25 137 1.03310416666667 0.238331666666667
144.933333333341 24 137 1.11360285714286 0.261614523809524
146.933333333342 24 136 1.87885 0.3709575
153.933333333348 23 137 1.05549214285714 0.256394285714286
199.933333333385 22 138 0.316254094202899 0.104737572463768
201.933333333386 22 137 0.623235833333333 0.127898333333333
207.933333333391 21 138 0.294214722222222 0.0670811111111111
208.933333333392 21 137 0.23254 0.0298516666666667
242.933333333419 19 139 0.251641960784313 0.0415978431372549
247.933333333423 18 139 0.227453333333333 0.0456123333333333
252.933333333427 17 140 0.199786 0.0354656666666667
420.633333333279 16 141 0.187289206917118 0.0475059928443649
427.74999999994 15 142 0.178017330210773 0.0364021077283372
600 15 142 0.184733751205405 0.0432783799421408
