# New log 27/04/2014 23:45:55
1 128 128 2.23477333333333 0.604968333333333
4.04999999999999 126 129 1.53393442622951 0.566212021857924
5.06666666666665 125 128 1.88024754098361 0.472040983606557
6.08333333333332 124 121 1.87670327868852 0.559044262295082
7.09999999999998 123 119 3.94106557377049 0.9691
8.09999999999998 123 118 1.928885 0.21059
9.10000000000003 121 116 1.47701 0.426561666666667
10.1000000000001 119 117 1.99826 0.242623333333333
11.1000000000001 118 117 1.38422666666667 0.144456666666667
12.1000000000002 116 117 3.89657833333333 0.448983333333333
13.1000000000002 114 118 4.00776833333333 0.57628
14.1000000000003 113 118 3.9995 0.813178333333333
15.1000000000003 112 118 3.21295 0.652358333333333
16.1000000000004 111 119 2.88803 0.286156666666667
17.116666666667 110 118 2.42662950819672 0.582147540983607
18.1333333333336 110 117 3.07516557377049 0.603180327868853
19.1500000000002 110 116 3.92620163934426 0.61064262295082
20.1666666666668 108 115 3.82915409836066 0.437434426229508
21.1833333333334 107 114 5.18781147540984 0.58254262295082
22.2 106 115 6.67899836065574 0.60947868852459
23.2166666666666 105 115 8.16528032786885 0.578245901639344
24.2333333333332 103 116 7.27538360655738 0.476627868852459
25.2499999999998 102 115 7.43256229508197 0.575154098360656
26.2666666666665 101 115 5.13122786885246 0.407622950819672
27.2833333333331 100 116 1.72447868852459 1.52410983606557
28.2999999999997 96 120 2.11938196721312 0.34862131147541
29.3166666666663 95 120 2.92955901639344 0.191201639344262
30.3333333333329 94 120 3.80427049180328 0.288918032786885
31.3499999999995 91 121 3.96043442622951 0.368203278688525
32.3666666666661 90 122 4.73851475409836 0.315375409836066
33.3833333333327 88 123 4.54183278688525 0.239445901639344
35.4166666666659 85 124 3.31371721311475 0.372622131147541
37.4499999999992 83 126 1.90369590163934 0.208270491803279
38.4666666666658 82 127 4.01610491803279 0.36814262295082
39.4833333333324 81 128 3.02071475409836 0.2651
40.499999999999 81 127 2.50315409836065 0.248668852459016
41.5166666666656 78 130 2.28471639344262 0.233580327868852
43.5499999999988 76 132 1.46183360655738 0.199209016393443
44.5666666666654 74 133 1.43957704918033 0.215029508196721
45.583333333332 73 133 1.71138032786885 0.386570491803279
46.5999999999986 72 132 1.62306229508197 0.405639344262295
47.6166666666652 71 133 1.6403393442623 0.455636065573771
48.6333333333319 69 133 1.57540983606557 0.437527868852459
49.6499999999985 68 134 1.30926229508197 0.222373770491803
50.6666666666651 68 133 1.2830737704918 0.21892131147541
51.6833333333317 67 132 1.07130983606557 0.0891540983606557
52.6999999999983 67 131 1.16838852459016 0.0988459016393443
53.7166666666649 67 130 1.05798032786885 0.122452459016393
55.7499999999981 67 129 1.15750655737705 0.171898360655738
56.7666666666647 65 130 1.15265081967213 0.132603278688525
57.7833333333313 64 131 0.978124590163934 0.0946967213114754
58.7999999999979 63 132 1.6747606557377 0.189554098360656
60.8333333333312 61 133 1.22160163934426 0.133484426229508
61.8499999999978 60 134 0.990334426229508 0.199940983606557
62.8666666666644 59 135 0.909808196721311 0.128475409836066
63.883333333331 59 134 1.14794918032787 0.26602131147541
64.8999999999976 58 135 1.05080819672131 0.238083606557377
66.9333333333308 56 135 1.09248278688525 0.249927049180328
69.9833333333306 56 134 1.35334043715847 0.379812568306011
70.9999999999973 54 136 1.04642295081967 0.42885737704918
73.0333333333305 53 137 1.08465409836066 0.258881967213115
74.0499999999971 52 138 1.37541803278689 0.209022950819672
77.0999999999969 51 139 1.19503278688525 1.27241857923497
78.1166666666635 50 138 1.2355393442623 1.18319344262295
82.18333333333 50 137 1.1071012295082 0.419883196721312
84.2166666666632 49 138 0.977656557377049 0.116625409836066
85.2333333333298 49 136 0.89451475409836 0.135740983606557
88.2833333333296 48 137 0.98446612021858 0.259148087431694
89.2999999999962 47 138 1.01935409836066 0.0965672131147541
90.3166666666628 46 139 1.0278737704918 0.130486885245902
91.3333333333294 45 140 1.25170983606557 0.203354098360656
92.349999999996 44 141 0.831957377049181 0.14834262295082
93.3666666666627 43 140 1.8468262295082 0.347565573770492
97.4333333333291 41 141 0.885004918032787 0.19826762295082
100.483333333329 40 141 0.912613661202186 0.182313661202186
102.516666666662 39 142 1.79096393442623 0.184890163934426
109.633333333328 38 142 0.698274473067916 0.303539344262295
110.649999999995 36 144 0.694003278688524 0.121254098360656
111.666666666662 35 145 0.729160655737705 0.180029508196721
112.683333333328 34 145 0.657683606557377 0.177
117.766666666661 33 146 0.651718360655738 0.137093770491803
118.783333333328 31 148 0.581708196721312 0.116119672131148
120.816666666661 30 148 1.28932950819672 0.13414262295082
121.833333333328 29 148 1.7961262295082 0.170085245901639
130.93333333333 28 148 0.723059523809524 0.0919402930402931
132.933333333331 27 149 0.463955833333333 0.0802316666666667
134.933333333333 26 149 0.470143333333333 0.0979383333333333
141.933333333338 25 150 0.413367142857143 0.0875602380952381
144.933333333341 24 151 0.604846111111111 0.0817688888888889
145.933333333342 23 152 1.55737333333333 0.0851733333333333
146.933333333342 22 153 0.382415 0.0612433333333333
148.933333333344 21 154 0.398594166666666 0.0593058333333333
152.933333333347 21 153 0.838889583333333 0.0973695833333333
154.933333333349 21 152 1.1656075 0.1265425
159.933333333353 20 152 1.39975033333333 0.145780333333333
164.933333333357 19 153 1.60752366666667 0.171739333333333
180.933333333369 18 154 0.223247291666667 0.0214414583333333
185.933333333373 17 154 0.195430666666667 0.0102506666666667
188.933333333376 16 155 0.243711666666667 0.0690616666666667
194.933333333381 14 157 0.171506666666667 0.00609444444444444
211.933333333394 13 158 0.124200882352941 0.00240754901960784
221.933333333402 12 158 0.1024265 0.000182
236.933333333414 11 159 0.0925866666666666 0.000213888888888889
482.64999999989 11 158 0.0850216102557113 0.000223773994438038
600 11 158 0.0981390898812901 0.000185684002261165
