# New log 27/04/2014 23:44:25
1 128 128 4.21925333333333 1.40789333333333
3.03333333333333 128 127 2.61671147540984 1.21286475409836
4.04999999999999 127 127 2.62227213114754 1.43842786885246
5.06666666666665 126 119 2.81707704918033 1.1758
6.08333333333332 125 117 3.23024918032787 0.864724590163935
7.09999999999998 124 117 5.62598852459017 1.23865901639344
8.09999999999998 123 117 4.06627833333333 1.04573333333333
9.10000000000003 120 119 2.970205 0.782995
10.1000000000001 119 118 3.59022833333333 1.27831333333333
12.1000000000002 118 117 3.12988333333333 0.742506666666667
13.1000000000002 116 118 4.46602 0.767915
14.1000000000003 115 116 5.02497333333333 0.895043333333333
15.1000000000003 114 115 5.386935 0.901085
16.1000000000004 113 115 5.38957333333333 1.80305833333333
17.116666666667 111 115 3.36241475409836 0.631655737704918
18.1333333333336 110 114 4.04469344262295 1.22548852459016
20.1666666666668 109 114 3.79226803278689 0.835319672131148
21.1833333333334 108 114 3.59285901639344 0.671213114754098
22.2 106 115 3.89439836065574 0.824381967213115
23.2166666666666 105 115 3.44230491803279 0.731670491803279
24.2333333333332 104 115 2.88267868852459 0.765955737704918
26.2666666666665 103 114 2.93152704918033 0.788039344262295
27.2833333333331 102 115 2.18945245901639 0.718116393442623
28.2999999999997 101 116 2.01760655737705 0.5502
29.3166666666663 100 116 2.65133278688525 0.294609836065574
30.3333333333329 99 114 3.93054098360656 0.619940983606557
31.3499999999995 97 116 5.36983442622951 0.973765573770492
33.3833333333327 95 117 4.77557704918033 0.7666
34.3999999999993 94 116 5.34693770491803 1.38747049180328
35.4166666666659 93 116 4.74065081967213 0.915903278688525
36.4333333333325 92 115 3.70077704918033 0.501916393442623
37.4499999999992 90 116 4.09098524590164 0.56504262295082
38.4666666666658 89 117 3.62560819672131 0.38355737704918
39.4833333333324 88 118 2.0633606557377 0.0572065573770492
40.499999999999 86 120 1.46823114754098 0.00687049180327869
43.5499999999988 85 120 1.87347049180328 0.107015846994536
44.5666666666654 84 120 1.59753770491803 0.311134426229508
46.5999999999986 84 119 1.72696885245902 0.0879254098360656
47.6166666666652 81 120 1.4587606557377 0.162568852459016
48.6333333333319 80 121 1.41576557377049 0.723039344262295
50.6666666666651 79 122 1.86742131147541 0.13187868852459
51.6833333333317 78 122 3.05128360655738 0.174929508196721
52.6999999999983 76 124 1.3906868852459 0.092044262295082
55.7499999999981 75 125 1.49499890710383 0.0692989071038251
56.7666666666647 74 126 1.35785245901639 0.0796540983606557
58.7999999999979 74 125 1.41486393442623 0.166403278688525
60.8333333333312 73 125 1.37774836065574 0.0923770491803279
62.8666666666644 73 124 1.66708852459016 0.0882532786885246
63.883333333331 72 125 1.37438524590164 0.0315032786885246
64.8999999999976 71 126 1.33968196721312 0.0447950819672131
65.9166666666642 70 126 1.26035081967213 0.0506065573770492
67.9499999999974 70 125 1.46240901639344 0.147189344262295
69.9833333333306 69 125 1.67405983606557 0.254981147540984
70.9999999999973 69 124 1.5152262295082 0.725185245901639
76.0833333333303 67 126 1.74912754098361 0.439768196721311
77.0999999999969 67 125 1.90214426229508 0.0687475409836066
78.1166666666635 66 123 1.30375901639344 0.0118131147540984
79.1333333333301 65 123 1.17733770491803 0.057027868852459
82.18333333333 65 122 1.18411092896175 0.0979174863387978
83.1999999999966 63 123 1.18997213114754 0.0353655737704918
84.2166666666632 62 124 1.15190163934426 0.0812967213114754
87.266666666663 61 125 1.14031038251366 0.0149945355191257
88.2833333333296 61 124 1.13969672131148 0.129545901639344
92.349999999996 61 123 1.20790778688525 0.0668520491803279
94.3833333333293 60 124 1.12557131147541 0.066577868852459
95.3999999999959 59 125 1.00582131147541 0.0667901639344262
96.4166666666625 57 126 0.946970491803279 0.0559032786885246
97.4333333333291 57 125 0.94574262295082 0.211739344262295
101.499999999996 56 125 0.942473770491803 0.126834426229508
102.516666666662 55 126 0.923801639344262 0.0646
103.533333333329 54 127 0.913644262295082 0.105267213114754
104.549999999995 52 128 0.871727868852459 0.114339344262295
105.566666666662 51 129 0.932836065573771 0.261390163934426
111.666666666662 51 128 0.83649344262295 0.0602185792349727
114.716666666661 50 129 0.932888524590164 0.155081420765027
116.749999999995 48 129 0.84915 0.0789040983606557
117.766666666661 47 129 0.745211475409836 0.0462704918032787
125.899999999994 46 130 0.869253483606557 0.242661680327869
128.933333333328 45 130 0.951296153846154 0.24366978021978
130.93333333333 44 130 0.9985 0.196910833333333
133.933333333332 44 129 0.866017777777778 0.0735483333333333
134.933333333333 43 128 0.722123333333334 0.0469816666666667
135.933333333334 41 130 0.686938333333334 0.0505866666666667
136.933333333334 40 131 0.704723333333333 0.0177866666666667
138.933333333336 39 131 0.636959166666667 0.0482008333333333
140.933333333338 38 132 0.64269 0.312706666666667
146.933333333342 37 133 0.64305 0.233900833333333
148.933333333344 36 134 0.643305 0.247328333333333
158.933333333352 36 133 0.591414666666666 0.189206
161.933333333354 36 132 0.572705555555556 0.0522155555555556
164.933333333357 36 131 0.552439444444445 0.0594788888888889
173.933333333364 35 131 0.554229074074074 0.0537933333333333
177.933333333367 34 132 0.5325275 0.02788
200.933333333385 33 133 0.53706384057971 0.0167716666666667
203.933333333388 33 132 0.583168888888889 0.0249511111111111
204.933333333389 32 132 0.52556 0.000235
205.933333333389 32 131 0.536205 0.00858
206.93333333339 31 131 0.511738333333333 0.0417116666666667
208.933333333392 31 130 0.501611666666667 0.00148166666666667
212.933333333395 30 131 0.506615 0.0026
214.933333333397 29 131 0.512895833333333 0.0254266666666667
222.933333333403 29 130 0.504540000000001 0.00394333333333333
225.933333333405 29 129 0.510407222222223 0.14024
228.933333333408 28 129 0.570886666666667 0.208666666666667
232.933333333411 28 128 0.530150833333333 0.227415
233.933333333412 27 128 0.493285 0.207345
235.933333333413 26 128 0.455164166666667 0.198733333333333
254.933333333428 25 129 0.436537631578947 0.0157758771929825
257.966666666761 25 128 0.408987362637363 0.00021978021978022
278.300000000076 25 127 0.406482540983607 0.00253795081967213
291.51666666673 24 128 0.421582219419924 0.00931967213114754
298.63333333339 23 129 0.400383372365339 0.000207025761124122
301.683333333388 22 130 0.388256830601093 0.0126661202185792
311.850000000045 21 131 0.372670819672131 0.00221262295081967
312.866666666711 20 132 0.341154098360656 0.000211475409836066
369.799999999992 20 131 0.342635362997658 0.000282289227166276
600 20 131 0.419882458294212 0.0179314075250957
