# New log 27/04/2014 23:43:16
1 128 128 1.78243 3.98342666666667
3.03333333333333 127 128 1.08584836065574 0.722706557377049
4.04999999999999 122 131 1.53012295081967 0.408580327868852
5.06666666666665 120 131 1.32943934426229 0.563729508196721
6.08333333333332 119 132 1.22122295081967 0.289016393442623
7.09999999999998 118 133 1.29068196721312 0.332032786885246
8.09999999999998 117 134 0.862373333333334 0.423241666666667
9.10000000000003 116 135 1.05721 0.4924
10.1000000000001 115 135 1.867045 0.547641666666667
11.1000000000001 112 137 1.68921666666667 0.754903333333333
12.1000000000002 109 140 1.03785666666667 0.916108333333333
13.1000000000002 108 140 0.88693 0.821111666666667
14.1000000000003 106 140 0.88951 0.530606666666667
15.1000000000003 105 141 0.91739 0.332421666666667
16.1000000000004 105 140 0.905116666666667 0.87339
17.116666666667 102 143 0.930519672131148 0.680052459016394
18.1333333333336 101 143 0.929804918032787 0.557983606557377
19.1500000000002 100 141 0.913122950819672 0.3782
20.1666666666668 100 139 0.876567213114754 0.29906393442623
21.1833333333334 96 142 0.807522950819672 0.0729803278688525
22.2 93 143 0.799170491803279 0.283481967213115
23.2166666666666 91 145 0.868363934426229 0.544444262295082
24.2333333333332 90 145 0.789183606557377 0.0980360655737705
25.2499999999998 88 147 0.779790163934426 0.197865573770492
26.2666666666665 87 148 0.885001639344262 0.229950819672131
27.2833333333331 86 149 0.775129508196721 0.0609590163934426
28.2999999999997 85 148 0.881 0.206852459016393
29.3166666666663 85 147 0.76014262295082 0.0261262295081967
30.3333333333329 83 147 0.784765573770492 0.00949344262295082
32.3666666666661 83 146 0.854250819672131 0.134941803278689
33.3833333333327 82 146 0.76367868852459 0.132154098360656
34.3999999999993 78 148 0.759504918032787 0.157255737704918
35.4166666666659 78 147 0.728052459016393 0.248668852459016
36.4333333333325 75 149 0.699483606557377 0.204681967213115
37.4499999999992 74 149 0.638393442622951 0.208144262295082
38.4666666666658 73 148 0.638572131147541 0.289718032786885
39.4833333333324 72 149 0.619814754098361 0.301511475409836
40.499999999999 70 151 0.88232131147541 0.508422950819672
41.5166666666656 67 152 0.927199999999999 0.211365573770492
42.5333333333322 66 153 0.643436065573771 0.265139344262295
43.5499999999988 65 154 0.686662295081967 0.276281967213115
44.5666666666654 64 153 0.634681967213115 0.294013114754098
46.5999999999986 63 154 0.602787704918033 0.0947696721311476
47.6166666666652 62 155 0.566447540983607 0.107127868852459
49.6499999999985 57 157 0.514731147540984 0.0332245901639344
50.6666666666651 56 157 0.492654098360656 0.110649180327869
51.6833333333317 55 158 0.45517868852459 0.0173819672131148
52.6999999999983 53 159 0.449526229508197 0.00869016393442623
53.7166666666649 52 159 0.487018032786885 0.011072131147541
55.7499999999981 52 158 0.506985245901639 0.0638106557377049
56.7666666666647 51 158 0.50447868852459 0.045372131147541
58.7999999999979 50 159 0.513189344262295 0.0411016393442623
59.8166666666646 50 158 0.489922950819672 0.219770491803279
60.8333333333312 49 159 0.4516 0.121752459016393
61.8499999999978 48 160 0.47353606557377 0.00479836065573771
62.8666666666644 46 160 0.466190163934426 0.0564213114754098
63.883333333331 45 161 0.467347540983606 0.251890163934426
64.8999999999976 43 162 0.664413114754098 0.0379786885245902
65.9166666666642 42 163 0.429281967213115 0.150750819672131
66.9333333333308 41 164 0.430929508196721 0.0158967213114754
68.966666666664 40 165 0.490904098360656 0.103167213114754
69.9833333333306 39 166 0.988095081967213 0.166618032786885
74.0499999999971 38 167 0.789113524590163 0.127656967213115
76.0833333333303 37 167 0.448240983606557 0.135159016393443
77.0999999999969 36 166 0.504362295081967 0.0444606557377049
78.1166666666635 35 165 0.45368524590164 0.0510459016393443
79.1333333333301 34 165 0.354350819672131 0.0531950819672131
80.1499999999967 31 167 0.319280327868852 0.0488360655737705
82.18333333333 30 167 0.320004098360656 0.0510360655737705
85.2333333333298 29 168 0.320692349726776 1.26261967213115
86.2499999999964 28 168 0.23602131147541 0.613977049180328
87.266666666663 27 169 0.245650819672131 0.857226229508197
88.2833333333296 25 171 0.219459016393443 0.705429508196721
92.349999999996 24 172 0.226071721311475 0.469323770491803
96.4166666666625 23 172 0.242331557377049 0.0268877049180328
100.483333333329 22 172 0.208958606557377 0.13310368852459
103.533333333329 22 171 0.167918032786885 0.033072131147541
104.549999999995 20 172 0.157747540983607 0.000181967213114754
105.566666666662 19 172 0.160891803278689 0.000172131147540984
108.616666666662 18 173 0.134309289617486 0.00564262295081967
109.633333333328 18 172 0.158068852459016 0.0410032786885246
114.716666666661 17 172 0.152060983606557 0.0494980327868852
117.766666666661 16 173 0.147810382513661 0.00134153005464481
118.783333333328 15 173 0.147814754098361 0.018555737704918
119.799999999994 15 172 0.120147540983607 0.0309852459016393
121.833333333328 14 173 0.10272868852459 0.125881147540984
134.933333333333 13 174 0.105875572519084 0.0241729007633588
135.933333333334 12 175 0.104103333333333 0.005395
136.933333333334 11 176 0.090875 0.0002
137.933333333335 9 178 0.108616666666667 0.0230416666666667
143.93333333334 8 179 0.0711986111111111 0.00167388888888889
148.933333333344 7 179 0.0637713333333333 0.000190333333333333
151.933333333346 6 180 0.0420511111111111 0.000156666666666667
180.933333333369 6 179 0.0370091379310344 0.00172448275862069
184.933333333373 5 179 0.0456083333333333 0.000175416666666667
231.93333333341 4 180 0.0252297163120568 0.000169751773049645
277.28333333341 3 180 0.0154590224182286 0.000166960676221977
438.933333333263 2 181 0.00999230848541075 0.0005589132900299
600 2 181 0.0025832044540677 0.000169471079492731
