# New log 27/04/2014 23:24:26
1 128 128 1.97206333333333 0.885013333333333
4.04999999999999 128 127 1.42033278688525 0.622934972677596
5.06666666666665 126 128 1.49818196721311 0.284159016393443
6.08333333333332 122 127 1.47200163934426 1.81862295081967
7.09999999999998 122 125 1.13216885245902 0.126739344262295
8.09999999999998 121 125 2.09547333333333 0.354983333333333
9.10000000000003 121 124 3.25765666666667 0.792151666666667
10.1000000000001 120 124 1.30140166666667 0.479486666666667
11.1000000000001 119 124 1.37988 0.965533333333333
12.1000000000002 116 124 3.91837 0.755248333333333
13.1000000000002 113 125 1.81802833333333 0.288558333333333
14.1000000000003 111 126 1.22532833333333 0.204276666666667
15.1000000000003 111 125 2.31249 0.234901666666667
16.1000000000004 109 124 1.73672666666667 0.308676666666667
18.1333333333336 108 124 2.56039590163934 0.510445081967213
19.1500000000002 106 125 2.9483131147541 0.828381967213115
20.1666666666668 105 126 5.69782459016394 1.1307606557377
21.1833333333334 103 124 4.46935409836066 0.862350819672131
22.2 102 123 3.12494262295082 0.717514754098361
23.2166666666666 101 123 3.78697868852459 0.852570491803279
24.2333333333332 99 124 6.43996393442623 0.744726229508197
25.2499999999998 98 124 4.61137049180328 0.893139344262295
26.2666666666665 98 123 5.16075409836066 1.02455573770492
27.2833333333331 96 125 4.5442868852459 0.413719672131148
28.2999999999997 93 126 3.57560163934426 0.516704918032787
30.3333333333329 91 127 4.03017295081967 0.964919672131148
31.3499999999995 90 128 4.65522131147541 0.661801639344262
32.3666666666661 89 129 6.41005409836066 2.0949
33.3833333333327 87 130 6.64589508196722 4.37482131147541
34.3999999999993 86 131 5.86216721311475 1.6892737704918
36.4333333333325 83 133 8.08329672131148 1.93999590163934
37.4499999999992 81 133 6.53976557377049 2.15798524590164
38.4666666666658 79 135 3.51606229508197 0.629809836065574
42.5333333333322 77 135 2.33790819672131 0.221298360655738
43.5499999999988 76 135 0.965045901639345 0.25825737704918
45.583333333332 76 134 1.15228360655738 0.870766393442623
46.5999999999986 74 135 1.30520819672131 0.152293442622951
47.6166666666652 73 136 1.76253278688525 0.355339344262295
48.6333333333319 72 135 0.876524590163934 0.0744393442622951
49.6499999999985 68 138 1.07699836065574 0.162716393442623
50.6666666666651 67 138 0.94794262295082 0.248467213114754
52.6999999999983 65 137 0.981009016393443 0.823802459016393
55.7499999999981 61 141 1.22734426229508 0.370860109289617
56.7666666666647 60 141 0.794426229508197 0.278027868852459
57.7833333333313 59 142 1.68044754098361 0.491554098360656
58.7999999999979 59 141 0.800091803278689 0.656288524590164
59.8166666666646 56 143 4.48593114754098 0.932762295081967
60.8333333333312 54 145 6.18686721311476 0.909160655737705
63.883333333331 53 146 3.93922404371585 0.577101092896175
65.9166666666642 53 145 3.74044590163935 0.53302868852459
66.9333333333308 53 144 3.63445573770492 0.5185
68.966666666664 52 145 2.12414672131147 0.639868032786885
70.9999999999973 51 145 0.746633606557377 0.654509836065574
72.0166666666639 48 147 0.60804262295082 0.656144262295082
76.0833333333303 47 148 0.746617213114754 1.2255118852459
79.1333333333301 46 149 1.0488 0.626573770491803
81.1666666666633 45 149 1.19939016393443 0.536202459016394
85.2333333333298 45 148 0.846513114754098 0.160430737704918
86.2499999999964 45 147 0.57905737704918 0.176339344262295
87.266666666663 44 148 0.691283606557377 0.304045901639344
89.2999999999962 42 149 0.849651639344262 0.76975737704918
91.3333333333294 41 150 0.759803278688525 0.189995901639344
92.349999999996 40 149 1.12868360655738 0.323401639344262
100.483333333329 38 150 1.10973463114754 0.36721987704918
103.533333333329 38 149 0.777624590163935 0.336684699453552
104.549999999995 38 148 0.779485245901639 0.278224590163934
106.583333333329 36 148 0.823839344262295 0.213150819672131
108.616666666662 35 149 0.737753278688525 0.381693442622951
110.649999999995 34 150 0.838504918032787 0.207261475409836
112.683333333328 33 150 0.452923770491804 0.12147868852459
113.699999999995 32 150 0.391768852459016 0.119847540983607
118.783333333328 31 151 0.396370163934426 0.0534875409836066
120.816666666661 30 152 0.584906557377049 0.0106737704918033
121.833333333328 30 151 2.663 0.103037704918033
123.866666666661 29 151 0.40108524590164 0.0190459016393443
126.916666666661 28 151 0.358727868852459 0.0224836065573771
129.933333333329 26 153 0.346598342541436 0.0116541436464088
130.93333333333 25 154 0.314605 0.0187783333333333
131.93333333333 24 155 0.486506666666667 0.0249566666666667
145.933333333342 24 154 0.337453333333333 0.0547271428571429
146.933333333342 24 153 0.263548333333333 0.00019
152.933333333347 23 153 0.3063975 0.0211541666666667
154.933333333349 23 152 0.325409166666667 0.0259908333333333
155.93333333335 22 153 0.254503333333333 0.00104666666666667
162.933333333355 21 152 0.247832619047619 0.00148071428571429
164.933333333357 20 153 0.176891666666667 0.000418333333333333
177.933333333367 19 153 0.213179615384616 0.0135473076923077
188.933333333376 19 152 0.195495757575758 0.00409090909090909
193.93333333338 18 152 0.210603333333334 0.008927
195.933333333381 17 153 0.201945 0.031895
199.933333333385 16 154 0.245439166666667 0.105420833333333
202.933333333387 15 155 0.149966666666667 0.000452777777777778
217.933333333399 15 153 0.242125 0.0178855555555556
219.933333333401 14 153 0.144485 0.000565833333333333
220.933333333401 13 154 0.125831666666667 0.0002
240.933333333417 12 154 0.106091 0.000433
247.933333333423 11 155 0.0939871428571428 0.000659047619047619
258.983333333426 10 156 0.0835368024132728 0.00789819004524887
325.0666666667 9 157 0.0738040857503152 0.00217687263556116
600 9 157 0.0674041316314811 0.000192982880648479
