# New log 27/04/2014 23:21:18
1 128 128 1.79896833333333 7.01618
4.04999999999999 127 127 1.72317267759563 1.22079234972678
6.08333333333332 126 128 1.50474508196721 0.763145081967213
7.09999999999998 124 128 1.32656065573771 0.669432786885246
8.09999999999998 121 130 1.06947833333333 0.500688333333333
9.10000000000003 120 131 0.976361666666667 0.996935
10.1000000000001 119 131 0.990563333333333 1.03384333333333
11.1000000000001 118 132 1.64073833333333 0.428411666666667
12.1000000000002 115 134 1.09240166666667 0.453501666666667
13.1000000000002 114 135 1.61139 0.455853333333333
14.1000000000003 113 136 1.22442833333333 0.277035
15.1000000000003 111 137 1.189835 0.571806666666667
17.116666666667 110 137 0.907920661157025 0.661980991735537
18.1333333333336 108 138 1.02113114754098 0.617947540983607
19.1500000000002 106 138 0.854955737704918 0.592501639344262
20.1666666666668 105 139 0.697516393442623 0.588327868852459
21.1833333333334 104 140 0.732947540983607 0.280068852459016
22.2 102 140 0.835481967213115 0.487311475409836
23.2166666666666 98 142 1.10955245901639 0.558368852459016
24.2333333333332 94 146 1.06336721311475 0.237368852459016
25.2499999999998 93 147 1.55445737704918 0.246593442622951
26.2666666666665 90 150 0.807036065573771 0.201085245901639
27.2833333333331 90 147 0.831249180327869 0.30442131147541
28.2999999999997 86 150 2.17447049180328 0.608265573770492
29.3166666666663 85 150 2.88566393442623 0.517908196721312
30.3333333333329 82 152 0.616072131147541 0.260803278688525
31.3499999999995 81 152 0.877273770491804 0.0374704918032787
32.3666666666661 80 151 0.658134426229508 0.688018032786885
34.3999999999993 79 151 0.742913934426229 0.188969672131148
35.4166666666659 79 150 0.835311475409836 0.265044262295082
37.4499999999992 78 150 1.17494016393443 0.218904918032787
39.4833333333324 77 151 0.86355737704918 0.117870491803279
41.5166666666656 76 152 0.640365573770492 0.174209016393443
42.5333333333322 75 151 0.693245901639344 0.156427868852459
43.5499999999988 75 150 0.777014754098361 0.130645901639344
44.5666666666654 74 149 1.31390163934426 0.0867360655737705
45.583333333332 74 147 0.664173770491803 1.13231475409836
46.5999999999986 73 148 0.682859016393443 3.66201147540984
47.6166666666652 70 150 0.700295081967213 4.58072786885246
48.6333333333319 69 151 0.883565573770492 3.46414590163934
49.6499999999985 66 154 1.57100163934426 0.992716393442623
51.6833333333317 65 155 1.71859016393443 0.735446721311475
52.6999999999983 64 155 0.764013114754098 0.235198360655738
53.7166666666649 63 156 0.625755737704918 0.418829508196721
54.7333333333315 62 156 0.950434426229508 0.553195081967213
55.7499999999981 59 156 0.84404262295082 0.195960655737705
57.7833333333313 56 158 0.960861475409836 0.154888524590164
58.7999999999979 55 158 0.503250819672131 2.12587049180328
61.8499999999978 54 159 0.53434043715847 5.91519398907104
63.883333333331 52 161 0.507519672131148 2.67503442622951
67.9499999999974 52 160 0.44466106557377 0.401681147540984
68.966666666664 51 158 0.444270491803279 0.449460655737705
69.9833333333306 49 159 0.536239344262295 0.0949934426229508
70.9999999999973 48 160 0.436134426229508 0.0959508196721312
72.0166666666639 47 161 0.444034426229508 0.144480327868852
74.0499999999971 45 163 0.416924590163935 0.115591803278689
76.0833333333303 44 164 0.442655737704918 0.114516393442623
78.1166666666635 44 163 0.49775 0.213718032786885
79.1333333333301 41 165 0.57792131147541 0.334134426229508
81.1666666666633 40 165 0.479980327868852 0.0471245901639344
82.18333333333 40 164 0.380483606557377 0.130167213114754
87.266666666663 39 164 0.453305245901639 0.0801583606557377
89.2999999999962 38 165 0.413809836065574 0.0300901639344262
90.3166666666628 37 165 0.412218032786885 0.0733049180327869
91.3333333333294 35 167 0.397149180327869 0.0560065573770492
92.349999999996 33 168 0.375686885245902 0.0241737704918033
95.3999999999959 31 169 0.386967759562841 0.0651098360655738
100.483333333329 30 170 0.278708524590164 0.0963980327868853
113.699999999995 29 171 0.275710970996217 0.54625157629256
115.733333333328 28 172 0.255584426229508 0.0469098360655738
120.816666666661 27 172 0.27702 0.199093770491803
129.933333333329 27 171 0.26133126142596 0.117071480804388
130.93333333333 27 170 0.257955 0.012215
132.933333333331 26 171 0.26288 1.23371083333333
133.933333333332 25 172 0.299091666666667 1.35611666666667
134.933333333333 24 173 0.267193333333333 1.41376
137.933333333335 24 172 0.281918333333333 2.4346
141.933333333338 23 172 0.292415833333333 1.59496333333333
142.933333333339 22 173 0.347713333333333 1.03199333333333
144.933333333341 21 174 0.30265 1.07408666666667
145.933333333342 20 175 0.340293333333333 1.07862
148.933333333344 19 176 0.321926666666667 1.10954888888889
149.933333333345 18 177 0.303791666666667 1.21347833333333
150.933333333346 16 179 0.54344 1.158985
153.933333333348 16 178 0.177101111111111 0.489312777777778
154.933333333349 14 179 0.161501666666667 0.989965
156.93333333335 13 179 0.147895 0.854898333333333
163.933333333356 12 180 0.142285476190476 0.186403095238095
167.933333333359 11 181 0.119501666666667 0.00272541666666667
209.933333333393 10 181 0.11064253968254 0.00207531746031746
242.933333333419 9 182 0.0906708585858586 0.00172318181818182
253.933333333428 8 182 0.0757509090909091 0.00943984848484849
270.16666666675 7 183 0.0615088295687885 0.00937577002053388
272.200000000081 7 181 0.0503106557377049 0.00015983606557377
273.216666666747 6 181 0.0527704918032787 0.000167213114754098
283.383333333404 5 181 0.0354137704918033 0.00865098360655738
336.250000000023 5 180 0.0364895334174022 0.00430507566204288
345.400000000015 4 181 0.0413728597449909 0.00018615664845173
347.433333333346 3 182 0.0215540983606557 0.000199180327868852
600 3 182 0.0140506879978935 0.000178102574231352
