# New log 27/04/2014 23:22:42
1 128 128 3.93625833333333 1.94573666666667
4.04999999999999 127 129 2.22638469945355 0.82148306010929
5.06666666666665 126 127 2.54856885245902 1.05941803278689
6.08333333333332 124 125 2.76014098360656 0.559922950819672
7.09999999999998 123 124 2.61009344262295 0.398439344262295
8.09999999999998 121 126 2.91978 0.649835
9.10000000000003 119 125 3.37168833333333 0.769215
10.1000000000001 118 125 3.14884 0.61564
12.1000000000002 118 123 3.6660675 0.591675833333333
13.1000000000002 117 123 3.49352833333333 0.475786666666667
14.1000000000003 115 123 3.23492833333333 0.496301666666667
15.1000000000003 113 125 4.357245 0.67713
16.1000000000004 112 125 4.27702666666667 0.729166666666667
17.116666666667 112 123 5.64376885245902 1.48629836065574
18.1333333333336 111 122 5.13268032786885 1.77426557377049
19.1500000000002 109 124 4.4966262295082 1.05665081967213
20.1666666666668 106 125 4.96523934426229 1.20816557377049
21.1833333333334 105 125 5.94889508196721 1.70079180327869
23.2166666666666 104 124 6.85216393442623 1.68796967213115
24.2333333333332 103 123 6.24520163934426 1.88148196721311
26.2666666666665 99 126 8.0873 2.03689426229508
27.2833333333331 98 127 6.55120491803279 1.893
28.2999999999997 97 127 6.14843114754098 1.89977213114754
29.3166666666663 96 128 5.5542868852459 1.88068360655738
30.3333333333329 93 130 4.30741475409836 0.8486
31.3499999999995 93 129 4.39131639344262 0.789272131147541
32.3666666666661 92 130 4.24636065573771 0.752155737704918
34.3999999999993 91 131 4.00404918032787 0.619245901639344
35.4166666666659 90 132 2.93165081967213 0.528368852459016
36.4333333333325 88 132 4.56492622950819 0.534752459016393
37.4499999999992 88 129 2.33002786885246 0.494108196721312
38.4666666666658 86 131 2.78139344262295 0.433419672131148
39.4833333333324 83 132 1.9346 0.803216393442623
40.499999999999 83 131 2.68508196721311 0.607801639344262
41.5166666666656 81 132 2.66915573770492 0.743522950819672
42.5333333333322 81 131 2.68997213114754 0.644706557377049
43.5499999999988 80 129 2.74642950819672 1.59341639344262
44.5666666666654 80 128 2.76865409836066 1.91731639344262
45.583333333332 78 130 2.63035409836066 1.84013278688525
46.5999999999986 76 131 3.05931475409836 1.71602786885246
47.6166666666652 73 133 2.39261475409836 1.61324426229508
48.6333333333319 70 133 2.1565868852459 1.4229262295082
51.6833333333317 67 134 3.99064699453552 1.91685300546448
53.7166666666649 67 133 3.60965983606557 1.77106393442623
54.7333333333315 66 134 3.8972393442623 1.08963442622951
55.7499999999981 65 135 3.11425573770492 0.573708196721311
56.7666666666647 63 133 3.11434918032787 0.50796393442623
58.7999999999979 62 132 2.71805081967213 0.391753278688525
59.8166666666646 61 132 2.51331803278688 0.437672131147541
60.8333333333312 60 132 1.33628524590164 0.226201639344262
62.8666666666644 58 132 1.45458442622951 0.223050819672131
65.9166666666642 54 133 1.63797759562841 0.848197267759563
67.9499999999974 53 134 1.84459180327869 1.07412213114754
68.966666666664 51 133 1.61795737704918 0.227824590163934
70.9999999999973 50 133 1.23536393442623 0.194585245901639
73.0333333333305 48 135 1.69153442622951 0.30835
74.0499999999971 47 136 2.37129672131147 0.793903278688525
75.0666666666637 46 137 1.15685245901639 0.205045901639344
79.1333333333301 46 136 1.7790606557377 0.314579918032787
81.1666666666633 44 136 1.66738114754098 0.253922950819672
82.18333333333 42 136 0.985362295081967 0.160816393442623
83.1999999999966 42 135 1.49831803278689 0.272704918032787
85.2333333333298 42 134 1.2505 0.269975409836066
87.266666666663 41 135 1.68277131147541 0.34966393442623
88.2833333333296 41 134 1.2605868852459 0.26767868852459
90.3166666666628 40 134 1.25328852459016 0.292884426229508
93.3666666666627 38 135 3.64139344262295 0.238308196721312
95.3999999999959 37 135 1.3531 0.172909836065574
99.4666666666623 36 136 1.23231270491803 0.272461475409836
101.499999999996 34 137 0.869022950819672 0.207239344262295
103.533333333329 33 137 0.833016393442623 0.175572950819672
111.666666666662 32 138 2.61363012295082 0.820984221311475
113.699999999995 31 139 3.67067950819672 1.32279508196721
115.733333333328 30 139 3.32492049180328 1.22361065573771
121.833333333328 28 141 2.79829972677596 0.506723224043716
123.866666666661 26 142 1.57448852459016 0.312446721311475
129.933333333329 26 141 0.582872527472527 0.158133791208791
130.93333333333 25 142 0.543376666666667 0.140535
133.933333333332 24 143 3.93517444444444 1.49531555555556
134.933333333333 23 144 5.58672 2.13769833333333
142.933333333339 22 145 0.804288958333333 0.260345833333333
149.933333333345 22 144 0.568371428571428 0.164582142857143
155.93333333335 22 143 0.526408888888889 0.239865833333333
156.93333333335 22 142 0.501753333333333 0.178811666666667
159.933333333353 21 143 0.692237222222222 0.226467222222222
163.933333333356 20 144 0.47017875 0.157410416666667
165.933333333358 19 144 0.4713475 0.169765833333333
167.933333333359 19 143 0.471185 0.154215833333333
175.933333333365 19 142 0.807893958333333 0.194583541666667
180.933333333369 18 142 0.639949 0.17272
189.933333333377 18 141 0.427724074074073 0.15061
198.933333333384 18 140 0.506684074074074 0.21059537037037
200.933333333385 17 141 0.4329225 0.196371666666667
218.9333333334 16 142 0.419132592592593 0.215024814814815
225.933333333405 15 143 1.43090785714286 0.0882007142857143
226.933333333406 15 142 0.3683 0.0424883333333333
232.933333333411 14 143 0.464952222222222 0.0628544444444444
234.933333333412 13 144 0.338488333333333 0.0481958333333333
260.000000000092 12 145 0.307648071808511 0.045811170212766
271.183333333415 11 145 0.306685692995529 0.0500415797317437
600 11 145 0.29395059704513 0.0439844818862578
