# New log 27/04/2014 23:53:48
1 128 128 3.679575 1.78417833333333
4.04999999999999 127 127 2.45035355191257 1.25095573770492
5.06666666666665 127 126 2.37209836065574 0.777034426229508
6.08333333333332 127 124 2.24499180327869 0.302645901639344
7.09999999999998 127 123 1.89331639344262 0.158819672131148
8.09999999999998 125 122 2.97586666666667 0.419651666666667
9.10000000000003 124 120 2.77303333333333 0.493863333333333
10.1000000000001 121 123 1.88103833333333 0.204326666666667
11.1000000000001 120 122 1.95121333333333 0.145375
12.1000000000002 118 122 1.85008 0.090855
13.1000000000002 117 123 2.49108166666667 0.144963333333333
14.1000000000003 117 122 1.96053666666667 0.0914016666666667
15.1000000000003 112 126 1.99551333333333 0.132823333333333
16.1000000000004 111 125 2.35644333333333 0.18338
17.116666666667 109 121 3.57286885245902 0.735734426229508
18.1333333333336 108 120 4.17236065573771 1.15724426229508
19.1500000000002 107 119 4.21698360655738 0.589034426229508
20.1666666666668 107 118 2.87750327868852 0.484840983606557
21.1833333333334 105 116 2.69049672131148 0.307159016393443
22.2 103 115 3.01755081967213 0.348083606557377
23.2166666666666 102 115 2.51213606557377 0.168398360655738
24.2333333333332 101 116 3.37045245901639 0.33675737704918
25.2499999999998 100 117 2.78860327868852 0.223977049180328
26.2666666666665 99 116 2.83866557377049 0.384139344262295
27.2833333333331 99 115 3.94000327868852 0.414222950819672
28.2999999999997 97 117 3.38007049180328 0.410152459016393
29.3166666666663 96 117 2.50377540983607 0.421675409836066
30.3333333333329 94 117 2.05574098360656 0.321644262295082
31.3499999999995 93 117 1.81115409836066 0.124247540983607
32.3666666666661 92 115 1.79111803278689 0.0994573770491803
33.3833333333327 91 115 1.62837540983607 0.041027868852459
35.4166666666659 89 115 1.75741147540984 0.183797540983607
36.4333333333325 88 112 2.24540327868852 0.364385245901639
37.4499999999992 86 113 1.60810655737705 0.490265573770492
40.499999999999 86 112 1.77500546448088 0.505332240437159
41.5166666666656 85 113 2.59780983606558 0.593147540983607
45.583333333332 83 114 3.57244016393443 0.739087295081967
46.5999999999986 80 117 1.52669508196721 0.320475409836066
47.6166666666652 79 118 1.46700163934426 0.241719672131148
48.6333333333319 78 118 1.40698196721311 0.144634426229508
49.6499999999985 76 116 1.37944262295082 0.208573770491803
50.6666666666651 74 117 1.40322295081967 0.206270491803279
53.7166666666649 72 119 1.41260054644809 0.188475956284153
54.7333333333315 70 121 1.76217704918033 0.257547540983607
55.7499999999981 70 120 1.57732295081967 0.334632786885246
57.7833333333313 69 121 3.06221967213115 0.336990163934426
59.8166666666646 68 122 4.23925163934426 0.405608196721311
61.8499999999978 66 124 4.30321557377049 0.409006557377049
62.8666666666644 65 124 2.14519836065574 0.254804918032787
63.883333333331 65 123 2.0684131147541 0.199285245901639
66.9333333333308 65 121 1.96135245901639 0.227203825136612
70.9999999999973 64 122 1.05705245901639 0.0960397540983607
72.0166666666639 62 122 1.21406393442623 0.0907360655737705
75.0666666666637 62 121 1.03585081967213 0.110832240437158
76.0833333333303 61 122 1.33521475409836 0.127262295081967
80.1499999999967 59 123 1.22594508196721 0.0790352459016394
81.1666666666633 58 123 1.65661475409836 0.0510655737704918
84.2166666666632 57 122 0.946306010928962 0.0312486338797814
91.3333333333294 56 123 0.849298360655738 0.0401269320843091
92.349999999996 55 124 0.799896721311475 0.00701311475409836
93.3666666666627 54 125 1.10112459016393 0.0389360655737705
94.3833333333293 54 124 0.92137868852459 0.0603819672131148
95.3999999999959 53 125 1.50509672131148 0.063755737704918
97.4333333333291 51 125 1.99097540983607 0.0868680327868852
105.566666666662 50 126 1.79708319672131 0.117788319672131
106.583333333329 49 126 1.62355737704918 0.456685245901639
107.599999999995 48 126 1.38089344262295 0.231755737704918
109.633333333328 48 125 1.31641721311475 0.186340983606557
110.649999999995 47 126 0.670801639344262 0.0151016393442623
114.716666666661 46 126 0.63382868852459 0.0097327868852459
115.733333333328 45 127 0.694683606557377 0.0427983606557377
119.799999999994 45 126 0.565187295081967 0.0217
127.933333333327 44 127 0.735912704918032 0.0797547131147541
129.933333333329 43 127 0.5584375 0.00289583333333333
132.933333333331 42 126 0.609983333333333 0.315153333333333
135.933333333334 41 127 1.06293833333333 0.00476555555555556
138.933333333336 40 128 1.18345444444444 0.00860333333333333
142.933333333339 39 129 0.934135 0.17783
144.933333333341 38 130 0.604166666666667 0.248235833333333
159.933333333353 37 130 0.496781666666668 0.064635
160.933333333354 37 129 0.476828333333333 0.0367416666666667
164.933333333357 36 129 0.440607083333333 0.000222916666666667
176.933333333366 35 130 0.437732777777778 0.0036075
189.933333333377 34 131 0.457025128205129 0.0141084615384615
190.933333333377 33 131 0.416018333333333 0.00019
197.933333333383 32 132 0.402678571428571 0.00189261904761905
236.933333333414 31 132 0.407216794871795 0.00734363247863248
252.933333333427 30 133 0.402380104166667 0.00283166666666667
256.950000000095 29 133 0.426783817427386 0.0203336099585062
258.983333333426 29 132 0.443575409836066 0.0543254098360656
273.216666666747 29 131 0.371811592505855 0.00207189695550351
308.800000000048 28 132 0.403538173302107 0.0379993911007026
312.866666666711 28 131 0.371028278688525 0.000863114754098361
352.516666666675 28 130 0.370792475830181 0.00512820512820513
358.616666666669 28 129 0.397281693989071 0.00305874316939891
362.683333333332 27 129 0.368971721311476 0.000229098360655738
378.949999999984 26 130 0.477194159836066 0.0564298155737705
386.066666666644 25 131 0.531315925058548 0.045876112412178
413.516666666619 24 132 0.381450394656952 0.0920154219793564
416.566666666616 23 132 0.317477049180328 0.00152568306010929
420.633333333279 22 132 0.296277459016393 0.00193934426229508
454.183333333249 21 132 0.292753502235469 0.000269150521609538
593.466666666456 20 133 0.295115663515618 0.000254971879861194
600 19 133 0.307729976580796 0.00353653395784543
