# New log 27/04/2014 23:51:40
1 128 128 1.82870333333333 4.43817833333333
2.01666666666666 127 128 0.987768852459016 0.656870491803279
4.04999999999999 124 128 1.18083442622951 1.18118606557377
5.06666666666665 123 128 0.939286885245902 1.54323770491803
6.08333333333332 122 128 0.920439344262295 2.04784426229508
7.09999999999998 121 129 1.11659672131148 0.890209836065574
8.09999999999998 119 131 1.393525 0.949376666666667
9.10000000000003 118 132 1.02594666666667 1.34482333333333
10.1000000000001 117 133 1.10036333333333 0.894861666666667
11.1000000000001 116 131 1.163305 0.99188
12.1000000000002 116 129 1.017175 0.794076666666667
13.1000000000002 114 130 0.92559 0.727578333333333
14.1000000000003 112 131 0.842033333333334 0.83443
15.1000000000003 111 131 1.313355 0.615123333333333
16.1000000000004 110 130 1.00698166666667 0.939738333333333
17.116666666667 107 132 2.7326 1.22530163934426
18.1333333333336 105 132 2.87344918032787 1.38707213114754
19.1500000000002 103 133 1.77769508196721 1.75625737704918
20.1666666666668 100 135 1.31649508196721 1.63664918032787
21.1833333333334 99 136 0.927616393442623 1.7312393442623
22.2 98 137 0.986719672131148 1.67610983606557
23.2166666666666 96 138 0.902786885245902 1.64596721311475
24.2333333333332 94 137 0.892170491803279 1.70196557377049
25.2499999999998 93 137 0.781755737704918 1.62537868852459
27.2833333333331 91 137 0.73745737704918 1.67414672131148
28.2999999999997 89 139 0.769232786885246 1.58242131147541
31.3499999999995 89 138 0.795553005464481 1.73234316939891
32.3666666666661 87 139 0.740949180327869 1.34610327868852
34.3999999999993 86 139 0.708988524590164 1.35911721311475
35.4166666666659 85 140 0.657859016393443 1.40778852459016
36.4333333333325 84 140 0.650459016393443 1.3127
37.4499999999992 82 140 0.651977049180328 1.31346885245902
39.4833333333324 82 139 0.691302459016394 1.38235901639344
41.5166666666656 81 138 0.679803278688525 1.30592540983607
42.5333333333322 79 138 0.700218032786885 1.53419672131148
44.5666666666654 78 138 0.666280327868853 1.75621721311475
45.583333333332 76 139 0.609401639344262 2.09995573770492
46.5999999999986 74 141 0.6325 1.99859836065574
47.6166666666652 73 141 0.58565737704918 2.32714426229508
49.6499999999985 72 141 0.578436065573771 3.02201803278689
51.6833333333317 71 140 0.632515573770492 2.84529508196721
52.6999999999983 70 140 0.621677049180328 2.61995081967213
56.7666666666647 69 140 0.58943975409836 1.96083606557377
57.7833333333313 66 140 0.614549180327869 1.88059836065574
58.7999999999979 64 141 0.561080327868853 1.53484754098361
61.8499999999978 63 142 0.560086338797814 1.66406120218579
62.8666666666644 62 143 0.716319672131147 2.10749180327869
63.883333333331 59 143 0.493081967213115 1.71133606557377
64.8999999999976 58 144 0.490790163934426 1.89103114754098
65.9166666666642 55 147 0.598895081967213 2.07909180327869
66.9333333333308 53 148 0.538809836065574 2.51301967213115
67.9499999999974 52 147 0.504986885245902 2.25034098360656
70.9999999999973 50 148 0.43727868852459 2.08256393442623
72.0166666666639 49 149 0.48394262295082 2.12396721311475
73.0333333333305 48 149 0.596801639344262 2.13444262295082
74.0499999999971 48 148 0.440234426229508 2.00599180327869
75.0666666666637 47 149 0.443862295081967 2.05597213114754
76.0833333333303 45 149 0.423944262295082 2.23771967213115
77.0999999999969 44 149 0.414431147540984 2.20493770491803
78.1166666666635 43 148 0.413547540983607 2.2494737704918
80.1499999999967 42 149 0.358422950819672 2.56041393442623
82.18333333333 41 150 0.336502459016393 2.54290819672131
84.2166666666632 41 149 0.349636885245901 2.54945081967213
85.2333333333298 41 148 0.339993442622951 2.56532786885246
86.2499999999964 40 149 0.348727868852459 2.90330983606557
88.2833333333296 39 150 0.356111475409836 3.29025737704918
92.349999999996 38 149 0.352646721311475 2.63280737704918
93.3666666666627 37 150 0.340362295081967 2.41010819672131
97.4333333333291 36 150 0.351465983606558 2.15185286885246
102.516666666662 35 150 0.332142295081967 1.87903114754098
107.599999999995 34 150 0.318944918032787 1.51597442622951
110.649999999995 33 150 0.317693989071038 1.69747540983607
112.683333333328 31 151 0.289252459016393 1.58412868852459
114.716666666661 30 152 0.257351639344262 1.52578770491803
115.733333333328 29 153 0.239486885245902 1.5048737704918
116.749999999995 26 155 0.243577049180328 1.56490655737705
118.783333333328 25 156 0.245398360655738 1.53182786885246
121.833333333328 24 157 0.237808196721312 1.5501393442623
123.866666666661 23 158 0.23890737704918 1.49989262295082
127.933333333327 22 159 0.215652049180328 1.53182909836066
139.933333333337 21 159 0.190436388888889 1.52530125
141.933333333338 19 161 0.171188333333333 1.52384
166.933333333358 18 162 0.1726208 1.54088466666667
189.933333333377 18 161 0.162472391304348 1.53744760869565
194.933333333381 17 162 0.160476333333333 1.52641333333333
212.933333333395 16 163 0.160040370370371 1.52738342592593
219.933333333401 15 164 0.151221190476191 1.52540380952381
300.666666666722 14 165 0.144589925681256 1.52302223369116
351.500000000009 13 166 0.142247245901639 1.55562970491803
516.199999999859 12 166 0.126994717668487 1.52187641165756
600 12 166 0.116512285206399 1.52324951609718
