# New log 27/04/2014 23:55:09
1 128 128 1.97065833333333 0.556566666666667
5.06666666666665 128 127 1.48412049180328 0.467242213114754
6.08333333333332 126 128 1.37519836065574 0.248314754098361
7.09999999999998 124 130 1.24712295081967 0.265009836065574
8.09999999999998 122 132 1.50110833333333 1.34852833333333
9.10000000000003 120 134 3.50479833333333 0.564415
10.1000000000001 118 134 2.30605166666667 0.355233333333333
11.1000000000001 116 134 2.71500333333333 0.4431
12.1000000000002 115 134 2.20686166666667 0.77273
13.1000000000002 114 133 1.53651833333333 0.33505
14.1000000000003 113 133 1.982185 0.0900016666666667
15.1000000000003 112 134 3.380785 0.220003333333333
16.1000000000004 110 133 2.57361833333333 0.286718333333333
17.116666666667 110 131 1.95151803278689 0.471177049180328
18.1333333333336 109 130 2.18840327868852 0.854598360655738
19.1500000000002 108 130 2.10870491803279 0.689849180327869
20.1666666666668 105 133 2.07514098360656 0.3969
21.1833333333334 99 134 1.74176229508197 0.307606557377049
22.2 98 135 1.40470491803279 0.26455737704918
23.2166666666666 97 136 1.2013393442623 0.215108196721311
25.2499999999998 96 136 1.62262131147541 0.882737704918033
26.2666666666665 95 136 2.27963442622951 0.554295081967213
27.2833333333331 95 135 1.85960983606557 0.393254098360656
28.2999999999997 93 137 2.20519508196721 0.322640983606557
29.3166666666663 93 136 2.92119016393443 0.500362295081967
30.3333333333329 92 137 1.38819016393443 0.279516393442623
31.3499999999995 91 136 1.3462737704918 0.289352459016393
33.3833333333327 90 136 2.61094508196721 0.761863114754098
34.3999999999993 88 136 2.77438360655738 0.7985
36.4333333333325 86 137 2.37701803278689 0.739920491803279
37.4499999999992 84 139 1.77469836065574 0.256349180327869
38.4666666666658 83 140 2.9077131147541 0.51802131147541
39.4833333333324 82 141 4.12646885245902 0.624577049180328
40.499999999999 82 140 4.03698360655738 0.565106557377049
41.5166666666656 82 139 4.3250131147541 1.10571967213115
42.5333333333322 80 140 4.61487704918033 0.884967213114754
43.5499999999988 79 141 2.98216721311475 1.40606721311475
44.5666666666654 78 142 2.5274606557377 1.23402295081967
45.583333333332 76 142 1.77342131147541 0.169029508196721
46.5999999999986 75 142 2.07765573770492 0.368952459016393
47.6166666666652 73 144 2.83324426229508 0.34053606557377
48.6333333333319 72 145 2.86313442622951 0.419998360655738
49.6499999999985 71 145 2.52065081967213 0.579701639344262
50.6666666666651 70 146 3.22442459016393 0.679816393442623
55.7499999999981 69 146 3.3972006557377 1.07729901639344
56.7666666666647 67 148 1.95048360655738 0.523037704918033
57.7833333333313 66 147 1.25284098360656 0.303019672131148
58.7999999999979 64 149 1.26086065573771 0.198722950819672
59.8166666666646 64 148 1.44537213114754 0.285050819672131
64.8999999999976 63 149 1.38668852459016 0.421206557377049
65.9166666666642 62 148 0.889165573770492 0.190008196721311
66.9333333333308 61 148 0.933536065573771 0.196859016393443
67.9499999999974 59 149 1.09415573770492 0.227829508196721
69.9833333333306 58 149 0.818049180327869 0.248403278688525
70.9999999999973 57 149 0.60204262295082 1.43920819672131
73.0333333333305 56 149 0.759022131147541 0.214248360655738
78.1166666666635 55 149 0.642008196721311 0.184559672131148
80.1499999999967 54 149 1.45660901639344 0.221516393442623
83.1999999999966 54 148 1.57001092896175 0.477565573770492
86.2499999999964 54 146 0.880084153005464 0.15892349726776
87.266666666663 53 147 0.749804918032787 0.15296393442623
88.2833333333296 52 147 0.648850819672131 0.0503885245901639
89.2999999999962 52 146 1.03224426229508 0.261937704918033
94.3833333333293 50 146 0.893042950819672 0.13334393442623
95.3999999999959 50 145 0.759645901639344 0.163529508196721
97.4333333333291 49 145 0.964540983606558 0.109936885245902
98.4499999999957 48 146 0.554604918032787 0.128868852459016
99.4666666666623 47 146 0.581775409836066 0.127429508196721
101.499999999996 46 147 0.545844262295082 0.173700819672131
102.516666666662 45 147 0.617365573770492 0.173306557377049
103.533333333329 44 146 0.619581967213115 0.222103278688525
106.583333333329 43 147 0.534529508196722 0.143568852459016
107.599999999995 41 149 0.484952459016393 0.0906967213114754
109.633333333328 41 148 0.472130327868853 0.0713426229508197
110.649999999995 40 148 0.485398360655738 0.0347377049180328
111.666666666662 39 148 0.518703278688525 0.0882606557377049
112.683333333328 38 149 0.493055737704918 0.168911475409836
115.733333333328 36 149 0.466455191256831 0.0492846994535519
116.749999999995 36 148 0.509065573770492 0.0492098360655738
117.766666666661 35 148 0.573283606557377 0.0734032786885246
118.783333333328 33 150 0.449014754098361 0.0497180327868852
121.833333333328 33 149 0.40633825136612 0.0597169398907104
122.849999999994 33 148 0.519850819672131 0.224283606557377
123.866666666661 32 148 0.351222950819672 0.0479229508196721
126.916666666661 31 149 0.397566666666667 0.114880327868852
131.93333333333 30 150 0.744095681063123 0.277548172757475
133.933333333332 29 151 2.154985 0.762835833333333
134.933333333333 28 152 1.99474666666667 0.731825
136.933333333334 27 153 0.8056 0.197088333333333
146.933333333342 26 154 0.849270166666667 0.107965333333333
147.933333333343 25 155 0.234006666666667 0.0126766666666667
153.933333333348 23 156 0.219164444444444 0.0104955555555556
156.93333333335 22 157 0.188807777777778 0.00542055555555556
195.933333333381 21 158 0.195238247863248 0.0551177777777778
224.933333333404 20 158 0.179965172413793 0.00894166666666667
227.933333333407 19 159 0.19798 0.0258233333333333
231.93333333341 18 160 0.17049 0.00231041666666667
235.933333333413 17 161 0.174197916666667 0.00250583333333333
241.933333333418 15 162 1.01077777777778 0.118697222222222
243.93333333342 14 163 0.0988333333333333 0.00019
255.933333333429 13 162 0.107213888888889 0.00121888888888889
258.983333333426 12 163 0.101465027322404 0.000220218579234973
600 12 163 0.0787292447306737 0.000206264637002342
