# New log 28/04/2014 00:15:02
1 128 128 2.01143 4.86569333333333
2.01666666666666 127 128 0.93687868852459 1.11792131147541
4.04999999999999 121 132 1.09251065573771 0.651624590163934
5.06666666666665 120 133 1.20704918032787 0.590059016393443
6.08333333333332 117 135 0.999744262295082 0.271545901639344
7.09999999999998 115 135 0.873913114754098 0.452962295081967
8.09999999999998 113 137 0.918068333333333 2.90854333333333
11.1000000000001 108 139 0.909581111111111 3.45164055555556
12.1000000000002 105 142 0.823538333333333 3.49073666666667
13.1000000000002 103 143 0.966336666666667 6.01813
14.1000000000003 102 144 0.953686666666667 7.77052666666667
15.1000000000003 101 145 0.906976666666667 7.25557
16.1000000000004 100 146 0.921823333333334 6.65102166666667
17.116666666667 95 151 0.815265573770492 7.13562459016393
18.1333333333336 93 152 0.845478688524591 4.15000983606557
20.1666666666668 92 151 0.823863114754099 3.4601762295082
21.1833333333334 90 150 0.841377049180328 5.30202131147541
23.2166666666666 88 151 1.01409344262295 5.99683032786885
24.2333333333332 84 152 0.752391803278689 6.11043278688525
25.2499999999998 82 154 0.728790163934427 4.99806885245902
26.2666666666665 81 155 1.02660491803279 4.8172737704918
27.2833333333331 80 155 0.924659016393442 4.61856885245902
28.2999999999997 78 155 0.778472131147541 4.37670163934426
29.3166666666663 77 154 0.765572131147541 4.23053278688525
30.3333333333329 74 155 0.640126229508197 5.28335737704918
31.3499999999995 73 156 0.680391803278689 5.99970327868852
32.3666666666661 72 157 0.615254098360656 6.44296885245902
33.3833333333327 68 160 0.649150819672131 7.20089016393443
35.4166666666659 67 161 0.865680327868853 6.82656393442623
36.4333333333325 65 162 0.619319672131148 6.6975868852459
38.4666666666658 62 164 0.540754098360656 4.13956885245902
40.499999999999 60 166 0.624538524590164 2.75692049180328
41.5166666666656 57 167 0.46167868852459 2.85186065573771
42.5333333333322 56 168 0.460145901639344 3.2851131147541
43.5499999999988 55 169 0.453440983606557 3.44128360655738
44.5666666666654 55 168 0.459265573770492 4.88355081967213
45.583333333332 54 168 0.4594 5.15943278688525
47.6166666666652 52 169 0.453922950819672 5.87352131147541
48.6333333333319 51 169 0.524767213114754 6.2422131147541
49.6499999999985 50 169 0.441111475409836 4.77253606557377
50.6666666666651 49 169 0.437731147540984 4.3511262295082
55.7499999999981 47 170 0.45444131147541 3.47777245901639
56.7666666666647 46 171 0.428788524590164 2.12593934426229
58.7999999999979 45 172 0.465286885245901 2.13111639344262
60.8333333333312 44 171 0.44991393442623 1.72430983606557
61.8499999999978 44 170 0.411844262295082 1.75208360655738
62.8666666666644 43 171 0.382744262295082 1.67607868852459
63.883333333331 43 170 0.392755737704918 1.6690262295082
66.9333333333308 41 172 0.380689617486339 1.67466284153005
67.9499999999974 38 175 0.432222950819672 1.75058360655738
68.966666666664 38 173 0.347604918032787 1.67556721311475
69.9833333333306 37 174 0.329272131147541 1.70434754098361
70.9999999999973 35 175 0.361475409836065 2.3633
72.0166666666639 34 175 0.273703278688525 2.4573868852459
74.0499999999971 32 175 0.33192868852459 1.66784262295082
76.0833333333303 32 174 0.303884426229508 0.0561139344262295
77.0999999999969 31 175 0.323422950819672 0.379803278688525
79.1333333333301 30 175 0.271593442622951 0.152649180327869
80.1499999999967 29 176 0.266195081967213 0.000177049180327869
83.1999999999966 27 177 0.249384153005465 0.0224245901639344
84.2166666666632 26 177 0.219088524590164 0.00493606557377049
86.2499999999964 24 178 0.173668852459016 0.0351434426229508
88.2833333333296 23 179 0.210493442622951 0.71561393442623
92.349999999996 23 177 0.180627049180328 0.53229262295082
95.3999999999959 22 178 0.1887 0.0692234972677596
96.4166666666625 22 177 0.163060655737705 0.0880737704918033
100.483333333329 21 178 0.161854918032787 0.235374590163934
103.533333333329 20 179 0.150525136612022 0.0728737704918033
105.566666666662 19 179 0.15055737704918 0.00443606557377049
108.616666666662 18 178 0.140716393442623 0.00330437158469945
111.666666666662 17 178 0.141696174863388 0.0351568306010929
117.766666666661 17 177 0.138913934426229 0.00390792349726776
118.783333333328 16 178 0.0993295081967213 0.00099016393442623
125.899999999994 15 178 0.103744496487119 0.0957346604215457
126.916666666661 14 179 0.0765016393442623 0.252196721311475
142.933333333339 13 180 0.09010395421436 0.10118616024974
159.933333333353 13 179 0.101125980392157 0.031511862745098
160.933333333354 12 179 0.0847083333333334 0.00017
169.933333333361 11 179 0.0797301851851852 0.0012787037037037
174.933333333365 11 178 0.062992 0.014807
177.933333333367 10 179 0.05294 0.000803888888888889
179.933333333369 9 179 0.0516491666666667 0.000185
290.500000000064 8 180 0.0501851974675911 0.159685830569792
313.883333333377 7 181 0.0423705630791162 0.000277904490377762
600 7 181 0.0300187420067434 0.000168608301360307
