# New log 28/04/2014 00:16:28
1 128 128 5.18224 2.48073666666667
5.06666666666665 127 127 3.74255655737705 1.56011557377049
6.08333333333332 126 125 3.93227704918033 1.25993278688525
7.09999999999998 124 123 3.14565573770492 0.949250819672131
8.09999999999998 122 124 3.37710333333333 1.33028
9.10000000000003 121 123 4.67631833333334 1.44063833333333
10.1000000000001 119 124 5.012675 1.54206
11.1000000000001 117 126 5.10784 1.57149166666667
12.1000000000002 116 124 5.79726666666667 1.58546166666667
13.1000000000002 115 123 4.202315 0.901791666666667
14.1000000000003 114 122 4.67531 0.815595
15.1000000000003 113 122 5.221 1.00444833333333
16.1000000000004 113 121 5.284895 0.93519
17.116666666667 110 123 5.25816065573771 1.12286885245902
18.1333333333336 110 121 7.87935409836066 1.1506737704918
21.1833333333334 109 120 5.05555300546448 1.3158131147541
22.2 108 119 7.29733770491803 2.39565737704918
23.2166666666666 107 120 5.68734426229508 1.48606065573771
24.2333333333332 106 119 5.78761147540984 1.19654098360656
25.2499999999998 105 119 4.96933770491803 0.991818032786885
27.2833333333331 105 118 4.62303278688525 0.917304098360656
28.2999999999997 103 118 5.84518524590164 1.20346065573771
29.3166666666663 100 117 5.92875573770492 1.32898196721311
30.3333333333329 99 118 6.34411147540984 1.39741967213115
31.3499999999995 98 119 5.3490131147541 1.30757049180328
32.3666666666661 97 119 5.45101967213115 1.49482131147541
33.3833333333327 95 119 4.10934262295082 0.513749180327869
34.3999999999993 94 118 3.11614918032787 0.543536065573771
35.4166666666659 92 119 2.09599180327869 0.199329508196721
36.4333333333325 91 120 2.95494098360656 0.288237704918033
38.4666666666658 90 120 2.18441229508197 0.281912295081967
39.4833333333324 88 119 2.20510819672131 0.312593442622951
40.499999999999 88 118 2.55969508196721 0.489798360655738
41.5166666666656 86 117 2.38466393442623 0.477767213114754
42.5333333333322 85 118 2.47135737704918 0.462086885245902
43.5499999999988 84 119 2.6021606557377 0.482122950819672
44.5666666666654 83 120 2.80609672131148 0.685972131147541
46.5999999999986 80 120 2.64900983606557 0.486611475409836
47.6166666666652 79 121 2.46350491803279 0.571913114754098
48.6333333333319 79 120 2.56432950819672 0.572045901639344
49.6499999999985 78 121 3.26957540983606 0.952177049180328
50.6666666666651 76 122 3.22363770491803 0.714165573770492
51.6833333333317 74 124 2.20816557377049 0.682716393442623
53.7166666666649 74 122 2.21568114754098 0.714254918032787
54.7333333333315 74 121 2.29515573770492 0.793355737704918
55.7499999999981 72 122 2.21749508196721 0.711793442622951
56.7666666666647 71 123 3.19245409836066 1.12510819672131
59.8166666666646 68 126 2.39289672131148 0.839697267759563
62.8666666666644 66 128 1.54563278688525 0.437653551912568
63.883333333331 65 129 1.25914098360656 0.376868852459016
64.8999999999976 63 131 1.25229344262295 0.328116393442623
65.9166666666642 60 132 1.86589344262295 0.294688524590164
67.9499999999974 59 133 1.22571639344262 0.667894262295082
68.966666666664 58 134 1.0680737704918 0.537849180327869
69.9833333333306 57 135 1.12071147540984 0.413754098360656
72.0166666666639 56 136 2.26106721311475 0.362153278688525
73.0333333333305 55 137 3.38664098360656 0.811581967213115
76.0833333333303 55 136 3.3517306010929 0.852386885245902
80.1499999999967 54 137 1.30979180327869 0.252552868852459
84.2166666666632 51 140 1.23195204918033 0.214389344262295
86.2499999999964 50 141 1.18697213114754 0.241394262295082
87.266666666663 49 141 1.16058032786885 0.225575409836066
89.2999999999962 48 142 1.14494836065574 0.22098606557377
91.3333333333294 47 143 0.939005737704918 0.220794262295082
92.349999999996 46 143 0.734716393442623 0.160224590163934
93.3666666666627 45 143 0.777719672131148 0.199275409836066
94.3833333333293 44 143 0.751968852459017 0.217249180327869
98.4499999999957 43 142 0.727526229508197 0.190247131147541
102.516666666662 42 143 0.743086885245902 0.227693442622951
103.533333333329 41 144 0.676693442622951 0.171268852459016
107.599999999995 40 144 0.800032786885246 0.298168442622951
111.666666666662 39 145 0.891311065573771 0.507600819672131
113.699999999995 39 143 1.14913442622951 0.533923770491803
115.733333333328 38 144 0.736995081967213 0.927818032786885
119.799999999994 38 143 0.923824590163934 0.786308196721312
120.816666666661 37 144 0.711696721311476 1.58026557377049
123.866666666661 36 143 0.700650273224044 0.896407103825137
125.899999999994 35 143 0.664467213114754 0.635833606557377
126.916666666661 34 143 0.701772131147541 0.937309836065574
132.933333333331 34 142 0.835 0.603598891966759
141.933333333338 33 142 0.604373518518518 0.30415462962963
143.93333333334 33 141 1.73672083333333 0.598944166666667
149.933333333345 32 142 0.668600833333333 0.415056666666667
150.933333333346 31 142 0.555515 0.37824
157.933333333351 30 143 0.622372380952381 0.438640952380952
168.93333333336 30 142 0.531160151515151 0.495962121212121
175.933333333365 29 142 0.562711428571429 0.215935238095238
203.933333333388 29 141 0.508348630952381 0.130800654761905
204.933333333389 28 142 0.499901666666667 0.13897
210.933333333393 27 141 0.492859166666666 0.129303888888889
234.933333333412 27 140 0.486286041666667 0.129232638888889
239.933333333416 26 140 0.510990333333333 0.136009666666667
244.93333333342 25 141 0.516191333333334 0.145092333333333
279.316666666741 24 142 0.477853078041687 0.132535579253514
342.350000000017 24 141 0.473812718138552 0.145451295610788
343.366666666683 24 140 0.467519672131148 0.122604918032787
349.466666666678 23 141 0.485293989071038 0.132848360655738
356.583333333338 22 142 0.445853395784544 0.12333887587822
368.783333333327 21 143 0.441262295081968 0.124661338797814
377.933333333318 20 144 0.428865755919855 0.126048998178506
600 20 144 0.418551478404074 0.125277760311401
