# New log 28/04/2014 00:18:09
1 128 128 1.97623333333333 0.634115
4.04999999999999 127 129 1.75637650273224 0.712960655737705
5.06666666666665 127 126 2.14301803278689 0.718052459016393
6.08333333333332 126 127 2.20362786885246 0.602129508196721
7.09999999999998 124 125 2.07286393442623 1.89929344262295
8.09999999999998 121 127 2.33256833333333 0.809903333333333
9.10000000000003 119 127 1.94418333333333 0.895975
10.1000000000001 117 129 3.22224833333333 0.997451666666667
11.1000000000001 116 129 2.94951833333333 1.05904166666667
12.1000000000002 114 129 3.15496 1.63419
13.1000000000002 110 132 2.91128 1.12961333333333
14.1000000000003 109 131 2.21451833333333 0.476743333333333
15.1000000000003 107 132 2.57487 0.37944
16.1000000000004 106 132 2.729625 0.173085
17.116666666667 103 133 2.64199344262295 0.274777049180328
18.1333333333336 102 134 3.08867213114754 0.350880327868852
19.1500000000002 101 131 2.55378196721312 0.15495737704918
20.1666666666668 97 132 2.09399508196721 0.32834262295082
22.2 97 131 1.28803770491803 0.204867213114754
24.2333333333332 96 129 2.18757049180328 0.276449180327869
25.2499999999998 94 129 1.47021967213115 0.221398360655738
27.2833333333331 92 130 2.60170737704918 0.305382786885246
28.2999999999997 90 128 1.88714426229508 0.572681967213115
29.3166666666663 87 129 2.20205737704918 0.757231147540984
36.4333333333325 87 128 2.22366393442623 0.660391803278689
38.4666666666658 85 128 2.01368278688525 0.314954918032787
39.4833333333324 84 128 2.2342606557377 0.361765573770492
40.499999999999 84 127 2.41338032786885 0.409570491803279
41.5166666666656 83 127 1.53864590163934 0.313786885245902
42.5333333333322 82 127 2.57159508196721 0.26902131147541
43.5499999999988 81 126 3.00554098360656 0.511683606557377
44.5666666666654 80 126 2.18440163934426 0.240801639344262
45.583333333332 77 127 3.30668524590164 0.285070491803279
46.5999999999986 74 130 2.81040491803279 0.249981967213115
47.6166666666652 73 130 2.86459344262295 0.165601639344262
48.6333333333319 71 131 3.72966885245902 0.199783606557377
50.6666666666651 69 131 3.79855081967213 0.312979508196721
52.6999999999983 68 132 4.08705245901639 0.855222131147541
53.7166666666649 66 133 2.57703114754098 0.965588524590164
55.7499999999981 65 133 1.93006803278689 1.12999426229508
56.7666666666647 64 132 2.21754918032787 0.844904918032787
57.7833333333313 62 134 1.86354262295082 0.70282131147541
58.7999999999979 61 135 1.78460655737705 1.19054754098361
59.8166666666646 60 135 2.0558262295082 2.73051147540984
61.8499999999978 59 136 0.737236885245901 0.158267213114754
62.8666666666644 57 138 0.672293442622951 0.0915114754098361
63.883333333331 56 138 0.64515737704918 0.143050819672131
64.8999999999976 54 138 0.764254098360656 0.198273770491803
66.9333333333308 53 139 0.579223770491803 0.212901639344262
68.966666666664 52 140 0.563135245901639 0.198117213114754
69.9833333333306 52 138 0.557262295081967 0.1862
73.0333333333305 50 139 0.600013114754099 0.116034426229508
81.1666666666633 50 138 0.609084836065574 0.130052254098361
83.1999999999966 49 139 1.42819918032787 0.913636885245902
85.2333333333298 48 139 1.56548442622951 1.76844508196721
87.266666666663 45 140 1.17561803278689 1.55408524590164
89.2999999999962 45 139 0.505273770491803 0.240134426229508
94.3833333333293 45 138 0.577397049180327 0.138052459016393
95.3999999999959 44 139 0.514829508196721 0.0837524590163934
98.4499999999957 43 139 1.29083333333333 0.106456830601093
101.499999999996 42 140 0.605099453551913 0.107793989071038
103.533333333329 41 141 0.54326393442623 0.101576229508197
104.549999999995 40 141 0.672473770491803 0.165893442622951
106.583333333329 40 140 0.45744262295082 0.0712319672131148
110.649999999995 39 140 0.455389754098361 0.11991762295082
114.716666666661 38 141 0.636120491803278 0.0774467213114754
117.766666666661 37 141 0.470266666666666 0.0591366120218579
120.816666666661 36 142 1.16919890710383 0.0820661202185792
125.899999999994 35 143 0.364475409836066 0.0984370491803279
126.916666666661 34 143 0.345613114754098 0.0273049180327869
145.933333333342 33 143 0.41284837861525 0.057305083260298
148.933333333344 32 144 0.360837222222222 0.0406216666666667
157.933333333351 31 144 0.455835185185185 0.0823362962962963
159.933333333353 30 144 0.362298333333333 0.0972216666666667
160.933333333354 29 144 0.353318333333333 0.092775
164.933333333357 28 145 0.31579375 0.422295
172.933333333363 27 146 0.3382075 0.03809875
174.933333333365 26 145 0.30213 0.039425
187.933333333375 25 146 0.290821666666667 0.0657352564102564
228.933333333408 24 147 0.344241991869918 0.0559657723577236
232.933333333411 23 148 0.26538125 0.02784875
240.933333333417 22 148 0.267725 0.0426489583333333
256.950000000095 22 147 0.266396982310093 0.0313293444328824
301.683333333388 21 148 0.274462481371088 0.0767568181818182
400.299999999965 20 148 0.273012675342237 0.0303657089741423
409.449999999956 19 148 0.274868488160292 0.0339888888888889
496.88333333321 18 148 0.264242927945099 0.000406404879908502
600 18 148 0.266364802314369 0.000202410800385728
