# New log 25/04/2014 05:52:04
1 128 128 2.04354 0.639666666666667
4.04999999999999 128 127 1.48583333333333 0.49328306010929
5.06666666666665 128 126 1.98968196721312 0.488304918032787
6.08333333333332 128 123 2.40123278688524 2.33484426229508
7.09999999999998 128 122 2.22256393442623 2.26387049180328
9.10000000000003 128 121 1.50536333333333 0.111185
10.1000000000001 125 123 1.455015 0.146613333333333
11.1000000000001 124 124 1.57408 0.245928333333333
12.1000000000002 124 123 1.77063333333333 0.208845
13.1000000000002 119 126 2.46674 0.489723333333333
15.1000000000003 117 127 2.38876583333333 0.560700833333333
16.1000000000004 116 126 1.86824666666667 1.43058166666667
17.116666666667 111 126 3.31335573770492 1.65588032786885
18.1333333333336 109 128 3.61072950819672 0.759195081967213
19.1500000000002 107 127 3.26017868852459 0.353613114754098
20.1666666666668 106 127 3.73564754098361 1.27246885245902
21.1833333333334 103 130 2.10587540983607 0.322218032786885
22.2 100 130 4.36173278688525 0.379454098360656
23.2166666666666 99 130 5.32259836065574 0.536598360655738
24.2333333333332 99 129 3.33962459016393 0.40066393442623
26.2666666666665 97 131 2.55176393442623 0.300029508196721
27.2833333333331 97 130 3.2192393442623 0.649832786885246
28.2999999999997 94 133 2.89877868852459 0.686585245901639
30.3333333333329 93 132 2.50379016393443 0.4521
33.3833333333327 92 131 1.53662240437158 0.315030054644809
35.4166666666659 91 132 1.49160245901639 0.26612131147541
36.4333333333325 90 133 2.33738524590164 0.409918032786885
37.4499999999992 89 133 2.62881803278689 0.487381967213115
38.4666666666658 87 134 3.25741147540984 0.358895081967213
39.4833333333324 83 135 3.341 0.3005
40.499999999999 80 136 3.26694590163934 0.284750819672131
41.5166666666656 79 137 1.38595737704918 0.159229508196721
42.5333333333322 78 138 2.95666229508197 0.314908196721312
43.5499999999988 78 137 2.42813278688525 0.271555737704918
44.5666666666654 77 136 1.47497049180328 0.24962131147541
45.583333333332 76 136 1.84476065573771 0.219854098360656
46.5999999999986 75 137 4.30880327868852 1.00342131147541
47.6166666666652 73 136 3.58614754098361 0.829749180327869
48.6333333333319 72 135 4.8131737704918 0.823568852459016
49.6499999999985 70 136 8.01714754098361 1.19981803278689
50.6666666666651 69 136 8.20265737704918 1.90244918032787
53.7166666666649 67 136 5.70102786885246 0.848809289617486
54.7333333333315 67 135 4.12920819672131 0.759150819672131
56.7666666666647 66 135 3.39887540983607 0.804572131147541
57.7833333333313 62 138 4.45511967213115 1.33333114754098
58.7999999999979 59 139 2.1215262295082 0.731883606557377
59.8166666666646 59 138 1.90716393442623 1.51038196721311
60.8333333333312 59 137 1.08870163934426 0.633634426229508
61.8499999999978 58 137 1.08510491803279 0.613011475409836
62.8666666666644 56 138 1.03139016393443 0.530673770491803
64.8999999999976 55 139 2.23541803278688 1.13300819672131
65.9166666666642 54 138 0.8907 0.506288524590164
66.9333333333308 53 139 0.748050819672131 0.475839344262295
67.9499999999974 51 141 0.788288524590164 0.516704918032787
68.966666666664 50 141 0.836803278688525 0.508488524590164
69.9833333333306 50 140 0.825993442622951 0.51482131147541
70.9999999999973 49 140 0.791760655737705 0.507831147540984
72.0166666666639 48 141 1.72200655737705 0.583126229508197
73.0333333333305 47 140 1.98378852459016 0.786195081967213
74.0499999999971 47 139 1.89299836065574 0.711636065573771
75.0666666666637 45 140 2.76463114754098 0.927303278688525
77.0999999999969 43 142 2.41619262295082 1.04339016393443
78.1166666666635 42 142 2.37897868852459 0.943970491803279
79.1333333333301 39 144 2.22605081967213 0.69554262295082
80.1499999999967 38 144 2.06671475409836 0.718926229508197
82.18333333333 38 143 1.42612131147541 0.734533606557377
85.2333333333298 37 143 1.40901475409836 0.728088524590164
86.2499999999964 32 147 1.79312131147541 0.671347540983607
87.266666666663 31 147 0.626596721311475 0.66295737704918
88.2833333333296 31 146 0.723352459016394 0.663909836065574
89.2999999999962 31 145 0.673465573770492 0.737965573770492
95.3999999999959 30 145 0.67739262295082 0.705415846994536
100.483333333329 29 146 0.717984262295082 0.708052459016393
105.566666666662 29 145 0.657072786885246 0.702060327868852
106.583333333329 28 146 0.702591803278688 0.762747540983607
109.633333333328 27 146 0.834860655737705 0.829173224043716
112.683333333328 26 147 0.901458469945355 0.90222131147541
135.933333333334 25 148 0.734538709677419 0.736024802867383
137.933333333335 25 147 0.646303333333333 0.759974166666667
140.933333333338 24 148 0.918019444444444 0.778757777777778
162.933333333355 23 149 0.63521643939394 0.689389318181818
171.933333333362 23 147 0.638202222222222 0.681908333333333
177.933333333367 23 146 0.628510555555555 0.710506666666667
178.933333333368 22 147 0.63834 0.697776666666667
187.933333333375 21 147 0.638493333333334 0.783714814814815
192.933333333379 20 148 0.693194666666667 0.681352333333333
193.93333333338 20 147 0.600266666666667 0.67669
208.933333333392 19 148 0.641319555555556 0.790083555555556
209.933333333393 19 147 0.617115 0.724735
215.933333333397 18 148 0.644136944444444 0.719635833333333
250.933333333425 17 148 0.574938285714286 0.758741047619048
252.933333333427 16 149 0.541005833333333 0.676984166666667
269.150000000084 15 149 0.415916135662897 0.543772970195272
271.183333333415 14 150 0.445365573770492 0.644140983606557
272.200000000081 13 151 0.466150819672131 0.674085245901639
305.750000000051 12 152 0.411786686537506 0.52105608544461
391.149999999973 11 152 0.407579391100701 0.516858704137393
600 11 152 0.397906199267873 0.505360233964667
