# New log 24/04/2014 03:05:19
1 128 128 2.04357166666667
5.06666666666665 125 129 1.84697827868852
6.08333333333332 125 126 2.30469508196721
7.09999999999998 122 126 3.16568524590164
8.09999999999998 120 126 3.48446
9.10000000000003 119 127 4.48180666666667
10.1000000000001 119 126 2.82834333333333
11.1000000000001 116 127 2.11263666666667
12.1000000000002 115 128 2.41154333333333
13.1000000000002 112 128 1.86792333333333
14.1000000000003 111 126 2.12821333333333
15.1000000000003 111 125 3.50325333333333
16.1000000000004 110 126 3.26536333333333
17.116666666667 109 123 3.31181147540984
18.1333333333336 107 122 3.11272786885246
19.1500000000002 104 122 3.06521147540984
20.1666666666668 104 121 2.95888196721312
21.1833333333334 103 120 3.20105573770492
22.2 101 121 2.8727262295082
23.2166666666666 98 122 2.13496557377049
24.2333333333332 96 123 2.64170163934426
25.2499999999998 93 124 2.58689016393443
26.2666666666665 92 125 2.56145573770492
27.2833333333331 90 126 2.31995409836066
28.2999999999997 89 126 1.57038196721312
29.3166666666663 89 125 1.79213606557377
30.3333333333329 88 126 2.04320163934426
31.3499999999995 87 125 1.37592786885246
32.3666666666661 86 125 1.2875606557377
33.3833333333327 86 124 1.47013934426229
34.3999999999993 84 124 1.47295081967213
36.4333333333325 82 125 1.5599
37.4499999999992 81 123 1.23184426229508
38.4666666666658 79 123 1.23008852459016
39.4833333333324 77 124 1.383
40.499999999999 76 125 1.39436557377049
41.5166666666656 75 126 1.49356885245902
42.5333333333322 75 125 2.60302786885246
43.5499999999988 74 125 2.35134426229508
44.5666666666654 73 126 2.21026229508197
45.583333333332 72 127 2.28375737704918
46.5999999999986 71 128 2.26035901639344
48.6333333333319 69 129 1.82862868852459
49.6499999999985 67 130 1.67722131147541
50.6666666666651 65 132 2.36320983606557
51.6833333333317 63 134 1.63399016393443
52.6999999999983 62 133 1.47501147540984
53.7166666666649 60 134 2.19820327868852
54.7333333333315 59 134 4.12023278688525
56.7666666666647 58 135 4.55121229508197
58.7999999999979 56 137 3.19797131147541
59.8166666666646 55 138 3.05549672131148
61.8499999999978 52 141 1.88821557377049
62.8666666666644 51 142 1.32073442622951
63.883333333331 50 142 1.57521639344262
64.8999999999976 49 141 0.944959016393443
65.9166666666642 48 141 0.820685245901639
66.9333333333308 46 143 1.61503770491803
67.9499999999974 44 145 1.20053606557377
69.9833333333306 43 146 1.42929344262295
70.9999999999973 40 148 0.980834426229509
73.0333333333305 40 147 1.04357540983607
74.0499999999971 39 147 1.06378852459016
75.0666666666637 39 146 1.15403278688525
76.0833333333303 38 147 1.36453770491803
77.0999999999969 37 148 1.08020655737705
78.1166666666635 35 149 1.5368393442623
79.1333333333301 32 152 1.63178196721311
84.2166666666632 31 152 1.67687213114754
86.2499999999964 29 154 1.94391803278689
88.2833333333296 27 156 1.41407049180328
89.2999999999962 26 157 1.29092459016393
93.3666666666627 25 158 0.846993032786884
94.3833333333293 25 157 0.371844262295082
98.4499999999957 24 157 0.959489344262296
99.4666666666623 23 158 1.19808852459016
102.516666666662 22 158 1.06354972677596
103.533333333329 21 158 1.03350819672131
104.549999999995 20 159 1.06939344262295
106.583333333329 19 160 0.93882131147541
108.616666666662 19 159 0.478000819672131
109.633333333328 18 159 0.62684262295082
112.683333333328 17 160 0.409703278688525
115.733333333328 15 161 0.231598360655738
134.933333333333 14 161 0.246504947916667
138.933333333336 13 161 0.259915
139.933333333337 12 162 0.143918333333333
190.933333333377 11 163 0.161977679738562
206.93333333339 11 162 0.24082375
207.933333333391 10 162 0.149086666666667
213.933333333396 9 162 0.330524444444445
218.9333333334 8 163 1.27821033333333
232.933333333411 7 164 0.977276547619047
235.933333333413 6 164 0.137756666666667
593.466666666456 5 165 0.113220496923369
600 5 165 0.0958669789227166
