# New log 23/04/2014 23:37:07
1 128 128 6.11480833333333
4.04999999999999 128 127 4.12244644808743
5.06666666666665 128 126 5.38806229508197
6.08333333333332 127 125 5.17929016393443
7.09999999999998 126 122 5.53047868852459
8.09999999999998 123 123 5.21854
9.10000000000003 122 124 4.96231833333333
10.1000000000001 121 125 5.27564833333333
12.1000000000002 121 124 4.75222833333334
13.1000000000002 121 123 5.870135
14.1000000000003 117 126 7.29770166666667
15.1000000000003 115 123 8.10878
16.1000000000004 114 122 7.64768
17.116666666667 108 126 7.0284
18.1333333333336 107 125 5.85816557377049
19.1500000000002 106 125 5.69136229508197
21.1833333333334 103 128 4.2463868852459
22.2 100 131 3.70743442622951
23.2166666666666 99 132 3.60059180327869
24.2333333333332 96 133 3.8523
25.2499999999998 94 135 4.60416393442623
26.2666666666665 93 136 4.24159180327869
27.2833333333331 92 136 4.44312131147541
28.2999999999997 89 136 4.28374918032787
29.3166666666663 86 136 4.81139016393443
30.3333333333329 85 136 4.65531967213115
32.3666666666661 84 135 4.45234262295082
33.3833333333327 84 134 4.9582868852459
34.3999999999993 82 136 4.13731147540984
35.4166666666659 81 137 4.71014426229508
36.4333333333325 80 137 4.90761639344262
37.4499999999992 79 137 4.20760983606558
38.4666666666658 78 138 4.78510163934426
40.499999999999 75 140 4.84691475409836
41.5166666666656 73 141 5.13615737704918
43.5499999999988 72 142 3.67024180327869
45.583333333332 71 142 4.37082131147541
46.5999999999986 70 143 6.07067868852459
47.6166666666652 69 143 4.14994918032787
48.6333333333319 67 145 4.07287213114754
49.6499999999985 67 144 4.44410983606557
51.6833333333317 66 144 5.49116803278688
53.7166666666649 65 144 5.7435737704918
54.7333333333315 65 142 4.7793737704918
55.7499999999981 63 142 5.00895409836066
57.7833333333313 61 143 4.56449590163935
58.7999999999979 59 144 5.04779836065574
59.8166666666646 58 144 3.84704918032787
63.883333333331 56 144 3.39479959016394
64.8999999999976 55 145 3.24594918032787
65.9166666666642 54 146 2.44892459016394
67.9499999999974 53 147 2.5727975409836
68.966666666664 53 146 2.40920327868852
69.9833333333306 53 145 3.08672295081967
72.0166666666639 52 145 2.52809262295082
74.0499999999971 51 146 2.95657540983607
75.0666666666637 51 145 3.46707213114754
78.1166666666635 49 147 2.87839890710383
79.1333333333301 49 146 3.23510655737705
81.1666666666633 48 147 2.71284836065574
83.1999999999966 46 149 2.51590573770492
87.266666666663 46 148 2.49037336065574
88.2833333333296 44 150 2.47020655737705
89.2999999999962 44 149 2.28144262295082
90.3166666666628 43 150 3.07332950819672
91.3333333333294 42 150 3.50990491803279
92.349999999996 42 149 4.54457868852459
93.3666666666627 41 150 4.9323
94.3833333333293 39 152 3.52582786885246
96.4166666666625 38 153 3.23434672131147
97.4333333333291 37 152 2.63129508196721
98.4499999999957 36 152 2.19223770491803
99.4666666666623 34 154 2.15208196721311
100.483333333329 33 155 2.15935573770492
103.533333333329 32 155 2.02030163934426
107.599999999995 32 154 2.12350778688525
110.649999999995 31 155 2.16639234972677
111.666666666662 31 154 1.99015409836066
112.683333333328 30 155 2.17915409836066
114.716666666661 30 154 2.06973032786885
122.849999999994 28 156 1.96135819672131
129.933333333329 27 157 1.84062164705882
131.93333333333 26 158 1.90376916666667
134.933333333333 25 159 1.86682277777778
141.933333333338 24 160 1.91745833333333
153.933333333348 23 160 1.85782444444444
158.933333333352 23 159 1.80753666666667
160.933333333354 23 158 1.82489916666667
176.933333333366 22 158 1.76219364583333
177.933333333367 20 159 1.82906666666667
212.933333333395 19 159 1.80089614285714
213.933333333396 18 159 1.76822166666667
236.933333333414 17 159 1.92779057971015
243.93333333342 16 160 1.81492952380952
254.933333333428 15 161 1.82216484848485
488.749999999884 14 162 1.81549413358044
600 14 162 1.81963429210134
