# New log 25/04/2014 06:25:01
1 128 128 1.89111 0.435053333333333
4.04999999999999 127 128 1.51472786885246 2.76736666666667
5.06666666666665 127 125 2.63672786885246 0.763037704918033
6.08333333333332 127 121 2.4377131147541 0.344788524590164
7.09999999999998 126 122 2.71606229508197 0.456873770491803
9.10000000000003 126 121 2.20863583333333 0.336459166666667
10.1000000000001 125 122 4.97110166666667 0.846693333333333
11.1000000000001 123 124 5.16746666666667 0.909281666666667
12.1000000000002 122 123 4.09413 0.776376666666667
13.1000000000002 122 122 7.57757666666667 0.731415
14.1000000000003 121 122 8.31707 1.03959333333333
15.1000000000003 120 122 4.07044166666667 0.559456666666667
16.1000000000004 117 123 6.23452833333333 0.599505
17.116666666667 117 122 4.19964918032787 0.216747540983607
18.1333333333336 113 124 1.81146229508197 0.15685737704918
19.1500000000002 110 125 2.6081 0.439034426229508
20.1666666666668 108 125 1.6723868852459 0.589340983606557
21.1833333333334 104 127 1.74190163934426 0.350816393442623
22.2 100 129 1.82612295081967 0.451724590163934
23.2166666666666 100 126 1.54365409836066 0.353426229508197
24.2333333333332 100 125 2.00789344262295 0.347832786885246
25.2499999999998 99 126 2.00012786885246 0.450329508196721
27.2833333333331 97 127 1.72399918032787 0.229633606557377
28.2999999999997 96 128 2.22477868852459 0.314277049180328
29.3166666666663 95 129 4.4106 0.42565737704918
30.3333333333329 93 130 5.39588852459016 0.4995
31.3499999999995 92 130 7.89124590163934 0.689954098360656
32.3666666666661 91 130 7.96230327868853 0.756413114754098
33.3833333333327 89 131 8.10544754098361 0.691872131147541
34.3999999999993 88 131 7.44298032786885 0.815824590163934
35.4166666666659 87 131 5.34660163934426 0.532232786885246
36.4333333333325 85 131 3.49568524590164 0.688819672131148
37.4499999999992 84 131 3.28628032786885 0.504270491803279
38.4666666666658 81 132 2.35544590163934 0.379370491803279
39.4833333333324 79 134 1.59762786885246 0.360567213114754
40.499999999999 78 134 1.06660655737705 0.204829508196721
41.5166666666656 76 134 1.20839836065574 0.262190163934426
43.5499999999988 75 134 1.94770491803279 0.297550819672131
45.583333333332 74 135 2.57066475409836 0.649122950819672
47.6166666666652 73 136 2.44387786885246 0.888520491803279
48.6333333333319 72 134 1.22399508196721 0.638324590163935
49.6499999999985 72 133 0.822101639344262 0.102190163934426
50.6666666666651 71 134 1.08472786885246 0.068027868852459
51.6833333333317 70 134 0.706301639344262 0.00599672131147541
53.7166666666649 67 137 1.33465327868853 0.129269672131148
54.7333333333315 66 138 0.740185245901639 0.148467213114754
56.7666666666647 64 139 1.63158032786885 0.486418032786885
60.8333333333312 63 139 2.27941885245902 0.694347540983607
61.8499999999978 63 138 0.847690163934426 0.263265573770492
64.8999999999976 62 138 0.981149726775956 0.452220218579235
65.9166666666642 61 138 0.801785245901639 0.453595081967213
66.9333333333308 61 137 0.656611475409836 0.377081967213115
67.9499999999974 59 139 0.732952459016394 0.281431147540984
68.966666666664 59 137 0.706426229508197 0.343752459016393
72.0166666666639 58 138 0.741956284153006 0.226950819672131
73.0333333333305 57 139 0.909724590163934 0.413581967213115
74.0499999999971 56 138 1.0347262295082 0.535537704918033
75.0666666666637 56 137 1.12492295081967 0.66925737704918
76.0833333333303 54 138 0.943716393442623 0.322593442622951
77.0999999999969 54 137 0.979762295081967 0.126906557377049
79.1333333333301 53 138 0.63737131147541 0.0827614754098361
82.18333333333 52 139 0.950419672131148 0.393022404371585
83.1999999999966 51 140 0.730654098360656 0.329798360655738
85.2333333333298 50 141 1.85697868852459 0.92312131147541
90.3166666666628 49 141 1.1323393442623 0.354042950819672
94.3833333333293 49 140 0.987202459016393 0.305480327868852
96.4166666666625 48 141 0.808527049180328 0.319532786885246
97.4333333333291 47 141 0.700560655737705 0.395149180327869
98.4499999999957 46 142 0.744044262295082 0.289145901639344
99.4666666666623 44 143 0.788044262295082 0.147760655737705
103.533333333329 41 145 0.670998360655738 0.115595901639344
104.549999999995 41 144 2.3052606557377 0.225101639344262
108.616666666662 40 144 1.82332540983606 0.253416803278689
112.683333333328 40 143 0.529656967213115 0.0943655737704918
116.749999999995 39 144 0.570654508196722 0.179610655737705
118.783333333328 39 143 0.54909262295082 0.107199180327869
121.833333333328 39 142 1.07958633879781 0.133881967213115
122.849999999994 39 141 1.38604754098361 0.1595
124.883333333328 38 142 1.11158852459016 0.125822131147541
126.916666666661 37 142 0.509458196721311 0.383205737704918
128.933333333328 37 141 0.491109917355372 0.785403305785124
134.933333333333 35 142 1.02775555555556 0.715252222222222
148.933333333344 34 143 0.750993333333333 0.360995714285714
153.933333333348 33 143 0.758993333333333 0.633386
158.933333333352 32 143 0.795129666666667 0.579359
162.933333333355 31 144 0.758360416666666 0.515257083333333
163.933333333356 31 143 0.577205 0.309195
165.933333333358 30 143 0.586725833333334 0.188325833333333
169.933333333361 29 144 0.919935 0.0608979166666667
172.933333333363 28 144 1.50701611111111 0.153922222222222
173.933333333364 27 145 1.38390333333333 0.0952583333333333
181.93333333337 27 144 0.589344375 0.112234791666667
182.933333333371 27 143 0.309951666666667 0.0234833333333333
186.933333333374 27 142 0.305609166666667 0.425852916666667
203.933333333388 26 142 0.50076931372549 0.528292745098039
222.933333333403 25 143 0.317277807017544 1.54980122807018
230.933333333409 24 143 0.3596275 1.925095
233.933333333412 23 144 0.309677777777778 1.923245
236.933333333414 22 145 0.272451666666667 1.65730166666667
240.933333333417 21 145 0.286469166666667 1.45940583333333
243.93333333342 20 145 0.270666111111111 1.45332444444444
244.93333333342 18 145 0.631735 1.44043166666667
256.950000000095 17 146 0.384544937586685 1.36973425797503
263.050000000089 15 148 0.218721584699453 1.14634016393443
273.216666666747 15 147 0.194470983606558 0.960216229508197
274.233333333413 14 147 0.213375409836066 0.975745901639344
294.566666666727 14 146 0.207081885245902 1.01734286885246
310.833333333379 14 145 0.380529098360656 0.414157786885246
313.883333333377 13 146 0.170791256830601 0.000202185792349727
315.916666666708 12 147 0.158765573770492 0.000145081967213115
336.250000000023 11 148 0.219473852459016 0.0308402459016393
339.30000000002 10 148 0.140027322404372 0.000162295081967213
405.383333333293 10 147 0.130104590163934 0.00203929382093317
438.933333333263 10 146 0.142204172876304 0.00120004967709886
474.516666666564 9 147 0.1329018735363 0.000328758782201405
533.483333333177 9 146 0.127276907857547 0.00160491803278689
554.833333333157 8 147 0.166431069476971 0.00764785323965652
556.866666666489 8 146 0.138118852459016 0.000137704918032787
573.133333333141 7 147 0.199654508196722 0.0329204918032787
600 7 147 0.127611171827565 0.000153612629022465
