# New log 25/04/2014 06:05:53
1 128 128 2.54968 1.16126833333333
4.04999999999999 127 129 1.49080273224044 0.649455191256831
5.06666666666665 124 129 2.66773770491803 0.508695081967213
6.08333333333332 121 130 1.70054098360656 0.614204918032787
7.09999999999998 121 127 1.82462295081967 0.582662295081967
8.09999999999998 121 126 2.41840333333333 0.8489
10.1000000000001 119 127 2.20180166666667 0.628828333333333
11.1000000000001 118 126 6.42877166666667 0.449225
12.1000000000002 117 126 5.24088333333333 0.365473333333333
13.1000000000002 116 125 4.14182833333333 1.46022833333333
15.1000000000003 113 127 3.0029 0.363764166666667
16.1000000000004 110 127 3.85166833333333 0.630971666666667
17.116666666667 107 127 2.93074098360656 0.722986885245902
19.1500000000002 104 127 4.5131368852459 0.855854918032787
20.1666666666668 102 126 5.33314098360656 0.859695081967213
21.1833333333334 100 128 4.88118524590164 0.980683606557377
22.2 99 128 6.01839836065574 0.855624590163934
23.2166666666666 98 127 5.67919508196722 0.990552459016394
24.2333333333332 97 127 10.0059557377049 0.857144262295082
25.2499999999998 93 130 10.6702836065574 0.858545901639344
26.2666666666665 91 132 9.23453114754098 0.895360655737705
27.2833333333331 88 135 9.37309180327869 1.07423278688525
28.2999999999997 87 135 10.4682590163934 1.07102131147541
30.3333333333329 85 136 9.13388524590164 1.04984918032787
31.3499999999995 84 136 7.15827213114754 0.822977049180328
33.3833333333327 83 137 7.20923196721312 0.907251639344262
34.3999999999993 82 137 3.21577213114754 0.426114754098361
35.4166666666659 81 135 4.02084426229508 0.435062295081967
36.4333333333325 80 135 3.56512295081967 0.469180327868853
37.4499999999992 80 133 4.45757213114754 0.692188524590164
38.4666666666658 79 134 4.42252295081967 0.621426229508197
40.499999999999 78 133 4.27356557377049 0.387512295081967
41.5166666666656 77 133 3.35071639344262 0.206629508196721
42.5333333333322 76 134 3.15948524590164 0.39007868852459
43.5499999999988 76 131 3.58897049180328 0.17545737704918
44.5666666666654 75 130 2.8622868852459 0.285214754098361
45.583333333332 73 129 2.55828852459016 0.129234426229508
48.6333333333319 72 128 3.3916087431694 0.821220218579235
50.6666666666651 70 128 3.61484918032787 0.66023606557377
52.6999999999983 69 129 3.09588196721311 0.432077049180328
53.7166666666649 68 130 3.39228032786885 0.391696721311475
55.7499999999981 68 129 3.04889262295082 0.29207131147541
56.7666666666647 66 130 3.10620983606557 0.40657868852459
58.7999999999979 66 128 2.83429836065574 0.469852459016393
59.8166666666646 62 132 2.08257704918033 0.608059016393443
60.8333333333312 61 132 1.99695081967213 0.451098360655738
61.8499999999978 60 132 3.03715081967213 0.656867213114754
62.8666666666644 59 133 4.62500983606557 0.710783606557377
64.8999999999976 58 134 5.43764672131148 0.545193442622951
66.9333333333308 56 134 5.5473393442623 0.621333606557377
67.9499999999974 55 135 5.87363606557377 0.56302131147541
69.9833333333306 55 134 5.75884016393443 0.574454918032787
70.9999999999973 54 135 7.08900983606558 0.77662131147541
73.0333333333305 52 137 4.41419426229508 0.556589344262295
74.0499999999971 51 138 4.54650983606557 0.599447540983607
76.0833333333303 50 138 3.6578868852459 0.390772131147541
79.1333333333301 49 139 3.41213661202186 0.336775956284153
80.1499999999967 48 140 3.07028360655738 0.377298360655738
83.1999999999966 48 139 3.21587267759563 0.146474316939891
84.2166666666632 47 139 2.28447704918033 0.114580327868852
86.2499999999964 47 138 2.33780901639344 0.134422131147541
87.266666666663 47 137 2.59156721311475 0.134685245901639
89.2999999999962 46 137 2.85725409836066 0.407158196721312
90.3166666666628 45 138 2.38098852459016 0.130872131147541
91.3333333333294 45 137 2.60950327868852 0.235973770491803
92.349999999996 44 138 2.25676229508197 0.111724590163934
93.3666666666627 43 138 2.53875901639344 0.170254098360656
96.4166666666625 42 139 2.7476956284153 0.165742076502732
97.4333333333291 40 139 2.32660163934426 0.129106557377049
98.4499999999957 39 140 2.31461639344262 0.12245737704918
99.4666666666623 38 141 2.34275245901639 0.167536065573771
100.483333333329 37 141 2.35266721311475 0.235672131147541
102.516666666662 36 142 3.17186147540984 0.512676229508197
104.549999999995 36 141 2.92421803278689 0.137432786885246
106.583333333329 35 141 3.0726131147541 0.165013114754098
107.599999999995 34 140 3.51715245901639 0.161390163934426
111.666666666662 33 140 4.36198975409836 0.200022540983607
112.683333333328 33 139 4.18184098360656 0.305693442622951
114.716666666661 32 139 2.53146475409836 0.216887704918033
120.816666666661 31 139 2.14518989071038 0.225336612021858
124.883333333328 31 138 2.01650532786885 0.315509016393443
125.899999999994 30 138 2.04589836065574 0.291849180327869
131.93333333333 30 137 2.26714060773481 0.348040055248619
136.933333333334 29 137 2.11608 0.452181666666667
143.93333333334 28 137 2.17909714285714 0.359523095238095
148.933333333344 28 136 2.128644 0.408544
149.933333333345 27 136 2.28009333333333 0.467336666666667
161.933333333354 26 136 1.99078611111111 0.305769722222222
174.933333333365 25 136 2.05529038461538 0.0929428205128205
176.933333333366 24 136 2.2354525 0.1000975
179.933333333369 24 135 2.583975 0.142356666666667
187.933333333375 24 134 0.585638541666667 0.0304027083333333
202.933333333387 23 135 0.560873222222222 0.0573307777777778
206.93333333339 22 136 0.4313975 0.0529320833333333
207.933333333391 21 137 0.242445 0.00148833333333333
238.933333333416 21 136 0.308820537634409 0.0114070967741936
251.933333333426 20 136 0.965123717948719 0.0463946153846154
255.933333333429 19 137 1.071425 0.334504166666667
260.000000000092 18 138 0.322380737704918 0.01505
264.066666666755 17 139 0.270654918032787 0.311367213114754
292.533333333396 16 140 0.251025702576112 0.568874355971897
294.566666666727 15 140 0.24472131147541 0.195949180327869
305.750000000051 14 141 0.229136810730254 0.0393488822652757
384.033333333313 13 141 0.227236853310624 0.139731424313392
427.74999999994 13 140 0.274539115516585 0.0201483415935951
463.333333333241 12 141 0.229327775175644 0.00043559718969555
600 12 141 0.220862537947789 0.000155676988463874
