# New log 25/04/2014 06:14:51
1 128 128 2.00276333333333 0.714015
4.04999999999999 127 129 1.73669781420765 0.66126174863388
5.06666666666665 127 127 3.47241147540984 1.39856721311475
6.08333333333332 126 128 2.14909016393443 2.6604262295082
7.09999999999998 126 126 2.37506393442623 2.90895409836066
8.09999999999998 124 125 2.35880166666667 0.847716666666667
9.10000000000003 123 124 1.86407833333333 1.61428
10.1000000000001 122 124 2.91766166666667 1.400985
11.1000000000001 119 124 3.19101666666667 1.84104833333333
12.1000000000002 116 126 3.14247666666667 2.09374833333333
13.1000000000002 116 125 3.36602833333333 1.06392833333333
14.1000000000003 114 126 2.61868333333333 0.506998333333333
15.1000000000003 113 126 2.57249 0.670843333333333
16.1000000000004 113 124 3.48803833333333 0.781486666666667
17.116666666667 111 124 4.70726557377049 0.776154098360656
18.1333333333336 109 125 4.45716065573771 0.520331147540984
19.1500000000002 104 129 3.95666557377049 0.823885245901639
20.1666666666668 103 128 3.64638360655738 0.934239344262295
21.1833333333334 99 130 5.10849180327869 0.676483606557377
22.2 99 129 5.53854426229508 1.04050983606557
23.2166666666666 96 130 5.77575081967213 0.661014754098361
24.2333333333332 95 131 3.14407540983607 0.573660655737705
25.2499999999998 91 132 1.62262786885246 0.335585245901639
26.2666666666665 90 132 2.57579344262295 0.141639344262295
27.2833333333331 89 132 2.06350491803279 0.215252459016393
28.2999999999997 88 132 2.53221147540984 0.268645901639344
29.3166666666663 87 132 2.83525245901639 1.39503114754098
32.3666666666661 83 135 2.72207759562842 1.21130327868852
35.4166666666659 82 134 1.42216557377049 0.508697267759563
36.4333333333325 81 134 1.62878360655738 0.260886885245902
37.4499999999992 81 132 1.15890819672131 0.135622950819672
38.4666666666658 79 133 1.29226229508197 0.122447540983607
39.4833333333324 77 134 1.15195081967213 0.386650819672131
40.499999999999 75 136 2.40817704918033 1.27771639344262
42.5333333333322 74 135 1.98354918032787 1.03782131147541
43.5499999999988 73 135 3.8119393442623 1.42096065573771
45.583333333332 72 136 4.59704344262295 1.62858606557377
46.5999999999986 71 137 3.33883606557377 1.06733770491803
48.6333333333319 69 138 1.98056557377049 0.838470491803279
49.6499999999985 69 137 1.53805737704918 0.863068852459016
51.6833333333317 69 136 1.25019262295082 0.751597540983607
53.7166666666649 68 137 2.81021229508197 1.11741393442623
55.7499999999981 68 136 2.2404737704918 0.728094262295082
57.7833333333313 67 137 1.38788770491803 0.920352459016393
60.8333333333312 65 137 1.67578360655738 1.45362732240437
61.8499999999978 64 135 0.8712 0.446072131147541
62.8666666666644 63 136 1.2426393442623 2.15431639344262
65.9166666666642 62 137 1.00361202185792 0.948602732240437
66.9333333333308 60 139 1.26904590163934 0.557062295081967
68.966666666664 58 140 2.9423606557377 1.60599262295082
69.9833333333306 57 141 2.13133278688525 1.14534918032787
70.9999999999973 56 141 1.41083770491803 0.887095081967213
72.0166666666639 54 143 0.756881967213115 0.372514754098361
73.0333333333305 53 143 0.780777049180328 0.407845901639344
75.0666666666637 51 145 0.9823 0.607460655737705
77.0999999999969 49 145 1.37410163934426 0.72344262295082
79.1333333333301 48 145 1.15659590163934 0.516681147540984
80.1499999999967 47 146 0.846918032786885 0.183344262295082
81.1666666666633 46 147 0.542240983606557 0.0441
82.18333333333 46 146 0.552701639344263 0.0291049180327869
83.1999999999966 45 147 0.537106557377049 0.0132967213114754
85.2333333333298 44 148 0.626620491803279 0.0547918032786885
86.2499999999964 43 149 0.556670491803279 0.0198573770491803
87.266666666663 42 150 0.560363934426229 0.00448360655737705
88.2833333333296 42 149 0.553670491803279 0.0486918032786885
91.3333333333294 40 151 0.485554098360656 0.00703825136612022
92.349999999996 39 152 0.579860655737705 0.192908196721311
93.3666666666627 37 152 1.27830983606557 0.296865573770492
94.3833333333293 36 153 0.807588524590164 0.0465180327868852
95.3999999999959 33 156 0.413406557377049 0.00989836065573771
96.4166666666625 32 157 0.440885245901639 0.0444901639344262
98.4499999999957 31 158 0.423110655737705 0.0445918032786885
101.499999999996 31 157 0.378578142076503 0.00785573770491803
107.599999999995 30 158 0.382025409836066 0.0129254098360656
111.666666666662 29 159 0.352380737704918 0.0129672131147541
115.733333333328 28 160 0.466190573770492 0.0501901639344262
119.799999999994 26 161 0.635774590163935 0.470570081967213
120.816666666661 25 161 0.33392131147541 0.0328196721311475
127.933333333327 25 160 0.372468618266979 0.104475878220141
128.933333333328 24 161 0.323205 0.00055
129.933333333329 23 162 0.305105 0.000195
131.93333333333 22 162 0.354301666666667 0.0998091666666667
133.933333333332 21 162 0.395645833333333 0.337309166666667
136.933333333334 20 163 0.328711666666666 0.105505
137.933333333335 19 164 0.317471666666667 0.110623333333333
141.933333333338 18 165 0.299492083333333 0.107885833333333
163.933333333356 17 166 0.260386666666666 0.0661055303030303
165.933333333358 17 165 0.23288 0.0175383333333333
170.933333333362 16 166 0.429774 0.264864333333333
171.933333333362 15 167 0.213515 0.0165383333333333
172.933333333363 14 168 0.176771666666667 0.00019
205.933333333389 13 168 0.202133636363636 0.0234211111111111
224.933333333404 12 169 0.197177631578947 0.116893771929825
256.950000000095 11 169 0.190518584070796 0.00335257678292556
303.716666666719 10 169 0.198412330719886 0.00267327156094084
600 10 169 0.222483174264549 0.000166112732988996
