# New log 23/04/2014 23:42:11
1 128 128 5.945305
5.06666666666665 126 128 4.41871475409836
6.08333333333332 125 125 5.10883114754098
7.09999999999998 124 125 4.35665245901639
8.09999999999998 123 126 3.869155
9.10000000000003 120 126 4.39984333333333
10.1000000000001 118 127 5.33218
11.1000000000001 117 127 5.469855
12.1000000000002 116 128 5.45682333333333
13.1000000000002 115 128 5.456065
15.1000000000003 111 132 5.36790583333333
16.1000000000004 110 131 6.33043166666667
17.116666666667 109 131 7.80297704918033
18.1333333333336 108 131 8.10907049180328
19.1500000000002 107 130 8.18597213114754
20.1666666666668 106 130 7.52609180327869
21.1833333333334 105 130 6.44299016393443
22.2 101 131 5.62619016393442
23.2166666666666 101 129 5.23163606557377
24.2333333333332 100 130 5.24514918032787
25.2499999999998 98 131 5.42993278688525
26.2666666666665 96 131 6.89788032786885
27.2833333333331 95 131 5.25816393442623
28.2999999999997 95 130 5.95305901639344
31.3499999999995 93 131 6.20565245901639
32.3666666666661 91 133 3.83835409836066
33.3833333333327 90 134 3.70818524590164
34.3999999999993 88 134 4.03738852459016
38.4666666666658 86 136 4.57311475409836
39.4833333333324 86 135 5.29474754098361
40.499999999999 83 138 7.66874262295082
41.5166666666656 78 140 8.47967704918033
42.5333333333322 75 142 7.17532131147541
43.5499999999988 72 142 7.5793131147541
44.5666666666654 72 141 7.17478196721311
45.583333333332 70 143 5.62102295081967
46.5999999999986 67 144 4.01708196721312
47.6166666666652 66 145 3.38005081967213
49.6499999999985 65 144 3.30484508196721
50.6666666666651 65 143 4.12665573770492
51.6833333333317 64 144 3.4418737704918
53.7166666666649 63 145 3.18458606557377
54.7333333333315 62 145 3.49946885245902
56.7666666666647 60 145 3.71726803278688
58.7999999999979 59 145 3.70944098360656
59.8166666666646 57 145 4.20857704918033
62.8666666666644 56 146 3.5077043715847
65.9166666666642 54 147 4.75417650273224
66.9333333333308 54 146 6.63309508196721
68.966666666664 52 148 4.67982704918033
72.0166666666639 51 148 3.9248956284153
73.0333333333305 50 148 3.22949016393443
74.0499999999971 48 149 2.80408360655738
75.0666666666637 47 150 2.28584098360656
76.0833333333303 46 150 2.40874590163934
77.0999999999969 45 151 2.45335901639344
83.1999999999966 44 150 5.32248852459017
88.2833333333296 43 151 3.88512262295082
91.3333333333294 42 152 2.49262786885246
92.349999999996 41 152 2.10423114754098
93.3666666666627 38 152 2.14415901639344
95.3999999999959 37 153 2.06945327868852
98.4499999999957 37 152 2.6554650273224
101.499999999996 36 152 2.0926306010929
106.583333333329 36 151 2.05685672131148
107.599999999995 35 151 1.87695245901639
112.683333333328 34 151 1.82187606557377
114.716666666661 33 151 1.84669918032787
123.866666666661 32 152 1.96129071038251
124.883333333328 30 153 1.73214918032787
125.899999999994 29 154 1.74625573770492
144.933333333341 29 153 1.88549010507881
174.933333333365 29 152 1.78092955555556
193.93333333338 28 153 1.78787701754386
245.933333333421 27 153 1.72744121794872
387.08333333331 26 153 1.67861236273468
390.133333333307 26 152 1.71996612021858
468.416666666569 26 151 1.65145601447733
478.583333333227 26 150 1.64675049180328
491.799999999881 25 150 1.67597389659521
502.983333333205 24 150 1.66918509687034
507.049999999868 24 149 1.68753278688525
600 24 149 1.6313675873129
