# New log 23/04/2014 23:29:41
1 128 128 4.97591333333333
4.04999999999999 127 128 3.32882185792349
6.08333333333332 125 126 3.81237950819672
7.09999999999998 125 123 4.69075573770492
8.09999999999998 121 124 4.28029166666667
9.10000000000003 121 123 4.00772666666667
10.1000000000001 119 122 3.38134833333333
11.1000000000001 118 121 3.54831666666667
12.1000000000002 117 121 3.15355666666667
13.1000000000002 117 119 3.208405
14.1000000000003 115 120 4.54313166666667
15.1000000000003 111 124 3.44954166666667
18.1333333333336 106 127 3.81789615384615
19.1500000000002 104 127 6.03174590163934
20.1666666666668 101 129 4.66714262295082
21.1833333333334 101 127 4.54953770491803
22.2 99 128 4.76912786885246
23.2166666666666 97 130 4.60924098360656
24.2333333333332 95 131 5.42056229508197
25.2499999999998 94 132 7.48611639344262
26.2666666666665 92 133 5.91110163934426
27.2833333333331 90 135 7.19035737704918
28.2999999999997 89 135 6.74335245901639
30.3333333333329 85 136 5.76752049180328
31.3499999999995 82 139 5.15715081967213
32.3666666666661 81 139 4.93975901639344
33.3833333333327 80 139 4.97084426229508
34.3999999999993 79 140 4.64203278688525
35.4166666666659 78 140 4.65834590163934
36.4333333333325 77 140 4.50721803278689
37.4499999999992 76 141 4.45541803278689
41.5166666666656 75 141 4.72333893442623
42.5333333333322 72 141 4.38979508196721
43.5499999999988 70 142 4.2295262295082
44.5666666666654 67 145 3.40634426229508
45.583333333332 66 146 3.19221147540984
47.6166666666652 66 145 3.70196885245902
49.6499999999985 65 144 3.41797213114754
50.6666666666651 64 143 3.93778852459016
52.6999999999983 63 144 3.75119836065574
53.7166666666649 62 145 3.26589016393443
55.7499999999981 60 145 4.59978360655738
56.7666666666647 58 145 3.00804590163934
57.7833333333313 57 144 3.28020491803279
58.7999999999979 56 145 2.81701639344262
59.8166666666646 54 144 2.69994098360656
62.8666666666644 53 144 2.8969956284153
63.883333333331 51 145 2.83496229508197
65.9166666666642 50 146 2.74820245901639
67.9499999999974 48 148 2.28485327868853
69.9833333333306 46 150 1.94526885245902
70.9999999999973 45 151 1.9331262295082
72.0166666666639 44 152 1.95635901639344
73.0333333333305 43 153 1.97133114754098
74.0499999999971 42 154 1.95667704918033
75.0666666666637 40 155 1.87363114754098
76.0833333333303 39 156 2.22133606557377
78.1166666666635 39 155 1.76795163934426
82.18333333333 38 156 1.74996926229508
83.1999999999966 37 156 1.66912131147541
89.2999999999962 37 155 1.76357540983606
93.3666666666627 35 156 1.71083237704918
94.3833333333293 34 157 1.61443278688525
97.4333333333291 33 158 1.72651584699454
98.4499999999957 32 158 2.41706229508197
102.516666666662 31 159 1.94351270491803
106.583333333329 30 160 1.66655450819672
108.616666666662 29 161 1.71910409836066
109.633333333328 28 162 1.56673442622951
118.783333333328 27 163 1.72784699453552
123.866666666661 25 165 1.89720459016393
125.899999999994 25 164 1.71755819672131
143.93333333334 24 165 2.12907670979668
145.933333333342 23 166 2.14961583333333
151.933333333346 22 167 2.256635
158.933333333352 20 168 1.883895
159.933333333353 19 168 1.52862833333333
161.933333333354 18 169 1.5840025
165.933333333358 17 169 1.62004833333333
166.933333333358 17 168 1.52008
169.933333333361 16 168 1.57676833333333
179.933333333369 15 169 1.50710266666667
195.933333333381 15 168 1.5072565625
197.933333333383 15 167 1.49137916666667
198.933333333384 14 168 1.46718
203.933333333388 13 169 1.43525066666667
600 13 169 1.38586861632841
