# New log 24/04/2014 02:38:11
1 128 128 2.20968333333333
4.04999999999999 127 129 1.68782841530055
5.06666666666665 126 129 3.42929508196721
6.08333333333332 121 133 2.40567049180328
7.09999999999998 119 133 2.58357049180328
8.09999999999998 117 133 2.09194333333333
9.10000000000003 117 132 1.93115833333333
10.1000000000001 114 134 1.72049166666667
11.1000000000001 112 135 1.26328833333333
12.1000000000002 112 134 1.42516333333333
13.1000000000002 110 134 2.656225
14.1000000000003 109 135 2.093085
15.1000000000003 107 136 1.94503333333333
16.1000000000004 105 136 2.45437166666667
17.116666666667 102 137 2.88818360655738
18.1333333333336 100 137 3.10776557377049
20.1666666666668 97 139 3.94977049180328
22.2 95 139 3.36145163934426
24.2333333333332 93 139 5.52496967213115
25.2499999999998 90 139 5.13337704918033
26.2666666666665 89 139 5.30005901639344
27.2833333333331 88 138 4.68038032786885
28.2999999999997 87 139 5.74157704918033
30.3333333333329 86 139 6.24866967213115
31.3499999999995 86 137 5.76499672131148
32.3666666666661 84 138 5.33952622950819
33.3833333333327 83 138 5.32350819672131
34.3999999999993 83 137 5.84113114754098
35.4166666666659 83 136 5.23455901639344
36.4333333333325 83 135 4.96062131147541
38.4666666666658 83 134 5.01753606557377
39.4833333333324 82 134 3.64056721311475
40.499999999999 82 133 3.93162950819672
43.5499999999988 81 133 3.84916830601093
44.5666666666654 80 133 4.75127213114754
45.583333333332 79 134 4.62898360655738
47.6166666666652 78 133 6.79264180327869
49.6499999999985 77 134 4.97609016393443
50.6666666666651 75 135 4.34930655737705
51.6833333333317 70 137 2.94414098360656
52.6999999999983 70 136 2.56895081967213
55.7499999999981 69 137 2.65019289617486
56.7666666666647 67 139 3.08061639344262
57.7833333333313 67 138 3.27836885245902
58.7999999999979 66 139 1.46753278688525
59.8166666666646 64 140 0.968236065573771
60.8333333333312 64 139 0.99225737704918
64.8999999999976 62 138 2.74787950819672
65.9166666666642 61 139 3.1549
66.9333333333308 59 141 3.67144098360656
67.9499999999974 59 139 3.48045245901639
68.966666666664 58 140 5.18764918032787
69.9833333333306 57 140 5.17097868852459
74.0499999999971 53 142 4.99331762295082
75.0666666666637 50 142 2.71634262295082
76.0833333333303 48 142 1.6398737704918
78.1166666666635 47 142 2.68279262295082
79.1333333333301 46 143 2.36596393442623
80.1499999999967 46 142 2.67432131147541
81.1666666666633 44 140 3.04707049180328
82.18333333333 43 140 3.17047213114754
83.1999999999966 42 141 3.76517213114754
85.2333333333298 41 142 3.65437213114754
87.266666666663 41 141 2.86999672131148
88.2833333333296 40 142 2.73785409836066
91.3333333333294 39 142 2.91636721311476
93.3666666666627 38 143 2.38590901639344
96.4166666666625 37 142 1.55053606557377
102.516666666662 36 143 1.5845237704918
104.549999999995 36 141 1.42585819672131
106.583333333329 35 142 0.722986885245902
111.666666666662 35 141 0.555096721311475
113.699999999995 34 140 0.32564262295082
114.716666666661 34 139 0.306293442622951
118.783333333328 33 140 0.571501229508197
119.799999999994 32 140 0.543839344262295
120.816666666661 31 141 0.270637704918033
123.866666666661 30 142 0.456118579234973
131.93333333333 30 141 0.385312809917355
134.933333333333 29 142 0.305812222222222
137.933333333335 28 142 0.600226666666667
140.933333333338 26 143 0.725752222222222
145.933333333342 25 143 0.291107
152.933333333347 24 144 0.261323333333333
156.93333333335 22 145 0.328273333333333
158.933333333352 21 146 0.217423333333333
162.933333333355 20 146 0.452552916666667
164.933333333357 19 147 0.187353333333333
174.933333333365 18 148 0.310376166666667
175.933333333365 17 149 0.1893
202.933333333387 17 148 0.195899629629629
213.933333333396 14 150 0.181882727272727
275.250000000078 14 149 0.153347893449308
279.316666666741 13 150 0.133112704918033
434.8666666666 12 151 0.125927268831033
600 12 151 0.132485638137386
