# New log 24/04/2014 02:47:35
1 128 128 2.11515333333333
4.04999999999999 127 128 3.08666830601093
5.06666666666665 125 126 4.42769016393443
6.08333333333332 125 122 4.20078524590164
8.09999999999998 124 122 4.14931404958678
9.10000000000003 123 120 4.77101
10.1000000000001 119 123 2.60765666666667
11.1000000000001 117 121 1.92831333333333
12.1000000000002 113 121 1.76909833333333
13.1000000000002 112 120 1.63372833333333
14.1000000000003 111 120 1.77178
15.1000000000003 108 123 1.92423
16.1000000000004 103 125 2.52900333333333
17.116666666667 100 127 2.85064754098361
18.1333333333336 99 126 4.15610491803279
19.1500000000002 96 129 4.80030819672131
20.1666666666668 94 130 4.78005081967213
21.1833333333334 93 130 3.97840819672131
22.2 92 131 4.36699672131147
23.2166666666666 90 133 2.46021803278689
24.2333333333332 88 134 1.00724590163934
25.2499999999998 87 134 2.46643606557377
26.2666666666665 85 136 1.46362131147541
27.2833333333331 83 136 1.49234426229508
28.2999999999997 81 138 1.70618360655738
29.3166666666663 78 140 2.47715409836066
30.3333333333329 77 140 2.4371606557377
31.3499999999995 76 140 3.42968524590164
32.3666666666661 74 142 3.03829508196721
33.3833333333327 73 142 1.40365737704918
34.3999999999993 72 143 0.998559016393442
35.4166666666659 70 142 1.58150491803279
36.4333333333325 68 143 2.67123278688525
38.4666666666658 67 142 1.9730631147541
39.4833333333324 66 142 2.29840163934426
40.499999999999 65 143 2.02979180327869
41.5166666666656 62 143 1.18541147540984
42.5333333333322 60 143 1.10417213114754
43.5499999999988 59 144 1.67777213114754
44.5666666666654 58 144 1.03876721311475
45.583333333332 56 145 1.09171967213115
46.5999999999986 55 144 1.19430491803279
47.6166666666652 54 144 1.11603442622951
49.6499999999985 52 145 1.17859180327869
51.6833333333317 50 147 1.26552295081967
52.6999999999983 49 147 1.45220163934426
54.7333333333315 49 146 1.46444836065574
55.7499999999981 48 146 1.49732295081967
56.7666666666647 47 147 1.83086393442623
59.8166666666646 46 147 1.55735300546448
60.8333333333312 44 149 1.21034098360656
63.883333333331 43 149 1.20220928961749
64.8999999999976 42 150 1.34090327868852
65.9166666666642 41 151 1.22120983606557
66.9333333333308 40 151 1.12711803278689
67.9499999999974 39 152 0.88827868852459
68.966666666664 38 153 2.39746557377049
70.9999999999973 37 153 1.37114098360656
72.0166666666639 37 152 1.32461475409836
75.0666666666637 36 152 1.2089606557377
76.0833333333303 35 153 1.34015573770492
77.0999999999969 34 153 0.783134426229508
80.1499999999967 33 153 0.906469945355192
81.1666666666633 32 153 0.532893442622951
84.2166666666632 32 151 1.17925300546448
85.2333333333298 29 153 3.74640819672131
86.2499999999964 28 154 1.9190868852459
88.2833333333296 28 153 0.70982868852459
89.2999999999962 27 154 0.476044262295082
90.3166666666628 26 154 0.773357377049181
92.349999999996 25 155 0.553367213114754
93.3666666666627 25 154 0.534716393442623
98.4499999999957 24 154 0.724163934426229
100.483333333329 23 155 0.699909836065574
101.499999999996 22 156 0.377862295081967
103.533333333329 21 156 0.377815573770492
107.599999999995 19 156 0.638992213114754
112.683333333328 17 158 0.270510819672131
135.933333333334 17 156 0.211803010752689
138.933333333336 16 157 0.200785
140.933333333338 15 157 0.224230833333333
147.933333333343 15 156 0.171968571428571
165.933333333358 14 156 0.193840462962963
175.933333333365 13 155 0.182269333333333
190.933333333377 13 154 0.159071444444445
202.933333333387 12 155 0.157300416666667
204.933333333389 11 155 0.1485525
223.933333333404 10 156 0.136505789473684
243.93333333342 9 156 0.124477416666667
600 9 156 0.133278489649061
