# New log 25/04/2014 06:32:14
1 128 128 4.61993333333333 1.88878333333333
5.06666666666665 127 124 4.15207172131148 0.91421762295082
6.08333333333332 126 122 4.55989836065574 1.70969344262295
7.09999999999998 125 123 3.27027213114754 1.38876229508197
8.09999999999998 124 123 3.47002166666667 1.95077
9.10000000000003 124 122 4.099705 2.28313333333333
10.1000000000001 122 122 3.13810833333333 0.760756666666667
11.1000000000001 121 123 4.09970833333333 1.17442666666667
12.1000000000002 120 122 5.14014 0.4186
13.1000000000002 119 121 3.41200166666667 0.436561666666667
14.1000000000003 117 122 5.96178166666667 0.394428333333333
15.1000000000003 115 123 4.76653666666667 0.219636666666667
17.116666666667 115 121 4.43152479338843 0.284525619834711
19.1500000000002 110 123 3.04289672131147 0.280040983606557
20.1666666666668 109 124 3.14486885245902 0.193988524590164
21.1833333333334 108 125 2.93537868852459 0.233314754098361
22.2 108 124 3.19570327868852 0.349129508196721
23.2166666666666 108 123 3.02628524590164 0.573191803278689
24.2333333333332 108 122 2.46121475409836 0.261350819672131
25.2499999999998 107 119 2.76905573770492 0.712367213114754
26.2666666666665 104 121 2.56278196721311 0.757390163934426
27.2833333333331 103 117 2.58592950819672 0.644052459016393
29.3166666666663 103 116 5.86871967213115 0.609680327868853
32.3666666666661 101 116 6.74941256830601 0.604087978142076
33.3833333333327 100 115 2.2144393442623 0.607295081967213
34.3999999999993 99 114 2.45838032786885 0.414983606557377
35.4166666666659 98 114 1.99410819672131 0.356952459016393
36.4333333333325 97 114 2.00591803278689 0.453106557377049
37.4499999999992 96 114 2.35107704918033 0.37352131147541
38.4666666666658 96 112 3.51918524590164 0.540736065573771
39.4833333333324 93 112 3.22621475409836 0.481803278688525
40.499999999999 91 114 3.82001147540984 1.52975081967213
41.5166666666656 89 113 3.44754262295082 0.355324590163934
42.5333333333322 88 112 2.5543868852459 0.488324590163934
44.5666666666654 87 112 1.55999262295082 0.193643442622951
46.5999999999986 84 115 2.06592540983607 0.195853278688525
47.6166666666652 82 116 1.68450655737705 0.339850819672131
48.6333333333319 81 116 1.56155901639344 0.213688524590164
50.6666666666651 80 116 1.50629508196721 0.128702459016393
54.7333333333315 80 114 1.69937786885246 0.226990983606557
58.7999999999979 79 114 1.87218237704918 0.320510655737705
59.8166666666646 78 115 1.63456721311475 0.24963606557377
61.8499999999978 77 116 1.74314836065574 0.239946721311475
63.883333333331 76 117 1.79379590163934 0.229749180327869
65.9166666666642 76 116 1.74538360655738 0.180136065573771
66.9333333333308 74 117 1.92786065573771 0.203611475409836
67.9499999999974 74 116 1.77000327868853 0.28057868852459
69.9833333333306 73 116 1.73482786885246 0.14075737704918
70.9999999999973 72 117 1.64244098360656 0.183896721311475
72.0166666666639 71 117 1.42779180327869 0.202191803278689
75.0666666666637 70 118 3.06726229508197 0.316730054644809
77.0999999999969 69 118 2.48550819672131 0.273132786885246
79.1333333333301 68 119 1.49010655737705 0.422443442622951
82.18333333333 68 118 2.3855174863388 0.743131147540984
83.1999999999966 67 119 4.1571131147541 0.545995081967213
85.2333333333298 66 120 4.47389836065574 0.353800819672131
86.2499999999964 66 119 4.98917049180328 0.470611475409836
89.2999999999962 65 119 3.25092295081967 0.536141530054645
90.3166666666628 64 118 4.02770491803279 0.520083606557377
91.3333333333294 63 118 4.35703934426229 0.565008196721311
93.3666666666627 61 119 4.26935327868853 0.560488524590164
94.3833333333293 59 120 2.26249508196721 0.317783606557377
96.4166666666625 59 119 2.80104016393443 0.433879508196721
99.4666666666623 58 120 2.03738743169399 0.376092349726776
100.483333333329 58 119 1.1652393442623 0.0884836065573771
102.516666666662 56 121 2.22649016393443 0.201439344262295
103.533333333329 56 120 10.0194819672131 0.829586885245902
104.549999999995 55 121 5.35669180327869 0.295844262295082
105.566666666662 54 122 5.73155081967213 0.3115
110.649999999995 53 123 4.34694524590164 0.25581868852459
111.666666666662 52 124 1.09332950819672 0.107049180327869
113.699999999995 52 122 1.60399836065574 0.333003278688525
114.716666666661 51 123 1.9974393442623 0.556727868852459
116.749999999995 51 122 1.62809426229508 0.416460655737705
117.766666666661 50 123 2.58701967213115 0.206803278688525
121.833333333328 50 122 3.71423852459016 0.244536885245902
124.883333333328 49 122 1.37261366120219 0.208593989071038
129.933333333329 48 121 0.93529108910891 0.0963481848184819
130.93333333333 48 120 0.93617 0.107338333333333
136.933333333334 47 121 1.1014625 0.117207222222222
137.933333333335 46 121 1.31985166666667 0.211116666666667
138.933333333336 46 120 1.32783833333333 0.17257
139.933333333337 45 121 1.50853833333333 0.1556
147.933333333343 43 122 0.859822083333334 0.0859202083333333
149.933333333345 42 122 0.788595 0.0781158333333333
150.933333333346 41 123 0.751436666666667 0.0614533333333333
155.93333333335 40 124 0.805464333333333 0.0105106666666667
165.933333333358 40 123 0.695357 0.006512
173.933333333364 40 122 0.6804275 0.005350625
177.933333333367 39 123 0.674060833333333 0.00514875
180.933333333369 38 124 0.667796111111111 0.00372055555555556
184.933333333373 37 125 0.740069583333334 0.0392583333333333
191.933333333378 37 124 0.744350714285714 0.04713
197.933333333383 36 125 0.664089722222222 0.00430666666666667
202.933333333387 35 126 0.635792 0.007602
210.933333333393 34 127 0.553461458333334 0.000997916666666667
220.933333333401 33 128 0.530559 0.0008765
240.933333333417 33 127 0.5367435 0.00835216666666667
245.933333333421 33 126 0.512735 0.0815746666666667
261.016666666758 32 127 0.477759779005525 0.110589723756906
266.100000000087 31 128 0.467616393442623 0.0263354098360656
298.63333333339 31 127 0.456404405737705 0.00242059426229508
308.800000000048 30 128 0.451171475409836 0.000134098360655738
313.883333333377 30 127 0.442431475409836 0.00014
372.84999999999 29 128 0.445179734313171 0.00183086489542114
374.883333333321 28 128 0.408675409836066 0.000105737704918033
402.333333333296 27 129 0.410377049180328 0.0024501517911354
600 27 129 0.416725842791089 0.000156973518284994
