# New log 23/04/2014 01:31:21
1 128 128 8.78535333333334
4.04999999999999 128 122 6.2978087431694
5.06666666666665 127 120 6.91630983606558
6.08333333333332 126 119 5.62873114754098
7.09999999999998 122 120 5.74168524590164
8.09999999999998 122 117 5.458725
9.10000000000003 119 120 4.89863833333333
10.1000000000001 117 121 4.70171666666667
11.1000000000001 116 122 4.56154166666667
12.1000000000002 114 123 4.58817666666667
13.1000000000002 113 123 4.79839333333333
14.1000000000003 111 121 5.49066
15.1000000000003 111 120 5.21794
16.1000000000004 107 118 6.61136166666667
17.116666666667 106 118 6.26218032786885
18.1333333333336 102 120 4.38489344262295
19.1500000000002 101 121 4.38032950819672
20.1666666666668 101 120 4.92695737704918
21.1833333333334 100 119 5.34020163934426
22.2 97 121 6.2319737704918
23.2166666666666 95 120 4.4154606557377
24.2333333333332 94 120 4.87150983606557
25.2499999999998 93 121 7.15979836065574
26.2666666666665 92 120 8.31487540983607
28.2999999999997 91 120 8.28360901639344
29.3166666666663 90 121 10.0358852459016
30.3333333333329 88 121 9.56869836065574
31.3499999999995 86 120 4.50747049180328
32.3666666666661 85 120 4.47817540983606
33.3833333333327 85 119 4.48657704918033
34.3999999999993 84 118 5.63988852459016
35.4166666666659 82 119 5.05583770491803
36.4333333333325 81 120 5.18282295081967
37.4499999999992 81 118 5.58942950819672
38.4666666666658 80 118 4.76144426229508
40.499999999999 79 118 5.26447049180328
42.5333333333322 78 119 4.67684918032787
43.5499999999988 74 122 3.36992950819672
45.583333333332 73 122 3.2834393442623
47.6166666666652 73 121 3.51266639344262
48.6333333333319 70 122 3.30479180327869
49.6499999999985 70 121 3.57096393442623
50.6666666666651 69 121 3.59591803278688
51.6833333333317 68 122 3.43130491803279
52.6999999999983 66 120 2.96728524590164
53.7166666666649 65 121 2.9772606557377
54.7333333333315 65 120 3.27119508196721
56.7666666666647 65 119 3.31970573770492
57.7833333333313 64 119 3.46943442622951
59.8166666666646 64 118 2.94718442622951
61.8499999999978 63 119 3.07859426229508
62.8666666666644 61 119 4.94596557377049
63.883333333331 59 119 4.34119180327869
64.8999999999976 58 120 3.28039344262295
65.9166666666642 57 120 3.18930819672131
67.9499999999974 56 120 2.70912950819672
68.966666666664 56 119 2.83368852459016
69.9833333333306 55 120 2.78376393442623
70.9999999999973 54 121 2.90439016393443
74.0499999999971 52 122 2.86962459016393
75.0666666666637 50 123 2.78637704918033
76.0833333333303 48 125 4.23975081967213
77.0999999999969 47 125 4.54809508196721
78.1166666666635 46 126 3.80719508196721
81.1666666666633 45 126 2.93628961748634
82.18333333333 44 125 2.28514098360656
83.1999999999966 42 126 2.56169672131148
84.2166666666632 41 127 2.80684918032787
86.2499999999964 40 128 2.35905819672131
87.266666666663 40 127 2.2674
88.2833333333296 39 128 2.30215081967213
90.3166666666628 39 127 2.77193524590164
91.3333333333294 37 129 3.10473606557377
92.349999999996 36 130 2.63114918032787
93.3666666666627 35 131 2.9334868852459
95.3999999999959 35 130 2.54847868852459
99.4666666666623 34 131 2.34195
100.483333333329 33 132 2.19554918032787
111.666666666662 32 132 2.28370327868853
114.716666666661 31 132 2.46241857923497
117.766666666661 30 133 2.29742568306011
122.849999999994 29 134 2.56594590163935
123.866666666661 28 135 2.23175409836066
127.933333333327 27 136 2.5067737704918
131.93333333333 26 137 2.58262333333333
132.933333333331 25 137 2.533695
135.933333333334 25 136 2.13286944444444
139.933333333337 24 136 2.08197125
145.933333333342 23 137 2.10685638888889
148.933333333344 22 138 2.05454277777778
157.933333333351 20 140 2.11490592592593
159.933333333353 19 140 2.19013666666667
160.933333333354 18 141 1.92560333333333
163.933333333356 17 142 2.00808166666667
172.933333333363 16 143 1.82421703703704
177.933333333367 16 142 1.71182733333333
181.93333333337 15 143 2.19206708333333
184.933333333373 15 142 1.77030777777778
186.933333333374 15 141 1.67898833333333
189.933333333377 14 141 1.64287944444444
196.933333333382 13 142 1.65121023809524
197.933333333383 12 143 1.59772833333333
204.933333333389 11 143 1.59951238095238
210.933333333393 10 143 1.55792972222222
236.933333333414 9 143 1.53408551282051
273.216666666747 8 144 1.44999650895728
600 8 144 1.42997272171877
