# New log 23/04/2014 01:18:36
1 128 128 8.06151666666666
4.04999999999999 128 125 4.74056885245901
6.08333333333332 128 123 4.9641524590164
7.09999999999998 127 123 4.81999180327869
8.09999999999998 125 124 4.633735
9.10000000000003 124 123 4.47920166666667
10.1000000000001 122 124 4.65216333333333
11.1000000000001 121 123 6.32788166666666
12.1000000000002 119 123 6.23999166666667
13.1000000000002 117 125 6.19694
14.1000000000003 116 126 7.01162
15.1000000000003 113 127 7.582335
16.1000000000004 111 126 6.06716
17.116666666667 110 125 5.24653770491803
18.1333333333336 107 125 5.22962131147541
19.1500000000002 106 124 7.05997868852459
21.1833333333334 103 124 5.71143360655738
22.2 101 125 4.19268196721311
23.2166666666666 98 128 5.18726885245902
24.2333333333332 97 128 7.50013278688524
25.2499999999998 96 128 6.49199180327869
27.2833333333331 95 127 5.01309098360656
29.3166666666663 94 125 5.24622459016393
30.3333333333329 93 126 6.79100491803279
31.3499999999995 90 127 7.25306885245902
32.3666666666661 88 127 8.79816229508197
34.3999999999993 86 127 7.53450737704918
35.4166666666659 86 126 6.68670983606557
36.4333333333325 84 127 5.10395901639344
38.4666666666658 84 126 5.07311147540984
39.4833333333324 84 125 5.27632950819672
41.5166666666656 84 124 4.19152131147541
42.5333333333322 83 124 4.29496393442623
43.5499999999988 80 125 4.00181475409836
44.5666666666654 79 126 6.25050655737705
45.583333333332 79 125 4.56650655737705
46.5999999999986 78 126 4.03643114754098
47.6166666666652 74 129 3.81352459016393
48.6333333333319 72 131 4.89192950819672
50.6666666666651 71 131 4.74584262295082
51.6833333333317 71 130 3.82353442622951
52.6999999999983 70 129 3.42670655737705
53.7166666666649 69 129 3.67778360655738
54.7333333333315 68 130 3.57431639344262
56.7666666666647 67 131 4.94060573770492
57.7833333333313 65 132 4.50770655737705
58.7999999999979 64 133 3.93724098360656
62.8666666666644 64 132 3.73350737704918
64.8999999999976 64 131 3.6880368852459
66.9333333333308 64 130 3.30189262295082
67.9499999999974 64 129 4.43637049180328
69.9833333333306 64 128 6.93387459016394
70.9999999999973 63 128 4.96163278688525
73.0333333333305 63 127 3.21592213114754
76.0833333333303 62 128 4.04561092896175
77.0999999999969 62 127 3.66943114754098
78.1166666666635 61 128 3.17929672131148
81.1666666666633 59 128 4.24956284153006
83.1999999999966 59 127 2.86129754098361
84.2166666666632 58 127 2.69398524590164
88.2833333333296 57 128 2.99968647540984
90.3166666666628 57 127 2.99508360655738
92.349999999996 57 126 3.20332786885246
97.4333333333291 56 126 2.80397704918033
102.516666666662 55 126 2.66835540983607
104.549999999995 54 126 2.49044262295082
106.583333333329 53 126 2.57035327868853
108.616666666662 52 126 2.51983524590164
113.699999999995 51 127 2.49997737704918
115.733333333328 50 127 2.37571721311475
120.816666666661 49 127 2.79706983606558
121.833333333328 48 127 2.38911639344262
123.866666666661 47 127 3.05204098360656
125.899999999994 46 128 2.40044836065574
127.933333333327 46 127 2.25504754098361
128.933333333328 45 128 2.37378833333333
131.93333333333 44 128 2.48808888888889
133.933333333332 44 127 2.32340916666667
135.933333333334 43 128 2.43047166666667
145.933333333342 42 129 2.3613105
149.933333333345 42 128 2.28745458333333
153.933333333348 41 128 2.35225041666667
156.93333333335 40 127 2.26745
159.933333333353 39 128 2.39962555555555
162.933333333355 39 127 3.16187555555555
169.933333333361 39 126 2.28977904761905
173.933333333364 39 125 2.28186375
180.933333333369 39 124 2.24523857142857
181.93333333337 38 125 2.48843833333333
185.933333333373 37 126 2.27889125
190.933333333377 36 127 2.273628
199.933333333385 35 128 2.17486148148148
203.933333333388 34 128 2.047605
205.933333333389 33 129 2.22488333333333
212.933333333395 32 130 1.96179952380953
221.933333333402 31 131 2.09565092592593
228.933333333408 30 132 2.19982214285714
233.933333333412 29 133 2.00047733333333
243.93333333342 28 133 2.00778066666667
254.933333333428 27 133 1.9581993939394
269.150000000084 27 132 2.048952989449
270.16666666675 26 133 2.2100262295082
300.666666666722 26 132 1.93684633879782
326.083333333365 26 130 1.96577613114754
328.116666666697 25 130 2.1002737704918
329.133333333363 24 131 1.8152868852459
336.250000000023 24 130 1.93227845433255
341.333333333352 23 131 1.94792983606557
353.53333333334 22 132 1.80998620218579
582.283333333132 21 133 1.75373546812386
600 21 133 1.75082249544627
