# New log 25/04/2014 06:27:51
1 128 128 3.83960333333333 1.06710833333333
4.04999999999999 127 128 2.71910765027322 0.559490163934426
5.06666666666665 127 124 3.01731147540984 1.05979508196721
6.08333333333332 125 125 3.17226065573771 1.25907704918033
7.09999999999998 125 123 3.07724262295082 1.73027049180328
8.09999999999998 123 124 5.16394166666667 2.96698
9.10000000000003 122 122 3.03305666666667 2.32605833333333
10.1000000000001 120 123 5.04496 2.02328666666667
11.1000000000001 116 125 4.284875 1.185565
12.1000000000002 115 123 2.59254333333333 0.76371
13.1000000000002 114 124 2.23396333333333 0.558133333333333
14.1000000000003 113 123 2.02190333333333 0.75879
15.1000000000003 113 120 2.14506 0.665863333333333
16.1000000000004 112 121 2.48394666666667 0.892216666666667
17.116666666667 111 120 1.93518852459016 0.691127868852459
18.1333333333336 110 121 2.50164754098361 0.848719672131148
19.1500000000002 109 121 3.19225081967213 1.39153278688525
20.1666666666668 107 120 5.27168196721312 1.3171131147541
21.1833333333334 107 119 6.05904098360656 0.983998360655738
22.2 105 120 5.75708360655738 1.81221967213115
23.2166666666666 103 120 6.24519836065574 1.15037049180328
24.2333333333332 101 119 5.34165409836066 0.744008196721311
25.2499999999998 98 120 5.77612295081967 0.630601639344262
26.2666666666665 96 122 3.8337131147541 0.402701639344262
27.2833333333331 95 122 3.04342295081967 0.178347540983607
28.2999999999997 94 122 2.44562950819672 0.276819672131148
29.3166666666663 94 121 2.87671639344262 0.212904918032787
30.3333333333329 92 122 2.93338360655738 0.541506557377049
31.3499999999995 91 122 3.02724098360656 0.499362295081967
32.3666666666661 90 122 2.86917213114754 0.440073770491803
33.3833333333327 88 122 2.79658032786885 0.509311475409836
34.3999999999993 87 123 3.17004754098361 0.514801639344262
35.4166666666659 86 123 2.85711803278688 0.499850819672131
37.4499999999992 83 123 3.19309672131147 0.549299180327869
38.4666666666658 80 124 2.07754426229508 0.359522950819672
39.4833333333324 79 124 1.76171967213115 0.205086885245902
40.499999999999 76 126 1.38576393442623 0.0779131147540984
41.5166666666656 75 126 1.3068737704918 0.0695868852459016
44.5666666666654 75 125 1.71341639344262 0.207896721311475
45.583333333332 74 125 1.81286721311475 0.326480327868853
46.5999999999986 73 126 2.9486868852459 0.366032786885246
47.6166666666652 72 126 3.41002950819672 0.701919672131148
49.6499999999985 71 126 3.26365163934426 0.77816393442623
51.6833333333317 71 125 1.93423524590164 0.838734426229508
53.7166666666649 70 126 1.77861147540984 1.13822213114754
54.7333333333315 68 128 1.71878524590164 0.678781967213115
55.7499999999981 67 129 1.50989508196721 0.623196721311475
60.8333333333312 65 128 1.42806950819672 0.329426885245902
61.8499999999978 65 127 1.26480163934426 0.0506114754098361
62.8666666666644 63 128 1.43900655737705 0.283083606557377
65.9166666666642 63 126 1.66232513661202 0.151448087431694
66.9333333333308 63 125 1.22235081967213 0.0555540983606557
67.9499999999974 63 124 1.4755393442623 0.184162295081967
77.0999999999969 62 125 2.50440564663024 0.277069581056466
80.1499999999967 61 126 3.75554972677596 0.340894535519126
81.1666666666633 60 127 3.64419672131148 0.510065573770492
85.2333333333298 59 128 2.79128155737705 0.260272950819672
86.2499999999964 59 127 2.24963442622951 0.194383606557377
88.2833333333296 58 126 2.41350983606557 0.23052868852459
89.2999999999962 57 126 2.4081131147541 0.265731147540984
90.3166666666628 56 127 2.12619836065574 0.207044262295082
91.3333333333294 55 126 2.42126229508197 0.266283606557377
92.349999999996 54 127 2.1765868852459 0.167929508196721
94.3833333333293 53 125 2.1525131147541 0.185832786885246
95.3999999999959 52 126 2.00059672131148 0.101377049180328
97.4333333333291 52 125 2.05487295081967 0.244253278688525
103.533333333329 51 125 2.10506803278689 0.445121038251366
111.666666666662 50 126 1.86331290983606 0.67171762295082
115.733333333328 48 126 1.43361967213115 0.177902868852459
117.766666666661 47 127 1.17853770491803 0.191031967213115
119.799999999994 47 125 1.16474180327869 0.144326229508197
120.816666666661 46 125 1.21103606557377 0.212327868852459
122.849999999994 45 124 1.13965245901639 0.16347868852459
123.866666666661 44 125 1.12623606557377 0.619832786885246
125.899999999994 44 124 1.10543442622951 0.159646721311475
131.93333333333 43 125 1.35385718232044 0.0832408839779006
132.933333333331 42 126 1.04937 0.04481
133.933333333332 41 127 0.96003 0.0369816666666667
134.933333333333 41 126 0.961163333333334 0.0356183333333333
136.933333333334 40 126 1.0325175 0.08815
140.933333333338 40 125 1.12233458333333 0.12386625
141.933333333338 39 125 1.02017333333333 0.0611533333333333
143.93333333334 37 125 0.996803333333333 0.0653358333333333
163.933333333356 37 124 1.135802 1.01454883333333
164.933333333357 37 123 0.799165 0.041205
173.933333333364 37 122 0.755180185185185 0.0259268518518519
183.933333333372 36 123 0.701215 0.033002
202.933333333387 35 123 0.737893421052631 0.0232308771929825
203.933333333388 35 122 0.787103333333333 0.0347516666666667
214.933333333397 34 122 0.781782575757576 0.0379619696969697
246.933333333422 33 122 0.752019010416667 0.0379316666666667
262.033333333424 31 124 0.745449558498896 0.0351495584988962
263.050000000089 30 125 0.709032786885246 0.036455737704918
271.183333333415 29 126 0.723439959016394 0.0448034836065574
272.200000000081 28 126 0.498395081967213 0.00995737704918033
286.433333333401 28 125 0.493644028103044 0.00867435597189696
304.733333333385 27 125 0.522357194899818 0.00970591985428051
309.816666666714 27 124 0.510548196721312 0.00530327868852459
329.133333333363 26 125 0.498899654874893 0.00562553925798102
364.716666666664 26 124 0.457971334894613 0.00734627634660422
426.733333333274 26 123 0.496712389142702 0.0272832034399355
453.166666666583 25 124 0.462267969735183 0.0296955233291299
459.266666666578 24 125 0.450964480874317 0.0260483606557377
477.566666666561 23 125 0.439826138433515 0.0285551001821494
480.616666666558 22 126 0.416841530054645 0.0270743169398907
481.633333333224 21 127 0.38907868852459 0.0285131147540984
483.666666666555 20 128 0.359241803278688 0.0222032786885246
566.016666666481 19 128 0.366889678202793 0.0234249747014774
568.049999999812 18 129 0.368920491803279 0.0290983606557377
577.199999999804 17 130 0.346195810564663 0.0243185792349727
600 17 130 0.346092872416251 0.0253265146115467
