# New log 23/04/2014 01:24:20
1 128 128 9.31346333333333
5.06666666666665 127 127 6.48767459016393
6.08333333333332 127 121 6.89030163934426
7.09999999999998 123 123 6.71894098360656
8.09999999999998 121 124 7.77448333333333
9.10000000000003 120 125 5.99605833333333
11.1000000000001 117 128 5.54839333333333
12.1000000000002 116 127 6.81850666666667
13.1000000000002 114 128 6.50770833333334
14.1000000000003 113 129 6.28433333333333
15.1000000000003 111 129 6.65331166666667
16.1000000000004 108 128 6.02311666666667
17.116666666667 107 129 7.17073114754098
18.1333333333336 106 130 7.61697049180328
19.1500000000002 105 131 6.50229508196721
20.1666666666668 100 133 6.07465409836065
21.1833333333334 99 133 6.9757737704918
22.2 98 133 8.15436885245902
23.2166666666666 98 132 7.97917213114754
24.2333333333332 97 132 8.77123934426229
27.2833333333331 96 131 7.79422677595628
28.2999999999997 94 132 6.35055245901639
30.3333333333329 92 133 6.68870819672131
31.3499999999995 90 133 5.6434262295082
32.3666666666661 88 134 4.71574098360656
34.3999999999993 87 133 5.51109180327869
35.4166666666659 85 133 4.3329606557377
36.4333333333325 82 134 5.16809180327869
37.4499999999992 82 133 4.60063934426229
38.4666666666658 80 134 5.05213278688525
39.4833333333324 79 133 4.84307213114754
41.5166666666656 79 132 5.75129262295082
43.5499999999988 78 130 6.62169754098361
45.583333333332 77 130 5.67170655737705
46.5999999999986 77 129 6.20687213114754
47.6166666666652 75 131 6.48092131147541
48.6333333333319 72 133 6.50076229508197
49.6499999999985 71 132 6.48825409836066
51.6833333333317 70 132 5.05446557377049
53.7166666666649 67 134 4.50868360655738
54.7333333333315 66 134 4.62894918032787
55.7499999999981 65 135 3.99325737704918
56.7666666666647 63 135 5.20391639344262
57.7833333333313 62 135 5.96977868852459
58.7999999999979 61 136 5.64417377049181
60.8333333333312 60 136 6.07765491803279
62.8666666666644 58 137 4.60571475409836
63.883333333331 55 140 6.02166065573771
65.9166666666642 54 141 5.66909590163935
70.9999999999973 52 141 5.63348852459017
75.0666666666637 51 141 6.50544385245902
76.0833333333303 51 140 7.09612950819672
77.0999999999969 50 141 7.99668360655738
78.1166666666635 47 143 6.73673442622951
79.1333333333301 46 144 5.84928524590164
83.1999999999966 45 144 6.294675
87.266666666663 44 145 6.49157418032787
93.3666666666627 43 143 5.67507540983607
94.3833333333293 42 143 4.78089672131147
95.3999999999959 40 144 4.60686393442623
96.4166666666625 39 145 4.39083606557377
97.4333333333291 39 144 4.50205901639344
98.4499999999957 38 144 4.40154426229508
99.4666666666623 38 143 4.31134918032787
100.483333333329 37 143 4.30744426229508
102.516666666662 37 142 3.32412540983607
105.566666666662 36 142 3.24676775956284
106.583333333329 35 142 2.82353934426229
108.616666666662 34 143 3.22144590163934
110.649999999995 33 144 3.38228442622951
113.699999999995 33 142 2.76742021857924
121.833333333328 32 143 2.80765163934426
124.883333333328 31 144 2.72526229508197
129.933333333329 30 145 2.51227458745875
132.933333333331 29 146 2.38609388888889
133.933333333332 28 146 2.226255
138.933333333336 27 147 2.39912533333333
140.933333333338 26 148 2.32465666666667
157.933333333351 25 148 2.77673676470588
163.933333333356 25 147 2.24125888888889
182.933333333371 24 148 2.17167035087719
200.933333333385 24 147 2.09561287037037
206.93333333339 24 146 2.13439694444444
207.933333333391 23 147 2.16887666666667
210.933333333393 23 146 2.20255944444444
224.933333333404 22 147 2.18713988095238
246.933333333422 20 149 2.22148727272727
279.316666666741 19 150 2.16242938754503
284.40000000007 19 149 1.91004393442623
377.933333333318 18 150 1.89706660727013
513.149999999862 17 151 1.98804349808949
549.749999999829 16 152 1.93344216757742
600 16 152 1.87909118032787
