# New log 25/04/2014 06:13:08
1 128 128 4.57516833333334 2.00630833333333
4.04999999999999 126 125 2.32214098360656 0.676991256830601
5.06666666666665 125 124 2.32605081967213 0.380924590163934
6.08333333333332 125 123 2.23741803278689 0.158350819672131
7.09999999999998 123 124 3.09376065573771 0.479973770491803
8.09999999999998 122 120 2.57058333333333 0.46637
9.10000000000003 121 120 3.54317166666667 0.700876666666667
10.1000000000001 121 119 4.50015333333333 1.32309833333333
11.1000000000001 117 120 6.84095833333333 2.543315
12.1000000000002 117 118 8.01735333333333 3.52056
13.1000000000002 117 117 6.36557333333333 2.01001333333333
14.1000000000003 116 117 5.2545 1.71934333333333
15.1000000000003 112 115 2.66901666666667 0.473941666666667
16.1000000000004 108 119 2.207125 0.506671666666667
17.116666666667 107 117 2.21190819672131 0.384209836065574
18.1333333333336 107 116 2.5668737704918 0.479377049180328
19.1500000000002 106 116 2.94565737704918 1.09305409836066
21.1833333333334 104 118 3.67750491803279 1.42414016393443
22.2 102 120 6.84665573770492 0.707586885245902
24.2333333333332 101 119 5.50532049180328 2.46879098360656
25.2499999999998 98 119 3.23384590163934 0.998380327868853
27.2833333333331 98 118 2.70941393442623 0.892552459016393
29.3166666666663 98 117 2.81335491803279 0.756944262295082
30.3333333333329 98 116 3.25022950819672 0.611508196721312
31.3499999999995 97 115 3.51176557377049 0.827904918032787
32.3666666666661 96 114 3.1112868852459 0.521765573770492
33.3833333333327 96 113 3.43734098360656 0.631686885245902
34.3999999999993 93 115 3.79049180327869 0.791932786885246
35.4166666666659 90 116 4.56018852459016 0.847255737704918
36.4333333333325 87 115 3.27031475409836 0.790506557377049
37.4499999999992 86 116 3.64157540983607 1.11906393442623
39.4833333333324 86 115 4.80315491803279 1.56128278688525
40.499999999999 83 116 3.29432786885246 1.32595573770492
41.5166666666656 80 117 3.13182131147541 0.452075409836066
42.5333333333322 80 115 3.06755245901639 0.530022950819672
43.5499999999988 79 115 3.66241803278688 1.4386393442623
45.583333333332 78 115 3.05574672131148 0.437534426229508
47.6166666666652 77 115 2.47777540983606 0.587380327868853
48.6333333333319 76 114 3.98730163934426 0.253009836065574
49.6499999999985 75 114 2.08554918032787 0.156575409836066
51.6833333333317 75 113 2.06072868852459 0.278008196721312
52.6999999999983 74 114 2.43794590163934 0.193875409836066
53.7166666666649 73 113 2.04075737704918 0.132031147540984
54.7333333333315 72 114 1.90067868852459 0.0770049180327869
56.7666666666647 71 115 2.02092049180328 0.148849180327869
57.7833333333313 68 115 1.83046885245902 0.295098360655738
58.7999999999979 67 116 1.89299016393443 0.110303278688525
63.883333333331 67 115 2.61302426229508 0.166498360655738
64.8999999999976 66 115 2.35501803278689 0.200893442622951
65.9166666666642 64 116 2.46216557377049 0.149167213114754
73.0333333333305 64 114 1.66728290398127 0.142686416861827
74.0499999999971 63 115 1.65664262295082 0.0655065573770492
76.0833333333303 62 116 1.58607540983607 0.186822131147541
79.1333333333301 61 116 1.52284153005465 0.0811715846994536
81.1666666666633 60 117 1.66351147540984 0.179549180327869
82.18333333333 59 116 2.27584262295082 0.169316393442623
84.2166666666632 59 115 1.82402295081967 0.0982196721311475
85.2333333333298 58 114 1.35216229508197 0.0413868852459016
87.266666666663 57 115 1.41855491803279 0.0356147540983607
88.2833333333296 56 115 1.35664754098361 0.0258360655737705
94.3833333333293 56 114 1.31562513661202 0.0628437158469945
96.4166666666625 55 114 2.2794737704918 0.0516795081967213
98.4499999999957 54 112 1.24290737704918 0.0525254098360656
106.583333333329 54 111 1.19442520491803 0.0769569672131147
108.616666666662 53 112 1.4199368852459 0.139975409836066
111.666666666662 52 112 1.41839016393443 0.163103278688525
114.716666666661 50 114 1.40109234972678 0.155053551912568
117.766666666661 49 115 1.3020174863388 0.150803278688525
119.799999999994 48 116 0.900101639344262 0.0365909836065574
127.933333333327 47 117 0.938930532786885 0.0250334016393443
128.933333333328 46 118 0.938485 0.0689866666666667
132.933333333331 46 117 0.925521666666667 0.0715004166666667
137.933333333335 45 117 0.934055333333333 0.0237643333333333
138.933333333336 44 117 0.966663333333333 0.0115133333333333
139.933333333337 42 119 1.14893666666667 0.0690516666666667
143.93333333334 41 120 0.85182125 0.0161720833333333
145.933333333342 41 119 0.832906666666667 0.0151641666666667
147.933333333343 40 118 0.846139999999999 0.0282025
150.933333333346 39 119 0.760464444444444 0.0221711111111111
151.933333333346 38 119 0.731603333333333 0.0149583333333333
152.933333333347 37 120 0.716378333333333 0.0282616666666667
153.933333333348 37 119 0.728513333333333 0.06171
155.93333333335 36 119 0.858843333333333 0.056475
156.93333333335 34 120 0.682295 0.153223333333333
164.933333333357 32 122 0.745180208333334 0.024805625
167.933333333359 31 123 0.611786666666666 0.0118627777777778
168.93333333336 30 124 0.611716666666667 0.008545
182.933333333371 29 124 0.960664404761905 0.363918571428571
222.933333333403 28 125 0.887902291666668 0.485788875
246.933333333422 27 126 0.690436180555557 0.0320952083333333
277.28333333341 27 125 0.526496485447557 0.0105432180120813
281.350000000073 26 125 0.525847540983607 0.0089672131147541
284.40000000007 25 125 0.493589617486338 0.0108131147540984
300.666666666722 24 126 0.471322336065575 0.0192572745901639
341.333333333352 23 126 0.514587663934426 0.00491508196721312
353.53333333334 22 127 0.587889890710383 0.015325956284153
357.600000000003 21 128 0.432401639344262 0.00030327868852459
600 21 128 0.531466396872212 0.192362507716579
