# New log 24/04/2014 02:32:22
1 128 128 3.57870666666667
5.06666666666665 126 128 2.47859918032787
6.08333333333332 124 127 2.43129508196721
7.09999999999998 124 126 2.5499868852459
8.09999999999998 123 124 3.262325
9.10000000000003 122 124 3.42333333333333
10.1000000000001 121 124 3.07625
11.1000000000001 120 122 2.596465
13.1000000000002 115 123 2.71797333333334
14.1000000000003 113 123 2.121075
15.1000000000003 111 120 3.40177333333333
16.1000000000004 111 119 2.717805
17.116666666667 110 119 3.58607049180328
18.1333333333336 108 119 3.64253278688525
19.1500000000002 108 116 2.04679016393443
20.1666666666668 105 117 2.45910655737705
21.1833333333334 104 117 2.02946721311475
22.2 101 119 2.26534918032787
23.2166666666666 98 122 1.98852786885246
24.2333333333332 97 123 1.82229836065574
25.2499999999998 96 123 2.34022459016394
26.2666666666665 96 122 3.31297704918033
28.2999999999997 95 123 4.23045983606557
29.3166666666663 94 123 3.97638196721311
30.3333333333329 90 124 3.15771147540984
31.3499999999995 87 127 3.20248852459016
32.3666666666661 87 126 2.35130491803279
33.3833333333327 84 129 2.38806885245902
34.3999999999993 84 126 2.07492786885246
35.4166666666659 84 125 2.0101737704918
36.4333333333325 83 126 1.93905901639344
37.4499999999992 83 125 2.99896229508197
38.4666666666658 80 126 1.96493114754098
39.4833333333324 78 126 1.94381803278689
40.499999999999 75 126 2.02167704918033
41.5166666666656 75 125 2.95613606557377
42.5333333333322 75 124 2.86922786885246
44.5666666666654 73 124 3.05289918032787
45.583333333332 72 125 2.66440983606557
46.5999999999986 71 125 3.32742459016394
47.6166666666652 70 125 1.91839672131147
50.6666666666651 70 124 1.7022218579235
51.6833333333317 70 122 1.91717868852459
52.6999999999983 69 123 2.08416065573771
54.7333333333315 68 123 2.25036229508197
55.7499999999981 65 124 2.24337868852459
57.7833333333313 64 124 2.85054016393443
59.8166666666646 62 126 2.21268606557377
60.8333333333312 62 125 1.86109016393443
61.8499999999978 62 124 1.4857606557377
62.8666666666644 61 125 1.61388032786885
63.883333333331 59 127 1.35497540983607
64.8999999999976 58 128 1.29304262295082
65.9166666666642 58 127 1.06198852459016
68.966666666664 57 128 1.18047868852459
69.9833333333306 56 129 1.03826721311475
75.0666666666637 55 130 1.02520393442623
80.1499999999967 53 131 1.19574885245902
81.1666666666633 53 130 1.18804262295082
85.2333333333298 52 130 0.943281147540983
86.2499999999964 51 130 0.916267213114754
88.2833333333296 51 129 0.884440983606557
89.2999999999962 51 127 1.77057049180328
91.3333333333294 49 127 2.48319508196721
92.349999999996 49 126 2.75022459016393
94.3833333333293 48 127 2.66533360655738
97.4333333333291 47 128 0.850915300546448
99.4666666666623 46 129 1.19678360655738
100.483333333329 45 130 0.849154098360656
107.599999999995 44 130 0.839577985948478
109.633333333328 44 129 0.997815573770492
110.649999999995 43 130 1.03579180327869
117.766666666661 42 130 0.858350819672131
124.883333333328 41 130 1.0203
127.933333333327 40 131 0.740701639344262
130.93333333333 38 133 0.860722777777778
134.933333333333 38 132 0.737459583333334
135.933333333334 38 131 0.667425
136.933333333334 37 132 0.67303
138.933333333336 37 131 0.618495
150.933333333346 37 130 0.703173472222223
152.933333333347 36 131 0.648198333333333
158.933333333352 35 131 0.670532222222222
159.933333333353 34 132 0.637895
166.933333333358 33 133 0.706819761904762
167.933333333359 32 133 0.59796
169.933333333361 31 134 0.545479166666667
177.933333333367 30 134 0.538122708333333
208.933333333392 29 134 0.521013333333334
209.933333333393 29 133 0.453826666666667
215.933333333397 29 132 0.552286666666667
228.933333333408 28 133 0.562307820512821
229.933333333408 28 132 0.671221666666667
230.933333333409 27 132 0.45307
231.93333333341 26 132 0.441365
241.933333333418 25 133 0.5027935
255.933333333429 24 134 0.430068214285715
265.083333333421 23 135 0.390473224043716
278.300000000076 22 136 0.383632408575031
298.63333333339 21 137 0.33521631147541
600 21 137 0.333479610310762
