# New log 24/04/2014 02:41:08
1 128 128 4.69669
5.06666666666665 126 128 2.73707336065574
6.08333333333332 126 125 2.62742295081967
7.09999999999998 126 124 3.04272295081967
8.09999999999998 124 124 3.52729166666667
9.10000000000003 124 123 3.06551666666667
10.1000000000001 122 124 2.92826
11.1000000000001 120 126 2.56544166666667
12.1000000000002 120 125 2.66312333333333
13.1000000000002 119 125 4.39139333333334
15.1000000000003 117 127 2.99261333333333
16.1000000000004 116 125 3.46477666666667
17.116666666667 114 126 4.07030327868853
19.1500000000002 114 125 5.53341393442623
20.1666666666668 113 125 5.55007049180328
21.1833333333334 112 124 4.30277540983607
22.2 110 125 4.80384754098361
23.2166666666666 109 123 4.9033393442623
24.2333333333332 108 124 5.95760163934426
25.2499999999998 107 124 5.09770491803279
26.2666666666665 106 124 4.71755081967213
27.2833333333331 104 122 5.1895
28.2999999999997 102 121 5.90514262295082
29.3166666666663 100 122 6.30554098360656
30.3333333333329 98 121 5.54154262295082
31.3499999999995 97 121 5.47502950819672
32.3666666666661 96 122 5.34455573770492
33.3833333333327 95 122 5.48736229508197
35.4166666666659 92 125 5.99515081967213
37.4499999999992 87 127 4.9810631147541
38.4666666666658 85 127 4.31446557377049
40.499999999999 84 127 4.24160245901639
41.5166666666656 83 128 4.24505573770492
44.5666666666654 82 129 3.67153551912568
45.583333333332 82 128 3.16063278688525
46.5999999999986 80 127 2.06703278688525
47.6166666666652 79 127 1.94794754098361
48.6333333333319 78 127 1.91100491803279
50.6666666666651 78 126 4.58056557377049
51.6833333333317 77 126 6.21531803278689
52.6999999999983 77 124 4.03769672131148
53.7166666666649 76 123 3.72638032786885
54.7333333333315 74 122 3.0883131147541
55.7499999999981 72 122 1.73076885245902
56.7666666666647 69 124 1.68250655737705
57.7833333333313 68 124 1.80128032786885
58.7999999999979 67 124 2.85112131147541
59.8166666666646 66 123 2.45258196721311
60.8333333333312 64 125 1.58523114754098
61.8499999999978 63 125 2.08019508196721
63.883333333331 63 124 1.68121803278689
66.9333333333308 63 121 2.43449344262295
67.9499999999974 62 121 2.91263606557377
69.9833333333306 60 122 3.28444262295082
72.0166666666639 59 123 3.27364344262295
74.0499999999971 57 124 3.11630245901639
75.0666666666637 57 123 2.14983278688525
77.0999999999969 55 125 2.35036967213115
78.1166666666635 54 126 1.23184754098361
81.1666666666633 53 126 1.49964480874317
84.2166666666632 53 125 1.59267978142077
86.2499999999964 52 126 1.31425901639344
90.3166666666628 51 127 1.18500163934426
96.4166666666625 50 127 1.46701830601093
97.4333333333291 50 126 1.16044426229508
99.4666666666623 49 127 1.22266639344262
100.483333333329 48 128 1.22699180327869
101.499999999996 46 130 1.12643606557377
104.549999999995 46 129 1.17685464480874
105.566666666662 45 130 1.32389836065574
106.583333333329 44 130 1.09610655737705
107.599999999995 44 129 1.0928868852459
108.616666666662 43 130 1.05644262295082
114.716666666661 42 131 1.00789945355191
116.749999999995 41 131 1.15930491803279
122.849999999994 40 132 1.13867923497268
124.883333333328 39 133 1.14250327868852
125.899999999994 39 132 1.50589836065574
128.933333333328 38 133 0.820344505494506
132.933333333331 37 133 0.9835325
136.933333333334 36 134 0.799636666666667
143.93333333334 36 133 1.20514523809524
147.933333333343 34 135 1.18289958333333
156.93333333335 33 136 0.925311111111111
157.933333333351 33 135 1.17929
162.933333333355 32 136 1.60553866666667
163.933333333356 32 135 1.15801
164.933333333357 31 136 2.28066
169.933333333361 30 137 0.990794333333333
178.933333333368 29 138 0.811745
185.933333333373 28 139 0.745514523809524
187.933333333375 27 139 0.777183333333333
195.933333333381 26 140 0.637471875
206.93333333339 25 141 0.635163939393939
211.933333333394 25 140 0.606772333333333
213.933333333396 24 141 0.5023425
238.933333333416 24 140 0.539452866666666
250.933333333425 23 141 0.574756388888889
269.150000000084 22 141 0.532328087831656
282.366666666739 21 142 0.480642749054225
285.416666666736 20 143 0.450595081967213
313.883333333377 19 143 0.445770667447307
329.133333333363 19 142 0.452272786885246
333.200000000026 19 141 0.475981147540984
339.30000000002 18 141 0.455198633879782
357.600000000003 18 140 0.451985245901639
362.683333333332 17 141 0.427844262295082
600 17 141 0.411979368081832
