# New log 25/04/2014 06:23:14
1 128 128 4.02975666666666 1.033705
3.03333333333333 128 127 2.46409344262295 2.34172049180328
4.04999999999999 128 122 3.84674426229508 1.27238524590164
5.06666666666665 128 121 3.65835573770492 0.421009836065574
6.08333333333332 127 122 3.64412459016393 0.427614754098361
8.09999999999998 126 122 5.09638429752066 0.526894214876033
10.1000000000001 124 123 7.22950333333333 0.85748
11.1000000000001 123 123 5.07592666666667 0.9003
13.1000000000002 121 122 3.6410925 1.32868416666667
14.1000000000003 119 121 2.61386333333333 0.757471666666667
16.1000000000004 118 122 2.83474333333333 0.5305825
17.116666666667 116 123 2.44200983606557 0.500270491803279
18.1333333333336 115 123 2.28407540983607 0.497108196721312
19.1500000000002 113 122 2.9269868852459 0.898488524590164
20.1666666666668 112 122 3.5226262295082 2.18690491803279
21.1833333333334 112 121 3.14701639344262 1.72491475409836
22.2 112 120 4.65462459016394 1.77912295081967
23.2166666666666 112 119 5.49405737704918 1.85928032786885
24.2333333333332 111 120 5.4942737704918 2.25826229508197
25.2499999999998 111 119 6.18192459016393 2.42000819672131
26.2666666666665 110 118 6.69152131147541 2.43529836065574
27.2833333333331 107 121 4.6336 2.53645409836066
28.2999999999997 106 119 4.23334262295082 0.801550819672131
29.3166666666663 105 119 4.71301803278688 0.401970491803279
30.3333333333329 105 116 4.15591147540984 0.250445901639344
31.3499999999995 104 115 4.18799836065574 0.884677049180328
32.3666666666661 101 116 3.89963770491803 0.650034426229508
33.3833333333327 101 115 3.55867049180328 0.387208196721312
34.3999999999993 100 115 3.58058032786886 0.437262295081967
36.4333333333325 99 116 3.80758524590164 0.272094262295082
37.4499999999992 99 115 2.19116393442623 0.879188524590164
38.4666666666658 97 117 2.79343278688525 0.949598360655738
39.4833333333324 96 118 2.31861639344262 1.63871967213115
43.5499999999988 93 119 2.9477368852459 1.91895860655738
44.5666666666654 92 119 3.47644098360656 1.54846557377049
45.583333333332 92 118 2.24658360655738 1.86192786885246
46.5999999999986 92 117 1.90742131147541 0.435181967213115
47.6166666666652 91 118 2.0025606557377 0.262416393442623
48.6333333333319 90 117 3.22460655737705 0.174954098360656
49.6499999999985 89 118 1.70372459016393 0.231050819672131
50.6666666666651 89 117 2.36075901639344 0.139898360655738
51.6833333333317 88 117 1.67983770491803 0.0866032786885246
52.6999999999983 88 116 1.93947704918033 0.353740983606557
53.7166666666649 88 115 2.28321147540984 0.316013114754098
55.7499999999981 87 114 2.74223524590164 0.32334262295082
57.7833333333313 86 115 3.01472131147541 0.247232786885246
60.8333333333312 84 116 3.72944153005464 0.423838797814208
61.8499999999978 84 115 2.84687213114754 0.631222950819672
62.8666666666644 84 114 2.00003278688525 0.236540983606557
64.8999999999976 81 113 3.22674508196721 0.192097540983607
66.9333333333308 81 112 2.50765327868853 0.102414754098361
67.9499999999974 80 113 2.52776885245902 0.0569688524590164
68.966666666664 79 114 2.34156885245902 0.0492196721311475
69.9833333333306 79 113 2.09120491803279 0.187645901639344
72.0166666666639 78 114 1.43046475409836 0.353401639344262
73.0333333333305 77 114 2.87994262295082 0.635795081967213
75.0666666666637 76 115 2.49751803278689 0.561152459016393
79.1333333333301 75 115 2.56648360655738 0.723490983606557
81.1666666666633 74 116 2.68294590163934 0.959155737704918
82.18333333333 73 117 2.62646393442623 1.1705
83.1999999999966 72 117 2.10528852459016 3.03333606557377
84.2166666666632 71 118 1.39069508196721 0.858249180327869
85.2333333333298 70 117 1.44598032786885 0.702649180327869
87.266666666663 68 118 1.39329098360656 0.666889344262295
88.2833333333296 67 118 1.2198393442623 1.07365573770492
89.2999999999962 66 119 1.17195573770492 0.62864262295082
91.3333333333294 65 120 1.2625262295082 0.511290163934426
92.349999999996 63 122 1.12955573770492 0.239608196721312
96.4166666666625 62 123 1.1404012295082 0.30602868852459
97.4333333333291 61 124 1.37550327868853 0.419322950819672
99.4666666666623 60 124 1.22391393442623 0.117459016393443
101.499999999996 58 125 1.25520901639344 0.134
106.583333333329 56 126 1.11586065573771 0.0538465573770492
107.599999999995 55 127 3.45459508196721 0.365504918032787
108.616666666662 53 127 1.75191147540984 0.103724590163934
111.666666666662 51 128 1.00841693989071 0.0046
114.716666666661 50 129 0.967338797814208 0.100293442622951
117.766666666661 48 130 0.996766120218579 0.359650819672131
120.816666666661 47 131 0.92899781420765 0.147373770491803
121.833333333328 47 130 0.896177049180328 0.0660540983606557
124.883333333328 46 130 1.05953442622951 0.182504371584699
129.933333333329 45 131 0.915813201320132 0.097386798679868
131.93333333333 45 130 0.941185833333334 0.382356666666667
133.933333333332 44 131 0.983964166666666 0.532624166666667
134.933333333333 44 130 0.971158333333333 0.477963333333333
136.933333333334 44 129 1.0920825 0.874286666666667
140.933333333338 43 129 1.16831291666667 1.05180125
141.933333333338 42 130 0.981543333333333 0.956208333333333
143.93333333334 41 130 0.92166 0.599773333333333
144.933333333341 40 131 0.9054 0.4873
145.933333333342 39 132 0.817363333333333 0.112096666666667
146.933333333342 38 132 0.892346666666667 0.375628333333333
152.933333333347 37 132 0.843083888888889 0.419651666666667
153.933333333348 36 133 0.879255 0.58445
155.93333333335 35 134 0.806631666666667 0.45015
160.933333333354 34 135 0.794650666666666 0.492081333333333
162.933333333355 33 136 0.740841666666666 0.5305425
169.933333333361 33 135 0.719369285714286 0.531843333333333
171.933333333362 32 136 0.728103333333334 0.631523333333333
173.933333333364 32 135 0.718860833333333 0.458334166666667
176.933333333366 31 136 0.785101111111111 0.649375555555556
183.933333333372 30 137 0.68633 0.511129761904762
189.933333333377 29 138 0.754666666666666 0.450712777777778
193.93333333338 28 139 0.621780833333333 0.465677916666667
204.933333333389 28 138 0.897238636363637 0.934469696969697
208.933333333392 27 139 0.83460125 1.62264875
212.933333333395 27 138 0.749703333333334 0.83691375
216.933333333398 26 139 0.634084583333334 0.454116666666667
223.933333333404 26 138 0.628922619047619 0.0783978571428571
227.933333333407 25 138 0.545576666666666 0.186457083333333
229.933333333408 25 137 0.557048333333333 0.7147875
232.933333333411 24 138 0.71469 0.0584305555555556
234.933333333412 23 138 0.5352125 0.0647916666666667
235.933333333413 21 139 0.473436666666667 0.00031
242.933333333419 20 140 0.500592142857143 0.0328102380952381
248.933333333424 20 139 0.480009166666667 0.00220138888888889
249.933333333424 20 138 0.45925 0.00032
250.933333333425 19 139 0.462843333333333 0.00031
252.933333333427 18 140 0.448559166666667 0.0646766666666667
288.466666666733 18 139 0.436105018761727 0.0571041275797373
311.850000000045 18 138 0.465833998574484 0.0597405559515324
313.883333333377 18 137 0.472190163934426 0.0633918032786885
330.150000000028 17 138 0.428020491803279 0.0593921106557377
334.216666666691 16 139 0.401537704918033 0.0472331967213115
342.350000000017 15 140 0.38460737704918 0.055775
368.783333333327 14 140 0.362088965952081 0.0542281210592686
392.166666666639 13 141 0.357321168923735 0.0536060584461867
523.316666666519 12 142 0.378780162663614 0.0381527894268649
600 12 142 0.388877221742883 0.000176251078515962
