# New log 23/04/2014 01:37:08
1 128 128 8.38507333333333
4.04999999999999 128 127 5.48280327868852
5.06666666666665 128 124 6.30360655737705
6.08333333333332 126 122 7.21636721311476
7.09999999999998 126 121 6.25258360655738
8.09999999999998 125 119 6.87992666666667
9.10000000000003 125 118 5.889175
11.1000000000001 125 115 5.26395416666667
12.1000000000002 124 115 5.50826166666667
13.1000000000002 120 118 7.29737
14.1000000000003 120 117 6.68193333333333
15.1000000000003 117 119 5.08887666666667
16.1000000000004 116 119 4.17341166666667
17.116666666667 115 119 4.69548852459016
18.1333333333336 114 119 5.76763114754098
19.1500000000002 112 119 6.57361803278688
20.1666666666668 112 118 7.35505737704918
21.1833333333334 111 119 7.72357704918033
22.2 108 120 6.89240327868852
23.2166666666666 108 118 7.29363606557377
24.2333333333332 105 121 7.23952295081968
25.2499999999998 104 122 6.00528360655738
27.2833333333331 102 123 5.14213442622951
28.2999999999997 100 122 4.43606557377049
29.3166666666663 99 123 4.31100163934426
30.3333333333329 97 125 4.21673278688525
31.3499999999995 96 126 4.3844
32.3666666666661 94 127 4.74577049180328
33.3833333333327 93 128 5.56914098360656
34.3999999999993 91 130 6.70779180327869
35.4166666666659 91 129 4.03444098360656
36.4333333333325 91 128 4.08793278688525
37.4499999999992 90 128 4.12929836065574
38.4666666666658 89 128 4.33854918032787
39.4833333333324 88 129 3.73036557377049
40.499999999999 87 130 3.99625737704918
41.5166666666656 87 127 3.76649836065574
45.583333333332 86 128 3.8740631147541
46.5999999999986 84 130 5.47210655737705
48.6333333333319 82 131 4.31686557377049
49.6499999999985 81 131 4.36191803278689
50.6666666666651 78 131 3.74734426229508
52.6999999999983 77 132 3.5998737704918
55.7499999999981 76 132 3.8840868852459
57.7833333333313 73 132 3.79530573770492
58.7999999999979 71 133 4.33291803278689
61.8499999999978 70 133 4.84651147540984
62.8666666666644 67 134 3.2900868852459
63.883333333331 64 135 2.98920819672131
65.9166666666642 62 137 2.89886803278689
67.9499999999974 61 138 3.41915573770492
68.966666666664 60 138 4.66804754098361
69.9833333333306 59 139 4.93825901639344
74.0499999999971 58 140 3.49596762295082
76.0833333333303 57 139 4.18009754098361
77.0999999999969 56 140 3.92161639344262
78.1166666666635 55 140 4.13470491803279
79.1333333333301 54 140 3.33475737704918
80.1499999999967 52 142 3.99887049180328
81.1666666666633 50 142 3.1479868852459
82.18333333333 49 143 3.38303770491803
83.1999999999966 49 142 3.17643278688525
84.2166666666632 48 143 2.82895573770492
85.2333333333298 47 144 3.22379836065574
87.266666666663 46 143 2.85068606557377
90.3166666666628 45 144 2.8987693989071
91.3333333333294 45 143 2.92410655737705
92.349999999996 44 143 2.64130327868853
95.3999999999959 44 142 2.71509453551913
96.4166666666625 43 143 2.59454590163934
97.4333333333291 42 144 4.09040491803279
98.4499999999957 42 143 4.05994754098361
107.599999999995 41 144 4.47969034608379
109.633333333328 40 145 2.52496967213115
112.683333333328 39 145 2.50944153005464
113.699999999995 38 146 2.65274426229508
114.716666666661 36 147 2.60044098360656
116.749999999995 35 147 2.44510081967213
117.766666666661 35 146 2.31958032786885
119.799999999994 34 146 2.22768442622951
122.849999999994 33 147 2.28627540983607
126.916666666661 32 148 2.07811393442623
134.933333333333 31 148 2.74541912681913
135.933333333334 30 149 2.10759333333333
136.933333333334 29 150 2.25845333333333
137.933333333335 28 151 2.05563833333333
154.933333333349 26 153 2.01945088235294
155.93333333335 26 152 1.997085
164.933333333357 25 152 2.02808092592593
166.933333333358 25 151 1.97426583333333
171.933333333362 25 150 2.780529
173.933333333364 24 151 3.30524083333334
190.933333333377 23 152 2.37352637254902
199.933333333385 22 152 1.89296962962963
200.933333333385 21 152 1.90084
202.933333333387 20 153 1.85997416666667
208.933333333392 19 154 1.8534425
214.933333333397 18 154 1.78241166666667
303.716666666719 17 155 1.79457897503285
308.800000000048 17 154 1.88778
347.433333333346 16 154 1.82329469370147
349.466666666678 15 154 1.73365491803279
423.683333333277 15 153 1.75093916460813
429.783333333271 15 152 1.9006218579235
600 15 152 1.79684086651054
