# New log 28/04/2014 06:40:33
1 224 32 2.60915833333333 0.989098333333333
4.04999999999999 223 31 2.15117103825136 0.572908743169399
5.06666666666665 223 30 2.37669836065574 2.6224262295082
6.08333333333332 222 30 2.82786393442623 0.713232786885246
7.09999999999998 222 29 2.53657540983607 0.849418032786885
8.09999999999998 221 29 3.69108833333333 1.08411
9.10000000000003 221 27 3.79274833333333 0.705378333333333
10.1000000000001 221 26 2.84081666666667 0.448501666666667
11.1000000000001 219 25 2.96733833333333 0.585983333333333
12.1000000000002 219 23 3.83724166666667 0.721148333333333
13.1000000000002 219 20 4.422895 0.443261666666667
14.1000000000003 217 21 4.69268333333333 0.611853333333333
15.1000000000003 216 18 6.619815 1.288955
17.116666666667 216 16 4.99299008264463 1.29949338842975
20.1666666666668 215 15 4.11882021857924 0.737443715846995
23.2166666666666 214 16 4.92233005464481 0.860906557377049
24.2333333333332 214 15 3.74912459016393 0.547103278688525
25.2499999999998 214 14 3.76994098360656 0.651049180327869
26.2666666666665 213 15 4.48956065573771 0.68052131147541
28.2999999999997 213 14 3.59456065573771 1.42137704918033
31.3499999999995 212 14 4.50127650273224 0.383656284153006
34.3999999999993 211 13 4.78469398907104 0.893730601092896
36.4333333333325 211 12 5.31817049180328 0.565849180327869
38.4666666666658 210 12 3.96037868852459 0.796767213114754
44.5666666666654 210 11 4.00775218579235 0.742511475409836
47.6166666666652 210 10 3.08696120218579 1.03876666666667
48.6333333333319 210 9 2.95878032786885 1.49354918032787
49.6499999999985 209 10 2.88057704918033 1.53502131147541
53.7166666666649 208 11 3.40333196721311 2.20026393442623
55.7499999999981 207 12 2.65733606557377 3.24598606557377
56.7666666666647 206 12 4.85164918032787 2.94116721311475
67.9499999999974 206 11 3.67621415797317 3.16701460506706
72.0166666666639 205 12 2.29461393442623 2.10546926229508
80.1499999999967 205 11 2.22942213114754 3.3736362704918
87.266666666663 204 11 2.34784379391101 3.86219672131148
89.2999999999962 203 11 2.22045819672131 11.7774147540984
94.3833333333293 202 12 1.77287770491803 5.63589540983607
96.4166666666625 201 12 1.7386106557377 8.49450327868852
98.4499999999957 201 11 2.24396229508197 11.9280270491803
110.649999999995 200 11 2.60140614754099 4.36564945355191
115.733333333328 199 12 4.18182983606558 10.2816839344262
128.933333333328 199 11 3.1804898989899 6.94179722222222
129.933333333329 198 11 2.96621333333333 4.19362666666667
131.93333333333 197 11 3.0425375 6.37981333333333
135.933333333334 196 10 1.39242 4.60938041666667
152.933333333347 196 9 1.19294205882353 0.273391470588235
173.933333333364 196 8 1.15090206349206 0.207950714285714
174.933333333365 195 8 1.14143666666667 0.00936666666666667
178.933333333368 194 9 1.2193575 0.1936325
186.933333333374 194 8 1.12511229166667 0.168415
187.933333333375 193 8 1.13187833333333 0.0885283333333333
190.933333333377 192 9 1.45000111111111 0.461026666666667
193.93333333338 191 10 1.10379277777778 0.120762777777778
195.933333333381 190 11 1.07259166666667 0.147975
196.933333333382 189 11 1.01931166666667 0.136895
206.93333333339 189 10 1.09406516666667 0.114725
216.933333333398 188 11 1.06782516666667 0.124590833333333
223.933333333404 187 10 1.0617219047619 0.0810104761904762
256.950000000095 186 11 1.06472685512367 0.224343311458859
273.216666666747 185 12 1.07256915983607 0.133174590163934
274.233333333413 185 11 1.09139508196721 0.0741098360655738
275.250000000078 184 12 1.17432131147541 0.0793524590163935
288.466666666733 183 13 1.07466960907945 0.0774433795712484
292.533333333396 183 12 1.05145286885246 0.0841647540983607
307.783333333382 182 13 1.03790240437159 0.0820810928961749
309.816666666714 181 14 1.00204590163934 0.0780434426229508
319.983333333371 180 15 1.01955950819672 0.0711545901639344
358.616666666669 179 15 1.05374892148404 0.0998009490940466
384.033333333313 179 14 1.13848295081967 0.133327606557377
391.149999999973 178 15 1.28292763466042 0.120155971896956
396.233333333302 177 16 1.25400557377049 0.165666557377049
405.383333333293 176 17 1.13146429872495 0.123433697632058
416.566666666616 176 16 1.07320938897168 0.0949995529061103
418.599999999948 175 17 1.20215573770492 0.102177868852459
426.733333333274 174 18 1.11647213114754 0.0840170081967213
435.883333333266 174 17 1.03004845173042 0.076383970856102
440.966666666594 173 17 1.07058885245902 0.108151803278689
452.149999999917 172 17 1.03137704918033 0.0792709388971684
476.549999999895 171 18 0.996069057377051 0.0725965846994536
480.616666666558 170 19 0.991089754098361 0.135572131147541
518.233333333191 169 20 0.976930128489145 0.0932641559592379
544.6666666665 169 19 0.976735624211851 0.0687670239596469
600 169 19 0.99508479880775 0.0926230998509687
