# New log 28/04/2014 06:36:31
1 224 32 5.66271666666667 2.09249
3.03333333333333 224 31 3.85329426229508 0.450246721311475
4.04999999999999 223 29 3.67821639344262 0.488070491803279
5.06666666666665 223 28 4.05916229508197 0.529247540983607
6.08333333333332 221 26 5.34133278688525 0.781172131147541
7.09999999999998 221 25 6.54349672131148 1.26538360655738
8.09999999999998 221 21 4.43726333333333 0.81194
9.10000000000003 221 19 4.56598333333333 1.43236
11.1000000000001 220 20 4.60509333333333 0.804929166666667
12.1000000000002 220 19 4.55568833333333 0.57815
13.1000000000002 220 18 4.836125 0.502263333333333
14.1000000000003 220 15 6.45120833333333 1.06865
18.1333333333336 220 14 7.11786570247934 1.02294132231405
20.1666666666668 220 11 7.67483606557377 1.10522131147541
26.2666666666665 219 11 7.63711147540984 0.862582240437158
27.2833333333331 219 10 5.97225245901639 0.735932786885246
28.2999999999997 217 11 7.01267213114754 0.801929508196721
29.3166666666663 216 12 6.3582737704918 0.789208196721311
31.3499999999995 215 13 5.78568770491803 0.88901393442623
34.3999999999993 215 12 6.81610546448088 0.832803278688525
40.499999999999 215 11 5.25422978142076 0.737306010928962
46.5999999999986 214 12 4.25782923497268 3.79110191256831
51.6833333333317 213 12 4.64563114754098 5.49072
53.7166666666649 212 12 4.38222459016393 5.73155491803279
55.7499999999981 211 12 4.97179344262296 4.77436147540984
59.8166666666646 211 11 3.820925 3.70504959016393
64.8999999999976 211 10 4.07671114754099 4.1785737704918
65.9166666666642 210 11 4.59749836065574 1.99859344262295
67.9499999999974 209 10 5.10094262295082 2.16881803278689
69.9833333333306 208 10 3.65933770491803 2.34964426229508
70.9999999999973 206 11 3.48744098360656 2.99942950819672
75.0666666666637 205 12 3.68189959016394 2.635825
80.1499999999967 205 10 3.31224491803279 2.89922918032787
81.1666666666633 204 10 3.36400327868852 3.18446065573771
86.2499999999964 204 9 3.21452459016394 2.35999868852459
92.349999999996 203 10 3.14064672131148 2.48848715846995
102.516666666662 203 9 3.62237852459016 3.75369098360656
125.899999999994 203 8 3.37677462580185 6.19199964362081
145.933333333342 202 9 3.47539076539102 4.7650921797005
152.933333333347 202 8 3.10677261904762 4.29051357142857
158.933333333352 201 9 2.84488416666666 1.03874777777778
183.933333333372 201 8 2.80158013333333 0.6341176
210.933333333393 200 8 2.78720407407407 0.218970925925926
235.933333333413 199 9 2.82440733333334 0.195158866666667
248.933333333424 198 10 2.80216846153846 0.291530128205128
251.933333333426 197 11 2.81591 0.132036111111111
300.666666666722 196 12 2.7982287619699 0.934717134062928
308.800000000048 196 11 2.74079446721311 0.126099590163934
351.500000000009 195 12 2.82503793911007 0.222986963309914
389.116666666641 195 11 2.74831236154187 0.19524762959681
432.833333333268 194 12 2.81527155928326 0.202396911932901
451.133333333252 193 13 2.77489744990893 0.121342076502732
453.166666666583 192 14 2.84013442622951 0.097827868852459
473.499999999898 191 15 2.79363377049181 0.111032131147541
476.549999999895 190 16 2.79122732240437 0.10528306010929
480.616666666558 190 15 2.78958524590164 0.107642213114754
486.716666666553 189 15 2.78687404371585 0.154574316939891
490.783333333216 188 15 2.78582868852459 0.14667131147541
494.849999999879 188 14 2.81022172131148 0.126725819672131
529.416666666514 188 13 2.77988100289296 0.136989103182257
556.866666666489 187 14 2.81243624772313 0.121131026108075
564.999999999815 187 13 2.86840532786885 0.120378483606557
566.016666666481 186 13 2.72487704918033 0.0827459016393443
591.433333333124 186 12 2.79718439344262 0.151465442622951
600 186 12 2.77672896174863 0.166336247723133
