# New log 28/04/2014 06:31:19
1 224 32 2.609945 10.4989983333333
4.04999999999999 223 33 2.72647540983607 2.5716393442623
6.08333333333332 223 32 4.31173196721312 2.53393360655738
7.09999999999998 222 33 3.8217131147541 4.02335409836066
9.10000000000003 222 32 2.82306916666667 5.4668425
10.1000000000001 221 33 2.46172333333333 4.76242666666667
11.1000000000001 221 31 2.28876333333333 6.16127333333333
12.1000000000002 220 31 1.817855 6.168435
13.1000000000002 220 30 1.94649833333333 7.30145833333333
14.1000000000003 220 29 2.08045833333333 6.893095
15.1000000000003 220 28 1.87024166666667 7.32837333333333
16.1000000000004 219 29 1.88917 9.61726833333333
17.116666666667 219 28 1.56194098360656 9.96322295081967
18.1333333333336 218 29 1.97536065573771 9.86977704918033
20.1666666666668 218 27 2.45932131147541 9.84936475409836
21.1833333333334 217 27 1.77539344262295 9.68446885245902
22.2 216 26 2.07734426229508 10.2368852459016
23.2166666666666 216 25 1.81312295081967 6.90298032786885
24.2333333333332 216 24 3.08599180327869 5.5508
27.2833333333331 214 25 1.68617267759563 3.37852076502732
30.3333333333329 213 26 1.99068360655738 4.37880601092896
31.3499999999995 213 25 3.0875737704918 8.22674918032787
32.3666666666661 213 24 1.72545901639344 10.9784114754098
33.3833333333327 213 23 1.702 10.7708393442623
36.4333333333325 213 21 1.57047650273224 10.7977775956284
43.5499999999988 213 20 2.62641170960187 10.0238475409836
46.5999999999986 213 19 1.93785245901639 10.5295617486339
47.6166666666652 212 20 1.87197868852459 10.6650868852459
49.6499999999985 212 19 1.77252049180328 10.1313926229508
51.6833333333317 212 18 1.72767131147541 10.092012295082
54.7333333333315 212 17 1.86196229508197 10.025487431694
67.9499999999974 212 16 1.97626569987389 9.82537818411097
68.966666666664 211 17 1.51940655737705 10.5341950819672
70.9999999999973 211 16 2.58001229508197 10.4754024590164
72.0166666666639 210 16 1.67803442622951 10.3760754098361
77.0999999999969 209 16 1.67820721311475 9.97781540983607
81.1666666666633 209 15 2.02254016393443 9.99465532786885
85.2333333333298 208 15 1.88905327868852 9.7665118852459
93.3666666666627 207 16 1.98763401639344 9.92204774590164
101.499999999996 206 17 1.85364180327869 10.0554209016393
108.616666666662 205 18 1.69486276346604 10.2529194379391
110.649999999995 204 19 1.75525163934426 10.2746959016393
114.716666666661 203 20 1.81764139344262 10.2837012295082
120.816666666661 202 21 1.64338715846995 7.22659781420765
122.849999999994 200 23 1.70565245901639 6.17058114754098
123.866666666661 199 24 1.48310655737705 5.83425901639344
126.916666666661 198 25 1.52094316939891 5.26980765027322
127.933333333327 197 25 1.9025131147541 4.18960819672131
128.933333333328 195 25 1.47991166666667 3.96672833333333
130.93333333333 195 24 1.5207775 4.78252
148.933333333344 194 25 1.6287924074074 6.94788666666667
153.933333333348 193 26 1.54202233333333 9.92171966666667
164.933333333357 193 25 1.62372757575758 8.00071560606061
165.933333333358 193 24 1.61046666666667 10.0130516666667
170.933333333362 193 23 1.60108533333333 8.71079733333333
173.933333333364 192 23 1.57286833333333 10.5462816666667
174.933333333365 192 22 1.61493166666667 11.1684166666667
176.933333333366 192 21 1.6061975 11.0873316666667
196.933333333382 192 20 1.59639666666667 10.232879
197.933333333383 192 19 1.50162833333333 9.35605
199.933333333385 192 18 1.51549333333333 7.18948666666667
206.93333333339 192 17 1.49448 4.5221719047619
209.933333333393 191 18 1.60696833333333 5.07024722222222
215.933333333397 191 17 1.66433583333333 4.8107975
222.933333333403 190 18 2.21224666666667 5.00065452380952
228.933333333408 190 17 1.92147277777778 4.81202944444444
274.233333333413 189 17 1.60355187637969 5.17709506990434
278.300000000076 188 17 1.49361270491803 7.72111598360656
284.40000000007 186 19 1.56255928961749 9.04385928961749
316.933333333374 185 19 1.44539067622951 3.76732320696721
340.316666666686 184 20 1.42501268709907 2.88402045616536
363.699999999998 184 19 1.42091176051319 2.08408039914469
387.08333333331 184 18 1.43163207412687 1.8989239486814
426.733333333274 182 20 1.40056141235814 1.98776456494325
474.516666666564 181 20 1.40897565399372 1.93622427624695
490.783333333216 181 19 1.41295481557377 1.88999364754098
491.799999999881 181 18 1.38382950819672 2.14158524590164
492.816666666547 181 17 1.39561147540984 2.3650262295082
493.833333333213 181 16 1.39030983606557 2.39561147540984
497.899999999876 180 17 1.43582131147541 2.38246393442623
522.299999999854 180 16 1.42776113387978 2.3900681010929
533.483333333177 179 17 1.38125976154992 2.37252771982116
534.499999999843 179 16 1.38675573770492 2.36533606557377
542.633333333168 178 16 1.36248995901639 2.37131987704918
549.749999999829 177 16 1.35735925058548 2.36981756440281
600 177 16 1.3619162295082 2.30316219672131
