# New log 28/04/2014 06:18:55
1 224 32 2.48435166666667 0.473705
4.04999999999999 223 30 2.94504699453552 0.379559016393443
5.06666666666665 219 32 4.77493934426229 0.794150819672131
6.08333333333332 218 30 5.64372459016393 0.585704918032787
7.09999999999998 218 28 4.36382131147541 0.512852459016394
8.09999999999998 216 29 3.56062 0.775036666666667
9.10000000000003 214 29 4.03277166666667 0.604643333333333
10.1000000000001 213 29 3.30073333333333 0.41387
11.1000000000001 212 30 4.55751 0.392301666666667
12.1000000000002 210 30 4.92094 0.356733333333333
13.1000000000002 208 31 7.00735833333333 0.724183333333333
15.1000000000003 208 30 6.53937916666667 0.694413333333333
17.116666666667 205 33 6.96253719008265 1.05599669421488
18.1333333333336 205 32 6.32405081967213 0.915672131147541
19.1500000000002 204 30 8.21683770491804 0.989195081967213
20.1666666666668 202 32 5.24339836065574 0.623639344262295
22.2 201 30 4.79041475409836 1.30303524590164
26.2666666666665 199 31 2.782825 0.876476229508197
27.2833333333331 199 30 2.73005245901639 1.03748360655738
28.2999999999997 198 29 2.27005081967213 1.18784918032787
31.3499999999995 198 28 2.2675 0.954337704918033
33.3833333333327 197 28 2.4442131147541 1.5207
35.4166666666659 197 27 4.06088196721311 1.97385983606557
37.4499999999992 197 26 4.22534016393443 1.86692950819672
38.4666666666658 197 25 4.3833737704918 1.46635573770492
41.5166666666656 196 26 4.75513224043716 2.35217103825137
42.5333333333322 196 25 3.40894754098361 2.82663114754098
46.5999999999986 196 24 3.85615778688525 2.93106844262295
47.6166666666652 196 23 4.27217540983607 2.82269016393443
51.6833333333317 196 22 4.10164795081967 2.63818401639344
53.7166666666649 196 21 2.56721885245902 3.03830737704918
54.7333333333315 196 20 2.15577704918033 3.14215081967213
56.7666666666647 195 21 2.31635245901639 3.27442213114754
57.7833333333313 194 22 2.43758852459016 2.79496885245902
58.7999999999979 193 23 2.13069344262295 2.77366557377049
61.8499999999978 192 24 2.31478633879781 2.42535409836066
62.8666666666644 191 25 2.4196262295082 2.05402950819672
63.883333333331 190 26 1.76836557377049 1.59178852459016
67.9499999999974 190 25 1.98219590163934 1.42451229508197
70.9999999999973 189 26 2.08945792349727 1.16772240437158
76.0833333333303 188 27 1.65019836065574 1.14255737704918
77.0999999999969 187 28 1.66553278688525 0.912509836065574
78.1166666666635 187 27 1.70716393442623 0.824431147540984
81.1666666666633 186 27 1.67497049180328 0.969793989071038
85.2333333333298 185 27 2.12404098360656 1.58161229508197
86.2499999999964 184 27 1.3226262295082 1.97530655737705
88.2833333333296 184 26 1.33142295081967 1.31304098360656
89.2999999999962 183 27 1.69888032786885 1.28433278688525
91.3333333333294 181 29 1.74321147540983 1.36134426229508
119.799999999994 181 28 1.32676059718969 1.70866651053864
125.899999999994 181 27 1.4660543715847 2.10047650273224
140.933333333338 180 27 1.19103747228381 1.43340853658537
156.93333333335 180 26 1.26936375 0.8037684375
176.933333333366 179 27 1.15771808333333 0.135245333333333
178.933333333368 179 26 1.11905916666667 0.0614691666666667
200.933333333385 178 26 1.10853045454546 0.0641359848484849
204.933333333389 178 25 1.11892208333333 0.0525470833333333
220.933333333401 178 24 1.09568375 0.064539375
231.93333333341 178 23 1.09522666666667 0.0759339393939394
238.933333333416 178 22 1.13890952380952 0.0778059523809524
239.933333333416 178 21 1.10818666666667 0.078685
240.933333333417 178 20 1.08987833333333 0.0312
257.966666666761 178 19 1.12432054794521 0.0940318003913894
276.266666666744 177 19 1.11537877959927 0.0747029143897996
309.816666666714 177 18 1.10853576751118 0.0617237456532539
326.083333333365 177 17 1.11439805327869 0.0687701844262295
371.833333333324 176 17 1.15086877959927 0.0687111475409836
372.84999999999 175 17 1.15987868852459 0.167688524590164
373.866666666655 175 16 1.11379508196721 0.112937704918033
384.033333333313 175 15 1.12582 0.0797104918032787
417.583333333282 174 15 1.1433042722305 0.0648578241430701
442.999999999926 174 14 1.15211036065574 0.071887868852459
453.166666666583 173 15 1.12236245901639 0.0599850819672131
467.399999999904 172 16 1.12131662763466 0.074914168618267
481.633333333224 171 16 1.21086557377049 0.134246018735363
485.699999999887 170 17 1.23059426229508 0.133585655737705
502.983333333205 169 18 1.19702478302796 0.130256412729026
511.11666666653 168 18 1.1495256147541 0.132260860655738
518.233333333191 168 17 1.14403957845433 0.133382903981265
540.599999999837 168 16 1.13822891207154 0.109833532041729
579.233333333135 168 15 1.14260612597066 0.0889177308024159
600 168 15 1.16440843091335 0.115815144418423
