# New log 28/04/2014 06:10:12
1 224 32 2.53862833333333 10.6888683333333
3.03333333333333 224 31 1.94435737704918 1.79852540983607
4.04999999999999 224 30 2.26864098360656 1.53927704918033
6.08333333333332 223 30 2.71151065573771 2.16612704918033
7.09999999999998 223 28 4.4968393442623 5.0272737704918
9.10000000000003 223 27 5.9793575 6.2667775
11.1000000000001 223 26 3.86215916666666 9.35060166666667
14.1000000000003 222 27 4.77974277777778 7.00606166666667
16.1000000000004 221 27 2.61535166666667 8.51432
20.1666666666668 221 26 2.22294754098361 6.87864385245902
22.2 220 27 1.74334672131148 10.1527803278689
24.2333333333332 218 28 1.92364344262295 6.21185901639344
25.2499999999998 217 29 2.8267737704918 4.13294918032787
26.2666666666665 216 29 1.91410163934426 3.66160819672131
27.2833333333331 216 25 1.75610327868852 8.957
28.2999999999997 215 26 1.75420983606557 13.3872491803279
31.3499999999995 215 25 1.68383879781421 12.6791584699454
41.5166666666656 215 24 1.79010295081967 13.6207324590164
44.5666666666654 214 25 1.78301584699454 14.5263540983607
53.7166666666649 214 24 1.73304262295082 13.6641127504554
55.7499999999981 214 23 1.82585327868852 13.4026213114754
57.7833333333313 213 23 1.63291475409836 13.7870745901639
58.7999999999979 213 22 1.77461475409836 13.9468131147541
63.883333333331 211 24 1.85700655737705 13.8251419672131
70.9999999999973 210 25 1.7000149882904 13.7128894613583
79.1333333333301 210 24 1.79153053278689 10.9230952868852
81.1666666666633 210 23 1.79806885245902 7.97323606557377
86.2499999999964 210 22 1.80364491803279 7.90518491803279
105.566666666662 210 21 1.86706824849008 7.89514529767041
106.583333333329 209 22 1.71339836065574 2.87366721311475
107.599999999995 208 23 1.98745081967213 2.95351803278689
109.633333333328 208 22 1.70438934426229 2.96598278688525
110.649999999995 207 22 1.88234426229508 4.88020163934426
112.683333333328 206 22 2.29374344262295 5.7306106557377
114.716666666661 204 24 2.64871803278688 7.90275081967213
115.733333333328 203 25 1.96506557377049 9.49734590163935
119.799999999994 202 25 1.66291967213115 10.1759430327869
126.916666666661 202 24 1.68065550351288 10.1814009367681
130.93333333333 202 23 1.65628215767635 11.7190037344398
131.93333333333 201 24 1.63213666666667 11.9496666666667
139.933333333337 201 23 1.66676270833333 10.819934375
151.933333333346 201 22 1.66057569444444 8.68196694444444
153.933333333348 200 22 1.61595166666667 9.02588416666667
157.933333333351 199 22 1.61984708333333 7.6499475
161.933333333354 199 21 1.71594041666667 8.41415333333333
167.933333333359 198 20 1.86791027777778 9.18770333333333
170.933333333362 198 19 1.62813555555556 10.5539244444444
173.933333333364 197 20 1.67453944444444 9.85119166666667
181.93333333337 196 20 1.587719375 7.97660770833333
186.933333333374 195 19 1.60495466666667 4.998057
205.933333333389 195 18 1.56330526315789 4.61420596491228
208.933333333392 194 19 1.56244222222222 4.43504222222222
210.933333333393 193 19 1.53181583333333 4.46206
217.933333333399 192 20 1.55227214285714 4.2182119047619
222.933333333403 192 19 1.68634333333333 4.219302
224.933333333404 192 18 1.5005825 3.62900833333333
227.933333333407 191 18 1.50255388888889 3.61763944444444
238.933333333416 190 19 1.4950853030303 3.74126136363636
241.933333333418 189 20 1.48699666666667 3.80536666666667
243.93333333342 188 20 1.47969666666667 3.76328083333333
251.933333333426 187 21 1.45523958333333 3.370483125
252.933333333427 186 22 1.43587 3.50033833333333
255.933333333429 185 23 1.45520055555556 3.21990111111111
257.966666666761 183 24 1.39139180327869 2.86498114754098
263.050000000089 183 23 1.40791606557377 3.37816229508197
272.200000000081 183 22 1.40913406193078 3.75575428051002
279.316666666741 182 22 1.38992084309134 3.29343793911007
284.40000000007 181 23 1.50837868852459 2.60173540983607
289.483333333399 181 22 1.36502524590164 2.69826
294.566666666727 180 23 1.34989573770492 2.76316032786885
295.583333333393 179 24 1.33606393442623 2.71625245901639
307.783333333382 178 25 1.48823661202186 2.95009822404372
318.966666666705 177 26 1.32946199701938 3.07106035767511
323.033333333368 177 25 1.33329016393443 3.1495237704918
326.083333333365 177 24 1.37412295081967 3.34091092896175
370.816666666658 176 25 1.36644809985097 3.65288431445604
385.049999999978 176 24 1.32121674473068 3.52502704918033
403.349999999962 175 25 1.32872285974499 3.58665027322404
408.433333333291 174 25 1.31564360655738 3.18922032786885
417.583333333282 173 25 1.31667486338798 3.40694025500911
428.766666666605 173 24 1.29682921013413 3.1249393442623
437.916666666597 172 24 1.31539544626594 3.01513460837887
449.09999999992 171 25 1.2995651266766 3.46235260804769
452.149999999917 169 27 1.29417540983607 3.42135792349727
453.166666666583 168 27 1.29521475409836 3.44376557377049
470.449999999901 167 28 1.26953220829316 2.95796441658631
498.916666666542 167 27 1.26125521077283 2.79209192037471
499.933333333207 166 28 1.27729508196721 2.8741393442623
502.983333333205 165 27 1.25698032786885 2.82499672131148
505.016666666536 164 28 1.24959590163934 2.90653442622951
551.78333333316 163 29 1.26728795438346 3.20273389166073
599.56666666645 162 30 1.25921088245553 3.13467983955354
600 162 30 1.23793278688525 3.10514262295082
