# New log 28/04/2014 06:15:38
1 224 32 5.29345833333333 0.770513333333333
3.03333333333333 224 31 3.53695491803279 0.193729508196721
4.04999999999999 223 30 3.87440819672131 0.251096721311475
5.06666666666665 221 25 6.15293114754098 1.20436393442623
6.08333333333332 221 24 4.27965737704918 1.02312950819672
7.09999999999998 221 23 5.08577868852459 0.70296393442623
10.1000000000001 221 21 5.85230833333333 0.430062777777778
12.1000000000002 220 21 6.805285 0.658626666666667
14.1000000000003 219 22 7.56448833333333 0.60612
16.1000000000004 218 22 7.71579416666667 0.475056666666667
22.2 217 22 6.81200846994535 0.855741803278689
23.2166666666666 217 21 6.76737213114754 1.54517213114754
24.2333333333332 217 20 8.2593262295082 1.32905573770492
25.2499999999998 216 21 7.31454098360656 0.87442131147541
26.2666666666665 215 22 5.21925901639344 0.193539344262295
29.3166666666663 215 21 4.45282732240437 0.601712568306011
30.3333333333329 214 20 4.34076557377049 0.465860655737705
32.3666666666661 214 19 4.7045237704918 5.02829672131148
34.3999999999993 213 20 4.06104754098361 4.70442459016393
35.4166666666659 212 20 5.25231967213115 4.35239836065574
41.5166666666656 211 21 3.80898469945355 1.87099535519126
43.5499999999988 210 22 3.24108360655738 1.1764631147541
60.8333333333312 209 21 3.33671552555448 2.41358023143684
62.8666666666644 209 20 2.96280245901639 3.15224754098361
67.9499999999974 209 19 3.06294819672131 2.70618918032787
78.1166666666635 209 18 3.0818637704918 2.14145360655738
84.2166666666632 209 17 3.04130546448088 1.80020628415301
104.549999999995 209 16 2.90243016393443 1.08918254098361
105.566666666662 208 17 2.84014590163935 0.673388524590164
110.649999999995 208 16 2.79809049180328 0.78467868852459
116.749999999995 208 15 2.8350150273224 0.452652732240437
145.933333333342 207 15 2.7835929754426 0.58895585379783
152.933333333347 206 15 2.60477 0.212994285714286
180.933333333369 206 14 2.55014505952381 0.063644880952381
191.933333333378 206 13 2.57093984848485 0.065819696969697
237.933333333415 205 14 2.57142619565217 0.0617045289855073
302.700000000053 204 15 2.63439173957797 0.062301158003088
303.716666666719 203 15 2.96876885245902 0.0115065573770492
307.783333333382 202 16 2.74965737704918 0.158641393442623
311.850000000045 201 17 2.57322909836066 0.0566872950819672
312.866666666711 200 17 2.84452295081967 0.0390491803278689
333.200000000026 200 16 2.58962713114754 0.0269127049180328
362.683333333332 199 16 2.57436676088185 0.020388411531939
363.699999999998 198 17 2.57112459016394 0.0589524590163934
402.333333333296 197 18 2.51771125970664 0.0296361518550475
449.09999999992 196 19 2.58879208838204 0.0845506414825374
456.21666666658 196 18 2.58180913348946 0.0130955503512881
467.399999999904 196 17 2.56211043219076 0.0155143070044709
487.733333333218 196 16 2.61752647540984 0.012775
495.866666666544 196 15 2.61403852459016 0.00596454918032787
497.899999999876 195 16 2.62515245901639 0.0551909836065574
498.916666666542 194 17 2.65491639344262 0.00884754098360656
509.083333333199 193 18 2.58430114754099 0.0215750819672131
571.099999999809 193 17 2.59343348562215 0.0276831496909433
587.366666666461 193 16 2.66577110655738 0.00896782786885246
594.483333333121 193 15 3.11114332552693 0.0556936768149883
595.499999999787 192 16 2.63722786885246 0.0714065573770492
600 192 16 2.59333245901639 0.0351150819672131
