# New log 28/04/2014 06:08:06
1 224 32 2.12109166666667 0.488086666666667
5.06666666666665 223 31 2.00786024590164 1.04269385245902
6.08333333333332 220 28 1.98053114754098 0.470673770491803
7.09999999999998 218 28 2.55563114754098 0.631255737704918
8.09999999999998 218 27 2.59464833333333 1.99167
9.10000000000003 218 26 3.08888 0.513546666666667
10.1000000000001 217 27 2.76386666666667 0.522528333333333
11.1000000000001 216 28 1.99045166666667 0.445011666666667
12.1000000000002 213 29 3.23487666666667 0.612926666666667
15.1000000000003 213 27 3.20740722222222 0.723922222222222
16.1000000000004 213 26 3.62698 1.077215
20.1666666666668 213 24 5.39709508196721 1.1752131147541
21.1833333333334 212 25 5.43848032786885 2.27878196721311
22.2 210 24 4.92373606557377 1.28212786885246
24.2333333333332 210 23 5.00789754098361 0.984540983606557
26.2666666666665 210 22 4.49941147540984 1.10858770491803
28.2999999999997 209 21 4.49032704918033 0.787597540983607
29.3166666666663 208 22 4.42980983606557 0.592486885245902
30.3333333333329 206 23 3.4894262295082 0.912080327868853
32.3666666666661 204 22 5.1415106557377 1.22767950819672
34.3999999999993 203 23 3.9544893442623 1.18198524590164
35.4166666666659 202 24 4.78746557377049 1.46845737704918
36.4333333333325 199 26 4.46573606557377 2.62179016393443
37.4499999999992 197 27 5.30740163934426 5.3159262295082
39.4833333333324 197 26 6.42838278688525 4.0542737704918
43.5499999999988 196 27 5.8609237704918 1.49623770491803
44.5666666666654 195 28 3.25495245901639 1.03284754098361
46.5999999999986 194 29 4.02325081967213 1.55676885245902
47.6166666666652 193 30 4.07430655737705 1.45802950819672
52.6999999999983 193 29 2.89225311475409 1.18937540983607
53.7166666666649 192 30 2.19793606557377 0.826270491803279
56.7666666666647 192 29 3.63385191256831 1.12809672131148
58.7999999999979 192 28 3.43407704918033 0.579886885245902
59.8166666666646 191 28 1.60827868852459 0.24813606557377
61.8499999999978 190 29 1.60851557377049 1.01689590163934
64.8999999999976 189 30 1.4897956284153 0.685134972677596
65.9166666666642 188 31 1.41095573770492 0.643434426229508
66.9333333333308 188 30 1.70803442622951 0.601083606557377
67.9499999999974 187 31 1.26129344262295 0.719506557377049
69.9833333333306 186 32 1.61218114754098 2.15669426229508
82.18333333333 186 31 1.92547240437159 0.81461174863388
83.1999999999966 186 29 2.59467704918033 0.810570491803279
85.2333333333298 185 30 2.18102295081967 0.566734426229508
87.266666666663 185 29 2.09993032786885 0.552691803278689
92.349999999996 184 30 1.59144327868852 0.418150163934426
102.516666666662 184 29 1.17571819672131 0.808875409836066
105.566666666662 184 28 1.07784535519126 0.410850819672131
106.583333333329 183 29 1.12448852459016 0.275901639344262
107.599999999995 182 30 1.12494590163934 0.207191803278689
109.633333333328 182 29 1.05806803278689 0.222212295081967
146.933333333342 181 30 1.21883257372654 0.15136273458445
151.933333333346 180 30 1.24257933333333 0.076317
152.933333333347 179 29 1.76791333333333 0.224145
154.933333333349 178 28 1.52844166666667 0.1404225
159.933333333353 177 29 1.04725833333333 0.0227323333333333
164.933333333357 177 27 1.01188466666667 0.0762166666666667
165.933333333358 176 28 1.03123666666667 0.146813333333333
167.933333333359 175 29 1.01336583333333 0.145670833333333
168.93333333336 174 30 0.995088333333333 0.130551666666667
174.933333333365 174 29 0.9865875 0.0915536111111111
198.933333333384 173 29 1.21152006944444 0.0676077777777778
199.933333333385 172 30 1.16468666666667 0.110923333333333
209.933333333393 172 29 1.16385216666667 0.0952495
210.933333333393 171 30 1.175625 0.0915216666666667
211.933333333394 170 29 1.190545 0.0675116666666667
212.933333333395 169 28 1.19160333333333 0.0781483333333333
215.933333333397 169 27 1.22224555555556 0.154720555555556
217.933333333399 168 28 1.10322083333333 0.078685
235.933333333413 167 29 1.2399525 0.0924025
249.933333333424 166 30 1.02230416666667 0.0567491666666667
265.083333333421 165 31 0.911847414741474 0.0409584158415842
267.116666666752 164 31 0.925456557377049 0.0587967213114754
272.200000000081 163 32 0.923982295081967 0.0705616393442623
278.300000000076 163 31 1.06273387978142 0.073024043715847
292.533333333396 162 32 1.07021077283372 0.0709058548009368
294.566666666727 161 33 0.910240983606558 0.050127868852459
295.583333333393 160 34 0.898309836065574 0.0404311475409836
297.616666666725 159 34 0.913631967213115 0.034405737704918
318.966666666705 158 34 0.900620921155345 0.0491341139734582
324.050000000034 157 34 0.88854786885246 0.0276629508196721
326.083333333365 157 33 0.85637868852459 0.00124508196721311
336.250000000023 157 32 0.891247049180328 0.0212416393442623
352.516666666675 157 31 0.960664549180327 0.0616495901639344
376.916666666653 156 32 1.01088387978142 0.0605175546448087
388.099999999976 155 33 0.936980923994039 0.0420204172876304
403.349999999962 155 32 0.895183606557377 0.0424368306010929
405.383333333293 155 31 0.878695901639344 0.0271524590163934
410.466666666622 154 31 0.878878032786886 0.0500298360655738
413.516666666619 153 31 0.878962295081968 0.0963617486338798
419.616666666614 153 30 0.887908743169399 0.11881393442623
420.633333333279 153 29 0.936929508196721 0.181809836065574
427.74999999994 153 28 0.929765105386417 0.13361756440281
439.949999999929 153 27 0.944462295081967 0.121881420765027
453.166666666583 153 26 1.02627566204288 0.180735939470366
454.183333333249 152 27 0.999855737704918 0.214590163934426
478.583333333227 151 28 0.978340915300547 0.126938114754098
485.699999999887 151 27 0.913737470725995 0.0979360655737705
500.949999999873 150 28 1.01932972677596 0.12797693989071
501.966666666539 150 27 0.891547540983606 0.143588524590164
508.066666666533 149 27 0.978241803278688 0.146324590163934
510.099999999865 149 26 1.18901475409836 0.208058196721311
513.149999999862 148 27 0.912807103825136 0.113840983606557
518.233333333191 147 28 0.897748524590164 0.10757868852459
519.249999999856 146 29 0.896803278688525 0.103852459016393
522.299999999854 146 28 0.942727868852459 0.0859245901639344
533.483333333177 145 29 0.882422801788376 0.0925077496274218
537.54999999984 144 29 0.890095901639344 0.122623360655738
541.616666666503 144 28 0.90169918032787 0.134823770491803
544.6666666665 142 29 0.909428961748634 0.138320765027322
545.683333333166 142 28 1.014 0.122167213114754
546.699999999831 141 29 0.97113606557377 0.161645901639344
550.766666666494 140 30 0.971082377049179 0.151777868852459
553.816666666492 139 31 0.903020765027322 0.111337158469945
557.883333333155 138 32 0.873625 0.124431147540984
561.949999999818 137 33 0.849455737704919 0.090022131147541
568.049999999812 137 32 0.86998306010929 0.093077868852459
572.116666666475 136 33 0.881720081967213 0.103058606557377
574.149999999806 135 34 0.873435245901639 0.0891590163934426
594.483333333121 135 33 0.84520950819672 0.0938667213114754
600 135 33 0.846713387978141 0.127306010928962
