# New log 28/04/2014 06:00:12
1 224 32 2.37768 9.99430666666667
5.06666666666665 222 33 2.37943237704918 2.6137262295082
6.08333333333332 221 33 2.87917868852459 1.44791803278689
9.10000000000003 220 34 1.82389226519337 8.52166298342542
10.1000000000001 219 35 2.02955333333333 8.662585
11.1000000000001 218 36 1.98022833333333 10.2632233333333
13.1000000000002 217 36 2.350435 8.58663666666667
14.1000000000003 217 35 2.93001333333333 7.232025
15.1000000000003 216 35 2.461745 8.506905
16.1000000000004 216 34 1.654175 8.04485333333333
17.116666666667 215 35 1.93575409836066 9.16265901639344
18.1333333333336 215 34 2.1551262295082 9.02727868852459
19.1500000000002 215 32 2.88747540983607 9.0362262295082
20.1666666666668 215 31 2.98949508196721 8.82701967213115
21.1833333333334 214 32 3.01031803278689 9.44134426229508
23.2166666666666 213 32 1.70512295081967 9.85139426229508
24.2333333333332 212 32 1.51699672131148 10.3531
26.2666666666665 212 29 1.71055901639344 10.4323868852459
27.2833333333331 211 29 1.6709262295082 11.5274393442623
28.2999999999997 210 30 1.50873770491803 5.02369180327869
29.3166666666663 210 29 1.58343934426229 4.66994590163934
30.3333333333329 209 29 2.09107868852459 7.01114426229508
31.3499999999995 208 30 1.64014590163934 10.844362295082
34.3999999999993 208 29 1.49813114754098 10.8353530054645
39.4833333333324 208 28 1.66349704918033 10.6584380327869
40.499999999999 206 28 1.58015737704918 10.2327573770492
42.5333333333322 206 27 1.59009754098361 10.5829672131148
46.5999999999986 205 27 1.56789344262295 10.8880204918033
67.9499999999974 205 26 1.67849461358314 10.1383728337237
73.0333333333305 205 25 1.61933475409836 8.95397540983607
78.1166666666635 204 26 1.75792885245902 7.89903114754098
79.1333333333301 203 27 1.6772131147541 8.83376721311476
82.18333333333 202 27 1.54891857923497 8.90507868852459
87.266666666663 202 26 1.5476868852459 7.28787836065574
89.2999999999962 202 25 1.60812704918033 10.0025393442623
90.3166666666628 202 24 1.5519262295082 9.19727540983607
92.349999999996 201 25 1.56896229508197 9.34294836065574
93.3666666666627 200 25 1.6853262295082 9.34956557377049
94.3833333333293 199 25 1.53460491803279 9.58052786885246
97.4333333333291 198 26 1.50543442622951 9.65442950819672
99.4666666666623 197 26 1.46663442622951 9.60030245901639
110.649999999995 197 25 1.50773010432191 6.52733427719821
120.816666666661 197 24 1.45195491803279 5.08893803278689
134.933333333333 197 23 1.442460094451 3.91175289256198
139.933333333337 196 21 1.39804466666667 2.75155433333333
149.933333333345 195 21 1.49227783333333 3.895906
154.933333333349 195 20 1.578482 3.49582866666667
156.93333333335 195 19 1.38491666666667 3.63136
158.933333333352 194 20 1.3793375 3.72506166666667
162.933333333355 194 19 1.41910333333333 6.32565375
163.933333333356 193 20 1.44924 5.92812166666667
165.933333333358 192 21 1.4252325 5.54595333333333
166.933333333358 190 23 1.44219333333333 5.14035666666667
171.933333333362 189 24 1.43992333333333 3.879507
178.933333333368 188 25 1.41002285714286 2.88718166666667
202.933333333387 187 25 1.34113875 2.57844583333333
217.933333333399 186 26 1.34685877777778 2.22955222222222
225.933333333405 185 27 1.31665375 2.288379375
238.933333333416 184 27 1.45973935897436 2.45889666666667
248.933333333424 183 28 1.35650033333333 2.52680583333333
251.933333333426 183 27 1.37721888888889 2.51075611111111
257.966666666761 183 26 1.31414447513812 2.67534171270718
258.983333333426 182 27 1.29298852459016 2.33965409836066
264.066666666755 181 27 1.34152590163935 2.79696327868852
271.183333333415 181 26 1.29475503512881 2.22813676814988
283.383333333404 180 27 1.27664959016393 2.70032896174863
290.500000000064 179 28 1.29102295081967 2.68186206088993
299.650000000056 178 29 1.28248123861566 2.70786630236794
300.666666666722 178 28 1.24291803278689 2.24832950819672
307.783333333382 176 30 1.25688173302108 2.3760943793911
352.516666666675 175 30 1.27896412071535 2.70986523845007
355.566666666672 175 29 1.32010327868852 2.71062786885246
392.166666666639 174 29 1.26319444444445 2.62593816029144
401.31666666663 173 30 1.24906593806922 2.48371220400729
403.349999999962 173 28 1.27252049180328 2.56793278688525
417.583333333282 173 27 1.31184929742389 2.59118056206089
434.8666666666 172 28 1.29566325940212 2.65999527483124
436.899999999931 171 29 1.22900983606557 2.37598114754098
441.98333333326 171 28 1.25184557377049 2.4092206557377
444.016666666592 171 27 1.30159590163934 2.28073278688525
446.049999999923 171 26 1.22654262295082 2.19478524590164
463.333333333241 170 27 1.26595766634523 2.25791986499518
466.383333333238 169 27 1.22434098360656 2.3146956284153
469.433333333235 169 26 1.32392459016393 2.10246174863388
471.466666666567 168 27 1.77397540983607 2.46653442622951
476.549999999895 167 27 1.26728098360656 2.57762360655738
482.64999999989 166 28 1.23505737704918 2.57703224043716
486.716666666553 165 28 1.22115778688525 2.4997987704918
488.749999999884 164 28 1.23727868852459 2.49841967213115
489.76666666655 163 28 1.12517213114754 2.28148032786885
490.783333333216 163 27 1.63739508196721 2.79325737704918
491.799999999881 162 28 1.23830819672131 2.33974754098361
495.866666666544 161 28 1.22756147540984 2.38803155737705
505.016666666536 161 27 1.13648451730419 2.34460910746812
547.716666666497 160 28 1.16997642466823 2.63168629976581
550.766666666494 159 29 1.11964480874317 2.48790218579235
560.933333333152 159 28 1.13625016393443 2.12704885245902
576.183333333138 159 27 1.171343715847 1.68156120218579
577.199999999804 159 26 1.11012459016393 1.94975737704918
579.233333333135 158 27 1.13567049180328 2.41894098360656
600 158 26 1.13859422326308 2.16190616705699
