# New log 28/04/2014 06:04:33
1 224 32 4.85021166666667 1.52703666666667
3.03333333333333 223 32 3.59740901639344 0.785580327868852
4.04999999999999 223 30 3.29544426229508 0.789468852459016
5.06666666666665 221 26 3.37783114754098 0.919908196721312
6.08333333333332 221 24 3.50925245901639 0.61606393442623
7.09999999999998 221 22 3.91608360655738 0.651596721311475
8.09999999999998 221 21 3.76563666666667 0.56078
12.1000000000002 220 21 5.19220541666667 0.7191325
13.1000000000002 219 20 6.09145 0.838668333333333
14.1000000000003 219 19 4.70547833333333 0.959405
15.1000000000003 218 18 4.37843666666666 0.568938333333333
16.1000000000004 218 17 5.19961666666667 0.657351666666667
17.116666666667 218 14 5.62090819672131 1.16022786885246
18.1333333333336 218 13 5.4148868852459 0.831785245901639
19.1500000000002 217 12 4.66674098360656 0.929481967213115
20.1666666666668 217 11 4.79367704918033 0.40553606557377
24.2333333333332 217 10 6.5489606557377 1.19260491803279
27.2833333333331 215 12 7.2267524590164 2.72737486338798
28.2999999999997 214 13 6.29598196721312 2.6076737704918
29.3166666666663 214 12 6.15026721311475 2.56057868852459
32.3666666666661 213 13 6.67030546448087 3.18325792349727
35.4166666666659 212 14 7.19948469945355 3.40293169398907
46.5999999999986 212 13 5.89099001490314 3.08190372578241
54.7333333333315 210 14 4.86291721311476 3.27409057377049
56.7666666666647 210 13 4.54666721311476 2.18308770491803
57.7833333333313 209 14 4.19116393442623 2.24857049180328
63.883333333331 209 13 4.77233415300546 2.59574344262295
64.8999999999976 209 12 4.35058032786885 1.57452459016393
68.966666666664 208 13 4.57620819672131 1.70337745901639
69.9833333333306 207 14 3.45197704918033 1.75834262295082
77.0999999999969 206 15 3.14541405152225 1.88469859484778
82.18333333333 204 15 3.43254819672131 2.0759931147541
85.2333333333298 204 14 3.19563989071038 1.50677978142077
92.349999999996 204 13 3.07557330210773 1.13636018735363
104.549999999995 203 13 3.10996516393443 1.15304316939891
105.566666666662 203 12 3.00944426229508 1.51429508196721
183.933333333372 202 13 2.70011010208422 1.3480867928541
225.933333333405 202 12 2.52134757936508 0.671297261904762
237.933333333415 201 13 2.63455 0.527057222222222
249.933333333424 201 12 2.60080583333333 0.605614444444444
251.933333333426 200 13 2.60653083333333 0.711746666666667
253.933333333428 200 12 2.5536775 0.75565
257.966666666761 199 12 2.54502644628099 0.803659504132231
261.016666666758 199 11 2.4965174863388 0.744573224043716
267.116666666752 198 12 2.58459972677596 0.92447650273224
269.150000000084 197 13 2.50988606557377 0.894863934426229
270.16666666675 196 14 2.49191639344262 0.814136065573771
271.183333333415 195 14 2.49922295081967 0.773240983606557
273.216666666747 194 14 2.49344836065574 0.916722131147541
274.233333333413 192 15 2.45411967213115 0.94107868852459
292.533333333396 192 14 2.39201275045538 0.923791803278688
314.900000000042 191 15 2.38630991058122 0.836277198211625
417.583333333282 190 16 2.41785419574744 0.157823453984743
486.716666666553 190 15 2.68064464802314 0.101730713596914
532.466666666511 190 14 2.73584881602915 0.142437996357013
539.583333333171 190 13 2.78684800936768 0.204289695550351
554.833333333157 189 14 2.77075912568306 0.200928087431694
557.883333333155 188 15 3.72995628415301 0.530622404371585
563.983333333149 187 16 2.75173415300547 0.187905191256831
587.366666666461 186 17 2.72041261582324 0.182218816821098
600 186 17 2.77626620428752 0.158624085750315
