# New log 28/04/2014 04:59:46
1 224 32 2.27026166666667 10.3176666666667
4.04999999999999 224 30 1.76440983606557 1.70148032786885
7.09999999999998 223 31 2.61407540983607 2.7572
8.09999999999998 223 30 3.072915 7.43591166666667
9.10000000000003 221 32 3.41182 7.4011
11.1000000000001 220 33 3.31653 9.13032166666667
12.1000000000002 220 31 3.15056833333333 9.87528833333333
14.1000000000003 219 32 2.64286166666667 10.2071875
15.1000000000003 218 33 2.07556 10.4048883333333
16.1000000000004 217 34 1.81927 10.325445
17.116666666667 216 34 2.02732295081967 10.2041885245902
19.1500000000002 215 34 1.96849508196721 10.048406557377
20.1666666666668 215 33 2.6908131147541 9.52639344262295
21.1833333333334 215 31 2.88496721311475 10.0313049180328
23.2166666666666 214 32 2.25041475409836 10.000243442623
24.2333333333332 213 32 2.09929180327869 10.343362295082
25.2499999999998 212 33 1.94519180327869 10.5166098360656
27.2833333333331 211 32 1.88786721311475 10.6063868852459
28.2999999999997 210 32 2.24362786885246 10.8776426229508
29.3166666666663 210 31 1.79806721311475 10.8212983606557
30.3333333333329 209 32 1.91627049180328 11.223831147541
38.4666666666658 208 31 1.86893401639344 10.6987286885246
39.4833333333324 208 30 1.78903934426229 10.5611262295082
41.5166666666656 208 29 1.80813606557377 10.6554672131148
42.5333333333322 207 30 1.93222950819672 10.336037704918
43.5499999999988 207 29 1.89390819672131 10.8864065573771
48.6333333333319 207 28 2.02427967213115 10.5544547540984
51.6833333333317 206 29 3.56085901639344 9.85958087431694
54.7333333333315 205 30 8.27335519125683 6.72993169398907
55.7499999999981 205 29 9.03572295081967 6.37392459016394
56.7666666666647 204 28 9.44666065573771 5.56121147540984
58.7999999999979 203 29 8.41286065573771 5.81455901639344
59.8166666666646 202 29 7.12356393442623 3.7635868852459
61.8499999999978 201 27 5.84177131147541 5.67027459016393
64.8999999999976 201 25 4.15382404371585 6.38095355191257
65.9166666666642 200 25 3.33225573770492 7.64011147540984
66.9333333333308 200 24 2.80612786885246 8.18101475409836
73.0333333333305 200 23 3.26452076502732 5.46434098360656
74.0499999999971 199 24 3.55749344262295 3.43652950819672
75.0666666666637 198 24 3.61879180327869 3.43905409836066
77.0999999999969 196 26 3.41075081967213 3.61016721311475
81.1666666666633 195 27 3.2604512295082 4.33901639344262
82.18333333333 195 26 3.28235081967213 6.67688524590164
83.1999999999966 195 24 3.1799131147541 4.65302786885246
84.2166666666632 195 23 3.22373606557377 3.78204426229508
90.3166666666628 195 22 3.35208142076503 3.65574590163934
91.3333333333294 193 23 2.9693131147541 4.15684098360656
92.349999999996 192 24 4.48197213114754 3.53857704918033
94.3833333333293 192 23 4.54970655737705 4.39165163934426
99.4666666666623 192 22 4.24673540983607 5.08109278688525
102.516666666662 192 21 3.02324316939891 4.91356721311475
103.533333333329 191 20 3.26847213114754 5.7856393442623
120.816666666661 191 18 2.67551243972999 9.14144358727097
128.933333333328 191 17 2.53686324435318 8.54477802874743
132.933333333331 191 16 2.92163416666667 9.20067166666667
139.933333333337 191 15 2.58848761904762 10.2742554761905
150.933333333346 190 15 2.98147484848485 6.6425753030303
162.933333333355 189 15 3.01281222222222 5.18462958333333
169.933333333361 189 14 2.97973357142857 5.15825761904762
176.933333333366 189 13 2.94314761904762 4.46601047619048
177.933333333367 189 12 3.07563166666667 3.30661166666667
198.933333333384 189 11 3.66648031746032 4.45741134920635
203.933333333388 189 10 3.855817 5.06446733333333
237.933333333415 188 11 3.88932205882353 5.22979480392157
247.933333333423 187 12 3.8392625 4.811191
261.016666666758 186 12 3.96052025477707 4.95888840764331
263.050000000089 186 11 3.86510983606557 3.80415573770492
279.316666666741 185 12 3.75172920081968 4.55677069672131
280.333333333407 184 12 3.32217049180328 4.22457868852459
288.466666666733 184 11 3.23598606557377 4.53747479508197
291.51666666673 184 9 2.97984207650273 4.53724699453552
294.566666666727 183 10 2.57663005464481 4.52983825136612
303.716666666719 182 10 2.26495737704918 4.31157468123862
335.233333333357 182 9 2.20785462718138 4.0992044949762
340.316666666686 182 8 2.22212557377049 4.67617245901639
349.466666666678 181 9 2.25830928961749 4.89782094717669
359.633333333335 180 9 2.22208131147541 4.89082918032787
360.650000000001 180 8 2.19333442622951 5.10617704918033
402.333333333296 179 8 2.26370643742502 8.16952766893243
406.399999999959 178 9 3.04779262295082 4.0036237704918
412.499999999954 177 10 3.25519289617487 3.98043770491803
431.816666666603 177 9 3.36802717860224 3.84865823986195
455.199999999915 176 10 2.98545053456878 4.22139693513899
503.99999999987 175 11 2.80957469262295 4.30543691939891
515.183333333193 175 10 2.6892084947839 4.07489478390462
594.483333333121 174 11 2.47785380411937 3.31299245481295
600 174 11 1.68289535519126 2.6904762295082
