# New log 28/04/2014 05:05:59
1 224 32 5.58184166666667 1.87317333333333
3.03333333333333 224 31 3.99751393442623 0.985261475409836
4.04999999999999 223 30 4.13438524590164 1.24854918032787
5.06666666666665 222 30 3.93117213114754 1.11348360655738
6.08333333333332 220 28 3.70046229508197 0.869375409836066
9.10000000000003 219 27 4.66387790055249 1.36006629834254
10.1000000000001 219 25 4.00726666666667 1.00049166666667
11.1000000000001 219 24 3.98464833333333 0.95205
12.1000000000002 219 22 4.32693166666667 1.13168
13.1000000000002 218 22 4.426825 1.00938666666667
14.1000000000003 217 22 4.61875666666667 0.98646
15.1000000000003 216 20 4.91863333333333 1.312905
16.1000000000004 216 18 4.19451333333333 1.449545
18.1333333333336 216 16 7.87366803278689 1.23351967213115
20.1666666666668 215 15 5.29235 0.905224590163935
22.2 214 16 4.43758114754098 0.599596721311475
24.2333333333332 213 17 6.10807213114754 0.87725737704918
29.3166666666663 212 17 5.1751262295082 0.580466885245902
31.3499999999995 210 16 4.41569262295082 0.57241393442623
32.3666666666661 210 15 4.58541147540984 0.365859016393443
33.3833333333327 210 14 3.93845245901639 0.343934426229508
34.3999999999993 209 14 4.02006885245902 0.269947540983607
39.4833333333324 208 15 6.61791213114754 0.505164918032787
41.5166666666656 208 14 5.2044844262295 0.704540163934426
42.5333333333322 207 15 4.9625606557377 0.813860655737705
49.6499999999985 207 14 5.36976674473067 0.861820140515222
60.8333333333312 206 15 4.93124947839046 2.14237585692996
75.0666666666637 205 16 4.60066358313818 1.83442213114754
76.0833333333303 205 15 3.8481737704918 3.2987262295082
99.4666666666623 205 14 3.55379550962223 3.81711838916607
128.933333333328 205 13 3.52254309954751 5.46097771493213
129.933333333329 204 14 3.13293 2.533225
139.933333333337 204 13 3.3308445 2.35761533333333
151.933333333346 203 14 3.41843819444445 3.61986444444444
158.933333333352 202 14 3.12315285714286 3.32538
162.933333333355 202 12 3.15501833333334 3.5030625
168.93333333336 201 13 3.25172416666667 3.23139388888889
174.933333333365 200 13 3.30031194444444 3.11051611111111
178.933333333368 200 12 3.16613291666667 3.00286416666667
193.93333333338 200 11 3.23322722222222 2.80136777777778
212.933333333395 200 10 3.10881385964912 2.37821245614035
213.933333333396 199 11 2.93559166666667 1.608365
218.9333333334 198 11 3.21845533333333 1.124037
223.933333333404 198 10 3.63590266666667 1.272673
224.933333333404 197 10 3.200885 1.26813333333333
225.933333333405 196 10 2.91450666666667 1.39135
237.933333333415 195 11 3.24782013888888 1.03038875
268.133333333418 195 10 2.7733784768212 0.767184381898455
279.316666666741 194 10 2.82542309985097 0.844773770491803
290.500000000064 193 11 2.8071172876304 0.620283010432191
305.750000000051 193 10 2.88410153005465 0.62510174863388
326.083333333365 193 8 2.86265852459017 0.611873360655738
327.100000000031 192 9 2.54200983606557 0.343308196721311
403.349999999962 192 8 2.77199993442623 0.54457506010929
502.983333333205 191 9 3.1783980762797 0.645281013716962
549.749999999829 191 8 4.33485637918746 0.65805028510335
584.316666666464 190 9 4.36342246865959 0.736870973963356
600 190 9 4.25440399590164 0.707504303278689
