# New log 28/04/2014 05:10:14
1 224 32 2.477815 0.628838333333333
4.04999999999999 224 31 2.13830218579235 0.759336065573771
5.06666666666665 222 32 2.42251967213115 0.686593442622951
6.08333333333332 221 31 5.72920819672131 0.474452459016393
7.09999999999998 220 30 6.53107704918033 0.53152131147541
8.09999999999998 218 28 2.37584666666667 0.71832
9.10000000000003 218 27 2.92528833333333 1.19880666666667
12.1000000000002 218 24 3.28939055555556 1.82520777777778
13.1000000000002 218 22 2.61444666666667 0.662396666666667
17.116666666667 216 23 5.92531493775934 0.983204979253112
19.1500000000002 216 22 8.20833196721312 2.51817459016393
22.2 216 20 8.02070273224043 1.33212131147541
24.2333333333332 214 22 6.14017049180328 1.87532950819672
25.2499999999998 213 23 6.11178032786885 1.36317868852459
26.2666666666665 212 23 4.88699672131148 0.749260655737705
31.3499999999995 211 24 4.81084360655737 1.14174360655738
33.3833333333327 211 23 4.76773606557377 1.0442262295082
34.3999999999993 211 22 4.86137868852459 0.595608196721311
37.4499999999992 210 23 6.34045519125683 0.681604918032787
38.4666666666658 210 20 5.96360655737705 0.992311475409836
40.499999999999 210 19 3.31260245901639 1.1600631147541
47.6166666666652 209 20 4.93198899297423 2.10715058548009
49.6499999999985 208 21 3.31745737704918 1.53387704918033
50.6666666666651 208 20 2.91414426229508 1.6135262295082
51.6833333333317 208 19 2.89857868852459 1.09056721311475
53.7166666666649 208 18 3.44959098360656 1.60177950819672
56.7666666666647 206 19 2.94592568306011 1.08736775956284
57.7833333333313 206 18 2.73968360655738 1.40625901639344
72.0166666666639 205 19 2.86008091334894 2.28822693208431
79.1333333333301 204 19 3.12065456674473 2.85503442622951
81.1666666666633 204 18 3.593 2.45601065573771
97.4333333333291 204 17 3.2439975409836 3.50832530737705
103.533333333329 204 16 3.48563606557377 3.80960519125683
105.566666666662 203 17 2.10196557377049 2.17531147540984
110.649999999995 202 17 1.94216196721312 0.66047737704918
114.716666666661 202 16 1.48978483606557 1.05122950819672
120.816666666661 201 16 1.43654836065574 0.750742896174863
122.849999999994 200 17 1.30213032786885 1.38676393442623
138.933333333336 199 18 1.48712559585492 1.62586549222798
142.933333333339 198 18 2.15041208333334 2.81109708333333
152.933333333347 197 19 1.62938583333333 2.87478083333333
154.933333333349 197 18 1.27613416666667 2.91504
157.933333333351 197 17 1.28421944444444 2.42207333333333
159.933333333353 196 18 2.35724333333333 4.16754666666667
171.933333333362 195 18 1.53069930555556 3.65732652777778
173.933333333364 193 19 1.53879166666667 4.658425
176.933333333366 192 18 1.24142222222222 4.39298444444445
177.933333333367 191 19 1.219155 4.37702333333333
180.933333333369 191 18 1.23278166666667 2.92770611111111
186.933333333374 190 19 1.25375027777778 2.07914388888889
204.933333333389 189 20 1.17859203703704 1.39398990740741
209.933333333393 189 19 1.147801 0.419481
227.933333333407 188 20 1.63463546296296 0.802017314814815
228.933333333408 188 19 1.04686333333333 0.0867683333333333
240.933333333417 188 18 1.14305680555556 0.299458472222222
246.933333333422 188 17 1.14165083333333 0.487387222222222
253.933333333428 187 17 1.1514230952381 0.40129380952381
261.016666666758 187 16 1.14051294117647 0.269403764705882
263.050000000089 186 16 1.13147131147541 0.158491803278689
266.100000000087 185 17 1.12574371584699 0.297714754098361
272.200000000081 184 18 1.10800655737705 0.393907103825137
273.216666666747 183 19 1.17872950819672 0.350460655737705
280.333333333407 182 19 1.13106088992974 0.269210772833724
294.566666666727 181 20 1.11111007025761 0.143951756440281
299.650000000056 180 20 1.08493278688525 0.0629914754098361
302.700000000053 179 21 1.04614808743169 0.203238797814208
309.816666666714 179 20 1.15207119437939 0.348778454332553
315.916666666708 179 18 1.0982174863388 0.701836612021858
318.966666666705 178 19 1.17237868852459 0.535168852459016
328.116666666697 177 20 1.02836393442623 0.438395992714026
342.350000000017 177 19 1.02246733021077 0.144916744730679
364.716666666664 177 18 1.019367585693 0.112014828614009
366.749999999995 176 19 1.02515245901639 0.0627729508196721
368.783333333327 175 20 1.89457540983607 0.202726229508197
376.916666666653 174 21 2.16308258196721 0.292274795081967
385.049999999978 173 22 1.46583852459016 0.17441987704918
401.31666666663 172 23 1.03606772540984 0.115899282786885
402.333333333296 172 22 1.01851475409836 0.0397295081967213
421.649999999945 172 21 1.08603140638481 0.12935737704918
423.683333333277 171 22 1.1396762295082 0.0976868852459016
427.74999999994 171 21 1.01419713114754 0.10979631147541
433.849999999934 170 22 1.07549071038251 0.138085792349727
448.083333333254 170 21 1.08700011709602 0.149826697892272
449.09999999992 169 22 0.965204918032787 0.0948065573770492
463.333333333241 169 21 1.04898161592506 0.154173536299766
473.499999999898 169 20 1.29031213114754 0.146416557377049
491.799999999881 169 19 0.974279143897998 0.0986535519125683
495.866666666544 168 20 0.979216803278689 0.12414631147541
520.266666666522 168 19 0.967969467213114 0.0970445355191257
538.566666666506 167 19 0.98418096539162 0.122364480874317
544.6666666665 167 18 0.973764480874317 0.0886469945355191
573.133333333141 166 19 1.00331487119438 0.106018149882904
600 166 19 0.981110321797208 0.104765452337583
