# New log 28/04/2014 05:46:48
1 224 32 2.74914666666667 0.779485
5.06666666666665 223 29 2.60137336065574 0.709448360655738
6.08333333333332 223 28 4.86940163934426 1.07406721311475
7.09999999999998 223 27 4.9419 1.91437213114754
8.09999999999998 223 26 4.434865 0.967018333333333
9.10000000000003 222 26 2.83666333333333 0.456278333333333
10.1000000000001 221 27 3.98765833333333 0.648356666666667
11.1000000000001 220 27 3.64175666666667 0.669236666666667
12.1000000000002 218 28 3.15341166666667 0.322948333333333
13.1000000000002 218 27 3.903865 0.985306666666667
15.1000000000003 218 26 4.85661666666667 1.09502083333333
17.116666666667 218 25 3.48177355371901 0.824634710743802
18.1333333333336 218 24 5.01780819672131 0.783791803278689
19.1500000000002 218 23 4.15085737704918 0.661649180327869
20.1666666666668 218 22 4.94621475409836 0.774144262295082
25.2499999999998 218 21 5.42133442622951 1.20544819672131
26.2666666666665 217 20 4.63649672131147 1.02894590163934
28.2999999999997 216 21 4.59837704918033 0.862245901639344
31.3499999999995 215 21 4.74675683060109 1.72357978142077
34.3999999999993 214 22 4.28382131147541 1.39370655737705
35.4166666666659 210 24 4.37775081967213 2.56021803278689
40.499999999999 209 25 2.89054754098361 1.95492
42.5333333333322 208 26 4.14811967213115 2.91621639344262
43.5499999999988 207 26 6.07287540983606 2.93123278688525
44.5666666666654 207 25 4.34518360655738 1.78141639344262
45.583333333332 206 25 3.88479180327869 2.42173442622951
48.6333333333319 206 24 3.93676174863388 2.98501092896175
49.6499999999985 206 23 3.92096557377049 2.95264918032787
50.6666666666651 205 24 3.98335409836066 3.49481147540984
53.7166666666649 204 25 4.20237158469946 3.27095191256831
54.7333333333315 203 25 3.5882131147541 1.99940655737705
55.7499999999981 203 24 3.98311803278688 2.03423606557377
56.7666666666647 202 25 3.71288524590164 2.04259672131148
57.7833333333313 200 26 3.56748524590164 1.7733131147541
58.7999999999979 199 26 3.23160819672131 2.30687704918033
64.8999999999976 198 26 2.67445382513661 3.42961721311475
65.9166666666642 197 26 2.59500819672131 4.17153114754098
68.966666666664 196 27 2.6883737704918 4.30506120218579
69.9833333333306 194 27 5.11987868852459 3.24765081967213
70.9999999999973 194 26 3.96594754098361 3.64978524590164
74.0499999999971 193 27 2.3210087431694 4.69175300546448
78.1166666666635 193 26 3.244675 5.1016356557377
85.2333333333298 192 26 2.85973676814988 4.75552833723653
86.2499999999964 192 25 2.31101639344262 3.89145081967213
87.266666666663 191 26 2.37865245901639 5.17902459016393
89.2999999999962 190 26 3.02663852459016 6.87313196721311
90.3166666666628 190 25 2.5636131147541 5.84268360655738
96.4166666666625 189 25 2.60147677595628 4.03744535519126
98.4499999999957 188 25 3.09509754098361 2.5048737704918
108.616666666662 188 23 2.38127606557377 1.81993491803279
121.833333333328 187 24 1.55445674653216 0.902291803278689
122.849999999994 185 26 1.28723770491803 0.858534426229508
136.933333333334 185 25 1.39267183431953 0.471861301775148
138.933333333336 184 25 1.10517583333333 0.0900633333333333
142.933333333339 183 26 1.26524916666667 0.09233875
144.933333333341 182 27 1.08230583333333 0.0756833333333333
152.933333333347 181 27 1.104066875 0.099564375
154.933333333349 180 28 1.20291416666667 0.156038333333333
155.93333333335 180 27 1.19230333333333 0.110613333333333
156.93333333335 179 28 1.06887333333333 0.0597383333333333
166.933333333358 178 29 1.55205466666667 0.151929333333333
167.933333333359 177 29 1.177795 0.152716666666667
186.933333333374 177 28 1.3546702631579 0.202894561403509
190.933333333377 177 27 1.11276833333333 0.268125416666667
194.933333333381 176 28 1.13294041666667 0.575985833333333
214.933333333397 176 27 1.15539266666667 0.09897275
215.933333333397 175 28 1.069875 0.0793216666666667
216.933333333398 175 27 1.160405 0.107885
231.93333333341 174 28 1.22286555555555 0.161006333333333
240.933333333417 173 29 1.03862444444444 0.14926537037037
241.933333333418 173 28 1.08086833333333 0.170301666666667
277.28333333341 172 28 1.10767604903347 0.127387223008015
287.450000000067 171 29 1.0250862295082 0.113368196721311
293.550000000062 170 30 1.02115519125683 0.116010655737705
322.016666666702 169 30 1.0426587236534 0.137424707259953
334.216666666691 169 29 1.01405259562842 0.136454918032787
349.466666666678 168 30 1.94621661202186 0.191975300546448
390.133333333307 168 29 2.20334885245901 0.198830860655738
412.499999999954 168 28 1.07510782414307 0.171683308494784
433.849999999934 168 27 1.18006854020297 0.180595940671351
438.933333333263 167 27 1.1108331147541 0.178315409836066
464.349999999906 167 26 1.12024740983607 0.156297639344262
479.599999999892 167 25 1.42388918032787 0.170790710382514
538.566666666506 167 24 1.11564694742793 0.155761616732617
600 167 24 2.742427573233 0.207210292932008
