# New log 28/04/2014 05:38:56
1 224 32 2.410535 10.89984
4.04999999999999 223 32 1.81272786885246 1.68854262295082
5.06666666666665 221 32 3.37037540983606 1.52100327868852
6.08333333333332 219 34 4.81166721311476 1.93968032786885
10.1000000000001 219 33 2.15730995850622 6.56770373443983
11.1000000000001 217 35 1.58293833333333 1.58317
12.1000000000002 217 34 2.12438666666667 3.95152833333333
13.1000000000002 216 35 2.56191833333333 11.1796033333333
14.1000000000003 216 34 2.56347833333333 12.4477233333333
16.1000000000004 214 34 4.28867916666667 10.0128458333333
17.116666666667 214 32 3.33769016393443 11.6406836065574
18.1333333333336 213 33 1.71950163934426 11.3570918032787
20.1666666666668 211 34 1.62576393442623 4.37017131147541
21.1833333333334 211 33 2.23129508196721 8.11034754098361
22.2 211 31 2.23734426229508 8.32777540983607
23.2166666666666 211 30 1.42635901639344 8.54675737704918
24.2333333333332 210 30 1.52083114754098 10.1285098360656
25.2499999999998 210 29 1.42251967213115 10.780931147541
26.2666666666665 209 29 1.50844426229508 12.1324360655738
27.2833333333331 208 28 1.41885737704918 12.4630196721312
29.3166666666663 207 29 1.45770491803279 11.9896983606557
30.3333333333329 206 28 1.74556393442623 12.0751409836066
33.3833333333327 205 28 2.34658961748634 9.31015683060109
34.3999999999993 205 27 2.80810819672131 5.67212295081967
39.4833333333324 204 26 2.28175803278689 6.42036098360656
43.5499999999988 203 27 1.53969754098361 3.05724713114754
47.6166666666652 203 26 1.66086803278689 7.59524795081967
48.6333333333319 202 27 1.88043278688525 10.7220918032787
50.6666666666651 202 26 1.74857704918033 10.6883565573771
51.6833333333317 201 27 1.53136557377049 10.127162295082
54.7333333333315 200 28 1.94767213114754 8.63121693989071
56.7666666666647 200 27 1.57562459016394 10.3949270491803
59.8166666666646 200 26 1.74647322404372 9.60163114754098
62.8666666666644 200 24 2.06190710382514 8.79085245901639
63.883333333331 199 24 2.72576229508197 4.85167704918033
82.18333333333 198 24 1.58263278688525 9.9060364298725
85.2333333333298 197 24 1.66468360655738 5.17477267759563
88.2833333333296 197 23 2.02054043715847 6.16135191256831
91.3333333333294 196 24 1.58620491803279 9.38951202185792
94.3833333333293 195 23 1.53239344262295 10.5243595628415
95.3999999999959 194 24 1.51515409836066 9.61453278688525
96.4166666666625 193 25 1.83159836065574 4.38785901639344
99.4666666666623 192 25 1.51992896174863 6.48266721311475
100.483333333329 192 24 1.49464098360656 9.31939836065574
101.499999999996 192 23 1.58206721311475 10.4824770491803
102.516666666662 191 24 1.72711967213115 10.3644098360656
105.566666666662 191 23 1.75797213114754 8.81727595628415
111.666666666662 191 22 1.96441010928962 7.45717240437159
112.683333333328 191 21 1.4409 7.77464426229508
115.733333333328 190 22 1.48334699453552 6.86898579234973
119.799999999994 189 22 1.57881926229508 5.91388647540984
121.833333333328 189 21 1.50146639344262 6.6023393442623
123.866666666661 189 20 1.49523278688525 8.70043114754098
129.933333333329 189 19 1.5371945054945 8.703625
133.933333333332 189 17 1.50620458333333 3.73095041666667
134.933333333333 188 17 1.37107333333333 2.48638833333333
135.933333333334 187 18 1.4511 2.65759333333333
136.933333333334 186 18 1.41818666666667 2.83652166666667
138.933333333336 185 19 1.3745425 2.44138166666667
160.933333333354 184 20 1.50644371212121 3.02094037878788
179.933333333369 183 20 1.41786342105263 2.37287210526316
183.933333333372 183 19 1.35531958333333 2.10430458333333
184.933333333373 182 19 1.38487166666667 2.09660833333333
187.933333333375 182 18 1.37171055555556 2.11072444444444
199.933333333385 181 19 1.37491416666667 2.11498791666667
200.933333333385 180 20 1.38494333333333 2.12922333333333
208.933333333392 179 21 1.38657291666667 2.13995395833333
223.933333333404 179 20 1.35175833333333 2.368011
238.933333333416 178 20 1.36484733333333 2.56140611111111
247.933333333423 177 21 1.40482444444444 2.59651685185185
273.216666666747 176 22 1.34677119314436 2.54761542518128
282.366666666739 175 23 1.36592550091075 2.66562695810565
284.40000000007 174 24 1.33369590163934 2.67053852459016
308.800000000048 173 25 1.33654706284153 2.79881489071038
322.016666666702 172 25 1.32451122320303 2.76168928121059
338.283333333354 172 24 1.29450081967213 2.44948780737705
354.550000000006 171 25 1.2833756147541 2.07116700819672
359.633333333335 171 24 1.2532937704918 0.991539016393443
361.666666666666 170 25 1.25627131147541 1.04010327868852
363.699999999998 169 26 1.25671803278688 0.801954098360656
365.733333333329 168 26 1.22596229508197 0.966880327868852
372.84999999999 166 28 1.38989906323185 0.877830210772834
406.399999999959 165 29 1.28062757078987 1.07118340784898
409.449999999956 164 30 1.2452131147541 1.38580928961749
411.483333333288 163 29 1.24551475409836 1.0592631147541
414.533333333285 162 30 1.27234808743169 1.32429672131148
418.599999999948 162 29 1.22364057377049 1.55405573770492
420.633333333279 160 31 1.21806721311475 1.38479836065574
423.683333333277 159 31 1.1815868852459 1.35936174863388
427.74999999994 158 32 1.17127704918033 1.21292172131148
428.766666666605 157 32 1.15382950819672 1.18842131147541
442.999999999926 156 32 1.23169718969555 1.03400819672131
453.166666666583 155 33 1.14904442622951 1.00384967213115
455.199999999915 155 32 1.10147704918033 0.950637704918033
458.249999999912 155 31 1.11320163934426 0.964743169398907
461.299999999909 154 32 1.29103442622951 1.02357431693989
470.449999999901 153 33 1.14314954462659 0.999586338797814
475.53333333323 152 34 1.15561180327869 1.0394531147541
494.849999999879 152 33 1.13707178602243 1.10726117342537
498.916666666542 150 34 1.10243770491803 0.963135655737705
509.083333333199 150 33 1.08243245901639 1.11702950819672
512.133333333196 149 33 1.05779234972678 1.26521092896175
520.266666666522 148 34 1.07458647540984 1.69974364754098
528.399999999848 148 33 1.05052110655738 1.52048135245902
539.583333333171 147 33 1.06046393442623 0.983880476900149
543.649999999834 147 32 1.03679549180328 1.07393975409836
559.916666666486 146 33 1.04990788934426 1.16276536885246
571.099999999809 146 32 1.02653785394933 0.751934575260805
573.133333333141 145 32 1.03409016393443 0.810731147540984
600 145 32 1.04306369156041 1.24447079538555
