# New log 28/04/2014 05:42:47
1 224 32 5.82152666666667 1.83802166666667
4.04999999999999 222 31 4.16696721311475 0.628904918032787
6.08333333333332 221 32 5.38531229508197 1.30907049180328
9.10000000000003 221 29 5.59515745856354 1.13291657458564
10.1000000000001 221 28 6.48317 1.48157333333333
11.1000000000001 219 29 7.39228166666667 1.09833666666667
12.1000000000002 219 28 4.71273666666667 1.12826
13.1000000000002 218 26 5.11900166666667 1.13587166666667
14.1000000000003 217 23 5.30303166666667 1.32700666666667
15.1000000000003 217 21 6.44781 1.33883
16.1000000000004 217 19 4.72832833333333 0.891648333333333
19.1500000000002 216 20 4.76566448087432 0.918976502732241
21.1833333333334 215 21 5.96484262295082 1.09177786885246
24.2333333333332 215 20 4.15913497267759 1.34789016393443
27.2833333333331 215 19 4.25609071038251 0.933122950819672
28.2999999999997 215 18 5.57863442622951 0.801331147540984
29.3166666666663 215 17 3.67170163934426 0.610075409836066
31.3499999999995 215 16 3.32611393442623 2.06402540983607
32.3666666666661 214 17 4.75735737704918 2.67093278688525
34.3999999999993 214 16 3.9566262295082 4.78082786885246
35.4166666666659 214 15 5.42083114754098 6.58127049180328
39.4833333333324 214 14 3.63410819672131 7.14116926229508
41.5166666666656 213 15 4.56134508196721 6.65049508196721
48.6333333333319 212 16 3.96433489461358 5.35743044496487
52.6999999999983 212 15 4.47724918032787 6.30784590163934
56.7666666666647 211 16 3.49023647540984 4.14325696721312
69.9833333333306 210 17 3.55440693568726 4.45021488020177
78.1166666666635 209 17 3.86560102459017 5.88383053278689
84.2166666666632 209 16 4.66965655737705 4.50446256830601
85.2333333333298 208 17 6.44760655737705 4.05647540983607
90.3166666666628 208 16 4.46767409836066 4.17396983606557
114.716666666661 208 15 3.16932486338797 4.47347909836066
115.733333333328 208 14 3.2524868852459 4.48703606557377
127.933333333327 208 13 3.13120286885246 4.17467527322404
131.93333333333 207 13 2.74172625 2.63962166666667
134.933333333333 206 12 2.78283166666667 2.085195
138.933333333336 206 11 2.7568275 1.72000041666667
152.933333333347 206 10 2.62133488095238 2.02692416666667
220.933333333401 206 9 2.65229269607844 1.22509963235294
225.933333333405 205 9 2.61353533333333 0.759569
337.266666666689 205 8 2.64751588323354 0.675330224550898
340.316666666686 204 9 2.65913606557377 0.52035956284153
352.516666666675 203 9 2.66992650273224 0.558083333333333
360.650000000001 202 9 2.64029118852459 0.531710655737705
365.733333333329 201 10 2.64244032786885 0.569338032786885
526.366666666517 201 9 2.903134156464 0.659577391575016
572.116666666475 200 10 3.03662010928962 0.67725970856102
600 200 10 3.08927886416861 0.634603161592506
