# New log 28/04/2014 04:12:50
1 224 32 2.23435666666667 0.456248333333333
5.06666666666665 224 30 2.67007868852459 0.530468852459016
6.08333333333332 223 25 4.29263114754098 0.428373770491803
8.09999999999998 221 26 4.21893966942149 0.465152892561984
9.10000000000003 220 25 3.52441166666667 0.576586666666667
10.1000000000001 218 25 3.66699666666667 0.692821666666667
12.1000000000002 218 24 4.16191166666667 0.824243333333333
14.1000000000003 217 24 6.28827333333333 0.9913175
15.1000000000003 215 25 6.62366666666667 4.50877833333333
16.1000000000004 214 24 6.74679 1.68845333333333
17.116666666667 213 24 4.5443606557377 0.910975409836066
18.1333333333336 213 23 7.10911475409836 1.03783442622951
20.1666666666668 213 22 6.30952459016393 1.25696147540984
21.1833333333334 212 22 4.82795081967213 0.892967213114754
22.2 212 21 5.13938196721312 1.10418032786885
24.2333333333332 209 22 7.41525491803279 1.19603524590164
25.2499999999998 208 23 6.02115737704918 1.21018852459016
27.2833333333331 207 24 7.28384508196721 1.00716147540984
31.3499999999995 206 25 6.72422049180328 0.59291762295082
33.3833333333327 206 24 6.77762049180328 0.835854918032787
35.4166666666659 205 25 4.22412704918033 1.19643032786885
36.4333333333325 204 25 3.46115245901639 0.48897868852459
37.4499999999992 203 24 3.39856557377049 0.632434426229508
39.4833333333324 203 23 3.03254344262295 0.700722131147541
42.5333333333322 202 24 3.24229180327869 0.881637704918033
47.6166666666652 200 25 2.5447662295082 0.908222950819672
49.6499999999985 200 24 1.74758278688525 0.597138524590164
51.6833333333317 199 25 2.09919918032787 0.875894262295082
53.7166666666649 199 23 2.14330901639344 1.15380081967213
56.7666666666647 197 24 1.6912262295082 0.641096721311475
59.8166666666646 196 24 1.84191967213115 0.550473770491803
60.8333333333312 195 24 1.70779180327869 0.548247540983607
62.8666666666644 194 25 2.09489016393443 1.44933196721311
68.966666666664 194 24 2.03611803278689 1.38661530054645
72.0166666666639 193 23 1.6221043715847 1.12456666666667
73.0333333333305 192 23 1.82172131147541 1.01926229508197
74.0499999999971 191 24 1.62936721311475 0.856995081967213
75.0666666666637 189 26 1.42573770491803 0.649683606557377
79.1333333333301 188 27 1.60583278688525 0.780877459016393
80.1499999999967 188 26 1.68035901639344 0.912632786885246
82.18333333333 188 25 1.46678032786885 0.893897540983607
84.2166666666632 188 23 1.53936475409836 1.0332737704918
90.3166666666628 187 24 1.91141857923497 0.61610956284153
93.3666666666627 187 23 1.40266393442623 0.451673770491803
97.4333333333291 187 22 1.28014713114754 0.870665573770492
100.483333333329 186 23 1.29266885245902 1.39634371584699
106.583333333329 185 24 1.85593278688525 2.24408852459016
107.599999999995 184 24 2.10916229508197 1.6782
130.93333333333 183 25 2.16285307142857 1.99205292857143
134.933333333333 182 25 2.299385 1.76287083333333
143.93333333334 182 23 2.25379740740741 0.647685740740741
144.933333333341 182 22 2.01743833333333 0.586238333333333
148.933333333344 181 23 2.20841833333333 0.58036625
170.933333333362 180 24 2.11519424242424 0.605516136363636
171.933333333362 180 23 2.03110166666667 0.488618333333333
174.933333333365 179 24 2.16488111111111 0.652789444444444
215.933333333397 178 24 2.00839739837398 0.69112581300813
219.933333333401 178 23 2.2794175 0.784412083333333
220.933333333401 177 24 1.72407666666667 0.166105
225.933333333405 176 25 2.678769 0.428208666666667
228.933333333408 176 24 2.68352222222222 0.53728
236.933333333414 175 24 2.73388958333334 0.494527291666667
243.93333333342 174 25 1.8920280952381 0.294495
248.933333333424 173 25 2.045542 0.398202666666667
253.933333333428 172 26 1.87227466666667 0.335208333333333
256.950000000095 172 25 1.88217569060773 0.359328729281768
265.083333333421 171 26 1.90180245901639 0.341504508196721
281.350000000073 170 27 1.46669743852459 0.24300512295082
284.40000000007 169 28 1.34346775956284 0.177430054644809
288.466666666733 169 27 1.13840573770492 0.250745081967213
290.500000000064 169 26 1.24982786885246 0.225940983606557
292.533333333396 168 27 1.19488278688525 0.237618852459016
293.550000000062 168 25 1.35171147540984 0.37507868852459
294.566666666727 167 26 1.2518131147541 0.82644262295082
296.600000000059 167 25 1.07048032786885 0.696855737704918
298.63333333339 166 26 1.09219016393443 0.178976229508197
306.766666666716 166 25 1.11401598360656 0.151137295081967
314.900000000042 166 24 2.59753852459016 0.447729303278689
327.100000000031 165 24 1.22105942622951 0.577704234972678
351.500000000009 164 25 1.09663483606557 0.520305259562842
352.516666666675 164 24 1.08975901639344 0.606159016393443
354.550000000006 164 23 1.12802950819672 0.520132786885246
378.949999999984 163 24 1.22684118852459 0.468423565573771
385.049999999978 162 24 1.14465027322404 0.441314754098361
395.216666666636 161 24 1.47899508196721 0.489500983606557
401.31666666663 161 23 1.34194726775956 0.479772131147541
408.433333333291 161 22 1.36541592505855 0.523661826697892
409.449999999956 161 21 1.29321475409836 0.388036065573771
410.466666666622 161 20 1.26181475409836 0.431037704918033
411.483333333288 161 19 1.10491639344262 0.532019672131148
440.966666666594 160 20 1.20499649519503 0.168188920293951
470.449999999901 159 21 1.18279604296213 0.154060146975692
472.483333333232 158 21 1.18314344262295 0.109677868852459
492.816666666547 158 20 1.2825781147541 0.212665
500.949999999873 157 21 1.03463360655738 0.167621516393443
501.966666666539 156 22 0.971296721311475 0.0625524590163934
502.983333333205 155 22 0.961303278688525 0.0521459016393443
510.099999999865 155 21 0.991781733021076 0.0776629976580796
529.416666666514 154 21 1.00464788610871 0.0985811906816221
530.43333333318 153 21 1.15487704918033 0.148624590163934
531.449999999845 153 20 1.06733442622951 0.146503278688525
545.683333333166 152 21 1.7006087822014 0.164843208430913
549.749999999829 150 22 1.70905655737705 0.195547131147541
550.766666666494 148 24 1.71238524590164 0.320318032786885
551.78333333316 147 25 2.09670327868852 0.25346393442623
557.883333333155 146 25 1.65964153005465 0.164761475409836
561.949999999818 146 24 0.880245491803278 0.0378836065573771
582.283333333132 145 24 1.02547696721311 0.0668959836065574
584.316666666464 145 23 1.67490081967213 0.165991803278689
590.416666666458 144 23 1.67569234972678 0.152932513661202
600 144 23 0.961924918032787 0.0871786885245902
