# New log 28/04/2014 04:09:33
1 224 32 5.30025333333334 1.61305833333333
3.03333333333333 224 31 3.48316393442623 0.616569672131148
4.04999999999999 224 29 3.46631147540984 0.569322950819672
5.06666666666665 224 25 3.89802459016393 0.452103278688525
6.08333333333332 224 24 3.66225245901639 0.928777049180328
8.09999999999998 224 22 3.64685950413223 0.531296694214876
9.10000000000003 223 21 4.09091833333333 0.472791666666667
12.1000000000002 222 21 5.65045111111111 0.734085555555556
13.1000000000002 222 20 6.80212666666667 0.775086666666667
14.1000000000003 222 18 11.3214283333333 0.981465
15.1000000000003 221 19 7.185525 1.41677833333333
22.2 220 18 6.43892863849765 0.613673943661972
23.2166666666666 218 19 5.87165901639344 0.31744262295082
24.2333333333332 218 18 6.07953606557377 0.409113114754098
25.2499999999998 218 17 5.98669672131147 0.434149180327869
27.2833333333331 218 16 7.04610901639345 0.442330327868852
34.3999999999993 218 15 5.08889180327869 1.20596861826698
35.4166666666659 218 14 5.19646065573771 0.939154098360656
36.4333333333325 218 13 5.25634918032787 0.710273770491803
38.4666666666658 218 12 5.55379590163935 0.675362295081967
48.6333333333319 218 11 5.15253016393443 1.56331819672131
49.6499999999985 217 12 4.23622950819672 1.88418524590164
51.6833333333317 217 11 3.72494754098361 1.76932295081967
54.7333333333315 216 11 3.23170273224044 2.46821202185792
58.7999999999979 215 11 3.91518319672131 4.42795245901639
61.8499999999978 214 12 3.81028032786885 3.50451912568306
65.9166666666642 213 13 3.5359381147541 1.87522581967213
69.9833333333306 213 12 3.81002172131148 2.05346516393443
72.0166666666639 213 11 3.73632786885246 2.30021885245902
76.0833333333303 212 11 3.58467172131148 2.76299631147541
77.0999999999969 211 12 4.10460983606557 2.50180327868852
83.1999999999966 210 13 2.88278442622951 2.00072486338798
92.349999999996 209 14 2.97612422586521 1.6642043715847
98.4499999999957 208 14 2.74275464480874 1.50916475409836
100.483333333329 208 13 2.83728032786885 0.764408196721312
101.499999999996 207 14 3.38642459016393 0.750344262295082
103.533333333329 206 14 2.70651393442623 0.657274590163934
106.583333333329 206 13 3.27413715846995 0.990709289617486
109.633333333328 204 15 3.24730109289617 1.19066994535519
110.649999999995 204 14 2.56756065573771 1.29991475409836
113.699999999995 204 13 2.64050546448088 1.4969
115.733333333328 203 13 2.56457868852459 1.24475819672131
117.766666666661 202 13 2.56809426229508 1.29575737704918
126.916666666661 201 14 2.88549635701275 1.5780058287796
131.93333333333 200 15 2.52116810631229 3.14539833887043
135.933333333334 199 15 2.48273666666667 3.62707166666667
187.933333333375 199 14 2.4742683974359 0.735375096153846
224.933333333404 198 15 2.35063887387388 0.516548783783784
228.933333333408 197 15 2.35224416666667 0.688825
233.933333333412 197 14 2.332106 0.722358
247.933333333423 197 13 2.35464821428572 0.7227725
269.150000000084 197 12 2.42574619010212 0.961172741555381
280.333333333407 197 11 2.37698137108793 0.432423994038748
310.833333333379 197 10 2.47033606557377 0.602857158469945
356.583333333338 196 11 2.52659661202186 0.178846010928962
374.883333333321 195 12 2.35326329690346 0.087146174863388
401.31666666663 195 11 2.51509457755359 0.133782597730139
417.583333333282 195 10 2.75264795081968 0.239663319672131
420.633333333279 195 9 3.04288633879781 0.191147540983607
432.833333333268 194 10 2.44688005464481 0.195476229508197
437.916666666597 194 9 2.70635540983607 0.156289836065574
457.233333333246 193 9 2.41092752372735 0.110537963761864
599.56666666645 193 8 2.52003892271662 0.150839765807963
600 193 8 2.84397868852459 0.128227868852459
