# New log 28/04/2014 04:05:41
1 224 32 2.38092666666667 8.80521333333333
4.04999999999999 224 30 1.81251366120219 0.873874316939891
6.08333333333332 223 31 2.94476147540984 2.14909344262295
7.09999999999998 222 32 2.41961967213115 0.727270491803279
10.1000000000001 221 33 2.22781888888889 0.886802222222222
11.1000000000001 221 32 2.738625 1.19612333333333
13.1000000000002 221 30 2.61294583333333 2.37882583333333
14.1000000000003 220 31 2.50112666666667 2.33597333333333
16.1000000000004 220 30 2.2817175 1.60702083333333
17.116666666667 219 30 2.66170491803279 1.36158524590164
18.1333333333336 219 29 1.62502131147541 1.67722295081967
19.1500000000002 219 28 1.69460983606557 1.68176229508197
20.1666666666668 218 27 1.70974262295082 1.17758524590164
24.2333333333332 217 28 1.68082868852459 1.35988073770492
26.2666666666665 216 29 1.57924098360656 1.65061147540984
28.2999999999997 215 30 1.96707786885246 3.59284918032787
34.3999999999993 215 29 3.19110792349727 2.20881557377049
35.4166666666659 214 30 1.82858196721311 5.35379672131148
37.4499999999992 214 29 1.70628852459016 8.17271475409836
45.583333333332 213 30 1.79774774590164 9.02786885245902
49.6499999999985 213 29 1.94535204918033 10.1841606557377
59.8166666666646 213 28 1.70154557377049 10.0078631147541
65.9166666666642 212 28 1.65768224043716 9.62271174863388
69.9833333333306 211 29 1.56271229508197 10.318112704918
72.0166666666639 210 30 1.54651967213115 10.5203295081967
73.0333333333305 210 29 1.58063770491803 9.86175245901639
75.0666666666637 209 27 1.5236237704918 9.6857893442623
79.1333333333301 208 27 1.5218737704918 9.73961147540984
88.2833333333296 207 28 1.53110692167577 9.5366218579235
91.3333333333294 206 29 1.59355519125683 6.19642021857923
92.349999999996 206 28 1.55734262295082 6.80665409836066
93.3666666666627 205 29 1.54627868852459 4.9645131147541
94.3833333333293 204 30 1.48076065573771 4.14098360655738
97.4333333333291 203 30 1.42100273224044 4.9129737704918
98.4499999999957 202 30 1.47705901639344 5.1386131147541
101.499999999996 201 30 1.52845628415301 5.48754316939891
106.583333333329 200 30 1.53932524590164 8.00088754098361
107.599999999995 199 30 1.48145081967213 9.41880655737705
108.616666666662 198 30 1.4382262295082 9.66410327868853
109.633333333328 197 30 1.50310491803279 9.64167540983606
112.683333333328 197 29 1.41097322404372 8.00681639344262
113.699999999995 197 28 1.58272295081967 6.71548196721312
115.733333333328 196 29 1.55601557377049 6.6016762295082
117.766666666661 195 30 1.46603524590164 5.30610081967213
123.866666666661 194 30 1.53270846994536 4.66572841530055
127.933333333327 194 29 1.44866680327869 3.91616885245902
128.933333333328 194 28 1.660325 6.42250333333333
132.933333333331 194 27 1.40558833333333 5.08042083333333
133.933333333332 193 28 1.39387 6.207975
134.933333333333 192 28 1.383095 6.47726333333333
136.933333333334 192 27 1.44920083333333 6.99088333333333
139.933333333337 191 28 1.45069666666667 8.10602166666667
150.933333333346 191 27 1.50825181818182 6.96359303030303
156.93333333335 189 27 1.45563361111111 3.57580472222222
157.933333333351 189 26 1.37899166666667 3.06542666666667
158.933333333352 189 25 1.506905 2.19178666666667
159.933333333353 188 26 1.48947666666667 2.77875333333333
164.933333333357 188 25 1.35366666666667 2.67311966666667
165.933333333358 187 25 1.41988666666667 2.38041333333333
169.933333333361 187 24 1.42075541666667 2.42458
177.933333333367 187 23 1.40727458333333 2.68481520833333
182.933333333371 186 24 1.37907333333333 2.31552566666667
183.933333333372 185 25 1.38387166666667 2.61920666666667
189.933333333377 184 25 1.38132972222222 2.65166777777778
195.933333333381 184 24 1.35101166666667 2.25319805555556
198.933333333384 184 23 1.40678055555556 2.08476666666667
219.933333333401 184 22 1.40444579365079 2.46002626984127
234.933333333412 184 21 1.37655911111111 2.52305688888889
244.93333333342 184 20 1.45476766666667 2.419173
245.933333333421 184 19 1.37431333333333 2.338275
250.933333333425 183 20 1.46018933333333 2.52660733333333
254.933333333428 182 21 1.37115291666667 2.496365
257.966666666761 181 22 1.33329395604396 2.31934120879121
258.983333333426 181 21 1.5176131147541 2.5561
260.000000000092 180 22 1.31542295081967 2.4550393442623
264.066666666755 179 22 1.31310327868852 2.30462991803279
267.116666666752 178 22 1.30868852459016 2.01520655737705
268.133333333418 177 23 1.29387540983607 1.84350163934426
269.150000000084 176 24 1.30062459016393 2.11129508196721
276.266666666744 175 24 1.44370608899297 2.17924051522248
285.416666666736 175 23 1.45896703096539 2.43693606557377
287.450000000067 174 23 1.30310737704918 2.6434737704918
302.700000000053 173 24 1.29451770491803 2.70550612021858
317.950000000039 173 23 1.25887169398907 1.99018469945355
323.033333333368 172 23 1.26320196721312 1.91340065573771
324.050000000034 171 24 1.24515737704918 1.99140655737705
341.333333333352 171 23 1.26512054001928 1.89328206364513
372.84999999999 171 22 1.28458392384981 2.12527350608144
380.983333333316 171 21 1.25070081967213 2.55411823770492
416.566666666616 170 22 1.24873081967213 2.23124084309134
421.649999999945 169 23 1.22592491803279 1.95030032786885
424.699999999942 168 23 1.19855245901639 2.08224371584699
433.849999999934 167 24 1.19328488160292 2.07713315118397
434.8666666666 166 22 1.16635737704918 2.25469180327869
439.949999999929 166 21 1.18452 2.41576983606557
442.999999999926 165 22 1.18037049180328 1.98006284153006
444.016666666592 164 22 1.14389344262295 2.11509836065574
456.21666666658 163 23 1.14326516393443 2.17931420765027
463.333333333241 162 24 1.14198056206089 2.26783817330211
468.416666666569 162 23 1.13051508196721 2.10843409836066
473.499999999898 161 23 1.18187868852459 2.18372819672131
474.516666666564 160 24 1.13787213114754 2.02946557377049
475.53333333323 159 25 1.14164754098361 2.07050327868852
478.583333333227 158 25 1.1249218579235 2.06619180327869
481.633333333224 157 26 1.13066120218579 2.09594754098361
510.099999999865 156 26 1.13272271662763 2.12856756440281
511.11666666653 155 27 1.12876393442623 2.10348196721311
540.599999999837 154 27 1.13306139061617 2.23578355002826
547.716666666497 154 26 1.13407096018735 1.77552201405152
570.083333333144 154 25 1.13791766020864 1.66764746646796
600 154 25 1.16190486338798 1.63487262295082
