# New log 28/04/2014 03:59:50
1 224 32 5.75130166666667 3.41936666666667
3.03333333333333 223 33 3.44950573770492 0.411046721311475
4.04999999999999 222 30 4.2526 1.14893278688525
5.06666666666665 220 30 5.42909344262295 0.840160655737705
6.08333333333332 220 27 4.76352295081967 0.97955737704918
7.09999999999998 220 25 5.12939672131148 1.43708196721311
8.09999999999998 219 23 4.91074833333333 1.38582833333333
10.1000000000001 217 23 4.44359083333333 1.11650833333333
11.1000000000001 216 22 5.06689166666667 2.19412333333333
12.1000000000002 216 19 4.70264166666667 1.30221833333333
14.1000000000003 215 19 7.29070916666667 1.1409625
18.1333333333336 215 17 7.45760041322314 1.14334338842975
19.1500000000002 214 17 7.01369016393443 0.97034262295082
20.1666666666668 214 15 6.76933606557377 1.81436557377049
23.2166666666666 214 14 9.44062896174863 1.58921420765027
24.2333333333332 213 15 8.91881967213115 1.73011967213115
27.2833333333331 212 16 7.90176885245902 1.36161420765027
28.2999999999997 211 17 7.48754590163935 1.41973442622951
31.3499999999995 211 16 6.6612174863388 1.33127103825137
36.4333333333325 209 18 7.22705344262295 1.60681344262295
52.6999999999983 208 17 5.70593319672131 1.64934784836066
56.7666666666647 208 16 3.6791012295082 2.12765942622951
58.7999999999979 207 17 4.10586803278689 2.60422131147541
61.8499999999978 206 17 4.5288131147541 2.51809234972678
67.9499999999974 205 18 4.62412049180328 1.53856147540984
68.966666666664 205 17 3.99163442622951 1.74457704918033
69.9833333333306 204 17 4.34310491803279 1.74601639344262
70.9999999999973 203 17 3.07361967213115 1.42425245901639
74.0499999999971 203 16 3.1506650273224 2.0136956284153
75.0666666666637 203 15 4.53409180327869 2.8683
86.2499999999964 203 14 3.01549836065574 1.83329836065574
127.933333333327 203 13 2.84449708116753 0.433983406637345
128.933333333328 202 14 2.67719166666667 0.203103333333333
134.933333333333 202 13 2.68380055555556 0.170154166666667
137.933333333335 201 14 2.63857555555555 0.491599444444444
149.933333333345 199 15 2.66215569444444 0.478512222222222
154.933333333349 197 17 2.72764966666667 0.667863666666667
155.93333333335 196 18 2.78373833333333 0.819661666666667
156.93333333335 196 16 2.661515 0.765468333333333
159.933333333353 195 17 2.58116722222222 0.965211666666667
162.933333333355 194 17 2.626905 0.903748333333333
165.933333333358 192 18 2.64895277777778 1.03216111111111
167.933333333359 191 19 2.53571416666667 1.09611083333333
170.933333333362 190 20 2.54857277777778 0.966058888888889
192.933333333379 190 19 2.55083757575757 1.00860893939394
194.933333333381 189 20 3.1981475 1.2718325
205.933333333389 189 19 2.72804090909091 1.33200242424242
208.933333333392 188 20 2.53606333333333 1.32355333333333
212.933333333395 187 20 2.55067458333333 1.33384791666667
215.933333333397 186 21 2.44920833333333 1.27636666666667
232.933333333411 186 20 2.44869852941177 1.07529705882353
233.933333333412 186 19 2.43727666666667 0.819958333333333
241.933333333418 186 18 2.46130145833333 0.673065208333333
253.933333333428 185 19 2.45632458333333 0.496991388888889
255.933333333429 184 20 2.43127916666667 0.194574166666667
256.950000000095 182 21 3.35231803278688 0.349665573770492
257.966666666761 181 22 2.53209016393443 0.346993442622951
277.28333333341 180 22 2.40533209663503 0.307851768766178
286.433333333401 179 22 2.45427777777778 0.289593624772313
295.583333333393 179 21 2.51305664845173 0.598935701275045
299.650000000056 178 22 2.42129139344262 0.55339631147541
408.433333333291 177 23 2.49266391910525 0.443973770491803
410.466666666622 177 22 2.44717131147541 0.0421770491803279
447.066666666589 177 21 2.45627463570127 0.0466002276867031
459.266666666578 177 20 2.50036666666667 0.0436937158469945
460.283333333243 176 21 2.5100131147541 0.00850327868852459
479.599999999892 176 20 2.48521173425367 0.0563056082830026
490.783333333216 176 19 2.45710611028316 0.0519037257824143
492.816666666547 176 18 2.56996557377049 0.0852967213114754
493.833333333213 176 17 2.63434918032787 0.103091803278689
502.983333333205 176 16 2.5127262295082 0.0562322404371585
564.999999999815 176 15 2.5931792797635 0.107073716742811
577.199999999804 175 15 2.51406557377049 0.0536191256830601
600 175 14 2.54984269422665 0.0888413399857448
