# New log 28/04/2014 04:03:19
1 224 32 2.82915166666667 1.605435
4.04999999999999 223 32 2.21091639344262 1.00008415300546
5.06666666666665 222 31 2.12914590163934 1.65917540983607
6.08333333333332 219 30 2.07322950819672 0.198027868852459
7.09999999999998 219 28 4.25875409836065 0.429245901639344
8.09999999999998 218 27 4.106905 1.31498166666667
9.10000000000003 214 27 3.47360333333333 0.628733333333333
11.1000000000001 213 27 3.88707916666667 0.680206666666667
12.1000000000002 213 25 5.57042333333333 1.692605
13.1000000000002 212 25 5.430085 2.04323166666667
15.1000000000003 212 24 6.43570416666667 0.791775833333333
17.116666666667 211 23 7.40679752066116 0.863836363636364
18.1333333333336 210 23 4.93659836065574 0.794949180327869
20.1666666666668 210 22 4.67070901639344 0.897559836065574
21.1833333333334 210 21 7.26516393442623 1.08056885245902
24.2333333333332 209 22 5.87505245901639 0.881139890710383
25.2499999999998 208 22 4.66047704918033 0.681231147540984
26.2666666666665 207 23 4.30430327868852 0.743109836065574
28.2999999999997 205 24 6.10940409836066 0.909986885245902
29.3166666666663 203 24 6.21358360655738 1.14717704918033
31.3499999999995 202 25 6.27829344262295 1.03315081967213
33.3833333333327 201 24 4.52870491803279 0.883470491803279
34.3999999999993 201 23 3.52784918032787 0.54543606557377
36.4333333333325 200 24 3.00651803278689 0.892545901639344
37.4499999999992 199 25 2.96148852459016 0.629829508196721
40.499999999999 199 24 3.25043770491803 0.825741530054645
41.5166666666656 199 23 2.73418524590164 0.893247540983607
42.5333333333322 199 22 2.80752786885246 1.01615573770492
44.5666666666654 198 23 3.88203524590164 1.8827868852459
48.6333333333319 198 22 4.54343360655738 2.40654426229508
51.6833333333317 197 23 4.75581967213115 1.64199508196721
52.6999999999983 197 22 3.23958360655738 1.08097704918033
53.7166666666649 195 23 2.44820655737705 0.874840983606557
56.7666666666647 195 22 2.71995081967213 1.55748032786885
60.8333333333312 195 21 2.47295245901639 1.13659303278689
61.8499999999978 195 20 2.37866721311475 1.39576229508197
62.8666666666644 194 20 2.38035737704918 1.76335901639344
63.883333333331 194 19 2.64657704918033 2.87685245901639
67.9499999999974 194 18 2.48225409836066 3.65088114754098
68.966666666664 194 17 2.50668196721312 2.82667540983607
69.9833333333306 193 16 2.88613114754098 1.58103606557377
70.9999999999973 192 17 2.75680327868853 1.60217704918033
74.0499999999971 192 16 2.52567650273224 1.91302732240437
76.0833333333303 192 15 2.66822459016393 1.95378032786885
77.0999999999969 192 14 2.02623114754098 1.6377
81.1666666666633 191 15 2.55009959016393 2.56309590163934
83.1999999999966 190 16 2.02037868852459 2.50084918032787
86.2499999999964 189 17 1.84540491803279 1.98350382513661
88.2833333333296 186 20 1.99075983606557 2.91153852459016
89.2999999999962 185 20 2.0610393442623 2.58520163934426
90.3166666666628 184 20 1.78258360655738 5.06807868852459
91.3333333333294 182 22 1.98656721311475 1.83637540983607
97.4333333333291 180 23 1.7243150273224 1.55993879781421
104.549999999995 180 22 1.562518735363 0.961533255269321
117.766666666661 180 21 1.2465131147541 1.06479634300126
118.783333333328 179 22 1.16140163934426 0.859944262295082
121.833333333328 178 23 1.19055519125683 0.69902349726776
127.933333333327 177 23 1.25911147540984 1.2333825136612
131.93333333333 176 24 1.26609916666667 2.11254375
139.933333333337 174 25 1.21015708333333 1.00233395833333
141.933333333338 173 25 1.25528416666667 1.04409666666667
147.933333333343 173 24 1.19565444444444 1.69976833333333
148.933333333344 172 25 1.15111666666667 1.70434
187.933333333375 172 24 1.07716807692308 0.796864444444444
189.933333333377 172 23 1.092765 0.0126216666666667
190.933333333377 172 22 1.08358 0.143153333333333
191.933333333378 171 22 1.09401666666667 0.255401666666667
205.933333333389 171 21 1.05261095238095 0.567752619047619
218.9333333334 171 20 1.16595384615385 0.183616666666667
220.933333333401 171 19 1.22042416666667 0.04793
221.933333333402 171 18 1.07330166666667 0.03096
222.933333333403 170 19 1.01852833333333 0.00651333333333333
261.016666666758 169 19 1.04249496717724 0.0193084463894967
273.216666666747 169 18 1.05228620218579 0.0216534153005464
277.28333333341 168 19 1.02095778688525 0.012072131147541
284.40000000007 168 18 0.996699531615925 0.0156175644028103
296.600000000059 167 18 1.01358401639344 0.0137277322404372
297.616666666725 166 17 0.993247540983607 0.082055737704918
303.716666666719 165 18 1.01051639344262 0.0380562841530055
308.800000000048 163 19 1.01798098360656 0.0327947540983607
312.866666666711 162 20 1.00519549180328 0.0352360655737705
322.016666666702 162 19 1.01367650273224 0.0307291438979964
367.766666666661 162 18 1.0590370856102 0.0281733333333333
370.816666666658 161 19 1.00338961748634 0.00938633879781421
379.96666666665 160 19 0.987031511839708 0.00988506375227687
388.099999999976 160 18 0.999256352459016 0.0449229508196721
421.649999999945 159 18 1.03508842523597 0.0342171882762047
428.766666666605 158 19 1.60903419203747 0.0449655737704918
446.049999999923 157 20 1.30267290260367 0.0517534233365477
463.333333333241 156 21 1.06708707810993 0.0235054966248795
485.699999999887 156 20 1.14538554396423 0.0424574515648286
554.833333333157 155 20 1.1401512295082 0.0453175024108004
600 155 20 0.987200072859745 0.0231221493624772
