# New log 28/04/2014 03:55:27
1 224 32 2.40118666666667 10.6523566666667
4.04999999999999 224 31 2.00101912568306 1.45332677595628
5.06666666666665 224 29 3.05501639344262 2.11662295081967
6.08333333333332 223 30 2.69320327868853 1.28825409836066
8.09999999999998 221 31 2.74553801652893 1.55970743801653
10.1000000000001 219 33 2.6835625 3.10078833333333
13.1000000000002 218 34 2.88981055555555 3.24519166666667
15.1000000000003 217 35 2.77254166666667 3.65830916666667
16.1000000000004 217 33 2.21185 4.958845
18.1333333333336 217 31 2.04973606557377 4.3623262295082
20.1666666666668 217 30 2.99165901639344 4.41205245901639
21.1833333333334 217 29 2.93374426229508 1.8807131147541
23.2166666666666 217 26 2.82196147540984 3.4173893442623
24.2333333333332 217 25 2.13587868852459 7.86415901639344
25.2499999999998 217 24 2.16477049180328 8.88629344262295
32.3666666666661 215 26 1.93331077283373 9.4020606557377
33.3833333333327 215 25 1.70990983606557 5.59757868852459
36.4333333333325 214 26 1.80935901639344 10.3452573770492
37.4499999999992 213 27 1.6979262295082 11.1899163934426
39.4833333333324 213 25 1.63059426229508 11.4903278688525
40.499999999999 213 24 1.81945409836066 9.82922786885246
42.5333333333322 213 23 1.94511147540984 6.50034836065574
43.5499999999988 213 22 1.96729508196721 5.99358196721311
44.5666666666654 212 23 1.76759672131148 6.1891737704918
49.6499999999985 211 24 1.9447937704918 7.55812032786885
50.6666666666651 210 24 1.66882786885246 6.99199180327869
51.6833333333317 210 23 1.82063770491803 7.48166557377049
53.7166666666649 210 22 1.83825573770492 6.87428852459016
60.8333333333312 209 23 2.03954098360656 9.60207822014052
65.9166666666642 208 23 2.49017442622951 10.9714954098361
67.9499999999974 207 24 1.96594262295082 9.81523442622951
76.0833333333303 207 23 1.78460963114754 8.76497110655738
78.1166666666635 206 23 2.07311885245902 8.97729016393443
82.18333333333 205 23 1.73684836065574 6.57301393442623
89.2999999999962 204 24 1.60644168618267 3.8659299765808
90.3166666666628 204 23 1.64465737704918 2.60352950819672
91.3333333333294 203 23 1.63236885245902 2.67965245901639
97.4333333333291 202 22 1.58065710382514 3.49918879781421
98.4499999999957 202 21 1.70435081967213 6.22007540983607
113.699999999995 201 22 2.68964524590164 9.70567322404372
116.749999999995 201 21 2.51249617486339 7.91532732240437
117.766666666661 201 20 1.8899262295082 6.22147704918033
120.816666666661 200 20 2.15948415300546 5.67314699453552
131.93333333333 200 19 1.6247443778111 4.67311859070465
132.933333333331 199 20 1.60369833333333 4.71702333333333
133.933333333332 198 21 1.56580166666667 5.04592
142.933333333339 198 20 1.60304555555556 5.39570166666667
143.93333333334 197 21 1.63976333333333 5.68874166666667
144.933333333341 195 23 1.58158166666667 4.86185666666667
154.933333333349 195 22 1.60420816666667 6.77162966666667
186.933333333374 195 21 1.59777953125 6.26188145833333
200.933333333385 195 20 1.67514607142857 4.88951190476191
201.933333333386 194 21 1.53917333333333 4.61369166666667
215.933333333397 193 22 1.5887044047619 6.43468607142857
219.933333333401 191 23 1.54634583333333 5.72044333333333
221.933333333402 190 24 1.54277666666667 4.31741
226.933333333406 189 24 1.48626033333333 3.17582433333333
264.066666666755 189 23 1.48102989228007 3.10749524236984
274.233333333413 188 23 1.50360639344262 3.10252065573771
281.350000000073 187 24 1.46586791569087 3.10640046838407
295.583333333393 187 23 1.4778200234192 3.66410128805621
303.716666666719 186 24 1.43761536885246 4.37148094262295
307.783333333382 185 25 1.41577581967213 3.12313237704918
361.666666666666 184 25 1.44949721620786 1.77791660995979
367.766666666661 184 24 1.3842 1.21273278688525
386.066666666644 183 24 1.40160364298725 1.21931693989071
432.833333333268 183 23 1.40868267997149 1.43189857448325
452.149999999917 183 22 1.39932812769629 1.57237359792925
455.199999999915 183 21 1.46103715846994 1.58439071038251
514.166666666528 182 22 1.44567184850198 1.52542167891464
576.183333333138 181 22 1.41893915614082 1.5810993012631
600 181 22 1.39972868852459 1.56491195355191
