# New log 28/04/2014 07:08:10
1 224 32 2.34868166666667 10.4624066666667
3.03333333333333 224 30 1.60206885245902 1.20089590163934
6.08333333333332 222 30 2.36913661202186 1.51635683060109
8.09999999999998 221 31 1.78521983471074 1.19306446280992
10.1000000000001 220 32 2.41158666666667 1.97017083333333
11.1000000000001 220 31 2.25277 7.7174
12.1000000000002 219 31 3.18458666666667 7.15041666666667
13.1000000000002 217 31 2.62351166666667 7.41568833333333
15.1000000000003 215 31 2.29989583333333 8.32176416666667
16.1000000000004 215 30 1.82282333333333 10.37997
19.1500000000002 214 30 2.22139508196721 9.24682076502732
21.1833333333334 214 29 2.05179180327869 10.5001213114754
22.2 213 29 1.72109836065574 10.6491459016393
23.2166666666666 213 28 1.76232786885246 10.6222098360656
24.2333333333332 212 28 1.83310327868853 10.323593442623
26.2666666666665 211 28 1.82907540983607 10.5766262295082
27.2833333333331 211 27 1.59789016393443 10.7284196721312
28.2999999999997 209 29 1.72409508196721 10.5823213114754
29.3166666666663 207 30 2.20080819672131 10.4688590163934
34.3999999999993 206 30 2.58071606557377 7.91122524590164
38.4666666666658 206 29 1.51093360655738 12.4120143442623
43.5499999999988 205 29 1.64342459016393 10.8260154098361
46.5999999999986 205 28 2.18820218579235 9.39344972677596
49.6499999999985 204 28 1.9394174863388 3.63673551912568
53.7166666666649 204 27 1.75190860655738 4.90235040983607
54.7333333333315 204 26 1.52579016393443 6.29214918032787
55.7499999999981 204 25 1.56201475409836 7.29661967213115
73.0333333333305 204 24 1.85938389585342 6.13603432979749
78.1166666666635 203 24 1.52871836065574 1.34349606557377
79.1333333333301 203 23 2.23581475409836 1.9100262295082
81.1666666666633 203 22 1.42929180327869 1.6254237704918
83.1999999999966 200 23 1.80990081967213 2.25828278688525
89.2999999999962 199 23 1.50493497267759 2.28465054644809
90.3166666666628 198 24 1.63928360655738 2.03329344262295
92.349999999996 197 25 1.47835409836066 5.28266393442623
96.4166666666625 196 25 1.4775106557377 10.6084446721311
97.4333333333291 196 24 1.59463114754098 11.0542442622951
102.516666666662 195 25 1.58374590163934 5.24356131147541
103.533333333329 195 24 1.44825901639344 11.6843508196721
104.549999999995 194 25 1.42242459016393 11.7584508196721
107.599999999995 192 25 1.42167923497268 9.04402295081967
108.616666666662 191 26 1.48785409836066 11.4230590163934
115.733333333328 190 27 1.44719555035129 7.4839662763466
121.833333333328 190 26 1.41849180327869 6.48431174863388
125.899999999994 189 27 1.37584754098361 2.96640860655738
126.916666666661 188 28 1.45402950819672 2.17650163934426
128.933333333328 187 29 1.34337024793388 2.05129917355372
129.933333333329 187 28 1.39723833333333 2.32481
131.93333333333 187 27 1.51624416666667 2.33577
132.933333333331 186 27 1.65589666666667 2.292385
138.933333333336 185 27 1.35222472222222 2.05970027777778
140.933333333338 184 28 1.3021225 1.73162
156.93333333335 184 27 1.36807770833333 2.03080364583333
167.933333333359 183 27 1.33385454545455 2.97869696969697
181.93333333337 182 27 1.43113071428571 3.45893869047619
187.933333333375 182 25 1.30226472222222 3.54950111111111
195.933333333381 181 24 1.44223020833333 3.9215075
197.933333333383 180 24 1.48045083333333 4.20741833333333
198.933333333384 180 23 1.38638166666667 4.02296333333333
199.933333333385 180 22 1.27205666666667 4.06575833333333
200.933333333385 179 22 1.299225 4.00416833333333
201.933333333386 179 21 1.26395166666667 4.04964666666667
202.933333333387 176 23 1.29203666666667 4.085475
205.933333333389 175 23 1.24785222222222 3.99975388888889
206.93333333339 174 23 1.23119 4.17512833333333
207.933333333391 174 22 1.31561666666667 4.36462166666667
208.933333333392 173 23 1.22620666666667 4.5192
211.933333333394 172 24 1.24981722222222 4.57028444444444
216.933333333398 171 25 1.27623333333333 4.25399433333333
218.9333333334 171 24 1.20165083333333 4.06174916666667
220.933333333401 170 25 1.24996083333333 4.37450666666667
221.933333333402 170 24 1.19700333333333 4.316015
225.933333333405 169 25 1.19827541666667 4.33300041666667
228.933333333408 168 25 1.26429833333333 3.90996277777778
229.933333333408 168 24 1.18596333333333 3.88777666666667
233.933333333412 168 23 1.54610416666667 3.83818416666667
234.933333333412 168 22 1.33024333333333 3.83507833333333
235.933333333413 167 22 1.193935 3.80562666666667
237.933333333415 165 22 1.15746083333333 4.09825333333333
240.933333333417 164 23 1.17064944444445 4.905365
251.933333333426 163 24 1.17917712121212 4.79681621212121
254.933333333428 162 25 1.20573833333333 4.56823055555556
257.966666666761 161 25 1.1607010989011 4.44433241758242
264.066666666755 161 24 1.14844344262295 4.35189071038251
270.16666666675 161 23 1.14093169398907 4.18383032786885
279.316666666741 160 24 1.1608868852459 4.73305755919854
283.383333333404 160 23 1.15821598360656 6.23813893442623
287.450000000067 160 22 1.11527213114754 4.45225737704918
289.483333333399 159 22 1.11403606557377 4.79654262295082
290.500000000064 158 22 1.11741147540984 4.49134590163934
291.51666666673 158 21 1.16068524590164 5.41997540983607
300.666666666722 156 22 1.18990564663024 5.47920965391621
315.916666666708 155 22 1.11036480874317 4.84653049180328
318.966666666705 154 22 1.0784693989071 3.85493278688525
322.016666666702 154 21 1.06367049180328 3.53116775956284
334.216666666691 153 21 1.05600928961749 3.13123428961749
342.350000000017 153 20 1.04659528688525 2.62573135245902
350.483333333343 153 19 1.04793381147541 2.51698545081967
357.600000000003 152 19 1.04514262295082 2.7246793911007
370.816666666658 151 19 1.08152698612863 2.80444653215637
379.96666666665 151 18 1.06261147540984 3.04415555555556
385.049999999978 151 16 1.02430983606557 2.58666098360656
392.166666666639 150 16 1.03339765807963 2.82906651053864
398.266666666633 149 16 1.01427650273224 2.98892404371585
419.616666666614 148 17 1.01753676814988 3.43980491803279
446.049999999923 147 17 1.01628694829761 3.44620277427491
450.116666666586 146 17 0.995130737704918 3.34933278688525
463.333333333241 146 16 0.99178499369483 3.25676696090794
525.349999999851 145 16 1.01203321687718 2.93302289707068
596.516666666453 145 15 0.983494426229509 2.99394803278689
600 145 15 0.997248770491804 3.18432581967213
