# New log 28/04/2014 07:17:04
1 224 32 2.56208833333333 0.989568333333333
4.04999999999999 224 30 3.05911912568306 0.921329508196721
5.06666666666665 224 27 4.6593 0.698259016393443
6.08333333333332 224 24 3.30391147540984 1.89564754098361
7.09999999999998 224 23 3.85035737704918 0.986403278688525
8.09999999999998 224 22 6.60265666666667 1.071675
10.1000000000001 224 21 7.49771333333334 1.23309166666667
11.1000000000001 224 20 3.06566666666667 0.791415
13.1000000000002 223 19 4.14940583333333 0.882865
15.1000000000003 222 18 2.9143725 1.07181
16.1000000000004 221 19 3.51589333333333 1.10315666666667
18.1333333333336 219 19 3.50790901639344 1.14897213114754
19.1500000000002 219 18 4.80324754098361 1.28452131147541
20.1666666666668 218 19 5.28268032786885 0.801450819672131
21.1833333333334 218 18 5.10946065573771 1.51086229508197
22.2 217 19 5.08248524590164 0.425336065573771
23.2166666666666 217 18 5.84218524590164 0.939870491803279
30.3333333333329 217 17 6.53722576112412 1.1391337236534
31.3499999999995 217 16 9.7443524590164 1.98868852459016
36.4333333333325 217 15 9.26906852459017 2.38211278688525
38.4666666666658 217 14 8.66893442622951 3.17472950819672
41.5166666666656 216 15 9.20870655737705 2.58887978142077
42.5333333333322 215 16 10.661962295082 2.57666885245902
44.5666666666654 213 18 11.7209885245902 2.56940573770492
45.583333333332 212 19 11.6758672131148 2.32774590163934
46.5999999999986 212 18 10.4606245901639 3.23666557377049
50.6666666666651 212 17 8.17903934426229 1.53323606557377
52.6999999999983 212 16 5.72896393442623 1.47899590163934
53.7166666666649 212 15 5.14864098360656 1.50993442622951
56.7666666666647 212 14 6.43418087431694 2.41172896174863
58.7999999999979 211 15 2.8119237704918 1.19105327868852
61.8499999999978 210 15 3.16472732240437 1.48454426229508
62.8666666666644 210 14 2.77422131147541 0.730768852459016
63.883333333331 208 16 2.07846885245902 0.544577049180328
66.9333333333308 208 15 2.16777978142077 1.28135628415301
70.9999999999973 207 16 2.40081024590164 1.17833524590164
73.0333333333305 207 15 2.4922106557377 1.25865819672131
75.0666666666637 206 16 2.22635737704918 0.590015573770492
76.0833333333303 206 15 2.4187737704918 0.98706393442623
78.1166666666635 206 14 2.16444344262295 1.1968393442623
83.1999999999966 206 13 2.41981606557377 1.7025062295082
89.2999999999962 206 12 1.94177595628415 0.922876775956284
92.349999999996 205 13 3.43257759562842 1.41506557377049
100.483333333329 204 14 5.21228114754098 1.36698565573771
102.516666666662 203 14 2.67321885245902 0.504117213114754
125.899999999994 202 15 1.81170106913756 0.557192373485388
144.933333333341 201 16 2.13720945709282 0.425989404553415
145.933333333342 200 16 1.66207666666667 0.644153333333333
170.933333333362 199 17 1.43774106666667 0.328760333333333
171.933333333362 199 16 1.115325 0.254253333333333
175.933333333365 199 15 1.14004625 0.288589166666667
176.933333333366 198 15 1.193825 0.361155
177.933333333367 197 16 1.19738833333333 0.267145
185.933333333373 196 17 1.221628125 0.304564583333333
187.933333333375 194 18 1.5088625 0.413404166666667
189.933333333377 193 19 1.27550583333333 0.314953333333333
190.933333333377 193 18 1.10674833333333 0.261278333333333
195.933333333381 193 17 1.24743433333333 0.279954666666667
198.933333333384 192 18 1.10461 0.233018333333333
214.933333333397 192 17 1.07882291666667 0.271833020833333
217.933333333399 191 18 1.06354 0.356278888888889
218.9333333334 191 17 1.043925 0.246771666666667
222.933333333403 190 17 1.05978833333333 0.300231666666667
224.933333333404 190 16 1.100355 0.435450833333333
234.933333333412 189 17 1.128505 0.337886833333333
247.933333333423 189 16 1.09281525641026 0.324285512820513
262.033333333424 187 16 1.07787541371158 0.301274586288416
272.200000000081 186 17 1.2019568852459 0.348843442622951
276.266666666744 185 18 1.11757213114754 0.420060655737705
278.300000000076 184 19 1.05106639344262 0.169150819672131
279.316666666741 184 18 0.968109836065574 0.261272131147541
285.416666666736 183 18 1.04982349726776 0.273862568306011
289.483333333399 182 19 1.04874467213115 0.292080327868852
292.533333333396 181 19 1.11631092896175 0.543963387978142
296.600000000059 180 20 1.30100204918033 1.02225860655738
300.666666666722 179 20 1.14214385245902 0.63974631147541
308.800000000048 177 21 1.07301106557377 0.324709426229508
309.816666666714 177 20 1.10253114754098 0.506947540983607
312.866666666711 176 21 0.967261202185792 0.25784262295082
313.883333333377 175 22 0.949098360655738 0.246522950819672
317.950000000039 174 23 1.33775819672131 0.306378278688525
324.050000000034 173 24 1.35675710382514 0.374557103825137
325.0666666667 173 23 1.36109344262295 0.32004262295082
348.450000000012 172 24 1.26135844618674 0.323820812544547
349.466666666678 172 23 0.939549180327869 0.240116393442623
354.550000000006 171 24 0.930933770491802 0.269463278688525
368.783333333327 171 23 0.97927587822014 0.314611007025761
375.899999999987 171 22 0.965318969555035 0.288584074941452
384.033333333313 170 22 0.970605942622951 0.266053278688525
391.149999999973 169 22 1.00341522248244 0.225307728337237
393.183333333304 169 21 0.974486885245902 0.369130327868852
410.466666666622 168 22 0.969213404050146 0.360232786885246
416.566666666616 168 21 0.964026775956284 0.329516393442623
417.583333333282 167 21 0.929595081967213 0.0360950819672131
420.633333333279 166 22 0.941862841530055 0.363393989071038
425.716666666608 165 22 0.930419672131147 0.284703606557377
431.816666666603 164 23 0.900605191256832 0.294877322404372
440.966666666594 164 22 0.917263934426229 0.256989981785064
441.98333333326 163 22 0.872354098360656 0.247939344262295
501.966666666539 162 23 0.914281800500136 0.310545623784385
503.99999999987 161 24 0.93025737704918 0.245990983606557
516.199999999859 161 23 0.930980054644809 0.346056557377049
541.616666666503 160 24 0.91534524590164 0.31502668852459
543.649999999834 160 23 0.98492868852459 0.33637131147541
544.6666666665 159 24 0.971288524590164 0.296065573770492
550.766666666494 158 24 1.09495519125683 0.516456557377049
555.849999999823 157 25 0.943968524590164 0.333532786885246
560.933333333152 156 26 1.05527901639344 0.310388852459016
579.233333333135 155 27 1.00921520947177 0.297990255009107
600 155 27 0.885624824355972 0.321893364558938
