# New log 28/04/2014 07:12:27
1 224 32 5.41637333333333 2.62178833333333
4.04999999999999 224 28 3.58873661202186 1.37944316939891
5.06666666666665 224 25 3.96738196721311 1.13526885245902
6.08333333333332 224 22 4.07800655737705 1.51812295081967
9.10000000000003 223 20 3.86313701657458 1.45967237569061
10.1000000000001 223 19 5.06526166666667 1.95869333333333
11.1000000000001 223 18 4.77594333333333 1.65787833333333
13.1000000000002 221 20 5.159295 2.2179225
14.1000000000003 221 18 3.77088 1.76789166666667
15.1000000000003 221 17 4.759415 2.346935
17.116666666667 220 16 6.58275289256198 2.93560330578512
18.1333333333336 219 17 8.17035409836065 3.10891475409836
21.1833333333334 219 16 8.88253770491803 3.64583879781421
23.2166666666666 219 15 12.5600278688525 2.95484262295082
25.2499999999998 218 16 12.860587704918 2.21169836065574
26.2666666666665 217 17 14.0323918032787 2.62128196721311
27.2833333333331 217 16 13.901262295082 2.64144590163934
28.2999999999997 217 13 15.0994016393443 2.37604098360656
29.3166666666663 217 12 16.9974180327869 2.01166393442623
34.3999999999993 216 13 11.4695842622951 1.9311062295082
36.4333333333325 215 14 11.60085 2.64856885245902
40.499999999999 214 15 9.73574795081967 3.02611721311475
41.5166666666656 214 14 8.25733114754098 2.41824754098361
43.5499999999988 213 14 8.24139836065574 2.55405081967213
44.5666666666654 212 15 8.68709344262295 2.70879836065574
46.5999999999986 211 15 8.27343770491804 2.88299180327869
50.6666666666651 210 15 8.92461598360656 2.38780983606557
55.7499999999981 210 14 8.21754918032786 1.77484491803279
56.7666666666647 209 14 7.92921475409836 1.5074393442623
75.0666666666637 209 13 5.26998132969035 3.09168506375228
78.1166666666635 209 12 5.08397103825137 2.55376557377049
83.1999999999966 209 11 6.61299967213114 1.9547731147541
85.2333333333298 209 10 6.64948524590164 1.93543606557377
123.866666666661 209 9 4.58191022433133 1.57778390854185
125.899999999994 208 9 3.79630081967213 2.05095901639344
138.933333333336 208 8 3.86986815856778 1.35211508951407
147.933333333343 208 7 3.99408074074074 2.54252333333333
295.583333333393 207 8 3.53859536065017 1.27083507167852
310.833333333379 207 7 3.2865625136612 1.23215071038251
321.000000000037 206 8 3.21145639344262 1.29395245901639
329.133333333363 205 9 3.21142950819672 1.20588647540984
331.166666666694 204 10 3.23667049180328 1.12047950819672
333.200000000026 203 11 3.15484262295082 1.20443524590164
414.533333333285 202 12 3.18346522540984 1.27934325819672
430.799999999937 201 13 3.18587694672131 1.19988586065574
525.349999999851 201 12 3.21887863564252 1.22647909395382
554.833333333157 200 12 3.24734991520634 1.32063273035613
558.89999999982 200 11 3.24378524590164 1.29223442622951
591.433333333124 199 11 3.30244523565574 1.21289349385246
600 199 10 3.29557504553734 1.12416775956284
