# New log 28/04/2014 05:18:38
1 224 32 6.19490833333334 2.43223
4.04999999999999 224 29 4.43785136612022 0.822315300546448
5.06666666666665 223 24 7.20854262295082 0.554116393442623
6.08333333333332 223 19 6.18720163934426 0.613681967213115
7.09999999999998 223 18 3.55194426229508 0.610573770491803
9.10000000000003 223 17 5.01367166666667 0.771395833333333
10.1000000000001 222 18 6.63061666666667 0.802
11.1000000000001 221 19 6.19948666666667 0.736715
12.1000000000002 220 18 6.89604666666667 1.24880666666667
20.1666666666668 219 18 7.41796342975206 0.893729752066116
23.2166666666666 219 17 9.21207267759563 0.723443715846995
24.2333333333332 219 16 11.7327213114754 0.830162295081967
25.2499999999998 218 16 9.74611803278689 0.615126229508197
26.2666666666665 218 15 9.70317704918033 1.16494754098361
27.2833333333331 218 13 9.59983114754098 1.16258524590164
28.2999999999997 218 11 8.68883770491804 0.812765573770492
30.3333333333329 218 10 8.92999344262295 0.930545901639344
33.3833333333327 217 11 8.63679508196722 0.760024590163935
43.5499999999988 217 10 13.607621147541 1.31111983606557
50.6666666666651 216 11 13.7478555035129 1.90882177985948
54.7333333333315 215 12 13.9202463114754 1.95586270491803
59.8166666666646 214 13 14.3216596721312 4.6178331147541
65.9166666666642 214 11 11.9871426229508 4.27480546448087
70.9999999999973 213 11 12.0852396721311 2.08768426229508
79.1333333333301 213 10 9.93350430327868 2.07456946721311
82.18333333333 212 10 4.92768087431694 2.68574699453552
92.349999999996 211 10 4.22148786885246 3.27098786885246
98.4499999999957 211 8 3.36735737704918 3.57599480874317
104.549999999995 211 7 3.35728032786885 2.48223278688525
130.93333333333 211 6 3.31113733417562 2.43242627921668
153.933333333348 211 5 3.46409615942029 1.63873173913044
190.933333333377 211 4 3.20266252252252 1.32599076576577
240.933333333417 211 3 3.18021930000001 0.682149033333333
315.916666666708 210 4 3.21698833074017 0.71061340297844
319.983333333371 209 4 3.27896229508196 0.433054098360656
328.116666666697 208 4 3.2155762295082 0.466792008196721
334.216666666691 208 3 3.16439480874317 0.36944043715847
349.466666666678 207 4 2.86776153005465 0.458874426229508
357.600000000003 206 4 2.85317069672131 0.502767008196721
358.616666666669 205 5 3.01265409836066 0.411168852459016
361.666666666666 204 5 2.99654918032787 0.4916
362.683333333332 203 5 2.65294918032787 0.451585245901639
374.883333333321 203 4 2.6522674863388 0.185930737704918
376.916666666653 203 3 2.69522868852459 0.365653278688525
483.666666666555 202 4 5.46953628415302 0.82458243559719
508.066666666533 202 3 6.03678224043716 0.447395628415301
600 202 3 6.1138964510899 0.493443667807602
