# New log 28/04/2014 05:23:47
1 224 32 2.49202 0.895433333333333
4.04999999999999 223 33 1.94930710382514 0.734369398907104
5.06666666666665 222 32 2.26385245901639 0.772911475409836
6.08333333333332 220 32 3.2681868852459 1.80608852459016
7.09999999999998 218 29 2.38800983606557 1.57506721311475
8.09999999999998 217 28 2.10094833333333 0.500613333333333
9.10000000000003 216 28 2.74276666666667 0.60683
10.1000000000001 216 24 3.44867 0.581028333333333
11.1000000000001 216 23 3.83499333333333 0.615585
13.1000000000002 216 22 3.42305416666667 0.817278333333333
14.1000000000003 216 20 4.96315166666666 1.06356
15.1000000000003 213 21 4.40692 0.762038333333333
16.1000000000004 211 21 4.02689 0.879221666666667
17.116666666667 210 22 3.79732786885246 0.944486885245902
18.1333333333336 210 21 4.08994098360656 0.80597868852459
19.1500000000002 209 22 4.24806885245902 1.7967868852459
21.1833333333334 209 21 4.02194836065574 1.85536721311475
23.2166666666666 209 20 4.66773360655738 1.81894590163934
24.2333333333332 208 20 4.65220655737705 0.910506557377049
25.2499999999998 207 20 3.91210983606557 1.06428196721311
33.3833333333327 206 21 4.4168618852459 1.30232151639344
34.3999999999993 205 21 6.7651868852459 2.15387704918033
35.4166666666659 204 20 6.8340131147541 2.07218524590164
41.5166666666656 202 21 6.78191775956284 1.39513606557377
43.5499999999988 202 20 5.98188360655738 1.17643606557377
44.5666666666654 202 19 7.86822295081967 0.59792131147541
49.6499999999985 202 18 7.46455508196722 0.635404590163934
53.7166666666649 201 19 8.90172499999999 1.16290655737705
58.7999999999979 199 19 8.53010754098361 3.09846491803279
60.8333333333312 198 18 9.72464426229508 1.01207704918033
62.8666666666644 197 19 9.87511721311476 0.934827049180328
64.8999999999976 196 19 9.17636229508197 1.2961393442623
65.9166666666642 196 18 9.29362950819672 1.36061475409836
66.9333333333308 195 18 9.5187 1.17758524590164
68.966666666664 194 19 9.38423114754099 1.76017131147541
69.9833333333306 193 19 8.12481639344263 2.04292131147541
74.0499999999971 192 20 3.87689959016393 3.20740614754098
78.1166666666635 192 19 3.19584016393443 3.46215163934426
80.1499999999967 191 20 1.51089098360656 3.24295819672131
81.1666666666633 190 20 1.51751967213115 3.7197262295082
86.2499999999964 189 21 1.48219508196721 2.4067137704918
90.3166666666628 188 21 1.70157049180328 2.38664549180328
92.349999999996 187 22 1.25327704918033 1.36537459016393
97.4333333333291 186 23 2.2438731147541 1.00996786885246
100.483333333329 185 24 2.37134043715847 0.961262841530055
104.549999999995 184 24 2.18447827868853 1.0324393442623
105.566666666662 184 23 1.13608852459016 1.01145901639344
109.633333333328 183 23 1.21355573770492 0.703859836065574
127.933333333327 182 24 1.14076247723133 0.503966029143898
147.933333333343 182 23 1.53355583333333 0.1535765
148.933333333344 181 23 1.06560666666667 0.147986666666667
158.933333333352 180 24 1.044596 0.0472471666666667
178.933333333368 180 23 1.08714058333333 0.318898083333333
179.933333333369 178 25 1.11436833333333 0.16247
193.93333333338 177 26 1.06715107142857 0.116448452380952
197.933333333383 177 25 1.01996458333333 0.321526666666667
201.933333333386 176 25 1.02696208333333 0.22571625
216.933333333398 175 26 1.27154633333333 0.357556222222222
221.933333333402 175 25 1.007842 0.411145666666667
222.933333333403 174 26 1.044625 0.547561666666667
223.933333333404 174 25 1.03582833333333 0.464291666666667
224.933333333404 173 26 1.09222666666667 0.436966666666667
246.933333333422 172 26 1.00074810606061 0.435867575757576
270.16666666675 172 25 1.06055824964132 0.972866068866571
294.566666666727 171 26 1.02132916666667 0.398728278688525
302.700000000053 169 28 1.02936557377049 0.30372868852459
303.716666666719 169 27 1.03403114754098 0.345222950819672
307.783333333382 169 26 1.02855163934426 0.376056967213115
335.233333333357 169 25 1.00894031572556 0.452939222829387
412.499999999954 169 24 0.983068248490078 0.161827911993097
429.783333333271 169 23 1.05594040501447 0.0657801350048216
433.849999999934 168 24 1.0115131147541 0.0683426229508197
464.349999999906 167 25 1.01142551912568 0.0450090163934426
480.616666666558 167 24 1.05167510245902 0.0514790983606557
487.733333333218 166 24 0.998603512880562 0.0245747072599532
489.76666666655 165 25 0.998327049180328 0.0156377049180328
554.833333333157 165 24 1.0335296875 0.0309390881147541
576.183333333138 165 23 1.03117829820453 0.0194378610460578
581.266666666467 164 24 0.980604262295082 0.00218
600 164 24 0.980734857635894 0.00556945642795513
