# New log 28/04/2014 05:12:56
1 224 32 2.41687833333333 10.4745266666667
3.03333333333333 224 31 1.9925606557377 1.54691557377049
4.04999999999999 223 31 2.25721967213115 3.01855245901639
5.06666666666665 223 29 3.75733114754098 2.88636229508197
8.09999999999998 220 32 2.92850934065934 2.3375543956044
9.10000000000003 219 32 2.387985 3.95177
12.1000000000002 218 32 2.708125 5.00649555555556
14.1000000000003 217 33 2.62284833333334 6.13896583333333
15.1000000000003 216 34 2.41767333333333 7.15709666666667
17.116666666667 215 33 3.13934380165289 7.6872520661157
18.1333333333336 215 32 2.5167393442623 8.22185081967213
19.1500000000002 215 31 2.19028524590164 9.66054262295082
20.1666666666668 215 30 3.48687868852459 9.80229672131148
22.2 215 28 4.16152049180328 8.06955491803279
23.2166666666666 214 27 3.52088196721311 7.36725737704918
24.2333333333332 214 25 1.90106393442623 9.79637213114754
25.2499999999998 213 25 1.92829508196721 7.70788852459016
26.2666666666665 212 25 1.91104098360656 5.79087213114754
28.2999999999997 212 22 1.58478360655738 8.25018852459016
30.3333333333329 211 23 2.20178606557377 8.12427049180328
32.3666666666661 210 22 1.76329016393443 8.05383278688525
37.4499999999992 209 23 1.60701606557377 9.96437245901639
41.5166666666656 208 24 1.52181352459016 10.5266397540984
42.5333333333322 208 23 1.55016229508197 9.91969344262295
43.5499999999988 208 22 1.63497868852459 9.8084868852459
44.5666666666654 208 20 1.64468196721311 10.1577049180328
54.7333333333315 207 21 1.83172426229508 10.1002254098361
55.7499999999981 206 22 1.50784590163934 10.8670967213115
56.7666666666647 206 21 1.66747049180328 10.7837278688525
60.8333333333312 205 22 1.61591270491803 8.78463483606557
62.8666666666644 205 21 1.74542786885246 9.23808196721312
66.9333333333308 205 20 1.60265163934426 9.87323032786885
67.9499999999974 204 21 1.5319868852459 10.0824655737705
75.0666666666637 204 20 1.50100491803279 9.46479461358314
78.1166666666635 203 21 1.65054918032787 10.5332202185792
88.2833333333296 203 20 1.70601180327869 10.4175731147541
93.3666666666627 202 19 1.60667213114754 11.1979685245902
109.633333333328 202 18 1.56893176229508 10.8124383196721
111.666666666662 201 18 1.55603442622951 7.68016393442623
112.683333333328 201 17 1.50825245901639 8.24426885245902
113.699999999995 201 16 1.47899508196721 7.92694918032787
116.749999999995 200 16 1.72348743169399 10.039650273224
121.833333333328 200 15 1.60805967213115 10.3857370491803
123.866666666661 199 15 1.52653032786885 11.1706327868852
134.933333333333 199 14 1.56605888554217 10.4046134036145
154.933333333349 199 13 1.61421783333333 10.4798384166667
155.93333333335 198 14 1.53237666666667 11.59343
158.933333333352 197 14 1.51604777777778 11.2671055555556
162.933333333355 197 13 1.54862083333333 11.4002425
166.933333333358 197 12 1.51933583333333 8.74296125
168.93333333336 197 11 1.49714583333333 5.13603166666667
174.933333333365 197 10 1.69697527777778 5.67837472222222
182.933333333371 196 11 1.651265625 5.12492416666667
183.933333333372 195 11 2.00937333333333 5.85042833333333
191.933333333378 195 10 1.58455625 5.29218104166667
247.933333333423 195 9 1.68580898809524 6.97929973214286
263.050000000089 195 8 1.49280011025358 4.58673539140022
268.133333333418 194 9 1.43012262295082 5.04949344262295
269.150000000084 193 10 1.42887213114754 4.56547704918033
277.28333333341 193 9 1.4312887295082 4.18847049180328
304.733333333385 193 8 1.44345822707954 4.2841700667881
343.366666666683 192 9 1.43819240724762 3.90344348576359
369.799999999992 192 8 1.45018537200504 3.81220649432535
384.033333333313 192 7 1.47063009367681 3.91079391100703
433.849999999934 191 7 1.43349106724657 3.99906406825025
501.966666666539 190 8 1.41709804257402 3.81551365304624
502.983333333205 190 7 1.3771737704918 3.52047049180328
511.11666666653 189 8 1.42500163934426 3.50207520491803
517.216666666525 189 7 1.40207786885246 3.47586229508197
529.416666666514 188 7 1.41385956284153 3.47957950819672
545.683333333166 188 6 1.41896260245902 3.48693411885246
560.933333333152 188 5 1.41524295081967 3.53582961748634
564.999999999815 187 6 1.38426967213115 3.46521844262295
566.016666666481 186 7 1.37099180327869 3.43889672131148
578.216666666469 185 8 1.38821721311475 3.60214221311475
600 185 8 1.41191467958271 3.72310290611028
