# New log 28/04/2014 04:27:13
1 224 32 2.68565166666667 1.13426666666667
5.06666666666665 223 29 2.16497008196721 0.689829098360656
6.08333333333332 223 26 3.74438032786885 3.60571803278689
7.09999999999998 222 26 5.72565081967213 0.598549180327869
8.09999999999998 222 25 4.17947166666667 0.512795
10.1000000000001 222 23 2.3641075 0.522668333333333
11.1000000000001 222 22 2.18776333333333 1.301165
12.1000000000002 222 20 2.83898333333333 0.508486666666667
13.1000000000002 220 22 3.744855 0.704375
17.116666666667 220 21 6.05384481327801 0.865463485477178
18.1333333333336 219 22 7.86723442622951 1.12893606557377
19.1500000000002 218 23 6.79236721311476 1.25406229508197
20.1666666666668 218 22 2.87144426229508 0.628577049180328
22.2 218 21 5.94992049180328 1.6545868852459
24.2333333333332 217 21 8.7916631147541 0.926336065573771
27.2833333333331 217 20 7.5957868852459 2.59696885245902
30.3333333333329 216 21 4.5722737704918 1.22883879781421
33.3833333333327 216 20 4.6928650273224 1.04601366120219
34.3999999999993 214 22 6.52505573770492 0.832880327868852
35.4166666666659 213 23 3.59224426229508 0.882011475409836
39.4833333333324 211 24 4.28658729508197 0.932464344262295
43.5499999999988 211 22 3.14437786885246 0.918860655737705
44.5666666666654 210 23 3.04586393442623 0.883659016393443
50.6666666666651 209 23 4.10904590163935 1.55646393442623
51.6833333333317 209 22 7.44017049180328 2.38832131147541
57.7833333333313 208 22 7.51705792349727 1.77099617486339
58.7999999999979 205 25 5.90752786885246 9.48901639344262
61.8499999999978 204 25 5.63852786885246 1.83547267759563
62.8666666666644 203 25 5.63586885245902 2.49202786885246
63.883333333331 202 25 5.15058196721312 2.3845393442623
66.9333333333308 202 24 4.34685901639344 2.95088633879781
67.9499999999974 200 24 4.55430491803279 6.46276721311475
70.9999999999973 196 27 4.24767978142077 5.74725027322404
72.0166666666639 196 26 3.97658360655738 4.93806885245902
73.0333333333305 194 28 4.32948524590164 4.97036229508197
76.0833333333303 192 30 5.08566775956284 4.08220928961749
78.1166666666635 191 31 5.54585163934426 1.53489590163934
79.1333333333301 191 30 6.16806721311475 1.44324262295082
80.1499999999967 190 31 5.57299016393443 1.53763442622951
81.1666666666633 190 30 5.9047737704918 1.19780819672131
82.18333333333 189 31 4.43940983606557 0.849586885245902
83.1999999999966 188 32 3.63444590163934 0.832426229508197
85.2333333333298 187 33 4.32965409836065 1.0743368852459
86.2499999999964 186 33 5.6937868852459 0.810831147540984
89.2999999999962 185 32 4.07102896174864 0.664261202185792
90.3166666666628 185 31 3.05176065573771 0.697567213114754
96.4166666666625 185 30 2.65831393442623 0.386030054644809
98.4499999999957 184 31 1.73490901639344 0.540732786885246
99.4666666666623 183 32 1.33405901639344 0.300193442622951
100.483333333329 182 32 1.66346885245902 0.432467213114754
105.566666666662 181 33 1.26581573770492 0.369260655737705
106.583333333329 180 34 1.69962295081967 0.237798360655738
108.616666666662 179 35 1.71012540983607 0.372195901639344
110.649999999995 178 36 1.94542540983607 0.461445901639344
111.666666666662 177 36 1.70552459016393 0.485111475409836
115.733333333328 177 35 1.8118487704918 0.298449590163934
116.749999999995 176 35 1.85100163934426 0.280237704918033
126.916666666661 176 34 2.16495950819672 0.385825573770492
132.933333333331 176 33 2.05566980609418 0.301302493074792
133.933333333332 175 34 1.535465 0.24294
135.933333333334 174 35 1.07323583333333 0.196933333333333
137.933333333335 174 34 1.1611775 0.198026666666667
143.93333333334 173 34 1.07333027777778 0.191663055555556
152.933333333347 172 34 1.07469037037037 0.594305185185185
155.93333333335 171 34 1.09920222222222 1.36977333333333
156.93333333335 171 33 1.03897166666667 0.05317
164.933333333357 170 33 1.387305 0.29635375
167.933333333359 169 34 2.19630944444445 0.325766111111111
170.933333333362 169 33 1.00085444444444 0.223555555555556
181.93333333337 168 33 0.989209696969697 0.220466666666667
207.933333333391 168 32 1.01997051282051 0.220326217948718
218.9333333334 167 33 1.09956742424242 0.199755606060606
223.933333333404 167 32 1.112636 0.272732666666667
225.933333333405 167 31 1.266905 0.286800833333333
226.933333333406 167 30 1.04334 0.066885
241.933333333418 166 31 1.21606888888889 0.292622333333333
246.933333333422 165 31 1.129579 0.188525333333333
250.933333333425 164 32 1.1042275 0.242926666666667
266.100000000087 163 33 1.14434725274725 0.245076483516484
267.116666666752 162 33 1.09520983606557 0.22504262295082
270.16666666675 162 32 1.12989508196721 0.228494535519126
272.200000000081 161 32 1.06074180327869 0.287880327868852
273.216666666747 161 31 1.05222295081967 0.181932786885246
275.250000000078 161 30 1.09145983606557 0.222712295081967
298.63333333339 161 29 1.09225808980755 0.238747897362794
299.650000000056 161 28 1.09275573770492 0.359585245901639
330.150000000028 159 30 1.28077573770492 0.273860491803279
331.166666666694 158 30 1.18471803278689 0.443668852459016
339.30000000002 157 30 1.09059241803279 0.232132581967213
340.316666666686 156 31 1.07803278688525 0.35567868852459
351.500000000009 156 30 1.08978345752608 0.211819970193741
352.516666666675 155 31 1.09476393442623 0.191516393442623
358.616666666669 154 32 1.13640300546448 0.238139071038251
371.833333333324 153 32 1.08852723833544 0.225529129886507
373.866666666655 153 31 1.51669836065574 0.371073770491803
411.483333333288 152 32 1.10041661497563 0.265491758972087
412.499999999954 152 31 1.02396557377049 0.0380131147540984
426.733333333274 151 31 1.06356018735363 0.232333021077283
429.783333333271 151 30 1.09735846994536 0.207773224043716
481.633333333224 151 29 1.03965641272902 0.227181838637094
499.933333333207 151 28 1.51368296903461 0.281115482695811
502.983333333205 150 29 1.03249398907104 0.193587431693989
512.133333333196 150 28 1.17625719489982 0.28245737704918
542.633333333168 150 27 1.74185546448087 0.268409289617486
552.799999999826 149 27 1.86171754098361 0.250782131147541
556.866666666489 148 27 1.738625 0.277041393442623
564.999999999815 147 28 1.70815204918033 0.235709836065574
579.233333333135 147 27 1.28237634660422 0.219764402810304
580.249999999801 147 26 0.982288524590164 0.173459016393443
600 147 26 1.01040836065574 0.216895573770492
