# New log 28/04/2014 04:15:22
1 224 32 2.37903166666667 10.5795483333333
4.04999999999999 224 31 2.73164316939891 1.88804098360656
5.06666666666665 223 32 3.51265409836066 6.31598196721311
6.08333333333332 223 31 3.48351147540984 6.1364262295082
8.09999999999998 222 32 2.46203553719008 4.73528181818182
9.10000000000003 221 33 2.350525 9.404225
11.1000000000001 219 34 3.05676416666667 9.3151975
12.1000000000002 218 34 6.742345 8.85808833333333
13.1000000000002 216 34 6.52094666666667 8.97646833333333
14.1000000000003 215 34 1.88615333333333 9.09614833333333
15.1000000000003 215 33 1.543935 10.039705
16.1000000000004 214 34 1.90539833333333 10.5435583333333
17.116666666667 214 33 1.76584098360656 10.4384950819672
19.1500000000002 213 34 1.63786639344262 9.84420491803279
20.1666666666668 213 33 1.5297262295082 10.6488836065574
21.1833333333334 213 32 1.82319508196721 10.2304
23.2166666666666 212 31 1.46281393442623 10.3896049180328
24.2333333333332 212 30 1.69176885245902 10.5519704918033
25.2499999999998 211 30 1.64604426229508 10.4588409836066
30.3333333333329 211 29 1.61833147540984 11.6019875409836
34.3999999999993 211 28 1.77434098360656 11.7592278688525
35.4166666666659 210 28 1.52440163934426 11.1220655737705
38.4666666666658 210 27 1.50537923497268 10.9508174863388
41.5166666666656 210 26 1.69461584699454 10.617162295082
42.5333333333322 209 27 1.75161475409836 10.8768032786885
45.583333333332 208 28 1.68738579234973 11.8359180327869
46.5999999999986 207 29 1.61369344262295 12.6111114754098
49.6499999999985 206 30 2.63324754098361 11.4031830601093
52.6999999999983 206 29 3.08389781420765 12.2632420765027
53.7166666666649 205 29 2.55120327868853 12.0345409836066
54.7333333333315 204 30 2.86377868852459 11.4605901639344
55.7499999999981 204 29 3.06106393442623 11.2832721311475
56.7666666666647 203 30 2.57033442622951 11.6493803278689
57.7833333333313 202 31 2.87274426229508 11.058831147541
61.8499999999978 200 32 2.92102909836065 12.0041036885246
63.883333333331 199 32 3.16011393442623 12.4413442622951
65.9166666666642 198 33 3.0753893442623 12.0049073770492
66.9333333333308 198 32 2.90847704918033 11.9038360655738
69.9833333333306 198 31 3.15626775956284 11.0737852459016
72.0166666666639 198 30 3.43502540983607 11.0966409836066
73.0333333333305 196 30 3.22586393442623 12.6087491803279
79.1333333333301 195 31 3.30260983606557 12.2690926229508
81.1666666666633 195 30 3.14184426229508 13.0309262295082
83.1999999999966 195 29 1.79116721311475 12.3712459016393
91.3333333333294 194 30 3.0063743852459 11.3468030737705
93.3666666666627 193 31 5.4267524590164 12.3708959016393
103.533333333329 193 30 4.58746016393442 11.4326142622951
111.666666666662 193 29 2.53006434426229 11.538487704918
118.783333333328 192 28 2.03377798594848 10.281644028103
119.799999999994 192 27 1.6193737704918 11.3812655737705
120.816666666661 191 28 1.58757049180328 11.5115819672131
121.833333333328 191 25 1.68196885245902 11.6240213114754
122.849999999994 190 25 1.61958360655738 11.349431147541
123.866666666661 189 26 1.67337213114754 11.2995098360656
128.933333333328 189 25 1.5754875 10.6531819078947
134.933333333333 188 26 1.59476083333333 10.6702369444444
139.933333333337 187 27 1.55845433333333 10.5091523333333
142.933333333339 186 27 1.59934944444444 10.6700405555556
144.933333333341 186 26 1.56042583333333 10.8948416666667
145.933333333342 186 24 1.59044166666667 10.8317866666667
151.933333333346 183 24 1.57896472222222 11.1203547222222
155.93333333335 181 26 1.51145208333333 10.9154708333333
159.933333333353 181 25 1.49644791666667 9.97614791666667
160.933333333354 180 26 1.54485333333333 11.0461983333333
161.933333333354 180 25 1.51869166666667 11.152415
166.933333333358 180 24 1.50854233333333 11.0072273333333
170.933333333362 179 24 1.52265708333333 11.146815
173.933333333364 178 25 1.53049444444444 11.0265133333333
182.933333333371 177 25 1.55691018518519 11.3548590740741
183.933333333372 177 24 1.51507 11.009285
189.933333333377 177 23 1.489355 11.1510361111111
190.933333333377 176 24 1.489185 11.1180483333333
192.933333333379 175 25 1.45216083333333 11.3235333333333
195.933333333381 175 24 1.43140277777778 10.6241211111111
197.933333333383 174 24 1.44875416666667 10.9830591666667
198.933333333384 173 25 1.47260666666667 11.0850316666667
206.93333333339 173 24 1.460246875 11.13525375
217.933333333399 173 23 1.45835333333333 10.7215106060606
218.9333333334 172 23 1.441255 10.0151416666667
227.933333333407 172 22 1.44662166666667 11.1431340740741
239.933333333416 172 21 1.47133916666667 11.1337840277778
243.93333333342 172 20 1.4506675 10.33448875
282.366666666739 171 21 1.45919692107546 11.0108213356461
292.533333333396 170 22 1.45542983606558 10.7456870491803
303.716666666719 170 21 1.46425797317437 11.1485299552906
317.950000000039 169 22 1.45100011709602 11.0494069086651
322.016666666702 168 22 1.45061147540984 11.1285299180328
332.18333333336 168 21 1.47116229508197 10.9419619672131
338.283333333354 167 21 1.42277459016393 10.8288234972678
344.383333333349 166 21 1.40405245901639 11.1400043715847
364.716666666664 166 20 1.39219327868852 11.7350619672131
387.08333333331 166 19 1.38537317436662 8.30949239940388
402.333333333296 165 20 1.41369344262295 5.01480666666667
409.449999999956 164 21 1.40933255269321 7.03471053864169
417.583333333282 163 22 1.40381782786885 7.05900696721312
420.633333333279 163 21 1.38008469945355 5.37516994535519
421.649999999945 162 22 1.29990819672131 4.63966557377049
428.766666666605 161 23 1.30991170960187 4.32850819672131
429.783333333271 160 24 1.2823868852459 4.25394754098361
432.833333333268 160 23 1.27409617486339 4.71063278688525
433.849999999934 159 24 1.24851803278689 4.71845245901639
436.899999999931 159 23 1.22649617486339 4.18435027322404
444.016666666592 159 22 1.26216557377049 4.5828737704918
456.21666666658 158 21 1.26672718579235 4.6053868852459
463.333333333241 158 20 1.28737470725995 5.06979953161593
471.466666666567 158 19 1.27730901639344 5.46289159836066
491.799999999881 157 20 1.66608344262295 5.74522836065574
500.949999999873 156 20 1.31535409836066 5.48909981785064
505.016666666536 155 20 1.2380893442623 5.49506721311475
531.449999999845 154 20 1.23963184110971 5.59775895334174
563.983333333149 154 19 1.25898406762295 5.33600681352459
578.216666666469 153 20 1.21349285714286 4.69385046838408
592.44999999979 153 19 1.21092447306791 5.38110339578454
600 153 19 1.27053012295082 5.37499159836066
