# New log 28/04/2014 04:23:03
1 224 32 6.52263833333334 2.45873166666667
4.04999999999999 223 30 3.60711803278688 1.89559453551913
5.06666666666665 223 27 4.84285409836066 1.50885409836066
6.08333333333332 223 25 4.37093278688525 1.67346557377049
7.09999999999998 223 24 3.80847540983607 1.39662131147541
8.09999999999998 223 22 3.64290166666667 1.91492166666667
10.1000000000001 222 23 5.15162583333333 1.39598083333333
11.1000000000001 221 23 6.054275 1.76876333333333
12.1000000000002 220 21 6.93725 1.31917833333333
13.1000000000002 219 21 7.92616 1.54254666666667
17.116666666667 219 20 7.41947634854772 1.78558630705394
18.1333333333336 218 21 9.73624918032787 1.83284262295082
19.1500000000002 217 22 12.5717967213115 2.24248852459016
20.1666666666668 216 23 8.47023278688525 1.39295573770492
21.1833333333334 216 22 9.15345409836066 1.48619508196721
26.2666666666665 215 22 7.78113081967213 1.3276537704918
28.2999999999997 215 21 7.86127213114754 1.19575901639344
31.3499999999995 215 19 6.65681639344262 1.10717322404372
32.3666666666661 214 18 7.84651639344263 1.55736557377049
33.3833333333327 213 18 7.47407704918033 1.31260163934426
36.4333333333325 213 17 6.654056284153 1.22187431693989
37.4499999999992 212 18 8.31079836065574 1.27833114754098
38.4666666666658 212 17 7.1368393442623 1.30316557377049
40.499999999999 212 16 6.30567786885246 1.24838852459016
44.5666666666654 211 17 5.16368237704918 1.22505573770492
45.583333333332 210 18 4.76297049180328 1.3410131147541
49.6499999999985 210 17 4.51708852459016 1.44082868852459
51.6833333333317 210 16 4.59382459016393 1.53503852459016
52.6999999999983 210 15 3.91024098360656 2.02752295081967
53.7166666666649 209 16 4.28657540983607 1.73330163934426
58.7999999999979 209 15 4.08025704918033 2.15340426229508
62.8666666666644 209 14 4.48440450819672 2.13082950819672
63.883333333331 208 14 3.74581967213115 1.84259016393443
64.8999999999976 207 14 3.57832950819672 2.96929672131148
65.9166666666642 206 15 3.13995081967213 1.88983278688525
67.9499999999974 205 16 3.29894262295082 1.90328114754098
70.9999999999973 204 16 3.58190601092896 2.07175245901639
76.0833333333303 203 15 3.44112590163935 1.61102295081967
84.2166666666632 202 15 3.22895532786885 1.97882848360656
98.4499999999957 201 16 3.21892119437939 1.47571053864169
101.499999999996 201 15 3.10462896174863 1.18440218579235
102.516666666662 201 14 2.89008524590164 1.23138360655738
108.616666666662 201 13 2.88913032786886 1.44325054644809
118.783333333328 201 12 2.76658163934426 1.0213737704918
120.816666666661 201 11 3.33186229508197 1.29601639344262
151.933333333346 201 10 2.96533170862346 1.19951392608463
160.933333333354 200 10 2.71541259259259 1.36739962962963
175.933333333365 200 9 2.75751844444444 0.785357777777778
177.933333333367 200 8 2.82717166666667 0.98555
182.933333333371 199 9 2.84081533333333 0.759427333333333
184.933333333373 199 8 2.68578333333333 0.755299166666667
196.933333333382 198 9 2.74645555555556 0.769952361111111
205.933333333389 198 8 2.98405185185186 0.788264259259259
302.700000000053 198 7 3.47299245607992 0.779292128832243
392.166666666639 198 6 3.44260806631892 0.852464828614009
441.98333333326 198 5 3.42076734693877 0.830348277015724
501.966666666539 197 5 3.4850124201167 0.926904195609892
519.249999999856 196 6 3.487093731919 0.825797107039537
600 196 6 3.63669297131148 0.783030901639344
