# New log 28/04/2014 05:26:18
1 224 32 2.51996833333333 10.7383283333333
4.04999999999999 223 30 1.80050983606557 1.3366868852459
5.06666666666665 222 30 2.21311967213115 5.23054918032787
6.08333333333332 221 31 3.6549262295082 5.30535573770492
10.1000000000001 220 32 2.1562020746888 8.80673070539419
11.1000000000001 219 33 1.82375333333333 12.26367
13.1000000000002 218 33 2.14672916666667 12.3186816666667
15.1000000000003 218 32 1.8428975 11.6802341666667
17.116666666667 217 32 1.97302066115703 11.2254570247934
18.1333333333336 217 31 1.95608524590164 11.2908393442623
20.1666666666668 216 31 2.27174508196721 10.928412295082
21.1833333333334 215 32 2.348 11.2641
24.2333333333332 215 31 2.41270710382514 11.1685491803279
25.2499999999998 215 29 1.90609672131148 11.3714065573771
26.2666666666665 215 28 1.8357868852459 11.8923573770492
27.2833333333331 214 26 2.10799508196721 12.0926557377049
33.3833333333327 213 27 1.84366994535519 12.0166008196721
38.4666666666658 212 28 1.68270754098361 12.0911504918033
43.5499999999988 212 27 2.12308983606557 10.1325518032787
47.6166666666652 212 26 1.96389467213115 11.9935110655738
49.6499999999985 212 25 1.66095819672131 12.2210032786885
51.6833333333317 212 24 1.5868393442623 10.4798959016393
54.7333333333315 211 24 1.52324863387978 11.3678043715847
55.7499999999981 210 24 1.56187213114754 12.149462295082
61.8499999999978 209 25 1.71378661202186 11.3662398907104
66.9333333333308 209 24 1.57983049180328 12.2087908196721
68.966666666664 208 25 1.69707950819672 10.2313467213115
72.0166666666639 208 24 1.5022693989071 10.4221540983607
74.0499999999971 208 23 1.59814098360656 10.4026762295082
76.0833333333303 207 24 1.58463032786885 10.2305893442623
82.18333333333 207 23 1.53774234972678 10.260293989071
84.2166666666632 206 23 1.58338442622951 10.3192483606557
88.2833333333296 206 22 1.57021967213115 9.83348237704918
90.3166666666628 204 24 1.81535245901639 9.39549918032787
97.4333333333291 204 23 1.67709976580796 9.45326885245902
102.516666666662 203 23 1.47985409836066 8.58819967213115
104.549999999995 202 23 1.46239426229508 10.7140303278689
105.566666666662 201 24 1.42810655737705 10.5743196721311
107.599999999995 200 25 1.50421885245902 10.3605254098361
109.633333333328 200 24 1.45397950819672 10.0009540983607
115.733333333328 199 25 1.48016120218579 9.9847281420765
118.783333333328 198 26 1.49181912568306 10.403474863388
122.849999999994 197 27 1.89428278688525 10.400281147541
126.916666666661 196 28 2.75374139344262 9.00167540983607
127.933333333327 196 27 2.65099836065574 7.87885737704918
131.93333333333 195 28 2.00388791666667 7.15606166666667
134.933333333333 194 28 1.49884611111111 5.31657444444444
140.933333333338 194 27 1.49437583333333 4.27700527777778
142.933333333339 193 26 1.40582 2.93018666666667
144.933333333341 193 25 1.50532083333333 2.84458083333333
146.933333333342 192 25 1.4282525 2.92305333333333
152.933333333347 191 25 1.50328472222222 3.78155666666667
153.933333333348 190 26 1.40669 4.02282333333333
157.933333333351 189 27 1.44529625 4.05246
162.933333333355 188 28 1.41683733333333 4.39733666666667
191.933333333378 188 27 1.38460362068966 3.92724735632184
193.93333333338 188 26 1.33936166666667 3.49547
197.933333333383 187 26 1.35296791666667 3.44395583333333
204.933333333389 186 26 1.37480476190476 3.30212285714286
220.933333333401 186 25 1.34694135416667 3.4157878125
239.933333333416 186 24 1.3667150877193 3.74987219298246
250.933333333425 185 25 1.34004651515152 3.67894136363636
270.16666666675 185 24 1.37347131715772 3.50614098786828
273.216666666747 184 25 1.31788415300546 3.43079672131148
277.28333333341 183 26 1.34832418032787 3.34581229508197
281.350000000073 182 27 1.31988032786885 3.32187991803279
295.583333333393 181 27 1.29566147540984 3.13598302107728
308.800000000048 180 28 1.31049899117276 3.44414590163934
324.050000000034 179 29 1.32095355191257 4.21767245901639
342.350000000017 178 29 1.32779717668488 4.06151347905282
391.149999999973 178 28 1.31552622950819 4.40878545081967
404.366666666628 177 29 1.32316166456495 3.54170163934426
407.416666666625 176 30 1.29425081967213 2.91397158469945
409.449999999956 175 31 1.30573278688525 2.96986967213115
417.583333333282 175 30 1.29488114754098 3.05790881147541
433.849999999934 174 31 1.27021209016394 3.2224431352459
442.999999999926 174 30 1.2803766848816 3.97096684881603
453.166666666583 174 29 1.28794573770492 4.24281655737705
454.183333333249 173 29 1.26759836065574 4.44294918032787
459.266666666578 172 30 1.26189901639344 4.2791268852459
494.849999999879 171 31 1.2615681030445 4.20005100702576
514.166666666528 170 32 1.23980353753236 4.28146798964625
534.499999999843 169 33 1.26273950819672 3.86444770491803
539.583333333171 169 32 1.24330098360656 3.39658983606557
540.599999999837 168 33 1.22614918032787 3.60580163934426
542.633333333168 167 33 1.22173934426229 3.62840737704918
551.78333333316 166 34 1.20377067395264 3.44602295081967
561.949999999818 165 35 2.16110819672131 4.05765049180328
572.116666666475 164 36 1.24105131147541 3.43230508196721
575.166666666472 163 36 1.20584316939891 3.3079043715847
583.299999999798 163 35 1.18473934426229 3.11160491803279
584.316666666464 162 35 1.16405409836066 2.99029016393443
588.383333333127 162 34 1.16969508196721 3.00815573770492
591.433333333124 161 35 1.16348852459016 3.60105409836066
599.56666666645 160 36 1.16703790983606 3.46647151639344
600 160 36 1.13449508196721 3.06360491803279
