# New log 28/04/2014 05:31:37
1 224 32 5.91118166666667 2.19752333333333
4.04999999999999 224 31 3.48801857923498 1.13478524590164
5.06666666666665 222 29 3.8886 1.3014737704918
6.08333333333332 222 28 3.81629180327869 1.04975081967213
7.09999999999998 222 27 8.45657704918033 1.79394590163934
9.10000000000003 222 26 11.3432975 2.02234333333333
10.1000000000001 221 27 11.3071583333333 1.205525
12.1000000000002 221 26 9.43145 0.783065
13.1000000000002 220 25 7.67776166666667 0.696731666666667
15.1000000000003 217 24 9.31451083333333 0.76587
18.1333333333336 216 21 11.4708840659341 0.667677472527473
19.1500000000002 216 20 17.6534442622951 1.77859016393443
21.1833333333334 216 19 21.3755737704918 1.79881147540984
22.2 216 18 17.1002721311475 2.42584754098361
23.2166666666666 215 17 15.9694442622951 2.25638852459016
24.2333333333332 215 16 16.3204606557377 2.06777540983607
25.2499999999998 214 17 17.9301016393443 2.32738196721311
26.2666666666665 213 17 17.9842459016393 2.42003278688525
27.2833333333331 213 13 18.3869229508197 1.99918524590164
29.3166666666663 212 14 18.8675360655738 2.26050245901639
30.3333333333329 210 14 15.499006557377 2.3627131147541
34.3999999999993 210 13 12.4867934426229 1.96509754098361
44.5666666666654 209 14 17.0459993442623 1.87896819672131
46.5999999999986 209 13 17.4785057377049 3.09356557377049
47.6166666666652 208 13 15.3826508196721 3.81979180327869
62.8666666666644 207 14 16.2009071038251 2.43108819672131
64.8999999999976 206 14 17.1734893442623 2.21813032786885
67.9499999999974 205 14 16.905131147541 1.75903551912568
68.966666666664 204 14 15.8769344262295 0.890654098360656
73.0333333333305 203 14 14.4566848360656 1.20609918032787
74.0499999999971 203 13 12.1223918032787 1.25959180327869
75.0666666666637 203 12 12.3541262295082 1.06975081967213
78.1166666666635 203 11 11.8686174863388 1.33391202185792
87.266666666663 203 10 12.6401863387978 2.48993752276867
92.349999999996 202 10 10.0706750819672 3.48753770491803
96.4166666666625 201 11 10.1522860655738 3.4175118852459
103.533333333329 201 10 8.8868737704918 3.5656112412178
115.733333333328 201 9 5.12714576502732 3.68788360655738
116.749999999995 201 8 3.23195245901639 1.97374918032787
123.866666666661 200 8 3.12562716627635 2.01619531615925
131.93333333333 199 9 3.0786055785124 1.16474318181818
139.933333333337 198 10 3.06942145833333 0.540630208333333
142.933333333339 198 9 2.87033111111111 0.386217777777778
173.933333333364 197 10 2.95921801075268 0.686226827956989
196.933333333382 196 11 3.34115079710145 1.21897963768116
235.933333333413 196 10 2.35141675213675 0.265519145299145
237.933333333415 196 9 2.2690225 0.390461666666667
268.133333333418 195 10 2.78047494481236 0.460308498896247
338.283333333354 195 9 2.70906509859824 0.486076193870278
373.866666666655 195 8 2.37781545667447 0.495952131147541
501.966666666539 194 9 2.50574705958885 0.558849882903981
516.199999999859 193 9 2.53339543325527 0.6794018735363
560.933333333152 192 10 2.43596143815201 0.447130365126677
592.44999999979 192 9 2.97290216816499 0.670030248545743
596.516666666453 192 8 2.50875860655738 0.861291393442623
600 192 8 2.51550532786885 0.901155737704918
