# New log 28/04/2014 05:36:16
1 224 32 2.47614666666667 0.687515
4.04999999999999 223 32 2.27120601092896 0.68155737704918
5.06666666666665 222 31 1.98565409836066 0.66695737704918
6.08333333333332 222 28 3.58799344262295 3.69605081967213
7.09999999999998 222 27 3.68357213114754 6.1053868852459
9.10000000000003 221 28 4.6343725 0.788343333333333
12.1000000000002 218 31 3.30607666666667 0.698091666666667
13.1000000000002 217 32 2.395045 0.659218333333333
14.1000000000003 216 30 2.64428166666667 0.332973333333333
15.1000000000003 215 31 3.12121333333333 0.364881666666667
16.1000000000004 215 29 3.22849333333333 0.493873333333333
17.116666666667 214 30 2.92941803278689 0.645391803278689
18.1333333333336 213 30 4.6169868852459 1.08394754098361
19.1500000000002 210 31 8.11861639344262 0.843898360655738
23.2166666666666 209 32 7.22781434426229 1.06647336065574
24.2333333333332 208 32 9.64200983606558 0.85385737704918
26.2666666666665 207 32 4.85494016393443 0.941537704918033
28.2999999999997 205 33 8.34714754098361 1.79414836065574
31.3499999999995 203 33 7.89236338797814 2.29891038251366
34.3999999999993 201 35 3.37376174863388 1.8928043715847
36.4333333333325 200 36 3.17977868852459 1.6788
37.4499999999992 200 35 3.20890819672131 2.79751475409836
40.499999999999 200 34 3.0443868852459 2.35223169398907
42.5333333333322 198 36 4.07623114754098 3.27466393442623
44.5666666666654 198 34 4.24768524590164 3.53243442622951
45.583333333332 197 34 6.11573278688525 3.50936229508197
48.6333333333319 197 33 4.88213224043716 2.82753715846995
51.6833333333317 196 33 4.84118633879782 2.98168633879781
52.6999999999983 195 33 4.06515081967213 1.37025245901639
53.7166666666649 195 32 4.53064262295082 1.95236065573771
54.7333333333315 194 33 4.34954098360656 1.85931967213115
57.7833333333313 193 34 7.50199398907104 2.23573825136612
59.8166666666646 193 33 4.47136639344262 1.90757786885246
64.8999999999976 192 34 3.00004098360656 1.52281868852459
66.9333333333308 192 33 2.40113360655738 2.60569836065574
74.0499999999971 191 33 1.86528243559719 0.551205386416862
76.0833333333303 190 31 1.8775737704918 0.841622950819672
77.0999999999969 190 30 1.97450327868852 0.585655737704918
79.1333333333301 189 31 1.53255 0.792397540983607
86.2499999999964 188 31 2.57583957845433 1.6972981264637
89.2999999999962 188 30 1.44473606557377 1.32658852459016
91.3333333333294 188 29 1.43014180327869 1.92098606557377
95.3999999999959 187 30 1.67249467213115 2.50359672131148
103.533333333329 187 29 2.132025 1.50428995901639
120.816666666661 186 30 3.16100202507232 1.47806711668274
126.916666666661 186 29 1.65501612021858 1.32953606557377
148.933333333344 185 29 1.70498841786525 0.894140499621499
161.933333333354 185 28 1.15068423076923 0.211081666666667
162.933333333355 185 27 1.22946333333333 0.440371666666667
164.933333333357 184 28 1.16598 0.348519166666667
169.933333333361 184 27 1.150482 0.28549
174.933333333365 184 26 1.15479233333333 0.388328
176.933333333366 183 27 1.18212833333333 0.0828266666666667
181.93333333337 182 27 2.08132966666667 0.151762666666667
184.933333333373 180 27 1.40721444444444 0.186916666666667
188.933333333376 180 26 1.13921291666667 0.210797916666667
193.93333333338 179 27 1.15673633333333 0.463584
195.933333333381 179 25 1.2013475 0.0694375
199.933333333385 178 26 1.57784041666667 0.1415475
205.933333333389 178 25 1.08045194444444 0.08319
206.93333333339 177 26 1.01806666666667 0.03969
211.933333333394 176 26 1.08814033333333 0.069736
213.933333333396 176 25 1.13032333333333 0.196068333333333
221.933333333402 176 24 1.08412395833333 0.112913333333333
222.933333333403 175 24 1.080345 0.0850433333333333
223.933333333404 174 25 1.112585 0.182201666666667
226.933333333406 174 24 2.04551555555555 0.377943888888889
232.933333333411 173 24 2.34992055555555 0.552334722222222
240.933333333417 173 23 1.1957075 0.301525833333333
241.933333333418 172 24 1.08490333333333 0.092745
257.966666666761 170 26 1.11470831600832 0.170898648648649
260.000000000092 169 26 1.53094098360656 0.213986885245902
311.850000000045 168 27 1.19285210543234 0.143814336226294
323.033333333368 168 26 2.60311490312965 0.424036065573771
336.250000000023 167 26 2.52786431273644 0.406330138713745
343.366666666683 166 27 2.82344566744731 0.120018032786885
349.466666666678 166 26 1.27063415300546 0.220825409836066
355.566666666672 166 25 1.00467896174863 0.165898360655738
357.600000000003 165 26 0.973470491803278 0.134132786885246
358.616666666669 165 25 1.03341639344262 0.0821688524590164
367.766666666661 164 26 1.08079599271403 0.0788885245901639
373.866666666655 163 26 1.1507956284153 0.0492989071038251
379.96666666665 162 27 0.98234262295082 0.0503330601092896
420.633333333279 162 26 1.75199495901639 0.200083442622951
445.033333333257 161 26 0.995178346994536 0.0987976092896175
450.116666666586 160 27 1.03686721311475 0.0726472131147541
497.899999999876 160 26 1.60510143006627 0.173172340425532
503.99999999987 160 25 1.09110054644809 0.0476210382513661
506.033333333202 159 25 1.03148196721312 0.035727868852459
509.083333333199 159 24 0.967379781420765 0.18192349726776
530.43333333318 158 25 1.31325925058548 0.146327088212334
549.749999999829 156 24 1.42371768766178 0.128185073339085
551.78333333316 156 23 1.02387131147541 0.0500491803278688
555.849999999823 156 22 1.04697704918033 0.0598491803278689
569.066666666478 155 22 0.973416141235814 0.112496090794451
585.33333333313 155 21 0.961464139344263 0.103522131147541
589.399999999793 154 22 0.976019672131147 0.084258606557377
600 154 22 0.946376304023845 0.0868821162444113
