# New log 28/04/2014 06:58:12
1 224 32 2.27380333333333 9.134225
3.03333333333333 224 31 1.7844368852459 0.772146721311475
5.06666666666665 221 31 3.89937540983607 2.64964426229508
7.09999999999998 219 32 1.67579344262295 1.15599098360656
10.1000000000001 218 32 2.44217722222222 0.907352222222222
12.1000000000002 218 30 1.6017 1.131495
13.1000000000002 218 29 1.75586833333333 0.60526
15.1000000000003 218 28 2.21661416666667 1.28436166666667
16.1000000000004 218 26 1.741425 1.47650333333333
19.1500000000002 218 23 1.60516284153005 1.39090327868852
20.1666666666668 218 20 1.45542131147541 3.37278196721311
21.1833333333334 217 21 1.81795409836066 5.21703934426229
23.2166666666666 216 21 1.66077868852459 6.37069344262295
25.2499999999998 216 20 1.75637295081967 6.38184098360656
26.2666666666665 215 21 1.85301639344262 5.48331803278689
27.2833333333331 215 20 1.85382950819672 3.53875901639344
28.2999999999997 213 22 1.70552459016393 2.04807049180328
29.3166666666663 212 23 1.80278360655738 1.54656229508197
31.3499999999995 211 24 1.87870737704918 2.51084508196721
32.3666666666661 211 23 2.18882459016393 1.94346885245902
35.4166666666659 210 24 1.79987650273224 1.07143879781421
39.4833333333324 210 23 1.59421762295082 0.801444672131148
41.5166666666656 209 24 1.65371885245902 1.84881475409836
44.5666666666654 208 25 2.01581202185792 2.15353715846995
45.583333333332 207 25 2.24398360655738 2.24556229508197
47.6166666666652 207 24 1.50907459016393 1.78833032786885
49.6499999999985 206 24 1.69012049180328 1.30495901639344
50.6666666666651 205 24 1.84562950819672 1.15358360655738
52.6999999999983 204 24 1.55932704918033 2.68265737704918
53.7166666666649 204 23 1.87950327868852 2.45041147540984
56.7666666666647 204 22 1.52078032786885 2.72422841530055
61.8499999999978 204 21 1.40999803278689 2.21780163934426
63.883333333331 204 20 1.64467213114754 3.29766885245902
67.9499999999974 203 21 1.58879303278689 3.59588073770492
68.966666666664 203 20 1.45843606557377 1.68306885245902
73.0333333333305 203 19 1.59580614754098 4.22818155737705
78.1166666666635 202 20 2.11227016393443 1.34570786885246
81.1666666666633 201 20 1.90184480874317 5.15936994535519
82.18333333333 200 20 1.56693278688525 7.53916393442623
85.2333333333298 199 20 1.96827540983607 4.86098907103825
86.2499999999964 198 20 1.4562131147541 4.61979180327869
94.3833333333293 198 19 1.50440245901639 4.28267991803279
95.3999999999959 198 18 1.43208524590164 2.00294918032787
97.4333333333291 197 19 1.77930491803279 1.96450573770492
104.549999999995 197 18 2.15982177985949 1.99732857142857
122.849999999994 197 17 1.45054453551912 8.50986438979964
133.933333333332 196 17 1.42473909774436 8.14949067669173
139.933333333337 196 16 1.39394277777778 9.11625777777778
141.933333333338 195 17 1.46452583333333 10.9755375
156.93333333335 194 18 1.42762966666667 8.91546122222222
157.933333333351 193 19 1.45481666666667 5.60838166666667
160.933333333354 192 19 1.34706611111111 3.20679444444444
161.933333333354 191 19 1.33318166666667 1.68958666666667
192.933333333379 190 20 1.36835387096774 2.76734801075269
194.933333333381 189 21 1.38441166666667 3.83965
214.933333333397 188 22 1.47805558333333 3.15475991666667
219.933333333401 187 23 1.32673633333333 2.01438166666667
223.933333333404 187 22 1.4003925 1.97276333333333
237.933333333415 186 23 1.36618226190476 2.17281523809524
244.93333333342 186 22 1.47110690476191 3.2516
245.933333333421 185 23 1.3303 3.338325
251.933333333426 184 23 1.33870833333333 3.50681611111111
268.133333333418 184 22 1.31442037037037 2.85200216049383
269.150000000084 183 23 1.30849508196721 2.76272131147541
270.16666666675 183 22 1.30913606557377 3.16271803278689
280.333333333407 183 21 1.36763803278689 2.76959819672131
282.366666666739 183 20 1.28238032786885 2.53670819672131
284.40000000007 182 21 1.29699754098361 2.60663852459016
291.51666666673 181 22 1.2826355971897 2.58281756440281
293.550000000062 180 23 1.26652213114754 2.51820409836066
297.616666666725 180 22 1.25712090163934 2.42568114754098
319.983333333371 180 21 1.28479254843517 2.49849299552906
350.483333333343 179 20 1.27229147540984 2.45139540983607
383.016666666647 178 21 1.30044421106557 2.4314824795082
384.033333333313 178 20 1.23551967213115 1.27728032786885
391.149999999973 177 20 1.53469180327869 2.42401826697892
409.449999999956 176 21 1.27884353369763 2.58995391621129
411.483333333288 175 21 1.22520081967213 1.34971147540984
414.533333333285 175 20 1.23265628415301 1.4200131147541
426.733333333274 175 19 1.25404357923497 2.19642172131148
434.8666666666 175 18 1.25884733606557 4.70439979508197
488.749999999884 174 19 1.24565672749768 2.82114036498608
517.216666666525 174 18 1.2616081381733 3.00912816159251
525.349999999851 173 18 1.26732766393443 4.01774446721311
537.54999999984 173 17 1.23753346994536 3.05227459016393
540.599999999837 172 18 1.22717595628415 2.7743912568306
551.78333333316 172 17 1.19918807749627 2.49457257824143
562.966666666483 172 16 1.25048301043219 3.66976706408346
567.033333333146 171 16 1.2371262295082 3.30591229508197
571.099999999809 171 15 1.23306147540983 3.3607487704918
574.149999999806 171 14 1.24294808743169 3.52377213114754
600 171 14 1.26217509457756 3.96487244640605
