# New log 28/04/2014 07:02:10
1 224 32 5.75986833333333 2.18582333333333
4.04999999999999 223 30 4.20549071038251 1.32657049180328
5.06666666666665 222 27 3.81819836065574 1.58302786885246
6.08333333333332 220 28 3.66195081967213 1.59232131147541
7.09999999999998 220 26 4.06136393442623 1.28986229508197
10.1000000000001 219 27 4.66304833333334 1.23220277777778
11.1000000000001 218 25 4.47097833333333 1.20951666666667
12.1000000000002 216 25 4.53482166666667 0.850531666666667
13.1000000000002 216 24 5.03725833333333 0.663545
14.1000000000003 215 24 4.17410666666667 1.73912666666667
15.1000000000003 214 25 6.194345 2.31428
16.1000000000004 214 24 7.005825 2.87380666666667
18.1333333333336 213 23 8.29220409836066 2.01768770491803
19.1500000000002 212 23 9.97226885245902 1.56438360655738
20.1666666666668 210 24 13.2070032786885 1.56714098360656
21.1833333333334 209 25 15.4398491803279 2.0693737704918
23.2166666666666 209 24 11.3697368852459 1.52691229508197
25.2499999999998 208 25 10.3091549180328 0.959353278688525
29.3166666666663 208 24 9.49429836065574 1.1312118852459
31.3499999999995 207 21 7.54737295081967 1.55782868852459
34.3999999999993 206 20 7.19226448087432 1.38034754098361
36.4333333333325 205 20 5.59535573770492 0.756656557377049
37.4499999999992 204 20 4.22716721311475 0.663868852459016
38.4666666666658 204 19 4.37468852459016 0.771663934426229
39.4833333333324 204 18 4.73296721311476 0.928619672131148
43.5499999999988 204 17 5.30372172131148 1.36886639344262
44.5666666666654 204 16 4.91872131147541 1.27006393442623
47.6166666666652 203 17 4.6418218579235 1.68250218579235
48.6333333333319 200 19 4.34934426229508 1.49614754098361
51.6833333333317 200 18 4.51855737704918 1.32106775956284
54.7333333333315 199 19 4.21080054644809 1.00417322404372
57.7833333333313 198 20 4.24611256830601 2.23523551912568
58.7999999999979 197 21 4.36382950819672 2.76090983606557
60.8333333333312 196 22 4.09488114754098 3.03721967213115
64.8999999999976 195 22 4.44277581967213 3.00756352459016
69.9833333333306 195 21 4.29239836065574 3.06930032786885
73.0333333333305 195 20 4.12095519125683 4.61664480874317
74.0499999999971 195 19 4.3757131147541 4.27947213114754
77.0999999999969 195 16 4.72007049180328 4.33531530054645
80.1499999999967 194 17 5.35738087431694 4.01097759562842
82.18333333333 193 17 5.98483196721311 4.59759918032787
83.1999999999966 193 16 5.76998032786885 4.75125245901639
85.2333333333298 192 17 6.7458631147541 5.25993032786885
86.2499999999964 191 18 6.21649016393443 5.34180163934426
87.266666666663 189 19 7.53568852459016 4.06741147540984
94.3833333333293 189 18 4.56998430913349 2.97578384074941
96.4166666666625 188 19 3.22843278688525 2.6482631147541
98.4499999999957 188 18 3.70734426229508 2.94798196721311
99.4666666666623 185 20 3.42744918032787 1.33533442622951
102.516666666662 184 21 3.14591202185792 1.17350491803279
105.566666666662 183 22 3.54127213114754 1.44265792349727
119.799999999994 182 23 3.01972119437939 1.38924379391101
121.833333333328 181 24 2.98253114754098 0.925334426229508
122.849999999994 180 24 3.02133606557377 0.824163934426229
124.883333333328 180 23 3.4285737704918 1.12943196721311
125.899999999994 179 23 2.69405409836066 0.945660655737705
134.933333333333 178 23 3.87726586715867 1.3155258302583
135.933333333334 177 24 4.55815333333334 1.09495666666667
139.933333333337 176 25 4.58482625 1.12138541666667
140.933333333338 176 24 4.47813 0.923145
144.933333333341 175 24 4.49276291666667 0.761664166666667
148.933333333344 174 25 6.23062541666667 1.4220725
151.933333333346 173 25 3.58504333333333 1.01196166666667
154.933333333349 171 27 2.568735 0.658962222222222
156.93333333335 171 26 2.82796666666667 0.603885833333333
159.933333333353 169 27 2.89262277777778 0.864244444444445
161.933333333354 168 28 2.53035666666667 0.772975833333333
167.933333333359 168 27 2.75395694444445 1.01298916666667
169.933333333361 166 28 2.5812125 1.07728583333333
181.93333333337 166 27 2.6231725 1.07296541666667
184.933333333373 165 26 2.55920777777778 1.23842277777778
187.933333333375 164 27 2.59919166666667 1.09259777777778
198.933333333384 163 28 2.52842712121212 1.24580848484848
211.933333333394 162 29 2.62010628205128 1.07091705128205
226.933333333406 161 29 2.99832288888889 0.758360111111111
229.933333333408 161 28 2.57338666666667 0.612745555555556
233.933333333412 160 29 2.474945 0.658748333333333
246.933333333422 160 28 2.37236487179487 0.414725128205128
256.950000000095 159 29 2.35888069883527 0.427997171381032
267.116666666752 159 28 2.4521637704918 0.990779180327869
268.133333333418 159 27 2.71750491803279 1.31815081967213
271.183333333415 158 28 2.50929016393443 1.20014644808743
274.233333333413 157 28 2.5917693989071 1.04386338797814
275.250000000078 157 27 2.40486557377049 0.612852459016393
296.600000000059 156 27 2.57242271662764 0.452233255269321
298.63333333339 156 26 2.2785393442623 0.355945901639344
301.683333333388 156 25 2.29425683060109 0.399205464480874
310.833333333379 156 24 2.25261675774135 0.570193624772313
317.950000000039 156 23 2.26427587822014 0.575230679156909
327.100000000031 155 24 2.28994590163934 0.433157194899818
336.250000000023 154 25 2.33761985428051 0.78896320582878
367.766666666661 153 25 2.37376197778953 0.621152088841883
369.799999999992 153 24 2.40455737704918 0.5185
374.883333333321 152 25 3.7576475409836 0.641118360655738
388.099999999976 152 24 4.11790807061791 0.623175914249685
394.19999999997 152 23 4.14578387978142 0.640439890710383
399.283333333299 152 22 3.9875793442623 0.609005901639344
405.383333333293 151 22 2.43028442622951 0.458354644808743
413.516666666619 151 21 2.36611475409836 0.450249180327869
447.066666666589 151 20 2.3329172379533 0.541639493293592
461.299999999909 150 21 2.30954988290398 0.50123887587822
466.383333333238 149 20 2.31019245901639 0.45264
478.583333333227 149 19 2.38286256830601 0.562906147540984
558.89999999982 149 18 2.37802693504876 0.492447084457356
600 149 18 2.37181027588964 0.512042982806877
