# New log 28/04/2014 07:05:46
1 224 32 2.56585 0.607641666666667
4.04999999999999 223 33 3.30631147540984 0.717975409836066
5.06666666666665 221 32 4.38989836065574 0.753295081967213
6.08333333333332 220 28 4.15100983606558 0.558960655737705
7.09999999999998 220 27 3.40794262295082 0.461070491803279
8.09999999999998 220 26 2.08220333333333 0.56096
9.10000000000003 220 25 2.33712166666667 0.70624
11.1000000000001 219 26 2.67077333333333 2.4416875
12.1000000000002 218 24 4.17854166666667 2.45132
13.1000000000002 218 23 6.00128166666667 0.926635
14.1000000000003 217 24 5.28298333333333 0.723175
15.1000000000003 216 21 3.70802166666667 0.6585
16.1000000000004 215 21 3.62129833333333 0.687315
17.116666666667 215 20 5.1832393442623 0.661175409836066
18.1333333333336 215 19 4.61738196721311 0.777226229508197
19.1500000000002 215 18 4.82149508196721 0.736814754098361
21.1833333333334 213 19 5.41285245901639 0.548881147540984
25.2499999999998 213 18 5.38983483606557 0.926914344262295
29.3166666666663 212 17 6.53615122950819 1.32497254098361
30.3333333333329 212 14 5.45040655737705 0.745496721311475
31.3499999999995 209 16 5.25866557377049 0.74442131147541
32.3666666666661 209 15 3.72741967213115 0.568909836065574
36.4333333333325 208 16 3.46255532786885 1.52072827868852
42.5333333333322 207 17 2.49291202185792 1.30243879781421
43.5499999999988 206 18 3.0237737704918 2.16688852459016
44.5666666666654 205 17 3.71000819672131 2.45025901639344
45.583333333332 203 19 2.30923278688525 1.91058852459016
47.6166666666652 201 21 2.62208606557377 1.53489098360656
48.6333333333319 200 21 3.49334426229508 1.38198196721311
57.7833333333313 199 22 4.9124072859745 2.15475209471767
59.8166666666646 198 20 3.45350573770492 2.81186557377049
62.8666666666644 196 21 2.87222021857923 3.02802677595628
65.9166666666642 195 22 2.36625191256831 2.87877868852459
66.9333333333308 194 22 2.69833770491803 7.27832131147541
69.9833333333306 193 22 2.28310491803279 6.84354754098361
73.0333333333305 192 23 4.14483934426229 1.59441639344262
74.0499999999971 191 23 3.32825573770492 1.42991967213115
76.0833333333303 191 22 3.53425901639344 2.11130819672131
77.0999999999969 190 21 3.55330983606558 1.99749836065574
78.1166666666635 189 22 4.01383442622951 2.30781475409836
89.2999999999962 189 21 3.26077898658718 4.09511877794337
91.3333333333294 188 22 3.08710737704918 3.6876
95.3999999999959 187 23 2.80601352459017 3.17015368852459
103.533333333329 186 24 4.09039631147541 2.10321659836066
112.683333333328 186 23 2.89438196721312 0.807388706739526
114.716666666661 184 23 1.34436967213115 0.249513114754098
120.816666666661 184 22 1.57885054644809 0.297903278688525
121.833333333328 184 21 1.26750163934426 0.649008196721311
132.933333333331 183 22 1.27192297297297 0.988511111111111
140.933333333338 183 21 1.558195 0.651221875
143.93333333334 182 22 1.47385611111111 0.806495555555556
156.93333333335 181 23 1.38051974358974 0.518041153846154
160.933333333354 180 23 1.35113833333333 0.749449583333333
162.933333333355 180 22 1.38955333333333 0.779291666666667
182.933333333371 179 22 1.29521708333333 0.286969166666667
194.933333333381 178 21 1.20512069444444 0.258315555555556
195.933333333381 177 20 1.17407833333333 0.240708333333333
196.933333333382 176 20 1.17535 0.22616
197.933333333383 175 21 1.05632833333333 0.10257
202.933333333387 175 20 1.07351266666667 0.260166
211.933333333394 175 19 1.58128166666667 0.194765740740741
227.933333333407 174 19 1.94724010416667 0.272355104166667
228.933333333408 173 20 1.06378333333333 0.285515
246.933333333422 173 19 1.07856722222222 0.176321018518519
272.200000000081 173 18 1.06993482849604 0.45318845646438
278.300000000076 172 18 1.0825956284153 0.495523224043716
292.533333333396 172 17 1.09933419203747 0.474642974238876
329.133333333363 172 16 1.17254817850637 0.348799590163934
330.150000000028 171 16 1.1224 0.0331754098360656
331.166666666694 170 17 1.21264754098361 0.0687426229508197
363.699999999998 170 16 1.08818883196721 0.140789241803279
367.766666666661 169 17 1.0576 0.0351991803278689
379.96666666665 168 18 0.99007868852459 0.0487864754098361
386.066666666644 167 19 1.51890737704918 0.234760382513661
387.08333333331 166 20 1.01042786885246 0.0786032786885246
388.099999999976 165 21 1.00339344262295 0.0912983606557377
396.233333333302 165 20 1.11334385245902 0.11607868852459
404.366666666628 164 21 1.0679106557377 0.101186270491803
408.433333333291 164 20 0.968020491803279 0.160229508196721
409.449999999956 163 21 0.98222131147541 0.0960491803278689
412.499999999954 162 21 0.991464480874317 0.108604371584699
416.566666666616 161 22 0.999704918032787 0.096519262295082
420.633333333279 161 21 0.93648524590164 0.132927049180328
425.716666666608 160 21 0.937812131147542 0.0667983606557377
430.799999999937 160 20 0.950218032786886 0.144871147540984
433.849999999934 159 21 0.931913661202186 0.0779459016393443
439.949999999929 158 22 0.931083879781421 0.119139344262295
444.016666666592 157 23 1.02034303278689 0.0933959016393443
458.249999999912 157 22 0.987699063231849 0.09331018735363
462.316666666575 156 23 0.996838934426229 0.161635245901639
468.416666666569 155 23 0.936582240437159 0.0800964480874317
483.666666666555 154 24 0.920939672131147 0.0694960655737705
484.683333333221 153 25 0.908055737704918 0.102801639344262
492.816666666547 152 25 1.00636454918033 0.107898155737705
495.866666666544 150 27 0.901134426229508 0.0756868852459016
497.899999999876 150 26 0.888224590163935 0.0779524590163935
498.916666666542 149 26 0.894632786885246 0.152575409836066
506.033333333202 148 26 0.989323419203747 0.0909559718969555
507.049999999868 147 27 0.892850819672131 0.00688524590163934
516.199999999859 146 28 0.91166029143898 0.0478688524590164
522.299999999854 145 29 0.93437349726776 0.0301232240437158
532.466666666511 144 29 0.922488524590164 0.0235149180327869
533.483333333177 144 28 0.88222131147541 0.00116393442622951
579.233333333135 143 29 0.976650309653918 0.0373484881602914
597.533333333119 142 30 0.884038251366121 0.0440133879781421
598.549999999784 142 29 0.872127868852459 0.000260655737704918
600 142 29 0.850009836065574 0.000914754098360656
