# New log 28/04/2014 06:25:36
1 224 32 5.65185333333333 2.972555
4.04999999999999 224 27 3.61748306010929 1.09084480874317
5.06666666666665 222 26 2.89830327868852 0.79215737704918
6.08333333333332 221 26 3.86408360655738 0.871995081967213
7.09999999999998 221 25 3.42650819672131 0.949695081967213
8.09999999999998 220 25 3.84016833333333 1.08951166666667
9.10000000000003 219 25 3.93702666666667 1.27395666666667
10.1000000000001 219 24 3.87028166666667 0.804508333333333
11.1000000000001 219 23 3.39808666666667 0.821436666666667
12.1000000000002 219 21 3.42577166666667 0.810635
13.1000000000002 218 22 3.83383166666667 0.967465
14.1000000000003 218 21 6.882005 1.22310666666667
15.1000000000003 217 21 5.56340833333333 1.38888666666667
19.1500000000002 217 20 4.3480353909465 0.32109341563786
20.1666666666668 216 21 4.64215081967213 0.36195737704918
22.2 216 19 4.49276967213115 0.426509836065574
24.2333333333332 216 18 4.73526393442623 0.733069672131147
25.2499999999998 215 16 4.51212950819672 0.806970491803279
27.2833333333331 214 16 4.31760819672131 0.905710655737705
29.3166666666663 214 15 4.06655409836066 1.06423524590164
30.3333333333329 214 14 4.74075573770492 1.23629672131148
31.3499999999995 214 13 3.84713442622951 0.856126229508197
32.3666666666661 212 15 3.28289508196721 0.506834426229508
35.4166666666659 211 15 3.88589836065574 0.932105464480874
36.4333333333325 210 16 5.35908032786885 1.52929016393443
37.4499999999992 209 17 4.64807868852459 1.33754426229508
39.4833333333324 208 18 3.60767131147541 1.4766237704918
46.5999999999986 207 19 3.75017658079625 1.39446955503513
47.6166666666652 207 18 3.32515409836066 1.61325409836066
48.6333333333319 206 17 3.18799672131148 1.93253278688525
49.6499999999985 205 17 3.53180655737705 2.38051967213115
52.6999999999983 204 17 3.62323005464481 2.91144153005465
53.7166666666649 203 17 3.65342459016393 2.08207049180328
56.7666666666647 202 17 3.53787978142077 2.06542896174863
57.7833333333313 201 18 5.46257704918033 2.14027868852459
66.9333333333308 200 17 5.3582408014572 2.64072295081967
72.0166666666639 200 16 3.97413442622951 2.49379639344262
74.0499999999971 199 17 3.03635737704918 2.08843852459016
78.1166666666635 198 18 2.75094590163935 1.46649590163934
81.1666666666633 197 18 2.66726666666667 2.82199945355191
83.1999999999966 197 17 2.59889672131148 2.79123770491803
84.2166666666632 196 18 2.61720655737705 3.69442786885246
86.2499999999964 195 18 2.59189262295082 3.28002786885246
89.2999999999962 195 17 2.79355081967213 1.40532076502732
93.3666666666627 194 18 4.01436885245901 1.49295614754098
109.633333333328 193 19 3.92114006147541 1.34369549180328
110.649999999995 193 18 3.83430163934426 1.64553278688525
120.816666666661 193 17 2.67265262295082 1.26924672131148
131.93333333333 193 16 2.45504692653673 1.50947796101949
137.933333333335 192 17 2.4521725 1.39811083333333
138.933333333336 191 18 2.41242333333333 1.610105
156.93333333335 190 19 2.39346194444444 1.28206074074074
161.933333333354 190 18 2.414176 0.912896333333333
167.933333333359 190 17 2.41132944444445 0.812633055555556
179.933333333369 190 16 2.40405055555555 0.438039305555556
190.933333333377 189 16 2.88111151515152 0.457811060606061
213.933333333396 189 15 3.39192275362318 0.615681739130435
248.933333333424 188 16 2.87591004761905 0.430129
258.983333333426 187 17 2.81102968490879 0.363203150912106
297.616666666725 187 16 2.81158088869716 0.332668205349439
304.733333333385 187 15 2.8409831381733 0.255625526932084
309.816666666714 186 16 2.75174950819672 0.219169836065574
332.18333333336 186 15 2.78075439642325 0.263955737704918
333.200000000026 186 14 2.73382786885246 0.200434426229508
395.216666666636 185 15 2.77021566783123 0.251565815640957
399.283333333299 184 16 2.78583442622951 0.247333196721311
401.31666666663 184 15 2.85564754098361 0.217323770491803
402.333333333296 184 14 2.80850655737705 0.24915737704918
403.349999999962 183 14 2.7154 0.243168852459016
406.399999999959 183 13 2.78951256830601 0.250974863387978
408.433333333291 182 14 2.78848770491803 0.203611475409836
452.149999999917 181 15 2.77797129241327 0.28283023255814
456.21666666658 180 15 2.82755655737705 0.304660655737705
473.499999999898 180 14 2.73160289296046 0.308472324011572
508.066666666533 179 14 2.72905057859209 0.286214079074253
526.366666666517 179 13 2.80125455373406 0.330751730418944
554.833333333157 178 14 3.05364133489462 0.347345023419204
562.966666666483 178 13 2.71067069672131 0.350961885245902
600 178 13 2.21747917589721 0.221935046521932
