# New log 28/04/2014 06:28:55
1 224 32 2.46011166666667 1.50825166666667
3.03333333333333 224 31 2.04446885245902 0.713625409836066
5.06666666666665 222 30 2.93147131147541 0.860344262295082
6.08333333333332 222 26 3.36491639344262 0.714436065573771
7.09999999999998 221 25 4.02670327868853 1.71338852459016
8.09999999999998 220 25 3.29293833333333 1.02164333333333
9.10000000000003 220 24 2.50129166666667 0.87374
10.1000000000001 220 22 2.79475333333333 0.910718333333333
11.1000000000001 220 20 3.26416166666667 0.433376666666667
13.1000000000002 217 21 2.77867833333333 0.928016666666667
14.1000000000003 217 20 3.06623 0.490128333333333
15.1000000000003 216 19 3.501455 0.582728333333333
18.1333333333336 216 18 5.8061510989011 1.47027087912088
23.2166666666666 215 18 4.20733147540984 0.991611147540984
26.2666666666665 214 19 5.2150131147541 0.848185792349727
28.2999999999997 213 19 3.77934836065574 0.656863114754098
29.3166666666663 212 20 4.32219508196721 0.931296721311475
30.3333333333329 211 21 3.73490983606557 0.918690163934426
31.3499999999995 211 20 4.14389836065574 0.835493442622951
34.3999999999993 210 21 3.2368043715847 0.793672131147541
35.4166666666659 210 20 3.72760819672131 0.991147540983607
38.4666666666658 209 21 3.67517704918033 1.06585081967213
40.499999999999 208 21 3.55659754098361 1.08872704918033
43.5499999999988 207 21 4.78897103825137 2.27835846994536
44.5666666666654 205 22 6.20436721311475 2.31678196721311
45.583333333332 204 22 4.92182295081967 2.08951803278689
48.6333333333319 203 23 4.43014699453552 2.25901639344262
51.6833333333317 201 24 5.18193661202186 4.96367759562842
52.6999999999983 200 25 4.97999672131148 2.1851393442623
53.7166666666649 200 24 4.50254590163935 2.33532295081967
54.7333333333315 199 25 3.88825737704918 2.78602131147541
59.8166666666646 199 24 2.76796327868852 3.12585114754098
60.8333333333312 199 23 3.45532950819672 2.79422950819672
67.9499999999974 199 22 2.33054332552694 2.3086662763466
72.0166666666639 199 21 4.17857008196721 1.52591598360656
77.0999999999969 198 22 2.25913573770492 1.36052786885246
90.3166666666628 197 20 2.34305208070618 3.87755725094578
93.3666666666627 197 19 2.23047978142076 5.95364426229508
95.3999999999959 196 20 2.53696229508197 9.16148852459017
100.483333333329 196 19 2.66317836065574 5.07454557377049
103.533333333329 195 19 4.72443005464481 3.74980710382514
106.583333333329 195 18 4.08370601092896 5.10333224043716
109.633333333328 194 18 2.40596721311475 4.82158032786885
110.649999999995 193 19 2.57010163934426 1.64461475409836
116.749999999995 193 18 1.5830281420765 2.13463551912568
130.93333333333 192 19 1.34891985898942 1.24398683901293
167.933333333359 191 20 1.27814369369369 0.617978873873874
170.933333333362 189 21 1.092865 0.512808333333333
171.933333333362 188 22 1.14647666666667 0.58498
172.933333333363 187 22 1.09782833333333 0.469998333333333
179.933333333369 186 21 1.11145095238095 0.896259761904762
181.93333333337 186 20 1.59273083333333 0.565395833333333
185.933333333373 185 20 1.83129791666667 0.672801666666667
189.933333333377 184 21 1.16314041666667 0.451019166666667
190.933333333377 183 22 0.979198333333334 0.249825
191.933333333378 181 24 0.9655 0.27231
193.93333333338 179 25 1.17949583333333 0.318739166666667
264.066666666755 179 24 1.13694108840304 0.376773859315589
273.216666666747 178 25 1.02965956284153 0.349550273224044
280.333333333407 178 24 0.999892974238876 0.257891569086651
292.533333333396 177 25 1.09927691256831 0.285714890710383
293.550000000062 177 24 0.955224590163934 0.258085245901639
300.666666666722 176 25 0.981206791569087 0.221293442622951
309.816666666714 176 24 1.29736557377049 0.223681056466302
324.050000000034 176 23 1.24756007025761 0.203051053864169
327.100000000031 175 24 1.36821038251366 0.177943169398907
328.116666666697 175 23 1.00210655737705 0.153437704918033
330.150000000028 175 22 1.01300901639344 0.107181967213115
338.283333333354 175 21 1.11982151639344 0.162788319672131
342.350000000017 174 21 1.03721106557377 0.197320491803279
360.650000000001 172 23 0.996866848816028 0.0914891621129326
389.116666666641 172 21 0.995405854800935 0.0450180327868852
390.133333333307 172 20 0.962818032786885 0.0175885245901639
393.183333333304 171 21 1.17150983606557 0.0880262295081967
399.283333333299 170 22 0.924720491803279 0.0327472677595628
417.583333333282 170 21 1.01994016393443 0.0337692167577413
421.649999999945 170 20 0.926239754098361 0.0590364754098361
423.683333333277 169 21 1.04942950819672 0.0689385245901639
425.716666666608 168 21 0.871841803278688 0.0113049180327869
450.116666666586 168 20 0.924717964480873 0.111627322404372
455.199999999915 167 20 0.948277049180328 0.0571681967213115
461.299999999909 167 19 1.15731420765027 0.0675475409836066
494.849999999879 167 18 1.21895419771485 0.114631147540984
600 167 18 0.929803436317777 0.0300850725094578
