# New log 28/04/2014 06:21:20
1 224 32 2.35751166666667 7.28424833333333
3.03333333333333 224 31 1.91919262295082 0.961550819672131
4.04999999999999 223 32 1.57033114754098 1.63530819672131
5.06666666666665 222 31 3.60511147540984 1.19331967213115
6.08333333333332 222 30 3.93601475409836 1.03765081967213
9.10000000000003 222 29 4.66966850828729 2.68521602209945
10.1000000000001 222 27 4.13656666666667 3.05222833333333
11.1000000000001 221 28 3.79614333333333 3.20998
13.1000000000002 221 27 4.09991416666667 5.07602666666667
14.1000000000003 220 28 4.06892166666667 3.85183166666667
16.1000000000004 218 30 3.73435083333333 4.68177333333333
17.116666666667 218 29 4.09504262295082 5.53259836065574
19.1500000000002 216 30 3.72531721311476 7.58153196721312
20.1666666666668 215 31 3.57231967213115 6.86964098360656
21.1833333333334 213 32 3.45666721311476 7.02599016393443
22.2 213 31 3.58799836065574 7.0858262295082
24.2333333333332 213 30 3.21100491803279 6.89310573770492
25.2499999999998 213 29 3.94002295081967 9.19134098360656
28.2999999999997 212 29 3.05789836065574 10.0320032786885
33.3833333333327 211 29 3.69383803278689 6.96232032786885
36.4333333333325 210 29 3.81556010928962 2.01528196721311
37.4499999999992 210 28 3.87586065573771 1.92636229508197
38.4666666666658 210 26 3.54372295081967 1.49410163934426
40.499999999999 210 25 3.56224344262295 2.41055327868852
52.6999999999983 209 26 2.96447131147541 2.54935409836066
57.7833333333313 209 25 2.47666196721311 2.13963672131148
65.9166666666642 208 25 2.07651639344262 1.91100286885246
68.966666666664 207 26 2.56981256830601 1.56845683060109
70.9999999999973 206 25 2.22641557377049 3.80919426229508
72.0166666666639 206 24 2.28954918032787 4.92796229508197
73.0333333333305 205 25 2.34426885245902 5.77346065573771
79.1333333333301 205 24 1.85878169398907 5.74691693989071
82.18333333333 204 25 1.58855027322404 2.78026120218579
84.2166666666632 203 26 1.52859754098361 10.3272852459016
85.2333333333298 201 27 1.54740819672131 7.96895409836066
93.3666666666627 200 27 1.97461209016394 1.72690860655738
98.4499999999957 199 27 1.78362131147541 3.78300590163934
104.549999999995 198 27 1.73291010928962 1.15905765027322
110.649999999995 197 28 1.7824106557377 4.93936830601093
116.749999999995 195 30 1.75097049180328 8.70294234972678
117.766666666661 194 31 1.72126885245902 3.97404918032787
123.866666666661 194 30 2.03760464480875 4.48295928961749
131.93333333333 194 29 1.43610785123967 4.86980495867769
132.933333333331 193 29 1.55196166666667 2.43814666666667
136.933333333334 193 28 1.4706425 1.76428208333333
142.933333333339 192 28 1.35084694444444 1.5955975
150.933333333346 191 28 1.47153083333333 2.14579166666667
151.933333333346 190 29 1.36746833333333 4.63250666666667
152.933333333347 190 28 1.47576 2.59554666666667
155.93333333335 190 27 1.54583111111111 1.83034777777778
160.933333333354 189 28 1.36888466666667 1.73837633333333
162.933333333355 188 29 1.36951333333333 1.67317666666667
165.933333333358 188 28 1.37484055555556 1.72352166666667
171.933333333362 187 29 1.38630583333333 1.79272861111111
173.933333333364 186 30 1.443105 1.77836916666667
179.933333333369 185 31 1.34424638888889 1.65144194444444
182.933333333371 184 31 1.30314722222222 1.56081055555556
189.933333333377 183 32 1.30375095238095 2.21260404761905
199.933333333385 182 33 1.3240725 2.31636916666667
202.933333333387 180 33 1.286735 2.31345222222222
204.933333333389 179 34 1.33161333333333 2.41456083333333
212.933333333395 179 33 1.360634375 2.37668833333333
213.933333333396 179 32 1.364235 2.35313833333333
218.9333333334 178 33 1.33404433333333 2.68432166666667
220.933333333401 177 34 1.29764583333333 3.086125
222.933333333403 176 34 1.3292325 3.15377333333333
229.933333333408 176 33 1.27033166666667 3.14830714285714
247.933333333423 175 33 1.30272898148148 3.68557092592593
251.933333333426 175 32 1.30719083333333 3.61819333333333
255.933333333429 174 33 1.28518416666667 3.30923833333333
257.966666666761 173 34 1.28291147540984 3.26347213114754
260.000000000092 172 34 1.26961967213115 3.4545237704918
261.016666666758 171 35 1.30747868852459 4.628
263.050000000089 170 36 1.25179180327869 4.86175491803279
267.116666666752 169 36 1.27190614754098 4.94650491803279
272.200000000081 167 37 1.25223245901639 3.93012262295082
280.333333333407 167 36 1.28128852459016 4.37107028688525
283.383333333404 166 37 1.28138524590164 3.87444863387978
287.450000000067 165 38 1.24672786885246 3.37869221311475
288.466666666733 164 39 1.23683114754098 3.0749262295082
303.716666666719 163 40 1.2418306010929 2.89385584699454
311.850000000045 162 41 1.18905307377049 3.04480635245902
312.866666666711 161 42 1.20910983606557 4.34153770491803
315.916666666708 161 41 1.20675136612022 6.25242021857923
326.083333333365 160 42 1.26527016393443 6.60594098360656
329.133333333363 160 41 1.4097087431694 5.19616448087432
330.150000000028 159 42 1.2623737704918 5.15204426229508
331.166666666694 158 43 1.39257049180328 4.26839344262295
334.216666666691 158 42 1.35777431693989 3.55217158469945
336.250000000023 157 43 1.19669836065574 3.54829426229508
337.266666666689 157 42 1.24820163934426 3.55114426229508
338.283333333354 157 41 1.21506065573771 3.55842950819672
343.366666666683 156 41 1.20565508196721 3.5718
345.400000000015 156 40 1.34675655737705 3.59302459016393
351.500000000009 156 39 1.16491448087432 3.43981010928962
354.550000000006 155 40 1.14585901639344 3.53960710382514
356.583333333338 154 40 1.14749344262295 3.73616229508197
358.616666666669 153 40 1.12890327868852 3.41501229508197
359.633333333335 152 41 1.10842459016393 3.49575901639344
365.733333333329 152 40 1.07516092896175 3.13311803278689
367.766666666661 152 39 1.05552131147541 3.1669631147541
388.099999999976 152 38 1.25908459016393 3.82860549180328
401.31666666663 152 37 1.19668827238336 4.5985580075662
410.466666666622 151 37 1.10191293260474 4.20327923497268
412.499999999954 151 36 1.09138770491803 4.1805131147541
416.566666666616 150 36 1.09433237704918 4.06935860655738
421.649999999945 149 36 1.10163573770492 4.09466065573771
432.833333333268 149 35 1.08137481371088 4.58953353204173
440.966666666594 149 34 1.08853278688524 5.42106065573771
459.266666666578 149 32 1.11341766848816 3.93031438979964
472.483333333232 149 31 1.31314981084489 3.44096179066835
475.53333333323 149 30 1.63135519125683 3.67905573770492
491.799999999881 148 31 1.6544625 3.64388258196721
494.849999999879 148 30 1.64660218579235 3.7762781420765
500.949999999873 147 30 1.65538989071038 3.65305136612022
508.066666666533 146 30 1.60601264637002 3.5123850117096
520.266666666522 145 31 1.55326953551912 3.3777237704918
534.499999999843 145 30 1.60079648711944 3.39195807962529
541.616666666503 144 31 1.55271639344262 3.91271428571429
543.649999999834 144 30 1.54569508196721 4.07029672131148
552.799999999826 144 29 1.54385537340619 4.05268451730419
553.816666666492 143 30 1.60080983606557 4.01058360655738
555.849999999823 142 31 1.52492704918033 4.00859180327869
557.883333333155 142 30 1.57141803278689 5.28375409836066
561.949999999818 142 29 1.53660040983607 4.96671926229508
570.083333333144 141 29 1.07319077868852 4.08422110655738
600 141 29 0.969527486338798 4.03410546448087
