# New log 28/04/2014 03:50:02
1 224 32 5.20620666666667 2.25394333333333
3.03333333333333 224 31 4.02423196721312 0.695213114754098
4.04999999999999 222 32 4.0657737704918 0.66185737704918
5.06666666666665 220 29 4.31783278688525 0.846913114754098
7.09999999999998 219 29 4.45178524590164 0.562650819672131
8.09999999999998 219 27 5.15836 0.69923
9.10000000000003 218 26 3.84448666666667 0.533705
10.1000000000001 217 26 3.64131166666667 0.51826
11.1000000000001 217 25 5.01577166666667 0.626416666666667
12.1000000000002 217 24 4.02579666666667 0.522448333333333
13.1000000000002 217 21 4.13073833333333 0.750203333333333
14.1000000000003 217 20 4.11677166666667 0.541678333333333
15.1000000000003 217 19 6.73727333333333 0.68755
16.1000000000004 217 18 5.59951833333333 0.607045
17.116666666667 216 16 5.69658032786885 0.524862295081967
19.1500000000002 215 16 5.19598852459016 0.961948360655738
23.2166666666666 214 17 4.68383360655737 1.60419303278689
24.2333333333332 213 18 3.80859836065574 0.835711475409836
25.2499999999998 212 18 3.83192786885246 0.955318032786885
27.2833333333331 212 17 3.92010491803279 0.935110655737705
28.2999999999997 212 16 3.78502786885246 1.08710327868852
29.3166666666663 212 15 3.49636885245902 1.0619393442623
30.3333333333329 212 14 4.11082459016394 1.70146721311475
32.3666666666661 212 13 4.60563196721311 1.57178524590164
33.3833333333327 210 14 4.21912786885246 1.31361803278689
35.4166666666659 210 13 5.82979508196721 1.25280081967213
36.4333333333325 209 14 6.30525081967213 0.994027868852459
44.5666666666654 209 13 6.12534836065574 2.01502663934426
48.6333333333319 208 13 3.57528606557377 2.71693442622951
51.6833333333317 207 13 3.27509016393443 1.99853661202186
52.6999999999983 207 12 4.64397704918033 2.42074262295082
53.7166666666649 206 13 4.60765737704918 2.1823131147541
62.8666666666644 206 12 4.03558706739526 2.0767664845173
65.9166666666642 206 11 3.82559234972677 2.36274426229508
66.9333333333308 205 11 2.9321 2.72357213114754
70.9999999999973 205 10 3.16880655737705 1.6451262295082
77.0999999999969 205 9 3.91587950819672 1.46484918032787
83.1999999999966 204 10 2.72579672131148 1.25454945355191
91.3333333333294 204 9 2.50462520491803 1.01229774590164
92.349999999996 204 8 2.56386065573771 0.88996393442623
94.3833333333293 204 7 2.98638196721311 0.946253278688525
99.4666666666623 203 7 2.66764360655738 1.0775593442623
114.716666666661 201 9 2.75212032786885 0.907988961748634
123.866666666661 200 10 2.72926010928962 1.12099672131148
127.933333333327 199 11 2.56496844262295 1.00733442622951
129.933333333329 199 10 2.50832666666667 0.691455
132.933333333331 199 9 2.43341444444444 0.624157222222222
136.933333333334 199 8 2.612995 0.688260833333333
157.933333333351 198 9 2.59440912698413 0.662738253968254
159.933333333353 198 8 2.45724083333333 0.574859166666667
193.93333333338 198 7 2.42850230392157 0.679165490196079
210.933333333393 198 6 2.42178833333333 0.772254705882353
212.933333333395 198 5 2.44703666666667 0.331321666666667
271.183333333415 198 4 2.42844369098712 0.346612932761087
491.799999999881 198 3 2.63258108332705 0.305027596887512
590.416666666458 198 2 2.63240922764913 0.320147405779956
600 198 2 2.66690344262295 0.318922131147541
