# New log 28/04/2014 03:53:12
1 224 32 2.63636 0.815635
4.04999999999999 224 31 2.23864153005465 0.694048087431694
5.06666666666665 222 31 2.10508196721312 1.7601737704918
6.08333333333332 221 31 1.96906885245902 1.0431262295082
7.09999999999998 218 33 1.82119672131148 0.335983606557377
8.09999999999998 217 33 2.53029666666667 0.79994
11.1000000000001 217 31 3.65952333333333 0.930261111111111
12.1000000000002 215 31 5.83053333333333 0.923661666666667
13.1000000000002 215 29 7.842135 1.858115
14.1000000000003 214 29 8.56497 2.21543
16.1000000000004 213 29 9.51144083333334 2.78401166666667
17.116666666667 213 27 6.39411967213115 1.61782131147541
18.1333333333336 213 26 5.13285737704918 1.01413278688525
19.1500000000002 212 25 5.20314262295082 1.21121967213115
22.2 212 24 3.47868196721312 0.647694535519126
23.2166666666666 212 23 3.59285901639344 0.719901639344262
24.2333333333332 212 22 3.51195901639344 0.748126229508197
25.2499999999998 210 24 2.92960163934426 1.96902295081967
27.2833333333331 208 25 2.90134918032787 1.55441065573771
30.3333333333329 207 26 3.53433169398907 0.728721857923497
32.3666666666661 205 26 3.98080163934426 0.757191803278689
33.3833333333327 204 27 4.29565901639344 0.962031147540984
34.3999999999993 204 26 5.40625081967213 0.920796721311476
35.4166666666659 203 25 6.32476229508197 1.60352786885246
36.4333333333325 203 24 4.04672786885246 1.12670655737705
38.4666666666658 203 23 3.00152540983607 0.751248360655738
39.4833333333324 203 22 2.99288524590164 0.519077049180328
41.5166666666656 203 21 2.45183606557377 1.23607950819672
46.5999999999986 202 22 2.79072819672131 0.822395081967213
47.6166666666652 202 21 4.90899344262295 2.31046885245902
51.6833333333317 201 22 3.12275983606557 2.33272745901639
52.6999999999983 201 21 3.7790868852459 1.95942950819672
53.7166666666649 200 21 2.29215737704918 2.57994754098361
54.7333333333315 198 22 2.80679836065574 1.95088196721312
56.7666666666647 197 23 3.44098114754099 1.99105245901639
60.8333333333312 197 21 2.91065450819672 5.66899590163935
61.8499999999978 196 22 3.07050655737705 2.72724098360656
62.8666666666644 196 21 3.04986557377049 3.79470491803279
63.883333333331 195 21 3.4983393442623 6.18879344262295
65.9166666666642 194 22 3.4658368852459 2.23607459016393
67.9499999999974 193 23 3.3465131147541 2.39475163934426
68.966666666664 192 22 2.89760163934426 1.87061639344262
72.0166666666639 192 20 2.76761584699454 1.65801912568306
75.0666666666637 191 21 2.36908032786885 4.32216338797814
76.0833333333303 190 20 2.23976557377049 5.06993442622951
79.1333333333301 190 19 2.15873497267759 2.79328743169399
80.1499999999967 190 18 2.33677049180328 2.65045737704918
81.1666666666633 189 18 2.00451147540984 1.93523606557377
82.18333333333 188 19 2.02070327868852 2.20518032786885
88.2833333333296 187 20 1.94363879781421 2.15169863387978
92.349999999996 186 21 1.97095327868852 0.829527868852459
100.483333333329 185 21 2.16350327868852 0.723095081967213
111.666666666662 185 20 2.40409731743666 0.708256631892698
112.683333333328 185 19 1.37705737704918 0.608749180327869
114.716666666661 184 19 2.09304918032787 0.509175409836066
119.799999999994 183 20 1.34994262295082 0.349908852459016
128.933333333328 183 19 1.2832598540146 0.332003649635037
132.933333333331 182 20 1.2892125 0.272764166666667
135.933333333334 181 21 1.27294055555556 0.230027777777778
139.933333333337 180 22 1.7381475 0.282428333333333
141.933333333338 179 22 1.4198125 0.267289166666667
143.93333333334 178 23 1.776735 0.31888
144.933333333341 177 24 1.35153833333333 0.24138
152.933333333347 177 23 1.19007333333333 0.231058333333333
156.93333333335 176 23 1.18628166666667 0.16965125
160.933333333354 176 22 2.86925791666667 0.334987083333333
163.933333333356 175 23 3.050585 0.474501111111111
173.933333333364 174 24 1.56971783333333 0.4750195
176.933333333366 173 25 1.09994777777778 0.124836666666667
180.933333333369 173 23 1.1808825 0.3491925
182.933333333371 172 24 1.1899725 0.146355
184.933333333373 172 23 1.28863916666667 0.1573975
185.933333333373 172 22 1.17556333333333 0.159165
192.933333333379 172 21 1.17641666666667 0.165051904761905
196.933333333382 171 22 1.3107225 0.174269583333333
198.933333333384 170 22 1.903265 0.334663333333333
201.933333333386 170 21 1.65671444444444 0.188711666666667
207.933333333391 170 20 1.13241666666667 0.186031666666667
226.933333333406 170 19 1.39401377192982 0.362599385964912
241.933333333418 169 20 1.59830455555556 0.244590777777778
249.933333333424 168 20 1.33297854166667 0.223961875
280.333333333407 167 20 1.11932664473684 0.234148793859649
282.366666666739 166 21 1.13989754098361 0.291061475409836
292.533333333396 165 22 1.22640655737705 0.358987049180328
295.583333333393 164 23 1.11990765027322 0.305942076502732
299.650000000056 164 22 1.35704057377049 0.324912295081967
303.716666666719 162 23 1.25057745901639 0.34371106557377
306.766666666716 160 24 1.1805956284153 0.336443169398907
308.800000000048 159 25 1.12987213114754 0.408922950819672
311.850000000045 158 26 1.05576885245902 0.332787978142077
312.866666666711 158 25 1.44737049180328 0.643837704918033
313.883333333377 158 24 1.11042459016393 0.222990163934426
319.983333333371 157 24 2.02916775956284 0.502339071038251
330.150000000028 155 26 2.09199524590164 0.387997704918033
336.250000000023 154 26 1.05250491803279 0.206886338797814
338.283333333354 153 27 1.02259672131148 0.228979508196721
340.316666666686 152 27 1.06100081967213 0.160344262295082
352.516666666675 151 27 1.03277035519126 0.225338661202186
354.550000000006 151 26 1.05173770491803 0.237704918032787
375.899999999987 151 25 1.08514176424668 0.212310304449649
379.96666666665 150 26 1.04251024590164 0.200494672131148
380.983333333316 149 27 1.04875409836066 0.204281967213115
383.016666666647 148 28 1.00949590163934 0.180409016393443
384.033333333313 147 29 1.08530327868852 0.256122950819672
386.066666666644 146 30 1.00852049180328 0.192824590163934
391.149999999973 145 31 1.00317803278688 0.230959344262295
414.533333333285 145 30 1.11176735566643 0.243680541696365
416.566666666616 144 30 1.20570409836066 0.265627868852459
430.799999999937 143 30 0.971886651053864 0.220961943793911
456.21666666658 142 31 0.967299868852459 0.192759213114754
463.333333333241 142 30 0.952046604215458 0.184375409836066
471.466666666567 141 31 0.951806967213115 0.177788729508197
476.549999999895 140 32 0.971911475409835 0.213694754098361
496.88333333321 139 33 0.959116557377049 0.201572459016393
500.949999999873 138 34 0.92948893442623 0.174961475409836
506.033333333202 137 34 0.911831803278689 0.193890819672131
508.066666666533 136 35 1.08881393442623 0.216118032786885
523.316666666519 135 36 0.959486994535519 0.187889289617486
532.466666666511 134 37 0.960669216757741 0.220313296903461
537.54999999984 133 37 0.960515737704918 0.185568852459016
548.733333333163 132 37 0.979736959761551 0.212870193740686
550.766666666494 131 37 0.98227131147541 0.186461475409836
554.833333333157 131 36 0.925050819672131 0.175205737704918
564.999999999815 131 35 1.26140196721311 0.194003442622951
578.216666666469 130 35 1.22644539722573 0.193739092055485
584.316666666464 130 34 0.904651092896174 0.168943989071038
588.383333333127 129 35 0.947381967213115 0.17107868852459
589.399999999793 129 34 0.884693442622951 0.134088524590164
600 129 34 0.953540089418778 0.158738152011923
