# New log 28/04/2014 03:46:37
1 224 32 2.362585 7.18186333333333
3.03333333333333 224 31 1.5363106557377 0.937998360655738
4.04999999999999 223 31 1.68941147540984 1.21483442622951
5.06666666666665 223 30 3.09657213114754 3.28205901639344
11.1000000000001 223 29 2.17116519337017 4.77077541436464
12.1000000000002 222 29 1.87847833333333 3.29549
15.1000000000003 222 28 2.46907277777778 4.44525388888889
16.1000000000004 221 27 2.86641833333333 5.36701
17.116666666667 220 28 2.36127540983607 5.74102459016394
18.1333333333336 220 27 1.98907868852459 5.21239344262295
20.1666666666668 220 26 1.60230573770492 7.19447950819672
21.1833333333334 220 24 1.56639508196721 6.44778360655738
23.2166666666666 219 23 1.66345737704918 4.83941557377049
24.2333333333332 218 23 1.63906557377049 4.13948852459016
25.2499999999998 217 23 2.20323278688525 4.78586393442623
26.2666666666665 216 24 1.9442262295082 4.78590327868852
33.3833333333327 215 25 1.83191779859485 3.12239929742389
34.3999999999993 214 26 1.59297213114754 2.25825737704918
35.4166666666659 214 25 1.71183770491803 3.38097049180328
37.4499999999992 214 24 2.16644344262295 4.02369262295082
42.5333333333322 213 24 1.75448098360656 5.19003213114754
43.5499999999988 212 25 1.38260819672131 5.57930491803279
44.5666666666654 212 24 1.4770131147541 6.82679836065574
45.583333333332 211 25 1.4411868852459 6.93861639344262
49.6499999999985 211 24 1.5495381147541 6.98503483606557
52.6999999999983 210 25 1.828856284153 5.93160765027322
54.7333333333315 210 24 1.87507295081967 6.90444262295082
59.8166666666646 208 26 1.67383967213115 3.0443262295082
62.8666666666644 208 25 1.89601092896175 1.96708852459016
76.0833333333303 206 26 1.80328814627995 1.18372522068096
78.1166666666635 205 27 1.79971967213115 3.22939344262295
80.1499999999967 205 26 1.63451393442623 2.90238852459016
82.18333333333 205 25 1.58524918032787 3.19581803278689
83.1999999999966 204 26 1.50870983606557 2.64933770491803
85.2333333333298 204 25 1.55060983606557 3.16083442622951
95.3999999999959 203 25 1.68437573770492 3.5822962295082
96.4166666666625 202 25 1.73675573770492 3.57791803278689
106.583333333329 202 24 1.63279901639344 3.14340180327869
107.599999999995 201 23 1.5204262295082 4.09870819672131
108.616666666662 201 22 1.51756721311475 3.26486557377049
110.649999999995 201 21 1.52351065573771 5.02801803278689
111.666666666662 200 21 1.60090491803279 6.15728524590164
121.833333333328 199 22 1.5858468852459 5.34929213114754
137.933333333335 199 21 1.94498944099379 1.18149575569358
143.93333333334 198 21 2.43433027777778 1.03457388888889
146.933333333342 197 22 2.58765166666667 0.384519444444444
148.933333333344 197 21 2.3191525 0.319170833333333
151.933333333346 197 20 2.27543777777778 1.376545
152.933333333347 196 21 2.195475 1.540325
155.93333333335 195 22 2.23840055555556 1.88010166666667
156.93333333335 195 21 2.25656333333333 0.968121666666667
158.933333333352 193 23 2.32674166666667 0.35394
162.933333333355 193 22 2.2713925 0.326763333333333
163.933333333356 193 21 2.183965 0.338028333333333
167.933333333359 191 23 2.1879775 0.320654166666667
171.933333333362 190 24 2.2247725 0.282417083333333
172.933333333363 189 24 2.31871 0.379348333333333
179.933333333369 189 23 2.17174642857143 0.303465476190476
180.933333333369 188 23 2.21164166666667 0.75909
184.933333333373 187 23 2.19396125 0.64318
186.933333333374 185 25 2.14695083333334 0.6683275
187.933333333375 183 25 2.00129333333333 0.638673333333333
190.933333333377 182 26 2.20169777777778 0.669894444444444
195.933333333381 181 26 2.18077333333333 0.690149666666667
215.933333333397 181 25 2.198979 0.956488333333333
216.933333333398 180 25 2.31971833333333 1.461675
231.93333333341 180 24 2.53649211111111 1.44130266666667
246.933333333422 179 25 2.96471366666667 1.481861
262.033333333424 179 24 2.56182119205298 1.31427748344371
264.066666666755 178 25 1.61130245901639 1.1412262295082
273.216666666747 178 24 1.29551766848816 1.14975519125683
277.28333333341 178 23 1.57448852459016 1.91547827868852
290.500000000064 178 22 1.28889558638083 2.05447515762926
295.583333333393 177 23 1.29346360655738 4.00784819672131
303.716666666719 176 23 1.44997274590164 3.39743053278689
337.266666666689 175 24 1.32720953800298 2.24037242921013
341.333333333352 174 25 1.34786721311475 2.02050040983607
342.350000000017 173 26 1.28995081967213 2.04937868852459
344.383333333349 173 25 1.30176229508197 1.9587393442623
345.400000000015 172 26 1.34373278688525 2.0241737704918
379.96666666665 172 25 1.31650588235294 1.95501128254581
380.983333333316 172 24 1.2866737704918 1.89298032786885
388.099999999976 171 25 1.34019180327869 3.5843962529274
398.266666666633 171 24 1.40826213114754 5.2581531147541
458.249999999912 170 25 1.28139413726035 1.95852164490136
468.416666666569 169 25 1.21668393442623 1.70406737704918
470.449999999901 169 24 1.20630163934426 1.65926229508197
472.483333333232 168 25 1.19402049180328 1.7385368852459
488.749999999884 167 25 1.2338568647541 1.80922120901639
497.899999999876 167 24 1.24600491803279 1.83737395264117
521.283333333188 167 23 1.25622494654312 1.93763734853885
532.466666666511 166 24 1.19109940387481 1.93964500745156
533.483333333177 166 23 1.16910327868852 1.99919016393443
539.583333333171 166 22 1.13848196721312 2.01379180327869
540.599999999837 166 21 1.16091639344262 1.96479672131148
573.133333333141 165 22 1.25239554303279 2.00653821721312
578.216666666469 165 21 1.14411606557377 1.95843016393443
600 165 21 1.17303308494784 1.95246646795827
