# New log 28/04/2014 06:51:42
1 224 32 5.50448166666667 1.67462833333333
4.04999999999999 224 31 4.71846885245902 1.07709344262295
5.06666666666665 224 23 6.44585245901639 1.72307049180328
6.08333333333332 223 20 5.22989344262295 1.76631803278689
7.09999999999998 223 18 3.22403442622951 0.831572131147541
8.09999999999998 223 17 3.34846 0.607681666666667
10.1000000000001 223 16 4.40850166666667 0.485271666666667
11.1000000000001 223 15 5.48124 0.843933333333333
13.1000000000002 222 15 4.882095 0.674011666666667
14.1000000000003 222 14 9.87155333333333 0.693181666666667
15.1000000000003 221 13 6.68284166666667 0.750415
18.1333333333336 221 12 5.76117912087912 0.738239010989011
20.1666666666668 221 11 4.60987049180328 0.750826229508197
21.1833333333334 221 10 3.82114262295082 0.676649180327869
22.2 220 10 4.86454590163934 1.20268196721311
24.2333333333332 218 10 5.7139893442623 0.987466393442623
27.2833333333331 218 8 4.88216284153006 0.716984153005464
28.2999999999997 218 7 4.97072786885246 0.781770491803279
32.3666666666661 218 6 6.20261352459016 0.970634426229508
34.3999999999993 217 6 4.88096147540984 0.892358196721311
36.4333333333325 216 5 5.46219262295082 1.02335491803279
44.5666666666654 215 6 4.45566045081967 0.611952049180328
45.583333333332 214 7 3.79645901639344 0.555390163934426
51.6833333333317 214 6 4.26553661202185 0.706054644808743
66.9333333333308 214 5 4.83786961748634 1.53275890710383
95.3999999999959 213 5 4.2001531615925 1.53887394613583
96.4166666666625 213 4 3.97675737704918 1.38854590163934
97.4333333333291 212 5 3.60091147540984 1.84929836065574
112.683333333328 211 5 3.57432295081968 1.16754666666667
131.93333333333 211 4 3.89445134199135 0.823254805194805
133.933333333332 210 5 3.24382333333333 0.850096666666667
184.933333333373 209 5 3.12861091503268 0.956450816993464
187.933333333375 209 4 3.28128444444444 0.519808888888889
253.933333333428 208 5 3.68231 0.538928838383838
304.733333333385 208 4 4.05756076115485 0.558532939632546
335.233333333357 208 3 4.09203797814207 0.566259289617486
600 208 3 3.30118288424093 0.460281722253627
