# New log 28/04/2014 06:55:42
1 224 32 2.463175 0.35909
4.04999999999999 224 31 2.39805136612022 0.5846
5.06666666666665 224 29 2.29702131147541 0.498645901639344
6.08333333333332 224 27 4.32197540983607 0.706091803278689
7.09999999999998 221 25 6.74099672131147 1.31679344262295
8.09999999999998 221 23 6.91596333333333 0.722026666666667
9.10000000000003 220 24 5.75201333333333 0.602948333333333
10.1000000000001 220 22 3.13478833333333 0.639168333333333
11.1000000000001 219 22 4.40193 0.687721666666667
12.1000000000002 219 21 4.33371166666667 0.720743333333333
18.1333333333336 219 20 8.33410497237569 0.78809226519337
19.1500000000002 219 19 10.2342442622951 1.30351639344262
20.1666666666668 217 18 11.1919918032787 1.10656229508197
25.2499999999998 216 19 10.0517878688525 1.53477704918033
26.2666666666665 216 18 5.7129737704918 1.33861475409836
27.2833333333331 214 19 6.51346885245902 1.61083278688525
28.2999999999997 213 19 4.6040737704918 1.33491639344262
29.3166666666663 212 20 6.39633934426229 1.25551803278689
30.3333333333329 211 20 6.36663278688525 0.909673770491803
32.3666666666661 210 21 4.07572213114754 1.02399098360656
34.3999999999993 210 19 4.53068606557377 1.15771721311475
35.4166666666659 210 18 6.58297540983607 1.07495081967213
37.4499999999992 209 19 7.59035573770491 1.07572049180328
38.4666666666658 209 18 9.29334918032787 1.33771803278689
40.499999999999 209 17 7.50455573770492 1.34738524590164
42.5333333333322 209 16 4.22273606557377 0.811083606557377
43.5499999999988 208 16 4.20461475409836 0.832450819672131
44.5666666666654 207 17 4.35693934426229 1.0610262295082
46.5999999999986 206 18 3.22290737704918 0.763845901639344
47.6166666666652 205 18 2.70813278688525 0.735488524590164
48.6333333333319 204 19 2.28642295081967 0.503968852459016
49.6499999999985 204 18 2.65596885245902 0.740618032786885
50.6666666666651 203 18 4.37877540983607 1.0348737704918
54.7333333333315 202 18 2.83882418032787 0.606190573770492
57.7833333333313 201 19 3.82004371584699 0.625503278688525
61.8499999999978 201 18 4.69963073770492 0.543047950819672
63.883333333331 201 17 2.68599672131147 0.844888524590164
65.9166666666642 199 19 3.42503852459016 1.23057704918033
66.9333333333308 198 20 3.42196885245902 1.35180983606557
72.0166666666639 198 19 3.70312360655738 0.699581639344262
80.1499999999967 197 20 2.76179200819672 0.776240573770492
81.1666666666633 196 20 1.81572459016393 0.834822950819672
87.266666666663 195 20 2.31613360655738 0.73782868852459
91.3333333333294 194 21 1.71423852459017 1.78239057377049
93.3666666666627 193 22 1.56684344262295 1.07346147540984
98.4499999999957 192 23 1.75964557377049 1.51622
109.633333333328 191 24 2.41049388971684 1.98843725782414
129.933333333329 190 25 1.42184441707718 0.48677816091954
131.93333333333 190 24 1.20206 0.186124166666667
132.933333333331 189 24 1.578565 0.343023333333333
139.933333333337 189 23 1.55029928571429 0.36972
144.933333333341 188 23 1.33312733333333 0.611657333333333
161.933333333354 187 24 1.70198294117647 0.30860568627451
167.933333333359 186 25 1.27092805555555 0.420927777777778
178.933333333368 186 24 1.25280939393939 0.193543787878788
191.933333333378 185 25 1.18525307692308 0.185167820512821
195.933333333381 185 24 2.29326291666667 0.28723375
222.933333333403 185 23 1.32341790123457 0.222938641975309
256.950000000095 184 24 1.25575208231259 0.208605634492896
288.466666666733 184 23 1.1786790586991 0.136338974087784
299.650000000056 184 22 1.19241505216095 0.122565275707899
321.000000000037 183 23 1.07872943013271 0.115151366120219
341.333333333352 182 24 1.07161918032787 0.0852232786885246
361.666666666666 181 25 1.05879409836066 0.0623581147540984
368.783333333327 180 26 1.05223489461358 0.0893803278688525
373.866666666655 179 27 1.53638524590164 0.134649180327869
385.049999999978 178 28 1.04344470938897 0.120507153502235
414.533333333285 177 29 1.06218321085359 0.0987109666478236
427.74999999994 176 29 1.10368650693569 0.0799611601513241
432.833333333268 176 28 1.11964950819672 0.0781281967213115
479.599999999892 176 27 1.07289198146828 0.0656244476122594
484.683333333221 176 26 1.06457704918033 0.0736809836065574
487.733333333218 176 25 1.07586775956284 0.0612726775956284
489.76666666655 176 24 1.10050163934426 0.06025
515.183333333193 175 24 1.10570596721311 0.0720140983606557
523.316666666519 174 25 1.04615 0.048418237704918
540.599999999837 174 24 1.07824320154291 0.0639
541.616666666503 173 25 1.07412459016393 0.0429262295081967
544.6666666665 173 24 1.08284426229508 0.0816535519125683
545.683333333166 173 23 1.93187868852459 0.0613934426229508
546.699999999831 172 23 2.19883606557377 0.158065573770492
566.016666666481 172 22 1.25984624676445 0.0460893874029336
600 172 22 1.04791470588235 0.0218396335583414
