# New log 28/04/2014 06:43:19
1 224 32 2.477865 10.7519983333333
4.04999999999999 223 31 1.89065573770492 1.7877262295082
9.10000000000003 223 30 2.24619603960396 7.67077458745875
10.1000000000001 221 32 2.63574666666667 9.074215
11.1000000000001 221 31 2.24941166666667 8.94851666666667
12.1000000000002 221 30 2.39834333333333 9.139305
15.1000000000003 219 30 2.42876388888889 9.34038555555556
16.1000000000004 219 29 1.8884 9.92644833333333
17.116666666667 218 28 2.07242786885246 10.4925590163934
19.1500000000002 217 27 1.80226229508197 10.8240336065574
23.2166666666666 216 27 1.73863442622951 10.9436647540984
26.2666666666665 216 26 1.77410655737705 10.8444535519126
27.2833333333331 215 27 1.77632295081967 10.9353770491803
30.3333333333329 214 27 2.05035027322404 11.0038475409836
31.3499999999995 214 26 2.15374262295082 11.5380885245902
33.3833333333327 212 25 1.51155409836066 11.299587704918
34.3999999999993 212 24 1.6606393442623 12.3245508196721
35.4166666666659 211 25 1.57342950819672 10.4317967213115
37.4499999999992 211 24 1.61362868852459 11.9393819672131
38.4666666666658 209 26 1.63521639344262 12.1359967213115
40.499999999999 209 25 1.61374016393443 11.1146024590164
41.5166666666656 208 26 1.56343278688525 10.378368852459
46.5999999999986 208 25 1.93623901639344 10.6632944262295
48.6333333333319 208 24 2.29659754098361 11.4458942622951
56.7666666666647 207 25 2.02669303278689 11.6161690573771
59.8166666666646 207 24 1.9036956284153 10.4594912568306
62.8666666666644 207 23 1.72154972677596 11.142456284153
63.883333333331 206 24 1.64943442622951 10.3419278688525
69.9833333333306 205 24 1.64409371584699 10.9951420765027
76.0833333333303 204 24 1.73240136612022 12.0167240437158
82.18333333333 204 23 1.70264508196721 11.558862568306
83.1999999999966 203 24 1.72106885245902 12.0650131147541
84.2166666666632 201 26 1.61126557377049 11.3056704918033
86.2499999999964 200 27 1.57436803278689 11.4399008196721
93.3666666666627 199 28 1.63862950819672 11.5149519906323
95.3999999999959 199 27 1.79873114754098 10.1431762295082
98.4499999999957 198 27 1.73804426229508 11.9478683060109
107.599999999995 197 28 1.68606047358834 11.1628857923497
109.633333333328 197 27 1.87505409836066 10.6445467213115
112.683333333328 196 27 1.73993278688525 10.5888830601093
113.699999999995 196 26 1.60146885245902 10.3516639344262
117.766666666661 196 25 1.66362295081967 10.2405581967213
120.816666666661 195 26 1.54973606557377 11.6697808743169
138.933333333336 194 27 1.6128781048758 11.7789920883165
139.933333333337 194 26 1.58883833333333 10.542505
140.933333333338 193 26 1.54007166666667 10.2814316666667
143.93333333334 192 27 1.827305 10.2055466666667
162.933333333355 192 26 1.53970535087719 10.329008245614
171.933333333362 191 27 1.53318574074074 10.0676474074074
178.933333333368 191 26 1.46440166666667 10.272645
184.933333333373 190 27 1.49988694444444 10.1870627777778
188.933333333376 190 26 1.48842291666667 10.34654625
195.933333333381 190 25 1.48773666666667 10.1862573809524
200.933333333385 189 26 1.49393233333333 10.3112373333333
203.933333333388 189 25 1.48414277777778 10.6041077777778
204.933333333389 188 25 1.45488666666667 9.69708666666667
205.933333333389 187 26 1.44938333333333 10.0666733333333
212.933333333395 186 27 1.44559833333333 9.68141761904762
215.933333333397 186 26 1.41791944444445 9.94696833333333
227.933333333407 185 26 1.44991680555556 10.2129752777778
229.933333333408 184 26 1.47531333333333 10.2969925
238.933333333416 182 27 1.45406037037037 10.4392924074074
243.93333333342 181 28 1.42239766666667 10.774299
247.933333333423 179 29 1.37819333333333 10.3074358333333
282.366666666739 179 28 1.40448475314618 10.3341699419167
283.383333333404 179 27 1.43454590163934 9.63279180327869
284.40000000007 179 26 1.4282 9.85966065573771
289.483333333399 178 27 1.35974983606557 10.5318849180328
290.500000000064 177 28 1.36556393442623 10.6817344262295
291.51666666673 177 27 1.34900163934426 10.8863819672131
301.683333333388 176 27 1.35477770491803 10.4254795081967
303.716666666719 175 28 1.35667213114754 10.2478114754098
308.800000000048 175 26 1.35531114754098 10.4311836065574
309.816666666714 175 25 1.35783442622951 10.8348475409836
311.850000000045 173 26 1.31934180327869 10.5524204918033
312.866666666711 172 26 1.30761639344262 10.2043704918033
314.900000000042 171 27 1.31522786885246 10.5774278688525
316.933333333374 170 27 1.30572540983607 10.8792975409836
319.983333333371 170 25 1.25432786885246 10.2460721311475
322.016666666702 169 25 1.24150737704918 10.0423672131148
323.033333333368 169 24 1.24912131147541 10.0678459016393
338.283333333354 168 24 1.27368524590164 10.1555574863388
342.350000000017 168 23 1.26284959016393 10.1716098360656
346.41666666668 167 23 1.25537581967213 9.65357950819672
349.466666666678 167 22 1.28512896174863 9.68744098360656
367.766666666661 167 21 1.24556147540984 10.109706557377
385.049999999978 166 22 1.50631128254581 9.83273423336548
394.19999999997 165 23 1.61067122040073 9.80641220400729
397.249999999967 165 21 1.29323606557377 9.77801092896175
403.349999999962 164 21 1.26804508196721 10.0210095628415
405.383333333293 164 20 1.23853196721311 10.277568852459
416.566666666616 164 19 1.25680640834575 10.3023046199702
419.616666666614 163 20 1.2353825136612 9.9698393442623
424.699999999942 162 20 1.23030590163935 9.63087803278689
436.899999999931 162 19 1.23443852459016 9.67525027322404
485.699999999887 161 19 1.24288084016393 9.40931379781421
498.916666666542 161 18 1.23777250945776 9.95202408575032
509.083333333199 161 17 1.24880459016393 9.94453967213115
529.416666666514 161 16 1.25433368852459 9.81555237704918
534.499999999843 160 16 1.25761770491803 9.93919245901639
546.699999999831 159 16 1.26305409836066 10.0950984972678
548.733333333163 159 15 1.2410893442623 9.61859426229508
555.849999999823 159 14 1.2702850117096 9.73738992974239
561.949999999818 158 15 1.2335806010929 9.65788989071038
563.983333333149 157 16 1.22665409836066 9.5129237704918
577.199999999804 156 17 1.21047402269861 9.6294709962169
578.216666666469 156 16 1.24106393442623 9.80454590163935
600 156 16 1.26138770491803 9.75140692995529
