# New log 28/04/2014 04:40:05
1 224 32 2.40722333333333 10.7239316666667
5.06666666666665 223 33 2.05989918032787 1.32871147540984
6.08333333333332 222 34 2.80534098360656 1.44876721311475
7.09999999999998 222 33 2.10047540983607 4.78503442622951
8.09999999999998 221 33 1.49251333333333 6.065955
10.1000000000001 220 32 2.322915 5.930135
11.1000000000001 219 32 1.67980666666667 3.992865
12.1000000000002 219 31 2.72063166666667 3.204935
14.1000000000003 219 30 2.14184916666667 3.28138416666667
16.1000000000004 219 29 1.5563175 3.74555916666667
19.1500000000002 218 30 1.98768196721311 4.29629945355191
20.1666666666668 217 31 1.78062950819672 3.5762262295082
21.1833333333334 217 29 1.49200655737705 5.36755409836066
24.2333333333332 216 30 1.88749180327869 4.36041147540984
25.2499999999998 214 32 2.58875737704918 5.10866393442623
26.2666666666665 214 30 3.07076065573771 4.68724426229508
27.2833333333331 213 29 2.31215901639344 5.6861262295082
29.3166666666663 213 28 1.47760245901639 4.54047868852459
30.3333333333329 212 28 1.6118 4.33578196721311
33.3833333333327 211 27 1.56518087431694 8.52899781420765
35.4166666666659 211 26 1.53852786885246 10.8410114754098
37.4499999999992 210 27 1.4873262295082 11.2552639344262
39.4833333333324 210 26 1.51575409836065 11.1403278688525
40.499999999999 209 27 1.68297540983607 11.6207426229508
50.6666666666651 209 26 1.51475606557377 12.4562826229508
62.8666666666644 208 25 1.6952987704918 10.5376969945355
63.883333333331 208 24 1.94378852459016 9.62992131147541
65.9166666666642 208 23 2.09416885245902 5.78945737704918
68.966666666664 208 21 2.07376010928962 5.34088961748634
69.9833333333306 207 22 2.01398360655738 6.73959672131148
70.9999999999973 206 21 2.27135409836066 6.53346885245902
74.0499999999971 204 23 4.08857978142077 5.09768961748634
83.1999999999966 204 22 2.62877413479053 3.12866065573771
84.2166666666632 203 23 2.38064918032787 2.94218852459016
85.2333333333298 201 24 3.61800655737705 2.98565245901639
86.2499999999964 200 25 1.95925901639344 2.89359836065574
87.266666666663 200 24 2.27245245901639 2.83008852459016
88.2833333333296 199 24 2.07381967213115 2.83879836065574
98.4499999999957 199 23 2.0732837704918 2.86391081967213
102.516666666662 198 23 2.14260983606557 2.87187786885246
108.616666666662 198 22 2.06847213114754 3.11778715846995
113.699999999995 196 21 2.08200426229508 3.96246163934426
114.716666666661 196 20 2.06759180327869 4.25558524590164
128.933333333328 195 21 2.22538898007034 5.67111043376319
136.933333333334 195 20 2.17455875 6.542300625
137.933333333335 194 20 2.049545 5.55365
144.933333333341 193 21 2.07633166666667 5.74076166666667
146.933333333342 193 20 2.0103725 4.926025
147.933333333343 192 21 2.04085 4.36039
153.933333333348 192 20 2.0385125 4.16543388888889
160.933333333354 191 20 2.04748690476191 4.80913857142857
163.933333333356 191 19 2.06626833333333 4.57101833333333
172.933333333363 190 20 2.01485648148148 5.6234762962963
189.933333333377 189 20 2.06048441176471 5.1300812745098
191.933333333378 189 19 2.03783 3.903045
196.933333333382 189 18 2.080742 2.83573433333333
198.933333333384 188 18 2.16913416666667 3.28107333333333
204.933333333389 187 18 2.15200194444444 2.88800166666667
207.933333333391 187 17 2.27533888888889 2.72028777777778
218.9333333334 187 16 2.32380893939394 3.10330378787879
226.933333333406 185 18 2.061500625 2.89053958333333
234.933333333412 185 17 2.14073083333333 2.69635020833333
247.933333333423 184 18 2.03983166666667 2.76611769230769
262.033333333424 183 19 2.00854137115839 2.3165768321513
267.116666666752 183 18 2.01133573770492 2.18626819672131
269.150000000084 182 18 1.96194836065574 2.19347786885246
272.200000000081 182 17 1.98411639344262 1.55009016393443
275.250000000078 181 18 1.97031038251366 2.37824863387978
279.316666666741 180 18 2.02152336065574 2.56900737704918
286.433333333401 180 17 1.93980140515223 2.58543793911007
298.63333333339 179 18 1.94857090163934 1.96111734972678
325.0666666667 178 18 1.72879426229508 1.51290491803279
336.250000000023 177 19 1.2873611028316 1.23534813710879
341.333333333352 176 20 1.32720295081967 1.56794557377049
347.433333333346 175 21 1.31596693989071 1.44074754098361
362.683333333332 174 21 1.24536262295082 1.11325803278689
366.749999999995 174 20 1.28782172131148 0.896279918032787
368.783333333327 174 19 1.37379918032787 1.40886885245902
370.816666666658 173 20 1.24385491803279 1.35256721311475
371.833333333324 173 19 1.27316557377049 1.54888524590164
374.883333333321 172 19 1.23711693989071 1.35230491803279
383.016666666647 171 20 1.22538114754098 1.25851823770492
388.099999999976 170 21 1.20660950819672 0.875020655737705
389.116666666641 169 22 1.22751147540984 1.40210163934426
400.299999999965 168 22 1.21029836065574 1.67246333830104
407.416666666625 167 23 1.19448618266979 1.39324988290398
417.583333333282 166 24 1.29517147540984 1.41031163934426
439.949999999929 166 23 1.23117943368107 1.56901147540984
449.09999999992 166 22 1.21050692167577 1.56984262295082
488.749999999884 166 21 1.21949129886507 1.1474439680538
509.083333333199 165 22 1.20176672131147 1.06049909836066
532.466666666511 164 23 1.21989272986458 1.53095794725588
543.649999999834 163 23 1.23497138599106 1.19888152011923
545.683333333166 163 22 1.17706065573771 1.0111393442623
562.966666666483 162 23 1.24917135969142 1.48431417550627
597.533333333119 162 22 1.1672775313404 1.00176171648987
600 162 22 1.1601393442623 1.18151693989071
