# New log 28/04/2014 04:47:36
1 224 32 2.45022166666667 0.681006666666667
5.06666666666665 222 33 2.34663073770492 0.746181557377049
6.08333333333332 221 30 2.69893442622951 1.86605737704918
7.09999999999998 221 24 2.71617868852459 1.26061803278689
8.09999999999998 220 24 3.39404 0.849348333333333
9.10000000000003 218 25 3.26163666666667 0.818648333333333
10.1000000000001 215 23 5.797845 1.05206166666667
11.1000000000001 215 22 2.97288666666667 0.536193333333333
12.1000000000002 215 20 3.64209 0.726198333333333
13.1000000000002 214 21 3.22822166666667 3.06898666666667
14.1000000000003 213 22 2.58883 0.7027
15.1000000000003 212 23 3.57992833333333 0.717563333333333
20.1666666666668 212 22 3.38747203947368 0.610439144736842
23.2166666666666 211 23 4.33046174863388 0.671426229508197
26.2666666666665 211 21 3.46576830601093 0.578115300546448
27.2833333333331 211 20 4.76730655737705 1.75604426229508
28.2999999999997 210 21 4.35335081967213 1.52079508196721
30.3333333333329 210 20 4.83579836065574 2.12748360655738
33.3833333333327 210 18 5.06275136612022 2.75963169398907
34.3999999999993 209 18 5.04595409836066 1.61323442622951
37.4499999999992 208 18 5.8615393442623 6.23226612021858
39.4833333333324 206 20 5.1030631147541 1.79648852459016
40.499999999999 205 21 4.08875081967213 3.35465573770492
42.5333333333322 204 22 3.90491393442623 2.55155983606557
43.5499999999988 203 22 4.33280655737705 1.79998852459016
45.583333333332 202 23 4.19908524590164 1.92669344262295
47.6166666666652 201 24 3.10022459016394 2.21148360655738
48.6333333333319 200 24 2.87455245901639 1.78796721311475
50.6666666666651 200 23 3.10265245901639 2.30021393442623
52.6999999999983 199 24 4.01131639344262 5.33280983606557
53.7166666666649 199 23 4.67905081967213 1.13458360655738
55.7499999999981 197 25 5.82544754098361 4.04595737704918
61.8499999999978 196 25 6.23152404371584 4.74458469945355
62.8666666666644 195 24 4.51600983606557 2.68759344262295
63.883333333331 194 24 4.47980655737705 4.11789016393443
64.8999999999976 193 25 4.99183114754098 3.76570163934426
66.9333333333308 192 24 4.00468278688525 2.66181721311475
76.0833333333303 192 22 3.93350965391621 3.0802737704918
77.0999999999969 191 21 4.28674590163934 2.47891147540984
78.1166666666635 190 22 3.27482131147541 5.78690655737705
80.1499999999967 189 21 3.07425573770492 3.20316803278689
83.1999999999966 188 21 2.92728797814208 2.69035191256831
84.2166666666632 188 20 3.4646737704918 5.18765245901639
85.2333333333298 188 19 2.95423278688525 5.15583278688525
86.2499999999964 187 18 2.68609508196721 2.05714590163934
90.3166666666628 186 18 2.70897172131148 1.41313770491803
91.3333333333294 186 17 2.63371475409836 0.910093442622951
92.349999999996 184 17 2.89760983606557 1.37766557377049
93.3666666666627 181 19 2.87694098360656 1.53533606557377
94.3833333333293 181 18 3.68686885245902 0.714367213114754
96.4166666666625 180 19 2.67193606557377 1.21883032786885
97.4333333333291 179 19 3.64557049180328 1.2469262295082
104.549999999995 178 19 3.12626557377049 1.32248665105386
106.583333333329 177 20 4.60060819672131 1.11294098360656
111.666666666662 177 19 4.11497016393443 1.18482950819672
112.683333333328 176 20 3.81676557377049 2.24284426229508
113.699999999995 175 20 3.82878360655738 1.78958032786885
118.783333333328 174 21 3.12770393442623 1.9166193442623
123.866666666661 173 22 2.84161213114754 1.41263344262295
126.916666666661 171 24 2.22961475409836 1.35360382513661
127.933333333327 171 23 2.2916 0.835613114754098
131.93333333333 170 24 2.32353416666667 1.20193083333333
136.933333333334 169 25 2.27552 1.19928033333333
152.933333333347 168 26 2.49200739583333 0.8081240625
160.933333333354 167 26 2.17449875 0.573585416666667
163.933333333356 167 25 2.199895 0.389614444444444
173.933333333364 166 26 2.10508216666667 0.599303666666667
181.93333333337 166 25 2.20653645833333 0.367524375
205.933333333389 164 26 2.18408479166667 0.436789444444444
212.933333333395 164 25 2.08888428571429 0.362561904761905
243.93333333342 164 24 2.33003247311827 0.0952043010752688
250.933333333425 164 23 2.25858595238095 0.0764542857142857
267.116666666752 164 22 2.14118135942327 0.0957901132852729
282.366666666739 163 21 2.15502502732241 0.0872966120218579
294.566666666727 162 22 2.17791639344262 0.0893359289617486
317.950000000039 161 23 2.1235416250891 0.0854704918032787
334.216666666691 160 24 2.07578678278688 0.0764047131147541
336.250000000023 159 25 2.04447213114754 0.070055737704918
337.266666666689 158 26 2.0362131147541 0.0959803278688525
353.53333333334 157 26 2.04368995901639 0.0725090163934426
355.566666666672 157 25 2.07365245901639 0.0667950819672131
358.616666666669 157 24 2.10562568306011 0.0810748633879781
378.949999999984 157 23 2.0842668852459 0.085134262295082
379.96666666665 157 22 2.16492295081967 0.0621475409836066
410.466666666622 157 21 1.27813486338798 0.0593090710382514
414.533333333285 157 20 1.18703114754098 0.127665573770492
423.683333333277 156 20 1.33506484517304 0.204011475409836
441.98333333326 156 19 1.2522660291439 0.188420309653916
446.049999999923 155 20 0.98518155737705 0.0476610655737705
463.333333333241 154 21 1.07677984570878 0.0574669238187078
465.366666666572 153 22 1.02075655737705 0.0428877049180328
470.449999999901 152 22 0.976523278688525 0.0681013114754098
475.53333333323 151 22 0.969499344262295 0.0544432786885246
478.583333333227 150 23 0.943915846994536 0.0505081967213115
485.699999999887 150 22 0.989650585480095 0.0540604215456674
489.76666666655 150 21 0.972516803278689 0.0692008196721312
491.799999999881 150 20 1.04797213114754 0.218083606557377
494.849999999879 149 20 1.03943715846994 0.110649726775956
497.899999999876 149 19 0.984925136612022 0.056524043715847
499.933333333207 148 20 0.985102459016393 0.0980491803278689
506.033333333202 147 21 0.985561748633879 0.0798021857923497
511.11666666653 146 22 0.969388852459016 0.0633088524590164
512.133333333196 146 21 0.951773770491803 0.0719491803278689
513.149999999862 145 22 0.923140983606558 0.045072131147541
515.183333333193 143 23 0.952397540983607 0.0669475409836066
519.249999999856 142 24 0.892125819672131 0.0580352459016393
521.283333333188 141 25 1.00742540983607 0.0733647540983607
535.516666666508 141 24 1.08392142857143 0.0844545667447307
536.533333333174 140 24 1.06776885245902 0.0845803278688525
558.89999999982 139 25 0.980366766020863 0.0649739195230999
600 139 25 0.903356297481007 0.0545390643742503
