# New log 28/04/2014 04:44:02
1 224 32 5.17625166666667 2.06969333333333
4.04999999999999 223 30 4.09258196721312 1.47287213114754
5.06666666666665 223 25 3.77814590163935 0.894659016393443
6.08333333333332 220 25 4.1605606557377 1.02578852459016
7.09999999999998 219 25 4.03611639344262 0.952280327868853
9.10000000000003 218 24 3.763765 0.655304166666667
10.1000000000001 216 24 4.72245166666667 0.831276666666667
11.1000000000001 216 23 4.79167333333333 0.823895
14.1000000000003 215 24 4.18755388888889 0.897711111111111
15.1000000000003 214 25 5.55904833333333 0.809331666666667
16.1000000000004 214 24 6.14327 0.850051666666667
17.116666666667 214 23 4.74916885245902 0.911444262295082
18.1333333333336 213 24 5.74300819672131 1.96015409836066
19.1500000000002 213 23 5.96976557377049 1.74200655737705
25.2499999999998 212 24 4.60106174863388 1.39453032786885
26.2666666666665 212 23 4.14633278688525 0.732095081967213
27.2833333333331 212 22 5.40890655737705 1.00422950819672
28.2999999999997 212 21 3.70395409836066 1.05381475409836
30.3333333333329 212 19 4.03544262295082 1.59722213114754
34.3999999999993 212 18 4.25044426229508 2.67679385245902
35.4166666666659 211 17 4.3252 1.92100655737705
37.4499999999992 209 19 5.33413360655738 1.51312868852459
44.5666666666654 209 18 4.56889882903981 2.09297330210773
46.5999999999986 208 18 4.54292704918033 2.65690737704918
49.6499999999985 208 17 4.13784262295082 3.39465683060109
50.6666666666651 207 17 4.83506885245902 3.32364590163934
53.7166666666649 206 17 5.02823715846994 3.4579781420765
54.7333333333315 205 17 4.83182786885246 2.62286065573771
55.7499999999981 205 16 5.01707540983607 2.43858360655738
58.7999999999979 205 15 4.78778469945355 2.37372076502732
61.8499999999978 204 15 4.14212568306011 2.74713278688525
69.9833333333306 204 14 4.48545204918033 2.78887807377049
72.0166666666639 204 13 3.53500245901639 2.57817540983607
75.0666666666637 204 12 3.59916830601093 2.62683825136612
80.1499999999967 204 11 3.5430924590164 1.35273540983607
86.2499999999964 203 12 3.98464344262295 0.826429781420765
87.266666666663 202 12 4.59613606557377 0.989659016393443
94.3833333333293 201 12 4.69126463700234 1.09049391100703
103.533333333329 200 13 3.21798743169399 0.909337158469945
109.633333333328 199 14 2.86491693989071 0.840285792349727
110.649999999995 198 15 2.94121639344262 0.742437704918033
118.783333333328 197 16 2.85054979508197 0.633840368852459
148.933333333344 196 16 2.67835776672195 0.360911166390271
168.93333333336 196 15 2.64670325 0.213294666666667
170.933333333362 195 15 2.54517666666667 0.176513333333333
177.933333333367 195 14 2.60338619047619 0.206273333333333
191.933333333378 195 13 2.71500297619048 0.242405476190476
200.933333333385 195 12 3.03709148148148 0.368427222222222
416.566666666616 194 13 2.71121765342403 0.159300966146236
425.716666666608 194 12 2.85586174863388 0.133530418943534
460.283333333243 194 11 2.80665019286403 0.0998373674059788
600 194 11 2.89569060346877 0.131710964599667
