# New log 28/04/2014 04:37:26
1 224 32 2.50529833333333 0.793756666666667
3.03333333333333 223 33 2.31659508196721 1.01986475409836
4.04999999999999 221 32 2.27555573770492 0.900459016393443
5.06666666666665 221 31 3.30152295081967 0.689754098360656
6.08333333333332 219 26 2.7891606557377 0.623191803278689
7.09999999999998 219 23 3.40697868852459 0.782681967213115
11.1000000000001 219 21 3.78198916666667 0.750224583333333
12.1000000000002 217 22 4.628665 1.03522333333333
13.1000000000002 215 21 9.28702166666667 2.37269
14.1000000000003 214 20 5.51942166666667 0.759996666666667
20.1666666666668 214 19 6.1465304945055 1.2993782967033
21.1833333333334 214 18 5.32973278688525 0.953591803278689
22.2 213 19 5.84293770491803 1.5296737704918
27.2833333333331 212 20 4.66582852459017 1.1975
30.3333333333329 211 21 3.1272737704918 1.68598415300546
36.4333333333325 210 21 3.98593524590164 0.923280327868853
37.4499999999992 209 22 4.84974754098361 0.835677049180328
38.4666666666658 208 22 4.19843442622951 1.18767213114754
49.6499999999985 208 21 3.3435219076006 1.05434739195231
51.6833333333317 207 22 3.61098606557377 1.08137049180328
54.7333333333315 206 22 3.1515262295082 1.11271202185792
55.7499999999981 205 22 2.98296885245902 1.5479737704918
56.7666666666647 205 21 2.94840327868852 1.97056229508197
57.7833333333313 204 22 2.79159344262295 1.45036065573771
61.8499999999978 204 21 3.0169618852459 0.960677049180328
65.9166666666642 204 20 2.45139426229508 1.25538278688525
77.0999999999969 203 21 2.03456721311475 1.47095111773472
84.2166666666632 202 22 2.64566838407494 1.36583114754098
91.3333333333294 202 21 2.08304519906323 1.97741194379391
97.4333333333291 201 22 3.70956338797814 1.36530792349727
99.4666666666623 200 23 3.65153032786886 1.14795901639344
108.616666666662 199 24 2.16795373406193 1.64112167577413
109.633333333328 199 23 1.79411967213115 1.72334262295082
110.649999999995 198 24 1.75688032786885 1.65628032786885
137.933333333335 197 25 1.78059590714722 0.412135247403787
141.933333333338 195 26 2.40946208333333 0.306269583333333
142.933333333339 195 25 2.45449333333333 0.269436666666667
143.93333333334 194 26 2.44515166666667 0.368476666666667
147.933333333343 194 25 2.36469791666667 0.358482083333333
149.933333333345 193 26 2.25277666666667 0.323558333333333
151.933333333346 192 26 2.40353 0.342735
154.933333333349 191 27 2.33401277777778 0.317774444444444
157.933333333351 190 27 2.40050333333333 0.336325
166.933333333358 189 27 2.35358777777778 0.25371537037037
174.933333333365 189 26 2.351974375 0.269381041666667
180.933333333369 188 27 1.35805861111111 0.1863925
194.933333333381 187 28 1.50802880952381 0.194159047619048
203.933333333388 186 29 1.22212907407407 0.161803333333333
206.93333333339 185 30 1.21868777777778 0.138056666666667
215.933333333397 184 30 1.25949648148148 0.184517962962963
236.933333333414 184 29 1.21528817460317 0.154779206349206
245.933333333421 183 29 1.21192962962963 0.145945740740741
256.950000000095 183 28 1.2053308623298 0.142088199697428
257.966666666761 182 28 1.17849836065574 0.219824590163934
265.083333333421 181 28 1.1521299765808 0.113247072599532
269.150000000084 181 27 1.16805040983607 0.127817213114754
300.666666666722 180 27 1.23515769434162 0.148299206768905
308.800000000048 180 26 1.14240737704918 0.131805737704918
350.483333333343 179 26 1.15559224310276 0.179646981207517
359.633333333335 178 27 1.16233551912568 0.219631511839709
364.716666666664 178 26 1.15994426229508 0.199987540983607
386.066666666644 178 25 1.18642396565184 0.179653864168618
417.583333333282 177 25 1.17215230037018 0.163303754627181
427.74999999994 177 24 1.18024016393443 0.144305573770492
458.249999999912 176 25 1.25013289617486 0.147136120218579
459.266666666578 176 24 1.17696557377049 0.102037704918033
460.283333333243 175 25 1.15802459016393 0.125850819672131
473.499999999898 174 26 1.17143493064313 0.15146973518285
489.76666666655 174 25 1.17639723360656 0.13021506147541
495.866666666544 173 25 1.16972540983607 0.11196174863388
558.89999999982 172 25 1.39347168164992 0.15667718138551
560.933333333152 171 26 2.21033032786885 0.268574590163934
576.183333333138 170 27 1.46701956284153 0.197984699453552
579.233333333135 168 28 1.17571584699453 0.0749158469945355
585.33333333313 167 28 1.17988606557377 0.0854226775956284
587.366666666461 166 28 1.20125737704918 0.059194262295082
588.383333333127 166 27 1.21046721311475 0.0566786885245902
589.399999999793 166 26 1.21912131147541 0.183575409836066
590.416666666458 165 27 1.13312786885246 0.000240983606557377
600 165 27 1.15215163934426 0.0707822950819672
