# New log 28/04/2014 04:29:51
1 224 32 2.25974166666667 8.09712166666667
3.03333333333333 224 31 1.61073524590164 0.854053278688525
4.04999999999999 221 33 1.6365 1.98352459016393
5.06666666666665 217 33 3.47552786885246 1.49135901639344
7.09999999999998 216 34 2.81585983606557 2.15128032786885
9.10000000000003 216 33 1.77439583333333 5.28106916666667
11.1000000000001 216 32 2.03735666666667 5.6240375
13.1000000000002 216 31 1.61880333333333 6.1967625
14.1000000000003 215 31 1.72308166666667 9.01996166666667
15.1000000000003 214 30 1.7206 8.41991
16.1000000000004 213 30 1.70539 7.38250666666667
17.116666666667 212 31 2.27005081967213 4.37791967213115
18.1333333333336 211 32 2.87465245901639 2.32476229508197
19.1500000000002 211 30 2.4044 2.86068360655738
20.1666666666668 211 27 1.54051639344262 2.34064426229508
21.1833333333334 210 28 2.78080819672131 1.57003606557377
22.2 209 29 5.89472295081967 1.77218852459016
23.2166666666666 209 27 2.11487049180328 1.76090327868852
25.2499999999998 208 26 1.78814426229508 1.86520983606557
26.2666666666665 207 27 2.04229180327869 1.71468032786885
28.2999999999997 207 25 1.87545491803279 1.92710245901639
36.4333333333325 206 26 1.59865778688525 2.73571905737705
37.4499999999992 205 26 1.49129180327869 1.13036721311475
48.6333333333319 204 27 1.54700193740686 2.36166870342772
51.6833333333317 204 26 1.53824535519126 0.885894535519126
55.7499999999981 203 27 1.69175573770492 1.18708565573771
64.8999999999976 203 26 1.80094280510018 3.95635846994536
69.9833333333306 203 25 2.12998032786885 3.45059245901639
70.9999999999973 203 24 2.76747049180328 2.57246065573771
76.0833333333303 203 23 1.54569704918033 2.07060590163934
78.1166666666635 202 24 2.64242786885246 1.96683360655738
85.2333333333298 202 23 3.3074456674473 2.32846299765808
92.349999999996 202 22 1.49331803278689 4.66808220140515
95.3999999999959 201 23 1.43624043715847 11.6107956284153
96.4166666666625 201 22 1.4447 11.5933180327869
105.566666666662 200 23 1.46001366120218 11.0001901639344
110.649999999995 200 22 1.45527639344262 10.4421347540984
120.816666666661 199 22 1.37732032786885 8.06460868852459
121.833333333328 198 23 1.51050983606557 8.92904754098361
124.883333333328 197 23 1.41520928961749 9.52971256830601
130.93333333333 197 22 1.42288760330579 9.30762589531681
133.933333333332 196 23 1.37144777777778 9.66279388888889
140.933333333338 195 24 1.56704023809524 5.14754428571429
147.933333333343 195 23 1.33353619047619 4.92380119047619
169.933333333361 194 24 1.63892196969697 5.80016803030303
178.933333333368 194 23 1.35130722222222 5.58506351851852
179.933333333369 194 22 1.34863 5.47524666666667
182.933333333371 193 22 1.34097111111111 5.64808944444444
190.933333333377 193 21 1.33686145833333 6.118448125
192.933333333379 193 20 1.32657833333333 6.4258375
201.933333333386 193 19 1.35022388888889 6.67576703703704
203.933333333388 193 18 1.4640925 7.879465
204.933333333389 192 18 1.44274 8.01344166666667
211.933333333394 191 18 1.37898523809524 6.66108261904762
236.933333333414 190 19 1.3799922 6.38086933333333
255.933333333429 190 17 1.36435701754386 6.49173666666667
256.950000000095 189 18 1.33124590163934 8.02977704918033
267.116666666752 188 19 1.36790819672131 6.19931573770492
273.216666666747 188 18 1.34178360655738 5.6453
281.350000000073 187 19 1.41982151639344 5.13951270491803
294.566666666727 187 18 1.31046771752837 4.94626355611602
304.733333333385 186 19 1.33145426229508 3.26788540983607
305.750000000051 185 19 1.54985901639344 2.4456868852459
317.950000000039 185 18 1.30753784153005 2.07570081967213
318.966666666705 185 17 1.28426393442623 1.92959344262295
330.150000000028 185 16 1.27459448584203 2.19735081967213
341.333333333352 185 15 1.28016631892698 2.94801997019374
346.41666666668 185 14 1.32024918032787 5.9559262295082
352.516666666675 184 15 1.2950781420765 3.46166912568306
355.566666666672 183 16 1.25711475409836 2.44771256830601
364.716666666664 182 17 1.28586029143898 2.46385136612022
369.799999999992 181 17 1.29237180327869 2.52846393442623
370.816666666658 181 16 1.27154754098361 2.48415901639344
377.933333333318 181 15 1.28169695550351 2.41139601873536
378.949999999984 181 14 1.2749737704918 2.5733393442623
379.96666666665 180 14 1.2704737704918 2.54229836065574
383.016666666647 179 14 1.2310174863388 2.51503442622951
384.033333333313 178 14 1.24055409836066 2.63051639344262
385.049999999978 178 13 1.22354262295082 2.36159836065574
387.08333333331 177 14 1.23690081967213 2.3377131147541
389.116666666641 177 13 1.22094836065574 2.48171147540984
390.133333333307 176 13 1.20871639344262 2.27466393442623
395.216666666636 175 11 1.17811409836066 2.20412983606557
418.599999999948 174 12 1.21113913043478 1.99239451176051
420.633333333279 174 11 1.16946393442623 1.48800245901639
421.649999999945 173 11 1.23261967213115 1.82205081967213
432.833333333268 172 11 1.19369463487332 1.46592056631893
445.033333333257 171 12 1.21599535519126 1.57017035519126
457.233333333246 170 13 1.19522172131148 1.37310532786885
468.416666666569 169 14 1.1564129657228 1.28001371087928
474.516666666564 168 15 1.15844836065574 1.17254726775956
476.549999999895 167 16 1.1584237704918 1.4000393442623
486.716666666553 167 15 1.13810885245902 1.30061770491803
497.899999999876 166 15 1.13861385991058 1.28629239940387
503.99999999987 166 14 1.13924535519126 1.30965655737705
515.183333333193 165 14 1.1290652757079 1.31002563338301
542.633333333168 164 15 1.36821918639952 1.24918239222829
548.733333333163 163 16 1.4557412568306 0.812116666666667
555.849999999823 162 16 1.5043887587822 0.831711709601874
568.049999999812 162 15 1.43757240437158 0.899907923497268
583.299999999798 161 15 1.42778 0.909326338797814
600 161 15 1.42173992285439 0.857186692381871
