# New log 28/04/2014 04:34:09
1 224 32 6.06937833333333 3.133135
3.03333333333333 224 31 4.47062213114754 1.86207295081967
4.04999999999999 222 29 4.73019672131148 1.95328360655738
5.06666666666665 221 27 5.55952622950819 1.86662950819672
6.08333333333332 220 24 5.18712459016394 1.60188524590164
7.09999999999998 220 23 5.70802786885246 1.54131475409836
8.09999999999998 219 24 5.63963333333333 1.67662333333333
9.10000000000003 219 23 5.19711 1.27706
10.1000000000001 218 22 6.677255 1.53292333333333
11.1000000000001 218 20 6.26278666666667 1.58295
12.1000000000002 217 19 5.826505 0.912638333333333
13.1000000000002 217 18 5.82949833333333 0.692991666666667
14.1000000000003 216 19 5.89346833333333 0.79318
15.1000000000003 215 19 5.25189333333333 0.647865
16.1000000000004 215 18 5.63161166666667 0.95903
17.116666666667 215 17 6.00378360655738 1.60375409836066
20.1666666666668 215 16 6.12021693989071 1.27949344262295
21.1833333333334 214 16 9.51708196721312 1.9325868852459
22.2 213 17 8.27150163934426 2.02922459016393
24.2333333333332 212 17 7.48906475409836 1.66278196721312
25.2499999999998 211 18 6.58390327868852 1.35787213114754
27.2833333333331 210 18 7.45239098360656 1.56665573770492
28.2999999999997 209 18 4.75743442622951 0.954519672131148
29.3166666666663 208 18 5.06449836065574 0.927429508196721
30.3333333333329 207 18 4.85426557377049 0.816011475409836
31.3499999999995 206 19 4.55818196721311 1.03630983606557
32.3666666666661 206 18 4.57452131147541 0.820632786885246
34.3999999999993 206 17 4.61445737704918 0.755448360655738
35.4166666666659 205 17 4.6141868852459 1.01826721311475
36.4333333333325 204 17 4.68351639344262 0.866281967213115
38.4666666666658 201 17 4.24518770491803 0.680008196721311
46.5999999999986 201 16 5.10865348360655 0.761567827868852
49.6499999999985 200 17 4.87215737704918 1.02442786885246
51.6833333333317 199 18 4.17603278688525 1.48055983606557
53.7166666666649 198 18 4.4189 1.56621147540984
54.7333333333315 197 19 4.2714 1.16009016393443
57.7833333333313 195 20 4.09888743169399 1.29859890710383
60.8333333333312 194 21 4.16606775956284 0.795759016393443
62.8666666666644 192 22 4.48513114754098 1.32298442622951
70.9999999999973 192 21 5.09484077868853 1.43831639344262
74.0499999999971 191 22 5.3254131147541 1.63390273224044
76.0833333333303 190 22 4.3244393442623 1.16531885245902
77.0999999999969 189 22 3.86061475409836 1.23592131147541
78.1166666666635 187 24 3.7253868852459 1.17899508196721
79.1333333333301 187 23 3.56674262295082 1.10891475409836
88.2833333333296 186 24 3.49239781420765 0.884453916211293
92.349999999996 185 24 3.56157581967213 0.368904918032787
104.549999999995 184 25 4.77783114754099 0.77756762295082
110.649999999995 184 24 3.52535191256831 0.608906557377049
111.666666666662 184 23 3.42090819672131 1.08862786885246
119.799999999994 183 23 4.27959856557377 1.48956762295082
121.833333333328 182 24 3.41525491803279 0.8539
128.933333333328 181 25 3.43460915492958 0.988415962441315
131.93333333333 181 24 3.35086666666667 0.758873333333333
132.933333333331 180 25 3.50258833333333 0.814361666666667
134.933333333333 180 24 3.37335333333333 0.917330833333333
136.933333333334 179 25 3.3895 0.852493333333333
143.93333333334 178 25 3.35513642857143 0.866248333333333
151.933333333346 178 24 3.32612 0.961812291666667
152.933333333347 177 24 3.31819166666667 1.07933666666667
157.933333333351 177 23 2.55873566666667 0.933324333333333
159.933333333353 177 22 2.46198666666667 0.857583333333333
167.933333333359 177 21 2.96510375 0.404141458333333
177.933333333367 177 20 2.38925866666667 0.2089135
178.933333333368 177 19 2.30222 0.252613333333333
190.933333333377 176 20 2.29723069444444 0.21707
221.933333333402 176 19 2.37084155913978 0.201832204301075
222.933333333403 176 18 2.43304666666667 0.254036666666667
228.933333333408 175 19 2.38646527777778 0.2407875
231.93333333341 175 18 2.35071944444444 0.234268333333333
236.933333333414 174 19 2.331664 0.265953
238.933333333416 174 18 2.35631166666667 0.186785833333333
245.933333333421 173 18 2.30942095238095 0.101178095238095
264.066666666755 173 17 2.29389512867647 0.153711029411765
292.533333333396 172 18 2.36685532786885 0.188864110070258
298.63333333339 172 17 2.37275491803279 0.20476693989071
299.650000000056 171 18 2.38829016393443 0.203419672131148
303.716666666719 171 17 2.35250983606557 0.20264631147541
304.733333333385 170 18 2.34841639344262 0.163490163934426
313.883333333377 169 19 2.35806338797814 0.193843533697632
315.916666666708 169 18 2.33810409836065 0.218766393442623
319.983333333371 169 17 2.34909590163934 0.162662704918033
323.033333333368 167 19 2.31662841530055 0.171483606557377
338.283333333354 166 19 2.34357224043716 0.202164153005464
349.466666666678 165 19 2.37935380029806 0.208614754098361
368.783333333327 165 18 2.9111075064711 0.256033649698016
374.883333333321 164 18 2.58876010928962 0.198736885245902
390.133333333307 163 19 2.34933759562842 0.187882404371585
395.216666666636 163 18 2.31815344262295 0.174337704918033
412.499999999954 163 17 2.30037010607522 0.482780906460945
449.09999999992 163 16 2.41346680327869 0.242952641165756
461.299999999909 162 17 2.52171202185792 0.342169808743169
466.383333333238 162 16 2.42449114754098 0.214003606557377
467.399999999904 161 17 2.37759344262295 0.28275737704918
489.76666666655 160 17 2.39896587183309 0.227198584202683
499.933333333207 159 18 2.38027475409836 0.240256229508197
521.283333333188 158 19 2.36811022638564 0.242167213114754
534.499999999843 157 20 2.40013379571248 0.264399243379571
541.616666666503 157 19 2.36404028103044 0.226751522248244
549.749999999829 156 20 2.41936823770491 0.253614754098361
550.766666666494 155 21 2.41727540983607 0.391922950819672
557.883333333155 154 21 2.35675901639344 0.270231850117096
559.916666666486 153 22 2.35361803278689 0.181188524590164
567.033333333146 152 22 2.3599149882904 0.225231615925059
573.133333333141 151 23 2.36283415300546 0.181267759562842
587.366666666461 150 24 2.32066768149883 0.206287119437939
592.44999999979 149 25 2.31612196721311 0.209198360655738
600 149 25 2.33065696721312 0.158329508196721
