# New log 28/04/2014 03:39:16
1 224 32 5.27480666666667 4.46071333333333
4.04999999999999 224 28 3.83789945355191 2.3575606557377
5.06666666666665 224 27 3.38774918032787 1.59838852459016
6.08333333333332 223 27 4.60254262295082 2.21110819672131
7.09999999999998 222 26 4.7533262295082 2.81511803278689
8.09999999999998 222 25 4.02088166666667 2.73569166666667
11.1000000000001 222 23 4.91880611111111 2.88433944444444
12.1000000000002 222 22 5.61598666666667 2.79449
16.1000000000004 222 21 6.49398208333334 1.74236708333333
17.116666666667 220 22 8.11588360655738 1.57819016393443
20.1666666666668 219 23 11.0408606557377 1.53712404371585
21.1833333333334 219 21 10.4680114754098 0.615344262295082
23.2166666666666 218 21 9.74710409836065 1.10675819672131
25.2499999999998 218 20 7.81030163934426 0.848555737704918
28.2999999999997 217 21 9.63737978142077 1.30283224043716
31.3499999999995 217 19 9.34091475409836 2.15529016393443
32.3666666666661 217 18 9.06154754098361 1.98284426229508
33.3833333333327 217 17 9.24028524590164 1.71573606557377
36.4333333333325 216 18 8.3855 0.725622404371585
38.4666666666658 216 17 8.79048032786885 1.72863770491803
41.5166666666656 215 18 8.56752513661202 1.49515409836066
42.5333333333322 214 18 7.06593278688525 0.981686885245902
43.5499999999988 213 18 7.09935409836066 0.785262295081967
45.583333333332 213 17 7.03178360655738 2.36237295081967
46.5999999999986 213 16 7.75252786885246 2.75775409836066
47.6166666666652 212 17 7.55867049180328 3.58151475409836
48.6333333333319 212 16 7.81025901639344 4.55107868852459
49.6499999999985 211 17 7.62231967213115 5.75629672131148
51.6833333333317 211 16 7.24019098360656 6.24621803278689
53.7166666666649 209 18 7.1144762295082 4.82577540983607
54.7333333333315 209 17 7.04901475409836 4.94358360655738
55.7499999999981 209 16 9.59952295081967 5.2112
56.7666666666647 208 17 9.12116557377049 5.40256393442623
58.7999999999979 207 16 7.2499868852459 4.09413278688525
62.8666666666644 206 17 7.6748094262295 2.90742745901639
64.8999999999976 205 17 10.7597827868853 1.86474918032787
65.9166666666642 205 16 7.79903770491803 1.21485409836066
75.0666666666637 204 17 7.6646495446266 1.31972568306011
88.2833333333296 204 16 4.70937061790668 0.877781336696091
118.783333333328 204 15 4.70037098360656 0.76494131147541
130.93333333333 203 16 5.25657489711935 0.865448971193416
138.933333333336 202 16 4.84491458333333 0.494347916666667
143.93333333334 201 17 4.475601 0.486193
153.933333333348 200 17 4.52189416666667 0.694416333333333
162.933333333355 199 16 4.63875462962963 0.70162462962963
174.933333333365 198 17 3.24610208333334 0.2716575
175.933333333365 197 18 3.23705666666667 0.188861666666667
185.933333333373 196 18 3.26322066666667 0.113375166666667
186.933333333374 195 19 3.211135 0.0696633333333333
189.933333333377 195 18 3.193565 0.0710927777777778
199.933333333385 195 17 3.0780275 0.134934666666667
207.933333333391 195 16 3.18398541666667 0.0783108333333333
215.933333333397 195 15 3.242883125 0.152461458333333
243.93333333342 195 14 3.23128994047619 0.140413035714286
266.100000000087 195 13 3.18241030075188 0.0919951127819549
365.733333333329 195 12 4.49898149882905 0.172607176313148
368.783333333327 195 11 4.59445464480875 0.155327868852459
389.116666666641 195 10 4.66516639344262 0.250855327868852
424.699999999942 194 10 4.71463939110071 0.15235962529274
430.799999999937 194 9 4.73454398907104 0.13312868852459
493.833333333213 194 8 4.49120486515071 0.215480962453728
516.199999999859 194 7 4.27939828614009 0.0803491058122206
550.766666666494 193 8 4.2642787367406 0.143226181292189
559.916666666486 193 7 4.26541056466303 0.0730233151183971
562.966666666483 192 8 4.31073770491803 0.0789879781420765
564.999999999815 191 9 4.32457459016393 0.0774959016393443
568.049999999812 190 10 4.29540710382514 0.078527868852459
571.099999999809 189 11 4.15641967213115 0.0817125683060109
572.116666666475 188 11 4.15887540983607 0.0728360655737705
573.133333333141 187 11 4.12208032786885 0.0651672131147541
574.149999999806 186 12 4.12783114754098 0.0777393442622951
600 186 12 4.22460907944514 0.163715573770492
