# New log 28/04/2014 03:43:49
1 224 32 2.34198 0.982698333333333
5.06666666666665 223 31 3.23594467213115 1.21399713114754
6.08333333333332 221 30 4.37676721311476 0.773996721311475
8.09999999999998 221 29 3.44128347107438 0.883597520661157
9.10000000000003 221 28 2.39117166666667 1.68131833333333
11.1000000000001 221 27 4.8333825 3.17705916666667
20.1666666666668 219 28 7.15901213235294 1.04945459558824
21.1833333333334 218 27 6.71672459016393 1.04637213114754
22.2 218 25 5.20193442622951 1.03195409836066
23.2166666666666 216 24 7.80930819672131 0.80864262295082
24.2333333333332 215 25 6.87772786885246 1.12210983606557
28.2999999999997 215 24 8.10133401639344 1.60474426229508
30.3333333333329 214 25 8.13255655737705 1.25531147540984
31.3499999999995 213 26 7.0681131147541 1.13489016393443
33.3833333333327 212 27 7.68155245901639 1.54838360655738
35.4166666666659 211 27 6.97477540983607 1.67125573770492
39.4833333333324 209 28 5.629225 1.55462909836066
41.5166666666656 208 28 7.74645327868853 1.45400081967213
42.5333333333322 207 29 6.5590606557377 1.2274131147541
43.5499999999988 207 28 5.60964098360656 1.27994426229508
44.5666666666654 206 27 6.11086721311476 2.59620491803279
47.6166666666652 206 26 5.96722240437158 3.94589890710383
49.6499999999985 205 25 6.10085819672131 2.30843606557377
53.7166666666649 204 26 4.9498 1.34850901639344
57.7833333333313 204 25 5.14485409836065 1.05393483606557
58.7999999999979 204 24 4.74964590163934 1.26749344262295
59.8166666666646 203 25 4.81008032786885 1.51384590163934
61.8499999999978 203 24 5.61875655737705 1.7148368852459
62.8666666666644 202 25 6.42718852459016 1.50651147540984
63.883333333331 201 26 5.98116721311476 1.52464262295082
64.8999999999976 200 26 5.69110655737705 1.27350163934426
68.966666666664 200 25 6.46337827868852 1.21873729508197
69.9833333333306 199 26 6.14701475409836 1.5588
72.0166666666639 198 25 8.56405573770492 2.39480163934426
74.0499999999971 197 26 5.77213852459016 1.32235573770492
75.0666666666637 195 28 6.51411967213115 0.825180327868853
76.0833333333303 195 27 5.97859180327869 0.999247540983607
77.0999999999969 195 26 5.78692786885246 1.30674590163934
78.1166666666635 194 27 5.91651803278689 1.49664590163934
85.2333333333298 193 28 4.25277681498829 1.61345128805621
87.266666666663 192 28 3.56671393442623 0.599345901639344
89.2999999999962 191 29 3.22204098360656 0.733543442622951
93.3666666666627 190 30 2.68202213114754 0.598964754098361
98.4499999999957 190 29 2.99569573770492 1.14816557377049
106.583333333329 189 30 2.74309836065574 0.579764549180328
108.616666666662 188 31 2.81125081967213 1.37410491803279
110.649999999995 187 31 2.71137295081967 1.83687540983607
112.683333333328 187 30 2.92075737704918 1.88162049180328
113.699999999995 187 29 3.03315409836066 2.38023278688525
122.849999999994 187 28 2.72060236794171 0.633868488160292
125.899999999994 186 29 3.5803262295082 0.40030218579235
129.933333333329 185 30 4.18738223140496 0.42160867768595
132.933333333331 185 29 2.93905444444444 0.373139444444445
134.933333333333 183 30 2.77987083333333 0.514419166666667
135.933333333334 183 29 2.29393666666667 0.33868
136.933333333334 182 30 1.21708166666667 0.147395
139.933333333337 180 32 1.25446333333333 0.343382777777778
141.933333333338 179 33 1.62628333333333 0.4155375
155.93333333335 179 32 2.45289333333334 0.284911666666667
166.933333333358 178 32 2.76031045454546 0.214620454545455
173.933333333364 177 33 2.63182642857143 0.186087142857143
181.93333333337 176 34 2.654093125 0.402687916666667
185.933333333373 175 34 2.61957291666667 0.29572
188.933333333376 175 33 2.64984611111111 0.177993888888889
189.933333333377 175 32 2.58501166666667 0.197
196.933333333382 175 31 2.59237476190476 0.139451428571429
199.933333333385 175 30 2.47562611111111 0.129966666666667
207.933333333391 174 31 2.517551875 0.1228925
217.933333333399 173 32 1.715647 0.082227
225.933333333405 172 33 1.25169458333333 0.0550566666666667
228.933333333408 171 33 1.11607555555555 0.116351666666667
229.933333333408 171 31 1.05156333333333 0.05149
232.933333333411 170 32 1.05301111111111 0.110556666666667
245.933333333421 169 33 1.34898576923077 0.118115512820513
247.933333333423 169 32 1.1267625 0.166655
248.933333333424 168 32 0.97061 0.0373083333333333
250.933333333425 167 32 1.04372 0.0587341666666667
255.933333333429 166 33 1.007694 0.0805596666666667
258.983333333426 165 34 1.01170163934426 0.145646994535519
263.050000000089 165 33 0.999570081967213 0.0792139344262295
279.316666666741 165 32 1.04641690573771 0.123164139344262
285.416666666736 164 33 0.967340163934426 0.0671767759562842
290.500000000064 163 34 0.967583278688524 0.0591104918032787
292.533333333396 163 33 0.983686065573771 0.116205737704918
301.683333333388 163 32 0.99373315118397 0.107859198542805
307.783333333382 162 33 0.985067486338798 0.0836857923497268
310.833333333379 161 34 0.906839344262295 0.0466540983606557
318.966666666705 161 33 1.19632540983607 0.0603780737704918
321.000000000037 160 32 0.943285245901639 0.0783393442622951
322.016666666702 159 32 0.990318032786886 0.0640180327868852
339.30000000002 159 31 0.964146673095469 0.0919396335583414
348.450000000012 158 32 1.03309344262295 0.0704825136612022
349.466666666678 158 31 0.931903278688524 0.0587590163934426
352.516666666675 156 32 0.998873770491803 0.057475956284153
358.616666666669 155 32 0.96325218579235 0.0772636612021858
360.650000000001 154 33 0.949625409836065 0.0743934426229508
363.699999999998 153 34 0.964230054644809 0.0726071038251366
368.783333333327 152 35 0.955669508196722 0.0658668852459016
369.799999999992 152 34 1.18921639344262 0.11867868852459
370.816666666658 152 33 0.898370491803278 0.0819229508196721
373.866666666655 150 33 0.936571038251366 0.294635519125683
374.883333333321 150 32 0.965909836065574 0.336852459016393
377.933333333318 149 32 0.917910928961749 0.383365573770492
385.049999999978 148 33 0.935933957845434 0.401057611241218
387.08333333331 148 32 0.943345901639345 0.341331147540984
388.099999999976 147 32 0.892483606557377 0.242844262295082
394.19999999997 146 32 0.927323770491803 0.30115956284153
397.249999999967 145 31 0.896913661202186 0.134968306010929
400.299999999965 144 31 0.8687087431694 0.125693442622951
408.433333333291 144 30 0.900778278688525 0.164754098360656
409.449999999956 143 31 0.849408196721312 0.11176393442623
418.599999999948 141 33 1.37893515482696 0.187235154826958
421.649999999945 141 32 1.21617322404372 0.184835519125683
428.766666666605 140 32 1.35372318501171 0.193846370023419
446.049999999923 139 33 1.44719556412729 0.22257531340405
473.499999999898 139 32 2.75899411050394 0.218403885853066
479.599999999892 139 31 1.39516530054645 0.112603005464481
566.016666666481 138 32 0.948742314368373 0.0718176277724205
580.249999999801 138 31 0.846500117096019 0.0388613583138173
600 138 31 1.7873018852459 0.11009131147541
