# New log 28/04/2014 03:31:03
1 224 32 2.43122 10.8950716666667
4.04999999999999 223 33 2.28303661202186 2.43469617486339
5.06666666666665 223 32 3.80206065573771 1.38185245901639
6.08333333333332 222 33 3.6137 1.51054098360656
9.10000000000003 222 31 2.7665182320442 4.56887071823204
10.1000000000001 221 32 1.72700666666667 10.1693033333333
11.1000000000001 220 32 2.02472833333333 10.2392883333333
17.116666666667 220 31 2.19327451523546 10.4149260387812
18.1333333333336 220 29 2.31252131147541 10.3852737704918
20.1666666666668 220 28 2.33352868852459 10.2085368852459
21.1833333333334 220 27 2.3336131147541 10.4963672131148
22.2 220 26 2.00474754098361 10.5836672131148
24.2333333333332 219 26 1.90486229508197 10.5791172131148
26.2666666666665 218 25 1.57877295081967 11.0898172131148
27.2833333333331 218 24 1.80388196721311 11.0964360655738
29.3166666666663 218 23 1.54826557377049 10.4609557377049
31.3499999999995 217 24 1.6108368852459 10.3865245901639
35.4166666666659 216 24 1.77809098360656 10.5676790983607
39.4833333333324 215 24 1.90407991803279 10.5882983606557
41.5166666666656 215 23 1.73105245901639 10.7437754098361
43.5499999999988 215 22 1.74628770491803 10.573787704918
45.583333333332 214 23 1.73574836065574 10.4310549180328
47.6166666666652 214 22 1.64289426229508 10.5356229508197
49.6499999999985 213 22 1.65714508196721 10.9350016393443
50.6666666666651 213 21 1.60181147540984 10.4234409836066
52.6999999999983 212 22 1.61941065573771 10.3056909836066
55.7499999999981 212 21 1.75820491803279 10.1253284153005
57.7833333333313 212 20 1.8852262295082 10.4164721311475
60.8333333333312 211 21 1.69801420765027 10.2113754098361
64.8999999999976 210 22 1.64537090163934 10.1879315573771
66.9333333333308 210 21 1.72620983606557 10.2865803278689
67.9499999999974 210 20 1.85677213114754 10.8678213114754
70.9999999999973 210 19 1.60787978142077 10.3444693989071
78.1166666666635 209 19 1.64109461358314 10.6711
82.18333333333 208 19 1.69459918032787 10.6105668032787
93.3666666666627 208 18 1.71184008941878 10.4120913561848
97.4333333333291 208 17 1.72690040983607 10.1695840163934
99.4666666666623 205 19 1.85068360655738 10.2664729508197
103.533333333329 205 18 1.65798647540984 10.325343852459
114.716666666661 205 17 2.00786304023845 10.7050356184799
118.783333333328 205 16 1.73370163934426 9.88585901639344
120.816666666661 204 17 1.51779180327869 10.277487704918
134.933333333333 203 18 1.57179090909091 10.8194069657615
139.933333333337 203 16 1.585574 10.4415646666667
145.933333333342 202 16 1.50758694444444 10.0733025
147.933333333343 201 16 1.50564583333333 10.010615
149.933333333345 201 15 1.56341916666667 10.0234066666667
152.933333333347 200 15 1.54227833333333 9.71032611111111
158.933333333352 199 15 1.57186611111111 10.3887769444444
169.933333333361 199 14 1.56161439393939 10.9169681818182
170.933333333362 198 15 1.53173166666667 10.70461
192.933333333379 198 14 1.59217666666667 11.1425800757576
199.933333333385 198 13 1.72174785714286 11.5573654761905
200.933333333385 198 12 2.03495 10.37855
228.933333333408 198 11 2.02666660714286 9.89551041666667
235.933333333413 198 10 1.51954571428571 10.0852869047619
268.133333333418 198 9 1.51089415113872 9.7553932194617
269.150000000084 197 10 1.50496557377049 10.3199524590164
273.216666666747 196 11 1.49682295081967 9.93649057377049
274.233333333413 196 10 1.51517049180328 9.84816229508197
290.500000000064 195 10 1.48235266393443 9.69861680327869
302.700000000053 194 11 1.46310806010929 9.66303538251366
346.41666666668 193 12 1.49958074723599 9.74940545177278
421.649999999945 192 13 1.47443258750554 9.09994539211342
449.09999999992 192 12 1.45969502125076 9.06310333940498
453.166666666583 191 13 1.44244180327869 9.09945901639344
495.866666666544 191 12 1.45222552693208 9.09757138953942
536.533333333174 191 11 1.44974204918033 9.10465663934426
600 191 11 1.45431337496747 9.1029841790268
