# New log 28/04/2014 04:50:25
1 224 32 2.42228 9.80478666666667
4.04999999999999 224 30 2.11456010928962 1.21029945355191
8.09999999999998 223 31 2.16314074074074 1.89048683127572
10.1000000000001 222 32 2.839965 3.1878625
11.1000000000001 221 32 2.79475833333333 3.41241166666667
12.1000000000002 219 33 2.28199 2.80710666666667
14.1000000000003 218 32 2.754625 4.16417916666667
16.1000000000004 217 33 2.94856666666667 4.89033583333333
17.116666666667 215 35 3.56821475409836 5.00479180327869
18.1333333333336 215 33 2.96926393442623 5.81285245901639
21.1833333333334 214 33 3.13174972677596 4.38870054644809
22.2 214 32 2.85790655737705 2.72735409836066
23.2166666666666 214 31 2.41394590163934 1.9756868852459
27.2833333333331 213 31 2.04021885245902 5.90469221311476
32.3666666666661 213 30 1.50268918032787 1.38215672131148
34.3999999999993 213 29 1.66603360655738 3.58309836065574
42.5333333333322 212 28 2.18714672131147 5.18465204918033
46.5999999999986 211 29 2.474525 5.01572827868852
47.6166666666652 210 29 1.77118524590164 8.64682295081967
48.6333333333319 210 28 1.57603770491803 9.80918196721311
49.6499999999985 209 28 1.81656557377049 7.54688360655738
51.6833333333317 208 28 2.04668934426229 8.39102786885246
54.7333333333315 207 28 2.06259672131148 8.94932131147541
55.7499999999981 205 28 2.28737049180328 7.43692459016393
56.7666666666647 205 27 2.32585737704918 6.18071475409836
60.8333333333312 205 26 2.68010819672131 5.03668360655738
64.8999999999976 205 25 2.12174180327869 1.63583852459016
65.9166666666642 204 25 2.16055901639344 2.13989344262295
66.9333333333308 203 24 1.78646065573771 2.72350819672131
68.966666666664 202 25 1.83623114754098 2.31846885245902
80.1499999999967 202 24 1.65157988077496 3.04874232488823
83.1999999999966 202 22 1.41959672131148 6.04940819672131
92.349999999996 201 23 1.82606703096539 4.39375446265938
94.3833333333293 200 24 3.63527459016393 3.69126229508197
97.4333333333291 199 25 2.69654480874317 4.55996557377049
106.583333333329 198 25 1.70294462659381 2.97375391621129
123.866666666661 198 24 1.99631957569913 1.70568138862102
124.883333333328 197 25 2.32032459016393 1.0336606557377
128.933333333328 196 26 2.19010493827161 0.893800823045268
131.93333333333 195 26 1.888065 0.880201111111111
149.933333333345 195 25 1.91242694444444 1.33993759259259
155.93333333335 195 24 1.85813 1.34756527777778
157.933333333351 194 25 1.84557 1.45074083333333
174.933333333365 193 26 1.85968323529412 1.29345735294118
175.933333333365 193 25 1.85565 0.858906666666667
187.933333333375 193 24 1.81337611111111 0.967195972222222
194.933333333381 193 23 1.81036714285714 1.08446023809524
258.983333333426 192 23 1.86739391100702 2.24097556596409
276.266666666744 192 22 1.83855573770492 2.37491263259402
281.350000000073 191 22 1.82765803278689 2.19476196721312
286.433333333401 191 21 1.80171573770492 2.23902491803279
289.483333333399 190 22 1.80433169398907 2.27601366120219
291.51666666673 189 22 1.82533442622951 2.16185081967213
292.533333333396 188 23 1.83564426229508 2.12922459016393
299.650000000056 188 22 1.7760112412178 2.12522880562061
303.716666666719 187 22 1.7790643442623 2.18225286885246
304.733333333385 186 22 1.7618393442623 2.2179
315.916666666708 186 21 1.77680029806259 2.08874157973174
316.933333333374 185 21 2.17842459016393 1.95068852459016
321.000000000037 184 22 1.90594098360656 1.99344221311475
323.033333333368 184 21 1.75068196721312 2.02435081967213
330.150000000028 183 21 1.40703067915691 1.9513318501171
337.266666666689 182 22 1.32197892271663 1.87735971896956
340.316666666686 182 20 1.32213442622951 1.83544808743169
353.53333333334 182 19 1.38161689785624 1.91871979823455
359.633333333335 182 18 1.3757150273224 1.80258469945355
388.099999999976 182 17 1.32092968384075 1.92253600702576
394.19999999997 181 18 1.33691393442623 1.99297349726776
401.31666666663 180 19 1.32656557377049 1.97843442622951
406.399999999959 179 20 1.31729475409836 1.85533672131148
407.416666666625 178 21 1.29373278688525 2.14938360655738
444.016666666592 178 20 1.33752864298725 1.81035623861566
460.283333333243 177 21 1.38610512295082 1.92378073770492
470.449999999901 176 21 1.2913024590164 1.9243837704918
543.649999999834 176 20 1.30306190801457 2.15412495446266
545.683333333166 175 20 1.28863442622951 1.97352213114754
547.716666666497 174 20 1.28608278688525 1.97514016393443
548.733333333163 173 21 1.28360983606557 2.00005409836066
551.78333333316 172 22 1.25293825136612 2.11118415300546
559.916666666486 172 21 1.2357137295082 1.73230471311475
566.016666666481 171 22 1.26354836065574 1.71847704918033
569.066666666478 170 22 1.2250262295082 1.69113551912568
577.199999999804 170 21 1.21645676229508 1.29889713114754
586.349999999795 170 20 1.27782677595628 1.20041712204007
600 170 20 1.26410140515223 1.68029004683841
