# New log 28/04/2014 04:53:52
1 224 32 5.254935 1.88457166666667
3.03333333333333 224 30 3.47546229508197 0.961627868852459
4.04999999999999 224 29 3.54538032786885 1.00007540983607
5.06666666666665 221 29 4.71274590163935 1.49525081967213
6.08333333333332 221 28 3.7194131147541 0.714027868852459
7.09999999999998 221 26 3.72635901639344 0.958252459016393
8.09999999999998 220 27 5.00938833333333 0.916886666666667
9.10000000000003 220 24 4.272645 1.31275
11.1000000000001 219 22 5.37186 0.622650833333333
12.1000000000002 219 20 7.95662 0.854118333333333
13.1000000000002 219 19 9.04157666666667 0.917995
16.1000000000004 217 21 10.4850838888889 1.14869666666667
17.116666666667 217 19 7.32186721311475 1.12870983606557
20.1666666666668 217 18 8.64969672131148 1.21732295081967
22.2 217 17 7.86201557377049 0.715287704918033
23.2166666666666 217 16 6.89290327868852 0.982990163934426
24.2333333333332 216 16 5.0735393442623 1.41640491803279
26.2666666666665 214 18 3.79192868852459 0.942931147540984
27.2833333333331 214 17 4.57060819672131 0.797868852459016
28.2999999999997 214 16 5.07541639344262 0.597255737704918
30.3333333333329 213 16 4.4167737704918 1.37979180327869
32.3666666666661 213 15 4.22321639344262 1.28961885245902
33.3833333333327 212 14 4.80765737704918 1.52667540983607
36.4333333333325 211 14 4.51517650273224 0.812874316939891
42.5333333333322 211 13 4.87654972677596 1.4245
43.5499999999988 210 14 4.6076131147541 1.84068032786885
48.6333333333319 210 13 3.49596426229508 1.38815737704918
58.7999999999979 209 13 4.46898737704919 1.24193475409836
60.8333333333312 208 14 4.36269180327869 2.09837295081967
61.8499999999978 208 13 4.7450262295082 1.01826229508197
62.8666666666644 207 14 4.32138032786885 1.04049180327869
77.0999999999969 206 15 3.94459391100703 1.18768676814988
78.1166666666635 206 14 4.76325737704918 1.42203770491803
88.2833333333296 205 14 3.68949934426229 1.01071573770492
91.3333333333294 204 15 2.80860983606557 0.220755191256831
94.3833333333293 203 16 2.93439016393443 0.297445355191257
100.483333333329 202 16 2.86495628415301 1.75601967213115
101.499999999996 201 16 2.77590983606557 1.36013114754098
106.583333333329 201 15 2.78443049180328 0.811575409836066
110.649999999995 201 14 2.84481352459016 0.873720081967213
119.799999999994 200 14 3.08884936247723 0.674098724954463
131.93333333333 199 15 3.08239793956044 0.449971703296703
151.933333333346 199 14 2.64861316666666 0.24988375
152.933333333347 199 13 2.64895 0.163471666666667
156.93333333335 198 14 2.57576333333333 0.38547625
163.933333333356 198 13 2.59425095238095 0.213668571428571
242.933333333419 197 14 2.63275607594937 0.277286540084388
263.050000000089 196 14 2.57808334714168 0.159601574150787
267.116666666752 195 13 2.57070532786885 0.146565573770492
274.233333333413 194 14 2.6402681498829 0.184214051522248
281.350000000073 194 13 2.51295011709602 0.239980327868852
302.700000000053 194 12 2.53162576112412 0.168566354410617
336.250000000023 194 11 2.57436448087431 0.161691157476403
337.266666666689 194 10 2.56918196721311 0.0982540983606557
363.699999999998 194 9 2.54483965952081 0.141377994955864
375.899999999987 194 8 2.54750177595629 0.165600819672131
398.266666666633 194 7 2.58434016393442 0.15018129657228
475.53333333323 194 6 2.63596447368421 0.153127696289905
508.066666666533 194 5 2.90739948770492 0.238265010245902
564.999999999815 194 4 2.91527505854801 0.213656206088993
600 194 4 2.71467255269321 0.190059859484778
