# New log 28/04/2014 04:57:07
1 224 32 2.37146833333333 0.548046666666667
4.04999999999999 223 31 2.03374535519126 0.633492349726776
5.06666666666665 223 30 1.96087540983607 0.727724590163935
6.08333333333332 223 29 3.97579672131148 3.34510655737705
7.09999999999998 223 27 4.07802295081967 0.828460655737705
8.09999999999998 222 27 3.68101 0.774143333333333
9.10000000000003 222 24 3.98433833333333 0.48241
11.1000000000001 221 24 5.6447175 0.77346
12.1000000000002 221 23 5.72156166666667 0.78654
14.1000000000003 218 25 7.1909025 0.886670833333333
15.1000000000003 217 25 7.030035 1.128195
16.1000000000004 215 25 3.78797166666667 1.17406333333333
18.1333333333336 214 25 4.71832540983607 1.43561967213115
19.1500000000002 213 26 8.02992295081967 2.14902786885246
23.2166666666666 212 25 7.77692786885246 2.10957704918033
24.2333333333332 212 23 6.40195737704918 1.08754754098361
25.2499999999998 212 21 4.35780819672131 0.808419672131148
26.2666666666665 211 21 4.4136131147541 0.681231147540984
27.2833333333331 211 20 5.05231475409836 0.952275409836066
29.3166666666663 210 21 5.4919344262295 0.984095081967213
30.3333333333329 209 20 3.09796885245902 0.642980327868853
31.3499999999995 208 21 3.49078360655738 0.892537704918033
32.3666666666661 207 22 4.50667868852459 0.931662295081967
34.3999999999993 206 23 4.08536475409836 1.17318360655738
37.4499999999992 205 23 3.74939344262295 2.72284371584699
38.4666666666658 205 22 2.16851639344262 0.658773770491803
40.499999999999 205 20 2.46736475409836 0.665884426229508
41.5166666666656 205 17 3.00468852459016 1.56386557377049
48.6333333333319 205 16 3.38042529274005 4.32801850117096
50.6666666666651 205 15 6.54861229508197 1.19214344262295
52.6999999999983 204 16 6.35148770491803 1.56865327868852
53.7166666666649 203 17 5.91940655737705 1.62327704918033
57.7833333333313 203 16 3.40572540983607 1.82855245901639
61.8499999999978 203 15 2.42301885245902 1.4951118852459
65.9166666666642 203 14 3.04905327868853 1.29771475409836
67.9499999999974 202 15 2.73008770491803 1.38174016393443
84.2166666666632 202 14 2.62996147540984 2.26757243852459
93.3666666666627 201 15 2.02177049180328 2.08716848816029
94.3833333333293 201 14 2.17250327868852 2.34482295081967
101.499999999996 200 15 2.62997704918033 1.62362552693208
105.566666666662 199 15 2.16870655737705 0.649127868852459
109.633333333328 199 14 2.02400737704918 2.07911024590164
113.699999999995 198 15 2.18463524590164 3.74791147540984
115.733333333328 197 16 2.1698 3.62236803278689
127.933333333327 197 15 1.86249412568306 1.80359303278689
143.93333333334 197 14 1.37035708333333 0.356763645833333
151.933333333346 196 14 1.35367395833333 0.251273125
153.933333333348 196 13 1.35930833333333 0.175575833333333
174.933333333365 195 14 1.4914676984127 0.202813492063492
177.933333333367 195 13 1.23473555555556 0.124512222222222
181.93333333337 195 12 1.43688458333333 0.250612916666667
188.933333333376 194 13 1.24799595238095 0.164102142857143
208.933333333392 193 14 1.43712991666667 0.263508583333333
209.933333333393 193 13 2.7111 0.509605
231.93333333341 193 12 1.39257621212121 0.290709696969697
234.933333333412 192 13 1.25084944444444 0.570852777777778
239.933333333416 190 15 1.26239633333333 0.207263
247.933333333423 189 16 1.28399291666667 0.212273958333333
249.933333333424 188 16 1.34770666666667 0.179055833333333
258.983333333426 188 15 1.37634033149171 0.522476979742173
260.000000000092 187 15 1.34599672131148 0.109347540983607
263.050000000089 187 14 1.17850928961749 0.189973770491803
268.133333333418 186 15 3.72280524590164 0.316953114754098
273.216666666747 185 16 1.62215147540984 0.198921967213115
280.333333333407 184 16 1.62492295081967 0.228930913348946
297.616666666725 184 15 2.12527232401157 0.367631147540984
314.900000000042 184 14 2.1340443587271 0.35574831243973
330.150000000028 183 14 2.18772207650273 0.384106557377049
331.166666666694 182 15 2.18875245901639 0.423332786885246
334.216666666691 182 14 2.12043442622951 0.305672677595628
335.233333333357 181 15 2.17224426229508 0.403011475409836
338.283333333354 181 14 2.12694316939891 0.328413114754098
339.30000000002 181 13 2.01183934426229 0.308095081967213
366.749999999995 181 12 1.66552896174863 0.246217729204614
367.766666666661 181 11 1.49070327868852 0.130729508196721
374.883333333321 180 12 1.46334402810305 0.203192740046838
407.416666666625 180 11 1.54300727459017 0.194966034836066
428.766666666605 179 11 1.45863395784543 0.160743715846995
432.833333333268 179 10 1.55347459016394 0.175231557377049
600 179 10 1.51356498758073 0.197850024838549
