# New log 28/04/2014 05:54:05
1 224 32 6.50797833333333 2.112955
3.03333333333333 224 31 4.3258131147541 1.36052540983607
4.04999999999999 224 28 4.69372295081967 1.29024754098361
5.06666666666665 222 27 5.98265573770492 1.34005081967213
6.08333333333332 221 25 4.95129180327869 1.16273278688525
7.09999999999998 221 24 8.25833114754098 1.40091147540984
8.09999999999998 221 23 6.28977333333333 1.47351
9.10000000000003 219 24 5.35888666666667 0.934823333333333
12.1000000000002 219 23 6.74985555555556 0.978059444444444
13.1000000000002 218 22 5.87737333333333 1.107675
14.1000000000003 217 22 5.501705 0.766983333333333
15.1000000000003 217 21 5.05693666666667 0.58968
16.1000000000004 217 20 4.75310333333333 0.870651666666667
17.116666666667 215 21 4.89312131147541 0.999232786885246
18.1333333333336 215 19 7.50606885245902 0.930103278688525
20.1666666666668 215 18 4.56357377049181 0.535754098360656
24.2333333333332 215 17 6.25347172131148 0.701604508196721
27.2833333333331 215 16 6.20715519125683 0.983504918032787
28.2999999999997 215 15 4.26016557377049 1.21646229508197
29.3166666666663 215 14 4.25837704918033 1.11789672131148
31.3499999999995 213 15 5.20404836065574 1.80123606557377
35.4166666666659 212 14 4.30004057377049 1.70238852459016
40.499999999999 211 15 3.91023737704918 1.60202721311475
42.5333333333322 210 15 4.76348032786885 2.21614016393443
49.6499999999985 210 13 5.26203302107729 1.78761358313817
55.7499999999981 209 14 5.60051912568306 1.17046092896175
58.7999999999979 209 12 6.98531202185793 1.07049672131148
66.9333333333308 209 11 4.57992602459016 0.862307786885246
67.9499999999974 209 9 3.27350819672131 0.356201639344262
75.0666666666637 208 10 3.26835901639345 1.21285784543326
76.0833333333303 207 10 4.82709836065574 1.16076557377049
96.4166666666625 206 11 3.35474393442623 1.65150024590164
101.499999999996 206 10 3.10181770491803 1.98632590163934
104.549999999995 205 11 2.93556994535519 1.93998633879781
131.93333333333 204 12 3.36142166768107 1.37550115642118
134.933333333333 204 11 2.74546833333333 0.873425
142.933333333339 204 10 3.0047025 0.483389583333333
154.933333333349 203 11 2.85020638888889 0.23273875
188.933333333376 203 10 2.8938531372549 0.242445098039216
191.933333333378 202 11 2.88899444444444 0.227312777777778
199.933333333385 202 10 2.99575395833333 0.32267625
200.933333333385 201 11 2.80761333333333 0.275038333333333
238.933333333416 200 12 2.8187097368421 0.272079210526316
243.93333333342 200 11 2.75468 0.374389
262.033333333424 200 10 3.06851777163904 0.310240976058932
266.100000000087 199 11 2.78502663934426 0.246706557377049
282.366666666739 198 12 2.80022930327869 0.339251639344262
291.51666666673 198 11 2.82776830601093 0.447463570127505
300.666666666722 198 10 2.74358506375228 0.2685970856102
335.233333333357 197 11 2.80555520732884 0.291776422372228
340.316666666686 197 10 2.71558819672131 0.260595737704918
351.500000000009 197 9 3.11693144560358 0.31310044709389
354.550000000006 197 8 3.14760601092896 0.262355737704918
356.583333333338 196 8 2.7742262295082 0.397804918032787
357.600000000003 195 8 2.66647049180328 0.242109836065574
385.049999999978 194 9 2.72796332726168 0.232603035822708
405.383333333293 194 8 2.71179606557377 0.25952737704918
417.583333333282 194 7 2.73181243169399 0.219041120218579
433.849999999934 194 6 2.69656875 0.2705625
449.09999999992 194 5 2.74065169398907 0.283934535519126
455.199999999915 193 6 2.85042404371585 0.264644535519126
460.283333333243 193 5 2.77525245901639 0.187432459016393
472.483333333232 192 6 2.79906325136612 0.200934836065574
478.583333333227 191 7 2.75836284153005 0.190644535519126
495.866666666544 191 6 2.71106538090646 0.186445033751205
500.949999999873 190 7 2.7478593442623 0.198207868852459
501.966666666539 190 6 2.77444262295082 0.252111475409836
514.166666666528 189 7 2.76310013661202 0.240923633879781
546.699999999831 189 5 2.74852448770492 0.231533913934426
600 189 5 2.74316108877204 0.255699288586452
