# New log 28/04/2014 05:57:33
1 224 32 2.60995833333333 0.787633333333333
5.06666666666665 224 27 2.93601598360656 1.16645573770492
6.08333333333332 223 25 3.96123442622951 0.740583606557377
7.09999999999998 223 24 4.40094426229508 1.06263442622951
10.1000000000001 222 23 3.47512444444444 0.589561111111111
11.1000000000001 222 22 4.292235 0.558628333333333
12.1000000000002 221 23 4.04053666666667 0.433141666666667
15.1000000000003 221 22 4.715225 0.687947222222222
16.1000000000004 220 22 5.313555 0.652828333333333
17.116666666667 219 22 7.04523934426229 0.905855737704918
18.1333333333336 219 21 6.11766557377049 1.05693770491803
21.1833333333334 218 21 6.10401202185793 1.51995464480874
22.2 217 22 5.81491967213115 1.9434737704918
23.2166666666666 217 20 4.52849344262295 1.14914426229508
24.2333333333332 216 21 6.92352295081967 0.578996721311476
25.2499999999998 215 21 4.7685 0.979985245901639
27.2833333333331 215 20 4.86333278688525 0.890446721311475
28.2999999999997 215 19 2.55554426229508 0.54652131147541
30.3333333333329 215 18 2.84133770491803 0.448695901639344
32.3666666666661 214 17 3.20330327868853 0.635936885245902
36.4333333333325 214 16 2.97258770491804 0.589373360655738
37.4499999999992 214 15 2.84442950819672 2.52420655737705
40.499999999999 214 13 2.38869617486339 0.498112568306011
44.5666666666654 214 12 2.14659016393443 0.732234836065574
47.6166666666652 214 11 3.00444207650273 0.614750819672131
48.6333333333319 213 11 2.28925081967213 0.524995081967213
49.6499999999985 212 12 2.41977540983607 0.60924262295082
50.6666666666651 211 12 2.11545245901639 0.661955737704918
51.6833333333317 211 11 2.18670983606557 0.528690163934426
63.883333333331 211 10 2.34536161202186 1.27458633879781
80.1499999999967 211 9 2.63420665983606 2.25580881147541
96.4166666666625 211 8 2.60846004098361 1.37389723360656
99.4666666666623 211 7 1.42570382513661 0.823868852459016
103.533333333329 211 6 1.51199344262295 0.687095491803279
105.566666666662 210 7 1.61598196721311 0.601915573770492
112.683333333328 209 7 2.80854800936768 0.67148337236534
131.93333333333 208 7 1.79932632034632 0.757259393939394
150.933333333346 207 8 1.40972622807017 1.00815421052632
151.933333333346 207 7 2.82411 1.56351833333333
155.93333333335 206 8 1.55702208333333 1.19797416666667
160.933333333354 206 7 1.592828 0.956104666666667
163.933333333356 205 6 1.43492333333333 1.23951388888889
168.93333333336 204 7 1.40856166666667 0.815715
169.933333333361 203 8 2.83474 1.24789
170.933333333362 202 8 1.73161 0.6803
176.933333333366 202 7 1.67753277777778 1.0452325
197.933333333383 201 8 1.4516646031746 1.17105484126984
209.933333333393 201 7 1.36582194444445 0.692944166666667
210.933333333393 200 7 2.68182 0.75891
211.933333333394 200 6 2.47022666666667 0.615876666666667
218.9333333334 200 5 2.48409857142857 0.79292880952381
225.933333333405 200 4 2.49645428571429 0.708801190476191
265.083333333421 199 5 2.312139250745 0.711371945508727
272.200000000081 199 4 1.35226323185012 0.642535597189696
312.866666666711 199 3 1.40210663934426 0.598485081967213
335.233333333357 198 4 1.26474865871833 0.48106393442623
346.41666666668 198 3 1.3707086438152 0.508012071535022
355.566666666672 197 4 1.24945810564663 0.468776138433516
378.949999999984 196 5 1.38509793300071 0.454745759087669
396.233333333302 195 6 1.24229054966249 0.378098746383799
400.299999999965 195 5 1.27370983606557 0.410865163934426
402.333333333296 194 5 1.40546967213115 0.561580327868852
405.383333333293 194 4 1.32878579234973 0.397929508196721
411.483333333288 193 5 1.26451366120219 0.389269672131148
415.549999999951 192 6 1.24794795081967 0.390670491803279
417.583333333282 192 5 1.19403196721312 0.348858196721312
419.616666666614 191 6 1.2372237704918 0.40813606557377
420.633333333279 190 6 1.94750655737705 1.28756393442623
429.783333333271 189 6 1.20504754098361 0.384136247723133
433.849999999934 188 5 1.25648852459016 0.307919672131148
439.949999999929 187 6 1.41466830601093 0.359384699453552
449.09999999992 186 7 1.22329107468124 0.370490346083789
457.233333333246 185 8 1.2455012295082 0.441386885245902
461.299999999909 184 9 1.42685163934426 0.47405
478.583333333227 184 8 1.19364676952748 0.464364320154291
481.633333333224 183 9 1.15123770491803 0.32937650273224
492.816666666547 182 10 1.28283129657228 0.426273174366617
507.049999999868 181 10 1.1266293911007 0.413889227166276
526.366666666517 181 9 1.17092355478861 0.387729163071613
549.749999999829 181 8 1.16098995010691 0.407387027797577
578.216666666469 180 9 1.2060831381733 0.456046077283372
600 180 9 1.13311102831595 0.45662958271237
