# New log 28/04/2014 05:49:28
1 224 32 2.44310833333333 10.1481866666667
2.01666666666666 223 33 2.0591 0.632834426229508
3.03333333333333 222 32 2.34097868852459 1.38602131147541
4.04999999999999 220 34 2.24060491803279 1.01833606557377
5.06666666666665 220 32 2.88239672131148 0.920544262295082
6.08333333333332 220 30 2.96666721311475 3.75461475409836
12.1000000000002 219 30 3.32791523545707 1.99148836565097
13.1000000000002 218 30 3.28493166666667 1.69539833333333
15.1000000000003 217 28 2.12829 1.62930583333333
16.1000000000004 216 28 2.09069 2.28767666666667
17.116666666667 216 26 4.2435868852459 2.26966229508197
18.1333333333336 215 27 5.80292950819672 1.96209344262295
21.1833333333334 215 25 5.58465355191257 2.34121912568306
23.2166666666666 215 24 2.74401557377049 3.42602868852459
29.3166666666663 214 24 1.55684153005464 1.41018989071038
34.3999999999993 213 25 1.7852862295082 8.44582131147541
36.4333333333325 213 23 1.53613934426229 10.1053270491803
40.499999999999 213 22 1.59988729508197 7.76199344262295
42.5333333333322 212 23 1.44733852459016 9.70723032786885
44.5666666666654 212 22 1.67149672131148 9.99270409836066
45.583333333332 211 22 1.85075901639344 10.6686147540984
50.6666666666651 210 22 1.80245049180328 9.56201278688525
51.6833333333317 209 23 1.53871147540984 9.12194262295082
53.7166666666649 208 23 1.70255327868852 10.1795754098361
54.7333333333315 208 22 2.02107049180328 10.6166409836066
55.7499999999981 208 21 3.52977540983607 8.65333278688525
57.7833333333313 207 22 2.01859754098361 7.1069131147541
60.8333333333312 207 21 1.53821967213115 11.6994825136612
75.0666666666637 207 20 1.60137470725995 10.3189289227166
77.0999999999969 207 19 1.84797540983607 9.12937049180328
78.1166666666635 206 19 1.54563606557377 9.7905131147541
84.2166666666632 204 21 1.57631120218579 11.0452986338798
85.2333333333298 203 19 1.4742393442623 11.4956442622951
92.349999999996 202 20 1.58111170960188 12.3927463700234
108.616666666662 201 21 1.5742256147541 10.258131045082
114.716666666661 200 22 1.62837049180328 9.52053743169399
117.766666666661 199 23 1.61696393442623 9.67661912568306
123.866666666661 199 22 1.66863661202186 10.6891601092896
124.883333333328 198 22 1.67764262295082 11.2687672131148
127.933333333327 198 21 1.73809836065574 11.6648273224044
138.933333333336 197 22 1.78917712121212 7.49934712121212
139.933333333337 197 21 1.68892333333333 8.80102
145.933333333342 196 21 1.60825972222222 4.95697944444444
150.933333333346 196 20 1.53384333333333 5.25652333333333
160.933333333354 196 19 1.6207535 6.73834983333333
165.933333333358 195 20 1.802146 2.36841433333333
197.933333333383 193 21 1.71250322916667 1.881268125
209.933333333393 193 20 1.54325194444444 1.57910402777778
212.933333333395 192 21 1.48780611111111 2.31235944444444
213.933333333396 191 21 1.51077666666667 2.29855333333333
215.933333333397 190 22 1.52559083333333 2.28725833333333
217.933333333399 190 21 1.5126475 2.30216166666667
219.933333333401 189 21 1.55156583333333 2.42832083333333
230.933333333409 188 22 1.55414787878788 2.43585348484849
235.933333333413 188 21 1.56754833333333 2.87784866666667
241.933333333418 188 20 1.61697444444445 2.6196325
251.933333333426 187 21 1.61739716666667 2.57463316666667
252.933333333427 186 21 1.530145 2.86639
255.933333333429 185 21 1.64063777777778 2.87746222222222
269.150000000084 184 21 1.49860315258512 2.89674426229508
278.300000000076 183 22 1.52335810564663 2.99791967213115
283.383333333404 183 21 1.5397331147541 2.67157836065574
300.666666666722 183 20 1.62914850530376 3.03519604628737
307.783333333382 183 19 1.48949414519906 2.92875433255269
308.800000000048 182 19 1.50634426229508 2.88015245901639
319.983333333371 182 18 1.48699895678093 2.76362891207153
322.016666666702 182 17 1.46874016393443 2.57456229508197
324.050000000034 182 16 1.47304180327869 2.68623606557377
333.200000000026 181 17 1.50507650273224 2.68917449908925
335.233333333357 180 18 1.55093606557377 2.9496393442623
338.283333333354 179 19 1.48703169398907 2.62999180327869
343.366666666683 179 18 1.47464393442623 2.71436819672131
347.433333333346 179 17 1.45640368852459 3.56723032786885
348.450000000012 178 18 1.42706229508197 2.6204
388.099999999976 178 17 1.43500983606557 2.6660834384195
397.249999999967 177 18 1.45978907103825 2.56034462659381
407.416666666625 176 18 1.64957459016393 2.27786672131148
410.466666666622 175 18 1.40161366120219 2.36323770491803
414.533333333285 174 19 1.51681639344262 2.66140491803279
419.616666666614 174 18 1.37339704918033 2.36415278688525
420.633333333279 173 18 1.39141967213115 2.39123770491803
422.666666666611 173 17 1.39637868852459 2.22439180327869
437.916666666597 173 16 1.43786502732241 2.08537956284153
464.349999999906 173 15 1.42668928121059 2.57673341740227
512.133333333196 173 14 1.45514419253575 2.81318182769445
531.449999999845 172 15 1.42873546160483 3.02094978429681
559.916666666486 172 14 1.74751364168618 3.29561048009368
600 170 16 1.47862450819672 3.27516831967213
