# New log 25/04/2014 12:09:10
1 224 32 2.43575 0.655136666666667
4.04999999999999 224 31 2.42100218579235 0.296803278688525
5.06666666666665 223 28 2.98701967213115 0.734927868852459
6.08333333333332 222 26 2.70165901639344 1.32206885245902
7.09999999999998 222 23 2.6764868852459 0.348304918032787
8.09999999999998 221 23 5.082965 4.40398166666667
9.10000000000003 221 22 5.28128666666667 0.759176666666667
10.1000000000001 219 23 4.90875666666667 0.37432
11.1000000000001 219 22 4.70747666666667 0.350235
12.1000000000002 219 21 5.31042333333333 0.900195
13.1000000000002 216 23 4.19654666666667 0.43929
14.1000000000003 216 22 4.606665 0.412
15.1000000000003 215 21 4.15685 0.40498
16.1000000000004 215 20 5.713325 0.639796666666667
17.116666666667 214 20 5.66215573770492 1.74377049180328
18.1333333333336 212 22 6.14370491803279 1.36689508196721
20.1666666666668 209 24 4.70151229508197 1.37612459016393
21.1833333333334 208 23 4.05117540983607 1.1782737704918
22.2 207 23 4.09701967213115 0.91527868852459
23.2166666666666 206 23 2.81120655737705 0.636401639344262
24.2333333333332 205 24 3.46299016393443 0.851585245901639
27.2833333333331 204 25 6.30673551912568 0.778253551912568
29.3166666666663 203 23 9.22062295081968 3.27346967213115
30.3333333333329 202 24 5.557 1.26681147540984
33.3833333333327 201 25 6.46476612021858 1.77461147540984
37.4499999999992 201 24 6.11865942622951 1.95016516393443
39.4833333333324 200 24 5.3487762295082 1.51520819672131
40.499999999999 199 24 3.86039672131148 0.732860655737705
41.5166666666656 198 24 3.89001967213115 0.778965573770492
42.5333333333322 197 24 4.1497737704918 0.901862295081967
43.5499999999988 195 25 4.11714918032787 0.739426229508197
46.5999999999986 194 25 4.41920218579235 0.626587978142077
47.6166666666652 193 26 3.63214426229508 0.294572131147541
48.6333333333319 192 26 3.70739016393443 0.689954098360656
50.6666666666651 191 27 3.55579672131148 1.88326721311475
51.6833333333317 190 28 5.63997868852459 0.798427868852459
52.6999999999983 189 29 4.76285573770492 0.880524590163934
56.7666666666647 188 30 3.0600381147541 0.673465983606557
57.7833333333313 187 31 3.02421475409836 1.07930819672131
59.8166666666646 186 31 3.01235573770492 1.41271393442623
61.8499999999978 186 30 2.79771721311475 1.16433442622951
62.8666666666644 185 30 2.81525737704918 0.746716393442623
63.883333333331 184 31 2.64175409836066 0.645886885245902
64.8999999999976 183 31 2.50440163934426 0.760314754098361
66.9333333333308 182 31 1.67093196721311 0.459727868852459
67.9499999999974 181 32 2.03144262295082 0.274995081967213
70.9999999999973 180 31 1.89910054644809 0.259245355191257
73.0333333333305 179 32 1.40142950819672 0.140067213114754
74.0499999999971 179 31 1.42668196721312 0.176454098360656
76.0833333333303 178 32 1.30531475409836 0.380831147540984
80.1499999999967 177 33 1.3834012295082 0.87223237704918
85.2333333333298 176 33 1.36903606557377 0.716609180327869
86.2499999999964 175 34 1.30705737704918 0.302493442622951
87.266666666663 174 35 1.34771803278689 0.170168852459016
88.2833333333296 173 36 1.32008032786885 0.330716393442623
93.3666666666627 172 37 1.46866590163934 0.133931147540984
94.3833333333293 172 36 1.23237540983607 0.381634426229508
98.4499999999957 171 36 1.25920696721312 0.320180327868852
100.483333333329 170 37 1.23850163934426 0.21415737704918
104.549999999995 169 38 1.31167663934426 0.290723360655738
107.599999999995 168 39 1.08566338797814 0.101605464480874
109.633333333328 168 38 2.20004426229508 0.132951639344262
112.683333333328 167 38 1.44511967213115 0.397749180327869
126.916666666661 166 38 1.22609847775176 0.799605503512881
136.933333333334 166 37 1.41290915141431 0.290670881863561
138.933333333336 165 37 2.0321175 0.53989
140.933333333338 164 38 1.81308333333333 0.636076666666667
145.933333333342 163 39 2.248988 0.559708333333333
152.933333333347 163 38 1.71166357142857 0.630422619047619
180.933333333369 161 39 1.68267928571429 0.733199642857143
195.933333333381 160 39 1.51596488888889 0.313969111111111
217.933333333399 160 38 1.05877840909091 0.770932121212121
219.933333333401 159 38 0.987554166666667 0.0308875
224.933333333404 159 37 0.928954333333333 0.0732483333333333
235.933333333413 159 36 0.952109696969697 0.0433760606060606
248.933333333424 158 37 0.951246282051282 0.0407762820512821
249.933333333424 158 36 1.00074666666667 0.173121666666667
250.933333333425 157 37 0.986458333333334 0.158323333333333
256.950000000095 157 36 1.05727894736842 0.176704432132964
257.966666666761 156 36 0.981673770491803 0.193249180327869
273.216666666747 155 34 1.09481344262295 0.319925355191257
277.28333333341 154 34 0.937445901639345 0.15183237704918
304.733333333385 153 35 0.983766666666666 0.156820825743777
305.750000000051 153 34 1.17999180327869 0.285524590163934
309.816666666714 152 35 1.01688852459016 0.0894032786885246
317.950000000039 151 35 0.94170881147541 0.0846276639344262
318.966666666705 150 35 0.957068852459016 0.0848918032786885
326.083333333365 150 34 1.1778850117096 0.144658079625293
334.216666666691 149 35 1.24041393442623 0.115146721311475
338.283333333354 148 35 0.924691803278689 0.0739377049180328
341.333333333352 147 36 0.933709289617486 0.0764612021857923
365.733333333329 146 36 0.927173633879782 0.107927595628415
401.31666666663 146 35 1.04205985948478 0.101550866510539
407.416666666625 145 35 1.08962322404372 0.101402459016393
423.683333333277 144 36 0.967579098360655 0.0654418032786885
433.849999999934 144 35 0.933080983606558 0.102549508196721
462.316666666575 144 34 1.03497722482436 0.0775310304449649
464.349999999906 144 33 0.911143442622951 0.0667901639344262
465.366666666572 143 34 0.933255737704918 0.0914819672131148
506.033333333202 143 33 1.01264299180328 0.0721590983606557
517.216666666525 143 32 1.45585588673622 0.123909090909091
518.233333333191 143 31 1.46082131147541 0.105840983606557
578.216666666469 143 30 1.46327307585441 0.118362267296471
600 143 30 1.05044925484352 0.106095678092399
