# New log 25/04/2014 12:23:00
1 224 32 3.04726833333333 1.248805
4.04999999999999 224 31 2.37334371584699 0.541317486338798
5.06666666666665 222 33 2.82783278688525 1.28856885245902
6.08333333333332 221 30 4.23115901639344 0.583185245901639
7.09999999999998 220 29 5.69905573770492 0.909226229508197
9.10000000000003 218 31 5.92372583333333 1.29971166666667
10.1000000000001 218 28 4.021235 0.329148333333333
12.1000000000002 218 27 7.2461675 0.801543333333333
13.1000000000002 216 28 7.31855166666667 0.535456666666667
14.1000000000003 215 28 7.34500666666667 0.572645
16.1000000000004 215 26 8.5171375 1.09003083333333
17.116666666667 213 28 10.1563065573771 1.6117393442623
18.1333333333336 212 29 10.1176049180328 2.02695901639344
26.2666666666665 211 30 9.68168647540984 1.2729237704918
27.2833333333331 210 30 6.93812786885246 2.33925409836066
30.3333333333329 210 28 6.71547213114754 1.20391420765027
31.3499999999995 209 27 5.04135901639344 1.02493770491803
34.3999999999993 208 27 7.3309131147541 1.99378907103825
35.4166666666659 208 26 5.70161147540984 2.19380491803279
36.4333333333325 208 25 6.25038196721312 1.96954590163934
37.4499999999992 208 24 7.98658524590164 1.83661475409836
38.4666666666658 208 23 5.7610131147541 1.44081803278689
40.499999999999 208 22 4.83588442622951 1.39507049180328
41.5166666666656 207 22 3.01558852459016 0.986986885245902
44.5666666666654 206 22 3.20443169398907 1.04469234972678
45.583333333332 206 21 2.9510737704918 1.24830983606557
53.7166666666649 205 22 5.91357459016394 1.19783053278689
55.7499999999981 204 23 6.19344262295082 1.29779262295082
59.8166666666646 203 23 6.43604918032787 0.948763524590164
60.8333333333312 202 24 3.56721803278689 0.885368852459016
62.8666666666644 201 24 3.86952213114754 1.09707540983607
63.883333333331 200 24 3.61820491803279 1.34278524590164
64.8999999999976 200 23 3.01745737704918 1.90845245901639
69.9833333333306 200 22 3.86459704918033 1.98074950819672
72.0166666666639 200 21 2.80741639344262 1.81775163934426
73.0333333333305 200 20 2.29506229508197 1.89532131147541
74.0499999999971 199 20 2.57711147540984 2.23029016393443
75.0666666666637 198 21 2.47021475409836 1.48684426229508
76.0833333333303 197 22 2.06405409836066 1.32986229508197
79.1333333333301 196 23 2.08846775956284 0.945945901639344
81.1666666666633 195 23 1.99496967213115 1.22250327868852
82.18333333333 194 24 2.0371868852459 1.42292459016393
86.2499999999964 194 23 1.95197049180328 1.05706680327869
88.2833333333296 193 24 1.98531803278689 0.410425409836066
91.3333333333294 192 25 1.85852404371585 0.143018579234973
98.4499999999957 192 24 2.05888711943794 0.359833021077283
101.499999999996 191 25 1.75206448087432 0.349485245901639
102.516666666662 190 26 2.41523278688525 0.3315
103.533333333329 190 25 2.49738852459017 0.32012131147541
105.566666666662 189 25 2.12852786885246 0.370995901639344
107.599999999995 188 25 1.70930819672131 0.452381147540984
108.616666666662 187 26 1.84229508196721 0.379932786885246
111.666666666662 186 26 1.66685191256831 0.431609289617486
114.716666666661 185 27 1.36864371584699 0.384218032786885
123.866666666661 184 28 1.19838652094718 0.0629469945355191
126.916666666661 183 28 1.25447868852459 0.0681502732240437
127.933333333327 182 28 1.19770983606557 0.0793032786885246
135.933333333334 181 29 1.159210625 0.0336985416666667
139.933333333337 180 30 1.18464041666667 0.0121016666666667
145.933333333342 180 29 1.26247805555556 0.151556944444444
155.93333333335 179 30 1.186586 0.098214
165.933333333358 179 29 1.1676095 0.0893921666666667
166.933333333358 179 28 1.07585833333333 0.00296833333333333
176.933333333366 178 28 1.3279535 0.0590231666666667
204.933333333389 178 27 1.15575797619048 0.0664366071428571
206.93333333339 177 27 1.13567916666667 0.06426
207.933333333391 176 28 1.181895 0.0386416666666667
224.933333333404 176 27 1.15988843137255 0.536226176470588
225.933333333405 176 26 1.15725333333333 0.424803333333333
235.933333333413 175 26 1.19620966666667 0.339464666666667
239.933333333416 174 27 1.11860958333333 0.05765625
243.93333333342 173 27 1.16629833333333 0.0733008333333333
245.933333333421 171 29 1.16738833333333 0.332976666666667
258.983333333426 170 29 1.65751455938697 0.305592592592593
260.000000000092 169 30 1.95968852459016 0.429050819672131
261.016666666758 169 29 1.42244754098361 0.226591803278689
262.033333333424 168 28 1.17280819672131 0.0632573770491803
267.116666666752 167 29 1.66428852459016 0.306179016393443
272.200000000081 167 28 2.01442163934426 0.450554426229508
277.28333333341 167 27 2.04035672131148 0.452085573770492
287.450000000067 165 29 2.15629918032787 0.516076557377049
308.800000000048 165 28 1.21089508196721 0.108031693989071
321.000000000037 165 27 1.14813469945355 0.0769822404371585
323.033333333368 165 26 1.14880327868852 0.873848360655738
329.133333333363 165 25 1.19978469945355 0.595337704918033
336.250000000023 165 24 1.39523419203747 0.101095784543326
355.566666666672 164 24 1.42810431406385 0.098172217428818
357.600000000003 164 23 1.40148770491803 0.079772131147541
390.133333333307 163 23 1.43169682377049 0.108832530737705
415.549999999951 163 22 1.53368104918033 0.12266131147541
450.116666666586 163 21 1.95710154291225 0.161212054001929
483.666666666555 162 22 1.53032329855936 0.0969154495777447
490.783333333216 161 23 2.42735597189696 0.14006018735363
494.849999999879 160 24 1.41731639344262 0.0610454918032787
501.966666666539 160 23 1.42391920374707 0.101520843091335
526.366666666517 160 22 1.43206864754099 0.047894262295082
542.633333333168 160 21 1.4392006147541 0.0543684426229508
543.649999999834 159 22 1.43187213114754 0.0431344262295082
600 159 22 1.48105670374707 0.0492415690866511
