# New log 25/04/2014 13:20:32
1 224 32 2.40383166666667 0.627736666666667
4.04999999999999 223 32 2.3125825136612 0.61868306010929
5.06666666666665 222 30 3.06546393442623 0.686673770491803
6.08333333333332 221 27 2.56213114754098 3.05530655737705
7.09999999999998 219 26 2.87186393442623 0.609313114754098
8.09999999999998 219 25 2.87263166666667 0.419346666666667
9.10000000000003 218 25 3.59381666666667 0.503748333333333
11.1000000000001 217 25 4.2708475 0.738546666666667
12.1000000000002 215 27 4.29068833333333 0.546213333333333
13.1000000000002 213 27 4.32136833333333 0.460818333333333
15.1000000000003 213 26 3.71468916666667 0.535279166666667
16.1000000000004 211 27 4.76163666666667 0.806048333333333
17.116666666667 210 27 5.24666885245902 0.870916393442623
18.1333333333336 209 25 6.75239016393443 0.974068852459017
19.1500000000002 208 25 4.46597377049181 1.48376557377049
20.1666666666668 207 26 2.8201 0.746075409836066
21.1833333333334 206 26 3.76508852459017 0.620124590163935
23.2166666666666 205 26 3.0586762295082 0.401204098360656
28.2999999999997 205 25 4.54157901639344 1.0790806557377
34.3999999999993 204 25 4.77465109289617 2.70396994535519
37.4499999999992 203 25 2.5799043715847 2.63405519125683
38.4666666666658 201 27 2.47888032786885 2.21272131147541
43.5499999999988 201 26 2.5450668852459 3.29219245901639
46.5999999999986 201 25 2.40751202185792 0.836820218579235
48.6333333333319 200 26 3.0463893442623 0.767795901639344
49.6499999999985 199 27 2.06686885245902 0.358283606557377
54.7333333333315 199 26 1.81304459016393 0.977810163934426
57.7833333333313 198 26 1.92264644808743 2.6161650273224
63.883333333331 198 25 1.85538196721312 0.640715846994536
64.8999999999976 198 24 3.35815901639344 1.09044590163934
69.9833333333306 197 24 2.54999081967213 0.82425737704918
70.9999999999973 197 23 2.06049016393443 1.31202131147541
77.0999999999969 196 23 1.81181939890711 1.7479218579235
78.1166666666635 195 24 2.48789508196721 2.4455737704918
83.1999999999966 194 25 2.59964327868853 1.90145213114754
84.2166666666632 193 26 1.75145901639344 1.79317049180328
88.2833333333296 193 25 1.78165204918033 2.51105737704918
89.2999999999962 192 26 2.01873770491803 4.15591803278689
90.3166666666628 192 25 1.79188196721311 1.92459016393443
92.349999999996 192 24 1.26671967213115 1.35794836065574
93.3666666666627 191 24 1.29845737704918 1.30113114754098
95.3999999999959 191 23 1.30684426229508 1.4658393442623
101.499999999996 191 22 1.62232049180328 1.18412950819672
102.516666666662 189 22 1.37440491803279 1.38052950819672
103.533333333329 188 23 1.28741147540984 1.50980983606557
104.549999999995 187 23 1.26961803278688 1.69596065573771
107.599999999995 186 23 1.54990765027322 3.79813005464481
114.716666666661 185 24 1.55276744730679 0.651069320843091
115.733333333328 185 23 1.22597868852459 0.416167213114754
116.749999999995 184 24 1.28907704918033 0.383927868852459
119.799999999994 184 23 1.36933770491803 0.334893442622951
126.916666666661 183 23 1.33184192037471 0.414074004683841
127.933333333327 182 23 1.07664590163934 0.205190163934426
130.93333333333 182 22 1.12293944444444 0.282093888888889
131.93333333333 181 22 1.05890166666667 0.14221
135.933333333334 181 21 1.11724166666667 0.186933333333333
137.933333333335 180 22 1.25506 0.15381
142.933333333339 180 21 1.11078966666667 0.258236666666667
146.933333333342 180 20 1.23446333333333 0.159572083333333
156.93333333335 179 21 2.17362833333334 0.287281
160.933333333354 178 22 2.12592541666667 0.5564925
166.933333333358 177 23 2.41993194444445 0.726805833333333
169.933333333361 177 22 2.45400055555556 0.551511111111111
180.933333333369 176 23 2.1299 0.270457575757576
181.93333333337 175 23 2.07557166666667 0.174555
188.933333333376 174 24 2.05619047619048 0.251975476190476
190.933333333377 174 23 2.04689666666667 0.257621666666667
191.933333333378 173 24 2.13229 0.247118333333333
200.933333333385 172 24 2.15372166666667 0.296090555555556
205.933333333389 172 23 1.98532266666667 0.171895
206.93333333339 171 24 1.059205 0.104735
207.933333333391 171 23 0.979755 0.0817083333333333
225.933333333405 171 22 1.03087277777778 0.0944252777777778
230.933333333409 171 21 1.06106566666667 0.0982263333333333
235.933333333413 171 20 1.08999 0.08096
236.933333333414 170 21 1.04063 0.101481666666667
240.933333333417 169 20 1.08894916666667 0.1059875
267.116666666752 169 19 1.02092558879694 0.109927943984723
271.183333333415 169 18 1.15156721311475 0.138995491803279
273.216666666747 168 18 1.0294606557377 0.140587704918033
274.233333333413 167 18 0.998567213114754 0.119340983606557
290.500000000064 167 17 1.07342704918033 0.087628381147541
299.650000000056 167 16 0.954873224043716 0.0619293260473588
305.750000000051 166 17 1.02793961748634 0.0825448087431694
308.800000000048 165 18 1.14964426229508 0.145185245901639
330.150000000028 165 17 1.09727338017174 0.0842456674473068
336.250000000023 165 16 0.919019945355191 0.0773524590163934
344.383333333349 164 16 0.931329918032787 0.0660389344262295
351.500000000009 163 17 0.938003981264637 0.0703142857142857
352.516666666675 163 16 0.873986885245902 0.00620983606557377
403.349999999962 162 17 0.925253770491802 0.0272422295081967
434.8666666666 161 18 1.0215589106293 0.032799947117927
488.749999999884 161 17 1.13332468295701 0.0556583668419425
510.099999999865 160 17 1.22571662763466 0.0662715066354411
541.616666666503 159 18 0.981141935483871 0.0223996298254892
543.649999999834 158 19 0.937200819672131 0.0127622950819672
560.933333333152 158 18 1.07025641272903 0.0298913211186114
579.233333333135 157 19 0.937780783242258 0.00608387978142077
600 157 19 0.934816393442622 0.0113982045277127
