# New log 25/04/2014 11:46:11
1 224 32 2.45874666666667 0.559551666666667
4.04999999999999 223 33 2.28466557377049 0.572789617486339
5.06666666666665 223 32 2.16742295081967 1.23736393442623
6.08333333333332 221 30 2.10495245901639 1.24045737704918
7.09999999999998 220 27 2.13375737704918 3.52102950819672
8.09999999999998 220 25 1.86951333333333 1.8003
9.10000000000003 218 25 1.84723333333333 0.25984
10.1000000000001 217 24 2.57481333333333 0.649335
11.1000000000001 216 24 2.18936833333333 0.60985
12.1000000000002 216 23 2.77756666666667 1.26382333333333
13.1000000000002 216 22 2.51881 0.967581666666667
15.1000000000003 213 23 5.40638583333333 0.9693775
16.1000000000004 210 23 6.227495 0.988878333333333
17.116666666667 207 26 6.39366557377049 0.741393442622951
20.1666666666668 206 27 6.58921803278688 0.746601639344262
22.2 205 27 6.23046639344262 0.991530327868853
23.2166666666666 205 25 7.78293934426229 0.846568852459016
25.2499999999998 204 25 5.79174836065574 0.923699180327869
26.2666666666665 204 24 6.32949180327869 0.519763934426229
28.2999999999997 202 26 6.86000983606557 0.884951639344262
30.3333333333329 201 27 5.09491721311475 0.848417213114754
31.3499999999995 200 27 5.61296885245902 1.14055901639344
33.3833333333327 199 27 5.82270409836065 1.16260081967213
37.4499999999992 199 26 5.79117049180328 1.77046762295082
38.4666666666658 199 25 7.29686065573771 1.53073278688525
39.4833333333324 199 24 6.1159393442623 1.66304590163934
40.499999999999 198 23 5.07392295081967 1.55457704918033
46.5999999999986 197 24 7.56374644808743 1.51455
53.7166666666649 196 25 7.09421615925059 1.85634871194379
55.7499999999981 195 26 4.80782459016393 1.52892295081967
56.7666666666647 195 25 4.6045262295082 1.28304426229508
57.7833333333313 195 24 3.55804754098361 0.969486885245902
59.8166666666646 194 25 4.26335737704918 0.868070491803279
64.8999999999976 193 26 4.82018 0.976966885245902
65.9166666666642 192 27 5.46988032786885 1.37496557377049
66.9333333333308 191 27 5.17078360655738 1.58448196721311
67.9499999999974 190 28 5.52761475409836 1.78851803278689
68.966666666664 189 28 5.13908032786885 1.94196721311475
78.1166666666635 187 29 3.64867140255009 2.65931402550091
79.1333333333301 186 29 2.69490655737705 1.29520655737705
82.18333333333 186 27 2.30556612021858 1.57383989071038
83.1999999999966 185 28 1.89168360655738 2.11532459016393
84.2166666666632 184 29 1.88599344262295 2.56964426229508
86.2499999999964 184 28 1.77938360655738 1.97531639344262
91.3333333333294 184 27 1.97320983606557 1.86494786885246
92.349999999996 183 28 3.3556262295082 2.47349180327869
93.3666666666627 182 29 2.58710491803279 2.60297868852459
94.3833333333293 181 29 2.42186229508197 1.56720819672131
97.4333333333291 180 29 2.54600218579235 1.64128306010929
99.4666666666623 179 29 1.88122131147541 1.71829016393443
100.483333333329 178 30 1.33254098360656 2.87139344262295
101.499999999996 177 31 1.3721606557377 2.47827049180328
105.566666666662 176 32 1.1910262295082 0.730905737704918
107.599999999995 175 32 1.13501147540984 0.9625
114.716666666661 174 32 1.48354707259953 1.12212412177986
118.783333333328 174 31 1.69348975409836 1.03007991803279
120.816666666661 174 30 2.41989180327869 0.695789344262295
153.933333333348 173 30 1.33247649723201 1.73881268243583
154.933333333349 173 29 1.11834833333333 0.187161666666667
155.93333333335 172 30 1.11476666666667 0.235765
157.933333333351 172 29 1.15234666666667 0.1819425
159.933333333353 171 30 1.12437416666667 0.17788
169.933333333361 171 29 1.11884133333333 0.165496833333333
182.933333333371 170 30 1.12821666666667 0.0587724358974359
203.933333333388 170 29 1.07630841269841 0.0435436507936508
212.933333333395 169 30 1.57063685185185 0.0693535185185185
216.933333333398 168 31 1.40381625 0.20282125
225.933333333405 168 30 0.964203703703703 0.114523518518519
226.933333333406 167 31 0.930751666666666 0.061735
236.933333333414 166 31 0.993328833333333 0.132695333333333
239.933333333416 165 31 0.970517222222222 0.11225
240.933333333417 164 32 0.959281666666667 0.024265
241.933333333418 164 31 0.949673333333334 0.02265
243.93333333342 163 32 0.934440833333333 0.0419675
244.93333333342 163 31 0.942133333333334 0.0264716666666667
245.933333333421 162 32 0.951236666666667 0.04786
247.933333333423 161 33 0.928279166666666 0.0315766666666667
248.933333333424 160 34 0.923415 0.03808
250.933333333425 160 33 0.956340833333333 0.03694
251.933333333426 159 34 0.971381666666667 0.0930466666666667
254.933333333428 158 35 0.947038333333334 0.0539427777777778
258.983333333426 157 36 0.90004074074074 0.0287333333333333
266.100000000087 156 36 1.25127213114754 0.110506323185012
268.133333333418 156 35 0.960501639344263 0.160781147540984
269.150000000084 155 36 0.961624590163935 0.149206557377049
273.216666666747 154 37 0.900456557377049 0.0599081967213115
289.483333333399 154 36 0.930040471311477 0.110490368852459
298.63333333339 153 37 0.892496539162113 0.087972131147541
299.650000000056 152 38 0.902745901639344 0.0534081967213115
302.700000000053 152 37 0.890266120218578 0.0509355191256831
309.816666666714 151 37 0.873601405152225 0.035428337236534
311.850000000045 150 38 0.859876229508197 0.0900147540983607
313.883333333377 149 39 0.868459016393443 0.0721713114754098
317.950000000039 148 40 0.891248770491803 0.0472565573770492
319.983333333371 147 40 0.898154098360656 0.0300704918032787
321.000000000037 146 41 0.886931147540984 0.0363803278688525
329.133333333363 145 42 0.942498975409836 0.0883879098360656
331.166666666694 144 43 1.16187950819672 0.289350819672131
345.400000000015 143 44 0.86734718969555 0.162312763466042
347.433333333346 142 45 0.852038524590164 0.0606516393442623
351.500000000009 141 45 0.845037704918033 0.0726614754098361
356.583333333338 141 44 0.855869836065573 0.0706406557377049
367.766666666661 140 44 0.851077049180327 0.050541132637854
372.84999999999 139 45 0.89293344262295 0.14561737704918
374.883333333321 138 46 0.824738524590164 0.0576131147540984
375.899999999987 138 45 0.820067213114754 0.0373672131147541
394.19999999997 137 46 0.826676684881602 0.035602276867031
405.383333333293 137 45 0.886334426229508 0.0680581222056632
408.433333333291 136 45 0.909698360655738 0.0689737704918033
411.483333333288 135 46 0.891437704918033 0.0509158469945355
414.533333333285 134 47 0.808832240437159 0.0269754098360656
417.583333333282 133 47 0.843854644808743 0.0376737704918033
420.633333333279 132 48 0.812636612021858 0.0261699453551913
422.666666666611 131 48 0.816748360655738 0.0233229508196721
445.033333333257 130 49 0.793812742175857 0.039270044709389
451.133333333252 130 48 0.820128415300546 0.0404142076502732
495.866666666544 130 47 1.28205536512668 0.0710060730253353
505.016666666536 129 48 0.791400182149363 0.0299049180327869
526.366666666517 128 48 0.802202966432475 0.0342146760343482
542.633333333168 127 48 0.777869774590165 0.041327868852459
561.949999999818 127 47 1.11174400345125 0.0515471095772218
570.083333333144 126 47 0.808313114754098 0.036143237704918
572.116666666475 125 47 1.11115491803279 0.069527868852459
600 125 47 1.05943946135831 0.0467728337236534
