# New log 25/04/2014 13:32:41
1 224 32 2.53068333333333 0.889026666666667
5.06666666666665 223 31 2.60157172131148 0.69744262295082
6.08333333333332 222 31 4.92861147540984 0.789372131147541
7.09999999999998 220 31 5.18286557377049 0.645660655737705
8.09999999999998 220 28 4.35823333333333 0.417346666666667
9.10000000000003 220 26 4.31858166666667 0.396083333333333
10.1000000000001 220 25 4.56255666666667 0.578823333333333
11.1000000000001 220 24 4.977745 0.684633333333333
12.1000000000002 220 23 5.81864333333333 1.12887333333333
15.1000000000003 219 23 3.95781611111111 0.775266111111111
16.1000000000004 219 22 7.365015 1.08180666666667
17.116666666667 217 22 5.63068524590164 0.869036065573771
18.1333333333336 215 23 5.1549475409836 0.813985245901639
19.1500000000002 215 20 4.06799344262295 0.82874262295082
20.1666666666668 214 20 7.46659672131148 1.36521803278689
22.2 214 19 6.84721885245902 1.19296475409836
23.2166666666666 214 17 5.58127868852459 0.963785245901639
24.2333333333332 213 18 6.72825409836066 1.20715245901639
26.2666666666665 213 17 5.74680409836065 1.04679098360656
28.2999999999997 212 18 9.45867950819673 0.812659016393443
29.3166666666663 211 18 10.0838655737705 0.621367213114754
30.3333333333329 210 17 9.97024262295082 0.662893442622951
38.4666666666658 210 16 4.90444262295082 1.05718422131148
41.5166666666656 210 15 3.99421256830601 1.41055519125683
45.583333333332 209 16 7.36665245901639 1.37489467213115
50.6666666666651 208 16 3.93381639344262 1.67440163934426
53.7166666666649 207 17 3.1856693989071 1.12217158469945
54.7333333333315 206 17 6.01691475409836 1.28515409836066
60.8333333333312 205 18 6.73523196721311 2.20545464480874
61.8499999999978 204 19 4.91848032786885 3.68123114754098
62.8666666666644 203 18 4.44826229508197 3.17338852459016
63.883333333331 202 19 4.59690163934426 3.05446721311475
64.8999999999976 201 20 4.62865409836066 3.5126737704918
66.9333333333308 199 22 4.10045245901639 3.3245131147541
72.0166666666639 198 23 2.74392098360656 2.26134918032787
75.0666666666637 198 22 2.18966448087432 1.89523661202186
77.0999999999969 197 23 1.88963852459016 0.826581147540984
82.18333333333 196 24 2.61418590163934 0.392310819672131
84.2166666666632 196 23 6.25695819672131 0.882463114754098
85.2333333333298 195 23 6.54499180327869 1.26632786885246
90.3166666666628 194 24 2.64519901639344 0.77429737704918
91.3333333333294 193 25 2.26650655737705 0.462388524590164
93.3666666666627 192 25 2.25593114754098 0.481909836065574
94.3833333333293 191 25 2.40243606557377 0.532785245901639
98.4499999999957 190 25 2.3598631147541 0.348799590163934
99.4666666666623 189 26 1.2253 0.256596721311475
107.599999999995 188 27 1.54611762295082 0.539239959016394
108.616666666662 187 27 3.04337213114754 0.652418032786885
111.666666666662 186 27 2.66878907103825 0.454898907103825
112.683333333328 185 28 2.17897049180328 0.300924590163934
114.716666666661 184 29 1.42040737704918 0.310304098360656
116.749999999995 183 29 1.2043131147541 0.178831147540984
136.933333333334 181 29 1.22355053674649 0.270024938067713
138.933333333336 180 29 1.20496916666667 0.4494225
144.933333333341 180 28 1.81614361111111 0.530389166666667
145.933333333342 180 27 2.09443833333333 0.358498333333333
151.933333333346 180 26 2.20203055555556 0.208329722222222
153.933333333348 180 25 2.1801225 0.194539166666667
158.933333333352 180 24 1.86570566666667 0.269535
174.933333333365 179 24 1.34635979166667 0.237918333333333
177.933333333367 178 25 1.29598444444444 0.183568888888889
189.933333333377 177 25 1.50453777777778 0.446478611111111
190.933333333377 176 26 1.08414 0.1303
196.933333333382 175 27 1.26373916666667 0.181991111111111
216.933333333398 175 26 1.90431125 0.26815725
227.933333333407 174 26 1.23169454545455 0.19192
230.933333333409 174 25 1.14962944444445 0.449898333333333
251.933333333426 174 24 1.03219714285714 0.170539920634921
254.933333333428 173 25 1.06056888888889 0.136126666666667
274.233333333413 172 26 1.01654870466321 0.112178583765112
278.300000000076 171 27 1.01074467213115 0.101051229508197
279.316666666741 170 28 1.01075409836066 0.070844262295082
282.366666666739 170 27 0.986843169398907 0.13025956284153
286.433333333401 170 26 0.983330737704918 0.0995729508196721
288.466666666733 169 27 1.00765081967213 0.10796393442623
299.650000000056 168 28 0.95762131147541 0.0754098360655738
305.750000000051 167 29 1.29140409836065 0.117139617486339
307.783333333382 167 28 1.00888278688525 0.0206688524590164
316.933333333374 166 29 0.960850637522768 0.0556344262295082
317.950000000039 166 28 0.906019672131148 0.0134459016393443
318.966666666705 166 27 0.908506557377049 0.0177508196721311
321.000000000037 165 28 0.861901639344262 0.0144196721311475
329.133333333363 165 27 0.869284631147541 0.0249360655737705
335.233333333357 163 29 0.851403278688525 0.0126819672131148
337.266666666689 162 30 0.852636885245902 0.00790901639344262
340.316666666686 161 31 0.852265027322404 0.0315
342.350000000017 160 32 0.843836885245901 0.0292418032786885
346.41666666668 158 33 0.841757786885246 0.0331954918032787
383.016666666647 157 34 1.14740933515483 0.0649340619307832
407.416666666625 157 33 0.814942827868853 0.0200635928961749
412.499999999954 156 33 0.847273114754099 0.0205308196721311
415.549999999951 156 32 0.914500546448087 0.0128060109289617
423.683333333277 155 33 0.866599795081967 0.0974081967213115
439.949999999929 155 32 1.14467448770492 0.0647892418032787
469.433333333235 154 32 0.850514584511023 0.0105430186546071
479.599999999892 153 32 0.83550868852459 0.00504295081967213
484.683333333221 153 31 0.823720655737705 0.00748524590163934
508.066666666533 153 30 0.828646400570206 0.00989515324305061
511.11666666653 153 29 1.02064480874317 0.011431693989071
525.349999999851 152 29 0.866572950819672 0.0126791569086651
527.383333333182 151 30 0.874754098360655 0.00304016393442623
542.633333333168 150 31 0.863442076502734 0.00840131147540984
545.683333333166 150 30 0.835265027322404 0.0135475409836066
547.716666666497 149 30 0.828152459016394 0.000233606557377049
555.849999999823 148 30 0.826519467213115 0.00364446721311475
584.316666666464 147 29 0.845667798594847 0.00707593676814988
585.33333333313 147 28 0.899375409836066 0.0156950819672131
600 147 28 0.798879016393443 0.0107942076502732
