# New log 25/04/2014 13:07:42
1 224 32 2.37454666666667 0.601595
5.06666666666665 221 32 2.00360532786885 0.526465983606558
7.09999999999998 220 32 3.7819262295082 2.07641803278689
8.09999999999998 219 32 3.67001 0.451941666666667
9.10000000000003 217 31 4.42730166666667 0.525513333333333
10.1000000000001 216 30 6.52007333333333 2.95782333333333
11.1000000000001 215 31 6.57089333333333 0.970991666666667
15.1000000000003 213 32 7.6964625 0.865736666666667
16.1000000000004 213 31 6.43078333333333 0.730748333333333
17.116666666667 212 32 5.65443278688525 0.785214754098361
18.1333333333336 211 33 6.69750819672131 0.759239344262295
21.1833333333334 210 34 6.93292513661202 0.959380327868853
23.2166666666666 210 33 5.81169672131148 0.996975409836066
25.2499999999998 209 33 5.63812540983607 1.18787950819672
26.2666666666665 208 33 6.40029180327869 1.27335081967213
27.2833333333331 207 33 4.82551803278689 0.757785245901639
30.3333333333329 206 33 5.27273497267759 2.54207267759563
34.3999999999993 205 34 5.10363565573771 1.10778647540984
35.4166666666659 204 35 7.16791803278689 1.57847868852459
36.4333333333325 203 36 3.96125901639344 2.36
39.4833333333324 203 35 4.99419726775956 1.17198306010929
40.499999999999 201 35 7.02838852459016 1.46049508196721
41.5166666666656 200 36 3.09026393442623 0.669390163934426
42.5333333333322 199 35 3.00430983606557 0.75207868852459
50.6666666666651 199 34 5.37859159836065 1.9104606557377
52.6999999999983 198 33 7.61404098360656 1.61133196721311
54.7333333333315 198 32 6.7140737704918 2.00423114754098
57.7833333333313 198 31 5.24578032786885 3.6958306010929
58.7999999999979 197 31 5.36661639344262 4.35431147540984
60.8333333333312 196 31 5.70045737704918 3.5812237704918
63.883333333331 195 31 5.24993825136612 3.93854480874317
64.8999999999976 195 30 5.03866229508197 3.5948
65.9166666666642 195 29 5.26357540983607 3.70935737704918
67.9499999999974 194 29 5.22235245901639 3.65402459016393
69.9833333333306 193 30 5.06303524590164 3.52278606557377
73.0333333333305 192 31 4.54669180327869 3.86239890710383
74.0499999999971 191 31 4.77048032786885 3.66709016393443
75.0666666666637 190 32 4.09521639344262 2.15922786885246
77.0999999999969 189 32 4.40032950819672 2.32804508196721
78.1166666666635 188 31 4.05446393442623 2.65632786885246
81.1666666666633 187 32 3.55323114754098 2.3266650273224
82.18333333333 186 33 4.49358360655738 3.41738852459016
86.2499999999964 186 32 4.69860286885246 3.92224385245902
87.266666666663 186 31 4.32534426229508 3.89889180327869
91.3333333333294 186 30 4.47597663934426 3.98336721311475
93.3666666666627 186 27 4.30443114754098 1.49145327868852
94.3833333333293 185 28 5.19845081967213 1.65980655737705
95.3999999999959 184 29 5.5652 1.42266721311475
96.4166666666625 183 28 5.54474262295082 1.24145737704918
98.4499999999957 180 30 3.91845491803279 1.14791147540984
103.533333333329 179 31 2.47945704918033 1.49318360655738
108.616666666662 178 29 2.40170491803279 2.41811213114754
109.633333333328 178 28 2.34017049180328 3.93904262295082
113.699999999995 177 29 2.58466065573771 1.04031516393443
121.833333333328 177 28 3.08468811475409 0.780381147540984
130.93333333333 176 29 2.2168108058608 1.3533315018315
135.933333333334 175 29 2.64810466666667 1.103043
138.933333333336 174 30 2.21450888888889 1.13086388888889
154.933333333349 173 30 1.861628125 0.8609315625
155.93333333335 173 29 1.45225333333333 0.422546666666667
158.933333333352 173 28 1.42567111111111 0.519577222222222
161.933333333354 172 29 1.35476722222222 0.567501111111111
163.933333333356 171 30 1.49150583333333 0.916156666666667
176.933333333366 170 31 1.42420320512821 0.781115128205128
182.933333333371 170 30 1.90559694444444 1.311475
183.933333333372 169 30 1.29621666666667 0.037735
185.933333333373 168 29 2.51544916666667 0.14968
192.933333333379 167 29 1.34240785714286 0.188710238095238
206.93333333339 166 29 1.18518833333333 0.0905228571428572
210.933333333393 165 29 1.13367791666667 0.0902529166666667
212.933333333395 164 30 1.0810625 0.109066666666667
221.933333333402 163 30 1.19049722222222 0.110604814814815
227.933333333407 163 29 1.12505611111111 0.0598075
230.933333333409 162 30 1.11181722222222 0.0561588888888889
236.933333333414 162 29 1.05382527777778 0.0441225
275.250000000078 160 30 1.07116942148761 0.078560113092649
288.466666666733 160 29 1.10293896595208 0.0960610340479193
309.816666666714 159 30 1.06809547228728 0.0401131928181109
310.833333333379 159 29 1.01954918032787 0.0189885245901639
312.866666666711 159 28 1.0020262295082 0.0323786885245902
313.883333333377 158 29 1.08040327868852 0.0303393442622951
326.083333333365 157 29 1.01892773224044 0.0459549180327869
330.150000000028 156 30 1.02866885245902 0.0776184426229508
337.266666666689 154 32 1.03130702576112 0.0650140515222482
338.283333333354 154 31 0.986595081967213 0.078355737704918
340.316666666686 153 32 0.992202459016393 0.0572213114754098
346.41666666668 152 33 1.05261666666667 0.068127868852459
352.516666666675 151 33 2.51483114754098 0.0908289617486339
356.583333333338 150 34 1.0374487704918 0.0319536885245902
375.899999999987 150 33 1.04450595340811 0.0517940465918896
383.016666666647 150 32 1.04713138173302 0.0393829039812646
384.033333333313 150 31 1.01186557377049 0.0383983606557377
430.799999999937 150 30 1.02758606557377 0.102694262295082
446.049999999923 149 31 1.03966797814208 0.17401956284153
448.083333333254 148 32 1.03389098360656 0.161900819672131
461.299999999909 147 33 1.01595510718789 0.146710592686003
465.366666666572 146 34 1.47590163934426 0.232583196721311
484.683333333221 145 35 2.29141415012942 0.367148058671268
490.783333333216 145 34 2.34742595628415 0.385283606557377
510.099999999865 144 35 1.80574667817084 0.298278774805867
518.233333333191 143 36 1.35641844262295 0.268367008196721
519.249999999856 143 35 1.69262459016393 0.376144262295082
520.266666666522 142 35 1.31281639344262 0.23957868852459
522.299999999854 142 34 1.4431762295082 0.25379262295082
523.316666666519 141 34 1.53615081967213 0.267285245901639
525.349999999851 141 33 1.28668278688525 0.247000819672131
527.383333333182 140 33 1.35049016393443 0.307297540983607
549.749999999829 139 34 1.09623807749627 0.214559612518629
555.849999999823 139 33 1.00613224043716 0.138944262295082
556.866666666489 138 34 0.953747540983606 0.124332786885246
566.016666666481 137 35 1.0088393442623 0.161295081967213
574.149999999806 137 34 0.987748155737706 0.143779098360656
578.216666666469 136 34 0.990580327868852 0.135877049180328
589.399999999793 136 33 0.950842026825634 0.132551117734724
594.483333333121 136 32 0.951002295081967 0.139180327868852
598.549999999784 136 31 0.961858606557377 0.143301639344262
600 136 31 1.0253631147541 0.163570491803279
