# New log 25/04/2014 11:56:33
1 224 32 2.30284833333333 0.753831666666667
4.04999999999999 224 31 1.91223606557377 0.937228961748634
5.06666666666665 223 28 2.41409180327869 1.00523770491803
6.08333333333332 222 23 2.98865081967213 0.949727868852459
10.1000000000001 221 22 4.01179253112033 0.87372531120332
11.1000000000001 219 20 3.983955 0.750371666666667
12.1000000000002 216 21 5.25606166666667 0.770931666666667
17.116666666667 215 20 5.16575182724252 1.37812392026578
18.1333333333336 214 20 4.93469344262295 0.981808196721311
19.1500000000002 213 20 4.27344590163934 1.01310491803279
20.1666666666668 212 20 5.65509344262295 1.56853114754098
21.1833333333334 212 19 5.08622950819672 1.10445409836066
22.2 211 20 5.07467704918033 0.579786885245902
24.2333333333332 210 20 5.56361393442623 1.33000163934426
26.2666666666665 210 19 5.28932540983607 1.35610901639344
28.2999999999997 209 20 5.91061721311475 2.4810631147541
32.3666666666661 208 21 5.35961721311475 1.27271844262295
35.4166666666659 208 19 5.64683333333333 0.800837704918033
39.4833333333324 208 18 5.67690983606557 1.57581762295082
40.499999999999 208 17 3.42326065573771 0.996403278688525
41.5166666666656 208 16 3.10386885245902 1.1136868852459
42.5333333333322 207 17 3.17517213114754 1.58233114754098
47.6166666666652 207 16 4.09322327868853 3.37279114754098
52.6999999999983 207 15 3.06812852459016 4.14766065573771
53.7166666666649 206 16 2.89715409836066 4.08310983606557
59.8166666666646 205 16 2.74773715846995 3.66485819672131
60.8333333333312 204 16 2.74975901639344 2.24927540983607
65.9166666666642 204 15 2.56587180327869 2.40363508196721
68.966666666664 204 14 1.82947540983607 4.28675409836066
73.0333333333305 203 13 1.98580860655738 7.38083729508197
77.0999999999969 202 14 1.45058196721312 8.07784836065574
102.516666666662 202 13 1.82044275409836 5.1580073442623
111.666666666662 201 14 1.95523369763206 3.58799836065574
132.933333333331 201 13 2.08477170846395 2.07342139498433
136.933333333334 201 12 1.82648583333333 1.71583041666667
143.93333333334 201 11 1.61983761904762 0.746152857142857
155.93333333335 200 10 1.71811777777778 0.817351527777778
179.933333333369 200 9 1.4153325 0.423816527777778
189.933333333377 200 8 1.57249083333333 0.1952445
198.933333333384 198 10 1.26626074074074 0.161743888888889
223.933333333404 198 9 1.18738273333333 0.119811133333333
225.933333333405 197 10 1.18613166666667 0.0798758333333333
233.933333333412 196 9 1.21898354166667 0.131007708333333
301.683333333388 195 10 1.16325183271833 0.0854468880688807
303.716666666719 195 9 1.2571 0.287348360655738
310.833333333379 194 10 1.33893700234192 0.786870960187354
332.18333333336 193 11 1.17546330991413 0.105764168618267
349.466666666678 192 12 1.15090713596914 0.0508276759884282
351.500000000009 192 11 1.12887295081967 0.0113885245901639
354.550000000006 192 10 2.00214480874317 0.243334972677596
362.683333333332 191 11 1.31721762295082 0.0754075819672131
389.116666666641 191 10 1.47428013871375 0.108472257250946
415.549999999951 190 10 1.61812799495587 0.164284489281211
417.583333333282 189 11 2.13983278688525 0.288514754098361
421.649999999945 188 12 1.57734631147541 0.19867131147541
422.666666666611 188 11 1.53160163934426 0.112006557377049
434.8666666666 187 12 1.59531133879782 0.27001912568306
435.883333333266 186 13 1.59061639344262 0.395495081967213
437.916666666597 185 14 1.49746147540984 0.31047868852459
440.966666666594 184 15 1.79063387978142 0.284720218579235
441.98333333326 183 15 1.37403114754098 0.232496721311475
452.149999999917 183 14 1.20260327868853 0.161489016393443
453.166666666583 182 15 1.56356885245902 0.464598360655738
454.183333333249 181 15 1.56681639344262 0.504162295081967
467.399999999904 181 14 1.28059899117276 0.24232395964691
468.416666666569 180 15 1.02300819672131 0.0204688524590164
495.866666666544 179 15 1.03827692774742 0.0352472374013358
498.916666666542 179 14 1.07289016393443 0.0173786885245902
509.083333333199 178 14 1.09559 0.0354126229508197
513.149999999862 178 13 1.30899672131148 0.178835245901639
517.216666666525 178 12 1.0779606557377 0.026527868852459
519.249999999856 178 11 0.994922950819672 0.00609098360655738
540.599999999837 178 10 1.11879024199844 0.0391135050741608
542.633333333168 178 9 1.13287950819672 0.0346254098360656
577.199999999804 177 10 1.09821176470588 0.0476656702025072
581.266666666467 177 9 1.45589795081967 0.141275819672131
600 177 9 1.11378041415013 0.0437785159620362
