# New log 25/04/2014 12:54:39
1 224 32 2.74583166666667 0.650021666666667
4.04999999999999 222 33 2.36278469945355 1.62644972677596
5.06666666666665 220 33 3.29340163934426 2.64722295081967
6.08333333333332 218 32 3.88493114754098 0.781895081967213
7.09999999999998 216 31 4.58939180327869 0.867896721311475
10.1000000000001 214 31 4.07565666666667 0.759351111111111
11.1000000000001 214 30 8.06869 0.909773333333333
13.1000000000002 214 28 6.46476833333333 0.996371666666667
14.1000000000003 213 28 7.12197166666667 3.07672166666667
15.1000000000003 212 28 6.35693833333333 0.808751666666667
19.1500000000002 212 27 6.17474197530864 0.711839094650206
22.2 210 29 5.44744316939891 0.712674863387978
23.2166666666666 208 31 5.22566065573771 1.35275901639344
24.2333333333332 207 32 3.39167704918033 0.631677049180328
25.2499999999998 206 33 3.95155737704918 1.10752131147541
26.2666666666665 206 32 4.37600655737705 0.861860655737705
28.2999999999997 205 32 4.84311229508197 0.875123770491803
30.3333333333329 203 34 5.03394180327869 0.69645737704918
31.3499999999995 202 33 4.14512295081967 0.820332786885246
32.3666666666661 201 33 4.08614754098361 1.2094262295082
33.3833333333327 201 32 3.74963278688525 1.07330491803279
36.4333333333325 200 32 3.11927322404372 1.33740983606557
37.4499999999992 198 33 7.78375737704918 2.24724918032787
38.4666666666658 196 35 7.13864918032787 2.56295081967213
40.499999999999 194 36 4.75422131147541 2.11741147540984
41.5166666666656 193 36 5.04171639344262 1.36585573770492
46.5999999999986 192 35 3.33453180327869 0.763643278688525
48.6333333333319 191 36 2.80899180327869 0.801585245901639
50.6666666666651 188 39 3.40735573770492 0.578901639344262
52.6999999999983 188 38 3.32149262295082 0.619330327868852
53.7166666666649 187 38 2.50615737704918 0.732072131147541
55.7499999999981 186 38 2.43034426229508 0.815352459016393
57.7833333333313 185 39 1.9814106557377 0.866884426229508
61.8499999999978 184 40 2.4724737704918 0.609908606557377
63.883333333331 183 40 2.55019344262295 0.633647540983607
65.9166666666642 181 40 2.2682631147541 1.10752950819672
66.9333333333308 180 41 1.57592131147541 2.73822131147541
68.966666666664 180 40 2.08836967213115 1.18655737704918
72.0166666666639 180 38 2.03915409836066 0.366156830601093
78.1166666666635 180 37 2.85583060109289 0.807885519125683
79.1333333333301 179 37 4.1904262295082 1.21715573770492
80.1499999999967 179 36 4.0395262295082 1.52914426229508
84.2166666666632 177 37 2.50339426229508 0.569017213114754
87.266666666663 176 37 3.43155519125683 0.56522349726776
88.2833333333296 176 35 4.37468524590164 0.966562295081967
89.2999999999962 175 35 4.93015573770492 0.846104918032787
96.4166666666625 173 34 2.32989789227166 0.528085245901639
98.4499999999957 173 32 1.33947704918033 0.403736885245902
101.499999999996 172 32 1.29806666666667 0.317792349726776
102.516666666662 171 33 1.21164262295082 0.153739344262295
103.533333333329 170 34 1.28976721311475 0.312288524590164
105.566666666662 169 34 1.20676147540984 0.420810655737705
106.583333333329 168 35 1.13096065573771 0.315396721311475
107.599999999995 168 34 1.13705245901639 0.252447540983607
112.683333333328 167 34 2.33398655737705 0.881861967213115
116.749999999995 167 33 1.34714713114754 0.594566393442623
117.766666666661 167 32 1.73022950819672 0.320570491803279
119.799999999994 166 33 1.11332868852459 0.135965573770492
120.816666666661 165 34 1.11143114754098 0.107518032786885
126.916666666661 165 33 1.1300868852459 0.198137158469945
129.933333333329 165 32 1.06816243093923 0.202318232044199
131.93333333333 164 32 1.03177083333333 0.1846
137.933333333335 163 32 1.06499388888889 0.187746111111111
142.933333333339 161 33 1.10311133333333 0.210837
144.933333333341 160 34 0.968894166666667 0.03614
147.933333333343 159 34 0.997691666666666 0.130936111111111
149.933333333345 158 35 0.946524166666667 0.1394175
151.933333333346 158 34 0.944944166666666 0.0987608333333333
163.933333333356 157 34 1.24221986111111 0.132229583333333
164.933333333357 156 35 1.076295 0.088845
179.933333333369 155 35 1.11658233333333 0.105539555555556
182.933333333371 155 34 1.17732166666667 0.0823827777777778
183.933333333372 154 35 1.11010166666667 0.0969933333333333
186.933333333374 154 34 1.13170277777778 0.0670244444444445
204.933333333389 153 35 1.12478148148148 0.113732592592593
212.933333333395 153 34 1.05564520833333 0.0724595833333333
221.933333333402 152 35 0.896687962962963 0.0245812962962963
233.933333333412 151 35 0.903099722222221 0.0382155555555556
250.933333333425 151 34 0.897637941176471 0.0277706862745098
271.183333333415 150 33 0.914647654320987 0.0304622222222222
272.200000000081 150 32 1.41337704918033 0.152896721311475
279.316666666741 150 31 0.953238407494146 0.0371407494145199
312.866666666711 149 31 0.880887431693988 0.0270693989071038
315.916666666708 149 30 0.864693442622951 0.0205617486338798
352.516666666675 149 29 0.883723406193079 0.0321994535519126
379.96666666665 149 28 0.899591924711598 0.0305504553734062
390.133333333307 148 28 0.90271868852459 0.0243514754098361
430.799999999937 148 27 0.905184590163936 0.0269976229508197
434.8666666666 147 28 0.918868442622951 0.0324209016393443
437.916666666597 146 29 1.43747923497268 0.139848633879781
449.09999999992 146 28 1.41403442622951 0.142450670640835
451.133333333252 146 27 1.45470819672131 0.131844262295082
457.233333333246 146 26 1.42673032786885 0.136124590163934
462.316666666575 146 25 1.45721049180328 0.174918032786885
498.916666666542 145 26 1.19231580145719 0.110599316939891
511.11666666653 144 27 1.03046653005465 0.391964617486339
517.216666666525 143 28 0.956045628415301 0.0503653005464481
525.349999999851 142 29 1.02909754098361 0.0496415983606557
566.016666666481 142 28 1.00658401639344 0.0748054918032787
583.299999999798 141 29 1.02227280617165 0.0578572806171649
590.416666666458 141 28 0.936922950819672 0.0846206088992974
591.433333333124 140 29 0.866432786885246 0.0228508196721312
600 140 29 0.893231693989071 0.0511732240437158
