# New log 25/04/2014 12:43:45
1 224 32 2.43971 0.856818333333333
4.04999999999999 222 31 2.56797213114754 1.08477540983607
5.06666666666665 221 29 3.4461606557377 3.34871475409836
6.08333333333332 220 27 3.77984590163934 2.12826721311475
7.09999999999998 219 25 3.20384754098361 2.41218524590164
8.09999999999998 219 24 2.58552833333333 1.30756166666667
10.1000000000001 219 22 2.73667666666667 0.872155
11.1000000000001 218 22 2.78283333333333 0.527146666666667
12.1000000000002 218 21 3.23995 0.40002
13.1000000000002 218 20 4.417995 0.647083333333333
15.1000000000003 216 19 5.4477675 1.299
17.116666666667 216 18 5.86676198347108 1.82474214876033
22.2 216 16 8.02086098360656 1.51860950819672
26.2666666666665 214 18 6.32881885245902 1.78985737704918
28.2999999999997 214 17 6.92395163934426 0.766385245901639
30.3333333333329 214 16 6.41089426229508 0.898116393442623
31.3499999999995 213 16 8.60906065573771 0.954349180327869
35.4166666666659 212 15 7.55368565573771 1.79158114754098
37.4499999999992 211 15 7.84848770491804 4.30234918032787
45.583333333332 210 15 8.2040375 1.06536967213115
49.6499999999985 209 16 5.89435040983607 0.958410245901639
53.7166666666649 208 17 5.54676147540984 0.838014754098361
54.7333333333315 208 16 5.02876557377049 0.922509836065574
57.7833333333313 207 16 5.26274699453552 1.37461092896175
59.8166666666646 206 16 4.41737786885246 1.45528114754098
61.8499999999978 205 16 7.6405762295082 2.21713852459016
62.8666666666644 205 15 3.86734426229508 2.81877868852459
93.3666666666627 204 16 2.11890825136612 2.35568327868852
98.4499999999957 203 16 1.48959540983606 1.45121409836066
103.533333333329 202 16 1.42342950819672 1.21372360655738
105.566666666662 202 15 1.96109344262295 0.664889344262295
113.699999999995 201 16 1.45696168032787 0.604924590163935
118.783333333328 200 17 1.51762852459016 0.712891147540984
120.816666666661 199 18 1.25849590163934 0.348027049180328
126.916666666661 199 17 1.26188333333333 0.837505737704918
129.933333333329 199 16 1.7651453038674 0.919373480662983
134.933333333333 198 17 1.74545433333333 2.12008033333333
135.933333333334 197 17 2.18143 3.47718833333333
144.933333333341 197 16 1.8664287037037 2.78686351851852
162.933333333355 196 16 1.43179268518518 1.03632796296296
169.933333333361 194 18 1.42180476190476 0.651993571428572
172.933333333363 193 19 1.40619388888889 0.36966
182.933333333371 192 20 1.39199366666667 0.310151833333333
194.933333333381 190 21 1.48277125 0.635855138888889
195.933333333381 189 22 1.58955 1.13204833333333
196.933333333382 189 21 1.585075 0.98262
197.933333333383 189 20 1.50519833333333 0.790061666666667
199.933333333385 188 21 1.58586666666667 0.856133333333333
201.933333333386 187 20 1.472765 0.870179166666667
203.933333333388 185 21 1.43848083333333 0.221595833333333
205.933333333389 185 20 1.42847666666667 0.153631666666667
208.933333333392 184 20 1.98543333333333 0.209106666666667
220.933333333401 184 19 1.42544777777778 0.0888993055555556
250.933333333425 184 18 1.1700035 0.481536
263.050000000089 184 17 1.10759972489684 0.670729573590096
280.333333333407 184 16 1.09150520732883 0.316686788813886
347.433333333346 183 17 1.30023494783905 0.119921932439146
351.500000000009 183 16 1.57618770491803 0.213616393442623
358.616666666669 182 17 1.70128829039813 0.216563700234192
372.84999999999 181 17 1.62482915690867 0.218035714285714
445.033333333257 180 18 1.17715326714385 0.0534352805356731
446.049999999923 180 17 1.06029508196721 0.0388868852459016
494.849999999879 180 16 1.07411304644809 0.0389381489071038
500.949999999873 180 15 1.09484480874317 0.0364614754098361
516.199999999859 179 16 1.08171267759563 0.0302369398907104
527.383333333182 179 15 1.07456467958271 0.0392575260804769
541.616666666503 178 16 1.05699590163934 0.0414440281030445
555.849999999823 177 17 1.17263864168618 0.0850386416861827
573.133333333141 177 16 1.05351070395371 0.0229095467695275
582.283333333132 176 17 1.10707358834244 0.0456663023679417
593.466666666456 175 18 1.15414441132638 0.0458153502235469
595.499999999787 174 19 1.09399836065574 0.129383606557377
600 173 20 1.06738360655738 0.196865573770492
