# New log 25/04/2014 12:33:19
1 224 32 2.63500833333333 0.943821666666667
3.03333333333333 223 33 2.58710163934426 0.542872131147541
4.04999999999999 222 32 2.26535081967213 0.454629508196721
5.06666666666665 221 30 2.6319262295082 0.834060655737705
6.08333333333332 220 29 2.55842459016393 0.703913114754098
7.09999999999998 220 27 2.09162786885246 0.442209836065574
9.10000000000003 220 26 2.70071583333333 0.967210833333333
10.1000000000001 218 28 2.78845666666667 0.470656666666667
11.1000000000001 217 26 2.27267833333333 0.34892
12.1000000000002 216 27 3.29761833333333 1.66942166666667
14.1000000000003 215 24 3.03781916666667 0.590390833333333
15.1000000000003 213 25 4.282945 0.976428333333333
16.1000000000004 212 24 6.18404833333333 1.87655333333333
17.116666666667 212 23 7.42373114754098 1.67245737704918
18.1333333333336 211 23 10.1256295081967 2.07214098360656
19.1500000000002 211 22 8.59305737704918 1.71344098360656
20.1666666666668 210 23 7.63136393442623 1.33483442622951
22.2 209 21 6.67675819672131 1.54391557377049
24.2333333333332 209 20 4.74637704918033 0.938148360655738
26.2666666666665 209 19 4.05413278688525 1.92112868852459
27.2833333333331 209 17 3.39248524590164 0.543034426229508
28.2999999999997 209 15 4.59165737704918 0.66775737704918
29.3166666666663 208 15 5.39791475409836 0.947955737704918
32.3666666666661 208 14 4.2858781420765 1.25931256830601
36.4333333333325 208 13 4.46761680327869 0.756780327868853
37.4499999999992 207 11 3.96062786885246 0.706798360655738
38.4666666666658 206 12 2.66096393442623 0.733916393442623
39.4833333333324 205 12 2.85598196721311 1.63871475409836
40.499999999999 204 12 2.74710983606557 0.815070491803279
44.5666666666654 203 13 3.37883852459016 1.20273893442623
46.5999999999986 202 14 3.6038024590164 1.58761721311475
49.6499999999985 202 13 4.77854972677596 1.42496666666667
51.6833333333317 202 12 4.2691606557377 1.28286639344262
52.6999999999983 201 13 4.65980819672131 1.55573606557377
53.7166666666649 200 13 4.18568032786885 1.23473442622951
56.7666666666647 199 13 4.03556284153005 1.5080737704918
67.9499999999974 198 14 2.84666333830104 3.59910149031297
73.0333333333305 196 16 2.02947573770492 3.38852065573771
75.0666666666637 196 15 2.08549672131148 2.80055163934426
80.1499999999967 195 16 2.1470068852459 3.80428557377049
86.2499999999964 195 15 1.93285109289618 2.0597174863388
90.3166666666628 194 16 3.11460983606557 3.6615393442623
92.349999999996 194 15 3.79951557377049 6.19828032786885
96.4166666666625 193 16 2.65321885245902 3.88309631147541
97.4333333333291 192 16 1.99748852459016 3.50086557377049
98.4499999999957 192 15 1.81087213114754 2.61546229508197
102.516666666662 192 13 1.44273647540984 1.3921631147541
111.666666666662 192 12 1.31835683060109 2.32409544626594
123.866666666661 191 12 1.27700396174863 0.404745491803279
135.933333333334 190 13 1.28160317679558 0.338338397790055
136.933333333334 189 13 1.10512 0.301521666666667
140.933333333338 188 13 1.17100458333333 0.196814583333333
154.933333333349 188 12 1.18540285714286 0.300577023809524
158.933333333352 187 12 1.17484208333333 0.293233333333333
165.933333333358 186 13 1.19817476190476 0.226903333333333
168.93333333336 185 14 1.12663555555556 0.209873888888889
170.933333333362 184 14 1.10868583333333 0.329310833333333
171.933333333362 183 15 1.12748833333333 0.12678
176.933333333366 183 14 1.263076 0.322586333333333
183.933333333372 183 13 1.25849 0.304619523809524
212.933333333395 182 13 1.12302816091954 0.30782683908046
228.933333333408 181 13 1.15658770833333 0.325420104166667
233.933333333412 180 14 1.08806166666667 0.366878
237.933333333415 180 13 1.15211375 0.36175
238.933333333416 179 13 1.29904 0.32146
245.933333333421 179 12 1.19749595238095 0.224580238095238
258.983333333426 178 12 1.57684904214559 0.931329501915709
265.083333333421 178 11 3.17097704918033 0.453429781420765
266.100000000087 177 12 1.46971639344262 0.156698360655738
272.200000000081 176 13 1.13218743169399 0.138204371584699
273.216666666747 174 14 1.08609016393443 0.220065573770492
275.250000000078 173 15 1.0920131147541 0.117913114754098
277.28333333341 172 16 1.06766393442623 0.119841803278689
281.350000000073 172 15 1.09456680327869 0.139439754098361
282.366666666739 172 14 1.0455262295082 0.133673770491803
289.483333333399 171 14 1.26340843091335 0.145094145199063
290.500000000064 171 13 1.34833770491803 0.19343606557377
298.63333333339 171 12 1.04904959016394 0.13330737704918
315.916666666708 170 12 2.34710028929605 0.34266518804243
337.266666666689 170 11 2.54287017954723 0.334863387978142
353.53333333334 169 12 1.34253739754098 0.158279610655738
356.583333333338 168 13 1.05637049180328 0.108300546448087
387.08333333331 167 13 1.07342836065574 0.244486174863388
409.449999999956 166 13 1.03110372578241 0.13948695976155
459.266666666578 165 14 1.02090632318501 0.107964871194379
461.299999999909 164 14 1.01824262295082 0.0776811475409836
476.549999999895 164 13 1.00481956284153 0.111249617486339
482.64999999989 164 12 0.990006284153005 0.0827314207650273
495.866666666544 164 11 1.02461778058007 0.105133291298865
506.033333333202 164 10 1.04047 0.109346885245902
526.366666666517 163 11 0.985064918032788 0.0935691803278689
541.616666666503 162 12 0.993777049180328 0.107123715846995
546.699999999831 161 13 1.00398229508197 0.075387868852459
548.733333333163 160 14 1.03636557377049 0.0537262295081967
556.866666666489 160 13 1.01655266393443 0.0770438524590164
559.916666666486 159 14 1.03843715846995 0.0628311475409836
569.066666666478 158 15 0.976924772313297 0.0462692167577414
571.099999999809 157 16 0.93534262295082 0.0183385245901639
587.366666666461 157 15 0.958807786885245 0.0474318647540984
600 157 15 1.12100668348045 0.0544445145018916
