# New log 25/04/2014 12:17:15
1 224 32 6.458655 2.73613
3.03333333333333 224 31 3.76289426229508 0.346984426229508
4.04999999999999 222 31 3.95890655737705 0.437740983606557
5.06666666666665 222 27 4.32780327868853 0.557270491803279
6.08333333333332 222 26 3.75928852459016 0.38064262295082
8.09999999999998 222 24 6.59562148760331 1.76218925619835
9.10000000000003 222 22 5.86610333333333 0.646591666666667
11.1000000000001 222 21 8.48262083333333 0.934171666666667
13.1000000000002 221 20 8.28924416666666 0.8029225
15.1000000000003 221 19 8.8870075 1.45174416666667
16.1000000000004 221 18 9.80942166666667 3.41326666666667
18.1333333333336 221 17 12.214662295082 2.12514590163934
21.1833333333334 221 16 10.5044978142076 1.03457595628415
22.2 219 17 10.7247606557377 0.649754098360656
24.2333333333332 218 17 11.2922991803279 0.8789
28.2999999999997 218 15 9.67322254098361 1.09733565573771
29.3166666666663 218 13 9.19048196721311 0.978024590163934
31.3499999999995 218 12 9.09036885245901 1.06275983606557
34.3999999999993 218 11 9.91953770491804 0.691349726775956
42.5333333333322 218 10 9.55516229508197 0.659031967213115
43.5499999999988 217 11 9.60592459016393 0.807534426229508
47.6166666666652 217 9 9.20364180327869 0.892429508196721
48.6333333333319 216 9 9.12686885245902 1.9560262295082
52.6999999999983 215 9 9.07379549180327 1.41560696721311
57.7833333333313 214 9 6.00808098360656 1.58489901639344
59.8166666666646 214 8 6.14520819672131 1.62179918032787
70.9999999999973 213 9 6.47577302533531 1.57472235469449
77.0999999999969 213 8 5.92807103825136 1.6247456284153
84.2166666666632 213 7 7.59982154566744 2.56074871194379
89.2999999999962 212 8 7.38942852459016 1.83796229508197
95.3999999999959 212 7 6.58770819672131 1.83136448087432
132.933333333331 212 6 6.89883308170515 1.61863610124334
138.933333333336 211 7 6.22480194444445 0.607830833333333
152.933333333347 211 6 5.85092249999999 0.596689285714286
205.933333333389 210 7 5.31724644654086 0.621630283018868
209.933333333393 209 8 5.26662708333334 0.538813333333333
214.933333333397 208 9 5.18254766666667 0.700287
218.9333333334 208 8 5.11763791666666 0.484869166666667
234.933333333412 208 7 5.88917041666667 0.823495416666667
269.150000000084 207 7 6.47274140282512 0.773105991232343
289.483333333399 206 8 6.54283319672132 0.644294836065574
308.800000000048 205 9 6.52714331320104 0.64015910267472
334.216666666691 205 8 6.18950681967213 0.550196
346.41666666668 204 9 5.54099412568306 0.536537841530055
359.633333333335 203 10 5.37856910466583 0.506879066834805
367.766666666661 202 10 5.34660327868853 0.365000409836066
372.84999999999 201 10 5.59781672131148 0.335646557377049
377.933333333318 200 10 5.45897508196721 0.293816393442623
397.249999999967 199 10 5.40769534081105 0.290211561691113
424.699999999942 198 10 5.32959326047358 0.365912325440194
431.816666666603 198 9 5.29271943793911 0.48762412177986
444.016666666592 197 9 5.25051038251366 0.424014617486339
459.266666666578 197 8 5.21197519125684 0.305207213114754
460.283333333243 197 7 5.22294918032787 0.223065573770492
600 197 7 5.266598681397 0.324159016393443
