# New log 25/04/2014 11:52:44
1 224 32 5.63946333333333 2.868175
3.03333333333333 224 31 3.28204672131148 0.705180327868853
4.04999999999999 223 28 3.71500819672131 1.07579180327869
5.06666666666665 220 25 3.42235737704918 0.733103278688525
6.08333333333332 220 23 4.03929836065574 0.439655737704918
7.09999999999998 220 20 3.27356721311476 0.469249180327869
12.1000000000002 218 20 6.01413533333333 0.76963
15.1000000000003 217 20 7.43528555555556 1.13879166666667
17.116666666667 216 20 9.68486363636364 1.39447520661157
18.1333333333336 215 20 7.55003114754098 0.532237704918033
19.1500000000002 214 19 7.2065393442623 1.0269
20.1666666666668 214 17 7.59625081967213 1.31157868852459
22.2 214 15 7.53150327868852 0.70892131147541
29.3166666666663 214 14 7.71179344262295 0.731095316159251
30.3333333333329 214 12 5.71006557377049 0.575652459016394
43.5499999999988 214 11 5.35630807061791 1.03858209331652
47.6166666666652 214 10 5.05096598360656 3.13961721311475
65.9166666666642 213 9 3.86671293260473 4.16742386156648
67.9499999999974 212 10 3.43689016393443 4.12751229508197
75.0666666666637 212 9 3.07983395784543 3.17937798594848
76.0833333333303 211 10 3.06886393442623 2.54730491803279
78.1166666666635 211 9 2.80460327868852 2.21279590163934
92.349999999996 210 9 2.94137037470726 2.78033922716628
106.583333333329 210 8 2.80384496487119 2.86986651053864
116.749999999995 210 7 2.74106803278689 2.27762245901639
118.783333333328 209 8 2.66262213114754 2.06277213114754
164.933333333357 209 7 2.69431567352835 2.01614438425424
167.933333333359 208 8 2.66564333333333 0.938739444444445
183.933333333372 208 7 2.82974083333333 0.930900208333333
194.933333333381 208 6 2.84053606060606 1.07991863636364
249.933333333424 208 5 2.856798 0.585607181818182
352.516666666675 208 4 2.9615272298944 0.547814476035743
390.133333333307 208 3 2.72810429774037 0.107807842268498
485.699999999887 208 2 2.93561939309383 0.12009316358563
520.266666666522 208 1 4.06027102217935 0.318738958534233
600 208 1 3.92000188835857 0.239457418551567
