# New log 25/04/2014 12:05:22
1 224 32 5.55505333333333 1.81562
3.03333333333333 224 31 3.98707950819672 0.511280327868852
4.04999999999999 223 29 4.68636393442623 0.553234426229508
5.06666666666665 222 26 5.08485081967213 0.669962295081967
6.08333333333332 221 24 5.1466393442623 0.496432786885246
7.09999999999998 221 23 6.18033770491803 0.340285245901639
8.09999999999998 220 22 5.49899833333333 0.296116666666667
9.10000000000003 220 20 6.331095 0.649921666666667
11.1000000000001 219 21 5.77777833333333 0.86942
12.1000000000002 219 20 7.68149666666667 1.16310333333333
13.1000000000002 218 20 9.45671 1.28195666666667
15.1000000000003 218 18 11.7414258333333 2.5339425
17.116666666667 217 17 9.44771652892562 1.10482148760331
18.1333333333336 216 17 8.35244098360656 1.19906885245902
20.1666666666668 216 16 10.0472229508197 0.945325409836066
24.2333333333332 216 15 8.54376598360656 0.775649590163934
25.2499999999998 216 13 8.00239016393443 1.30206885245902
26.2666666666665 215 14 8.4212262295082 1.24532950819672
27.2833333333331 214 15 6.98773770491803 1.65219508196721
29.3166666666663 214 14 8.12423606557377 1.66112540983607
31.3499999999995 213 15 8.37470819672131 1.31733196721312
32.3666666666661 213 14 8.33129836065574 1.17728196721311
35.4166666666659 212 14 9.56025081967213 1.16592786885246
37.4499999999992 212 13 7.86777459016394 0.810764754098361
38.4666666666658 211 14 8.18859180327869 0.965970491803279
39.4833333333324 211 13 7.84669016393442 0.868839344262295
42.5333333333322 210 14 7.96261147540984 0.834175956284153
44.5666666666654 210 13 8.61632459016394 1.22026147540984
46.5999999999986 209 14 8.00377213114755 1.31262459016393
58.7999999999979 207 15 6.64590423497267 1.42766789617486
69.9833333333306 206 15 4.1366695976155 1.1136563338301
72.0166666666639 205 16 3.42510163934426 0.944964754098361
79.1333333333301 204 17 3.46384449648712 0.854316159250585
93.3666666666627 204 16 3.46976030444965 0.831837470725995
94.3833333333293 203 16 3.4399262295082 1.02577540983607
97.4333333333291 202 16 3.53206120218579 1.54777650273224
98.4499999999957 201 16 3.5082 1.81179016393443
100.483333333329 200 17 3.53433278688525 1.85360327868852
101.499999999996 200 16 3.41819836065574 2.43181147540984
104.549999999995 199 17 3.56932622950819 1.48058633879781
110.649999999995 199 16 3.58524153005464 0.905950273224044
119.799999999994 198 16 3.37395100182149 0.921597267759563
120.816666666661 197 17 3.39973278688525 1.03645901639344
122.849999999994 197 16 3.69143360655738 1.16099754098361
125.899999999994 196 16 3.84030109289618 1.07635737704918
126.916666666661 195 17 3.54634262295082 0.752032786885246
130.93333333333 194 18 3.63066680497925 0.789195020746888
132.933333333331 193 19 3.61668833333333 0.709943333333333
142.933333333339 192 19 3.1068145 0.355023166666667
157.933333333351 191 20 3.05939866666667 0.189013333333333
158.933333333352 190 20 3.11180333333333 0.349511666666667
192.933333333379 189 20 3.1320687745098 0.262993137254902
208.933333333392 189 19 3.11418875 0.131355416666667
209.933333333393 189 18 3.15729 0.0843616666666667
274.233333333413 189 17 2.98408766200104 0.0665254536029031
275.250000000078 188 18 2.82612950819672 0.0493344262295082
281.350000000073 187 19 2.79758415300547 0.0504573770491803
286.433333333401 187 18 2.89048721311475 0.0243780327868852
304.733333333385 187 17 2.86266047358834 0.0802052823315118
374.883333333321 186 18 2.81546246139225 0.110854882394868
398.266666666633 186 17 2.7977267997149 0.104193727726301
403.349999999962 185 17 2.82422950819672 0.123931147540984
406.399999999959 184 18 2.81891857923497 0.115370491803279
411.483333333288 183 19 2.77285016393443 0.142586885245902
524.333333333185 183 18 2.80329574656624 0.0904496824693546
539.583333333171 183 17 2.90077038251367 0.065972131147541
545.683333333166 182 18 2.96295573770492 0.0581833333333333
580.249999999801 181 19 2.87167642237223 0.0526714079074253
596.516666666453 180 19 2.84130655737705 0.0767371926229508
598.549999999784 180 18 2.71567131147541 0.0247877049180328
600 180 18 2.74115983606557 0.0674040983606557
