# New log 25/04/2014 12:51:02
1 224 32 5.93479166666667 2.03867666666667
4.04999999999999 224 28 3.97276174863388 1.3871
5.06666666666665 222 24 3.94509180327869 0.699586885245902
7.09999999999998 222 23 4.27066721311476 0.782625409836066
9.10000000000003 222 22 4.83924916666667 0.672955
10.1000000000001 222 21 4.642085 0.865883333333333
11.1000000000001 221 21 5.30881166666667 0.67317
14.1000000000003 220 21 4.75673444444445 0.81299
15.1000000000003 220 20 5.20065333333333 0.721671666666667
19.1500000000002 220 19 5.94404938271605 0.613399176954733
20.1666666666668 220 18 6.78507868852459 0.480332786885246
21.1833333333334 220 17 5.56387540983607 0.644855737704918
22.2 220 16 5.34946065573771 0.643785245901639
24.2333333333332 220 15 4.53169016393443 0.716838524590164
26.2666666666665 220 13 4.01273278688525 0.336066393442623
28.2999999999997 219 12 4.22040327868852 0.466406557377049
29.3166666666663 218 12 4.29830327868852 0.648752459016393
31.3499999999995 217 12 5.15578278688525 0.568612295081967
33.3833333333327 216 11 4.87680901639344 0.535860655737705
34.3999999999993 216 10 5.07478360655738 0.483755737704918
36.4333333333325 216 9 5.04599754098361 0.935199180327869
37.4499999999992 216 8 6.40395573770492 1.84611475409836
38.4666666666658 215 9 6.68816721311475 1.33258032786885
40.499999999999 214 8 5.35895081967213 0.696672131147541
41.5166666666656 213 9 5.39937540983606 0.592108196721312
50.6666666666651 211 8 5.14577103825136 0.842427868852459
51.6833333333317 210 8 6.79729344262295 1.33176721311475
52.6999999999983 209 8 6.26548524590164 1.31097704918033
55.7499999999981 208 8 5.48307814207651 1.78497103825137
58.7999999999979 207 9 4.92244098360656 1.9378693989071
61.8499999999978 206 10 4.49222076502732 1.87996885245902
62.8666666666644 205 9 4.25356885245902 1.99901147540984
69.9833333333306 204 9 4.83130257611241 1.55213278688525
74.0499999999971 203 8 4.8264737704918 1.09061762295082
75.0666666666637 203 7 4.72204590163934 0.84847868852459
77.0999999999969 202 7 5.45656721311475 0.82927131147541
82.18333333333 202 6 4.47431540983607 0.880634754098361
87.266666666663 202 5 4.02440459016394 0.536782950819672
105.566666666662 201 6 4.62619699453552 0.935493260473588
111.666666666662 201 5 4.67436366120219 0.679025409836066
114.716666666661 201 4 5.74505300546448 1.4602912568306
146.933333333342 201 3 5.10125737196069 0.542935437144335
178.933333333368 201 2 5.21903921875 0.478904010416667
206.93333333339 201 1 3.78149470238095 0.29719125
319.983333333371 201 0 2.8953309155241 0.192471148459384
600 201 0 2.70995262532668 0.127265401520551
