# New log 25/04/2014 12:29:33
1 224 32 6.083605 2.30571833333333
3.03333333333333 224 30 4.08908114754098 1.18516885245902
4.04999999999999 224 27 3.74172459016394 1.322
5.06666666666665 222 28 4.31597868852459 1.56098852459016
6.08333333333332 221 27 4.58316721311475 1.37681475409836
9.10000000000003 220 25 4.65505303867403 1.88187624309392
10.1000000000001 219 25 4.17357666666667 1.76934333333333
11.1000000000001 219 24 4.91402333333333 1.73328333333333
12.1000000000002 219 22 3.91088166666667 0.697426666666667
13.1000000000002 217 22 4.93270666666667 1.00595333333333
14.1000000000003 217 21 6.87576166666667 1.28112
15.1000000000003 217 20 6.38623333333333 1.03823833333333
16.1000000000004 215 19 6.50837333333334 0.836191666666667
18.1333333333336 214 19 7.68789344262295 0.973684426229508
20.1666666666668 214 18 4.50259754098361 0.830694262295082
21.1833333333334 213 18 5.60943278688524 0.58656393442623
22.2 213 16 5.25090655737705 0.75152131147541
23.2166666666666 212 16 6.11639180327869 0.761977049180328
24.2333333333332 211 17 7.04675737704918 0.901398360655738
26.2666666666665 211 16 6.75914672131148 1.21759016393443
30.3333333333329 211 15 4.78019344262295 1.03892663934426
35.4166666666659 210 15 4.97672950819672 1.02877147540984
36.4333333333325 209 16 5.24656721311475 1.28363606557377
37.4499999999992 209 15 5.01425081967213 1.29149344262295
38.4666666666658 209 14 5.92646721311475 1.61479672131148
41.5166666666656 209 13 6.02923989071038 1.80163770491803
47.6166666666652 208 14 6.25884426229508 3.04270327868852
48.6333333333319 208 13 6.68109180327869 3.27396229508197
50.6666666666651 207 13 5.39590819672131 3.0928131147541
59.8166666666646 206 13 4.27792131147541 3.42431038251366
63.883333333331 206 12 3.50758401639344 1.74520368852459
69.9833333333306 205 13 3.5131825136612 1.44284262295082
77.0999999999969 204 13 5.30764332552693 1.74797517564403
82.18333333333 204 12 5.80175573770492 1.86006885245902
92.349999999996 204 11 3.26458639344262 3.74436967213115
95.3999999999959 203 11 3.11638579234973 1.90352459016393
99.4666666666623 203 10 3.59092704918033 2.33024918032787
102.516666666662 203 9 3.610143715847 3.19652459016393
111.666666666662 202 10 3.74087176684882 3.02328342440801
112.683333333328 202 9 3.10745901639344 2.57421639344262
122.849999999994 201 10 3.14500868852459 2.37638967213115
132.933333333331 201 9 3.10175768595041 1.72959074380165
134.933333333333 201 8 2.907645 1.67940833333333
151.933333333346 201 7 2.897365 1.14062529411765
154.933333333349 201 6 2.86796555555556 0.635408333333333
168.93333333336 201 5 3.03479821428572 0.691718928571429
270.16666666675 200 6 2.79522354297003 0.709906305564702
310.833333333379 199 7 2.8243481147541 0.562460204918033
312.866666666711 198 7 2.98981393442623 0.663908196721312
316.933333333374 197 8 3.35053155737705 0.529001229508197
324.050000000034 197 7 2.75276557377049 0.471983138173302
346.41666666668 197 6 2.82489575260804 0.51647913561848
362.683333333332 196 6 2.84291147540984 0.420714856557377
388.099999999976 195 7 2.88864196721311 0.457351278688525
403.349999999962 195 6 2.93481825136612 0.440747978142077
406.399999999959 195 5 2.95929398907104 0.432206010928962
424.699999999942 195 4 2.92299134790528 0.446576138433516
436.899999999931 194 4 2.85940341530055 0.450084289617486
464.349999999906 194 3 2.82809975713418 0.437416393442623
494.849999999879 193 4 2.84600863387979 0.462954972677596
537.54999999984 193 3 2.89005975800156 0.420467447306792
577.199999999804 193 2 3.0903822614544 0.430783018074821
600 193 2 2.89347861724875 0.406387455452602
