# New log 25/04/2014 11:42:51
1 224 32 5.93029 1.56243833333333
4.04999999999999 223 29 4.1818 1.01752131147541
5.06666666666665 221 29 4.49988032786885 1.44136557377049
6.08333333333332 221 26 3.7895606557377 0.940493442622951
7.09999999999998 220 26 3.63682459016393 0.692340983606557
8.09999999999998 219 27 3.56369666666667 0.619011666666667
9.10000000000003 219 24 3.282495 0.107093333333333
12.1000000000002 218 25 3.80528388888889 0.406331111111111
13.1000000000002 217 25 5.39746333333333 0.933913333333333
16.1000000000004 216 25 5.90223333333333 1.27595833333333
20.1666666666668 216 24 7.49613729508197 1.91424057377049
22.2 214 26 4.67095901639344 0.905665573770492
23.2166666666666 214 25 5.49783770491803 1.01481147540984
24.2333333333332 213 25 5.22462131147541 1.05818196721312
25.2499999999998 213 24 4.95233770491803 1.16534098360656
26.2666666666665 212 23 5.68816393442623 1.12822786885246
27.2833333333331 210 25 5.12869508196721 0.886473770491803
30.3333333333329 208 27 5.14043715846995 0.869793442622951
31.3499999999995 208 26 6.4327868852459 1.09371639344262
33.3833333333327 207 27 6.95085409836066 1.24519016393443
34.3999999999993 206 27 5.89784426229508 1.4301
35.4166666666659 205 28 6.00720327868853 1.11124098360656
37.4499999999992 204 29 6.48703196721311 1.49304426229508
40.499999999999 202 30 5.77868743169399 1.58622841530055
42.5333333333322 201 31 6.32264918032787 0.865468852459017
43.5499999999988 201 30 6.11892131147541 0.566103278688525
44.5666666666654 200 30 5.9499393442623 0.573680327868852
46.5999999999986 200 28 5.7745106557377 0.586088524590164
47.6166666666652 199 28 5.69793770491803 0.499165573770492
49.6499999999985 198 28 5.86487540983607 0.588238524590164
52.6999999999983 198 27 5.95213551912569 0.749814754098361
59.8166666666646 198 26 6.1062925058548 0.822232552693208
60.8333333333312 198 25 6.92809672131147 1.06816557377049
61.8499999999978 198 24 6.2267393442623 1.03728852459016
69.9833333333306 197 24 4.14227602459016 0.836967213114754
70.9999999999973 197 23 3.35434754098361 0.747659016393443
73.0333333333305 197 22 3.18644754098361 0.723127049180328
78.1166666666635 196 23 3.13045147540983 0.609169180327869
80.1499999999967 195 24 2.82427459016394 0.737046721311475
81.1666666666633 194 25 2.64653442622951 1.41000491803279
82.18333333333 193 26 2.58556885245902 1.44534754098361
86.2499999999964 192 26 2.63973237704918 1.71813647540984
87.266666666663 191 27 2.70517213114754 2.35432786885246
89.2999999999962 190 28 2.53005491803279 0.870832786885246
92.349999999996 189 28 2.58750655737705 1.0215131147541
97.4333333333291 188 29 2.62509016393443 0.93459868852459
103.533333333329 187 30 2.68048852459017 1.08204453551913
105.566666666662 187 29 2.52088278688525 1.04850491803279
107.599999999995 187 28 2.52988852459017 0.757025409836066
109.633333333328 186 29 2.57386885245902 0.632315573770492
114.716666666661 185 29 2.42138655737705 0.630467540983607
120.816666666661 184 29 2.56509972677595 0.930401366120219
123.866666666661 184 28 2.40076284153006 0.749546448087432
125.899999999994 183 28 2.40997459016394 0.597517213114754
128.933333333328 182 28 2.3780467032967 0.963140659340659
144.933333333341 181 29 2.28849625 0.375587291666667
147.933333333343 181 28 2.28025444444445 0.404483888888889
152.933333333347 181 27 2.201027 0.146642
159.933333333353 180 28 2.34233785714286 0.274318571428571
171.933333333362 180 27 2.37894152777778 0.313612638888889
176.933333333366 180 26 2.34122 0.335449
197.933333333383 180 25 2.49029642857143 0.351454285714286
213.933333333396 180 23 2.528995625 0.3328609375
252.933333333427 180 22 2.7825397008547 0.522554615384615
255.933333333429 180 21 2.68576722222222 0.445636111111111
272.200000000081 179 22 2.70520491803279 0.335508606557377
273.216666666747 179 21 2.71403770491803 0.580191803278689
290.500000000064 178 21 3.57626171648988 0.562781774349084
291.51666666673 178 20 2.70642131147541 0.359162295081967
374.883333333321 178 19 2.46784710115953 0.294105517792883
472.483333333232 178 18 2.38877839822404 0.353616086065574
591.433333333124 178 17 2.46076020737004 0.34306222502452
600 178 17 2.44688378870674 0.289615482695811
