# New log 25/04/2014 13:15:33
1 224 32 5.29726166666666 1.64579166666667
4.04999999999999 223 26 4.34874808743169 0.919720218579235
5.06666666666665 223 24 3.5446737704918 0.733847540983607
6.08333333333332 222 23 3.69254754098361 0.902932786885246
7.09999999999998 222 22 3.18047049180328 0.670998360655738
8.09999999999998 220 21 3.47073666666667 0.982028333333333
9.10000000000003 220 20 3.621545 0.655288333333333
10.1000000000001 219 20 4.683275 1.00706166666667
12.1000000000002 219 18 5.40222083333333 1.14638833333333
13.1000000000002 219 17 6.80275333333333 1.16455833333333
14.1000000000003 218 18 6.646735 1.542635
16.1000000000004 218 17 7.37324666666667 1.33368666666667
17.116666666667 217 17 8.92961475409836 1.17232950819672
20.1666666666668 216 18 7.50506721311476 1.03633661202186
24.2333333333332 216 17 5.72117581967213 0.896262295081967
25.2499999999998 215 18 4.3894606557377 0.924216393442623
27.2833333333331 215 17 3.71417131147541 0.697914754098361
28.2999999999997 214 18 4.4052606557377 0.850190163934426
31.3499999999995 214 17 4.56656557377049 0.79378087431694
34.3999999999993 214 16 3.89490655737705 0.684589071038251
39.4833333333324 213 16 3.70492295081967 1.1051606557377
42.5333333333322 212 17 4.14062404371585 0.712985245901639
51.6833333333317 211 18 3.89364717668488 1.99131530054645
53.7166666666649 210 18 4.64350737704918 3.82934426229508
54.7333333333315 210 17 4.94782295081967 3.88296557377049
57.7833333333313 210 15 4.77889672131148 2.76082295081967
58.7999999999979 209 14 5.34344754098361 2.25415409836066
73.0333333333305 209 13 4.91992716627635 2.70890831381733
80.1499999999967 209 12 4.72139601873536 3.94172201405152
92.349999999996 209 11 5.94537486338798 4.32521366120219
101.499999999996 208 12 6.62041876138433 4.26403369763206
110.649999999995 207 12 5.61251948998179 4.31019617486339
123.866666666661 207 11 5.19471008827238 1.95880201765448
131.93333333333 207 10 5.18220619834711 1.95212768595041
135.933333333334 207 9 4.96520541666667 1.88149166666667
205.933333333389 206 10 5.76643740476192 1.37112769047619
267.116666666752 205 11 6.30402116589485 1.33328588940343
280.333333333407 205 10 5.41264791929382 1.91538448928121
297.616666666725 205 9 5.65898081002893 1.23162844744455
306.766666666716 204 8 3.74312003642987 0.583363387978142
307.783333333382 203 9 3.06958196721311 0.496511475409836
329.133333333363 202 10 3.07611147540984 0.663865886026542
361.666666666666 202 9 3.19239579918034 0.622409887295082
370.816666666658 202 8 3.10815573770492 0.610867395264117
371.833333333324 201 9 3.1300262295082 0.6347
410.466666666622 200 10 3.98428222605695 0.707754227782571
472.483333333232 200 9 4.51210150497177 0.76536358505778
499.933333333207 200 8 3.71375725561627 0.709489010321797
554.833333333157 200 7 3.71271851851851 0.654977170613236
559.916666666486 200 6 3.54186163934426 0.650001967213115
600 200 6 3.7265425 0.779862991803279
