# New log 25/04/2014 12:39:41
1 224 32 5.926005 1.797175
3.03333333333333 223 31 3.76631639344262 0.793197540983607
4.04999999999999 223 28 4.36682131147541 1.43116557377049
5.06666666666665 221 29 4.11245081967213 1.5868
6.08333333333332 220 30 3.65844262295082 0.941065573770492
7.09999999999998 220 28 5.69833278688525 1.5361737704918
8.09999999999998 220 26 7.38749666666667 1.80936666666667
9.10000000000003 219 25 8.90956333333333 1.58008
11.1000000000001 219 23 10.6508866666667 1.91916083333333
12.1000000000002 218 24 15.630765 1.62391333333333
14.1000000000003 218 23 12.1704058333333 1.51706583333333
15.1000000000003 217 22 7.08291166666667 1.80494833333333
16.1000000000004 216 22 6.18584333333333 1.25682333333333
18.1333333333336 215 23 5.8801 1.11653852459016
19.1500000000002 215 21 6.42815245901639 1.30346885245902
20.1666666666668 214 22 8.56674098360656 1.49701475409836
24.2333333333332 214 21 6.79432950819672 1.2105356557377
27.2833333333331 213 21 4.79420655737705 1.48403442622951
30.3333333333329 212 21 6.05233879781421 2.16488142076503
34.3999999999993 211 21 6.50910655737705 1.34007745901639
36.4333333333325 210 22 5.81483196721312 0.988222950819672
37.4499999999992 209 23 5.76039180327869 1.38246721311475
38.4666666666658 208 22 5.84832459016393 1.1979
39.4833333333324 208 21 13.4446819672131 1.22599016393443
41.5166666666656 206 23 11.2190852459016 1.48402295081967
43.5499999999988 205 23 9.28746393442623 1.62404836065574
45.583333333332 203 25 8.87898114754098 1.01681885245902
48.6333333333319 202 26 8.13009945355191 0.833414754098361
50.6666666666651 201 26 5.91985327868853 0.826173770491803
51.6833333333317 200 26 6.18368360655738 1.18276229508197
53.7166666666649 199 26 6.34491393442623 1.32780655737705
54.7333333333315 198 27 4.83101639344263 0.563804918032787
61.8499999999978 198 26 4.47020023419204 1.15544004683841
63.883333333331 198 25 4.3330393442623 0.616422950819672
66.9333333333308 197 25 4.09901420765027 0.847819672131148
67.9499999999974 196 25 3.94373606557377 0.836759016393443
74.0499999999971 195 25 4.36076639344263 1.09252868852459
79.1333333333301 194 25 6.3111531147541 1.60273573770492
84.2166666666632 193 26 5.33456163934426 1.76066557377049
87.266666666663 192 27 4.68451366120219 1.62753005464481
94.3833333333293 191 28 4.96742107728337 2.06200866510539
106.583333333329 191 27 5.13409631147541 3.07935
123.866666666661 191 26 3.85666084860174 1.93416229508197
124.883333333328 191 25 3.8993131147541 2.04668852459016
130.93333333333 191 24 3.99962066115702 2.09222644628099
132.933333333331 191 23 3.77142 2.150465
133.933333333332 190 24 3.80667333333333 2.324675
137.933333333335 189 24 3.67627708333333 2.15242708333333
213.933333333396 189 23 3.61481561403509 0.710431162280702
233.933333333412 188 24 3.73820133333334 1.30747508333333
236.933333333414 188 23 3.66515944444444 2.13362111111111
237.933333333415 187 24 3.70000666666667 2.55276166666667
242.933333333419 186 25 3.69873133333333 1.808052
244.93333333342 185 26 3.66764833333334 1.46665333333333
257.966666666761 185 25 3.74580498721228 1.86832058823529
277.28333333341 185 24 3.62691673856773 1.03646272648835
318.966666666705 184 25 3.13746805277889 0.577771291483407
325.0666666667 184 24 2.54412076502732 0.552071857923497
335.233333333357 183 24 3.52806491803279 0.610730327868853
350.483333333343 182 24 2.43378841530055 0.20053781420765
351.500000000009 182 23 2.49608524590164 0.2253
375.899999999987 181 24 2.47081659836066 0.203546653005464
380.983333333316 181 23 2.51126754098361 0.226533442622951
381.999999999981 181 22 2.4085393442623 0.193816393442623
390.133333333307 181 21 2.46516721311476 0.202681967213115
469.433333333235 180 21 2.53305088272383 0.266206494325347
496.88333333321 179 21 2.43742246508804 0.209643958712811
499.933333333207 179 20 2.40696885245902 0.246529508196721
539.583333333171 178 21 2.47486036149643 0.205568221941992
547.716666666497 177 21 2.50172704918033 0.187309221311475
578.216666666469 177 20 2.63989202185792 0.196411366120219
600 177 20 2.69841892697466 0.212459239940387
