# New log 25/04/2014 13:03:45
1 224 32 4.98891833333333 1.12480166666667
4.04999999999999 221 34 3.54415464480874 0.295553551912568
5.06666666666665 220 32 3.51595901639344 0.434027868852459
8.09999999999998 219 32 3.75134945054945 0.238232967032967
9.10000000000003 218 32 4.25668333333333 0.315638333333333
10.1000000000001 217 32 4.56456333333333 0.420766666666667
11.1000000000001 216 33 4.37467833333333 0.263535
12.1000000000002 216 32 6.732475 0.625405
13.1000000000002 215 30 5.83935 0.404218333333333
16.1000000000004 215 29 5.24388944444445 0.516963333333333
17.116666666667 214 29 5.85509836065574 0.954062295081967
18.1333333333336 213 29 4.89410819672131 0.52416393442623
19.1500000000002 212 29 4.25524918032787 0.350170491803279
21.1833333333334 211 29 5.21969180327869 0.909362295081967
22.2 209 31 6.33789672131148 0.373609836065574
23.2166666666666 207 31 4.80459508196721 0.41732131147541
24.2333333333332 207 29 6.74157868852459 0.513647540983607
25.2499999999998 206 29 6.71703606557377 0.341173770491803
26.2666666666665 206 28 4.59876229508197 0.639726229508197
27.2833333333331 204 29 4.62574098360656 0.485019672131148
28.2999999999997 204 28 4.99180983606558 0.577468852459016
31.3499999999995 204 27 5.24391693989071 1.44761967213115
37.4499999999992 203 28 5.34862513661202 1.25401448087432
38.4666666666658 203 27 5.39024262295082 1.34509016393443
40.499999999999 203 26 5.3097393442623 1.12124180327869
41.5166666666656 202 26 5.10456393442623 1.08025573770492
44.5666666666654 201 26 3.88909344262295 0.948478142076503
54.7333333333315 200 27 4.98931737704919 3.70198098360656
56.7666666666647 199 28 6.3946131147541 2.9508368852459
57.7833333333313 199 27 5.46365081967213 2.13090163934426
66.9333333333308 198 26 4.564814571949 2.26384863387978
69.9833333333306 197 26 3.0767131147541 2.95919234972678
72.0166666666639 196 26 3.17963770491803 3.40891065573771
73.0333333333305 195 27 3.39086721311475 4.51676721311475
76.0833333333303 195 26 3.87579071038252 3.79488469945355
79.1333333333301 194 26 4.2788306010929 4.03279234972678
88.2833333333296 193 25 3.67826666666667 2.91153879781421
91.3333333333294 193 24 3.58236775956284 3.19682076502732
96.4166666666625 193 23 3.6804668852459 1.89619803278689
106.583333333329 192 24 3.78034672131148 1.91800868852459
110.649999999995 192 23 4.0040881147541 2.37683729508197
112.683333333328 192 22 4.15448770491803 2.83741639344262
115.733333333328 191 23 3.97207267759563 3.29500163934426
116.749999999995 190 24 3.47883114754098 3.06477704918033
124.883333333328 189 25 4.19878483606558 2.7006131147541
129.933333333329 189 24 3.68541254125413 2.51135676567657
144.933333333341 189 23 3.84467655555555 2.63623922222222
149.933333333345 189 22 3.848828 3.28362166666667
153.933333333348 188 22 4.00574166666667 2.20646416666667
156.93333333335 187 22 3.84667055555556 2.51639833333333
161.933333333354 186 22 3.182812 2.37916266666667
168.93333333336 185 23 3.74262523809524 2.57335261904762
169.933333333361 184 24 4.68024333333333 2.93647
171.933333333362 184 23 5.08524416666667 3.13444583333333
176.933333333366 183 24 4.99160166666667 3.014621
214.933333333397 183 23 3.63278631578947 1.80784030701754
215.933333333397 182 23 2.82171666666667 0.969708333333333
216.933333333398 181 24 4.896105 1.69615
226.933333333406 180 24 4.447057 1.25770783333333
246.933333333422 180 23 2.84567341666667 0.57789125
252.933333333427 180 22 2.75069444444445 0.360430833333333
267.116666666752 180 21 2.66494112808461 0.265015511163337
268.133333333418 179 21 2.73513770491803 0.501645901639344
274.233333333413 178 22 2.72669234972677 0.409713114754098
275.250000000078 178 21 2.70615573770492 0.321231147540984
295.583333333393 177 22 2.6819912295082 0.0438419672131148
300.666666666722 176 23 2.65615081967213 0.0501
303.716666666719 176 22 2.66420273224043 0.0893464480874317
315.916666666708 176 21 3.65746325136612 0.143670081967213
324.050000000034 175 22 3.06265901639344 0.113018237704918
326.083333333365 174 23 2.6398737704918 0.107335245901639
327.100000000031 173 24 2.65025245901639 0.0393114754098361
328.116666666697 173 23 2.64807049180328 0.0422016393442623
332.18333333336 172 24 2.9102381147541 0.104161475409836
334.216666666691 171 24 2.58898360655738 0.0612827868852459
337.266666666689 171 23 2.54034535519126 0.0488311475409836
339.30000000002 168 24 2.58542540983606 0.130367213114754
342.350000000017 167 25 2.62841912568306 0.272687978142077
345.400000000015 166 26 2.70183879781421 0.505882513661202
347.433333333346 166 25 2.60305 0.102795081967213
348.450000000012 166 24 2.63167049180328 0.100665573770492
351.500000000009 165 25 2.57420655737705 0.041248087431694
379.96666666665 165 24 2.77040925058547 0.27705925058548
389.116666666641 164 24 2.71908888888889 0.0471171220400729
391.149999999973 164 23 2.59409344262295 0.0397680327868852
415.549999999951 164 22 2.7298681693989 0.0461329918032787
417.583333333282 163 23 2.51631557377049 0.0370303278688525
432.833333333268 162 24 2.54266961748634 0.0462086338797814
458.249999999912 162 23 2.65941259016394 0.0471889180327869
463.333333333241 161 24 2.57460590163935 0.0471967213114754
475.53333333323 160 25 2.69639918032787 0.0425717213114754
486.716666666553 159 26 2.47756646795827 0.0559099850968703
506.033333333202 158 27 2.45753554788611 0.0440347713546161
513.149999999862 158 26 2.43314918032787 0.0671088992974239
553.816666666492 158 25 2.57682049180328 0.0479396721311475
555.849999999823 158 24 2.49052049180328 0.0896081967213115
560.933333333152 157 25 2.51773016393443 0.07668
562.966666666483 156 25 2.47981475409836 0.0922540983606557
569.066666666478 155 25 2.56130546448087 0.0469076502732241
600 155 25 2.47479365415124 0.0526207297726071
