# New log 25/04/2014 13:29:20
1 224 32 5.54689 2.00337833333333
4.04999999999999 224 30 4.37902349726776 0.803267759562842
5.06666666666665 224 29 6.07671803278689 1.30240327868852
6.08333333333332 224 26 5.50194754098361 1.29914754098361
7.09999999999998 224 24 4.5360868852459 1.05697868852459
9.10000000000003 224 23 5.72371833333333 1.538895
10.1000000000001 224 22 4.566865 1.19518833333333
11.1000000000001 224 21 7.57958333333333 1.27752833333333
13.1000000000002 224 20 7.4288725 1.131565
14.1000000000003 223 20 8.37487833333333 1.177035
15.1000000000003 223 19 6.42492666666667 1.25102666666667
16.1000000000004 223 17 7.47787666666667 1.513255
18.1333333333336 223 16 6.85979180327869 1.00671967213115
19.1500000000002 223 15 9.50957377049181 1.9584868852459
21.1833333333334 223 14 6.23209180327869 1.07975491803279
22.2 222 14 5.7997131147541 1.14012131147541
23.2166666666666 222 13 9.01632131147541 1.1468737704918
27.2833333333331 221 13 6.47570778688524 1.24314303278689
43.5499999999988 220 13 8.19633360655737 2.19406024590164
47.6166666666652 220 12 7.85795819672131 4.07528770491803
49.6499999999985 220 11 5.27858934426229 4.17363114754098
59.8166666666646 220 10 4.85766770491804 3.51142032786885
61.8499999999978 219 11 4.3925737704918 1.60657950819672
63.883333333331 219 10 4.67899098360656 1.86220245901639
65.9166666666642 219 9 4.77657295081967 2.36705409836066
67.9499999999974 218 10 4.02309836065574 2.06323770491803
81.1666666666633 218 9 3.8076131147541 1.15938524590164
88.2833333333296 218 8 2.84261217798595 1.07840257611241
92.349999999996 217 9 2.75646106557377 1.86264098360656
93.3666666666627 216 10 2.79756229508197 1.87779672131148
94.3833333333293 215 11 2.68628196721311 1.76447213114754
96.4166666666625 215 10 2.60821393442623 1.6689237704918
101.499999999996 214 10 2.68589442622951 1.85128885245902
111.666666666662 214 9 2.70245163934426 1.76189540983607
120.816666666661 214 8 2.84090856102004 0.199139162112933
124.883333333328 214 7 2.79944549180328 0.149113524590164
137.933333333335 213 8 2.5402785440613 0.198113282247765
151.933333333346 213 7 2.59849476190476 0.446402142857143
158.933333333352 212 7 2.68514738095238 0.811491904761905
165.933333333358 212 6 2.53353023809524 0.368062380952381
204.933333333389 211 6 2.56962427350427 0.158316666666667
249.933333333424 211 5 2.63352970370371 0.126540888888889
384.033333333313 210 5 2.45406072582651 0.0993736142182451
409.449999999956 210 4 2.46429462295082 0.125561967213115
600 210 4 2.51807698814092 0.15744076560865
