# New log 27/04/2014 08:36:28
1 120 8 1.62343833333333 8.259245
9.10000000000003 119 9 0.959759670781892 4.95669650205761
23.2166666666666 118 10 0.757262455726093 9.95399138134593
37.4499999999992 117 11 0.889796838407493 10.9122069086651
38.4666666666658 117 10 0.888981967213115 10.3704868852459
56.7666666666647 117 9 0.867610564663025 6.2177116575592
60.8333333333312 117 8 0.86776106557377 13.5588598360656
61.8499999999978 116 9 0.903760655737705 13.3050639344262
76.0833333333303 116 8 1.01790983606557 11.0103889929742
84.2166666666632 116 7 1.04644098360656 2.34976700819672
90.3166666666628 115 8 0.886576229508197 10.5524043715847
103.533333333329 114 9 0.851366708701136 9.59667313997478
125.899999999994 113 9 0.883287928464978 9.035228390462
127.933333333327 112 9 0.95292868852459 7.52295409836066
136.933333333334 111 9 0.86399537037037 7.70082851851852
137.933333333335 111 8 0.76264 4.47592333333333
141.933333333338 110 9 0.665104166666667 2.56581708333333
149.933333333345 110 8 0.883463958333334 4.07046895833333
152.933333333347 110 7 0.837167777777778 4.88198
153.933333333348 110 6 0.961503333333333 4.25419
154.933333333349 109 7 0.708846666666667 4.20698166666667
172.933333333363 108 8 0.818675462962963 5.65821027777778
179.933333333369 108 7 0.763306666666667 7.97695928571429
180.933333333369 108 6 0.879756666666667 8.84472333333333
194.933333333381 107 7 0.783985 7.07295154761905
196.933333333382 106 7 0.810414166666667 6.66513
253.933333333428 106 6 0.783462631578947 7.45421514619883
338.283333333354 106 5 0.773324125666864 8.36505749851808
589.399999999793 106 4 0.766751178071279 8.36417919957523
600 106 4 0.767326676602086 8.47001371087929
