# New log 27/04/2014 08:29:09
1 120 8 1.88717166666667 0.373606666666667
6.08333333333332 119 7 1.20381180327869 0.662232131147541
13.1000000000002 118 8 2.8469729216152 0.379092399049881
20.1666666666668 118 7 1.78936933962264 0.319405424528302
22.2 117 8 1.72115245901639 0.301010655737705
27.2833333333331 116 8 1.71884819672131 1.77846327868852
28.2999999999997 116 7 2.19280327868852 0.370091803278689
33.3833333333327 115 8 1.75409573770492 0.404493442622951
34.3999999999993 114 9 2.17423114754098 0.417359016393443
43.5499999999988 113 9 1.75387850637523 0.731384881602914
45.583333333332 113 8 1.18672786885246 0.448089344262295
58.7999999999979 112 9 1.12124325346784 0.581855989911728
67.9499999999974 111 10 1.11553533697632 0.872642440801457
75.0666666666637 111 9 1.89576861826698 1.16307868852459
115.733333333328 110 9 1.10594495901639 0.458557418032787
134.933333333333 110 8 0.758003993055555 0.256652604166667
151.933333333346 110 7 0.708311666666667 0.035246862745098
171.933333333362 109 7 0.777599666666667 0.118145583333333
193.93333333338 109 6 1.59567143939394 0.133302424242424
219.933333333401 108 6 0.656536666666666 0.10776717948718
329.133333333363 107 7 0.654656288156288 0.0410333485958486
330.150000000028 107 6 0.645745901639344 0.00929180327868853
343.366666666683 106 7 0.611782597730138 0.0161142496847415
404.366666666628 105 8 0.615770792349727 0.0288256284153005
491.799999999881 105 7 0.624719176515441 0.0168848455966451
519.249999999856 105 6 0.625529022465089 0.0681974499089253
533.483333333177 104 6 0.638238758782201 0.0263142857142857
542.633333333168 103 7 0.628904553734062 0.0807837887067395
549.749999999829 102 8 0.605710772833723 0.0514955503512881
558.89999999982 101 9 0.597794717668489 0.0209338797814208
572.116666666475 100 9 0.599277427490543 0.00663064312736444
573.133333333141 99 10 0.59792131147541 0.00141475409836066
584.316666666464 98 10 0.600110283159464 0.0145385991058122
600 98 10 0.603793750000001 0.0498532786885246
