# New log 27/04/2014 08:23:36
1 120 8 1.79475166666667 0.318536666666667
6.08333333333332 120 7 1.11967573770492 0.335051147540984
7.09999999999998 120 6 1.22497213114754 0.233344262295082
16.1000000000004 119 7 2.03486407407408 0.348356296296296
17.116666666667 119 6 1.25403114754098 0.440373770491803
28.2999999999997 118 7 1.96621549925484 0.883866169895678
30.3333333333329 117 8 1.63246885245902 0.896943442622951
31.3499999999995 116 9 2.06036557377049 0.832190163934426
35.4166666666659 116 8 2.3222881147541 0.607362295081967
67.9499999999974 116 7 1.85111091188524 0.865680532786885
73.0333333333305 115 8 2.29165606557377 1.30819836065574
79.1333333333301 114 9 0.90906830601093 0.49195218579235
80.1499999999967 114 8 0.88634262295082 0.3399
81.1666666666633 113 8 1.02418852459016 0.49256393442623
86.2499999999964 112 8 0.812332459016394 0.607766885245902
88.2833333333296 112 7 0.754824590163935 0.377843442622951
97.4333333333291 111 7 0.775452641165756 0.151791438979964
99.4666666666623 111 6 0.981737704918033 0.146634426229508
164.933333333357 111 5 0.695971003054989 0.244989154786151
209.933333333393 110 5 0.820230518518519 0.385037703703704
224.933333333404 110 4 0.831507222222221 0.393214888888889
403.349999999962 110 3 0.622751424567958 0.151236095282578
437.916666666597 110 2 0.636239488910318 0.132171552555448
460.283333333243 110 1 0.638294858420268 0.171892697466468
600 110 1 0.813982382988833 0.183301865051081
