# New log 27/04/2014 08:19:15
1 120 8 1.740225 6.425095
12.1000000000002 119 9 1.26373498498499 1.73332552552553
13.1000000000002 118 10 1.66498666666667 1.23787
15.1000000000003 117 10 1.95464666666667 1.5279975
25.2499999999998 117 9 1.25676945812808 1.71006403940887
29.3166666666663 117 7 1.21595532786885 1.82591475409836
30.3333333333329 116 7 1.62809672131148 2.03727868852459
50.6666666666651 115 8 1.79775491803279 3.12278540983607
61.8499999999978 115 7 2.9654479880775 1.95638524590164
64.8999999999976 114 7 4.44031420765028 2.44374371584699
65.9166666666642 113 7 2.85968852459016 2.50844754098361
70.9999999999973 113 6 1.8925593442623 0.543385573770492
402.333333333296 112 7 1.05850472334004 1.54323211770624
404.366666666628 111 7 0.982000819672131 2.61335655737705
446.049999999923 111 6 0.791978088764494 1.40211635345862
462.316666666575 111 5 0.757273668032787 1.04575625
507.049999999868 110 6 0.775966207153501 1.65484843517139
539.583333333171 110 5 0.761792674180328 2.38828662909836
574.149999999806 109 6 0.765011571841852 2.3776237704918
600 109 6 0.753152837326608 2.37817295081967
