# New log 27/04/2014 07:43:15
1 120 8 1.482555 6.879465
9.10000000000003 120 7 1.2089537037037 1.66386666666667
18.1333333333336 119 8 1.35754944649447 4.13483431734317
26.2666666666665 119 7 0.96640594262295 5.87155430327869
34.3999999999993 118 7 0.759584631147541 6.94531168032787
38.4666666666658 117 8 0.806402868852459 10.3742651639344
42.5333333333322 117 7 0.771279918032787 10.3479135245902
43.5499999999988 116 8 1.11914590163934 10.0352704918033
73.0333333333305 115 8 1.46249576031656 9.33219282080272
83.1999999999966 114 8 1.50530245901639 10.4383201639344
99.4666666666623 114 7 1.72010286885246 10.8308573770492
104.549999999995 113 7 1.37351803278689 11.438982295082
105.566666666662 113 6 1.30430655737705 11.7676065573771
133.933333333332 113 5 1.59784618096357 6.72913002350176
134.933333333333 113 4 1.704635 5.97452666666667
135.933333333334 112 5 1.64044833333333 5.26553833333333
138.933333333336 112 4 1.67244111111111 6.022025
141.933333333338 111 5 1.08435277777778 5.94687833333333
142.933333333339 111 4 1.27846333333333 5.57006333333333
156.93333333335 110 4 1.15412214285714 5.53191583333333
162.933333333355 109 5 1.07198916666667 5.36984222222222
179.933333333369 109 4 1.10765637254902 5.36060539215686
184.933333333373 108 5 0.970004666666667 5.33003933333333
201.933333333386 107 6 1.0351612745098 5.42042892156863
222.933333333403 107 5 1.03098896825397 4.12740095238095
369.799999999992 106 5 1.06743295506127 4.02740480027236
401.31666666663 106 4 1.02439629825489 4.03777974616605
471.466666666567 106 3 1.04739387027798 4.98524956046567
474.516666666564 105 4 1.0864737704918 5.35588579234973
551.78333333316 105 3 1.04590644952545 5.1226424935289
600 105 3 1.03261140710383 5.18296550546448
