# New log 27/04/2014 07:51:29
1 120 8 1.89815333333333 0.50968
5.06666666666665 119 9 1.24881147540984 0.278581557377049
8.09999999999998 118 9 1.0240532967033 0.298742307692308
9.10000000000003 117 10 1.19611666666667 0.361596666666667
14.1000000000003 117 9 1.662932 1.42609266666667
16.1000000000004 116 10 3.36438583333333 0.823604166666667
17.116666666667 116 9 5.05143278688525 1.46105901639344
24.2333333333332 116 8 3.59393583138173 0.695654566744731
25.2499999999998 115 9 2.52754754098361 0.555611475409836
37.4499999999992 115 8 2.07406885245902 0.673253961748634
40.499999999999 115 7 1.45495737704918 0.503881967213115
42.5333333333322 115 6 1.40074672131148 0.726112295081967
67.9499999999974 114 7 2.23254754098361 0.978805639344262
101.499999999996 114 6 1.40319791356185 1.47647213114754
125.899999999994 113 7 1.12425969945356 2.26717274590164
132.933333333331 112 8 0.995135308056872 1.81237251184834
133.933333333332 111 9 0.955251666666667 1.83987666666667
148.933333333344 111 8 0.951535111111112 1.69498077777778
151.933333333346 110 8 0.877855555555555 1.06791722222222
152.933333333347 109 9 0.837253333333333 0.923536666666667
180.933333333369 109 8 1.0396794047619 0.84949130952381
195.933333333381 109 7 0.869049111111112 0.839671333333333
230.933333333409 108 8 0.846877238095239 0.581264571428571
269.150000000084 108 7 0.816971085913651 0.180510641081553
297.616666666725 108 6 0.857144847775175 0.264911592505855
300.666666666722 107 7 0.878971584699454 0.29857650273224
332.18333333336 107 6 0.797854627181385 0.150396615547329
356.583333333338 107 5 0.693718920765029 0.0879854508196721
359.633333333335 107 4 0.701025136612022 0.0513912568306011
362.683333333332 106 5 0.695741530054645 0.0294005464480874
453.166666666583 106 4 0.696844372812672 0.0894383311843802
600 105 4 0.89980679479932 0.144974482758621
