# New log 27/04/2014 08:09:41
1 120 8 3.334665 1.70553333333333
10.1000000000001 120 7 1.9013271062271 0.390760073260073
12.1000000000002 119 8 2.13364666666667 0.2925325
13.1000000000002 119 7 2.6358 0.457101666666667
18.1333333333336 119 6 2.69814072847682 0.424450993377483
22.2 118 7 2.4374512295082 0.53705368852459
25.2499999999998 118 6 2.58429617486339 0.557708196721312
32.3666666666661 117 7 2.84389320843091 0.699010772833724
52.6999999999983 117 6 2.53938270491803 0.52569762295082
72.0166666666639 117 5 2.31801406384815 0.498264279551337
103.533333333329 117 4 2.35373812797462 1.23914505552618
116.749999999995 117 3 2.04956166456494 1.50671538461538
183.933333333372 116 4 2.715434160258 2.37274770528405
224.933333333404 115 5 3.21434756097561 1.02512288617886
238.933333333416 115 4 1.91059904761905 0.269589285714286
264.066666666755 114 5 1.41024960212202 0.436085079575597
274.233333333413 114 4 1.39483016393443 0.614070819672131
291.51666666673 113 4 1.39226181292189 0.556242719382835
299.650000000056 112 5 1.37587725409836 0.642153483606557
314.900000000042 111 6 1.51547300546448 0.23100262295082
317.950000000039 110 7 1.35830109289617 0.165462295081967
326.083333333365 109 8 1.33366803278688 0.164345286885246
600 109 8 1.39494994535519 0.184393029751063
