# New log 27/04/2014 08:07:36
1 120 8 1.67543666666667 6.77448666666667
8.09999999999998 119 9 1.32487370892019 0.912544835680751
12.1000000000002 118 10 1.53679375 1.20942791666667
14.1000000000003 117 10 1.8342075 1.17452833333333
39.4833333333324 117 9 1.99692875902824 1.7935588312541
69.9833333333306 116 9 1.92659721311475 2.30767180327869
86.2499999999964 116 8 1.53492838114754 4.84458821721311
97.4333333333291 115 8 0.973301788375559 6.67518360655738
106.583333333329 115 7 1.01140182149362 4.2944262295082
116.749999999995 114 8 0.762915573770493 11.8482757377049
127.933333333327 113 9 0.731606110283159 12.0907673621461
136.933333333334 112 8 0.741553148148148 7.59974444444444
140.933333333338 111 9 0.6952875 3.40611791666667
197.933333333383 111 7 0.744992163742693 0.608689239766082
215.933333333397 110 8 0.775752777777778 0.659850555555556
268.133333333418 109 9 0.73013135376756 1.29410836526181
292.533333333396 109 8 0.756888524590165 0.743837226775956
296.600000000059 108 9 0.699181967213114 0.289443032786885
310.833333333379 108 8 0.711044379391102 0.25743149882904
316.933333333374 107 9 0.688085519125683 0.225054918032787
317.950000000039 107 8 0.671632786885246 0.154750819672131
368.783333333327 107 7 0.835358262295083 0.378106459016393
439.949999999929 106 8 0.734678290398127 0.181921030444965
463.333333333241 106 7 0.725819030648611 0.158196650035638
511.11666666653 106 6 0.714337565399372 0.093656853854203
600 106 6 0.716390312965724 0.149355011177347
