# New log 27/04/2014 07:09:05
1 120 8 1.65554 5.58797166666667
4.04999999999999 120 7 0.789962841530055 0.303507103825137
29.3166666666663 119 8 0.861689050131927 7.9358540237467
31.3499999999995 119 7 0.70481393442623 9.70601721311475
58.7999999999979 118 8 0.798144990892531 9.69899089253188
69.9833333333306 117 9 1.26608166915052 9.25010596125186
92.349999999996 116 9 0.827705812220568 9.31918889716841
107.599999999995 115 9 0.753925464480874 5.10996273224044
109.633333333328 114 10 0.729822950819672 4.26601967213115
112.683333333328 113 11 0.727221311475409 4.8631393442623
119.799999999994 113 10 0.794054800936768 4.99550889929742
122.849999999994 112 11 0.765371584699453 3.67963114754098
128.933333333328 111 12 0.783638356164384 4.53732849315069
129.933333333329 111 11 0.777143333333333 3.45030333333333
131.93333333333 110 12 0.792164166666667 3.33343583333333
133.933333333332 109 12 0.822745833333334 4.99640583333333
137.933333333335 109 11 0.781040833333334 4.794745
138.933333333336 108 12 0.684796666666667 2.90937
152.933333333347 108 11 0.77518 3.09402476190476
191.933333333378 107 12 0.805368504273505 3.45072282051282
240.933333333417 107 11 0.74349418367347 3.36592278911565
257.966666666761 107 10 0.779742759295499 2.81776418786693
258.983333333426 107 9 0.76496393442623 2.32188196721311
296.600000000059 106 9 0.732253389455027 2.34271395657953
333.200000000026 106 8 0.726756329690346 2.53353424408015
345.400000000015 105 9 0.759745901639343 3.07701871584699
353.53333333334 104 10 0.71277868852459 3.18962336065574
372.84999999999 102 11 0.855872044866264 3.33140569456428
374.883333333321 101 12 0.677574590163935 3.24175901639344
377.933333333318 100 12 0.724471038251367 3.29626557377049
411.483333333288 99 13 0.862007749627422 3.2563696969697
459.266666666578 98 14 0.748007185211021 3.22346498081618
475.53333333323 97 15 0.696265163934427 2.98127131147541
488.749999999884 97 14 0.688361916771753 3.06815838587642
512.133333333196 97 13 0.665471774768354 2.28187790449038
532.466666666511 97 12 0.662653524590164 0.901634836065574
568.049999999812 96 13 0.703103934426229 1.22182285714286
580.249999999801 95 14 0.667540983606557 1.12153825136612
599.56666666645 95 13 0.643905867126833 1.30050621225194
600 95 13 0.624893442622951 1.29354262295082
