# New log 27/04/2014 07:12:29
1 120 8 3.22668 0.879998333333333
4.04999999999999 120 7 1.52390546448087 0.149155737704918
9.10000000000003 120 6 2.25216897689769 0.188587128712871
13.1000000000002 119 6 4.03820625 0.294392083333333
19.1500000000002 118 7 4.79214876033058 0.318604683195592
20.1666666666668 118 6 4.61358360655738 0.306995081967213
24.2333333333332 117 6 5.62215040983606 0.297837704918033
37.4499999999992 116 7 2.67445762925599 0.256682219419924
43.5499999999988 115 8 2.58122732240437 0.167868852459016
46.5999999999986 114 9 1.54740655737705 0.101586885245902
67.9499999999974 113 9 1.54368922716628 0.137826775956284
69.9833333333306 112 9 1.77651475409836 0.0865073770491803
100.483333333329 112 8 1.45363907103825 0.266341912568306
108.616666666662 111 8 1.30906700819672 0.565404918032787
152.933333333347 111 7 1.23831316284317 0.0907954118089507
204.933333333389 110 8 1.17911291666666 0.0752815705128205
236.933333333414 110 7 1.279609375 0.0906636458333333
262.033333333424 109 8 1.19036049136786 0.0811888446215139
300.666666666722 109 7 1.1143033649698 0.051658153580673
302.700000000053 109 6 1.12314590163934 0.0554426229508197
312.866666666711 109 5 1.14888426229508 0.0598001639344262
396.233333333302 109 4 1.1197818672531 0.0522233306677329
400.299999999965 109 3 1.40485327868852 0.258506557377049
600 109 3 1.1852247732379 0.0984232503952734
