# New log 27/04/2014 07:02:05
1 120 8 1.75218 6.94757333333333
26.2666666666665 118 9 1.04834221635884 5.25506253298153
34.3999999999993 118 8 0.906922336065575 9.88249508196721
57.7833333333313 118 7 1.16345067712046 9.2477313613685
63.883333333331 117 8 0.872534972677595 9.66896666666667
66.9333333333308 116 9 0.820203825136612 8.27533114754098
83.1999999999966 115 9 0.900988114754098 7.84206116803279
89.2999999999962 114 9 1.97950054644809 5.78448989071038
97.4333333333291 114 8 1.65084959016394 3.34093094262295
102.516666666662 113 8 0.919686229508197 2.99184885245902
106.583333333329 113 7 1.11818073770492 4.91055081967213
176.933333333366 113 6 0.902717531390667 3.50840348258706
177.933333333367 113 5 0.786466666666667 3.66725666666667
188.933333333376 112 6 0.778988181818182 4.82430651515152
209.933333333393 111 7 0.771095317460317 4.14056253968254
217.933333333399 110 7 0.776937500000001 3.7382225
241.933333333418 110 6 0.780968819444444 3.38017895833333
253.933333333428 109 6 0.766888888888889 3.31452916666667
260.000000000092 109 5 0.754146703296703 3.47191510989011
279.316666666741 108 6 0.760722088006902 2.72173106125971
300.666666666722 108 5 0.755111241217799 2.46472903981265
325.0666666667 108 4 0.751153142076503 2.78252540983607
600 108 4 0.762599588651623 2.88671273365193
