# New log 27/04/2014 07:05:37
1 120 8 3.24300666666667 1.07181
4.04999999999999 119 9 1.74727158469945 0.187165027322404
5.06666666666665 118 9 1.92654098360656 0.119034426229508
6.08333333333332 118 8 1.66846229508197 0.0821688524590164
12.1000000000002 117 9 2.33773684210526 0.406792520775623
13.1000000000002 116 9 2.34583333333333 0.41745
17.116666666667 116 8 2.79799128630706 0.524076763485477
21.1833333333334 116 7 2.26349672131148 0.42330737704918
22.2 115 8 2.37137049180328 0.442968852459016
23.2166666666666 114 8 2.16631147540984 0.388765573770492
24.2333333333332 114 7 3.37336885245902 0.559059016393443
26.2666666666665 114 6 3.26223770491803 0.398890163934426
28.2999999999997 113 6 3.65925081967213 0.533487704918033
34.3999999999993 113 5 3.30617322404372 0.509116393442623
43.5499999999988 112 6 2.51611256830601 0.62704408014572
44.5666666666654 112 5 2.14411639344262 0.490640983606557
69.9833333333306 112 4 2.22250701639344 0.358493901639344
70.9999999999973 112 3 2.79928524590164 0.15086393442623
79.1333333333301 112 2 2.07338709016393 0.166604303278689
88.2833333333296 111 3 2.14456885245902 0.256156830601093
95.3999999999959 111 2 1.93935995316159 0.263848477751756
112.683333333328 110 2 1.90662709739634 0.276411957569913
244.93333333342 110 1 1.65037776937618 0.384541902961563
325.0666666667 109 2 1.54784394758735 0.0705300540765391
600 109 2 1.61496771520176 0.0902492045248321
