# New log 27/04/2014 09:06:38
1 120 8 1.63763166666667 0.464338333333333
7.09999999999998 119 8 1.50532267759563 0.780844808743169
8.09999999999998 118 9 1.166995 0.39705
9.10000000000003 118 8 0.98097 0.407786666666667
11.1000000000001 117 8 1.70795083333333 0.639773333333333
14.1000000000003 117 7 4.56401722222222 2.00053222222222
16.1000000000004 117 6 6.15246416666667 2.84853
18.1333333333336 116 7 3.68280655737705 1.70591147540984
24.2333333333332 116 6 1.53334590163934 0.857964754098361
41.5166666666656 115 7 1.55503134040501 0.526594214079074
50.6666666666651 114 7 1.4709233151184 0.710652641165756
58.7999999999979 113 8 1.8537518442623 0.396166598360656
69.9833333333306 112 9 2.14914530551416 0.238493442622951
77.0999999999969 111 10 2.16975854800937 0.431797423887588
78.1166666666635 110 11 1.76011803278689 1.3455262295082
86.2499999999964 110 9 2.31480040983607 1.02112192622951
91.3333333333294 110 8 2.44431606557377 0.674065245901639
92.349999999996 109 9 2.21950327868852 0.372631147540984
126.916666666661 108 10 0.808910993249758 0.79918418514947
128.933333333328 107 10 0.693582644628099 0.154814049586777
170.933333333362 106 11 0.771793174603173 0.825770555555556
176.933333333366 106 10 1.09990472222222 0.348738333333333
267.116666666752 105 10 0.904053114026984 0.157666826834227
296.600000000059 105 9 0.634640870548332 0.12180067834935
321.000000000037 104 10 0.630768715846995 0.113266734972678
354.550000000006 103 11 1.15174664679583 0.0902976651763537
356.583333333338 103 10 0.650262295081967 0.0932598360655738
358.616666666669 103 9 0.631063934426229 0.0793729508196721
369.799999999992 102 10 0.609003576751118 0.15743695976155
387.08333333331 101 10 0.614525554484087 0.0931240115718419
389.116666666641 100 11 0.643088524590164 0.170618032786885
403.349999999962 100 10 0.603978220140515 0.0855549180327869
424.699999999942 99 11 0.621180562060889 0.0696827478532397
429.783333333271 98 12 0.655798360655738 0.0688993442622951
453.166666666583 97 12 0.619310905203135 0.0716167498218104
461.299999999909 97 11 0.591565163934427 0.120000614754098
463.333333333241 97 10 0.644484426229508 0.0930459016393443
466.383333333238 96 11 0.607918579234973 0.0527967213114754
468.416666666569 96 10 0.713099180327869 0.138202459016393
496.88333333321 95 11 0.611514402810305 0.109539402810304
544.6666666665 94 11 0.625177188698989 0.0635056505057552
582.283333333132 94 10 0.551725166149755 0.0519761187416925
583.299999999798 93 10 0.575690163934427 0.0638245901639344
591.433333333124 93 9 0.555024590163934 0.0529485655737705
597.533333333119 92 9 0.56731912568306 0.0544806010928962
600 92 9 0.595610928961749 0.0561819672131148
