# New log 27/04/2014 09:04:06
1 120 8 3.48488333333334 2.84897333333333
6.08333333333332 119 8 1.94788524590164 1.84207409836066
7.09999999999998 119 7 1.89846721311475 1.98724426229508
8.09999999999998 119 6 2.21599833333333 2.55638833333333
9.10000000000003 118 7 2.030455 2.153565
12.1000000000002 117 8 2.22322833333333 1.60201444444444
13.1000000000002 116 9 1.778635 1.14122333333333
24.2333333333332 116 8 2.99901676646707 1.32399131736527
40.499999999999 115 9 5.43692202868852 1.7405268442623
43.5499999999988 115 8 4.28058306010929 1.88200710382514
47.6166666666652 114 8 4.5975012295082 1.35910163934426
54.7333333333315 114 7 5.12496744730679 1.53224964871194
58.7999999999979 113 8 4.57916147540984 1.45033114754098
61.8499999999978 113 7 4.70163224043716 1.7344868852459
81.1666666666633 113 6 4.57683330457291 1.84012666091458
82.18333333333 113 5 3.07480983606557 1.64887704918033
83.1999999999966 111 5 2.18170655737705 1.72627704918033
89.2999999999962 110 6 2.5310325136612 1.7879606557377
127.933333333327 109 7 1.55761764452114 1.40623390854185
139.933333333337 109 6 1.36193527777778 1.09929541666667
141.933333333338 108 7 1.313995 0.934605833333333
148.933333333344 107 8 1.31283857142857 1.15746595238095
207.933333333391 107 7 1.30604435028249 1.1584790960452
244.93333333342 106 8 1.29604747747748 1.22221504504505
285.416666666736 106 7 1.31996039522437 1.19603417044051
293.550000000062 105 8 1.31365942622951 1.13145368852459
345.400000000015 105 7 1.33832610093218 1.18028829958213
419.616666666614 105 6 1.29844983157422 1.11175986975073
424.699999999942 105 5 1.28966754098361 1.05036655737705
431.816666666603 105 4 1.30805784543325 0.967758079625293
437.916666666597 105 3 1.32023142076503 1.1923806010929
455.199999999915 104 3 1.32307232401157 1.05908543876567
600 104 3 1.37977508884557 1.26737766823341
