# New log 27/04/2014 09:01:39
1 120 8 1.59866166666667 6.15710166666667
10.1000000000001 119 8 1.2258391941392 1.17977545787546
16.1000000000004 118 9 1.41055638888889 5.87635222222222
23.2166666666666 118 8 1.65762341920375 1.91761288056206
37.4499999999992 117 9 1.10562880562061 2.98078056206089
47.6166666666652 116 10 0.918060983606557 0.96999131147541
50.6666666666651 116 9 0.840006010928962 0.459261202185792
61.8499999999978 116 8 0.829829806259315 0.667689418777943
65.9166666666642 116 7 0.82508975409836 1.5197631147541
69.9833333333306 116 6 0.999466803278689 0.413769262295082
73.0333333333305 115 6 0.901940983606558 0.292879234972678
97.4333333333291 115 5 0.894506352459017 2.75942732240437
136.933333333334 114 5 0.811627805907174 1.85706708860759
161.933333333354 113 6 0.791574399999999 2.191925
164.933333333357 112 6 0.809262777777778 1.16388944444444
190.933333333377 111 6 0.744727820512819 1.08964782051282
194.933333333381 110 7 0.7218075 1.40324875
202.933333333387 110 6 0.714140416666667 1.39438083333333
203.933333333388 110 5 0.718473333333334 1.41413666666667
215.933333333397 109 5 0.719133888888889 1.40372305555556
224.933333333404 108 6 0.745045555555556 1.4451337037037
262.033333333424 108 5 0.766253459119497 2.21388400718778
286.433333333401 107 5 0.750376434426231 3.88947472677596
334.216666666691 106 6 0.747232786885246 2.60201977677014
336.250000000023 106 5 0.919746721311476 1.37981393442623
348.450000000012 105 6 0.703452049180327 1.4544293715847
375.899999999987 105 5 0.796172070431089 1.64635409836066
429.783333333271 104 5 1.19116087225487 1.85457049180328
444.016666666592 104 4 1.18820913348946 1.97811569086651
477.566666666561 103 5 1.2112214605067 1.93649478390462
600 103 5 1.21622444113265 1.76972357404146
