# New log 27/04/2014 07:53:07
1 120 8 1.638985 6.75394666666667
3.03333333333333 120 7 1.07752868852459 0.266103278688525
5.06666666666665 120 6 1.01790081967213 1.25682540983607
17.116666666667 119 7 1.17365214384509 7.01456473029046
18.1333333333336 119 6 1.64053606557377 7.81650163934426
22.2 118 7 1.18379754098361 8.50737991803279
29.3166666666663 118 6 0.934195081967213 9.89430140515223
32.3666666666661 117 7 0.856572677595629 9.95303442622951
78.1166666666635 116 7 0.917152459016395 11.0139810564663
101.499999999996 116 6 0.862111332858161 9.85664148253742
138.933333333336 116 5 0.849142876224398 4.76417275155833
149.933333333345 115 6 0.821058636363637 4.69225075757576
166.933333333358 114 7 0.925002549019607 4.82084607843137
169.933333333361 114 6 0.784322777777778 6.20023111111111
268.133333333418 113 6 0.880667481330616 3.72716408689749
288.466666666733 112 7 0.874698360655737 2.45439368852459
337.266666666689 112 6 0.753996448087433 2.5196487363388
341.333333333352 112 5 0.736502049180328 2.50458565573771
385.049999999978 112 4 0.75424491040793 3.5677367518109
401.31666666663 111 4 0.759336065573769 3.75244334016393
469.433333333235 111 3 0.805239955957916 3.47486948862246
571.099999999809 110 4 0.772703590163937 3.55406319672131
600 110 4 0.74468705483324 3.17884737139627
