# New log 27/04/2014 07:59:35
1 120 8 1.98360666666667 0.645543333333333
4.04999999999999 120 7 0.960752459016394 0.384062841530055
7.09999999999998 120 6 1.32713551912568 0.235537704918033
34.3999999999993 120 5 5.67734798534799 0.696214896214896
39.4833333333324 120 4 5.33526918032787 0.432673442622951
42.5333333333322 119 5 4.9841043715847 0.407991803278689
43.5499999999988 118 6 5.54180819672131 0.418060655737705
44.5666666666654 117 6 4.55202950819672 0.282219672131148
54.7333333333315 116 6 4.61374229508197 0.332931803278689
56.7666666666647 115 7 4.85135983606557 0.351812295081967
63.883333333331 114 8 5.46536885245902 0.963039110070258
65.9166666666642 114 7 5.16750245901639 0.535773770491803
70.9999999999973 113 8 5.17435639344262 0.360432459016393
73.0333333333305 112 8 1.06792459016393 0.314912295081967
95.3999999999959 111 9 1.04100178837556 0.80840089418778
99.4666666666623 110 10 0.925220901639344 0.781329098360656
133.933333333332 109 11 0.960678336557059 0.584900580270793
164.933333333357 108 12 1.03987376344086 0.252708279569893
195.933333333381 108 11 0.648977903225807 0.094439623655914
209.933333333393 107 11 0.640500714285714 0.114545357142857
224.933333333404 106 12 1.48487322222222 0.129455
233.933333333412 105 13 3.31655444444445 0.168092222222222
248.933333333424 104 14 0.597987111111111 0.115952777777778
256.950000000095 103 15 0.606099376299377 0.0968282744282744
283.383333333404 103 14 0.649428877679697 0.139143379571248
288.466666666733 103 13 0.6233 0.275513442622951
329.133333333363 103 12 0.647629180327869 0.233184344262295
352.516666666675 102 13 0.648042694226656 0.32768382038489
366.749999999995 102 12 0.66409262295082 0.453288290398126
374.883333333321 101 13 0.687950819672131 0.329659221311475
384.033333333313 101 12 0.648803642987249 0.326870856102004
418.599999999948 100 13 0.63487738669238 0.203401494696239
432.833333333268 99 14 0.657186299765809 0.712818266978923
532.466666666511 99 13 0.623134760789561 0.214126078956173
600 99 13 0.680249792023491 0.157646121849768
