# New log 27/04/2014 07:15:31
1 120 8 1.65434 6.85282166666667
18.1333333333336 119 9 1.39526001945525 1.5480689688716
19.1500000000002 118 9 2.10724754098361 1.79093606557377
22.2 117 10 0.857045901639345 1.90008469945355
23.2166666666666 116 10 0.782772131147541 2.02347213114754
24.2333333333332 115 10 1.02597704918033 3.32401475409836
29.3166666666663 115 9 1.05367180327869 3.37166721311475
31.3499999999995 115 7 0.793015573770492 2.32961885245902
44.5666666666654 114 7 1.16375107187894 4.31021878940731
81.1666666666633 114 6 0.860699726775954 8.1038468579235
84.2166666666632 113 6 0.836637704918033 2.38863989071038
95.3999999999959 112 7 0.861869746646795 2.72821341281669
98.4499999999957 111 8 0.794256284153005 2.52828306010929
215.933333333397 111 7 0.950172038587026 4.46952095332671
261.016666666758 110 8 0.776047467652495 0.670390203327172
275.250000000078 110 7 0.767423653395784 0.840128922716628
293.550000000062 110 6 0.762585883424408 1.05697422586521
305.750000000051 109 6 0.771430191256831 1.0995443989071
397.249999999967 108 7 0.791452932604736 1.44489366120219
418.599999999948 107 7 0.766779937548789 1.7345012490242
434.8666666666 107 6 0.756078176229507 1.8941431352459
600 107 6 0.751794277381076 2.27207919139093
