# New log 27/04/2014 07:20:55
1 120 8 1.85635333333333 0.513255
4.04999999999999 119 9 1.24460765027322 0.423734426229508
12.1000000000002 119 8 1.08155838509317 0.350623188405797
18.1333333333336 118 9 4.2886364640884 0.741470165745856
20.1666666666668 117 10 6.26378524590164 1.05648114754098
21.1833333333334 117 9 3.74002786885246 0.757575409836066
23.2166666666666 116 9 4.54245655737705 0.913067213114754
28.2999999999997 116 8 2.83063081967213 0.63779868852459
33.3833333333327 116 7 1.4747331147541 0.465944918032787
36.4333333333325 115 6 2.15579289617486 0.40174043715847
37.4499999999992 114 7 1.65247704918033 0.355334426229508
38.4666666666658 114 6 2.37612786885246 0.499431147540984
40.499999999999 114 5 3.44432213114754 0.976668852459016
41.5166666666656 113 6 1.11273770491803 0.366845901639344
52.6999999999983 113 5 2.24691281669151 0.37953174366617
55.7499999999981 112 6 2.43311038251366 0.328769945355191
124.883333333328 111 7 1.29665884763741 0.501360173577628
129.933333333329 110 8 1.30382772277228 0.418491419141914
135.933333333334 109 7 1.77712305555555 0.471461666666667
136.933333333334 109 6 0.736458333333333 0.263475
151.933333333346 109 5 0.768256222222222 0.266397222222222
158.933333333352 108 5 0.703723333333333 0.25646380952381
200.933333333385 108 4 1.23370206349206 0.419394126984127
256.950000000095 108 3 0.681666706337399 0.49097146682535
311.850000000045 107 4 0.682627383120825 0.357910230722526
313.883333333377 106 5 0.590972950819672 0.27969262295082
414.533333333285 106 4 0.600289981785062 0.292311955621792
439.949999999929 106 3 0.576856524590164 0.219879672131148
489.76666666655 105 4 0.584412044161926 0.21516212780194
600 105 4 0.582634050233115 0.0491856068581742
