# New log 27/04/2014 08:06:00
1 120 8 1.77646166666667 0.547751666666667
5.06666666666665 119 8 1.15384139344262 0.908445901639344
6.08333333333332 119 7 1.59904918032787 0.482260655737705
7.09999999999998 119 6 1.17994590163934 0.286931147540984
8.09999999999998 119 5 1.21482166666667 0.387533333333333
14.1000000000003 118 6 1.38545472222222 0.403927222222222
17.116666666667 117 6 1.50077237569061 0.325939226519337
18.1333333333336 117 5 5.84488852459016 0.369080327868852
29.3166666666663 116 6 5.95752786885247 0.600638002980626
37.4499999999992 115 7 7.49954938524591 0.417718442622951
62.8666666666644 115 6 2.55543527868853 0.542413180327869
90.3166666666628 114 7 2.33157449908925 0.477665816636308
97.4333333333291 113 8 0.973832552693208 0.542809601873536
114.716666666661 112 8 0.847644648023143 0.382508293153327
139.933333333337 111 8 0.688365895571713 1.08038281559815
161.933333333354 111 7 1.18258181818182 0.320453787878788
182.933333333371 111 6 1.36300142857143 0.26310373015873
241.933333333418 110 7 0.876545875706211 0.17066093220339
324.050000000034 109 7 0.699205114674247 0.111149117109803
333.200000000026 109 6 0.681754826958104 0.155044262295082
412.499999999954 109 5 0.726254539722573 0.103398255569567
458.249999999912 108 5 0.659725027322403 0.0388817122040073
498.916666666542 107 6 0.884687909836064 0.098655368852459
500.949999999873 107 5 2.35086639344262 0.215008196721312
508.066666666533 106 6 2.34737822014052 0.252447540983607
518.233333333191 106 5 0.756949836065573 0.0545583606557377
542.633333333168 106 4 0.684195286885247 0.0386406420765027
544.6666666665 106 3 0.654704918032787 0.0170532786885246
551.78333333316 105 3 0.680944964871195 0.0456365339578454
554.833333333157 104 4 0.648399453551913 0.089155737704918
600 104 4 0.691736429872494 0.0580893624772313
