# New log 27/04/2014 08:01:16
1 120 8 1.49801833333333 7.08344666666667
5.06666666666665 119 9 1.23751680327869 0.575152049180328
9.10000000000003 119 8 2.1819632231405 0.579738842975207
16.1000000000004 119 7 1.2383969047619 1.50296666666667
27.2833333333331 119 6 0.880152906110283 3.85086825633383
61.8499999999978 119 5 0.913805641272903 6.22613736740598
96.4166666666625 118 6 0.805737945998071 7.0345956123433
99.4666666666623 117 7 0.816851912568306 9.13769180327869
147.933333333343 116 8 0.830968569463547 2.65618400962861
158.933333333352 115 9 0.769744848484847 2.49009075757576
180.933333333369 114 10 0.737445606060606 1.87948840909091
239.933333333416 113 10 0.747783587570622 2.0122597740113
272.200000000081 112 11 0.720472210743802 1.8137493285124
309.816666666714 112 10 0.720548427115641 1.76344040762074
353.53333333334 112 9 0.721087876477317 1.89912847884102
469.433333333235 112 8 0.720186065573775 1.99255783721599
518.233333333191 112 7 0.721744842896176 2.68394453551913
543.649999999834 112 6 0.725495868852459 2.83144734426229
600 112 6 0.727950878220142 2.15997555620609
