# New log 27/04/2014 08:58:17
1 120 8 3.42483666666667 1.29379333333333
9.10000000000003 120 7 2.48528271604938 0.607138271604938
13.1000000000002 120 6 3.44852791666667 0.46074
16.1000000000004 120 5 2.43350833333333 0.308533888888889
22.2 119 6 2.88244508196721 0.442010109289617
25.2499999999998 119 5 2.45481530054645 0.271334426229508
41.5166666666656 118 5 2.47722243852459 0.364922950819672
49.6499999999985 117 6 1.67606209016393 0.555561065573771
53.7166666666649 116 7 2.08464467213115 1.00371270491803
74.0499999999971 116 6 1.63657344262295 0.857056721311475
83.1999999999966 115 7 1.56128961748634 0.645883970856102
88.2833333333296 115 6 1.43391114754098 1.47028295081967
89.2999999999962 115 5 1.40503278688525 1.65302459016393
107.599999999995 115 4 1.42892568306011 0.915961202185792
122.849999999994 114 5 1.40300601092896 0.382613005464481
206.93333333339 114 4 1.3401678493558 0.409836451932607
226.933333333406 114 3 3.46539366666666 0.3401525
482.64999999989 114 2 1.84300193573617 0.208427119859219
508.066666666533 114 1 1.43201081967213 0.0722636721311475
537.54999999984 113 2 1.39441271905031 0.12263697003957
559.916666666486 112 3 1.3118976900149 0.0658893442622951
600 112 3 1.34980668032787 0.0340458196721312
