# New log 27/04/2014 09:00:13
1 120 8 1.823045 0.348965
16.1000000000004 119 9 2.00711401766004 0.362812030905077
19.1500000000002 118 10 3.13961420765027 0.248497267759563
20.1666666666668 118 9 2.82623278688525 0.179344262295082
37.4499999999992 118 8 4.98030212150434 0.459287656702025
46.5999999999986 117 7 3.67105063752277 0.501835154826958
47.6166666666652 116 8 2.04127049180328 0.822619672131148
62.8666666666644 115 9 1.45686306010929 0.892238579234973
67.9499999999974 114 10 1.09486557377049 0.675956393442623
72.0166666666639 114 9 1.00294672131148 0.81702131147541
77.0999999999969 114 8 1.1989 0.429833442622951
87.266666666663 113 8 1.12774 0.734971803278689
89.2999999999962 112 8 1.29420327868852 0.695380327868852
97.4333333333291 112 7 1.0005018442623 1.1197618852459
99.4666666666623 112 6 0.979359836065574 2.19970491803279
100.483333333329 111 7 1.18379180327869 2.06978360655738
107.599999999995 111 6 1.5014943793911 2.62023583138173
135.933333333334 111 5 1.16574435294118 1.07879882352941
194.933333333381 110 6 0.83005697740113 0.209147344632768
196.933333333382 109 7 0.682714166666667 0.0269083333333333
231.93333333341 108 8 0.654373761904762 0.0853394761904762
235.933333333413 107 9 0.735208333333333 0.0770125
236.933333333414 106 10 0.653863333333333 0.0832233333333333
237.933333333415 105 10 0.649658333333333 0.13885
238.933333333416 105 9 0.626688333333333 0.05863
240.933333333417 104 9 0.6273175 0.108341666666667
249.933333333424 103 10 0.630936666666667 0.0781712962962963
254.933333333428 103 9 0.732133 0.160056
263.050000000089 103 8 0.878285010266941 1.12184866529774
274.233333333413 102 9 0.816824143070044 1.25279910581222
284.40000000007 101 10 0.577367540983606 0.520545409836066
366.749999999995 101 9 0.578147885043514 0.226167698846387
406.399999999959 101 8 0.635664859184532 0.0728411937788987
499.933333333207 100 9 0.649113203848893 0.0971887384176764
563.983333333149 100 8 0.581393572729639 0.0738786364819152
600 100 8 0.556887659380691 0.0513668943533698
