# New log 27/04/2014 08:34:50
1 120 8 1.89299 0.702785
5.06666666666665 120 7 1.09975942622951 0.546991393442623
6.08333333333332 120 6 1.34571967213115 0.410122950819672
16.1000000000004 120 5 2.77563943427621 0.586388352745424
19.1500000000002 120 4 4.83737158469946 0.625582513661202
27.2833333333331 119 4 3.18490635245901 0.627440573770492
34.3999999999993 118 5 2.55051615925059 0.282271194379391
38.4666666666658 118 4 3.49738483606557 0.462059426229508
70.9999999999973 118 3 1.5286818647541 0.239417674180328
81.1666666666633 118 2 1.35930393442623 0.464225081967213
94.3833333333293 117 3 1.29379180327869 0.609956998738966
211.933333333394 116 4 1.19474189706508 0.937722827165745
441.98333333326 116 3 0.738714257770053 0.225709997826559
481.633333333224 115 4 1.52831197982345 0.205925598991173
485.699999999887 114 5 2.31412540983606 0.335926229508197
493.833333333213 113 6 2.22676926229508 0.290709426229508
550.766666666494 113 5 0.960124033957845 0.148724912177986
553.816666666492 112 6 0.753226775956284 0.133406557377049
600 112 6 0.725780042765503 0.115515146115467
