# New log 27/04/2014 08:30:31
1 120 8 1.5224 4.29955166666667
6.08333333333332 120 7 1.00307770491803 0.385067213114754
21.1833333333334 119 8 1.41150783664459 0.741179139072848
25.2499999999998 119 7 1.69820450819672 1.81708196721311
32.3666666666661 118 8 1.50483348946136 3.057637470726
39.4833333333324 117 9 2.55072014051522 0.765336299765808
47.6166666666652 116 10 1.81624446721311 1.20277827868852
90.3166666666628 115 10 1.91868598750976 1.9012281030445
93.3666666666627 114 11 1.69275136612022 0.570266120218579
113.699999999995 114 10 1.7608718852459 3.70147057377049
132.933333333331 113 10 1.34866811091855 1.63023379549393
142.933333333339 113 9 1.023105 1.03212983333333
145.933333333342 113 8 1.03156277777778 0.930196111111111
156.93333333335 113 7 1.13468045454545 2.01084333333333
167.933333333359 113 6 1.07972090909091 0.896065303030303
171.933333333362 112 7 1.00879333333333 0.552651666666667
172.933333333363 111 8 1.00275166666667 0.533931666666667
179.933333333369 110 8 1.029795 2.15164642857143
189.933333333377 109 9 1.0375135 0.559127666666667
202.933333333387 108 10 1.03783692307692 0.56831858974359
206.93333333339 108 9 1.00872708333333 0.555455833333333
230.933333333409 107 9 1.02974743055556 0.470478611111111
245.933333333421 106 10 1.00722133333333 0.486589111111111
281.350000000073 105 11 0.999265647058824 0.453774729411765
291.51666666673 104 11 0.998602131147541 0.345069508196721
310.833333333379 103 11 0.997661087144091 0.100653839516825
314.900000000042 103 10 0.99154262295082 0.0427704918032787
315.916666666708 102 11 0.973434426229508 0.0229950819672131
324.050000000034 101 12 0.980636680327869 0.122561680327869
361.666666666666 101 11 0.981199246787771 0.236297696056712
363.699999999998 101 10 0.984134426229508 0.223590163934426
365.733333333329 101 9 0.990541803278688 0.220039344262295
378.949999999984 100 10 0.984906431273646 0.222093190416141
402.333333333296 100 9 0.969563221667853 0.398816535994298
412.499999999954 99 10 0.961886393442623 0.398176393442623
423.683333333277 99 9 0.955677198211623 0.403367213114754
450.116666666586 98 10 0.959276481715008 0.401710907944515
515.183333333193 98 9 1.05469572233607 0.468008119877049
525.349999999851 97 10 0.955192950819672 0.404008524590164
600 97 10 0.959882742578644 0.403226783340718
