# New log 27/04/2014 07:00:46
1 120 8 1.84739333333333 0.448511666666667
11.1000000000001 119 9 1.31951864686469 0.267533498349835
23.2166666666666 119 7 3.09325268225585 0.438455158184319
37.4499999999992 118 8 1.47439274004684 0.444368618266979
38.4666666666658 117 8 1.4429393442623 0.185519672131148
42.5333333333322 116 8 1.43038442622951 0.45817868852459
43.5499999999988 116 7 1.02253442622951 0.502385245901639
56.7666666666647 116 6 1.32011399747793 0.631165069356873
61.8499999999978 115 6 1.09108950819672 0.666885573770492
63.883333333331 114 7 1.12890573770492 0.808980327868852
74.0499999999971 113 8 1.16594295081967 0.80571868852459
77.0999999999969 113 7 0.992403825136612 0.961719672131148
85.2333333333298 113 6 1.02702090163934 0.528249385245902
113.699999999995 112 7 0.912649707259952 0.730079976580796
117.766666666661 111 6 0.783847950819672 0.179981557377049
164.933333333357 111 5 0.988795335689045 0.250470424028269
170.933333333362 111 4 0.624191666666667 0.499223611111111
175.933333333365 111 3 0.644761333333333 0.399477333333333
233.933333333412 110 4 0.713981522988505 0.118453505747126
245.933333333421 109 4 1.36947472222222 0.266711805555556
251.933333333426 109 3 1.37316944444444 0.278412777777778
253.933333333428 108 4 1.31475416666667 0.299819166666667
256.950000000095 108 3 1.4954044198895 0.344809944751381
476.549999999895 107 4 0.658730760473585 0.162128794778385
515.183333333193 106 4 0.597563287316652 0.207902631578947
541.616666666503 106 3 0.619765889029004 0.222714312736444
600 106 3 0.812963312605993 0.234246438665913
