# New log 27/04/2014 06:54:09
1 120 8 1.63021333333333 4.90259166666667
14.1000000000003 119 9 1.37160203562341 1.10383409669211
15.1000000000003 118 9 1.56850833333333 1.92962333333333
18.1333333333336 117 8 1.82709395604396 2.86903131868132
23.2166666666666 117 7 1.49349672131148 2.42698229508197
28.2999999999997 117 6 1.37914098360656 2.46672131147541
45.583333333332 116 7 1.31094339440694 4.74813404050145
57.7833333333313 115 8 1.38279795081967 5.14394480874317
77.0999999999969 114 8 1.26449171699741 5.78340069025022
92.349999999996 113 9 1.29900295081967 5.84222426229508
93.3666666666627 113 8 1.26552295081967 4.97058852459016
96.4166666666625 112 9 1.3057218579235 4.83157322404372
114.716666666661 111 10 1.29266347905282 4.86317258652095
116.749999999995 110 11 1.28062540983607 5.22465081967213
128.933333333328 109 12 1.23766949384405 5.74294336525308
151.933333333346 109 11 1.24937086956522 5.99582992753623
176.933333333366 108 12 1.27807333333334 6.0065834
196.933333333382 108 11 1.25651266666667 6.19986558333333
217.933333333399 107 11 1.2308169047619 7.27005492063492
282.366666666739 106 12 0.794518598034145 6.98230525090533
283.383333333404 106 11 0.757044262295082 7.33243442622951
292.533333333396 105 12 0.786468488160291 7.74100673952641
317.950000000039 105 11 0.762733573770493 8.10886563934426
319.983333333371 105 10 0.739118032786885 7.63361147540984
326.083333333365 104 11 0.887476775956284 7.44114043715847
410.466666666622 103 11 0.766604365000987 7.29613742840213
546.699999999831 102 11 0.752528419378529 4.96396753119648
559.916666666486 102 10 0.738283228247163 1.47365876418663
600 102 10 0.707311024590165 1.64688536885246
