# New log 27/04/2014 08:47:21
1 120 8 1.57615333333333 6.76856
11.1000000000001 120 7 1.52164290429043 1.57848696369637
26.2666666666665 119 8 1.66294010989011 4.0630256043956
46.5999999999986 118 9 0.857948934426228 8.93954
49.6499999999985 118 8 0.847937704918033 12.8583021857924
51.6833333333317 117 9 0.846995081967213 13.0492770491803
66.9333333333308 116 9 0.939135737704917 12.4895184699454
109.633333333328 115 9 1.04432759562842 12.6527385245902
132.933333333331 115 8 0.847578397711016 13.0801638054363
154.933333333349 115 7 0.873718257575758 12.9883093939394
157.933333333351 114 8 0.820758888888889 12.538055
207.933333333391 114 7 0.875854733333333 12.1623940666667
290.500000000064 113 8 0.858023031893417 8.4654021396851
342.350000000017 113 7 0.789604757312759 2.66502468659595
352.516666666675 112 8 0.811061475409836 4.47151213114754
355.566666666672 111 9 0.792790710382514 4.43128415300547
369.799999999992 111 8 0.810401053864169 4.17075889929742
371.833333333324 111 7 0.820395901639344 4.14448606557377
386.066666666644 111 6 0.823607259953162 4.00999449648712
416.566666666616 110 7 0.812740273224044 4.59326398907104
420.633333333279 109 7 0.777369262295082 4.55891926229508
499.933333333207 108 8 0.789778814627996 4.0714097309794
532.466666666511 108 7 0.795500358606558 4.11049077868852
585.33333333313 107 8 0.786337736443883 4.1501934110971
586.349999999795 107 7 0.867445901639344 2.54036065573771
600 107 7 0.764161475409837 2.64777494145199
