# New log 27/04/2014 07:31:22
1 120 8 1.69405833333333 7.34805
26.2666666666665 120 7 0.980940039577837 3.74744432717678
40.499999999999 119 8 0.933068266978921 3.47341557377049
50.6666666666651 118 9 0.851133114754099 3.03546278688525
54.7333333333315 117 10 0.805195081967213 6.04225737704918
75.0666666666637 117 8 0.833605081967214 6.65703590163934
118.783333333328 116 9 0.810597826915746 4.28357190240183
125.899999999994 116 8 0.775968149882905 3.9400168618267
142.933333333339 116 7 0.788438258317025 3.86454755381605
189.933333333377 115 8 0.810784929078016 3.87237035460993
202.933333333387 114 9 0.807001153846154 4.4896967948718
221.933333333402 113 9 0.781751842105263 4.21999114035088
252.933333333427 113 8 0.820252688172041 4.01787
254.933333333428 112 8 0.724311666666667 4.0465825
262.033333333424 111 9 0.721924178403755 4.10825539906103
265.083333333421 111 8 0.716454644808743 4.15535081967213
266.100000000087 111 7 0.720204918032787 4.14578852459016
273.216666666747 110 8 0.889469555035129 4.14062576112412
350.483333333343 109 8 0.749125194132872 4.21560189818809
396.233333333302 108 9 0.722805938069218 3.56960568306011
446.049999999923 108 8 0.724557912345266 3.48530364670458
465.366666666572 107 9 0.716475496117342 3.31806574633305
545.683333333166 106 9 0.702674974061008 3.08900095455489
546.699999999831 106 8 0.694004918032787 2.63509836065574
579.233333333135 105 8 0.696779252049181 2.68035066598361
585.33333333313 104 8 0.687733333333334 2.69536202185792
600 104 8 0.683695737704919 3.21389825136612
