# New log 27/04/2014 06:52:33
1 120 8 1.60291 0.521143333333333
6.08333333333332 119 9 1.09305114754098 0.529093114754098
34.3999999999993 119 8 2.41512207180695 0.931906003531489
37.4499999999992 118 8 2.31530327868852 0.917626775956284
39.4833333333324 118 7 1.36929836065574 0.766868852459016
40.499999999999 118 6 2.10062459016393 0.722067213114754
45.583333333332 118 5 1.4963793442623 1.02975180327869
46.5999999999986 118 4 1.36755245901639 0.82307868852459
48.6333333333319 117 5 2.62230655737705 1.07454180327869
50.6666666666651 116 6 4.31458196721312 1.76531557377049
56.7666666666647 115 7 2.14239316939891 1.98793661202186
63.883333333331 114 8 3.33856885245902 1.5789831381733
70.9999999999973 114 7 2.40767236533958 1.23500608899297
78.1166666666635 113 8 1.58345995316159 1.16887072599532
97.4333333333291 113 7 1.46127756686799 1.49044857635893
185.933333333373 113 6 1.04251369114877 0.576875951035781
225.933333333405 112 7 1.029072375 0.108423666666667
246.933333333422 112 6 0.866962301587301 0.221776825396825
270.16666666675 112 5 0.936122166427547 0.215516068866571
296.600000000059 111 6 2.37612742749054 0.26615580075662
298.63333333339 111 5 2.21704754098361 0.10734262295082
299.650000000056 110 6 2.64547540983607 0.0989590163934426
318.966666666705 110 5 0.6547340811044 0.0482942191544435
330.150000000028 109 5 0.610041430700447 0.0412967213114754
600 109 5 0.626333933193638 0.0537175705657587
