# New log 27/04/2014 06:50:07
1 120 8 3.052695 1.91739833333333
6.08333333333332 119 9 1.93327836065574 1.22098754098361
7.09999999999998 119 8 2.04432950819672 1.16604754098361
8.09999999999998 119 7 1.8713 1.382795
10.1000000000001 119 6 2.07424166666667 0.900173333333333
12.1000000000002 119 5 2.00727333333333 1.00316916666667
29.3166666666663 118 6 4.16960774443369 0.381068925459826
46.5999999999986 118 5 4.73487020250723 0.571503182256509
47.6166666666652 117 5 4.80841967213115 0.286373770491803
48.6333333333319 117 4 4.45198524590164 0.473204918032787
56.7666666666647 117 3 4.48350245901639 1.29686004098361
57.7833333333313 116 4 4.3391606557377 1.42589508196721
81.1666666666633 115 5 3.63536571632217 2.10039187455453
91.3333333333294 115 4 1.99533704918033 2.28259147540984
124.883333333328 114 5 2.36453561847988 1.34427049180328
150.933333333346 113 6 1.70050754958414 0.950693985924504
168.93333333336 113 5 1.53020611111111 0.76076712962963
172.933333333363 113 4 1.4873775 0.541524166666667
179.933333333369 112 5 1.48814023809524 0.442908333333333
199.933333333385 112 4 1.60816975 0.157576666666667
206.93333333339 111 5 1.54624523809524 0.0603192857142857
212.933333333395 110 5 1.54281833333333 0.165546666666667
600 110 5 2.02010444989036 0.237371666881637
