# New log 27/04/2014 08:17:48
1 120 8 1.64498 0.452783333333333
8.09999999999998 120 7 1.77181854460094 0.421467370892019
13.1000000000002 120 6 2.50699833333333 0.403035
15.1000000000003 120 5 2.54394666666667 0.49411
16.1000000000004 119 6 4.61437166666667 0.870105
21.1833333333334 118 7 2.4020137704918 0.798902950819672
22.2 118 6 1.35733934426229 0.420624590163934
46.5999999999986 118 5 1.62764385245902 1.49696113387978
51.6833333333317 117 6 1.19546590163934 1.43737147540984
52.6999999999983 117 5 1.12862786885246 1.61249508196721
56.7666666666647 117 4 1.17774139344262 0.738086065573771
62.8666666666644 117 3 1.25084453551913 0.204159289617486
70.9999999999973 116 4 1.04038770491803 0.545824385245902
81.1666666666633 115 5 1.28698409836066 0.259165245901639
82.18333333333 114 6 1.34032950819672 0.154483606557377
136.933333333334 114 5 0.998418203957383 0.549465936073059
156.93333333335 113 6 0.802403000000001 0.74846125
173.933333333364 112 6 1.90732901960785 0.473536960784314
209.933333333393 112 5 1.42688671296296 0.309238796296296
289.483333333399 112 4 0.717415524827152 0.287934276136602
295.583333333393 112 3 0.660748633879782 0.10994781420765
501.966666666539 111 4 0.665455600419927 0.100108810465961
511.11666666653 110 5 0.660104735883424 0.100702732240437
520.266666666522 110 4 0.652685610200365 0.13098087431694
528.399999999848 109 5 1.17827848360656 0.164424795081967
564.999999999815 108 6 0.67048237704918 0.118511976320583
600 108 6 0.779921358313817 0.126731709601874
