# New log 25/04/2014 04:56:06
1 120 8 1.71590833333333 0.523696666666667
10.1000000000001 120 7 1.54990659340659 0.681270695970696
20.1666666666668 119 8 2.12626804635762 0.480177814569536
25.2499999999998 119 7 2.7072531147541 0.75107737704918
26.2666666666665 118 8 3.59384754098361 0.441406557377049
29.3166666666663 117 9 2.53328961748634 0.377378142076503
31.3499999999995 116 8 1.97040163934426 0.329683606557377
32.3666666666661 116 7 2.40175245901639 0.260113114754098
41.5166666666656 115 8 1.87011639344262 0.410085063752277
48.6333333333319 114 9 2.27630655737705 0.436927400468384
51.6833333333317 113 10 0.967546448087431 0.949092896174863
65.9166666666642 112 11 1.090731264637 0.788810772833724
105.566666666662 111 11 1.28207263556116 0.66025279529214
109.633333333328 111 10 2.05877909836066 0.921301639344262
112.683333333328 110 11 1.88694098360656 1.07532131147541
115.733333333328 109 12 1.81709836065574 0.676141530054645
118.783333333328 108 12 1.18476885245902 0.208238797814208
125.899999999994 108 11 0.839489461358315 0.409344262295082
140.933333333338 108 10 0.75670421286031 1.91959257206208
170.933333333362 107 11 0.797064611111111 0.696868722222222
175.933333333365 107 10 0.664427666666667 0.350964333333333
181.93333333337 106 11 0.682360277777778 0.288023055555556
202.933333333387 105 12 0.722556269841269 0.273423253968254
266.100000000087 105 11 0.631358522427441 0.14879580474934
285.416666666736 104 11 0.624892234685073 0.134657722174288
289.483333333399 103 12 0.993191803278689 0.267273360655738
306.766666666716 102 13 0.66894831243973 0.202000964320154
314.900000000042 102 12 0.647482786885246 0.135161270491803
324.050000000034 101 12 0.600492714025501 0.129603278688525
363.699999999998 101 11 0.591231189575451 0.0912354350567465
368.783333333327 100 12 0.604009508196721 0.0344816393442623
400.299999999965 100 11 0.552165203595981 0.0236314648334215
431.816666666603 99 12 0.557069011105235 0.0313843469063987
452.149999999917 99 11 0.585289098360656 0.0765233606557377
457.233333333246 98 11 0.595117704918033 0.179672131147541
582.283333333132 98 10 0.697917739570837 0.372612888178062
600 98 10 0.58657714025501 0.748648724954463
