# New log 25/04/2014 05:27:21
1 120 8 1.99312333333333 0.43906
6.08333333333332 118 10 1.37684196721312 0.537915409836066
8.09999999999998 118 9 2.0554173553719 0.321017355371901
10.1000000000001 118 8 2.2448875 0.328398333333333
13.1000000000002 118 7 3.08121777777778 0.391970555555556
16.1000000000004 117 8 2.75895944444444 0.385411111111111
22.2 114 10 3.3331262295082 0.78625737704918
24.2333333333332 114 9 2.37646557377049 0.405236885245902
29.3166666666663 113 10 2.63207901639344 0.957935409836066
31.3499999999995 112 11 3.22223360655738 0.480449180327869
36.4333333333325 111 12 3.35322819672131 0.563260655737705
45.583333333332 110 13 3.2927276867031 0.714392349726776
47.6166666666652 109 14 2.76601475409836 0.514627049180328
50.6666666666651 108 15 2.70935737704918 0.677039344262295
63.883333333331 107 16 2.8084474148802 0.72993606557377
72.0166666666639 106 16 1.5417381147541 0.354994262295082
139.933333333337 106 15 0.993419631901841 0.362355754601227
206.93333333339 106 14 0.859194950248758 0.304893308457711
457.233333333246 106 13 1.07941996271142 0.326412498335331
498.916666666542 105 14 1.16732798880448 0.227979568172731
600 105 14 0.824760196721312 0.180094868852459
