# New log 25/04/2014 05:05:07
1 120 8 1.83195333333333 0.894438333333333
19.1500000000002 119 8 4.10568044077135 0.388904591368228
21.1833333333334 118 8 5.77236639344262 0.340784426229508
48.6333333333319 117 7 8.50376296296297 0.807184881602914
49.6499999999985 117 6 4.35034754098361 1.68143442622951
54.7333333333315 117 5 4.39340360655738 1.58647245901639
60.8333333333312 116 5 6.18878196721311 1.5739
88.2833333333296 116 4 5.4222408014572 1.34335452337583
91.3333333333294 116 3 2.99197540983607 0.316248633879781
110.649999999995 115 4 3.1684902502157 0.993177998274374
115.733333333328 114 4 2.40079508196721 1.52691967213115
123.866666666661 113 5 2.34316147540984 1.49412356557377
148.933333333344 112 5 2.59457320478724 0.644878590425532
162.933333333355 112 4 2.45917 0.224472023809524
172.933333333363 112 3 3.426298 0.373950166666667
260.000000000092 111 4 2.70653617917305 0.175041673047473
310.833333333379 111 3 0.643735704918031 0.135316557377049
597.533333333119 111 2 0.683684484362282 0.0547294907568887
600 111 2 0.740154098360656 0.0135918032786885
