# New log 25/04/2014 04:46:50
1 120 8 1.63702333333333 0.431738333333333
6.08333333333332 119 9 1.48828885245902 0.674156393442623
7.09999999999998 119 8 2.79980983606557 0.537150819672131
10.1000000000001 119 7 3.42401611111111 0.325163333333333
17.116666666667 118 8 2.24766983372921 0.301327315914489
19.1500000000002 118 7 1.35023606557377 0.167770491803279
38.4666666666658 117 7 1.71835185504745 0.542195772217429
43.5499999999988 116 7 2.19903147540984 0.347424590163934
45.583333333332 116 6 1.76370737704918 0.40555
51.6833333333317 116 5 1.77908825136612 0.322017213114754
63.883333333331 116 4 1.45678346994535 0.277984699453552
68.966666666664 115 5 1.74591081967213 0.421926557377049
86.2499999999964 115 4 1.57809257473481 0.860843490838959
102.516666666662 115 3 1.53906516393442 1.74436577868852
108.616666666662 115 2 1.49416120218579 1.17788415300546
134.933333333333 114 3 1.46943407219759 1.17691025965801
170.933333333362 113 3 0.91361587962963 0.643898333333333
214.933333333397 112 3 0.864252310606058 0.431063522727273
252.933333333427 112 2 0.750630570175436 0.215566842105263
389.116666666641 112 1 1.05089856810672 0.259430228858157
397.249999999967 111 1 1.40513401639344 0.276247950819672
521.283333333188 110 2 1.43590859983875 0.247967764041924
597.533333333119 109 3 0.720367781420763 0.19747337704918
599.56666666645 108 4 0.628626229508197 0.169723770491803
600 108 4 0.580362295081967 0.156511475409836
