# New log 25/04/2014 05:47:44
1 120 8 1.85568333333333 0.56231
6.08333333333332 120 7 2.67913278688525 0.598890819672131
8.09999999999998 120 6 2.26599090909091 0.640838842975207
10.1000000000001 120 5 2.2480725 1.22553
12.1000000000002 119 6 2.15416833333333 0.370461666666667
17.116666666667 119 5 4.79944750830565 0.260067774086379
24.2333333333332 119 4 5.3276243559719 0.685706557377049
30.3333333333329 118 5 4.68721557377049 0.293633333333333
47.6166666666652 117 5 5.64943992285439 0.573871648987464
55.7499999999981 116 5 4.72231516393443 0.291681147540984
58.7999999999979 116 4 4.30647650273224 0.623125683060109
146.933333333342 115 4 1.53949684190621 0.266168854009077
157.933333333351 115 3 0.668672878787878 0.375533333333333
205.933333333389 115 2 0.701017916666664 0.187561875
333.200000000026 114 3 0.572539130434781 0.0498318622315348
381.999999999981 113 4 0.567521174863388 0.034097131147541
396.233333333302 113 3 0.595381967213115 0.0242814988290398
436.899999999931 113 2 0.586252500000001 0.0324943852459016
600 113 2 0.602703696161288 0.0430105997352612
