# New log 25/04/2014 04:44:55
1 120 8 2.94236166666667 1.48902833333333
6.08333333333332 119 9 1.80113081967213 0.905994426229508
8.09999999999998 119 8 3.30124297520661 0.821431404958678
9.10000000000003 118 8 3.76735 1.05874333333333
10.1000000000001 118 7 2.930075 0.586781666666667
13.1000000000002 118 6 4.19603277777778 0.491794444444444
14.1000000000003 117 6 3.30281 0.35871
18.1333333333336 116 6 3.99598388429752 0.311730991735537
29.3166666666663 116 4 3.27699388971684 0.483950372578241
33.3833333333327 115 4 2.248625 0.229915983606557
45.583333333332 115 3 1.821806284153 0.232371994535519
101.499999999996 115 2 1.38341344262295 0.981252011922504
124.883333333328 114 3 1.6782925873129 1.77171176051319
146.933333333342 113 4 1.42261292517007 0.99321783824641
159.933333333353 113 3 1.4071017948718 1.46345153846154
161.933333333354 113 2 1.41089833333333 1.4554
166.933333333358 112 3 1.635688 1.650297
184.933333333373 111 3 1.37988712962963 1.30894740740741
243.93333333342 110 3 1.33418915254237 1.44212468926554
520.266666666522 109 4 1.32822727985524 0.271696290711701
521.283333333188 109 3 1.39104918032787 0.192537704918033
525.349999999851 108 4 1.32460942622951 0.147
527.383333333182 107 5 1.30988852459016 0.148854098360656
558.89999999982 106 6 1.30216969857219 0.160529032258065
600 106 6 1.31916801279488 0.165684966013595
