# New log 25/04/2014 05:25:26
1 120 8 3.27421833333334 0.629456666666667
5.06666666666665 120 6 1.9475 0.281977049180328
6.08333333333332 120 5 2.5388606557377 0.34635737704918
8.09999999999998 119 5 2.87683801652893 0.233746280991736
9.10000000000003 119 4 2.12396666666667 0.317795
13.1000000000002 118 5 2.69180166666667 0.40362875
26.2666666666665 117 4 2.20873810126582 0.339712658227848
45.583333333332 117 3 2.40820500431406 0.577656341673857
95.3999999999959 116 4 1.92947443961191 1.03641816661091
106.583333333329 116 3 1.47801535022355 0.328809687034277
111.666666666662 115 4 1.43223639344262 0.574847868852459
174.933333333365 115 3 1.58784625922024 0.281472260273973
201.933333333386 114 4 2.46390222222222 0.227411481481481
202.933333333387 113 5 2.16200666666667 0.150765
278.300000000076 112 6 1.62333609022556 0.13646753648828
347.433333333346 111 6 1.2865318707811 0.0554044840887175
356.583333333338 111 5 1.30649635701275 0.054571766848816
363.699999999998 110 5 1.30365971896956 0.0466414519906323
375.899999999987 109 6 1.26434262295082 0.0646243169398907
481.633333333224 109 5 1.36191516393443 0.0966494640605296
501.966666666539 109 4 1.39025 0.166487213114754
505.016666666536 108 4 1.42753278688525 0.78453606557377
517.216666666525 108 3 1.35567677595628 0.147435655737705
527.383333333182 107 4 1.3588431147541 0.0925434426229508
556.866666666489 106 5 1.35744505370266 0.0997308083663087
562.966666666483 106 4 1.36525655737705 0.129137704918033
589.399999999793 105 4 1.38524249684741 0.111191551071879
590.416666666458 105 3 1.3198393442623 0.0515295081967213
600 105 3 1.34249754098361 0.0745827868852459
