# New log 25/04/2014 05:45:48
1 120 8 3.85641333333333 1.385205
5.06666666666665 120 7 2.53250245901639 0.562729508196721
8.09999999999998 120 6 1.74037087912088 0.420452747252747
10.1000000000001 119 7 1.56346666666667 0.242110833333333
12.1000000000002 119 6 4.58002583333334 0.339495833333333
15.1000000000003 118 6 7.00464833333333 0.371402222222222
20.1666666666668 118 5 6.77584934210526 0.315378289473684
23.2166666666666 118 4 7.42456284153005 0.315820765027322
25.2499999999998 117 5 8.07541639344262 0.385124590163934
50.6666666666651 116 5 7.18199396721311 1.19981324590164
74.0499999999971 115 6 4.6945028510335 1.08269080541696
95.3999999999959 115 5 1.6078418423107 0.609761592505855
105.566666666662 114 5 1.43499278688525 0.287160655737705
177.933333333367 113 6 1.36779682174113 0.210952441271304
316.933333333374 113 5 1.1994728057554 0.0945867865707434
347.433333333346 113 4 1.22304480874317 0.0807909289617486
408.433333333291 112 4 1.25697693989071 0.101577841530055
420.633333333279 111 4 1.26759330601093 0.139471721311475
550.766666666494 111 3 1.26336643186476 0.102177049180328
600 111 3 1.31413914352626 0.108638307126129
