# New log 25/04/2014 05:31:21
1 120 8 3.27888666666667 0.619101666666667
4.04999999999999 120 7 1.75802021857924 0.177547540983607
5.06666666666665 119 8 2.74270819672131 0.237916393442623
6.08333333333332 119 7 1.92428524590164 0.227529508196721
7.09999999999998 118 8 1.75876393442623 0.186550819672131
8.09999999999998 117 7 1.51900666666667 0.101386666666667
17.116666666667 117 6 2.5452865064695 0.294375970425139
18.1333333333336 116 5 2.98901475409836 0.348577049180328
22.2 115 6 4.43500368852459 0.379378278688525
26.2666666666665 114 6 2.50265901639344 0.20824262295082
31.3499999999995 113 6 2.48581245901639 0.253958032786885
32.3666666666661 112 6 3.86186557377049 0.809091803278689
37.4499999999992 111 5 2.85724229508197 0.788694426229508
39.4833333333324 111 4 2.33720245901639 0.526124590163934
52.6999999999983 111 3 2.22258612862547 0.613910592686003
108.616666666662 110 4 2.38285952309985 1.43505695976155
129.933333333329 110 3 2.1325461297889 1.27713440187647
147.933333333343 108 5 1.97073712962963 1.35847185185185
600 108 5 1.87780809308148 0.383452932729482
