# New log 27/04/2014 06:29:57
1 96 32 2.95216666666667 1.04032833333333
4.04999999999999 96 31 1.68126010928962 0.165671038251366
5.06666666666665 93 33 1.54712459016393 0.164545901639344
6.08333333333332 93 31 1.33751803278689 0.121111475409836
7.09999999999998 92 31 2.37445409836066 0.231390163934426
8.09999999999998 92 30 2.19936166666667 0.134758333333333
12.1000000000002 92 29 2.521805 0.291372083333333
16.1000000000004 92 28 3.24936291666667 0.337908333333333
17.116666666667 92 26 2.97090491803279 0.38897868852459
18.1333333333336 92 25 2.51170491803279 0.601981967213115
20.1666666666668 91 25 2.03226639344262 0.407674590163934
22.2 90 25 2.01444344262295 0.240932786885246
24.2333333333332 89 26 2.51460245901639 0.284353278688525
32.3666666666661 89 25 3.36938135245902 0.36866393442623
34.3999999999993 87 27 3.34723114754098 0.226796721311475
35.4166666666659 87 26 2.98945573770492 0.294477049180328
36.4333333333325 86 27 2.07054918032787 0.309727868852459
38.4666666666658 86 26 1.62166475409836 0.281233606557377
39.4833333333324 85 27 2.18620655737705 0.189647540983607
42.5333333333322 85 26 1.87163825136612 0.321369398907104
44.5666666666654 85 25 2.47521475409836 0.392616393442623
45.583333333332 84 26 1.46343606557377 0.177014754098361
54.7333333333315 84 25 1.5405116575592 0.21172422586521
55.7499999999981 84 24 1.48353606557377 0.462086885245902
65.9166666666642 83 24 1.47434803278688 0.945435081967213
78.1166666666635 83 23 1.60576270491803 0.924462568306011
80.1499999999967 82 24 1.84390901639344 0.635609016393443
82.18333333333 81 25 2.37373032786885 0.695986885245902
90.3166666666628 80 26 2.18249385245902 0.741075819672131
91.3333333333294 80 25 2.45593278688525 0.355629508196721
116.749999999995 80 24 1.74228308196721 0.279811672131148
117.766666666661 80 23 1.43481967213115 0.274919672131148
121.833333333328 79 23 1.27881393442623 0.313954918032787
122.849999999994 79 22 1.3158262295082 0.30236393442623
125.899999999994 78 23 1.91107923497268 0.321325136612022
129.933333333329 77 23 1.99715165289256 0.280642561983471
131.93333333333 76 24 1.29175916666667 0.233325
145.933333333342 76 23 1.74297261904762 0.668139523809524
146.933333333342 75 23 2.87967666666667 1.32186666666667
150.933333333346 75 22 3.01516041666667 1.0644625
151.933333333346 75 21 2.15050166666667 1.017205
158.933333333352 74 22 2.01946071428571 1.03864833333333
172.933333333363 73 22 1.79126797619048 0.83891619047619
258.983333333426 73 21 1.24432852992446 0.772836800309897
260.000000000092 72 21 1.1581393442623 0.831104918032787
276.266666666744 72 20 1.14343022540983 0.484556454918033
281.350000000073 71 21 1.1744137704918 0.479826885245902
290.500000000064 70 21 1.14233606557377 0.500254098360656
311.850000000045 69 21 1.11703067915691 0.489702576112412
367.766666666661 69 20 1.10043713859911 0.763978390461997
374.883333333321 69 19 1.096337470726 0.769593676814988
375.899999999987 69 18 1.12957049180328 0.448611475409836
418.599999999948 68 17 1.09051295862607 0.537808548009368
457.233333333246 68 16 1.08051276962899 0.587898058671268
498.916666666542 68 15 1.11986925229908 1.3614469012395
563.983333333149 68 14 1.11541946721311 1.47266234631148
600 68 14 1.15107149362477 1.42240259562842
