# New log 27/04/2014 06:32:02
1 96 32 1.73119166666667 0.53158
4.04999999999999 95 32 0.907333333333334 0.498870491803279
5.06666666666665 93 33 1.10635081967213 0.735034426229508
6.08333333333332 92 33 0.932295081967213 0.225786885245902
7.09999999999998 91 34 1.15173278688525 0.212396721311475
8.09999999999998 91 33 1.22196166666667 0.380571666666667
9.10000000000003 90 34 0.91265 0.567298333333333
11.1000000000001 90 33 0.916185 2.75596916666667
12.1000000000002 89 34 0.698858333333333 0.038065
14.1000000000003 88 35 1.00479833333333 0.484978333333333
17.116666666667 87 35 1.00901988950276 0.64215138121547
19.1500000000002 86 36 0.878455737704918 0.145331967213115
20.1666666666668 85 37 1.55099508196721 0.212040983606557
22.2 85 36 1.69959016393443 0.306909836065574
23.2166666666666 83 36 3.74549180327869 1.53321639344262
24.2333333333332 83 35 3.60018360655738 0.680911475409836
25.2499999999998 82 36 3.45336557377049 0.480362295081967
27.2833333333331 81 37 1.61438114754098 0.193798360655738
30.3333333333329 81 36 1.58279726775956 0.183436612021858
32.3666666666661 78 38 1.37014262295082 0.228254098360656
33.3833333333327 77 39 1.41869836065574 0.979393442622951
36.4333333333325 76 38 1.26609836065574 0.364106010928962
37.4499999999992 76 37 0.938272131147541 0.236052459016393
39.4833333333324 75 37 0.811485245901639 0.199068852459016
40.499999999999 75 36 1.01464426229508 0.262949180327869
41.5166666666656 75 35 0.736703278688524 1.15838852459016
42.5333333333322 74 35 1.12220983606557 0.167870491803279
43.5499999999988 73 34 1.35656557377049 0.293485245901639
45.583333333332 73 33 1.46081639344262 0.493940983606557
49.6499999999985 71 34 0.918653278688525 0.218068852459016
50.6666666666651 70 33 0.997572131147541 0.18886393442623
51.6833333333317 70 32 0.903473770491803 0.22544262295082
55.7499999999981 69 32 0.864732786885247 0.208408606557377
64.8999999999976 68 32 0.802038615664846 0.179011657559199
66.9333333333308 67 32 0.618369672131148 1.23477704918033
67.9499999999974 66 32 0.603362295081967 0.256773770491803
70.9999999999973 65 33 0.908614207650274 0.402322404371585
77.0999999999969 64 34 0.923476502732242 0.354908469945355
79.1333333333301 63 34 0.60607131147541 0.497653278688525
82.18333333333 63 33 0.575741530054645 0.0274606557377049
83.1999999999966 62 34 0.58776393442623 0.0590803278688525
84.2166666666632 62 33 0.614214754098361 0.0492540983606557
86.2499999999964 62 32 0.650158196721312 0.110240163934426
95.3999999999959 61 33 0.576440072859745 0.40754189435337
111.666666666662 60 34 0.659156659836066 0.164713012295082
115.733333333328 59 34 0.554988114754098 0.140153278688525
117.766666666661 58 34 0.574161475409836 0.0935065573770492
119.799999999994 57 35 0.519843442622951 0.0869836065573771
134.933333333333 55 36 0.61756563876652 0.222878303964758
138.933333333336 54 36 0.532690416666667 0.0767141666666667
140.933333333338 53 35 0.493070833333333 0.0675375
144.933333333341 53 34 0.514330833333333 0.08901375
152.933333333347 51 35 0.614877916666667 0.213547708333333
156.93333333335 50 35 0.5699725 0.172855416666667
157.933333333351 49 36 0.543893333333333 0.153443333333333
159.933333333353 48 37 0.48419 0.115214166666667
174.933333333365 48 36 0.405217 0.0586097777777778
181.93333333337 47 37 0.436181190476191 0.197346428571429
209.933333333393 45 38 0.524490595238095 0.0765003571428571
212.933333333395 44 39 0.39252 0.13744
222.933333333403 43 40 0.390081333333333 0.105247333333333
236.933333333414 42 41 0.344751428571428 0.107430238095238
241.933333333418 42 40 0.349484333333333 0.122200333333333
247.933333333423 41 41 0.3438075 0.127111666666667
295.583333333393 41 40 0.340489401888772 0.0829453655124169
378.949999999984 40 41 0.328369652139146 0.0666134346261495
381.999999999981 39 42 0.334485245901639 0.0397568306010929
386.066666666644 38 42 0.327234836065574 0.0514885245901639
476.549999999895 37 42 0.318986885245902 0.0419673788911402
521.283333333188 37 41 0.306191169895678 0.041424478390462
523.316666666519 37 40 0.309383606557377 0.0390672131147541
533.483333333177 36 40 0.311387049180328 0.0411450819672131
600 36 40 0.301933581718826 0.0407326378539493
