# New log 27/04/2014 06:28:00
1 96 32 1.41364333333333 5.73333666666667
3.03333333333333 95 33 0.823872131147541 0.48054262295082
4.04999999999999 95 32 0.821511475409836 2.09645409836066
5.06666666666665 94 33 1.56289016393443 1.37862295081967
8.09999999999998 92 35 0.707295604395604 1.00663241758242
9.10000000000003 91 36 0.681526666666667 0.267206666666667
10.1000000000001 90 37 0.66173 0.241756666666667
11.1000000000001 89 38 0.570558333333333 0.23453
14.1000000000003 89 36 0.639810555555556 0.542388333333333
16.1000000000004 88 37 0.688849166666667 1.37673166666667
17.116666666667 87 38 0.662895081967213 0.531209836065574
19.1500000000002 86 38 0.614090163934426 2.19066393442623
20.1666666666668 85 38 0.718368852459016 6.33480983606557
24.2333333333332 84 39 0.665552049180328 5.11467704918033
26.2666666666665 83 39 0.598636885245902 4.83345737704918
30.3333333333329 81 40 0.617970491803279 6.08767418032787
31.3499999999995 81 39 0.561750819672131 6.59697049180328
33.3833333333327 80 39 0.592689344262295 6.82002868852459
37.4499999999992 80 38 0.627675819672131 8.91338319672131
38.4666666666658 79 39 0.636891803278689 8.48376065573771
51.6833333333317 79 38 0.610152963430012 8.55122143757882
54.7333333333315 77 40 0.633451912568306 9.01760765027323
55.7499999999981 77 39 0.645203278688525 8.56152459016394
59.8166666666646 76 40 0.62793524590164 8.65208360655738
65.9166666666642 75 40 0.605606284153006 8.83286830601093
72.0166666666639 74 41 0.577815573770492 6.25780901639344
77.0999999999969 74 40 0.563392459016394 6.7224337704918
91.3333333333294 73 40 0.772576932084309 7.28823466042155
93.3666666666627 71 42 2.29351885245902 5.84928606557377
99.4666666666623 70 42 1.28791174863388 8.92478551912568
104.549999999995 69 42 0.47611868852459 8.85063737704918
107.599999999995 68 43 0.481208743169399 8.86954316939891
111.666666666662 67 43 0.486224180327869 9.35244262295082
134.933333333333 66 44 0.502798710601719 4.89396053008596
136.933333333334 66 43 0.432771666666667 4.42373583333333
137.933333333335 65 44 0.466386666666667 2.34754666666667
141.933333333338 64 45 0.404592083333334 0.346707916666667
144.933333333341 63 46 0.420204444444444 0.312607777777778
145.933333333342 63 45 0.407478333333333 0.44443
158.933333333352 62 46 0.459255769230769 1.36954371794872
172.933333333363 62 45 0.499367142857143 0.594400238095238
181.93333333337 62 44 0.413482777777778 0.586784259259259
201.933333333386 62 43 0.434233583333332 0.433510666666667
203.933333333388 62 42 0.512219166666667 0.353539166666667
207.933333333391 61 42 0.416363333333333 0.29237375
224.933333333404 60 43 0.457433529411764 0.482874607843137
235.933333333413 59 43 0.425865303030303 0.424832727272727
244.93333333342 59 42 0.413801851851852 0.23312962962963
279.316666666741 58 43 0.407693698497335 0.141546097915657
292.533333333396 57 44 0.420636696090794 0.0323249684741488
298.63333333339 56 44 0.385031420765027 0.0220174863387978
302.700000000053 56 43 0.390763524590164 0.0181672131147541
304.733333333385 55 44 0.389213934426229 0.0192459016393443
305.750000000051 55 43 0.395098360655738 0.0705524590163934
310.833333333379 55 42 0.393704590163934 0.330579344262295
316.933333333374 54 42 0.373171584699454 0.384411202185792
317.950000000039 54 41 0.380395081967213 0.331352459016393
330.150000000028 53 41 0.37880587431694 0.0564959016393443
357.600000000003 53 40 0.370355798421373 0.137747905282332
387.08333333331 52 41 0.369529282080272 0.41551724137931
437.916666666597 51 42 0.368520196721311 0.271088885245902
468.416666666569 50 42 0.358649398907104 0.240847486338798
582.283333333132 50 41 0.339665427400468 0.234853234777518
600 50 41 0.341123770491803 0.237660200364299
