# New log 27/04/2014 06:18:26
1 96 32 1.50777 5.44969666666667
5.06666666666665 94 34 0.868449180327869 1.1093893442623
6.08333333333332 93 35 0.62475737704918 2.97154098360656
11.1000000000001 92 36 0.661645182724252 6.62786378737542
13.1000000000002 91 36 0.657135 7.84882083333333
14.1000000000003 91 35 0.688275 6.45811666666667
17.116666666667 90 35 0.639317127071824 5.46217071823204
23.2166666666666 90 34 1.16279672131148 3.76132704918033
26.2666666666665 90 33 1.04522732240437 3.64862896174863
29.3166666666663 89 33 1.42785300546448 3.84591147540984
30.3333333333329 88 34 0.833573770491803 3.55186557377049
31.3499999999995 87 35 1.42574754098361 2.95906721311475
33.3833333333327 86 36 0.701889344262295 3.69280081967213
35.4166666666659 86 35 0.714359016393443 3.66284098360656
36.4333333333325 85 36 0.592047540983607 3.72351475409836
37.4499999999992 85 35 0.569995081967213 3.46339672131148
38.4666666666658 84 36 0.649445901639344 3.82613442622951
42.5333333333322 84 35 0.589780327868853 3.99607827868852
44.5666666666654 83 36 0.818530327868852 3.51941229508197
50.6666666666651 82 36 0.729791803278688 2.96097841530055
52.6999999999983 81 37 0.774453278688525 2.80406475409836
53.7166666666649 80 37 0.677847540983607 2.90395737704918
70.9999999999973 80 36 0.620903857280617 2.78722150433944
73.0333333333305 79 37 0.60019262295082 2.59251147540984
75.0666666666637 78 37 0.659803278688524 2.99506475409836
81.1666666666633 77 37 0.907262295081968 2.72987349726776
84.2166666666632 76 38 0.604653005464481 2.52672240437159
89.2999999999962 75 39 0.567658360655737 2.6087662295082
98.4499999999957 74 39 0.591349180327869 4.35115336976321
104.549999999995 74 38 0.619407377049181 3.51780136612022
106.583333333329 73 39 0.586331967213115 4.73867786885246
119.799999999994 72 40 0.576113619167717 2.18897805800757
123.866666666661 70 42 0.583034836065574 1.48550081967213
126.916666666661 70 41 0.585049726775956 1.55606994535519
130.93333333333 70 40 0.529572614107884 1.60815560165975
133.933333333332 69 41 0.530577777777778 1.50391611111111
135.933333333334 68 42 0.51188 1.48987583333333
136.933333333334 67 43 0.690095 1.62312166666667
140.933333333338 66 43 0.54245625 1.76228875
142.933333333339 65 44 0.6420175 1.3664925
149.933333333345 64 45 0.526475 1.50981166666667
151.933333333346 64 44 0.490376666666667 1.51082666666667
154.933333333349 63 44 0.503110555555556 1.72042777777778
160.933333333354 61 45 0.507144722222222 2.376325
163.933333333356 60 45 0.606327222222222 1.92389611111111
164.933333333357 60 44 0.435926666666667 1.71364666666667
170.933333333362 59 44 0.441995833333334 1.64240111111111
171.933333333362 58 44 0.453578333333333 1.307565
178.933333333368 56 46 0.428405714285714 1.32637071428571
184.933333333373 56 45 0.4235875 1.35074388888889
195.933333333381 55 46 0.431014696969697 1.47523742424242
216.933333333398 54 47 0.429630079365079 1.54947301587302
233.933333333412 53 48 0.40725431372549 1.4995337254902
244.93333333342 52 48 0.394566363636364 1.4948246969697
247.933333333423 50 49 0.356488888888889 1.44541833333333
260.000000000092 49 50 0.377096132596686 1.58231850828729
268.133333333418 48 51 0.392236680327869 3.28670778688525
276.266666666744 48 50 0.366148565573771 2.83994200819672
279.316666666741 47 50 0.356371584699454 2.08124699453552
281.350000000073 46 50 0.366281967213115 1.99219180327869
283.383333333404 45 51 0.370875409836066 1.99868770491803
287.450000000067 44 51 0.357288524590164 1.83625819672131
290.500000000064 42 52 0.337251366120218 1.70832349726776
293.550000000062 42 51 0.322330054644809 1.69208743169399
302.700000000053 41 52 0.336844262295082 1.54124207650273
354.550000000006 41 51 0.307717486338798 1.51497798135648
361.666666666666 40 52 0.304011007025761 1.9101718969555
364.716666666664 39 53 0.289934426229508 2.64695956284153
381.999999999981 38 53 0.286699903567985 2.61530337512054
461.299999999909 37 54 0.288002248844052 2.66662059688945
470.449999999901 37 53 0.282755555555555 2.60924936247723
498.916666666542 36 53 0.278506323185012 2.60309402810304
508.066666666533 35 53 0.275764298724954 2.85642222222222
600 35 53 0.271870455773735 2.24847150063052
