# New log 27/04/2014 06:20:47
1 96 32 2.97784 0.698988333333333
3.03333333333333 96 31 1.86709180327869 0.156464754098361
4.04999999999999 96 29 1.61113114754098 1.85624754098361
6.08333333333332 95 29 2.70488524590164 0.707263114754098
7.09999999999998 95 28 2.48613442622951 0.55954262295082
8.09999999999998 95 27 2.472605 0.474628333333333
13.1000000000002 94 28 2.74978233333333 0.636435666666667
15.1000000000003 93 28 4.0620225 0.258666666666667
16.1000000000004 92 28 2.73585666666667 0.0623216666666667
17.116666666667 92 26 3.84494098360656 0.184122950819672
20.1666666666668 92 25 4.03117650273224 0.339127868852459
26.2666666666665 92 24 4.1256218579235 0.327534153005465
28.2999999999997 91 25 4.42169262295082 0.25940737704918
29.3166666666663 90 26 4.54161967213115 0.152427868852459
30.3333333333329 89 26 4.04669016393443 0.122749180327869
38.4666666666658 89 25 5.10656290983607 0.380109016393443
42.5333333333322 88 25 4.14874836065573 0.399002868852459
46.5999999999986 87 26 4.01282704918033 0.303568032786885
47.6166666666652 86 27 3.98104918032787 0.28296393442623
48.6333333333319 85 27 3.30753114754098 0.128904918032787
53.7166666666649 84 28 2.86804721311475 0.155852786885246
55.7499999999981 83 29 2.92481967213115 0.189346721311475
65.9166666666642 83 28 2.82437491803279 0.143662786885246
74.0499999999971 83 26 2.69159344262295 0.281945081967213
79.1333333333301 83 25 2.65046852459017 0.497067868852459
90.3166666666628 82 25 2.62323219076006 0.19477436661699
94.3833333333293 82 24 1.81685204918033 0.293783606557377
102.516666666662 82 23 1.08872540983606 0.145302868852459
104.549999999995 81 24 1.14482540983607 0.0683508196721312
114.716666666661 80 25 1.09696852459016 0.0443259016393443
170.933333333362 79 26 1.05477293210792 0.109426534242514
176.933333333366 79 25 1.36233 0.451661944444444
258.983333333426 78 26 1.09265474304286 0.191659029047329
263.050000000089 77 27 1.12151680327869 0.0917286885245902
265.083333333421 76 27 1.13592704918033 0.0490385245901639
282.366666666739 76 26 1.06588900675024 0.07345506268081
308.800000000048 76 25 1.05560920554855 0.131731399747793
395.216666666636 75 26 1.13278428158149 0.493104455159113
410.466666666622 75 25 1.07196885245902 0.104906557377049
491.799999999881 75 24 1.06662594262295 0.0509184221311475
505.016666666536 75 23 1.04978474148802 0.0244213114754098
518.233333333191 75 22 1.039310592686 0.0167547288776797
542.633333333168 74 22 1.0529349726776 0.279204234972678
543.649999999834 73 22 1.08041967213115 0.00232295081967213
545.683333333166 72 22 1.03709426229508 0.00219426229508197
552.799999999826 72 21 1.03873325526932 0.0194007025761124
553.816666666492 72 20 1.06004426229508 0.00179508196721311
554.833333333157 71 21 1.13416393442623 0.168481967213115
600 71 21 1.02551296903461 0.0173378142076503
