# New log 27/04/2014 06:22:30
1 96 32 1.75216166666667 0.368913333333333
4.04999999999999 95 33 0.9197043715847 0.272225683060109
5.06666666666665 94 34 0.894752459016393 0.168452459016393
6.08333333333332 94 32 1.72555081967213 0.319380327868853
7.09999999999998 93 33 5.15173606557377 0.261650819672131
8.09999999999998 93 32 7.72230833333333 0.26162
9.10000000000003 92 33 8.61167 0.377126666666667
10.1000000000001 92 32 6.68193 0.352851666666667
12.1000000000002 91 32 6.440785 0.8162625
14.1000000000003 90 33 2.77582083333334 0.304355
17.116666666667 89 34 3.01997127071823 0.394904419889503
20.1666666666668 88 34 2.66962677595629 0.695271584699454
22.2 88 32 2.14427131147541 0.191339344262295
23.2166666666666 88 30 1.56827704918033 0.201554098360656
26.2666666666665 88 29 2.57527431693989 0.39360218579235
29.3166666666663 87 28 3.82462950819672 1.6430174863388
30.3333333333329 86 28 3.0970737704918 0.706998360655738
31.3499999999995 85 29 2.76899180327869 0.973598360655738
32.3666666666661 84 30 1.56209180327869 1.73440163934426
33.3833333333327 83 31 1.00899344262295 0.0860114754098361
37.4499999999992 83 30 2.41077090163935 0.192754098360656
38.4666666666658 83 29 3.02664754098361 0.198008196721311
40.499999999999 81 30 1.87085983606557 0.212554098360656
42.5333333333322 81 29 1.40869180327869 0.191990983606557
44.5666666666654 79 30 1.2075368852459 0.627006557377049
45.583333333332 78 31 1.01039016393443 0.195191803278689
47.6166666666652 77 32 0.76914262295082 0.129745901639344
53.7166666666649 76 33 1.16161666666667 0.173445901639344
64.8999999999976 76 32 1.96429299552906 0.444987332339791
68.966666666664 75 31 1.0885131147541 0.474407786885246
69.9833333333306 74 32 0.883775409836066 0.398324590163934
73.0333333333305 73 31 0.865142076502732 0.973004918032787
74.0499999999971 73 30 1.31310163934426 0.122334426229508
78.1166666666635 72 31 0.791997950819672 0.23718237704918
85.2333333333298 71 31 0.945620140515223 0.708773536299766
89.2999999999962 71 30 0.677098360655738 0.475299180327869
94.3833333333293 71 29 0.639998360655738 0.194633770491803
103.533333333329 70 29 0.689364480874316 0.167220765027322
104.549999999995 69 30 0.58637868852459 0.0535852459016393
125.899999999994 69 29 0.627613427010149 0.368132864949258
126.916666666661 68 29 0.937447540983607 0.374767213114754
134.933333333333 67 30 0.742329937629937 0.164319958419958
148.933333333344 66 30 0.572991785714287 0.113295
151.933333333346 65 31 0.543027222222222 0.0716111111111111
152.933333333347 64 32 0.491501666666667 0.02444
158.933333333352 63 32 0.503346666666667 0.101613055555556
169.933333333361 62 33 0.496500303030303 0.0526110606060606
171.933333333362 61 33 0.515536666666667 0.0721083333333333
172.933333333363 61 32 0.403336666666667 0.0169583333333333
175.933333333365 60 33 0.429582222222222 0.0268333333333333
179.933333333369 59 34 0.483291666666667 0.123742916666667
185.933333333373 59 33 0.419070277777778 0.0310063888888889
188.933333333376 58 34 0.415515555555555 0.0268733333333333
199.933333333385 57 35 0.983356060606061 0.0787630303030303
216.933333333398 57 34 0.386964411764706 0.0461482352941177
223.933333333404 56 34 0.383879761904762 0.0543495238095238
229.933333333408 55 34 0.365061944444445 0.0418263888888889
236.933333333414 54 34 0.357520952380952 0.00626309523809524
243.93333333342 54 33 0.345764047619048 0.0435838095238095
246.933333333422 53 34 0.330245555555556 0.00395277777777778
307.783333333382 52 35 0.32467529443988 0.020274171459874
311.850000000045 51 36 0.331597540983606 0.00526639344262295
316.933333333374 50 37 0.313640655737705 0.000818688524590164
321.000000000037 49 38 0.309413934426229 0.00473483606557377
324.050000000034 48 38 0.311706557377049 0.41349781420765
331.166666666694 47 38 0.28376112412178 0.00127658079625293
353.53333333334 46 39 0.285628763040238 0.00310767511177347
358.616666666669 45 39 0.27885737704918 0.000605573770491803
415.549999999951 44 40 0.273321487119438 0.00508173302107728
436.899999999931 43 40 0.292370804059328 0.00585105386416862
441.98333333326 43 39 0.267931147540984 0.000747540983606557
538.566666666506 43 38 0.281344607420188 0.0333555823986195
591.433333333124 43 37 0.297368600252206 0.0182151008827238
597.533333333119 43 36 0.337996174863388 0.0865628415300547
600 43 36 0.30875737704918 0.00130327868852459
