# New log 27/04/2014 06:15:53
1 96 32 2.97178666666667 1.2974
5.06666666666665 96 30 1.61186106557377 0.736383196721311
9.10000000000003 95 31 1.8402632231405 0.577856198347108
10.1000000000001 94 32 2.14088833333333 0.425098333333333
14.1000000000003 94 31 2.46338125 0.547747083333333
15.1000000000003 94 30 1.92878333333333 0.464221666666667
16.1000000000004 94 29 2.014825 0.30432
17.116666666667 92 31 1.89445901639344 0.513004918032787
21.1833333333334 91 31 2.16976393442623 0.456341393442623
22.2 90 32 1.8104262295082 0.361514754098361
25.2499999999998 90 31 1.93212404371585 0.352708743169399
26.2666666666665 89 32 1.4286 0.261375409836066
28.2999999999997 88 33 1.55089016393443 0.365650819672131
33.3833333333327 87 34 2.13726721311475 0.424805245901639
34.3999999999993 85 34 2.03236885245902 0.309170491803279
39.4833333333324 85 33 2.35261639344262 0.43394
42.5333333333322 85 32 1.63727923497268 0.374679234972678
43.5499999999988 85 31 1.46229016393443 0.372326229508197
56.7666666666647 84 31 1.59806090794452 0.383796721311475
57.7833333333313 83 31 1.6297868852459 0.355285245901639
64.8999999999976 82 32 2.00608548009368 0.484177517564403
78.1166666666635 82 31 1.48033770491803 0.414728625472888
83.1999999999966 81 32 1.39330032786885 0.599198360655738
86.2499999999964 80 32 1.38340710382514 1.54482732240437
87.266666666663 79 33 1.44042786885246 1.86045901639344
98.4499999999957 78 34 1.23966363636364 0.803943666169896
102.516666666662 77 35 1.24652254098361 0.715626229508197
106.583333333329 76 36 1.21053442622951 0.536890983606557
109.633333333328 75 37 1.00114153005465 0.388662841530055
115.733333333328 74 38 0.957025683060109 0.256255191256831
136.933333333334 74 37 1.14002051886793 0.15877106918239
161.933333333354 74 36 0.990144333333333 0.107194933333333
164.933333333357 74 35 0.952415 0.12261
166.933333333358 73 36 0.924150833333333 0.0289291666666667
182.933333333371 72 37 0.904741875 0.172559479166667
186.933333333374 71 38 0.8767875 0.08637
188.933333333376 70 39 0.873710833333334 0.208239166666667
191.933333333378 70 38 0.953842777777778 0.161826666666667
205.933333333389 70 37 0.879174047619048 0.16991130952381
217.933333333399 70 36 0.859939861111111 0.132162777777778
234.933333333412 69 36 0.839254901960785 0.177487745098039
271.183333333415 68 37 0.842978942528736 0.404315862068966
284.40000000007 68 36 0.852356872635561 0.436356242118537
286.433333333401 67 36 0.864568852459016 0.261695901639344
290.500000000064 67 35 0.864266393442624 0.466445491803279
293.550000000062 66 35 0.843187431693989 0.417212021857924
294.566666666727 65 35 0.826514754098361 0.49815737704918
302.700000000053 64 35 0.808663524590164 0.599505532786885
307.783333333382 64 34 0.783946557377049 0.318918032786885
308.800000000048 63 35 0.766124590163934 0.272631147540984
311.850000000045 62 36 0.779272131147541 0.176478142076503
326.083333333365 62 35 0.756923185011709 0.237037470725995
330.150000000028 61 35 0.738178688524591 0.260270901639344
359.633333333335 60 35 0.740834143583945 0.0659274166195591
361.666666666666 59 36 0.72507868852459 0.00461639344262295
368.783333333327 58 36 0.686832786885245 0.00194754098360656
427.74999999994 57 37 0.681577331825889 0.0290703787450537
436.899999999931 56 37 0.691827140255009 0.00253788706739526
533.483333333177 55 38 0.69846459016393 0.0261178947368421
541.616666666503 54 39 0.70474118852459 0.00134713114754098
600 54 39 0.719730299604295 0.0174692481628038
