# New log 27/04/2014 06:13:58
1 96 32 1.55792 5.02075666666667
4.04999999999999 95 32 0.991571038251366 0.99051693989071
5.06666666666665 94 33 1.08933278688525 0.430780327868852
11.1000000000001 93 34 1.03418453038674 3.36688922651934
12.1000000000002 92 35 0.690825 3.91026333333333
13.1000000000002 90 37 1.35640166666667 4.050805
16.1000000000004 89 38 1.03361222222222 5.27632833333333
18.1333333333336 89 37 0.688222131147541 5.11075327868853
23.2166666666666 88 38 0.664514754098361 6.65118229508197
26.2666666666665 87 39 0.711734426229508 6.93682240437158
34.3999999999993 87 38 0.999561680327869 6.99013422131148
35.4166666666659 86 38 0.731662295081967 5.15520163934426
39.4833333333324 86 37 1.05645696721312 3.00164713114754
42.5333333333322 84 38 0.715436065573771 2.9998
44.5666666666654 83 39 0.620341803278689 5.58800819672131
49.6499999999985 82 40 0.932138032786885 6.37745147540984
51.6833333333317 81 41 1.19750819672131 4.80065655737705
52.6999999999983 79 42 1.41078032786885 5.04313114754098
55.7499999999981 78 43 0.758019672131148 6.03846775956284
57.7833333333313 77 44 0.705323770491803 6.50321885245902
58.7999999999979 77 43 0.742909836065574 7.5604868852459
59.8166666666646 77 42 0.720650819672131 6.37235081967213
65.9166666666642 76 43 0.624746174863388 7.18233142076503
66.9333333333308 76 42 0.550508196721311 8.51199836065574
67.9499999999974 75 43 0.719265573770492 6.35926065573771
68.966666666664 74 43 0.503695081967213 7.62228032786885
69.9833333333306 74 42 0.5091 8.29022459016393
70.9999999999973 73 43 0.497408196721312 7.39158032786885
79.1333333333301 72 43 1.74414795081967 5.21284303278689
80.1499999999967 72 42 0.534134426229508 3.78435245901639
81.1666666666633 71 43 0.617573770491803 4.14883606557377
83.1999999999966 70 43 0.532188524590164 3.81659098360656
85.2333333333298 69 44 0.78903524590164 4.43813278688525
91.3333333333294 68 43 0.664608743169399 5.9233237704918
94.3833333333293 67 43 0.492539344262295 4.96577103825137
95.3999999999959 66 43 0.504039344262295 4.68966065573771
98.4499999999957 66 42 0.467077595628415 5.10712021857924
99.4666666666623 65 43 0.444234426229508 5.20811639344262
130.93333333333 64 44 0.471222351694915 3.35731965042373
131.93333333333 64 43 0.494216666666667 3.78569833333333
135.933333333334 63 43 0.434077916666667 3.90042625
145.933333333342 62 44 0.432485166666667 2.47821966666667
150.933333333346 61 45 0.433994333333333 2.080492
152.933333333347 60 44 0.399244166666667 1.45175416666667
153.933333333348 59 44 0.411251666666667 1.398345
164.933333333357 59 43 0.431970757575757 1.56416121212121
190.933333333377 58 43 0.474903333333333 2.54900801282051
210.933333333393 57 44 0.440788 1.4708325
212.933333333395 56 45 0.392553333333334 0.550020833333333
219.933333333401 55 45 0.382252619047619 0.523321428571429
229.933333333408 55 44 0.410041666666667 0.535560666666667
235.933333333413 54 45 0.573395555555556 0.541010833333333
242.933333333419 53 45 0.412012857142857 0.546318095238095
243.93333333342 52 45 0.36224 0.529533333333333
245.933333333421 51 46 0.3652675 0.567439166666667
253.933333333428 51 45 0.35453 0.560993541666667
280.333333333407 51 44 0.395117171717172 0.572750126262626
283.383333333404 50 45 0.402869398907104 0.571279234972678
298.63333333339 49 46 0.363387650273224 0.505873879781421
307.783333333382 48 47 0.362491074681238 0.519194717668488
318.966666666705 48 46 0.351569150521609 0.512134277198212
325.0666666667 48 45 0.354939890710382 0.508041803278689
333.200000000026 48 44 0.359730737704918 0.530558401639344
358.616666666669 48 43 0.359316524590164 0.596625442622951
369.799999999992 47 44 0.348052309985097 0.509727719821162
370.816666666658 46 45 0.334765573770492 0.49642131147541
407.416666666625 45 46 0.334707559198543 0.590616029143898
451.133333333252 44 47 0.318581852840259 0.503563095691956
468.416666666569 44 46 0.313376952748312 0.508432401157184
521.283333333188 43 47 0.309065132408574 0.500661412358134
522.299999999854 42 48 0.28374262295082 0.493975409836066
524.333333333185 41 49 0.285265573770492 0.506299180327869
533.483333333177 40 50 0.274667759562842 0.511749362477231
600 40 50 0.27693695976155 0.498948360655738
