# New log 27/04/2014 06:17:15
1 96 32 1.59394833333333 0.257031666666667
4.04999999999999 95 33 0.867516939890711 0.389335519125683
6.08333333333332 95 32 1.10672950819672 0.585746721311475
8.09999999999998 95 31 1.02856776859504 0.482897520661157
9.10000000000003 95 30 0.96991 0.262161666666667
11.1000000000001 95 29 1.37920583333333 0.40697
13.1000000000002 93 27 2.00965 0.784818333333333
14.1000000000003 92 28 3.35771333333333 1.049445
16.1000000000004 91 29 3.26564333333333 0.836108333333333
19.1500000000002 90 29 1.27627486338798 0.453046448087432
21.1833333333334 89 29 1.02844180327869 0.230031967213115
23.2166666666666 89 28 1.15701639344262 0.190217213114754
25.2499999999998 88 28 1.36190245901639 0.6348
27.2833333333331 88 27 1.22470491803279 0.380534426229508
30.3333333333329 88 25 1.15074480874317 0.26302349726776
37.4499999999992 86 26 1.31268290398126 0.393286885245902
44.5666666666654 86 25 1.16976885245902 0.453565105386417
47.6166666666652 86 24 1.37502896174863 0.448386885245902
55.7499999999981 85 24 1.06699487704918 0.689357172131148
63.883333333331 84 24 1.15026762295082 0.530748770491803
64.8999999999976 83 24 0.905304918032787 0.370855737704918
66.9333333333308 83 23 1.00888442622951 0.39614262295082
69.9833333333306 83 22 1.02852021857923 0.288208196721311
79.1333333333301 82 23 1.48920400728597 0.591308925318761
81.1666666666633 80 25 1.56014918032787 1.55713852459016
87.266666666663 79 26 0.856146448087432 1.37213852459016
90.3166666666628 78 27 1.02453825136612 0.966871038251366
93.3666666666627 78 26 0.867071038251366 0.960834972677596
97.4333333333291 78 25 0.805144672131147 0.722589344262295
98.4499999999957 77 26 0.840695081967213 0.324037704918033
99.4666666666623 76 27 0.754122950819672 0.497324590163934
106.583333333329 75 28 0.867976112412178 0.854775175644028
108.616666666662 74 29 0.644805737704918 0.820583606557377
111.666666666662 73 29 0.64935519125683 0.818653551912568
113.699999999995 72 30 0.665240983606558 0.891475409836066
116.749999999995 72 29 1.27069289617486 0.877067213114754
117.766666666661 71 29 1.37209672131148 0.706016393442623
120.816666666661 69 31 0.889257377049181 0.557893989071038
130.93333333333 68 31 0.579635255354201 0.299282537067545
135.933333333334 68 30 0.544383 0.138687666666667
139.933333333337 68 29 0.721165416666667 0.21108375
143.93333333334 68 28 0.752667916666667 0.219999583333333
144.933333333341 67 28 0.778426666666666 2.38732333333333
147.933333333343 66 29 0.72291 0.195723888888889
148.933333333344 65 29 0.702743333333333 0.201418333333333
158.933333333352 64 30 0.730071666666667 0.2297635
173.933333333364 63 31 0.609068888888888 0.192434555555556
179.933333333369 63 29 0.471723611111111 0.207486111111111
205.933333333389 62 30 0.846316282051283 0.189669615384615
211.933333333394 62 29 0.568845 0.191379722222222
229.933333333408 61 30 0.566191759259258 0.423201018518519
231.93333333341 60 30 0.5290575 0.5325925
251.933333333426 60 29 0.508801416666666 0.51294475
253.933333333428 59 29 0.513286666666666 0.28809
254.933333333428 59 28 0.511046666666667 0.511485
257.966666666761 58 28 0.512465934065934 0.519242857142857
260.000000000092 57 29 0.492881967213115 0.50962131147541
271.183333333415 56 29 0.469832041728763 0.431413710879285
326.083333333365 56 28 0.431791621129326 0.145988433515483
356.583333333338 55 28 0.456519398907105 0.141505409836066
369.799999999992 55 27 0.451292433795713 0.139980580075662
406.399999999959 54 27 0.434073360655738 0.141345992714026
430.799999999937 53 28 0.421343647540983 0.144635177595628
484.683333333221 52 29 0.422713052892051 0.135135756263532
509.083333333199 52 28 0.418779030054645 0.14249262295082
537.54999999984 51 28 0.416902517564403 0.141325234192037
546.699999999831 50 29 0.448960837887067 0.825267759562841
594.483333333121 49 30 0.40247530519707 0.140321590512731
600 49 30 0.408554098360656 0.145489344262295
