# New log 27/04/2014 05:52:34
1 96 32 3.10058833333333 1.266665
4.04999999999999 95 33 1.80553333333333 0.665606010928962
5.06666666666665 94 31 1.39403442622951 0.271950819672131
6.08333333333332 93 30 1.53224590163934 0.227011475409836
10.1000000000001 91 32 1.86886473029046 0.455116597510373
12.1000000000002 91 31 2.235285 0.279695
15.1000000000003 91 30 1.88008444444444 0.2161
16.1000000000004 89 30 2.17669666666667 0.276281666666667
17.116666666667 88 30 1.86485409836066 0.107596721311475
20.1666666666668 87 29 1.92391038251366 0.380171038251366
21.1833333333334 86 28 2.83825573770492 0.505108196721311
23.2166666666666 86 26 2.21055 0.598803278688525
25.2499999999998 85 25 1.77509508196721 0.371194262295082
31.3499999999995 84 25 2.15416174863388 0.682792349726776
33.3833333333327 84 23 1.90628770491803 0.42395737704918
34.3999999999993 83 24 1.57923934426229 0.300809836065574
38.4666666666658 82 24 1.77036762295082 0.524294672131148
40.499999999999 82 23 1.6491868852459 0.368841803278689
41.5166666666656 82 22 2.1159262295082 0.577526229508197
42.5333333333322 82 21 1.40498360655738 0.406645901639344
44.5666666666654 81 21 1.28813442622951 0.127289344262295
50.6666666666651 81 20 1.71641229508197 0.258667213114754
59.8166666666646 80 21 1.25034408014572 0.485726775956284
60.8333333333312 79 21 1.24325409836066 0.736296721311476
65.9166666666642 79 20 1.73377114754098 1.14790229508197
66.9333333333308 79 19 1.26220983606557 1.02352950819672
76.0833333333303 78 20 1.37526211293261 0.86498160291439
79.1333333333301 77 21 1.25621475409836 1.68750382513661
89.2999999999962 76 22 1.30370081967213 2.31303213114754
96.4166666666625 75 23 1.29724847775176 3.05733512880562
102.516666666662 74 23 1.33431229508197 3.67100792349727
104.549999999995 73 24 1.70114426229508 3.53652049180328
123.866666666661 72 25 1.34873425366695 2.3686516824849
127.933333333327 72 24 1.20922704918033 1.74833442622951
133.933333333332 72 23 1.26031805555556 2.50105388888889
146.933333333342 71 23 1.1531441025641 3.46802871794872
156.93333333335 71 22 1.12530066666667 3.0413195
168.93333333336 70 22 1.11422486111111 2.74558861111111
172.933333333363 69 23 1.1004875 2.32278375
250.933333333425 68 23 1.09064634615384 1.52817608974359
256.950000000095 68 22 1.06847756232687 0.84348864265928
267.116666666752 67 23 1.08983885245902 0.845909836065574
271.183333333415 66 23 1.06191721311475 0.706896721311475
274.233333333413 65 24 1.00331584699454 0.652013661202186
296.600000000059 64 25 0.994574217585694 0.573651341281669
302.700000000053 64 24 1.02748278688525 0.506617213114754
313.883333333377 63 24 0.985732637853949 0.283095976154993
340.316666666686 62 24 1.0166737704918 0.187999432534678
357.600000000003 61 24 0.973812632594022 0.233550916104147
362.683333333332 60 24 0.968583934426229 0.828144590163934
425.716666666608 59 25 0.952631702802749 0.241463511369646
477.566666666561 58 26 0.91676962391514 0.177901317904211
480.616666666558 58 25 0.890673770491803 0.115636612021858
531.449999999845 57 25 0.905048295081968 0.17252537704918
532.466666666511 57 24 0.890262295081968 0.104577049180328
538.566666666506 57 23 0.925367486338797 0.17336693989071
539.583333333171 56 24 0.935895081967213 0.271604918032787
600 56 24 0.893084726775956 0.164671557377049
