# New log 27/04/2014 05:50:38
1 96 32 1.31931166666667 4.76413666666667
4.04999999999999 93 34 0.762730054644809 0.441969945355191
9.10000000000003 92 34 0.73136402640264 2.33250066006601
11.1000000000001 91 35 0.618380833333333 6.41436416666667
12.1000000000002 90 36 0.564606666666667 7.76914666666667
16.1000000000004 89 37 0.780477916666667 7.92404958333333
19.1500000000002 89 36 0.886014754098361 4.20051092896175
22.2 88 37 1.63358142076503 5.0319349726776
23.2166666666666 88 36 1.4329393442623 6.40920163934426
25.2499999999998 87 36 0.812151639344263 6.75620491803279
26.2666666666665 86 37 0.724157377049181 7.18819508196721
27.2833333333331 85 38 1.1520131147541 5.24216065573771
30.3333333333329 85 37 0.628462841530054 4.70080546448088
33.3833333333327 84 38 0.601085792349727 6.62571366120219
43.5499999999988 83 39 0.578741803278689 8.85380950819672
44.5666666666654 83 38 0.586090163934426 9.77552786885246
46.5999999999986 83 37 0.609649180327869 7.65093196721311
47.6166666666652 82 38 0.527957377049181 5.23172786885246
50.6666666666651 82 37 0.540447540983606 6.19250382513661
53.7166666666649 82 36 0.611109289617486 7.48978743169399
54.7333333333315 80 38 0.868765573770492 3.58377868852459
56.7666666666647 79 39 0.870475409836066 3.23760573770492
60.8333333333312 79 38 0.606518032786886 7.08625614754098
64.8999999999976 79 37 0.595984016393443 11.1560307377049
68.966666666664 79 36 0.64906762295082 11.2317401639344
70.9999999999973 78 36 0.566194262295082 10.8247565573771
76.0833333333303 77 37 0.532407213114755 10.7041895081967
78.1166666666635 76 38 0.54197131147541 11.1103483606557
82.18333333333 75 38 0.549975819672131 9.87659549180328
92.349999999996 74 38 0.626903114754099 5.17741803278689
95.3999999999959 73 39 0.566271584699454 2.5691349726776
97.4333333333291 72 40 0.452948360655738 1.60849754098361
101.499999999996 70 41 0.454225819672131 2.07848278688525
102.516666666662 69 42 0.502393442622951 0.356911475409836
109.633333333328 69 41 0.417527166276347 0.599827400468384
112.683333333328 69 40 0.448444808743169 0.709128415300546
116.749999999995 68 41 0.411430737704918 0.334145901639344
132.933333333331 67 41 0.443266323377961 0.367056745623069
135.933333333334 67 40 0.404615555555556 0.327626666666667
138.933333333336 67 39 0.438234444444444 0.33233
150.933333333346 67 38 0.545310972222222 0.349247916666667
164.933333333357 66 38 0.475894285714286 1.43171142857143
172.933333333363 65 39 0.392236875 0.832302916666667
178.933333333368 64 40 0.413383611111111 1.16899305555556
180.933333333369 64 39 0.385800833333333 0.281415
185.933333333373 62 41 0.407145 0.292248666666667
208.933333333392 62 40 0.454607826086956 4.11172797101449
212.933333333395 61 41 0.424374166666667 7.72405708333333
221.933333333402 60 42 0.457512777777778 6.04020166666667
224.933333333404 59 43 0.411133333333333 4.42707722222222
230.933333333409 58 44 0.394138055555556 2.27767805555556
240.933333333417 57 45 0.3922965 2.19262366666667
247.933333333423 56 46 0.447351190476191 2.17728785714286
254.933333333428 55 47 0.356348095238095 0.757455714285714
256.950000000095 54 47 0.324704132231405 0.0394371900826446
268.133333333418 53 48 0.337228315946349 0.679395529061103
272.200000000081 52 48 0.411781557377049 0.381181557377049
286.433333333401 52 47 0.327781615925059 0.40459355971897
292.533333333396 52 46 0.342828142076503 0.394160382513661
295.583333333393 52 45 0.322491803278688 0.361210382513661
298.63333333339 52 44 0.337930054644809 0.416828961748634
310.833333333379 51 45 0.34820737704918 0.309348360655738
311.850000000045 49 46 0.329306557377049 0.144573770491803
316.933333333374 48 47 0.30226393442623 0.296509836065574
319.983333333371 47 47 0.291171584699454 0.365350273224044
330.150000000028 46 48 0.294604098360655 0.253070819672131
334.216666666691 45 49 0.282966803278689 0.140864754098361
357.600000000003 44 49 0.266946471846044 0.239096151104776
384.033333333313 43 49 0.263627238335435 0.54618764186633
385.049999999978 42 49 0.247493442622951 0.436437704918033
401.31666666663 41 50 0.247709118852459 0.381725307377049
428.766666666605 41 49 0.260890467516697 0.380723375834851
429.783333333271 40 50 0.244816393442623 0.359703278688525
431.816666666603 39 51 0.244715573770492 0.362227049180328
452.149999999917 38 51 0.262263770491803 0.398435655737705
460.283333333243 37 51 0.264642418032787 0.374793647540984
464.349999999906 36 52 0.231765573770492 0.370209426229508
472.483333333232 35 53 0.231085040983607 0.376476844262295
600 35 53 0.226683112151964 0.362275175644028
