# New log 27/04/2014 05:54:22
1 96 32 1.78863666666667 0.488758333333333
5.06666666666665 94 34 1.27445081967213 0.44175737704918
6.08333333333332 93 34 1.27292950819672 0.655054098360656
7.09999999999998 91 35 1.38164590163934 0.688027868852459
8.09999999999998 91 34 1.32348166666667 0.709555
9.10000000000003 90 33 1.381185 0.840518333333333
10.1000000000001 90 32 1.15776166666667 0.791715
11.1000000000001 90 31 1.24849833333333 0.288603333333333
12.1000000000002 90 29 1.47765 0.353783333333333
15.1000000000003 89 30 2.68102777777778 0.556004444444445
17.116666666667 88 31 1.06954297520661 0.285062809917355
19.1500000000002 88 30 1.32575819672131 0.223304098360656
21.1833333333334 87 30 1.90063442622951 0.329717213114754
22.2 87 28 1.41579180327869 0.312973770491803
25.2499999999998 86 29 1.63638743169399 0.343287431693989
28.2999999999997 86 28 1.60192240437159 0.239445901639344
31.3499999999995 86 26 1.7371868852459 0.641974316939891
34.3999999999993 85 27 2.36648196721311 0.230429508196721
36.4333333333325 85 26 1.58766393442623 0.187627868852459
37.4499999999992 85 25 1.07263114754098 0.244318032786885
41.5166666666656 85 24 1.11445860655738 0.243786885245902
44.5666666666654 83 24 1.54823989071038 0.393975409836066
47.6166666666652 82 25 1.94472950819672 0.334356284153006
50.6666666666651 82 24 1.16191693989071 0.202566120218579
66.9333333333308 81 24 1.33295051229508 0.438526946721312
70.9999999999973 80 24 1.40830204918033 0.482556147540984
102.516666666662 79 25 1.06466049709148 0.948401533580116
113.699999999995 78 26 0.770013859910581 2.51103755588674
114.716666666661 77 27 0.743540983606557 2.60817213114754
115.733333333328 76 28 0.719172131147541 2.67955901639344
118.783333333328 75 28 0.79384043715847 2.2899825136612
125.899999999994 74 28 0.753507728337236 2.3286793911007
126.916666666661 74 27 0.628480327868852 2.37392459016393
138.933333333336 74 26 1.25257753120666 2.04791816920943
147.933333333343 74 25 0.650560740740741 2.01272240740741
156.93333333335 73 26 0.603828333333334 1.88387425925926
183.933333333372 73 25 0.984401296296295 1.66835987654321
213.933333333396 73 24 0.504829166666666 0.668775055555556
232.933333333411 73 23 0.667958771929825 0.430043771929825
248.933333333424 73 22 0.4663259375 0.1364209375
250.933333333425 72 23 0.453700833333333 0.088895
285.416666666736 72 22 0.625644852585791 0.143945770903818
286.433333333401 71 23 1.25751639344262 0.0503639344262295
287.450000000067 70 24 0.700160655737705 0.0386590163934426
298.63333333339 69 25 0.430316840536512 0.0919141579731744
300.666666666722 68 26 0.396260655737705 0.0241983606557377
317.950000000039 68 25 0.419153519768564 0.262070973963356
341.333333333352 67 26 0.534049322879543 0.0692779044903778
367.766666666661 67 25 0.383342244640605 0.0281893442622951
370.816666666658 67 24 0.407909836065574 0.326334972677596
379.96666666665 66 25 0.40913897996357 0.209262841530055
399.283333333299 65 26 0.381433994823124 0.0394173425366695
407.416666666625 64 27 0.4219 0.0303264344262295
427.74999999994 63 28 0.439325245901639 0.0734973770491803
438.933333333263 62 28 0.647777049180328 0.0943651266766021
458.249999999912 62 27 0.501416911130284 0.0353519413287317
503.99999999987 61 28 0.361972422586521 0.0194864845173042
509.083333333199 61 27 0.344634098360656 0.0151186885245902
575.166666666472 60 27 0.356134905422446 0.0282622446406053
586.349999999795 60 26 0.375467362146051 0.0463991058122206
600 60 26 0.333579742388759 0.0261624121779859
