# New log 27/04/2014 06:07:41
1 96 32 3.2941 0.970388333333333
5.06666666666665 95 32 2.08767868852459 1.45190450819672
6.08333333333332 94 30 2.05976065573771 1.35413770491803
7.09999999999998 94 29 1.45997704918033 0.447240983606557
9.10000000000003 94 28 2.02490583333333 0.435445833333333
10.1000000000001 94 27 1.54206 0.371661666666667
15.1000000000003 93 28 1.63966466666667 0.341376333333333
17.116666666667 93 27 1.78488512396694 0.341682644628099
18.1333333333336 93 25 1.85098032786885 0.245813114754098
19.1500000000002 92 26 2.68203770491803 0.516008196721311
21.1833333333334 92 25 2.92510819672131 0.474608196721311
25.2499999999998 90 25 2.60628155737705 0.47083893442623
28.2999999999997 89 25 2.99062131147541 0.495095628415301
30.3333333333329 88 26 5.17785409836066 0.976027868852459
31.3499999999995 88 25 2.69850819672131 0.256226229508197
34.3999999999993 87 24 2.57406229508197 0.298321857923497
35.4166666666659 86 25 3.12930327868852 0.323844262295082
36.4333333333325 85 25 4.19667704918033 0.255111475409836
38.4666666666658 85 24 3.61924754098361 0.273554098360656
41.5166666666656 84 24 2.0991306010929 0.211349180327869
42.5333333333322 83 25 2.06786065573771 0.211167213114754
45.583333333332 83 24 1.82365464480874 0.211620218579235
49.6499999999985 82 23 1.13044262295082 0.196526229508197
58.7999999999979 82 22 1.16671238615665 0.315265391621129
60.8333333333312 81 23 1.43777540983607 0.440445901639344
61.8499999999978 80 24 1.50120163934426 0.578898360655738
65.9166666666642 80 23 1.02811516393443 0.349229098360656
67.9499999999974 79 24 1.12703606557377 0.203177868852459
72.0166666666639 78 25 1.07747295081967 0.234069672131148
73.0333333333305 77 25 1.04693278688525 0.20722131147541
80.1499999999967 76 26 0.99826299765808 0.24786112412178
83.1999999999966 75 26 0.907310928961748 0.204234972677596
88.2833333333296 75 25 0.971571475409836 0.147225901639344
101.499999999996 74 26 0.987220302648172 0.138773644388398
105.566666666662 73 26 0.987283606557377 0.149279508196721
108.616666666662 72 26 0.932677595628416 0.340875409836066
121.833333333328 70 27 0.874614375788146 0.245207061790668
125.899999999994 70 25 0.895150409836065 0.667109016393443
131.93333333333 69 26 0.832237016574586 0.164165745856354
138.933333333336 69 25 0.802599761904762 0.226330476190476
146.933333333342 68 26 0.8329775 0.6990975
149.933333333345 67 26 0.787953888888888 0.825225555555556
153.933333333348 66 27 1.33728375 1.16802041666667
157.933333333351 66 26 1.36409 0.920792083333333
183.933333333372 65 27 0.867095064102563 1.56380897435897
199.933333333385 64 28 0.888277083333334 1.87110364583333
200.933333333385 64 27 0.837211666666667 1.234225
205.933333333389 63 28 0.844913 1.59391966666667
206.93333333339 63 27 0.856858333333333 1.68458166666667
225.933333333405 62 28 0.810617543859649 1.41320701754386
271.183333333415 62 27 0.819421767955803 1.03531907918969
273.216666666747 61 27 0.805927049180328 0.177758196721311
278.300000000076 60 28 0.765200327868853 0.322547213114754
292.533333333396 59 29 0.76688255269321 0.537669320843091
306.766666666716 58 29 0.738509016393444 0.661019320843091
317.950000000039 57 30 0.725862742175857 0.270269746646796
332.18333333336 56 31 0.682471896955503 0.145509718969555
343.366666666683 56 30 0.646901490312967 0.1085217585693
349.466666666678 56 29 0.68572131147541 0.0847346994535519
356.583333333338 56 28 0.670899531615925 0.0696590163934426
358.616666666669 56 27 0.675359016393443 0.0715352459016393
369.799999999992 55 28 0.654817585692996 0.0751912071535022
380.983333333316 54 29 0.635487779433681 0.0723627421758569
383.016666666647 53 29 0.632625409836066 0.0691229508196721
387.08333333331 52 29 0.658159426229508 0.0812930327868852
389.116666666641 51 30 0.566954098360656 0.0557262295081967
457.233333333246 50 31 0.644095693662833 0.235889258624908
485.699999999887 50 30 0.608832259953162 0.0842596604215457
516.199999999859 50 29 0.580179726775956 0.0853656284153005
518.233333333191 49 30 0.572968852459016 0.0747262295081967
552.799999999826 48 30 0.581711957569913 0.100815863066538
600 48 30 0.582992186955005 0.0932493198465295
