# New log 27/04/2014 06:05:56
1 96 32 1.43282333333333 5.15102333333333
4.04999999999999 95 33 0.657953005464481 0.275446448087432
10.1000000000001 95 32 1.13076391184573 1.65907162534435
11.1000000000001 94 33 2.000275 6.03824333333333
13.1000000000002 94 32 1.6636325 7.06286166666667
19.1500000000002 93 33 1.91134958677686 6.80026115702479
20.1666666666668 91 34 1.20429672131148 6.37779672131148
22.2 90 34 1.39755081967213 0.77277131147541
23.2166666666666 89 35 0.978111475409836 0.491252459016393
24.2333333333332 87 35 2.04172950819672 0.930108196721312
26.2666666666665 86 36 0.636319672131147 0.565072131147541
27.2833333333331 84 38 1.34360327868852 0.841886885245902
30.3333333333329 83 39 0.667753551912568 0.743474863387978
35.4166666666659 83 38 0.931059344262295 0.312122950819672
36.4333333333325 83 37 0.82297868852459 0.14174262295082
38.4666666666658 82 38 0.562402459016394 0.0880688524590164
50.6666666666651 82 37 0.701128825136612 1.34769904371585
51.6833333333317 82 36 1.33365573770492 2.54847868852459
54.7333333333315 82 35 0.664354098360656 3.24037267759563
59.8166666666646 81 35 0.57287606557377 2.45910754098361
60.8333333333312 81 34 0.514022950819672 2.57994262295082
62.8666666666644 81 33 0.538689344262295 2.18379754098361
67.9499999999974 81 32 0.551464262295082 1.2692931147541
79.1333333333301 81 31 0.553054396423249 3.0461523099851
81.1666666666633 80 32 0.571508196721312 3.07406803278689
87.266666666663 79 33 0.514560382513661 2.83126530054645
105.566666666662 78 34 0.662371493624773 2.20075173041894
106.583333333329 77 35 0.991395081967213 1.69793442622951
114.716666666661 76 36 0.960090983606557 2.14971004098361
134.933333333333 75 37 0.961611706512779 2.34160395713108
135.933333333334 75 36 0.535441666666667 1.37212333333333
139.933333333337 74 37 0.475727916666666 1.29001625
143.93333333334 73 37 0.47667375 1.11833375
146.933333333342 72 37 0.456403333333333 1.03827388888889
150.933333333346 72 36 0.467775 1.24335208333333
181.93333333337 71 37 0.502926129032258 1.41676392473118
188.933333333376 70 38 0.442921428571429 0.987357619047619
193.93333333338 70 37 0.452956 1.05896166666667
201.933333333386 69 38 0.524915625 1.0116325
221.933333333402 68 38 0.438670916666667 0.331871583333333
227.933333333407 66 40 0.407824166666667 0.414876944444445
231.93333333341 65 41 0.388633333333333 0.428845416666667
243.93333333342 65 40 0.390288194444445 0.455274722222222
268.133333333418 64 40 0.393426308539945 0.366250550964187
283.383333333404 64 39 0.401022404371585 0.896564043715847
299.650000000056 64 38 0.462018340163935 3.06692510245902
301.683333333388 62 39 0.615168032786885 3.10042459016393
307.783333333382 61 40 0.611969125683061 2.81949726775956
346.41666666668 61 39 0.463910914581536 1.36007424503883
357.600000000003 60 39 0.377971982116245 1.58429061102832
391.149999999973 59 40 0.37841698956781 1.65562935916542
417.583333333282 59 39 0.35845472887768 1.66355214375788
429.783333333271 58 39 0.356150546448087 2.1735556010929
434.8666666666 57 40 0.354612131147541 1.94728459016393
446.049999999923 56 41 0.355751415797317 1.89461207153502
501.966666666539 55 42 0.376085365126678 1.28693830104322
532.466666666511 54 43 0.343006448087431 0.209305901639344
540.599999999837 53 44 0.329985450819672 0.000593647540983607
544.6666666665 52 45 0.329743032786885 0.000617622950819672
572.116666666475 52 44 0.325700364298725 0.00200200364298725
574.149999999806 52 43 0.331101639344262 0.000731967213114754
598.549999999784 52 42 0.320551092896175 0.000171379781420765
600 52 42 0.305950819672131 0.00346967213114754
