# New log 27/04/2014 06:09:02
1 96 32 1.86593666666667 0.619601666666667
5.06666666666665 94 34 1.06093114754098 0.945452868852459
6.08333333333332 93 35 1.94170327868853 1.13695081967213
7.09999999999998 92 35 0.780083606557377 0.758636065573771
10.1000000000001 91 36 1.33017888888889 0.294332222222222
12.1000000000002 89 38 1.4434425 0.214133333333333
18.1333333333336 89 37 2.59595193370166 0.322383149171271
19.1500000000002 88 37 2.56822786885246 0.423929508196721
20.1666666666668 88 34 2.14496393442623 0.311804918032787
21.1833333333334 87 34 2.55666393442623 0.197831147540984
22.2 86 35 2.71676393442623 0.19835737704918
25.2499999999998 85 36 1.50773387978142 0.143616393442623
27.2833333333331 84 36 1.34627540983607 0.153017213114754
29.3166666666663 82 37 1.33002950819672 0.129089344262295
31.3499999999995 81 37 1.32234098360656 0.153754098360656
32.3666666666661 80 37 1.55482950819672 0.141280327868852
33.3833333333327 78 39 3.62174426229508 0.405236065573771
36.4333333333325 77 40 2.20148415300546 0.273404371584699
37.4499999999992 75 41 1.58260491803279 0.164150819672131
42.5333333333322 74 42 0.97975737704918 0.191928852459016
47.6166666666652 73 43 1.03383016393443 0.176024590163934
54.7333333333315 72 43 0.903105854800937 0.239549180327869
57.7833333333313 72 41 2.00948469945355 0.277128415300546
58.7999999999979 71 41 1.80524098360656 0.252145901639344
60.8333333333312 71 40 1.65011967213115 0.231275409836066
61.8499999999978 70 40 1.13631639344262 0.144308196721312
62.8666666666644 69 41 0.548729508196722 0.123616393442623
63.883333333331 68 41 0.602111475409836 0.172477049180328
67.9499999999974 67 42 0.624324590163935 0.214719672131148
69.9833333333306 66 43 0.561896721311476 0.149460655737705
78.1166666666635 65 44 0.533638114754098 0.106346926229508
83.1999999999966 64 44 0.601004590163935 0.147427213114754
87.266666666663 63 45 0.507131557377049 0.12990368852459
93.3666666666627 63 44 0.503093442622951 0.146201366120219
97.4333333333291 62 45 0.536125 0.149984836065574
103.533333333329 61 46 0.489765300546448 0.099992349726776
114.716666666661 61 45 0.476299552906111 0.118965126676602
116.749999999995 60 45 0.534548360655738 0.171986885245902
118.783333333328 60 44 0.42267131147541 0.0694655737704918
121.833333333328 59 45 0.472425683060109 0.329960109289618
122.849999999994 58 45 0.416709836065574 0.405467213114754
126.916666666661 58 44 0.519892213114754 0.574002868852459
127.933333333327 57 45 0.550091803278689 0.786134426229508
129.933333333329 56 46 0.4103775 0.722623333333333
148.933333333344 56 45 0.43772447368421 0.177955263157895
149.933333333345 55 45 0.42685 0.0512383333333333
151.933333333346 55 44 0.376754166666667 0.056635
177.933333333367 54 45 0.623404166666667 0.0700259615384616
206.93333333339 54 44 0.333982701149425 0.0579194252873563
215.933333333397 53 44 0.344669444444445 0.0520483333333333
227.933333333407 52 45 0.359783888888889 0.0599327777777778
239.933333333416 51 46 0.32007875 0.0525001388888889
268.133333333418 50 47 0.352561820330969 0.0660476359338062
272.200000000081 49 47 0.322149590163934 0.0367319672131148
285.416666666736 48 47 0.323345397225726 0.0507861286254729
302.700000000053 48 46 0.34802912246866 0.0705518804243009
303.716666666719 48 45 0.313565573770492 0.0251098360655738
306.766666666716 47 46 0.301048087431694 0.0272732240437158
308.800000000048 46 47 0.275945081967213 0.0285811475409836
322.016666666702 46 46 0.278214880201765 0.0363916771752837
328.116666666697 45 47 0.287626775956284 0.0453153005464481
334.216666666691 45 46 0.266531967213115 0.0250032786885246
356.583333333338 44 46 0.281380402384501 0.0370414307004471
357.600000000003 43 47 0.270518032786885 0.0246868852459016
360.650000000001 43 46 0.271308743169399 0.0299693989071038
435.883333333266 43 45 0.268363867966326 0.0191756756756757
456.21666666658 43 44 0.279539016393443 0.0282945081967213
466.383333333238 42 45 0.28719 0.0463427868852459
499.933333333207 41 46 0.286129061102832 0.0227185792349727
539.583333333171 40 47 0.27931307271963 0.0188791509037411
600 40 47 0.341237786885244 0.00292237704918033
