# New log 27/04/2014 05:28:27
1 96 32 2.54992 0.560805
8.09999999999998 96 31 1.43248215962441 0.147189671361502
12.1000000000002 93 33 1.63796875 0.278775416666667
13.1000000000002 92 34 1.64388333333333 0.1731
14.1000000000003 92 33 1.45666 0.172583333333333
16.1000000000004 91 33 2.20525916666667 0.210678333333333
18.1333333333336 91 32 1.57071639344262 0.194010655737705
19.1500000000002 91 30 2.19241803278689 0.432027868852459
20.1666666666668 91 29 4.40195245901639 0.428867213114754
26.2666666666665 90 29 2.66324398907104 0.213875409836066
27.2833333333331 90 27 1.8931 0.180432786885246
28.2999999999997 89 27 2.14091639344262 0.183688524590164
35.4166666666659 89 26 2.13894379391101 0.197148946135831
42.5333333333322 89 25 2.78780444964871 0.728774707259953
43.5499999999988 88 25 2.49399508196721 0.553204918032787
46.5999999999986 88 24 3.21505191256831 0.824695628415301
54.7333333333315 88 23 2.41022028688525 0.309654918032787
55.7499999999981 88 22 1.72650491803279 0.192137704918033
60.8333333333312 88 21 1.86766983606558 0.240730491803279
63.883333333331 88 20 1.90742295081967 0.106820218579235
73.0333333333305 88 19 2.28248433515483 0.296600364298725
85.2333333333298 87 20 2.49187923497268 0.172144535519126
88.2833333333296 85 21 2.54980765027323 0.207631693989071
100.483333333329 84 21 3.20888756830601 0.142387021857923
139.933333333337 83 22 2.21042674271229 0.439766962399662
145.933333333342 82 23 1.87526694444444 1.45125277777778
153.933333333348 82 22 1.90482 1.40522395833333
157.933333333351 82 21 1.91598666666667 1.58555583333333
165.933333333358 81 22 2.11101229166667 1.60248645833333
174.933333333365 81 21 2.7353237037037 1.57389148148148
227.933333333407 80 22 2.21637993710691 1.61436908805031
229.933333333408 79 22 1.9952025 1.056505
233.933333333412 79 21 1.88813041666667 0.991471666666667
244.93333333342 79 20 1.88394818181818 1.0703496969697
246.933333333422 79 19 1.8034325 0.89654
251.933333333426 79 18 1.90955066666667 0.907553666666667
255.933333333429 78 18 1.87323958333333 0.960295416666667
329.133333333363 78 17 1.60571862477231 0.504048929872496
344.383333333349 77 17 1.64758896174864 0.0639589071038251
351.500000000009 77 16 1.57566346604215 0.0446344262295082
352.516666666675 76 16 1.60048524590164 0.0492491803278689
354.550000000006 75 16 1.73243196721312 0.0540319672131148
360.650000000001 74 17 1.57700546448088 0.0570931693989071
595.499999999787 74 16 1.65545640479739 0.107182080760769
600 74 16 1.60370295081967 0.0142327868852459
