# New log 27/04/2014 05:30:29
1 96 32 1.682835 0.351523333333333
8.09999999999998 95 32 0.983848591549296 0.320767136150235
10.1000000000001 94 31 0.845500833333333 0.1206025
15.1000000000003 93 32 1.34939266666667 0.303951
16.1000000000004 92 31 1.34032 0.156065
18.1333333333336 92 30 0.943708196721311 0.164733606557377
19.1500000000002 91 31 1.31535737704918 1.4818
20.1666666666668 90 32 1.27470491803279 0.53426393442623
23.2166666666666 87 34 2.96194316939891 0.237579781420765
27.2833333333331 87 33 1.76374057377049 0.162714344262295
28.2999999999997 86 32 1.80662786885246 0.17545737704918
30.3333333333329 86 31 1.93604590163934 0.1422
31.3499999999995 86 30 1.86791803278689 0.119177049180328
41.5166666666656 85 31 1.96815524590164 0.207309836065574
46.5999999999986 84 32 1.95674459016394 0.277669836065574
52.6999999999983 82 33 2.48733907103825 0.488800273224044
53.7166666666649 81 33 4.24522459016393 0.256793442622951
54.7333333333315 79 34 3.0071868852459 0.203788524590164
55.7499999999981 78 35 2.0764868852459 0.396229508196721
58.7999999999979 77 35 1.814143715847 0.19124262295082
60.8333333333312 76 36 1.85061803278689 0.158531147540984
61.8499999999978 75 37 2.17736393442623 0.0759786885245902
68.966666666664 74 35 2.35592505854801 0.370187587822014
69.9833333333306 74 33 2.35723606557377 0.0903622950819672
72.0166666666639 73 33 2.31664344262295 0.313681967213115
73.0333333333305 72 34 2.24209344262295 0.0845803278688525
86.2499999999964 71 35 2.81638852459017 0.25180895334174
87.266666666663 71 34 2.36111803278689 0.208375409836066
88.2833333333296 71 33 2.29833934426229 0.285263934426229
99.4666666666623 71 31 1.99650581222057 0.355433084947839
103.533333333329 69 32 2.35289180327869 0.210391393442623
113.699999999995 68 33 1.76550114754099 0.188499344262295
116.749999999995 67 34 1.82872349726776 0.336220765027322
117.766666666661 66 35 0.927447540983607 0.104291803278689
130.93333333333 66 34 0.648754303797469 0.212150506329114
132.933333333331 65 35 0.675078333333333 0.8291
134.933333333333 64 36 0.6488525 1.54823916666667
144.933333333341 64 35 0.759338166666667 0.908827666666667
147.933333333343 63 36 0.835551111111111 0.38003
153.933333333348 63 35 0.6348875 0.349091111111111
159.933333333353 62 35 0.670166944444445 0.6084875
169.933333333361 61 36 0.646164833333333 0.707661166666667
183.933333333372 60 37 0.604526428571429 0.397693333333333
189.933333333377 60 36 0.591246111111111 0.371520833333333
190.933333333377 59 37 0.603721666666667 0.344105
203.933333333388 58 38 1.01342474358974 0.395662820512821
217.933333333399 57 38 0.453550714285714 0.0618397619047619
219.933333333401 57 37 0.747703333333333 0.0639116666666667
222.933333333403 56 38 0.50196 0.0681755555555556
224.933333333404 55 39 0.370760833333333 0.0408191666666667
225.933333333405 55 38 0.408353333333333 0.0728966666666667
235.933333333413 54 39 0.433882833333333 0.0647121666666667
244.93333333342 53 40 0.437902777777778 0.0726112962962963
249.933333333424 52 41 0.401122666666667 0.054077
255.933333333429 51 41 0.375364166666667 0.0535213888888889
263.050000000089 51 40 0.374183372365339 0.0566583138173302
264.066666666755 51 39 0.434780327868853 0.0590360655737705
307.783333333382 50 39 0.379846816622188 0.0833592832634388
308.800000000048 49 39 0.356672131147541 0.0402819672131148
328.116666666697 48 39 0.356137877480586 0.040202415875755
329.133333333363 47 40 0.333693442622951 0.0325098360655738
351.500000000009 47 39 0.341083830104322 0.034400521609538
359.633333333335 46 39 0.37554487704918 0.0399973360655738
365.733333333329 44 40 1.66194644808743 0.183609016393443
366.749999999995 43 40 0.353259016393443 0.0477459016393443
368.783333333327 43 39 0.321783606557377 0.0326770491803279
369.799999999992 43 38 0.339824590163934 0.0318426229508197
387.08333333331 42 39 0.441340983606558 0.0596772420443587
412.499999999954 41 40 0.334636918032787 0.0415619016393443
430.799999999937 40 40 0.342735610200364 0.0943888888888889
441.98333333326 39 40 0.297222354694486 0.0306470938897168
455.199999999915 37 40 0.305334678436318 0.0326058007566204
459.266666666578 37 39 0.300542213114754 0.034255737704918
468.416666666569 36 40 0.29266320582878 0.0274765027322404
484.683333333221 35 41 0.27425881147541 0.037388012295082
487.733333333218 34 42 0.261348087431694 0.0353213114754098
492.816666666547 34 41 0.286264590163935 0.0508140983606557
527.383333333182 34 40 0.274615332690454 0.0424478784956606
600 34 40 0.261138911657558 0.0272178051001822
