# New log 27/04/2014 05:27:14
1 96 32 1.56789666666667 4.37607666666667
4.04999999999999 95 33 0.684354644808743 0.178003825136612
7.09999999999998 94 34 0.781963934426229 0.330987431693989
11.1000000000001 93 34 1.31398416666667 1.79922333333333
14.1000000000003 92 34 0.725692222222222 3.22778055555556
19.1500000000002 91 33 0.700799009900991 5.05654686468647
25.2499999999998 91 32 0.627738251366121 8.00489699453552
30.3333333333329 90 32 0.604397377049181 7.68688
36.4333333333325 89 33 0.65544043715847 5.21478551912568
37.4499999999992 89 32 0.597645901639345 4.2921737704918
42.5333333333322 88 32 0.826150163934426 4.71489016393443
43.5499999999988 87 31 0.54457868852459 3.89101147540984
44.5666666666654 86 32 0.602752459016394 2.20801639344262
49.6499999999985 85 32 0.751691147540983 2.20547639344262
50.6666666666651 84 33 0.810780327868853 4.86285409836066
58.7999999999979 83 34 0.617440983606557 1.84495717213115
60.8333333333312 82 35 0.615234426229508 0.306648360655738
61.8499999999978 81 35 0.646649180327869 0.388706557377049
62.8666666666644 80 35 0.510913114754099 0.708424590163934
66.9333333333308 79 35 0.497259426229508 0.414379508196721
67.9499999999974 78 34 0.501488524590164 0.450347540983607
78.1166666666635 77 35 0.491276557377049 2.1101693442623
84.2166666666632 76 36 0.523645901639344 3.42696693989071
86.2499999999964 76 35 0.535845081967213 4.27265409836066
92.349999999996 76 34 0.527448087431694 1.30692978142077
96.4166666666625 75 35 0.499872131147541 0.259467213114754
103.533333333329 74 36 0.490500468384075 0.245344028103045
112.683333333328 73 37 0.496952459016393 0.148069763205829
115.733333333328 72 38 0.508501639344262 0.194973224043716
117.766666666661 71 39 0.501829508196721 1.0788868852459
119.799999999994 70 39 0.482172950819672 1.09204426229508
125.899999999994 69 40 0.467859836065573 1.5585806010929
126.916666666661 69 39 0.459088524590164 0.367359016393443
129.933333333329 68 40 0.459933149171271 0.29748729281768
149.933333333345 67 41 0.446752333333333 0.511282666666667
152.933333333347 67 40 0.428421111111111 0.628153888888889
153.933333333348 66 40 0.42038 0.727868333333333
156.93333333335 66 39 0.419291666666667 0.686750555555556
158.933333333352 65 40 0.419735 0.6102075
164.933333333357 64 41 0.435053888888889 0.555214166666667
169.933333333361 63 42 0.48319 0.902607333333333
175.933333333365 62 43 0.405233055555556 0.747806666666667
186.933333333374 61 44 0.480467878787879 0.880689545454546
196.933333333382 60 45 0.398394 0.571338333333333
217.933333333399 59 44 0.394096825396826 0.582774841269841
219.933333333401 58 44 0.384113333333333 0.60099
241.933333333418 58 43 0.384196818181818 0.60670303030303
246.933333333422 57 44 0.387726666666667 0.650262
254.933333333428 56 45 0.3943175 0.556912291666667
273.216666666747 56 44 0.394142844120328 0.560134366453965
277.28333333341 55 45 0.368620491803279 0.575298770491803
281.350000000073 53 45 0.362529918032787 0.563006967213115
292.533333333396 52 45 0.437445603576751 0.539953800298063
294.566666666727 51 45 0.339170491803279 0.280353278688525
298.63333333339 51 44 0.335496721311475 0.325326639344262
299.650000000056 50 45 0.332639344262295 0.578636065573771
300.666666666722 49 45 0.330731147540984 0.553796721311476
311.850000000045 48 46 0.318173323397914 0.745207004470939
319.983333333371 47 47 0.31618893442623 0.859582581967213
321.000000000037 46 48 0.324926229508197 0.826818032786885
332.18333333336 45 49 0.306774366616989 0.475182116244411
333.200000000026 45 48 0.308288524590164 0.365681967213115
335.233333333357 44 49 0.298339344262295 0.323026229508197
345.400000000015 44 48 0.293902786885246 0.140555409836066
353.53333333334 43 48 0.2979375 0.169228278688525
374.883333333321 42 49 0.279385480093677 0.0607085089773614
394.19999999997 42 48 0.275256686798965 0.0609228645383952
400.299999999965 41 49 0.272627868852459 0.0052051912568306
428.766666666605 41 48 0.26323612412178 0.00449274004683841
449.09999999992 41 47 0.266785655737705 0.00622180327868853
458.249999999912 40 47 0.286465938069217 0.0110726775956284
570.083333333144 38 48 0.270933681073026 0.00341733233979136
600 38 48 0.246774316939891 0.000175737704918033
