# New log 27/04/2014 05:24:18
1 96 32 3.205965 0.911756666666667
5.06666666666665 94 33 1.60670491803279 0.169080737704918
6.08333333333332 94 31 1.25595737704918 0.0644573770491803
8.09999999999998 93 32 2.09829008264463 0.277380991735537
14.1000000000003 93 31 1.64381388888889 0.144439166666667
15.1000000000003 93 30 3.704225 0.234003333333333
21.1833333333334 92 30 2.11988465753425 0.200947397260274
22.2 92 29 1.66286885245902 0.181795081967213
24.2333333333332 92 28 3.16511475409836 0.230789344262295
33.3833333333327 91 27 4.0288956284153 0.225540619307832
35.4166666666659 91 26 2.02746475409836 0.106220491803279
36.4333333333325 90 27 1.55617540983607 0.140703278688525
38.4666666666658 89 27 1.46911721311475 0.0874254098360656
41.5166666666656 88 27 1.4799693989071 0.134425683060109
46.5999999999986 88 26 1.59409901639344 0.16135737704918
47.6166666666652 88 24 1.50615081967213 0.133106557377049
54.7333333333315 88 23 1.54774262295082 0.153400234192037
65.9166666666642 87 23 2.18498181818182 0.268115052160954
66.9333333333308 87 22 1.51084590163934 0.377811475409836
67.9499999999974 87 21 1.45369508196721 0.314660655737705
68.966666666664 86 22 1.6177131147541 0.244467213114754
70.9999999999973 85 23 1.57991229508197 0.208958196721312
75.0666666666637 85 22 2.54681967213115 0.177039344262295
76.0833333333303 84 23 2.50019180327869 0.202106557377049
88.2833333333296 84 22 2.10413729508197 0.225562704918033
94.3833333333293 83 23 1.77339617486339 0.283295901639344
97.4333333333291 83 22 3.28407650273224 1.38814098360656
99.4666666666623 82 22 1.99615655737705 1.26146967213115
100.483333333329 81 22 1.61787049180328 1.15826885245902
103.533333333329 80 22 1.36825300546448 0.59185737704918
108.616666666662 78 21 1.25994229508197 0.530746557377049
125.899999999994 77 22 1.34875226615236 0.234279459980714
187.933333333375 77 21 1.44003621708759 0.212129742074154
193.93333333338 77 20 1.40378888888889 0.0455038888888889
212.933333333395 76 21 1.31182350877193 0.0401716666666667
312.866666666711 75 22 1.57973652434957 0.0710884589726484
323.033333333368 75 21 1.25905147540984 0.0570339344262295
333.200000000026 75 19 1.17354213114754 0.117933114754098
351.500000000009 75 18 1.23844335154827 0.157792714025501
389.116666666641 74 18 1.19834882587506 0.149397474523704
405.383333333293 74 17 0.959943545081966 0.0910760245901639
425.716666666608 74 16 0.925998278688525 0.0463364754098361
452.149999999917 73 16 0.96419079445145 0.0739394703656999
486.716666666553 73 15 0.958233461909355 0.0809862102217936
488.749999999884 72 16 0.959172950819672 0.120590983606557
492.816666666547 71 16 0.926080737704918 0.126639344262295
519.249999999856 70 17 0.926655737704917 0.0937419924337957
600 70 17 0.99735329918033 0.0742474795081967
