# New log 27/04/2014 05:25:54
1 96 32 1.57654666666667 0.347345
5.06666666666665 94 34 1.33662827868852 1.13215286885246
7.09999999999998 94 33 2.04435573770492 0.950201639344262
8.09999999999998 94 32 2.76607333333333 0.297378333333333
9.10000000000003 94 30 3.42441 0.29616
18.1333333333336 93 30 2.18266531365314 0.353372509225092
21.1833333333334 92 31 1.66284316939891 0.308668306010929
24.2333333333332 91 32 2.36971803278689 0.443102732240437
25.2499999999998 90 33 2.35776885245902 0.457740983606557
26.2666666666665 89 34 2.32396721311475 0.481398360655738
30.3333333333329 89 33 1.48981803278689 0.363530737704918
33.3833333333327 88 34 1.38214480874317 0.316129508196721
38.4666666666658 88 32 1.39237639344262 0.310302950819672
39.4833333333324 86 34 1.33617213114754 0.615116393442623
41.5166666666656 85 35 1.30174016393443 0.724630327868852
42.5333333333322 85 33 1.62342950819672 0.444285245901639
44.5666666666654 85 31 1.34834426229508 0.467823770491803
45.583333333332 84 32 1.32253114754098 0.350347540983607
52.6999999999983 84 31 1.2882149882904 0.278862295081967
61.8499999999978 83 32 1.32325446265938 0.441045901639344
62.8666666666644 82 32 1.16710491803279 0.288060655737705
64.8999999999976 82 31 2.52231639344262 0.262783606557377
68.966666666664 81 32 1.93114016393443 0.243669672131148
75.0666666666637 81 31 1.22243797814208 0.228514207650273
76.0833333333303 80 32 1.24713770491803 0.225304918032787
80.1499999999967 79 32 1.0687262295082 0.183249590163934
83.1999999999966 79 31 1.08393278688525 0.22179781420765
87.266666666663 78 31 1.12774180327869 0.245081557377049
96.4166666666625 77 31 1.03770273224044 0.237908378870674
102.516666666662 77 30 1.0116 0.317039617486339
106.583333333329 76 30 1.01751639344262 0.460101229508197
123.866666666661 75 31 1.23045882352941 0.565222661523626
124.883333333328 74 31 0.854762295081967 0.303562295081967
125.899999999994 74 30 0.868481967213115 0.314344262295082
127.933333333327 73 31 0.848046721311476 0.331665573770492
130.93333333333 73 30 0.873281111111111 0.343595
147.933333333343 72 30 0.870969607843138 0.430085784313726
150.933333333346 71 31 0.882114444444445 0.692191111111111
163.933333333356 70 32 0.919896666666666 0.386847051282051
165.933333333358 70 30 0.958963333333334 0.3888775
166.933333333358 70 29 0.917206666666667 0.38132
175.933333333365 70 28 1.31990759259259 0.689323148148148
179.933333333369 69 29 0.706139583333333 0.45849
180.933333333369 69 28 0.690978333333333 0.48572
192.933333333379 68 29 1.59875125 0.4833075
203.933333333388 67 29 1.03813484848485 0.404768636363636
213.933333333396 66 29 0.70357 0.395070166666667
222.933333333403 65 30 0.566800925925926 0.46338
223.933333333404 64 30 0.524601666666667 0.355123333333333
226.933333333406 64 29 0.465067222222222 0.374219444444444
228.933333333408 63 29 1.08177833333333 0.444903333333333
243.93333333342 62 30 0.966345222222222 0.456678222222222
279.316666666741 61 31 0.716452143193592 0.723639236928874
282.366666666739 61 30 0.46616174863388 0.839741530054645
286.433333333401 61 29 0.455641803278688 0.875764754098361
289.483333333399 60 30 0.497080327868852 0.906309836065574
296.600000000059 59 30 0.502383606557377 0.812268618266979
303.716666666719 59 29 0.450168149882904 0.888587119437939
305.750000000051 58 30 0.430211475409836 0.600174590163934
407.416666666625 57 31 0.397890672131148 0.354209032786885
455.199999999915 57 30 0.37592354377398 0.0594042553191489
456.21666666658 56 31 0.368316393442623 0.0451508196721311
473.499999999898 55 32 0.384250337512054 0.0333558341369335
484.683333333221 54 32 0.370927570789866 0.0524166915052161
503.99999999987 53 33 0.348211475409836 0.0443742018981881
514.166666666528 52 33 0.359331967213115 0.0579977049180328
515.183333333193 51 34 0.353191803278689 0.0245770491803279
548.733333333163 50 35 0.421387878787879 0.0489202682563338
574.149999999806 49 36 0.391062885245901 0.0348525245901639
588.383333333127 48 37 0.345756674473068 0.0491572599531616
598.549999999784 47 38 0.349726229508197 0.0235618032786885
600 47 38 0.372165573770492 0.0225803278688525
