# New log 27/04/2014 05:23:00
1 96 32 1.23429166666667 5.22062166666667
7.09999999999998 95 32 0.998563114754098 0.685141803278689
10.1000000000001 94 33 0.608573888888889 2.91917444444444
13.1000000000002 93 34 0.720321111111111 1.80763277777778
20.1666666666668 92 35 0.936683254716983 1.57488349056604
23.2166666666666 91 36 0.621137704918033 1.78468306010929
28.2999999999997 90 36 0.833532459016394 2.20460229508197
31.3499999999995 89 37 0.621418032786885 0.897793442622951
36.4333333333325 88 38 0.65197868852459 0.384300655737705
38.4666666666658 87 38 0.701827049180328 0.243843442622951
39.4833333333324 87 37 0.741595081967213 0.46337868852459
45.583333333332 86 38 0.720126229508196 0.536873770491803
46.5999999999986 86 37 1.40324754098361 1.03788852459016
47.6166666666652 85 37 1.73824262295082 0.774173770491803
48.6333333333319 85 36 1.56362950819672 0.171440983606557
54.7333333333315 83 37 1.68995573770492 1.50324754098361
55.7499999999981 82 38 1.32345901639344 1.02142295081967
60.8333333333312 81 38 0.94635868852459 1.25652098360656
62.8666666666644 80 38 0.630222950819672 1.27183032786885
73.0333333333305 80 37 0.63095393442623 0.867857704918033
76.0833333333303 80 36 0.739562841530055 1.45551857923497
79.1333333333301 77 37 0.677943169398907 1.06004153005464
86.2499999999964 77 36 0.592552459016394 1.09944215456674
87.266666666663 76 37 0.592096721311476 2.02592459016393
93.3666666666627 75 37 0.650736065573771 1.31714398907104
98.4499999999957 74 38 0.580855081967213 1.4486462295082
100.483333333329 73 38 0.494172950819672 1.08446803278689
101.499999999996 71 40 0.515759016393443 1.08531803278689
102.516666666662 70 40 0.480185245901639 1.39782459016393
103.533333333329 69 40 0.486139344262295 1.36578852459016
104.549999999995 68 41 0.487254098360656 1.14397540983607
112.683333333328 68 40 0.96222213114754 2.03100163934426
116.749999999995 68 39 0.609358196721312 3.16145163934426
118.783333333328 67 39 0.480163114754099 3.76269672131148
119.799999999994 66 39 0.44637868852459 2.79426393442623
130.93333333333 65 39 0.865621706586826 0.849179790419162
141.933333333338 65 38 0.473007575757576 1.28897439393939
167.933333333359 64 39 0.443912948717948 0.597683846153846
168.93333333336 63 40 0.43911 0.886523333333333
183.933333333372 63 39 0.423620555555555 0.616783666666667
198.933333333384 62 40 0.425821222222222 0.475886777777778
199.933333333385 60 42 0.404936666666667 0.442508333333333
203.933333333388 60 41 0.4049525 0.385764583333333
206.93333333339 58 43 0.380985 0.161981666666667
215.933333333397 57 43 0.383038333333333 0.176552592592593
218.9333333334 56 44 0.354306111111111 0.167324444444444
219.933333333401 55 44 0.341335 0.155725
241.933333333418 54 45 0.345932803030303 0.188165909090909
282.366666666739 53 46 0.343183841714757 0.579867683429514
316.933333333374 52 47 0.339760800385728 0.348250819672131
343.366666666683 51 48 0.399108953341741 0.287772698612863
352.516666666675 50 49 0.320643897996357 0.16821985428051
362.683333333332 50 48 0.320134262295082 0.486008196721312
375.899999999987 49 49 0.325798486759142 1.13969848675914
409.449999999956 48 49 0.317733532041729 1.12980660705415
416.566666666616 48 48 0.311250117096019 1.1548718969555
420.633333333279 48 47 0.316612704918033 1.06467418032787
431.816666666603 48 46 0.321732786885246 1.00234709388972
442.999999999926 47 46 0.307261251862891 1.00787049180328
497.899999999876 47 45 0.300737219186399 0.622490497874924
498.916666666542 46 46 0.303659016393443 0.196059016393443
505.016666666536 45 47 0.295511202185792 0.0641464480874317
510.099999999865 44 48 0.291550163934426 0.000175409836065574
542.633333333168 44 47 0.280798155737705 0.000458401639344262
561.949999999818 44 46 0.281832614322693 0.000995513373597929
584.316666666464 44 45 0.278087332339792 0.00205342771982116
600 44 45 0.276172028688524 0.000186475409836066
