# New log 27/04/2014 06:44:47
1 96 32 1.87802166666667 0.303131666666667
4.04999999999999 95 33 1.22950819672131 0.522981967213115
5.06666666666665 95 32 1.20297868852459 0.503929508196721
7.09999999999998 94 31 2.18565573770492 0.361531967213115
8.09999999999998 94 29 3.98779833333333 0.630488333333333
10.1000000000001 93 29 2.89025333333333 2.27673
11.1000000000001 93 27 1.36663833333333 0.30441
18.1333333333336 93 25 1.7008672985782 0.46320355450237
19.1500000000002 91 26 2.2852 0.560814754098361
20.1666666666668 90 26 2.34116885245902 0.267762295081967
22.2 89 26 1.96914754098361 0.317314754098361
23.2166666666666 88 27 6.96169016393443 0.674745901639344
25.2499999999998 87 26 1.17461065573771 0.277445901639344
26.2666666666665 87 24 1.19081803278688 0.254016393442623
28.2999999999997 86 24 0.860347540983606 0.158886885245902
31.3499999999995 86 23 1.26304644808743 0.297448633879781
33.3833333333327 85 24 0.941528688524591 0.231554098360656
39.4833333333324 85 23 1.18273387978142 0.218437158469945
40.499999999999 84 24 0.902103278688524 0.750626229508197
42.5333333333322 83 25 0.748100819672131 0.806590163934426
43.5499999999988 82 25 0.866652459016393 0.910349180327869
56.7666666666647 81 25 0.84353266078184 0.829048549810845
60.8333333333312 79 27 1.07661639344262 0.651909836065574
62.8666666666644 77 29 0.744755737704918 0.905843442622951
63.883333333331 77 28 0.757573770491803 0.891670491803279
64.8999999999976 76 29 0.791847540983607 1.00180163934426
70.9999999999973 76 28 1.16625546448087 1.07655245901639
75.0666666666637 75 29 0.877323360655738 1.29298196721311
76.0833333333303 73 31 0.710183606557377 0.790732786885246
85.2333333333298 73 30 0.838804007285974 0.927762112932605
86.2499999999964 72 31 0.59177868852459 0.616537704918033
106.583333333329 71 31 0.766758852459016 0.584899180327869
114.716666666661 70 32 0.666744057377049 0.629904303278689
119.799999999994 70 31 0.719673770491804 2.00575016393443
120.816666666661 70 30 0.719747540983607 2.59591475409836
121.833333333328 69 30 0.678075409836066 0.293637704918033
124.883333333328 68 30 0.675500546448088 0.160681420765027
125.899999999994 67 31 0.608244262295082 0.0763491803278689
127.933333333327 66 31 0.622958196721312 0.0696975409836066
128.933333333328 66 30 0.625478333333334 0.0506866666666667
129.933333333329 65 31 0.629625 0.061805
131.93333333333 64 31 0.620756666666667 0.0580991666666667
133.933333333332 64 30 0.618526666666667 0.152964166666667
137.933333333335 63 30 0.74294375 0.29751625
144.933333333341 61 31 1.10020785714286 0.234740952380952
150.933333333346 60 31 0.868151388888889 0.33535
151.933333333346 59 32 0.594108333333333 0.137476666666667
161.933333333354 59 31 0.574551666666667 0.215012833333333
168.93333333336 58 32 0.464365238095239 0.0824804761904762
195.933333333381 57 33 0.50048487654321 0.143171049382716
211.933333333394 56 34 0.518351458333333 0.25811125
235.933333333413 55 35 0.450605833333333 0.255250625
251.933333333426 55 34 0.505662291666666 0.421037604166667
276.266666666744 54 34 0.846135479452056 0.313289178082192
277.28333333341 54 33 0.923759016393443 0.158795081967213
306.766666666716 53 34 0.405350197851893 0.0738365743357829
341.333333333352 52 35 1.8724762295082 0.0618814850530376
342.350000000017 52 34 1.63164754098361 0.042127868852459
375.899999999987 52 33 2.04154634873323 0.0446475906607054
377.933333333318 51 33 2.50783032786885 0.0446237704918033
389.116666666641 50 34 1.77931877794337 0.038221609538003
512.133333333196 50 33 2.05808809104457 0.0850187643950684
530.43333333318 49 34 1.86298160291439 0.0394544626593807
540.599999999837 48 35 1.74798852459016 0.037562131147541
555.849999999823 47 36 1.97389792349727 0.0381555191256831
583.299999999798 46 36 1.82533891924711 0.0375789313904068
589.399999999793 46 35 1.82333879781421 0.033842349726776
600 46 34 1.86986870342772 0.0377390461997019
