# New log 27/04/2014 06:42:20
1 96 32 1.48441 4.40010666666667
9.10000000000003 95 32 0.756361522633745 0.7332170781893
12.1000000000002 94 32 0.585488333333333 1.05016333333333
14.1000000000003 93 33 0.6551975 1.05019166666667
15.1000000000003 92 33 0.524653333333333 0.870881666666667
18.1333333333336 91 34 0.78120934065934 1.06006208791209
19.1500000000002 90 35 0.795472131147541 0.879737704918033
22.2 89 36 1.14044972677596 1.9034087431694
25.2499999999998 88 37 0.718879781420765 3.82812131147541
28.2999999999997 87 37 0.551283606557377 3.67722568306011
29.3166666666663 87 36 0.608955737704918 3.12239016393443
31.3499999999995 87 35 0.634560655737705 2.71795655737705
34.3999999999993 86 35 0.728699453551913 3.86296120218579
38.4666666666658 85 36 0.620747131147541 6.22544672131148
41.5166666666656 84 36 0.634060655737705 5.86808907103825
42.5333333333322 84 35 0.753404918032787 4.85606229508197
59.8166666666646 83 34 0.977575891996143 1.18317868852459
61.8499999999978 83 33 0.545684426229508 1.27228852459016
63.883333333331 83 32 0.60306393442623 1.63571229508197
64.8999999999976 82 33 1.1215606557377 1.27088196721311
66.9333333333308 80 34 0.810366393442623 1.35066065573771
67.9499999999974 79 35 0.567050819672131 1.09864098360656
68.966666666664 79 34 0.600990163934426 1.17906065573771
70.9999999999973 79 33 0.610780327868853 1.12625327868852
74.0499999999971 78 33 0.55020218579235 1.0417043715847
77.0999999999969 77 33 0.649225683060109 1.02686612021858
78.1166666666635 77 32 0.566167213114754 1.23167868852459
88.2833333333296 76 32 0.607804426229509 1.65782950819672
94.3833333333293 75 33 0.531790983606557 2.10946666666667
102.516666666662 75 32 0.690887090163935 1.19535676229508
119.799999999994 74 32 0.885791224686596 0.879373866923819
120.816666666661 73 33 0.54914262295082 0.719552459016394
122.849999999994 72 34 0.51937131147541 1.18015245901639
123.866666666661 71 35 0.487832786885246 1.2884131147541
124.883333333328 70 36 0.492408196721311 1.19824754098361
126.916666666661 69 36 0.487639344262295 1.27837786885246
127.933333333327 68 36 0.471388524590164 1.32616557377049
129.933333333329 68 35 0.470190833333334 1.29418583333333
132.933333333331 67 36 0.507857222222222 1.29874722222222
136.933333333334 67 35 0.476681666666667 1.10222166666667
145.933333333342 67 34 0.503669444444445 2.18944444444444
147.933333333343 66 35 0.520971666666667 7.04735083333333
149.933333333345 65 36 0.4429375 1.99949416666667
152.933333333347 65 35 0.446157777777778 1.88889055555556
158.933333333352 64 36 1.03770083333333 2.14026361111111
163.933333333356 63 36 0.462008 1.748151
181.93333333337 62 37 0.503718148148148 1.5253312962963
183.933333333372 61 38 0.453745 0.5087325
191.933333333378 60 39 0.458601875 0.499081875
193.93333333338 60 38 0.470961666666667 0.312734166666667
195.933333333381 59 39 0.4444475 0.0320033333333333
196.933333333382 58 40 0.558216666666667 0.00982333333333333
207.933333333391 57 41 0.414249545454545 0.0468374242424242
211.933333333394 55 42 0.395279166666666 0.0154625
223.933333333404 53 44 0.395674722222222 0.138294444444444
232.933333333411 52 45 0.385196851851852 0.0283935185185185
237.933333333415 51 45 0.426262666666667 0.335315666666667
253.933333333428 51 44 0.372108645833334 0.0310770833333333
271.183333333415 50 45 0.372066183574879 0.192771400966184
272.200000000081 49 46 0.41684262295082 0.151775409836066
273.216666666747 48 46 0.34887868852459 0.189480327868852
283.383333333404 47 47 0.34875131147541 0.13450131147541
307.783333333382 46 48 0.343570286885247 0.244674112021858
330.150000000028 45 48 0.336733383010432 0.212974962742176
336.250000000023 44 49 0.331006830601093 0.0392095628415301
343.366666666683 43 50 0.315120608899297 0.0242217798594848
346.41666666668 43 49 0.295684153005464 0.00907868852459016
349.466666666678 42 50 0.304613114754098 0.00191366120218579
351.500000000009 41 50 0.303104098360656 0.000172131147540984
395.216666666636 40 51 0.289343919176514 0.0563682805947389
405.383333333293 40 50 0.291257213114754 0.0046255737704918
411.483333333288 39 51 0.282626775956284 0.0108677595628415
417.583333333282 39 50 0.276098087431694 0.00991666666666667
466.383333333238 38 51 0.273121209016393 0.383576092896175
476.549999999895 37 52 0.280656065573771 0.00296573770491803
496.88333333321 37 51 0.256332704918033 0.000745983606557377
503.99999999987 36 52 0.258927634660422 0.000166978922716628
510.099999999865 35 53 0.263055191256831 0.00065
554.833333333157 35 52 0.252461214605067 0.00148666169895678
600 35 52 0.2509341712204 0.00306426229508197
