# New log 27/04/2014 06:43:32
1 96 32 3.43657333333333 1.61608166666667
4.04999999999999 96 31 1.76305901639344 1.01170218579235
5.06666666666665 96 29 1.59373606557377 1.32525737704918
6.08333333333332 96 27 4.8012 1.33255737704918
7.09999999999998 95 27 1.71096557377049 1.13657213114754
10.1000000000001 94 28 1.65097222222222 0.817959444444444
11.1000000000001 94 27 2.40775333333333 0.15073
12.1000000000002 93 28 3.65745166666667 0.228186666666667
14.1000000000003 92 29 2.96683 0.278050833333333
15.1000000000003 91 29 2.92508333333333 0.182848333333333
18.1333333333336 91 28 2.75557142857143 0.311217032967033
19.1500000000002 90 28 3.21515245901639 0.267614754098361
20.1666666666668 89 29 2.71659672131147 0.137867213114754
22.2 88 29 2.93940737704918 0.333554918032787
23.2166666666666 88 28 2.82751803278688 0.231026229508197
26.2666666666665 87 29 3.24777486338798 0.384657923497268
27.2833333333331 87 28 1.84307704918033 0.178632786885246
29.3166666666663 85 29 2.5425868852459 0.13698606557377
32.3666666666661 85 28 1.84564754098361 0.235049726775956
33.3833333333327 84 29 1.48155737704918 0.281588524590164
36.4333333333325 84 28 1.34054316939891 0.261270491803279
40.499999999999 83 28 2.26467459016393 0.232755327868852
41.5166666666656 82 29 1.57616065573771 0.158770491803279
43.5499999999988 81 29 1.25851229508197 0.774287704918033
44.5666666666654 81 28 1.23166885245902 0.697316393442623
47.6166666666652 81 27 1.21897103825137 0.485156830601093
48.6333333333319 80 28 1.29829344262295 0.316880327868853
61.8499999999978 79 29 1.22566343001261 0.131314627994956
66.9333333333308 78 30 1.35769934426229 0.166907540983607
69.9833333333306 78 29 1.72401256830601 0.183963934426229
74.0499999999971 78 27 1.73961270491803 0.181416803278689
81.1666666666633 78 26 1.74451428571428 0.25671756440281
83.1999999999966 77 26 1.20858114754098 0.225161475409836
104.549999999995 76 26 1.13365355191257 0.292371896955504
111.666666666662 75 26 1.04972576112412 0.11544355971897
123.866666666661 75 25 1.30811407103825 0.260200819672131
127.933333333327 74 25 1.47620614754098 0.161588524590164
130.93333333333 73 25 1.55429333333333 1.05652388888889
132.933333333331 72 26 1.65060416666667 1.7622375
137.933333333335 71 27 1.49091533333333 0.917739666666667
143.93333333334 70 28 1.50608027777778 0.862976111111111
146.933333333342 69 29 1.23395888888889 1.04529277777778
151.933333333346 68 30 1.028053 0.934378333333333
155.93333333335 67 31 1.25604916666667 0.491126666666667
157.933333333351 67 30 2.02249666666667 0.289596666666667
160.933333333354 67 29 1.93965833333333 0.277546666666667
168.93333333336 66 29 1.14687520833333 0.12991375
170.933333333362 65 29 0.895901666666667 0.0362958333333333
171.933333333362 65 28 0.868288333333333 0.075565
177.933333333367 65 27 0.88730888888889 0.0614622222222222
180.933333333369 63 29 1.70410833333333 0.152920555555556
213.933333333396 63 28 1.20306363636364 0.187720202020202
216.933333333398 63 27 1.13811944444444 0.103517777777778
223.933333333404 62 27 0.937457619047619 0.0676197619047619
225.933333333405 61 28 0.779903333333333 0.0486616666666667
244.93333333342 61 27 0.727562894736843 0.0549287719298246
268.133333333418 61 26 0.743490301724138 0.0403323994252874
271.183333333415 60 27 0.759743715846995 0.049444262295082
272.200000000081 60 26 0.692214754098361 0.00115409836065574
281.350000000073 59 27 0.72722204007286 0.0653143897996357
285.416666666736 59 26 0.713877049180328 0.0286524590163934
297.616666666725 58 27 0.754820901639345 0.0740777322404372
302.700000000053 58 26 0.725272131147541 0.0489813114754098
304.733333333385 58 25 0.751382786885246 0.0482270491803279
306.766666666716 57 26 0.746518032786885 0.105465573770492
308.800000000048 56 26 0.723778688524591 0.0759147540983607
321.000000000037 55 27 0.699114344262294 0.140346174863388
329.133333333363 55 26 0.682829303278688 0.0689336065573771
334.216666666691 54 26 0.677837704918033 0.0388459016393443
349.466666666678 53 27 0.659194316939891 0.113221967213115
361.666666666666 52 27 0.653480464480874 0.0477946721311475
363.699999999998 51 27 0.65037131147541 0.0246622950819672
399.283333333299 50 27 0.667597330210772 0.0429260889929742
432.833333333268 50 26 0.633721708892201 0.0375288623944362
451.133333333252 49 27 0.619835519125683 0.0406412568306011
533.483333333177 49 26 0.639595830803481 0.0449797207043109
539.583333333171 49 25 0.649748087431694 0.0377841530054645
541.616666666503 49 24 0.641784426229508 0.0350098360655738
600 49 24 0.655439457320521 0.0409842283776145
