# New log 27/04/2014 05:58:47
1 96 32 2.88799333333333 1.191465
6.08333333333332 95 32 1.46284491803279 0.44407737704918
7.09999999999998 95 31 1.56157213114754 0.537790163934426
9.10000000000003 94 30 1.63623166666667 0.636596666666667
10.1000000000001 93 30 1.39759166666667 0.441641666666667
14.1000000000003 93 29 1.59885916666667 0.5371675
15.1000000000003 93 28 2.29927833333333 0.351533333333333
24.2333333333332 91 30 4.50284872262774 0.446826824817518
30.3333333333329 90 29 4.45752896174864 1.02735846994536
34.3999999999993 90 28 4.13116229508197 0.611424180327869
36.4333333333325 89 29 3.82210409836065 0.278913114754098
41.5166666666656 88 30 4.36392590163935 0.461683278688525
42.5333333333322 87 31 3.85075245901639 0.422844262295082
43.5499999999988 87 30 4.20360163934426 0.395286885245902
44.5666666666654 86 30 3.86170655737705 0.491716393442623
46.5999999999986 86 29 3.85468442622951 0.39806393442623
49.6499999999985 85 30 3.87607759562841 0.383856830601093
52.6999999999983 85 29 4.01387704918033 0.349688524590164
53.7166666666649 85 28 3.75187868852459 0.270031147540984
56.7666666666647 84 28 3.84340928961749 0.328991803278689
58.7999999999979 83 28 1.22762131147541 0.315302459016393
65.9166666666642 83 27 1.45059203747073 1.1315737704918
73.0333333333305 82 27 3.55174777517564 0.694317330210773
74.0499999999971 81 28 1.73727213114754 0.393531147540984
86.2499999999964 81 27 1.15841420765027 0.615405601092896
93.3666666666627 81 26 1.2360962529274 0.351101639344262
94.3833333333293 81 25 1.04954262295082 0.311967213114754
99.4666666666623 81 24 1.26887475409836 0.340360327868852
100.483333333329 79 26 1.21918032786885 0.229285245901639
105.566666666662 78 25 2.9581124590164 0.186176721311475
110.649999999995 77 26 1.8683937704918 0.0744809836065574
125.899999999994 77 25 1.01595180327869 0.0390045901639344
130.93333333333 76 26 0.990028145695365 0.0384149006622517
165.933333333358 76 25 0.978896095238095 0.130625380952381
195.933333333381 76 24 1.03602527777778 0.354413111111111
208.933333333392 75 25 1.81067115384615 0.523135256410256
209.933333333393 74 26 3.81831333333334 0.84274
215.933333333397 73 27 2.18573222222222 0.5757275
216.933333333398 72 28 0.961308333333333 0.870661666666667
239.933333333416 71 28 0.951712318840581 0.692713405797102
264.066666666755 70 29 0.943747306629832 0.313957251381216
279.316666666741 70 28 0.910081420765028 0.304053333333333
295.583333333393 69 27 0.896418647540984 0.465506352459016
325.0666666667 69 26 0.877340700960995 0.0460547201808932
348.450000000012 69 25 0.904039914468994 0.384800213827513
357.600000000003 69 24 1.05520364298725 0.0717322404371585
384.033333333313 68 25 1.01914161412358 0.164923266078184
403.349999999962 67 26 0.92113666954271 0.345399741156169
434.8666666666 67 25 0.93081099947118 0.626983712321523
476.549999999895 66 25 0.916618512594964 0.0927933226709316
477.566666666561 66 24 0.849304918032787 0.028583606557377
482.64999999989 65 25 1.62322262295082 0.116399016393443
486.716666666553 65 24 0.84787213114754 0.0321360655737705
514.166666666528 65 23 0.935617850637523 0.0423102610807529
543.649999999834 64 24 0.946245958168458 0.0509463538722442
573.133333333141 64 23 0.916917806670436 0.043208027133974
575.166666666472 64 22 0.920247540983607 0.0442434426229508
584.316666666464 64 21 0.929605646630237 0.0927032786885246
600 64 21 0.960929200819672 0.153887807377049
