# New log 27/04/2014 05:55:38
1 96 32 1.48467333333333 6.08151
4.04999999999999 95 32 0.763460655737705 0.272273224043716
15.1000000000003 94 32 0.90459185520362 7.05099019607843
18.1333333333336 93 31 1.13461538461538 8.50879395604396
22.2 92 32 1.37265737704918 7.77899344262295
24.2333333333332 92 31 1.25375409836066 6.14303606557377
26.2666666666665 91 30 0.877786885245902 8.09989918032787
28.2999999999997 91 29 0.798050819672131 9.79856967213115
29.3166666666663 90 29 1.18629672131148 10.8705098360656
31.3499999999995 89 29 1.25477213114754 11.3458836065574
36.4333333333325 88 28 0.753170819672131 6.82705540983607
39.4833333333324 88 27 0.620368852459016 4.20289016393443
52.6999999999983 87 28 0.733319924337957 5.04159936948298
67.9499999999974 86 28 0.696423497267759 7.45860786885246
69.9833333333306 85 29 0.598990983606557 8.91511885245902
72.0166666666639 84 30 0.611165573770492 8.73862131147541
81.1666666666633 84 29 0.68107795992714 8.63834098360656
84.2166666666632 83 28 0.649331693989071 5.10935300546448
85.2333333333298 82 29 0.535986885245902 3.62033278688525
87.266666666663 81 29 0.581186885245902 2.86295819672131
89.2999999999962 81 28 0.533197540983607 0.780867213114754
90.3166666666628 80 28 0.551275409836065 0.743419672131148
91.3333333333294 79 28 0.565893442622951 1.18189672131148
107.599999999995 79 27 0.742355942622951 5.44762766393443
112.683333333328 77 28 0.68276262295082 2.21268852459016
116.749999999995 76 29 0.592965163934427 2.44574016393443
119.799999999994 76 28 0.815124590163935 2.10441967213115
121.833333333328 75 29 0.716217213114754 2.11064426229508
123.866666666661 74 30 0.518815573770492 2.32532049180328
130.93333333333 73 30 0.770730188679245 3.13798301886792
131.93333333333 72 31 0.494428333333334 4.85200333333333
146.933333333342 72 30 0.589029444444444 4.42376055555556
147.933333333343 72 29 0.553366666666667 3.557105
153.933333333348 71 30 0.66404111111111 3.53430833333333
166.933333333358 71 29 0.516712692307693 3.86349756410256
170.933333333362 70 30 0.628997499999999 3.97828291666667
171.933333333362 69 31 0.507245 4.21733666666667
176.933333333366 69 30 0.492023333333333 3.93846233333333
182.933333333371 69 29 0.560545277777778 3.53747583333333
183.933333333372 69 28 0.5309 3.62386
190.933333333377 68 29 0.499547142857143 3.55836666666667
197.933333333383 68 28 0.521622142857143 3.58908857142857
198.933333333384 67 28 0.499605 3.52026166666667
214.933333333397 65 28 0.495514895833334 3.61579354166667
232.933333333411 64 28 0.530612592592592 4.08195962962963
237.933333333415 63 29 0.471033 4.44567233333333
244.93333333342 62 29 0.478704285714285 4.42152238095238
248.933333333424 62 28 0.47094 3.5512625
251.933333333426 61 29 0.460822777777778 3.30082277777778
254.933333333428 60 29 0.453668888888889 3.33044111111111
268.133333333418 60 28 0.445500883838384 3.43691603535354
275.250000000078 59 28 0.436486182669789 3.19227962529274
328.116666666697 59 27 0.433312200504413 3.35534306431274
399.283333333299 58 28 0.432772388758783 3.53889922716628
424.699999999942 57 29 0.425322163934427 3.42707114754098
437.916666666597 57 28 0.422787389659521 3.43953556116015
444.016666666592 56 28 0.430384972677596 3.46935573770492
469.433333333235 55 29 0.40767481967213 3.55186104918033
492.816666666547 54 29 0.405588667141839 3.73472651461155
553.816666666492 54 28 0.391025218579234 1.55393767759563
558.89999999982 53 28 0.379654754098361 0.899138360655738
600 53 28 0.371330027988806 0.869438704518193
