# New log 27/04/2014 06:00:24
1 96 32 1.78187333333333 0.515221666666667
6.08333333333332 95 33 0.885456721311476 0.272617049180328
8.09999999999998 94 33 1.04813553719008 0.37574958677686
9.10000000000003 93 33 1.26979666666667 0.396273333333333
11.1000000000001 93 32 1.16170833333333 0.44293
13.1000000000002 93 31 1.54238416666667 0.471315833333333
17.116666666667 92 31 1.83429128630705 0.51340622406639
18.1333333333336 91 31 2.53496393442623 0.642526229508197
20.1666666666668 90 31 3.37118278688525 0.490062295081967
21.1833333333334 90 30 4.45874426229508 0.582186885245902
22.2 90 29 4.1321131147541 0.480845901639344
23.2166666666666 90 28 4.49783114754098 0.492644262295082
25.2499999999998 89 28 4.0594 0.425759836065574
34.3999999999993 88 28 3.58375409836066 0.447261384335155
39.4833333333324 88 27 2.58345049180328 0.440053442622951
41.5166666666656 88 26 2.45501147540984 0.126961475409836
45.583333333332 87 26 2.31908524590164 0.109232786885246
50.6666666666651 86 27 2.47219836065574 0.09596
51.6833333333317 86 26 2.23456393442623 0.0658770491803279
52.6999999999983 85 27 2.64814754098361 0.121904918032787
53.7166666666649 85 26 2.47684426229508 0.164260655737705
54.7333333333315 84 27 2.98039016393443 0.186693442622951
57.7833333333313 83 26 2.43423005464481 0.0948622950819672
59.8166666666646 83 25 2.21075 0.920897540983607
65.9166666666642 82 26 2.53955136612022 0.185773770491803
70.9999999999973 81 27 2.7702331147541 0.28466393442623
76.0833333333303 80 28 2.3128193442623 0.163524918032787
82.18333333333 79 29 2.42876803278688 0.429214480874317
87.266666666663 78 30 2.39462098360656 0.17378131147541
88.2833333333296 77 31 2.33222459016394 0.126798360655738
90.3166666666628 76 31 2.25325245901639 0.0726450819672131
94.3833333333293 75 32 2.21925942622951 0.0886016393442623
95.3999999999959 74 33 2.11105901639344 0.122462295081967
102.516666666662 74 32 1.56964519906323 0.0825861826697892
109.633333333328 73 33 2.46534074941452 0.337471896955504
111.666666666662 72 34 3.21447786885246 0.344741803278689
125.899999999994 71 35 1.87562213114754 0.304145784543326
129.933333333329 70 36 0.748645867768595 0.341610743801653
140.933333333338 70 35 1.01790893939394 0.306509242424242
145.933333333342 69 35 0.731810333333334 0.127963333333333
146.933333333342 68 36 0.682115 0.162925
152.933333333347 67 36 0.596261666666667 0.115643055555556
156.93333333335 66 37 2.21437375 0.391895
157.933333333351 65 38 0.671651666666667 0.121931666666667
161.933333333354 64 38 0.632660416666667 0.11633125
163.933333333356 64 37 0.643265 0.16591
164.933333333357 62 39 0.712325 0.128826666666667
165.933333333358 61 38 0.626353333333333 0.129668333333333
166.933333333358 61 37 0.656471666666667 0.161808333333333
170.933333333362 60 38 1.14112458333333 0.216032916666667
174.933333333365 60 37 0.635277083333334 0.195521666666667
175.933333333365 59 37 0.598756666666667 0.103933333333333
176.933333333366 59 36 0.593228333333333 0.08555
178.933333333368 58 37 0.591065833333333 0.179411666666667
184.933333333373 57 38 0.567796388888889 0.152358888888889
199.933333333385 56 38 0.577757666666667 0.522866888888889
202.933333333387 55 38 2.328905 0.711406111111111
207.933333333391 54 39 1.347634 1.24321566666667
208.933333333392 54 38 0.570283333333334 1.03508166666667
210.933333333393 54 37 0.602353333333333 0.807519166666667
221.933333333402 54 36 0.904157272727273 0.509901060606061
225.933333333405 54 35 0.971438333333333 0.8307725
226.933333333406 54 34 0.510018333333333 0.83941
257.966666666761 53 35 0.614300483351234 0.441364715359828
260.000000000092 52 35 0.552086065573771 0.297513114754098
296.600000000059 52 34 0.764883970856104 0.604450591985428
299.650000000056 52 33 0.381498360655738 0.0481950819672131
301.683333333388 51 34 0.388139344262295 0.412358196721312
309.816666666714 50 35 0.390090573770492 1.30843790983607
388.099999999976 50 34 0.342754375133063 0.0899154353842879
389.116666666641 50 33 0.348280327868853 0.0598491803278689
391.149999999973 49 33 0.344517213114754 0.06095
428.766666666605 48 34 0.340123393885689 0.142082233052725
501.966666666539 48 33 0.34125596539162 0.473558970856102
589.399999999793 47 34 0.407322359893252 0.0742250667174991
600 47 34 0.33086825633383 0.0349360655737705
