# New log 27/04/2014 05:36:30
1 96 32 1.910635 0.628493333333333
5.06666666666665 96 31 1.2935868852459 0.441006147540984
6.08333333333332 95 31 0.933845901639344 0.414444262295082
7.09999999999998 94 31 0.930360655737706 0.288114754098361
9.10000000000003 94 30 2.26819 1.12845083333333
12.1000000000002 93 30 2.25543222222222 0.590181111111111
22.2 91 32 3.70318201320132 0.569144059405941
23.2166666666666 90 33 2.28378852459016 0.546008196721312
25.2499999999998 89 34 3.00295901639344 0.680647540983607
27.2833333333331 88 34 2.3818131147541 0.459917213114754
28.2999999999997 87 35 5.17003606557377 0.703224590163934
29.3166666666663 86 35 5.84934262295082 0.490024590163934
30.3333333333329 85 35 3.24933442622951 0.493639344262295
31.3499999999995 84 36 2.63519180327869 0.441306557377049
32.3666666666661 84 34 2.46576885245902 0.261927868852459
35.4166666666659 83 34 2.3922650273224 0.235605464480874
37.4499999999992 81 35 2.30423852459016 0.589927049180328
39.4833333333324 80 35 2.55160737704918 0.342145081967213
40.499999999999 79 36 4.23985737704918 0.35317868852459
42.5333333333322 78 37 2.31790737704918 0.268931967213115
46.5999999999986 77 38 2.35897868852459 0.320584016393443
48.6333333333319 77 37 2.19663606557377 0.288876229508197
50.6666666666651 76 37 2.09137704918033 0.353499180327869
52.6999999999983 76 36 3.19670409836066 1.57657213114754
54.7333333333315 75 37 4.11171639344262 0.286856557377049
56.7666666666647 75 36 4.33734754098361 0.423056557377049
57.7833333333313 75 35 4.43929508196721 0.853891803278689
59.8166666666646 74 36 4.30507950819672 0.290980327868852
60.8333333333312 73 36 3.96358852459016 0.384159016393443
61.8499999999978 72 36 3.89836393442623 0.345814754098361
65.9166666666642 71 36 4.34118032786885 0.432268442622951
72.0166666666639 70 36 3.90400081967213 0.382727595628415
75.0666666666637 70 35 3.91389344262295 0.479928415300546
81.1666666666633 69 35 5.05840956284153 0.881105191256831
82.18333333333 68 36 3.83802786885246 0.480318032786885
96.4166666666625 68 35 3.73155714285714 0.549972599531616
97.4333333333291 67 35 3.61424098360656 0.223750819672131
108.616666666662 65 37 2.97373710879285 0.564418479880775
110.649999999995 63 39 2.14176803278689 0.232234426229508
111.666666666662 62 38 2.2503262295082 0.304026229508197
117.766666666661 62 37 1.98834071038251 0.500856010928962
119.799999999994 61 38 1.8711762295082 2.53235245901639
128.933333333328 61 37 0.578703284671532 0.490866788321168
129.933333333329 60 38 0.56434 0.380843333333333
131.93333333333 60 37 0.520770833333333 0.466376666666667
145.933333333342 60 36 0.473144642857143 0.463816071428571
170.933333333362 59 35 0.571778533333335 0.264350666666667
172.933333333363 58 36 0.975225833333334 0.407441666666667
173.933333333364 57 37 0.616611666666667 0.22588
174.933333333365 56 37 0.470855 0.178973333333333
176.933333333366 55 38 0.443148333333333 0.168259166666667
215.933333333397 55 37 0.408679401709402 0.227896538461538
221.933333333402 55 36 0.407890555555556 0.192406944444444
243.93333333342 55 35 0.433087121212121 0.198659318181818
286.433333333401 55 34 0.77297968627451 0.217974
296.600000000059 55 33 0.479724426229508 0.196228524590164
297.616666666725 54 33 0.403265573770492 0.1653
300.666666666722 53 33 0.408691256830601 0.224819672131148
312.866666666711 52 34 0.415443852459016 0.199731420765027
313.883333333377 51 35 0.562885245901639 0.17417868852459
324.050000000034 50 36 0.373202786885246 0.244904590163934
347.433333333346 49 37 0.402887954383464 0.305495866001426
411.483333333288 48 37 0.355782409575851 0.288224902419984
414.533333333285 48 36 0.343936065573771 0.18850218579235
438.933333333263 48 35 1.12758148907104 0.199727254098361
502.983333333205 47 36 0.402077361436378 0.205883242258652
514.166666666528 47 35 0.34918479880775 0.195730402384501
590.416666666458 46 36 0.357034841530055 0.208310557377049
600 46 36 0.349970655737705 0.204136721311475
