# New log 27/04/2014 05:31:38
1 96 32 1.558825 5.837335
3.03333333333333 95 33 0.789973770491804 0.696790983606557
18.1333333333336 94 34 0.903389624724063 6.17739944812362
19.1500000000002 93 35 0.990575409836066 9.8864
25.2499999999998 91 36 0.688469398907104 10.6976300546448
29.3166666666663 90 37 0.775551639344262 9.96216639344262
32.3666666666661 90 36 0.660188524590164 6.95101639344262
34.3999999999993 90 35 0.650870491803279 7.21040573770492
35.4166666666659 89 36 0.800934426229508 8.05200163934426
36.4333333333325 88 37 0.685695081967213 8.15514918032787
38.4666666666658 87 37 0.720784426229508 8.75502868852459
43.5499999999988 87 36 0.860501311475409 10.081673442623
44.5666666666654 86 37 1.19022950819672 11.0549049180328
51.6833333333317 86 36 0.756250819672131 8.72965690866511
55.7499999999981 85 36 0.618070901639345 6.35572131147541
56.7666666666647 84 35 0.685724590163935 8.26743278688525
59.8166666666646 83 36 0.724036612021858 9.98706830601093
60.8333333333312 82 36 0.922249180327869 11.0823442622951
63.883333333331 81 37 0.684190710382513 11.2401453551913
68.966666666664 80 38 1.08340885245902 9.36619213114754
69.9833333333306 80 37 0.694609836065574 11.8052901639344
72.0166666666639 79 37 0.606577868852459 11.6372737704918
81.1666666666633 78 38 1.65485719489982 9.42853296903461
85.2333333333298 77 38 0.621011475409836 7.95140860655738
87.266666666663 77 37 0.635534426229509 7.72953032786885
102.516666666662 76 38 0.752340327868853 8.51514754098361
107.599999999995 74 38 1.07591442622951 9.32027672131148
114.716666666661 74 37 0.722735128805621 11.2754281030445
116.749999999995 73 37 1.31695 10.5483959016393
117.766666666661 72 37 1.50042786885246 10.4343918032787
119.799999999994 72 35 1.07557786885246 9.86290901639344
120.816666666661 71 35 1.51670491803279 8.31860655737705
121.833333333328 70 36 1.7003868852459 7.99900327868852
124.883333333328 70 35 1.1835825136612 6.77916775956284
125.899999999994 70 34 0.686539344262295 3.40330491803279
135.933333333334 69 35 0.606426411960133 4.1487365448505
154.933333333349 69 34 0.660927456140351 2.90622552631579
167.933333333359 68 35 0.531353974358974 1.74612461538462
176.933333333366 67 36 0.477490555555556 2.19933388888889
178.933333333368 66 37 0.46321 2.10211166666667
180.933333333369 65 37 0.453295 1.42830333333333
207.933333333391 65 36 0.474418333333333 1.91198962962963
208.933333333392 65 35 0.436501666666667 2.39618833333333
242.933333333419 65 34 0.524300931372549 4.45410058823529
281.350000000073 64 34 0.472797613882863 3.31236876355748
294.566666666727 63 35 0.474577553593947 2.72644918032787
304.733333333385 62 35 0.485620983606557 2.55368754098361
307.783333333382 61 36 0.484335519125683 1.78337923497268
308.800000000048 60 37 0.476534426229508 1.77756557377049
322.016666666702 59 38 0.542158259773014 3.14789129886507
336.250000000023 59 37 0.669897658079625 2.03071088992974
342.350000000017 58 38 0.419348907103825 0.903391803278689
345.400000000015 57 38 0.408527322404372 0.872011475409836
346.41666666668 56 38 0.413872131147541 0.843568852459016
352.516666666675 55 39 0.409627868852459 0.957098907103825
377.933333333318 54 39 0.41358006557377 1.26999495081967
394.19999999997 54 38 0.402260860655738 0.996117520491803
427.74999999994 54 37 0.411042076502733 1.37340149031297
432.833333333268 53 38 0.401222295081967 1.34946131147541
465.366666666572 53 37 0.399126485655737 1.35426803278689
468.416666666569 52 37 0.405042076502732 1.35495191256831
485.699999999887 51 37 0.387029315332691 1.350406268081
528.399999999848 50 38 0.375723341139735 1.35266163153786
535.516666666508 50 37 0.368254566744731 1.36442669789227
544.6666666665 49 38 0.370654826958106 1.35976029143898
551.78333333316 48 39 0.346333255269321 1.35522693208431
553.816666666492 48 38 0.342744262295082 1.36820081967213
554.833333333157 47 38 0.337408196721312 1.37925409836066
576.183333333138 46 39 0.343600156128025 1.34873786104606
588.383333333127 46 38 0.339827322404372 1.34960505464481
600 46 38 0.33369112021858 1.35267144808743
