# New log 27/04/2014 05:34:41
1 96 32 3.02913666666667 1.48810166666667
4.04999999999999 95 32 1.45674754098361 0.936705464480874
5.06666666666665 95 31 1.86036721311475 1.0050868852459
6.08333333333332 95 30 2.3170868852459 1.55060819672131
8.09999999999998 95 28 2.02049669421488 1.25785289256198
9.10000000000003 95 27 1.43730666666667 0.627966666666667
10.1000000000001 95 26 3.202105 1.04179666666667
11.1000000000001 95 25 2.84355333333333 0.801453333333333
20.1666666666668 94 26 2.49398952205882 0.896632904411765
21.1833333333334 92 26 1.56042295081967 0.526114754098361
22.2 92 25 1.4773606557377 0.849304918032787
27.2833333333331 91 25 1.65344524590164 0.868896393442623
29.3166666666663 91 24 1.53824426229508 0.675577049180328
36.4333333333325 90 24 2.02801217798595 1.06045597189696
42.5333333333322 90 23 2.30819289617486 1.60518825136612
43.5499999999988 89 23 2.47488524590164 0.935006557377049
49.6499999999985 88 24 2.51320737704918 0.828744808743169
50.6666666666651 88 23 2.05306229508197 0.789622950819672
54.7333333333315 87 24 1.51488524590164 0.775068442622951
55.7499999999981 86 25 1.4700737704918 1.21903278688525
56.7666666666647 85 25 1.50359672131148 0.844160655737705
60.8333333333312 84 26 1.84438975409836 1.34600450819672
65.9166666666642 84 25 1.36224786885246 0.767510819672131
69.9833333333306 83 26 1.36029631147541 0.889790163934426
72.0166666666639 83 25 1.38486557377049 0.795470491803279
73.0333333333305 83 24 1.72905901639344 0.658319672131148
74.0499999999971 83 23 1.3623131147541 0.909381967213115
78.1166666666635 83 22 1.32656475409836 0.808927459016393
86.2499999999964 83 21 1.64350696721311 1.12817172131148
92.349999999996 82 22 1.49016584699454 0.990527868852459
95.3999999999959 81 21 1.38675191256831 0.627445355191257
102.516666666662 81 20 2.14216955503513 0.871967681498829
108.616666666662 80 20 2.0566849726776 0.885948907103825
113.699999999995 80 19 1.72995901639344 0.766225245901639
114.716666666661 80 18 1.25721639344262 0.817880327868852
119.799999999994 79 19 1.33856229508197 0.823081639344262
121.833333333328 79 18 1.22207868852459 1.12326885245902
132.933333333331 79 17 1.66171546546547 0.732771921921922
143.93333333334 79 16 1.31545924242424 0.73244303030303
147.933333333343 79 15 1.20092666666667 0.7234325
156.93333333335 78 16 1.1670337037037 0.722434444444444
165.933333333358 77 16 1.16412407407407 0.994660185185185
168.93333333336 76 16 1.22374333333333 0.860351666666667
178.933333333368 75 17 1.09736733333333 0.653584833333333
179.933333333369 74 17 1.07695833333333 0.696828333333333
201.933333333386 73 18 1.21852242424242 0.719499090909091
206.93333333339 72 17 1.18930266666667 0.798202
216.933333333398 71 18 1.16191016666667 0.713317666666667
225.933333333405 71 17 0.941076481481482 0.696324074074074
235.933333333413 71 16 0.974701833333334 0.7264115
236.933333333414 70 17 0.893436666666667 0.655186666666667
254.933333333428 69 18 1.20817638888889 0.727442222222222
258.983333333426 68 18 0.937379423868313 0.68800987654321
281.350000000073 68 17 0.869652757078986 0.659362295081967
307.783333333382 67 18 0.851403026481715 0.678097225725095
322.016666666702 67 17 0.965934074941454 0.729931733021077
381.999999999981 67 16 0.902625284801334 0.684999027507641
418.599999999948 67 15 1.03111757741348 0.737213843351548
429.783333333271 66 15 0.992194485842026 0.802872876304024
450.116666666586 65 15 0.936334016393443 0.744395327868853
451.133333333252 65 14 0.906309836065574 0.67736393442623
468.416666666569 64 15 0.920324397299904 0.707156027000964
473.499999999898 63 16 0.892991803278689 0.661465573770492
552.799999999826 63 15 0.977729150903741 0.765897730138714
591.433333333124 62 15 0.932210957722176 0.721817558239862
600 62 15 0.91609781420765 0.706684699453552
