# New log 27/04/2014 06:01:45
1 96 32 1.40230833333333 5.02920166666667
4.04999999999999 95 33 0.703598907103826 0.408389617486339
5.06666666666665 93 34 0.719596721311475 0.434381967213115
8.09999999999998 93 33 1.46864945054945 1.0254489010989
11.1000000000001 92 34 1.23427944444444 1.08242444444444
12.1000000000002 91 34 0.952701666666667 1.18435333333333
14.1000000000003 90 35 0.677335 1.20387666666667
20.1666666666668 90 34 0.749751373626374 0.857049725274725
21.1833333333334 90 33 1.45185081967213 0.761373770491803
22.2 89 34 1.15289672131148 1.5312868852459
29.3166666666663 88 34 0.641804449648712 2.31882014051522
33.3833333333327 88 33 0.690793442622951 1.52594713114754
34.3999999999993 87 34 1.23095245901639 1.73904754098361
37.4499999999992 87 33 0.630234972677595 1.57174207650273
45.583333333332 87 32 0.85684262295082 2.59247868852459
47.6166666666652 86 33 0.873125409836066 6.84439262295082
51.6833333333317 85 34 1.42612950819672 5.35108852459016
54.7333333333315 85 33 1.33085628415301 7.04288306010929
55.7499999999981 84 33 0.817088524590164 8.34913278688525
60.8333333333312 83 33 0.783109180327868 7.21961803278689
61.8499999999978 83 32 0.550250819672131 4.28802950819672
69.9833333333306 82 33 0.627390163934427 2.22314508196721
75.0666666666637 81 34 0.59026 2.89437147540984
78.1166666666635 80 35 0.539990710382513 3.40925027322404
79.1333333333301 79 36 0.579881967213115 4.21482786885246
84.2166666666632 78 37 0.634427540983607 4.34934032786885
90.3166666666628 77 38 0.792389617486339 3.09580382513661
91.3333333333294 76 39 0.525559016393442 3.56286393442623
101.499999999996 76 38 0.773831475409836 3.38981885245902
105.566666666662 75 38 0.740282786885246 4.78922213114754
107.599999999995 74 38 0.571954098360656 3.28247704918033
110.649999999995 73 39 0.599538797814207 2.2804218579235
111.666666666662 72 39 0.421445901639344 2.22915573770492
112.683333333328 71 40 0.710352459016393 2.44865081967213
138.933333333336 71 39 0.681944126984128 3.37085479365079
143.93333333334 70 40 0.565877333333333 2.62281366666667
150.933333333346 69 40 0.48053119047619 2.25223857142857
156.93333333335 68 40 0.466162222222222 2.49179777777778
158.933333333352 67 39 0.415499166666667 2.9432075
166.933333333358 66 38 0.4377775 2.74868583333333
167.933333333359 65 39 0.433286666666667 3.46995
168.93333333336 64 40 0.451065 4.046145
169.933333333361 63 40 0.385613333333333 2.78129
176.933333333366 62 41 0.403028809523809 2.93095833333333
178.933333333368 62 40 0.404666666666667 1.71239416666667
185.933333333373 62 39 0.401370714285714 1.88178476190476
198.933333333384 62 38 0.374598205128205 1.67497948717949
199.933333333385 61 38 0.39664 1.62414
216.933333333398 60 39 0.398507254901961 1.61369950980392
219.933333333401 60 38 0.377212777777778 1.71368111111111
220.933333333401 60 37 0.364885 1.68509333333333
221.933333333402 59 38 0.370538333333333 1.67933666666667
222.933333333403 58 39 0.370905 1.75685333333333
226.933333333406 57 39 0.373922083333334 1.85681916666667
229.933333333408 56 40 0.365874444444445 1.51036333333333
234.933333333412 55 40 0.367986666666667 1.68097733333333
240.933333333417 54 41 0.360981111111111 1.55379861111111
245.933333333421 53 41 0.333219 1.321982
246.933333333422 52 41 0.330241666666667 1.42404
247.933333333423 51 41 0.311368333333333 1.30995166666667
251.933333333426 50 42 0.321829166666667 1.29070416666667
271.183333333415 49 43 0.311603116883117 1.76835437229437
280.333333333407 49 42 0.293889435336976 1.30887431693989
281.350000000073 48 43 0.294404918032787 1.28492459016393
296.600000000059 47 43 0.289729180327869 0.868779453551913
302.700000000053 46 43 0.280407103825137 0.152459836065574
332.18333333336 45 44 0.304060881854155 0.109867495760317
355.566666666672 45 43 0.279018816821098 0.0220034925160371
358.616666666669 44 44 0.277595081967213 0.00349180327868852
360.650000000001 43 44 0.287903278688525 0.0101606557377049
381.999999999981 42 45 0.263406479313036 0.0147451990632319
392.166666666639 41 46 0.258699016393443 0.317933606557377
600 41 46 0.252026645341864 0.564054042383047
