# New log 27/04/2014 06:03:27
1 96 32 3.13504166666667 1.61229
3.03333333333333 95 33 1.75133278688525 1.15666229508197
4.04999999999999 94 32 1.38419672131148 0.870850819672131
5.06666666666665 94 30 1.78579836065574 1.56172459016393
10.1000000000001 93 31 3.61711423841059 1.20683344370861
11.1000000000001 93 30 2.62574833333333 0.898246666666667
12.1000000000002 93 29 1.64662 1.13889166666667
17.116666666667 93 28 2.48024784053156 1.22328870431894
19.1500000000002 93 27 2.46115409836066 0.445539344262295
21.1833333333334 93 26 1.51586967213115 0.0805172131147541
22.2 93 25 1.90789836065574 0.11892131147541
28.2999999999997 92 25 1.93838579234973 0.160196448087432
29.3166666666663 91 25 2.96813770491803 0.206688524590164
32.3666666666661 90 26 4.27179234972678 0.519660655737705
35.4166666666659 89 27 2.52357978142076 0.288474863387978
36.4333333333325 89 26 1.59360983606557 0.451754098360656
37.4499999999992 88 26 1.61838360655738 0.16892131147541
40.499999999999 88 25 2.1270174863388 0.362149180327869
44.5666666666654 88 24 2.40259262295082 0.119386475409836
46.5999999999986 87 25 2.63244344262295 0.122598360655738
47.6166666666652 86 26 3.24459016393443 0.263555737704918
50.6666666666651 85 26 2.24600655737705 0.129601639344262
56.7666666666647 84 26 2.14834726775956 0.0967969945355191
59.8166666666646 83 27 2.07185409836065 0.3089
65.9166666666642 83 26 2.03375218579235 0.135085245901639
68.966666666664 83 25 1.97985901639344 0.423487978142077
69.9833333333306 82 26 1.92977868852459 0.962777049180328
72.0166666666639 81 27 1.86164016393443 0.966599180327869
82.18333333333 80 27 1.56901836065574 1.73033131147541
86.2499999999964 80 26 1.08480819672131 2.07974795081967
90.3166666666628 79 26 1.06629426229508 0.648072131147541
92.349999999996 78 27 0.978316393442623 0.189911475409836
96.4166666666625 77 27 1.10116393442623 0.0419602459016393
97.4333333333291 76 28 0.960027868852459 0.0319311475409836
99.4666666666623 75 29 1.28229344262295 0.070227868852459
100.483333333329 74 29 1.13474098360656 0.0237
103.533333333329 73 29 1.39958360655738 0.194922404371585
105.566666666662 73 28 1.04682459016393 0.790481147540984
123.866666666661 72 29 0.874242167577413 0.862290528233151
125.899999999994 72 28 0.842803278688525 0.381634426229508
134.933333333333 71 29 0.812384686346864 0.293450184501845
139.933333333337 70 30 0.782173333333333 0.0955333333333333
157.933333333351 69 30 0.763011203703704 0.127443888888889
171.933333333362 68 31 0.755721904761905 0.182203333333333
174.933333333365 67 32 0.779454999999999 0.177647777777778
175.933333333365 66 33 0.718283333333333 0.177633333333333
234.933333333412 66 32 0.711761779661016 0.010053813559322
327.100000000031 66 31 0.690309041591321 0.00388336347197107
344.383333333349 65 32 0.712428736740598 0.00452912246865959
350.483333333343 64 32 0.739650000000001 0.0464349726775956
392.166666666639 64 31 0.72648700519792 0.0604859256297481
398.266666666633 63 30 0.744873770491803 0.213544262295082
419.616666666614 62 31 0.741731381733021 0.291420608899297
427.74999999994 61 32 0.695366803278688 0.286910040983607
497.899999999876 61 31 0.689528391541933 0.332499762413875
506.033333333202 61 30 0.705825204918032 0.475375819672131
542.633333333168 61 29 0.711557650273224 0.368121402550091
576.183333333138 60 30 0.722648584202683 0.316597069051167
600 60 30 0.738569398907103 0.291129713114754
