# New log 27/04/2014 06:04:48
1 96 32 1.66843 0.365638333333333
4.04999999999999 95 33 0.941520218579235 0.414691803278688
5.06666666666665 94 33 0.959414754098361 0.374013114754098
6.08333333333332 93 34 0.847995081967213 2.49618524590164
7.09999999999998 92 33 1.90864262295082 1.73840655737705
10.1000000000001 91 32 2.74462722222222 3.4179
11.1000000000001 89 33 3.84404833333333 0.504866666666667
13.1000000000002 89 32 4.968005 0.480189166666667
14.1000000000003 88 32 5.459635 0.292851666666667
17.116666666667 88 30 6.93750110497237 0.42348453038674
18.1333333333336 87 31 6.61353278688525 0.420901639344262
19.1500000000002 87 30 6.63208524590164 0.513655737704918
23.2166666666666 86 31 2.85312540983606 0.342558196721311
27.2833333333331 85 31 3.6685762295082 0.407409016393443
32.3666666666661 84 31 5.02827573770492 0.317520327868852
34.3999999999993 84 30 4.89371639344262 0.222493442622951
41.5166666666656 84 29 1.87829227166276 0.215544964871194
43.5499999999988 83 29 1.67277950819672 0.356653278688525
44.5666666666654 81 30 1.15071639344262 0.240855737704918
51.6833333333317 81 29 0.960492974238877 0.392564637002342
58.7999999999979 81 28 1.0113206088993 0.247171896955504
59.8166666666646 81 27 1.41531639344262 0.346322950819672
69.9833333333306 81 26 1.01449672131148 0.296818196721311
76.0833333333303 80 26 0.822798087431694 0.350059289617486
77.0999999999969 79 26 0.824972131147541 0.330745901639344
78.1166666666635 78 26 1.18301475409836 0.57133606557377
85.2333333333298 77 27 0.739972833723652 0.242291569086651
95.3999999999959 77 26 0.701676065573771 0.603218852459016
100.483333333329 76 27 0.69720393442623 1.17373049180328
107.599999999995 76 26 0.622043793911007 0.221904215456674
108.616666666662 75 26 0.579285245901639 1.4205131147541
113.699999999995 74 27 0.582382950819671 0.683927213114754
140.933333333338 74 26 0.685819828641372 0.618667625458996
148.933333333344 74 25 0.951654375000001 0.5628025
156.93333333335 74 24 0.49994125 0.121074791666667
157.933333333351 73 25 0.549395 1.565855
186.933333333374 72 25 0.555306034482758 0.198173333333333
189.933333333377 71 25 0.472305 0.0367888888888889
201.933333333386 71 24 0.467654444444445 0.0987984722222222
253.933333333428 70 25 0.442829519230769 0.0947582371794872
301.683333333388 70 24 0.415545654450262 0.0262848516579407
326.083333333365 69 25 0.409106215846995 0.0167243169398907
332.18333333336 69 24 0.404513661202186 0.0125693989071038
348.450000000012 68 25 0.402164036885247 0.0139387295081967
385.049999999978 68 24 0.39220956284153 0.0164734517304189
388.099999999976 68 23 0.398610382513661 0.0185098360655738
389.116666666641 67 24 0.400296721311475 0.0679639344262295
411.483333333288 66 23 0.385278763040239 0.0189805514157973
442.999999999926 65 24 0.39075896351137 0.0130582760444209
452.149999999917 64 24 0.378674863387978 0.00868378870673953
458.249999999912 64 23 0.396284972677596 0.0538852459016393
459.266666666578 64 22 0.379677049180328 0.0107524590163934
463.333333333241 63 22 0.380151229508197 0.00984754098360656
474.516666666564 63 21 0.377765126676602 0.0115423248882265
517.216666666525 62 21 0.36571319281811 0.0125126854020297
525.349999999851 61 22 0.356251229508197 0.0105129098360656
535.516666666508 61 21 0.341283114754098 0.00824803278688525
600 61 21 0.546966777663934 0.0236958504098361
