# New log 27/04/2014 06:39:54
1 96 32 3.47370166666667 2.04322166666667
4.04999999999999 96 31 2.10378306010929 0.679084699453552
5.06666666666665 94 29 2.12931475409836 0.502927868852459
6.08333333333332 94 28 2.21715245901639 0.442801639344262
8.09999999999998 93 29 2.2368173553719 0.560728099173554
12.1000000000002 93 28 2.53489541666667 1.07759958333333
13.1000000000002 92 28 2.08667333333333 1.007035
14.1000000000003 92 26 2.473285 0.9488
16.1000000000004 92 25 2.146295 0.514823333333333
17.116666666667 92 24 2.49032131147541 0.812272131147541
20.1666666666668 92 23 2.23405737704918 0.446828415300546
21.1833333333334 92 22 1.88710163934426 0.409022950819672
26.2666666666665 90 24 2.0865993442623 0.270058032786885
27.2833333333331 89 25 2.25069508196721 0.184493442622951
28.2999999999997 88 26 1.71068524590164 0.0669180327868852
32.3666666666661 87 25 1.24674672131148 0.460779508196721
42.5333333333322 86 26 1.54693950819672 0.37392737704918
43.5499999999988 86 25 1.13801967213115 0.263777049180328
52.6999999999983 84 26 1.29901238615665 0.355528415300546
57.7833333333313 83 26 1.36895508196721 1.0210006557377
59.8166666666646 82 26 1.53727295081967 1.24987295081967
63.883333333331 81 27 1.5042 1.04727008196721
68.966666666664 80 28 1.49142032786885 1.00280098360656
69.9833333333306 80 27 1.10703278688525 0.931770491803279
76.0833333333303 80 26 1.12145819672131 1.31656202185792
86.2499999999964 79 27 1.35709836065574 1.12842639344262
87.266666666663 77 27 1.13874590163934 0.789532786885246
89.2999999999962 77 26 1.03829426229508 0.922594262295082
106.583333333329 77 25 1.07527637415622 1.79409633558341
108.616666666662 76 25 1.04990409836066 1.75224426229508
109.633333333328 75 25 1.0148262295082 1.66283114754098
120.816666666661 75 24 0.981044858420268 0.704783308494784
135.933333333334 75 23 1.20671014332966 0.543689746416758
141.933333333338 75 22 2.2008925 2.22411972222222
168.93333333336 74 22 2.65422185185185 1.56068450617284
183.933333333372 74 21 2.65893133333333 0.260777777777778
189.933333333377 73 22 0.860434999999999 0.219206944444444
205.933333333389 72 22 0.86365375 0.143443958333333
227.933333333407 71 22 0.831594318181819 0.0232295454545455
231.93333333341 71 21 0.8010875 0.01076625
233.933333333412 70 22 0.786803333333333 0.00460583333333333
238.933333333416 70 21 0.776455 0.00370266666666667
249.933333333424 70 20 0.92391393939394 0.0316680303030303
271.183333333415 69 20 0.788044470588234 0.00821529411764706
286.433333333401 68 21 0.73139081967213 0.00309879781420765
294.566666666727 67 22 0.79592131147541 0.0830293032786885
297.616666666725 67 20 0.722271038251366 0.0047775956284153
342.350000000017 67 19 0.743889307004472 0.00498423994038748
399.283333333299 67 18 0.724599443793909 0.00847447306791569
428.766666666605 67 17 0.719466647823629 0.0101450537026569
435.883333333266 67 16 0.765102107728337 0.0116763466042155
474.516666666564 67 15 0.731536108714409 0.011444089732528
543.649999999834 66 16 0.722280038572807 0.0327687319189971
550.766666666494 66 15 0.770796955503514 0.0284229508196721
582.283333333132 65 16 0.760515282919089 0.0346344262295082
595.499999999787 64 16 0.914362799495586 0.0524377049180328
600 64 16 2.11005213114754 0.189527868852459
