# New log 27/04/2014 06:41:18
1 96 32 1.62080666666667 0.364836666666667
5.06666666666665 96 31 1.21854590163934 0.823768032786885
6.08333333333332 96 29 1.56087868852459 0.180344262295082
7.09999999999998 95 29 1.80965573770492 0.372218032786885
10.1000000000001 94 30 1.21733111111111 0.326217222222222
12.1000000000002 93 30 1.140535 1.0041825
14.1000000000003 93 29 1.70899333333333 1.04388083333333
15.1000000000003 93 28 2.02580333333333 0.972473333333333
16.1000000000004 92 28 1.57953166666667 0.732621666666667
18.1333333333336 91 28 2.89339508196721 0.36370737704918
19.1500000000002 91 26 1.13470163934426 0.0573688524590164
20.1666666666668 91 25 1.43235901639344 0.21404262295082
23.2166666666666 89 26 1.33966010928962 0.246126229508197
24.2333333333332 88 27 1.70612295081967 0.354681967213115
28.2999999999997 88 26 1.58616762295082 0.640330737704918
29.3166666666663 88 25 1.21108196721311 0.278590163934426
33.3833333333327 87 25 1.74898975409836 0.340336065573771
34.3999999999993 87 23 3.33867213114754 0.746359016393443
38.4666666666658 86 24 1.97611024590164 0.777586475409836
40.499999999999 85 25 1.57130163934426 0.240523770491803
51.6833333333317 85 24 1.17228077496274 0.728943815201192
54.7333333333315 85 23 0.713430054644809 1.02984207650273
57.7833333333313 84 24 0.758763387978142 0.108354644808743
61.8499999999978 83 25 0.715926229508197 0.293110245901639
62.8666666666644 83 24 0.687052459016393 0.799422950819672
72.0166666666639 82 25 0.818983606557377 0.842187613843352
81.1666666666633 82 24 0.953036065573771 0.128487249544627
82.18333333333 81 25 0.671085245901639 0.201652459016393
85.2333333333298 80 25 0.615152459016394 0.152103825136612
88.2833333333296 79 25 0.612701092896175 0.224684699453552
89.2999999999962 78 26 0.57117868852459 0.171840983606557
107.599999999995 76 28 1.30560774134791 0.530561930783242
111.666666666662 75 29 0.545552459016394 0.359072131147541
116.749999999995 75 28 0.584579344262295 0.303836393442623
118.783333333328 75 27 0.557810655737705 0.228347540983607
133.933333333332 75 26 0.706060286028603 1.01018745874587
135.933333333334 74 27 0.5562025 0.179421666666667
137.933333333335 74 26 0.643120833333333 0.3300175
138.933333333336 73 26 0.629946666666667 0.342651666666667
143.93333333334 72 27 0.547629 0.253628666666667
157.933333333351 72 26 0.526632380952382 0.490926785714286
161.933333333354 71 27 0.541429583333333 0.557446666666667
163.933333333356 70 28 0.517586666666667 0.554484166666667
171.933333333362 69 29 0.474551666666666 0.442601458333333
204.933333333389 68 30 0.466753585858586 0.173324595959596
230.933333333409 67 31 0.439214102564103 0.0584376282051282
233.933333333412 66 31 0.386993888888889 0.0557177777777778
252.933333333427 66 30 0.418275614035088 0.0374745614035088
264.066666666755 65 30 0.393422904191617 0.0671610778443114
298.63333333339 64 31 0.374017984570878 0.110810945033751
335.233333333357 64 30 0.383646994535519 0.0457585610200364
336.250000000023 63 30 0.406768852459016 0.0243803278688525
337.266666666689 63 29 0.405619672131148 0.0513360655737705
340.316666666686 63 28 0.405441530054645 0.0602743169398907
398.266666666633 63 27 0.394641990221456 0.0943828300258844
408.433333333291 62 28 0.412776721311476 0.115049672131148
428.766666666605 61 29 0.389713196721312 0.107397459016393
430.799999999937 60 30 0.377190983606557 0.0574254098360656
431.816666666603 59 31 0.373780327868853 0.0936475409836066
447.066666666589 58 32 0.362005683060109 0.0784428415300546
478.583333333227 57 33 0.356687837123215 0.0875758328926494
482.64999999989 56 33 0.349224180327869 0.0884032786885246
507.049999999868 55 34 0.346714959016394 0.0955575819672131
512.133333333196 54 34 0.361393770491803 0.0844554098360656
585.33333333313 54 33 0.349616234061934 0.0739834927140255
593.466666666456 53 34 0.347098975409836 0.0753241803278689
600 53 34 0.344950351288056 0.0793969555035129
