# New log 27/04/2014 06:38:27
1 96 32 1.31393 4.127795
4.04999999999999 95 32 1.07732131147541 0.641252459016393
7.09999999999998 95 31 1.11194972677596 1.17465081967213
9.10000000000003 94 32 0.919869166666667 0.562365
12.1000000000002 93 33 1.08435722222222 1.51216166666667
13.1000000000002 92 34 0.969535 1.00249666666667
16.1000000000004 91 35 1.01010777777778 2.43889944444444
20.1666666666668 91 34 1.20376557377049 4.36071065573771
21.1833333333334 90 35 0.940011475409836 1.87472459016393
22.2 89 36 1.10567540983607 2.41146557377049
24.2333333333332 89 35 1.0196262295082 1.9229868852459
26.2666666666665 88 36 1.08074262295082 3.6501893442623
27.2833333333331 87 36 0.829011475409835 3.00858360655738
31.3499999999995 86 36 0.775706557377049 2.43361270491803
32.3666666666661 85 36 0.529668852459016 1.21405573770492
34.3999999999993 85 35 0.584622131147541 1.39586639344262
36.4333333333325 84 36 0.589694262295082 1.4166368852459
40.499999999999 83 37 0.801475 1.46242786885246
49.6499999999985 81 38 0.590217122040073 1.38500619307832
52.6999999999983 81 37 0.616519672131148 2.58860710382514
54.7333333333315 80 37 0.476902459016393 1.69305491803279
55.7499999999981 79 37 0.477668852459016 1.33576393442623
56.7666666666647 79 36 0.668547540983607 5.08416393442623
69.9833333333306 79 35 0.636199243379572 3.07578852459016
72.0166666666639 79 34 1.95550409836066 2.63584836065574
73.0333333333305 77 35 0.823340983606558 1.41229180327869
75.0666666666637 75 37 0.553509836065574 2.13769426229508
79.1333333333301 74 38 0.505531967213115 2.6173
89.2999999999962 73 38 0.561212786885246 0.966555901639344
94.3833333333293 73 37 0.57372 0.555672131147541
97.4333333333291 72 38 0.508974863387978 1.37826448087432
100.483333333329 71 38 0.508031147540984 0.280379234972678
106.583333333329 70 39 0.496410655737705 2.35035109289618
111.666666666662 69 40 0.450384918032787 4.30316065573771
118.783333333328 68 40 0.667316627634661 0.770931147540984
122.849999999994 68 39 0.446552049180328 1.45634754098361
124.883333333328 67 40 0.429020491803279 3.87722786885246
165.933333333358 67 39 0.502520300446609 2.66975858708892
174.933333333365 66 40 0.527234814814815 2.893295
184.933333333373 66 39 0.458596166666667 2.404467
188.933333333376 66 38 0.4435875 1.62591375
199.933333333385 65 39 0.455514696969697 0.817393787878788
212.933333333395 63 39 0.43391641025641 0.666149102564103
215.933333333397 62 40 0.409323888888889 0.651513888888889
230.933333333409 61 41 0.408665111111111 0.941341111111111
238.933333333416 60 41 0.415942708333334 1.235110625
241.933333333418 59 40 0.388336666666667 1.43672611111111
244.93333333342 59 39 0.380509444444444 1.40305944444444
247.933333333423 58 40 0.388916666666667 1.59546222222222
251.933333333426 57 41 0.3812025 1.06241416666667
258.983333333426 57 40 0.384412765957446 0.683787470449173
281.350000000073 56 41 0.375098509687035 0.750378614008942
288.466666666733 55 41 0.348300234192038 0.498673302107728
289.483333333399 54 41 0.35576393442623 0.577354098360656
308.800000000048 53 42 0.351002674719585 0.991442536669543
330.150000000028 52 42 0.35727650273224 1.06185362997658
361.666666666666 51 43 0.331239502908514 0.499361184558435
366.749999999995 50 44 0.323816393442623 0.477674426229508
373.866666666655 49 44 0.309244028103044 0.490116861826698
395.216666666636 48 45 0.31835612802498 0.488467603434817
406.399999999959 47 46 0.328425037257824 0.576550074515648
407.416666666625 47 44 0.312837704918033 0.697991803278688
420.633333333279 47 43 0.300618537200504 0.548676796973518
425.716666666608 47 42 0.297023606557377 0.481459344262295
429.783333333271 46 42 0.292305327868853 0.476856557377049
451.133333333252 45 43 0.27992162373146 0.488807884465262
453.166666666583 45 42 0.274099180327869 0.521543442622951
455.199999999915 44 43 0.285352459016394 0.536414754098361
464.349999999906 43 44 0.277155919854281 0.478331511839709
510.099999999865 43 43 0.277276466302368 0.355033661202186
527.383333333182 42 43 0.274305303760848 0.177789392478303
537.54999999984 41 44 0.262630327868852 0.502009672131148
543.649999999834 41 43 0.255324316939891 0.000216120218579235
570.083333333144 41 42 0.264040100882724 0.00189155107187894
600 41 42 0.259543879781421 0.00297475409836066
