# New log 27/04/2014 06:24:31
1 96 32 3.43403333333333 2.04092
4.04999999999999 95 31 1.47253224043716 0.647934426229508
5.06666666666665 95 30 1.58189672131148 0.408322950819672
6.08333333333332 95 29 1.30230491803279 0.316431147540984
10.1000000000001 94 30 1.26237261410788 0.0835207468879668
12.1000000000002 94 29 1.42102333333333 0.129305
13.1000000000002 93 30 1.64838333333333 0.232148333333333
15.1000000000003 93 29 1.69184166666667 0.112566666666667
16.1000000000004 92 30 1.44977666666667 0.286803333333333
18.1333333333336 92 29 1.30987295081967 0.0877139344262295
19.1500000000002 92 28 2.04217540983607 0.0816114754098361
22.2 92 27 2.53968415300546 0.0922366120218579
24.2333333333332 91 28 2.50682540983607 0.133348360655738
28.2999999999997 90 29 2.86347909836066 0.141698360655738
29.3166666666663 90 28 2.71020819672131 0.14882131147541
30.3333333333329 89 29 2.39134262295082 0.0920245901639344
31.3499999999995 89 28 2.61356557377049 0.190259016393443
37.4499999999992 89 27 2.60813606557377 0.477243442622951
39.4833333333324 87 27 2.99624918032787 0.24515
42.5333333333322 86 28 2.91034426229508 0.265346448087432
45.583333333332 85 29 4.59729234972678 0.265698360655738
47.6166666666652 85 28 5.26772786885246 0.350379508196721
50.6666666666651 84 28 5.11723169398907 0.246585245901639
52.6999999999983 84 27 3.12870737704918 0.154218032786885
54.7333333333315 84 26 2.21352950819672 0.205177868852459
64.8999999999976 83 27 2.41929032786885 0.374955901639344
70.9999999999973 81 28 2.13412950819672 0.327762841530055
73.0333333333305 80 29 1.23582459016393 0.199766393442623
76.0833333333303 80 28 1.28212786885246 0.271922950819672
83.1999999999966 79 27 1.38090234192037 1.06962271662763
86.2499999999964 78 27 1.48438633879781 1.27563661202186
91.3333333333294 77 28 1.38641344262295 1.0751731147541
97.4333333333291 77 27 1.14174480874317 0.223048360655738
101.499999999996 76 25 1.11579590163934 0.217731147540984
104.549999999995 76 24 1.22079071038251 0.441139344262295
108.616666666662 76 23 1.15205860655738 0.413352459016393
114.716666666661 76 22 1.36397076502732 0.712546721311475
116.749999999995 75 23 1.47140655737705 0.752547540983607
118.783333333328 75 22 1.42043524590164 0.636131967213115
120.816666666661 75 21 1.27741967213115 0.323813114754098
160.933333333354 74 22 1.44801533028666 0.39187486497715
172.933333333363 74 21 1.14862055555556 0.395043472222222
188.933333333376 74 20 1.122553125 0.3502746875
199.933333333385 73 21 1.12128515151515 0.61617696969697
218.9333333334 72 22 1.42447096491228 0.846122807017544
220.933333333401 71 23 0.9792275 1.22797416666667
246.933333333422 71 22 0.958170641025642 0.518551346153846
250.933333333425 70 23 1.01772291666667 0.307847916666667
253.933333333428 69 23 1.55863055555556 1.65363055555556
258.983333333426 68 24 1.90230759075908 0.707627392739274
263.050000000089 67 24 1.76262950819672 0.605619672131148
266.100000000087 67 23 1.85398633879781 1.04243442622951
277.28333333341 67 22 1.81164649776453 0.953301341281669
279.316666666741 67 21 1.82907459016393 0.289727868852459
280.333333333407 67 20 1.70002295081967 0.266411475409836
284.40000000007 67 19 1.83125040983606 0.298487704918033
339.30000000002 66 20 2.80096338797814 0.311360746812386
342.350000000017 65 20 2.77374098360656 0.37022349726776
361.666666666666 65 19 2.70548843830889 0.319461518550475
386.066666666644 64 20 2.74051386612022 0.295293306010929
388.099999999976 64 19 2.7143393442623 0.26504262295082
403.349999999962 64 18 2.71484284153006 0.35234087431694
406.399999999959 64 17 2.7733262295082 0.261669945355191
420.633333333279 64 16 2.79698957845433 0.252408079625293
438.933333333263 63 17 2.70648907103825 0.253424954462659
475.53333333323 62 18 2.80225473588342 0.293349544626594
482.64999999989 61 19 2.97797658079626 0.317911241217799
516.199999999859 61 18 2.76776676602086 0.286693194237457
518.233333333191 61 17 4.26755327868853 1.28754754098361
521.283333333188 60 17 3.86333879781421 1.00461420765027
525.349999999851 60 16 3.12911721311476 0.573449180327869
526.366666666517 59 17 3.6639 0.905195081967213
534.499999999843 58 18 3.75815204918033 1.04787745901639
535.516666666508 58 17 3.7340262295082 1.0104393442623
544.6666666665 57 18 3.34261566484517 0.743075409836066
568.049999999812 56 19 2.63360313613685 0.202203064861012
600 56 19 2.63387530737705 0.222648565573771
