# New log 27/04/2014 06:26:45
1 96 32 1.79591333333333 0.57287
5.06666666666665 96 31 0.853662295081967 0.294422131147541
6.08333333333332 96 29 0.917814754098361 1.36822459016393
7.09999999999998 96 28 1.4926131147541 0.465160655737705
10.1000000000001 95 29 1.090895 0.193442222222222
11.1000000000001 95 28 1.18081166666667 0.122416666666667
15.1000000000003 95 27 1.35786041666667 0.245854166666667
18.1333333333336 95 26 2.61370714285714 0.350596153846154
20.1666666666668 93 28 2.76186065573771 0.568749180327869
21.1833333333334 93 27 1.91536229508197 0.245068852459016
22.2 92 28 2.13929836065574 0.311775409836066
25.2499999999998 92 27 2.30755901639344 0.300353551912568
26.2666666666665 91 27 2.04553770491803 0.303301639344262
28.2999999999997 90 27 2.68643606557377 0.337631967213115
29.3166666666663 90 26 2.59676885245902 0.689567213114754
32.3666666666661 89 27 2.08502349726776 0.356103825136612
35.4166666666659 88 28 1.14730382513661 0.925400546448087
43.5499999999988 87 29 2.37453606557377 0.388097745901639
49.6499999999985 87 28 1.75534508196721 0.528713661202186
54.7333333333315 86 29 1.13123836065574 0.190115737704918
59.8166666666646 85 29 2.55242163934426 0.191952459016393
69.9833333333306 85 28 1.74989901639344 0.265522295081967
70.9999999999973 84 28 2.42295245901639 0.565526229508197
73.0333333333305 83 29 1.6298762295082 1.00230573770492
75.0666666666637 83 28 1.24379426229508 0.339488524590164
77.0999999999969 83 27 1.44427704918033 0.379004918032787
82.18333333333 83 26 1.61333442622951 0.315538360655738
85.2333333333298 82 26 2.4002737704918 0.406255191256831
87.266666666663 81 27 1.49888934426229 0.387143442622951
94.3833333333293 81 26 1.02707845433255 0.389375409836066
95.3999999999959 80 26 0.686601639344262 0.185434426229508
116.749999999995 80 25 0.954060655737704 0.276627244340359
118.783333333328 79 25 0.913368032786886 0.239746721311475
128.933333333328 78 24 0.771342692939244 0.188451231527094
133.933333333332 78 23 0.736904666666667 0.126418666666667
149.933333333345 77 24 2.746930625 0.470006145833333
175.933333333365 76 25 1.37256743589744 0.193744038461538
186.933333333374 75 26 0.585028030303031 0.0813109090909091
189.933333333377 75 25 0.539165 0.0950594444444444
194.933333333381 75 24 0.835081666666667 0.144301
201.933333333386 75 23 0.933740714285714 0.230997857142857
211.933333333394 74 23 0.7319005 0.198430333333333
214.933333333397 74 22 1.82174055555556 0.346725555555556
215.933333333397 74 21 0.552318333333333 0.0779716666666667
221.933333333402 73 22 0.603781388888889 0.109788611111111
223.933333333404 73 21 0.516618333333333 0.0804075
224.933333333404 72 22 0.506405 0.08035
229.933333333408 72 21 0.542737666666667 0.344396333333333
232.933333333411 71 21 0.586975 0.129286111111111
233.933333333412 70 22 1.510665 0.179068333333333
250.933333333425 70 21 2.14072931372549 0.196282941176471
330.150000000028 69 22 1.02434946349674 0.142511803071744
331.166666666694 68 23 0.526040983606557 0.0124934426229508
333.200000000026 67 24 1.17474590163934 0.0803368852459016
343.366666666683 66 24 0.46442131147541 0.0616186885245902
345.400000000015 65 24 0.43605 0.0253377049180328
347.433333333346 64 25 0.428836885245902 0.0507967213114754
353.53333333334 64 24 0.450862568306011 0.0834849726775956
356.583333333338 63 24 0.470168852459017 0.0545147540983607
357.600000000003 63 23 0.435929508196721 0.00874426229508197
370.816666666658 62 23 0.454160151324086 0.0545612862547289
371.833333333324 62 22 0.482913114754098 0.0615409836065574
376.916666666653 61 23 0.509801967213115 0.0741927868852459
403.349999999962 60 24 0.407949369482976 0.0543131778058008
434.8666666666 60 23 0.478527392913802 0.0583495505023797
441.98333333326 60 22 0.406898360655738 0.0405166276346604
442.999999999926 59 23 0.404719672131148 0.115349180327869
477.566666666561 59 22 0.415270106075217 0.0392918032786885
532.466666666511 59 21 0.457374165148756 0.0388714329083182
544.6666666665 58 22 0.423662568306011 0.0328949453551913
545.683333333166 58 21 0.431116393442623 0.0204688524590164
559.916666666486 57 22 0.416207611241218 0.0135029274004684
574.149999999806 57 21 0.419702341920375 0.0366672131147541
582.283333333132 56 22 0.446514139344262 0.0465024590163934
600 56 22 0.407045719489982 0.0297402550091075
