# New log 27/04/2014 06:23:34
1 96 32 1.41097166666667 3.27914666666667
4.04999999999999 95 32 0.853066666666666 0.4814
10.1000000000001 94 33 0.757377134986226 0.547566115702479
11.1000000000001 93 34 0.846836666666667 0.970573333333333
12.1000000000002 92 35 0.53364 1.56407
14.1000000000003 91 36 0.600405833333333 1.5615425
17.116666666667 91 35 0.567431491712707 2.24352375690608
18.1333333333336 89 36 0.544637704918033 1.13385901639344
20.1666666666668 88 36 0.570998360655738 1.73739754098361
23.2166666666666 87 37 0.739227322404372 3.5018868852459
24.2333333333332 87 36 0.696818032786885 5.26048032786885
25.2499999999998 87 35 1.41236721311475 4.38108196721311
27.2833333333331 87 34 0.618348360655738 0.456355737704918
35.4166666666659 86 35 0.605464139344263 0.214878278688525
40.499999999999 85 35 0.611016721311475 0.525890163934426
41.5166666666656 84 35 0.664334426229508 2.16439344262295
49.6499999999985 83 35 0.549409836065573 0.61240881147541
50.6666666666651 82 34 0.440503278688525 0.83446393442623
54.7333333333315 81 35 0.475599590163934 1.44661680327869
65.9166666666642 81 34 0.481271236959761 1.37416870342772
70.9999999999973 80 35 0.476473770491803 0.70698262295082
72.0166666666639 78 36 0.638032786885246 0.774868852459016
74.0499999999971 77 35 0.595270491803279 0.353553278688525
75.0666666666637 76 36 0.425408196721311 0.109416393442623
78.1166666666635 75 36 0.502036612021858 0.30003825136612
83.1999999999966 74 37 0.550654754098361 0.574727213114754
84.2166666666632 73 37 0.481088524590164 0.676116393442623
91.3333333333294 72 38 0.478808430913349 0.607859016393443
94.3833333333293 71 39 0.396715846994536 0.535218032786885
95.3999999999959 70 39 0.399124590163934 0.0349655737704918
96.4166666666625 70 38 0.562506557377049 0.19342131147541
98.4499999999957 68 39 0.436209836065574 1.19445409836066
100.483333333329 68 38 0.384444262295082 0.506420491803279
103.533333333329 67 38 0.347477049180328 0.187704371584699
104.549999999995 66 39 0.339131147540984 0.164462295081967
107.599999999995 65 40 0.333648087431694 0.148207103825137
108.616666666662 65 39 0.37003606557377 0.207039344262295
112.683333333328 64 40 0.394070901639344 0.343105737704918
122.849999999994 64 39 0.378696885245902 0.538835409836066
123.866666666661 64 38 0.393045901639344 0.852472131147541
124.883333333328 64 37 0.369688524590164 0.77934262295082
139.933333333337 63 38 0.375658914728682 1.2012373200443
141.933333333338 63 37 0.399025 1.92621916666667
150.933333333346 62 38 0.379258333333334 0.876390925925926
151.933333333346 62 37 0.373916666666667 0.77636
160.933333333354 61 37 0.377193518518518 0.822238703703704
164.933333333357 60 37 0.344928333333333 0.58502125
169.933333333361 59 38 0.340910333333333 0.511806
186.933333333374 58 38 0.354276960784314 0.587711274509804
200.933333333385 57 39 0.342663095238096 0.312164880952381
201.933333333386 57 38 0.335291666666667 0.00335333333333333
203.933333333388 56 38 0.400895 0.0107233333333333
239.933333333416 55 38 0.333221990740741 0.201851157407407
249.933333333424 55 37 0.327070333333334 0.211919333333333
273.216666666747 54 38 0.324498997852541 0.492868647100931
280.333333333407 53 38 0.343637470725995 0.0331812646370023
299.650000000056 53 37 0.310057894736842 0.0515366695427092
300.666666666722 53 36 0.296155737704918 0.393101639344262
303.716666666719 53 35 0.307384699453552 1.82208907103825
327.100000000031 53 34 0.306631218816822 0.734524233784747
348.450000000012 52 34 0.302823419203747 0.166328024980484
353.53333333334 51 35 0.285810819672131 0.0218111475409836
373.866666666655 50 35 0.282567131147541 0.0169854098360656
394.19999999997 49 35 0.267745409836066 0.00949811475409836
467.399999999904 49 34 0.273383128415301 0.0959761156648452
480.616666666558 48 34 0.275234300126103 0.000502648171500631
589.399999999793 48 33 0.269214677493489 0.0683376895970584
600 48 33 0.263620715350224 0.00364143070044709
