# New log 27/04/2014 05:21:55
1 96 32 1.90654666666667 0.356456666666667
4.04999999999999 95 33 0.990860655737705 0.307025683060109
6.08333333333332 94 34 1.30799754098361 0.34580737704918
10.1000000000001 94 33 0.936421161825726 0.211878008298755
11.1000000000001 93 33 1.609505 0.312538333333333
13.1000000000002 92 32 1.77303583333333 0.2983275
14.1000000000003 91 32 1.913825 0.345525
15.1000000000003 91 31 1.39693166666667 0.24453
20.1666666666668 90 32 1.31092763157895 0.253441776315789
21.1833333333334 89 32 0.910319672131147 0.157695081967213
22.2 88 32 1.26823278688525 1.76776885245902
23.2166666666666 87 32 0.804493442622951 0.199616393442623
25.2499999999998 86 32 1.36573278688525 0.259905737704918
29.3166666666663 85 32 1.18191680327869 0.247164344262295
32.3666666666661 85 31 1.21235901639344 0.212001639344262
34.3999999999993 84 32 1.08582459016393 0.130295901639344
37.4499999999992 83 32 1.34622568306011 0.162925683060109
40.499999999999 83 31 1.84539234972678 0.283127868852459
42.5333333333322 82 32 1.55494672131148 0.222781967213115
43.5499999999988 81 33 2.22504590163934 0.349601639344262
45.583333333332 80 34 2.41661721311475 0.651153278688525
46.5999999999986 80 33 1.78371967213115 0.681803278688525
47.6166666666652 79 34 1.64489180327869 0.700995081967213
49.6499999999985 79 33 1.5658131147541 0.419843442622951
52.6999999999983 78 34 0.80463606557377 0.143266120218579
54.7333333333315 77 33 0.814230327868852 0.136423770491803
56.7666666666647 77 32 0.933477049180328 0.197086065573771
70.9999999999973 77 31 1.80495035128806 0.165394964871194
73.0333333333305 77 30 2.18911639344262 0.301402459016393
85.2333333333298 76 31 1.71647199453552 0.216821994535519
87.266666666663 76 30 0.685259016393443 0.417029508196721
97.4333333333291 75 31 0.698332786885246 0.309964262295082
100.483333333329 73 33 0.652697267759563 0.150434972677596
105.566666666662 72 34 0.691592459016393 0.151134426229508
106.583333333329 71 34 0.659290163934426 0.244570491803279
113.699999999995 70 35 0.865729976580796 0.190511943793911
117.766666666661 69 36 0.575003278688525 0.300375819672131
125.899999999994 67 37 0.640752459016393 0.232146926229508
128.933333333328 66 36 0.716578021978022 0.688463186813187
130.93333333333 66 35 0.6206675 0.23164
136.933333333334 66 34 0.560737777777778 0.111658055555556
140.933333333338 65 35 0.590736666666667 0.2158325
169.933333333361 64 36 0.66613591954023 0.266069540229885
172.933333333363 63 37 0.678408333333333 0.462201666666667
189.933333333377 62 37 0.821330588235293 0.33787568627451
191.933333333378 61 38 1.7476375 0.425088333333333
201.933333333386 60 39 0.585922333333333 0.144660666666667
207.933333333391 60 38 0.562847222222222 0.126853333333333
220.933333333401 59 39 1.13865871794872 0.154269743589744
236.933333333414 58 40 0.704269270833334 0.349928958333333
241.933333333418 58 39 0.490128 0.150940333333333
246.933333333422 57 40 0.616975666666667 0.117768333333333
248.933333333424 56 40 1.2121 0.184494166666667
269.150000000084 55 40 1.18421112943116 0.202425144270404
280.333333333407 55 39 0.452015499254843 0.110145901639344
290.500000000064 55 38 0.439167049180328 0.134867213114754
293.550000000062 54 39 0.476224590163934 0.148119672131148
296.600000000059 53 39 0.539368306010929 0.100972131147541
324.050000000034 53 38 1.20263831208258 0.230373709775349
328.116666666697 53 37 0.434506967213115 0.118149590163934
330.150000000028 52 37 0.484784426229509 0.137933606557377
352.516666666675 51 38 0.423405663189269 0.155010208643815
364.716666666664 50 39 0.846487158469945 0.149660655737705
394.19999999997 50 38 0.68312605992086 0.153069417750141
403.349999999962 50 37 0.719733151183971 0.159726229508197
429.783333333271 49 37 0.439909646910465 0.109286254728878
437.916666666597 49 36 0.43426905737705 0.0846834016393443
444.016666666592 49 35 0.46026393442623 0.0700005464480874
446.049999999923 48 35 0.465266393442623 0.0626172131147541
476.549999999895 47 35 0.487391311475408 0.0599154098360656
488.749999999884 47 34 0.436387704918033 0.0615155737704918
491.799999999881 46 35 0.443838797814208 0.0651032786885246
555.849999999823 45 35 0.39635727296383 0.0638212594327349
563.983333333149 44 36 0.339570081967213 0.0522247950819672
600 44 36 0.330190710382514 0.0653716757741348
