# New log 27/04/2014 05:19:22
1 96 32 1.355425 3.65477166666667
4.04999999999999 95 33 0.631037704918033 0.295204371584699
8.09999999999998 95 32 1.3339646090535 0.714685596707819
12.1000000000002 94 33 1.24704375 0.425947083333333
14.1000000000003 93 34 1.42946666666667 0.449494166666667
18.1333333333336 93 33 1.24582520661157 0.322412809917355
21.1833333333334 93 32 1.50934535519126 0.216215846994536
25.2499999999998 92 33 1.38558893442623 0.134870491803279
26.2666666666665 92 32 1.7949 0.222832786885246
30.3333333333329 91 32 1.61173852459016 0.150132786885246
31.3499999999995 91 30 1.30087868852459 0.151327868852459
38.4666666666658 91 29 0.887783840749415 0.208551522248244
40.499999999999 90 30 0.574263934426229 0.186818852459016
44.5666666666654 89 30 0.911984016393443 0.136302049180328
45.583333333332 88 30 0.687219672131148 0.0803590163934426
52.6999999999983 87 30 0.650500234192038 0.435831615925059
55.7499999999981 87 29 0.67284043715847 0.15147868852459
60.8333333333312 87 28 0.615825901639344 0.170498360655738
61.8499999999978 86 29 0.664783606557377 0.108760655737705
62.8666666666644 85 30 0.538677049180328 0.106111475409836
69.9833333333306 85 29 0.502288992974239 0.106490398126464
70.9999999999973 83 28 0.514796721311475 0.254232786885246
79.1333333333301 82 29 0.632268032786886 0.186205327868852
80.1499999999967 82 28 0.510129508196721 0.0234377049180328
81.1666666666633 82 27 0.51998524590164 0.161680327868852
87.266666666663 81 27 0.571611202185792 0.407583879781421
89.2999999999962 81 26 0.548662295081967 2.14327540983607
90.3166666666628 80 25 0.514760655737705 0.0652213114754098
98.4499999999957 79 26 0.676406762295084 0.226777254098361
104.549999999995 78 26 0.475725683060109 0.202955191256831
105.566666666662 78 25 0.429731147540984 0.582859016393443
106.583333333329 78 24 0.494260655737705 0.833283606557377
111.666666666662 77 25 0.542330491803278 1.64512393442623
112.683333333328 76 26 0.51527868852459 1.33948852459016
125.899999999994 75 27 0.506449558638084 3.97273858764187
138.933333333336 74 28 0.523203452685422 5.46262877237852
142.933333333339 73 29 1.38069416666667 3.06286625
147.933333333343 72 30 0.483382333333333 0.108593666666667
154.933333333349 72 29 0.419654285714286 0.0799830952380952
160.933333333354 71 30 0.487419444444445 0.1259275
166.933333333358 70 31 0.422746944444445 0.0341613888888889
167.933333333359 69 31 0.422168333333334 0.0928866666666667
175.933333333365 68 31 0.419331666666667 0.0612002083333333
180.933333333369 67 32 0.425444 0.019522
181.93333333337 65 34 0.400383333333333 0.06539
220.933333333401 65 33 0.401283247863248 0.0192464102564103
231.93333333341 65 32 0.408336212121212 0.107649393939394
232.933333333411 64 32 0.407971666666667 0.117533333333333
268.133333333418 62 33 0.3974296875 0.0684838541666667
280.333333333407 61 34 0.378217213114753 0.0694284153005465
309.816666666714 61 33 0.427892368569814 0.0208656302996043
312.866666666711 61 32 0.397830054644809 0.0259409836065574
317.950000000039 61 31 0.37386262295082 0.0423429508196721
319.983333333371 61 30 0.349945901639344 0.00266311475409836
340.316666666686 60 31 0.368442540983606 0.00952303278688525
347.433333333346 60 30 0.357053395784543 0.053851756440281
348.450000000012 59 31 0.357829508196721 0.273519672131148
360.650000000001 58 31 0.345902868852459 0.286549726775956
404.366666666628 57 32 0.359382767823104 0.0358448722836447
411.483333333288 57 31 0.352556674473068 0.607174004683841
441.98333333326 56 31 0.350410109289617 0.180857103825137
442.999999999926 56 30 0.349655737704918 0.17864262295082
499.933333333207 56 29 0.376561592505855 0.300639724824356
509.083333333199 55 29 0.356980327868853 0.34171985428051
510.099999999865 55 28 0.339377049180328 0.633760655737705
557.883333333155 55 27 0.341820299965121 0.911300174398326
573.133333333141 55 26 0.338523825136612 1.38098546448087
574.149999999806 55 25 0.341383606557377 0.953439344262295
577.199999999804 54 26 0.33681693989071 0.949904918032787
600 54 26 0.33221361368496 1.17936650035638
