# New log 27/04/2014 05:20:29
1 96 32 3.12543833333333 1.05357666666667
4.04999999999999 95 33 1.51443606557377 0.51709781420765
6.08333333333332 95 32 1.86581393442623 0.879640163934426
7.09999999999998 95 31 1.71737049180328 0.819444262295082
9.10000000000003 94 32 2.90317916666667 0.909645833333333
11.1000000000001 93 33 2.58666583333333 0.732625
14.1000000000003 93 32 2.51008444444444 0.662427777777778
15.1000000000003 92 33 2.18155833333333 0.421436666666667
18.1333333333336 91 34 2.08397087912088 0.321523076923077
25.2499999999998 91 33 3.52113419203747 0.494968852459016
26.2666666666665 90 34 2.62550163934426 0.186131147540984
30.3333333333329 89 34 3.01878647540984 0.268741393442623
32.3666666666661 88 35 2.10314918032787 0.175059836065574
33.3833333333327 88 34 2.19970491803279 0.344675409836066
36.4333333333325 86 35 2.35058524590164 0.378171584699454
39.4833333333324 85 35 2.28412568306011 0.250761202185792
41.5166666666656 84 35 2.09886147540984 0.151549180327869
44.5666666666654 83 36 2.15969180327869 0.385167213114754
49.6499999999985 83 35 2.56495606557377 0.381744918032787
50.6666666666651 82 35 3.47260327868852 0.937522950819672
55.7499999999981 81 35 2.63114 0.624708852459016
62.8666666666644 81 34 2.31671756440281 0.275847775175644
64.8999999999976 80 33 2.11787049180328 0.246990163934426
66.9333333333308 80 32 2.26285819672131 0.357127049180328
67.9499999999974 79 33 2.21612459016393 0.276739344262295
69.9833333333306 79 32 2.26607950819672 0.377088524590164
75.0666666666637 78 32 1.85711770491803 0.378388852459016
78.1166666666635 77 32 1.70577322404372 0.417320765027322
82.18333333333 77 31 1.73280450819672 0.484191393442623
83.1999999999966 77 30 1.8560262295082 0.550239344262295
89.2999999999962 77 29 1.81535464480874 0.407289617486339
92.349999999996 76 30 1.71924699453552 0.867953551912568
98.4499999999957 75 29 1.89654672131147 0.99902650273224
99.4666666666623 73 31 1.3612 0.924554098360656
113.699999999995 73 30 1.28387704918033 0.603761475409836
118.783333333328 72 30 1.30046950819672 0.348124262295082
126.916666666661 71 31 1.1907631147541 0.409121106557377
136.933333333334 70 31 2.80539567387687 0.286633111480865
139.933333333337 69 32 0.960168333333334 0.204126666666667
143.93333333334 68 32 0.9674375 0.08636375
157.933333333351 67 33 0.925281547619048 0.396618452380952
161.933333333354 66 33 0.96725375 0.94263875
167.933333333359 66 32 0.97513361111111 0.878866666666667
168.93333333336 65 33 0.92516 0.4654
179.933333333369 65 32 1.03229727272727 0.209569393939394
186.933333333374 65 31 1.55129833333333 0.481441904761905
200.933333333385 64 32 1.39648940476191 0.219715952380952
210.933333333393 62 33 1.376671 0.248903
221.933333333402 62 32 1.29604015151515 0.256443333333333
227.933333333407 61 33 1.34105194444444 0.409030555555556
242.933333333419 61 32 1.27390511111111 0.268013333333333
243.93333333342 61 31 1.32053666666667 0.217225
244.93333333342 61 30 1.27355166666667 0.293518333333333
258.983333333426 60 30 1.45119727164887 0.245501067615658
262.033333333424 59 31 1.25569836065574 0.293854644808743
264.066666666755 58 32 1.27159754098361 0.22489262295082
268.133333333418 58 31 1.25309467213115 0.215411475409836
284.40000000007 57 32 1.25666475409836 0.148889139344262
293.550000000062 56 33 1.2873723132969 0.141936976320583
295.583333333393 56 32 1.22108852459016 0.169991803278689
305.750000000051 55 33 1.23076163934426 0.137380327868852
322.016666666702 55 32 1.23195245901639 0.178577868852459
323.033333333368 55 31 1.23371803278689 0.210788524590164
329.133333333363 54 32 1.20513661202186 0.275635792349727
358.616666666669 53 33 1.44342357263991 0.277973148671566
383.016666666647 53 32 0.952577732240438 0.149528756830601
392.166666666639 53 31 0.627698178506376 0.213395810564663
456.21666666658 53 30 0.617343221441582 0.157682045277127
499.933333333207 52 31 0.636266374380479 0.253498360655738
524.333333333185 52 30 0.720779166666666 0.249785177595628
526.366666666517 51 30 0.652830327868853 0.277622950819672
542.633333333168 50 30 0.656333299180329 0.253134221311475
587.366666666461 49 30 0.649272429210133 0.225584239940388
600 49 30 0.629518537200505 0.166480075662043
