# New log 27/04/2014 06:33:01
1 96 32 1.37020333333333 4.80345666666667
5.06666666666665 95 33 0.928612295081968 0.342491393442623
11.1000000000001 95 31 1.3013679558011 0.816101657458564
14.1000000000003 93 32 0.718587777777778 2.51150666666667
16.1000000000004 93 31 1.0567175 2.75481333333333
18.1333333333336 92 32 0.789380327868852 1.40114180327869
21.1833333333334 91 32 0.838815300546448 3.19348306010929
22.2 91 31 0.661652459016393 3.06466065573771
26.2666666666665 91 30 0.689668852459016 2.86247909836066
30.3333333333329 91 29 0.990858606557377 3.24185819672131
33.3833333333327 90 30 0.606081967213115 2.67422786885246
35.4166666666659 90 29 0.611446721311475 6.98056803278689
40.499999999999 89 29 0.679437049180328 5.96135606557377
41.5166666666656 88 30 0.999181967213115 2.69141639344262
45.583333333332 87 30 0.912861065573771 1.62091557377049
49.6499999999985 87 29 0.621926229508196 1.97476024590164
52.6999999999983 87 28 0.910781967213114 2.27309016393443
54.7333333333315 86 29 1.11258360655738 2.42338770491803
57.7833333333313 85 30 0.72014262295082 1.86404972677596
60.8333333333312 84 30 0.655871038251366 2.12534153005464
62.8666666666644 83 31 0.603098360655738 1.64426065573771
68.966666666664 83 30 0.656086885245902 1.84748715846995
70.9999999999973 83 29 1.20550245901639 1.76763114754098
76.0833333333303 82 30 0.574172786885246 1.77442262295082
79.1333333333301 81 31 0.941030054644809 1.95091530054645
84.2166666666632 81 30 0.67291868852459 2.10347213114754
86.2499999999964 80 31 0.616788524590164 2.88704590163934
97.4333333333291 79 32 0.570745752608048 1.81978524590164
100.483333333329 78 33 0.606344808743169 1.74952131147541
103.533333333329 78 32 0.637509836065574 2.48733661202186
106.583333333329 76 33 0.569528415300547 3.79919890710383
108.616666666662 75 34 0.562506557377049 5.40550737704918
111.666666666662 75 33 0.532507103825137 5.53139289617486
114.716666666661 74 34 0.630261202185792 2.03197213114754
123.866666666661 73 34 0.558196539162113 2.46363114754098
160.933333333354 73 33 0.623434127697841 4.10734514388489
167.933333333359 72 34 1.06245619047619 2.73782619047619
172.933333333363 72 33 0.530101333333334 2.287962
178.933333333368 71 33 0.566469166666666 4.60961138888889
191.933333333378 70 33 0.520440512820513 2.14397038461538
201.933333333386 69 33 0.513491333333334 2.54557266666667
202.933333333387 68 34 0.497665 1.91325166666667
206.93333333339 67 35 0.489535416666667 2.1600525
217.933333333399 67 34 0.536854848484849 2.23345409090909
228.933333333408 67 33 0.464370454545454 1.06729166666667
234.933333333412 66 33 0.464713333333333 3.47623416666667
237.933333333415 66 32 0.477432222222222 2.89602166666667
252.933333333427 65 32 0.507871888888889 2.63116211111111
254.933333333428 64 33 0.459438333333333 2.27453833333333
258.983333333426 64 32 0.493817695473251 2.44121522633745
264.066666666755 64 31 0.638360327868853 3.91660360655738
271.183333333415 64 30 0.793871662763466 3.94662014051522
301.683333333388 63 31 0.478072786885246 4.01593327868852
315.916666666708 62 31 0.458865456674473 3.9226430913349
323.033333333368 61 32 0.449509836065574 3.9560318501171
327.100000000031 61 31 0.429336475409836 3.89164590163934
342.350000000017 61 30 0.46095737704918 7.29616316939891
350.483333333343 60 31 0.437686065573771 3.92484262295082
392.166666666639 59 31 0.433501279488204 4.02559508196721
411.483333333288 58 32 0.484107765314926 4.05789792924935
417.583333333282 57 33 0.405731420765027 3.92894043715847
418.599999999948 57 32 0.398068852459016 3.89590983606557
420.633333333279 56 33 0.39887131147541 3.90871967213115
422.666666666611 55 34 0.409788524590164 3.94968852459016
438.933333333263 54 34 0.40404856557377 3.61172172131148
494.849999999879 53 34 0.391457764530552 2.34263856929955
503.99999999987 52 35 0.385346265938069 1.74880382513661
507.049999999868 52 34 0.35618087431694 1.71368032786885
538.566666666506 51 35 0.379981967213115 1.80648038075093
542.633333333168 50 35 0.382186475409836 1.81780942622951
551.78333333316 50 34 0.373226593806922 1.72686593806922
561.949999999818 50 33 0.375531639344262 1.98452819672131
574.149999999806 49 33 0.351446857923498 2.09973756830601
577.199999999804 49 32 0.337786338797814 2.09853551912568
583.299999999798 48 33 0.333758469945355 2.08968852459016
598.549999999784 46 35 0.329427322404372 2.10400907103825
600 46 35 0.318418032786885 2.14739918032787
