# New log 27/04/2014 06:37:14
1 96 32 1.88672166666667 0.24797
4.04999999999999 96 31 1.07093989071038 0.298436612021858
5.06666666666665 96 30 1.20365409836066 0.28675737704918
7.09999999999998 96 29 1.09204508196721 0.348095901639344
8.09999999999998 95 30 1.13526166666667 0.736383333333333
9.10000000000003 95 29 1.53516 0.783931666666667
10.1000000000001 95 28 2.43517666666667 0.366973333333333
11.1000000000001 94 29 4.16653 0.356361666666667
12.1000000000002 94 28 3.891735 0.373848333333333
14.1000000000003 93 28 4.16409666666667 0.66767
15.1000000000003 92 28 5.14134 0.521725
16.1000000000004 92 27 4.37952333333334 0.773928333333333
17.116666666667 92 26 4.77425409836066 0.55367868852459
18.1333333333336 91 27 1.37965081967213 0.322380327868853
21.1833333333334 90 27 2.05866612021858 0.518838797814208
22.2 89 28 0.833696721311475 0.705544262295082
24.2333333333332 88 28 1.51767950819672 0.450498360655738
27.2833333333331 88 27 2.5572262295082 1.0007174863388
30.3333333333329 87 27 4.19086885245902 2.43075683060109
31.3499999999995 87 26 2.68114918032787 2.46607704918033
32.3666666666661 86 27 1.94608852459016 2.19821475409836
35.4166666666659 85 28 2.61083333333333 1.71980601092896
36.4333333333325 84 29 2.09627049180328 0.449144262295082
37.4499999999992 84 28 2.73700819672131 0.426060655737705
45.583333333332 84 27 4.33673975409836 0.42320512295082
48.6333333333319 83 28 2.7923349726776 0.358867759562842
49.6499999999985 80 29 3.42700655737705 0.303252459016393
52.6999999999983 79 29 3.87626338797814 0.79755737704918
53.7166666666649 78 30 3.32827049180328 0.413526229508197
54.7333333333315 77 29 3.27630327868852 0.408668852459016
56.7666666666647 76 30 3.42656721311476 0.653750819672131
73.0333333333305 75 31 3.33929928278689 0.352365163934426
80.1499999999967 74 32 2.40285362997658 0.223417096018735
88.2833333333296 74 31 0.800117827868852 0.422881557377049
96.4166666666625 73 32 0.79206987704918 0.507676024590164
107.599999999995 72 31 0.763405067064084 0.496482265275708
117.766666666661 72 30 1.39675672131147 1.1051931147541
127.933333333327 70 32 0.774751475409836 0.428039016393443
129.933333333329 68 34 1.01788833333333 0.0601908333333333
136.933333333334 67 34 0.612066666666667 0.0876283333333333
148.933333333344 66 35 0.581603888888888 0.360863055555556
156.93333333335 65 36 0.50700625 0.465175625
160.933333333354 64 35 0.5381825 0.144362083333333
164.933333333357 64 34 0.4891525 0.0943483333333333
174.933333333365 63 35 0.952683333333333 0.2830585
175.933333333365 62 36 0.926256666666667 0.7384
179.933333333369 62 35 0.895084583333334 0.402227916666667
180.933333333369 61 36 0.79339 0.317723333333333
182.933333333371 60 37 0.817565 0.121331666666667
183.933333333372 59 37 0.610501666666667 0.0811216666666667
188.933333333376 59 36 0.379030666666667 0.115780666666667
197.933333333383 58 37 0.410863148148148 0.0975235185185185
238.933333333416 58 36 0.403100650406504 0.327268089430894
239.933333333416 57 36 0.388586666666667 0.0552766666666667
242.933333333419 56 37 0.429011111111111 0.0721188888888889
273.216666666747 56 36 0.359479911942763 0.0660071546505228
274.233333333413 56 35 0.353888524590164 0.00765901639344262
282.366666666739 56 34 0.369342008196721 0.0550129098360656
297.616666666725 56 33 0.360306775956284 0.0540995628415301
435.883333333266 55 33 0.362704050144649 0.0471499397299904
440.966666666594 54 34 0.374311803278689 0.0371580327868852
476.549999999895 53 34 0.403144355971897 0.0439665573770492
483.666666666555 52 34 0.399934192037471 0.0419822014051522
498.916666666542 52 33 0.347547213114754 0.0417548633879781
539.583333333171 51 34 0.328464016393443 0.0371055327868852
549.749999999829 51 33 0.33007262295082 0.0319696721311475
598.549999999784 50 33 0.350476775956284 0.0426548838797814
600 50 33 0.363730327868852 0.0432204918032787
