# New log 27/04/2014 06:35:46
1 96 32 3.09532833333333 0.91324
3.03333333333333 96 31 1.51019508196721 0.27852131147541
4.04999999999999 96 30 1.93998196721311 0.271580327868853
6.08333333333332 95 29 1.47021885245902 0.227940983606557
7.09999999999998 94 28 1.50049672131148 0.242996721311475
8.09999999999998 93 29 1.56357666666667 0.26371
9.10000000000003 92 30 1.507915 0.330435
10.1000000000001 92 29 2.30498 0.30965
12.1000000000002 91 30 2.6430375 0.475560833333333
13.1000000000002 90 31 2.89342 0.60173
14.1000000000003 90 30 3.27405833333333 0.672311666666667
18.1333333333336 89 30 3.59264586776859 0.71985826446281
19.1500000000002 89 29 2.70897704918033 0.323168852459016
20.1666666666668 88 29 2.36266393442623 0.370185245901639
21.1833333333334 88 28 2.40618852459016 0.372626229508197
22.2 88 27 4.16669508196721 0.646788524590164
24.2333333333332 86 27 5.50261393442623 0.623509836065574
25.2499999999998 85 26 5.23216393442623 0.579883606557377
30.3333333333329 84 26 5.70203836065574 0.622665901639344
31.3499999999995 84 25 2.17027540983606 0.375211475409836
32.3666666666661 84 24 1.5460131147541 0.255644262295082
33.3833333333327 83 25 1.47869836065574 0.32364262295082
37.4499999999992 83 24 4.13283893442623 0.28480368852459
38.4666666666658 82 25 4.94516065573771 0.406245901639344
40.499999999999 82 24 2.9153368852459 0.332580327868853
41.5166666666656 80 24 1.99576885245902 0.455226229508197
45.583333333332 80 23 2.41192868852459 0.359837704918033
60.8333333333312 79 23 2.19934273224044 0.381723825136612
74.0499999999971 78 23 2.3078025220681 0.365377805800757
77.0999999999969 78 22 1.74992896174863 0.323955737704918
78.1166666666635 78 21 1.60769344262295 0.237936065573771
82.18333333333 78 20 1.70151229508197 0.321702459016393
103.533333333329 77 21 1.70745370804059 0.329822170179547
112.683333333328 77 20 1.77969981785064 0.288011839708561
114.716666666661 77 19 1.52629426229508 0.290388524590164
119.799999999994 76 19 1.64815081967213 0.286318360655738
127.933333333327 75 19 1.2210512295082 0.197518442622951
128.933333333328 74 19 1.24300833333333 0.193375
132.933333333331 74 18 0.9958225 0.201974583333333
134.933333333333 74 17 1.077265 0.348965833333333
136.933333333334 74 16 1.23243 0.254323333333333
141.933333333338 74 15 1.39414866666667 0.444723666666667
149.933333333345 74 14 1.59523583333333 0.776294583333333
169.933333333361 74 13 1.10192241666667 0.338284083333333
178.933333333368 73 12 1.01897203703704 0.17846037037037
194.933333333381 73 11 0.998356874999999 0.290299166666667
275.250000000078 72 12 1.01747339697033 0.216293318115792
278.300000000076 71 13 0.950902732240437 0.213310382513661
280.333333333407 70 14 0.962907377049181 0.188311475409836
287.450000000067 70 13 0.9242943793911 0.218210538641686
292.533333333396 69 14 0.927227868852459 0.186014754098361
377.933333333318 68 15 0.881607533177205 0.172860655737705
384.033333333313 67 15 0.869108469945355 0.193618032786885
416.566666666616 66 16 0.859606915983608 0.191622592213115
466.383333333238 66 15 0.866488725326194 0.218732653061225
505.016666666536 66 14 0.857942795513372 0.214318205349439
578.216666666469 65 14 0.851718966302367 0.201021789617486
600 65 14 0.823028539493293 0.167129955290611
