# New log 27/04/2014 05:41:29
1 96 32 1.42254333333333 5.46071333333333
9.10000000000003 95 33 1.05007654320988 1.08995452674897
14.1000000000003 93 35 0.795263 6.308933
16.1000000000004 91 37 1.24813416666667 6.96706083333333
17.116666666667 90 38 1.0470262295082 7.11592950819672
23.2166666666666 88 39 1.25266639344262 5.17871448087432
24.2333333333332 88 38 0.747519672131148 3.98035245901639
26.2666666666665 87 38 0.803290983606557 4.17370327868852
27.2833333333331 86 39 0.940295081967213 6.23382786885246
32.3666666666661 85 40 0.8358 3.58675213114754
34.3999999999993 84 40 0.527241803278688 4.04141475409836
35.4166666666659 83 41 0.508485245901639 4.21246065573771
37.4499999999992 83 40 0.578172131147541 4.96398524590164
40.499999999999 82 40 0.555678142076502 6.16231693989071
49.6499999999985 81 40 0.610255191256831 8.59456156648452
52.6999999999983 81 39 0.519068852459017 5.18323989071038
53.7166666666649 80 40 0.478188524590164 4.49028524590164
55.7499999999981 79 40 0.470417213114754 4.23242950819672
58.7999999999979 79 39 1.28617595628415 3.84786120218579
59.8166666666646 78 40 1.17158524590164 4.31958360655738
60.8333333333312 77 40 1.03305409836066 3.32015737704918
61.8499999999978 77 39 0.535981967213115 4.04117049180328
67.9499999999974 76 40 0.520907103825137 4.50367896174863
69.9833333333306 76 39 0.540880327868853 9.70567459016393
81.1666666666633 75 40 0.588760655737705 4.5675132637854
88.2833333333296 75 39 0.615920140515222 5.387637470726
89.2999999999962 74 38 0.53704262295082 7.51095081967213
91.3333333333294 73 39 0.545822131147541 7.24645
93.3666666666627 72 39 0.741476229508197 3.88855819672131
95.3999999999959 71 40 0.638854098360656 1.71872868852459
97.4333333333291 70 40 0.531395081967213 1.30291967213115
103.533333333329 69 40 0.489298907103825 0.824594808743169
104.549999999995 68 41 0.611396721311476 1.45578524590164
105.566666666662 67 42 0.462516393442623 0.998280327868853
110.649999999995 66 42 0.472586557377049 1.03274295081967
112.683333333328 65 43 0.52947131147541 0.276722950819672
114.716666666661 64 44 0.427280327868853 0.922029508196721
115.733333333328 63 44 0.408962295081967 0.640647540983607
119.799999999994 62 44 0.389461885245902 0.127686475409836
123.866666666661 62 43 0.428498360655737 0.428477868852459
134.933333333333 61 44 0.420023493975904 0.580943373493976
136.933333333334 60 44 0.387739166666667 0.326455
137.933333333335 59 45 0.37935 0.26547
141.933333333338 58 46 0.399220416666667 0.2987875
143.93333333334 58 45 0.380458333333333 0.268743333333333
155.93333333335 58 44 0.412265277777779 0.298098611111111
157.933333333351 58 43 0.463620833333334 1.00818916666667
163.933333333356 57 44 0.421831388888889 2.83376805555556
174.933333333365 57 43 0.424075606060606 3.81159712121212
194.933333333381 57 42 0.417506666666667 2.41058391666667
204.933333333389 56 43 0.421096833333333 2.99816516666667
209.933333333393 55 43 0.386870666666667 1.197176
212.933333333395 55 42 0.389076666666667 1.65005333333333
216.933333333398 54 43 0.468302083333333 2.31862625
218.9333333334 53 43 0.372709166666667 2.16064
220.933333333401 53 42 0.365663333333333 1.38224333333333
226.933333333406 52 43 0.358443611111111 1.94336833333333
228.933333333408 51 44 0.343939166666667 1.85072583333333
230.933333333409 50 44 0.345225833333333 2.048555
231.93333333341 49 45 0.393676666666667 2.707555
234.933333333412 48 45 0.303946111111111 1.86069277777778
236.933333333414 48 44 0.342156666666667 1.97299166666667
242.933333333419 48 43 0.339318888888889 2.35868833333333
245.933333333421 47 44 0.312722222222222 2.18253944444444
248.933333333424 46 45 0.305250555555555 2.70368055555556
260.000000000092 45 45 0.305265512048193 2.4410186746988
262.033333333424 44 46 0.290611475409836 1.9657262295082
263.050000000089 43 47 0.293077049180328 1.77483770491803
272.200000000081 42 48 0.285008561020037 1.80052295081967
278.300000000076 41 49 0.279017486338798 2.17401803278689
304.733333333385 40 49 0.266628373266078 1.39647566204288
305.750000000051 40 48 0.243837704918033 1.24047868852459
349.466666666678 39 49 0.261411475409836 1.46248558902021
403.349999999962 39 48 0.257651778533869 1.44858679245283
404.366666666628 38 48 0.250347540983607 1.41842295081967
470.449999999901 38 47 0.248484691046658 1.44159805800757
471.466666666567 37 48 0.250391803278688 1.57290655737705
572.116666666475 36 48 0.244501904288789 1.40732732240437
578.216666666469 36 47 0.236188524590164 1.12819699453552
600 36 47 0.233635171385991 1.12008010432191
