# New log 27/04/2014 05:45:27
1 96 32 1.73963666666667 0.480253333333333
5.06666666666665 96 30 1.44900532786885 0.31044262295082
6.08333333333332 95 30 1.46908852459016 0.540690163934426
7.09999999999998 95 27 2.25599508196721 0.541924590163934
8.09999999999998 95 26 1.73912833333333 0.220338333333333
16.1000000000004 94 25 2.20200041666667 0.284043958333333
18.1333333333336 94 24 1.79595983606557 0.188301639344262
19.1500000000002 93 24 1.26158852459016 0.249414754098361
21.1833333333334 93 23 1.0432262295082 0.163209836065574
22.2 93 22 1.01143114754098 0.195793442622951
25.2499999999998 93 21 1.19957868852459 0.267194535519126
26.2666666666665 93 20 1.26542459016393 0.460780327868852
27.2833333333331 92 21 0.998213114754099 0.19184262295082
30.3333333333329 92 19 1.29269617486339 0.296210382513661
33.3833333333327 91 18 0.947302732240437 0.192844262295082
34.3999999999993 90 19 0.832354098360656 0.133136065573771
38.4666666666658 89 19 1.12370450819672 0.192825819672131
39.4833333333324 89 18 0.835675409836065 0.0569098360655738
47.6166666666652 88 19 2.37167848360656 0.235912704918033
49.6499999999985 88 18 3.18435245901639 0.30140737704918
51.6833333333317 88 17 3.20458524590164 0.246968032786885
52.6999999999983 87 17 3.16711639344262 0.291606557377049
59.8166666666646 86 18 1.68305292740047 0.2740037470726
61.8499999999978 85 18 1.09753606557377 0.626563114754098
66.9333333333308 84 18 1.14514819672131 0.521507213114754
75.0666666666637 83 18 1.18185245901639 0.381615778688525
77.0999999999969 83 17 0.888750819672131 0.0665188524590164
93.3666666666627 82 18 2.9829737704918 1.18692766393443
101.499999999996 81 19 0.898663319672131 0.370072131147541
109.633333333328 80 20 0.666954508196721 0.0895696721311475
122.849999999994 79 21 0.676945523329129 0.237902395964691
124.883333333328 79 20 0.604933606557377 0.106010655737705
156.93333333335 79 18 0.623166354654186 0.100308684347374
182.933333333371 78 19 0.741133397435898 0.393234935897436
204.933333333389 77 20 0.629392196969696 0.0648610606060606
205.933333333389 77 19 0.5702 0.0433066666666667
224.933333333404 76 19 1.31853298245614 0.213191228070175
269.150000000084 76 18 1.48279151903506 0.275944440256314
277.28333333341 75 19 1.26224815573771 0.250093647540984
307.783333333382 74 20 0.655747486338798 0.0839067213114754
319.983333333371 73 21 0.517621857923498 0.0395931693989071
339.30000000002 73 20 0.51047299396031 0.0499120793787748
417.583333333282 73 19 0.546223376623376 0.0413946135831382
424.699999999942 72 20 0.519809367681499 0.0531007025761124
460.283333333243 71 21 0.846644496487119 0.0783577985948478
521.283333333188 71 20 0.565210027322404 0.0356625136612022
561.949999999818 70 21 0.856332090163936 0.118257868852459
600 70 21 0.513667946505608 0.0314439171699741
