# New log 27/04/2014 05:43:36
1 96 32 3.02439333333333 0.731323333333333
4.04999999999999 96 31 1.66768469945355 0.322607650273224
6.08333333333332 95 29 2.54666639344262 0.497675409836066
7.09999999999998 95 28 2.18661803278689 0.41296393442623
8.09999999999998 95 27 2.36595333333333 1.08803666666667
11.1000000000001 94 26 2.38784555555556 0.366130555555556
15.1000000000003 93 26 2.07731625 0.258478333333333
18.1333333333336 93 25 2.04483461538462 0.226926373626374
19.1500000000002 93 24 2.58866229508197 0.457465573770492
22.2 93 23 2.01985792349727 0.299433333333333
23.2166666666666 92 24 2.12328524590164 0.132154098360656
26.2666666666665 91 23 2.69143005464481 0.291366666666667
30.3333333333329 90 24 2.59455819672131 0.190083196721311
32.3666666666661 90 23 3.46333852459016 0.194496721311475
33.3833333333327 90 22 3.46604426229508 0.131454098360656
38.4666666666658 90 21 3.53173475409837 0.171469836065574
39.4833333333324 90 19 3.61886557377049 0.194634426229508
47.6166666666652 89 20 3.53080225409836 0.201164754098361
52.6999999999983 88 20 3.75133540983607 0.181433442622951
55.7499999999981 88 19 3.42193224043716 0.148325683060109
58.7999999999979 88 18 2.79342786885246 0.127309836065574
62.8666666666644 88 17 2.44428893442623 0.191005737704918
72.0166666666639 88 16 2.41946393442623 0.605114936247723
79.1333333333301 87 17 2.53007400468384 1.34063887587822
87.266666666663 87 16 2.74444795081967 1.11862868852459
88.2833333333296 86 17 2.60501639344262 1.53163770491803
89.2999999999962 86 16 2.78056229508197 1.2194131147541
91.3333333333294 85 17 2.61701639344262 0.969835245901639
93.3666666666627 85 16 2.54462868852459 0.243369672131148
94.3833333333293 85 15 3.64629836065574 0.318049180327869
100.483333333329 84 16 2.61850327868852 0.213482513661202
110.649999999995 83 17 2.3291668852459 0.476491475409836
117.766666666661 83 16 1.39787634660422 0.237086416861827
164.933333333357 82 17 1.2460022614841 0.293124699646643
178.933333333368 81 18 1.0794655952381 0.391127380952381
185.933333333373 80 19 2.26408285714286 0.371423571428571
188.933333333376 79 20 1.07969277777778 0.366784444444444
192.933333333379 79 19 1.04490541666667 0.3351
203.933333333388 78 19 1.07583045454545 0.467421818181818
225.933333333405 78 18 1.07942287878788 0.583592424242424
233.933333333412 77 18 2.46654354166667 0.638495208333333
234.933333333412 76 18 1.79877166666667 0.621271666666667
238.933333333416 75 18 0.997536666666667 0.579151666666667
277.28333333341 75 17 1.12915927857454 0.586544415471534
291.51666666673 74 18 1.02416522248243 0.554643325526932
292.533333333396 73 18 0.988729508196721 0.63515737704918
298.63333333339 73 17 0.985833879781422 0.553656284153006
299.650000000056 72 18 0.942773770491803 0.443806557377049
324.050000000034 72 17 1.0055799863388 0.542686543715847
374.883333333321 71 18 1.12212485245901 0.440316262295082
380.983333333316 71 17 0.965866666666667 0.466981420765027
409.449999999956 70 18 0.958139168618266 0.491741978922717
424.699999999942 70 17 0.95720699453552 0.503421202185792
439.949999999929 70 16 1.02497639344262 0.544510273224044
463.333333333241 69 17 1.16171475409836 0.547689451176051
467.399999999904 68 18 1.2856881147541 0.703065573770492
470.449999999901 68 17 1.31879180327869 0.80155956284153
472.483333333232 67 17 1.31348524590164 0.840316393442623
477.566666666561 66 17 1.27636918032787 0.818209508196721
479.599999999892 65 17 1.22732049180328 0.701077868852459
493.833333333213 65 16 1.23854461358314 0.633718149882904
600 65 16 1.30321526932085 0.697633348946136
