# New log 27/04/2014 05:37:56
1 96 32 1.49839166666667 4.60243833333333
5.06666666666665 95 33 1.26176516393443 0.493546721311475
7.09999999999998 94 33 1.32180819672131 0.437731147540984
10.1000000000001 93 34 1.26582944444444 0.811550555555556
12.1000000000002 92 34 1.13560166666667 0.367908333333333
14.1000000000003 91 34 1.312085 0.6249325
16.1000000000004 91 33 1.054715 0.652590833333333
20.1666666666668 90 33 1.08142459016393 0.426546721311475
21.1833333333334 89 33 0.621745901639344 0.169675409836066
26.2666666666665 89 32 0.69852655737705 0.567836721311475
31.3499999999995 88 33 0.740576065573771 0.607648524590164
32.3666666666661 87 33 0.757167213114754 0.188532786885246
34.3999999999993 86 34 0.807326229508197 0.335095901639344
35.4166666666659 86 33 1.31661803278689 0.493319672131148
39.4833333333324 85 32 0.725895901639344 0.487231967213115
41.5166666666656 84 33 1.02255983606557 0.82628606557377
42.5333333333322 81 36 0.699968852459016 0.620537704918033
44.5666666666654 80 37 0.62796393442623 0.367808196721312
45.583333333332 78 39 0.504088524590164 0.216583606557377
48.6333333333319 78 38 0.574988524590164 0.456565027322404
57.7833333333313 77 38 0.83072422586521 2.98530637522769
59.8166666666646 77 37 0.785639344262295 1.41746557377049
65.9166666666642 76 38 0.573562021857924 1.40979371584699
68.966666666664 75 39 0.528310382513661 1.28081693989071
69.9833333333306 74 40 0.524631147540984 1.14630819672131
73.0333333333305 74 39 0.56648087431694 2.51682295081967
78.1166666666635 74 38 0.517672459016393 1.06570852459016
81.1666666666633 72 39 0.548022950819672 0.83269781420765
84.2166666666632 71 39 0.551535519125683 2.05706994535519
90.3166666666628 70 40 0.496765300546449 2.44520792349727
93.3666666666627 69 41 0.524228961748633 1.01423387978142
95.3999999999959 68 40 0.458759836065574 1.02017540983607
97.4333333333291 67 41 1.0951262295082 1.00118606557377
98.4499999999957 65 43 0.489747540983607 0.957898360655738
100.483333333329 63 44 0.430730327868852 1.35453524590164
104.549999999995 62 45 0.441484016393443 0.642340983606557
111.666666666662 62 44 0.411545433255269 0.949727166276347
112.683333333328 61 44 0.502954098360656 0.248872131147541
114.716666666661 60 45 0.453443442622951 0.2923
118.783333333328 59 46 0.404989754098361 0.147342213114754
124.883333333328 57 48 0.371346721311475 1.59360683060109
126.916666666661 56 49 0.328858196721311 0.635591803278689
133.933333333332 56 48 0.333711876484561 0.140942517814727
148.933333333344 55 48 0.374390111111111 0.688942333333333
150.933333333346 54 49 0.35075 0.326439166666667
152.933333333347 54 48 0.337856666666666 0.408193333333333
161.933333333354 53 48 0.352282962962963 0.352828148148148
163.933333333356 52 49 0.330078333333333 0.328929166666667
166.933333333358 51 50 0.341853333333333 0.329837777777778
167.933333333359 50 50 0.335913333333333 0.341758333333333
171.933333333362 50 49 0.336069166666667 0.387382916666667
178.933333333368 49 50 0.336760714285715 0.376618095238095
198.933333333384 49 48 0.345965833333334 0.36782225
203.933333333388 49 47 0.339236666666667 0.353754666666667
206.93333333339 48 48 0.323655 0.344808333333333
207.933333333391 48 47 0.317718333333333 0.325856666666667
218.9333333334 48 46 0.318237272727273 0.341604696969697
232.933333333411 47 46 0.330416547619048 0.335892261904762
240.933333333417 46 47 0.31505125 0.350959166666667
245.933333333421 45 48 0.312736333333333 0.343291
249.933333333424 43 50 0.289395833333333 0.336087916666667
267.116666666752 42 51 0.310497284190107 0.32816333656644
299.650000000056 42 50 0.284993237704918 0.281110860655738
314.900000000042 42 49 0.921569180327869 0.155225136612022
330.150000000028 41 50 0.29406524590164 0.00713792349726776
358.616666666669 40 51 0.288632786885246 0.00566405152224824
364.716666666664 39 52 0.282780054644809 0.00472021857923497
470.449999999901 38 53 0.2602118221942 0.00316459646910467
600 38 53 0.259268865266393 0.000195594262295082
