# New log 27/04/2014 05:40:26
1 96 32 1.91313333333333 0.410921666666667
5.06666666666665 96 31 0.977153278688525 0.328273770491803
6.08333333333332 95 31 1.23920163934426 0.364749180327869
7.09999999999998 95 30 0.936824590163934 0.23032131147541
13.1000000000002 95 28 3.08353388888889 1.05331944444444
15.1000000000003 95 27 2.9381725 0.6256275
16.1000000000004 95 26 2.77906833333333 0.493383333333333
19.1500000000002 94 25 1.95895027322404 0.353655737704918
20.1666666666668 94 24 0.781373770491803 0.0443081967213115
22.2 93 25 1.63058278688525 0.471659016393443
23.2166666666666 93 24 1.14263278688525 0.36094262295082
24.2333333333332 92 24 0.9536 0.169665573770492
25.2499999999998 92 22 1.35789016393443 0.137545901639344
26.2666666666665 91 22 0.913154098360656 0.0768081967213115
30.3333333333329 91 21 1.58999549180328 0.228088114754098
34.3999999999993 89 23 1.50993647540984 0.212576639344262
35.4166666666659 88 24 2.30358196721312 0.281583606557377
37.4499999999992 86 25 2.45458852459016 0.407945901639344
38.4666666666658 86 24 2.57766557377049 0.503529508196721
39.4833333333324 84 25 2.17716885245902 0.251860655737705
40.499999999999 84 24 2.09644918032787 0.345093442622951
43.5499999999988 83 25 2.21749508196721 0.238747540983607
44.5666666666654 82 26 1.05439672131148 0.26533606557377
48.6333333333319 82 25 1.1934237704918 0.730661475409836
53.7166666666649 82 24 3.47465967213115 0.51890262295082
59.8166666666646 81 25 3.01854234972678 0.491222950819672
61.8499999999978 80 25 2.80991557377049 0.367531967213115
62.8666666666644 80 24 3.12223278688525 0.414626229508197
64.8999999999976 80 23 1.06404426229508 0.172887704918033
67.9499999999974 79 24 0.957942622950819 0.118622404371585
70.9999999999973 78 25 1.22179508196721 0.266290163934426
73.0333333333305 77 26 0.926722950819672 0.162122131147541
74.0499999999971 76 27 0.871906557377049 0.186603278688525
76.0833333333303 75 27 0.891844262295082 0.222983606557377
82.18333333333 75 25 1.10874207650273 0.294231147540984
85.2333333333298 74 26 1.07959508196721 0.24681693989071
87.266666666663 73 26 0.936240983606558 0.262345081967213
99.4666666666623 71 27 0.689746174863388 0.143268579234973
101.499999999996 70 27 0.693334426229508 0.217881147540984
102.516666666662 68 29 0.634331147540984 0.430386885245902
104.549999999995 67 29 0.58662131147541 0.0625877049180328
105.566666666662 67 28 0.545929508196721 0.0896622950819672
109.633333333328 66 29 0.573677459016393 0.186879508196721
112.683333333328 65 30 0.544663934426229 0.12256174863388
113.699999999995 65 29 0.482490163934426 0.0474098360655738
114.716666666661 65 28 0.474773770491803 0.0556131147540984
126.916666666661 64 29 0.515851639344262 0.106005464480874
127.933333333327 63 30 0.495408196721311 0.0407606557377049
128.933333333328 62 30 0.49012 0.0340733333333333
134.933333333333 61 31 0.528320833333334 0.0985758333333333
138.933333333336 61 30 0.475467916666667 0.10775125
162.933333333355 60 30 0.705991458333333 0.185846527777778
170.933333333362 60 29 2.04367145833333 0.438112708333333
173.933333333364 60 28 1.20483944444444 0.107629444444444
179.933333333369 59 28 1.005545 0.185455
186.933333333374 58 28 0.597193571428571 0.17878
199.933333333385 57 28 0.455110128205128 0.0809814102564103
200.933333333385 56 29 0.437333333333333 0.054805
207.933333333391 55 30 0.430259285714286 0.0493671428571429
221.933333333402 55 29 0.419555714285714 0.188891785714286
257.966666666761 54 30 0.404136031452358 0.0368814523589269
270.16666666675 53 30 0.387153551912569 0.0366333333333333
277.28333333341 52 31 0.386239344262295 0.0350789227166276
281.350000000073 52 30 0.478373360655738 0.103278278688525
367.766666666661 51 31 0.390600617164899 0.0373350241080039
400.299999999965 50 32 0.384351331967213 0.0112985655737705
414.533333333285 50 31 0.37641662763466 0.0101572599531616
416.566666666616 49 32 0.399005737704918 0.0110311475409836
432.833333333268 48 33 0.37923975409836 0.0211756147540984
442.999999999926 47 33 0.392599508196721 0.0185291803278689
456.21666666658 46 34 0.402367717528373 0.0217904161412358
467.399999999904 45 34 0.386674068554396 0.0160308494783905
474.516666666564 44 35 0.367044964871194 0.010732318501171
477.566666666561 43 35 0.371550273224044 0.0115185792349727
490.783333333216 42 35 0.362312988650693 0.00900655737704918
597.533333333119 41 35 0.346892583918815 0.00913261514441842
600 41 35 0.352164480874317 0.0136513661202186
