# New log 27/04/2014 05:38:59
1 96 32 3.23580666666667 1.48777166666667
5.06666666666665 94 32 1.6195118852459 0.487222131147541
6.08333333333332 94 31 2.08900655737705 0.719491803278689
9.10000000000003 94 30 1.84586022099447 0.346008839779006
10.1000000000001 93 28 2.06755666666667 0.436856666666667
11.1000000000001 93 27 1.92852166666667 0.336563333333333
13.1000000000002 92 27 1.87655 0.2862875
16.1000000000004 92 26 2.03791555555556 0.530334444444444
17.116666666667 92 25 1.56027213114754 0.0902688524590164
18.1333333333336 92 24 1.54917049180328 0.0746327868852459
20.1666666666668 91 25 3.99563934426229 0.30952868852459
21.1833333333334 91 23 1.53541475409836 0.259919672131148
23.2166666666666 91 22 1.60480327868852 0.258404098360656
28.2999999999997 90 20 1.68340360655738 0.317412786885246
31.3499999999995 90 19 1.50230491803279 0.268175956284153
34.3999999999993 89 18 1.88593661202186 0.14200218579235
49.6499999999985 88 18 1.64058896174863 0.204751693989071
50.6666666666651 87 19 1.71290983606557 0.0851836065573771
55.7499999999981 86 19 1.46497868852459 0.423171475409836
58.7999999999979 86 16 1.39026612021858 0.241401092896175
59.8166666666646 86 15 1.42840163934426 0.238232786885246
63.883333333331 85 15 1.45965532786885 0.239537295081967
68.966666666664 84 16 1.31753016393443 0.381624590163934
70.9999999999973 84 15 1.37456557377049 0.357156557377049
75.0666666666637 83 16 1.28976352459016 0.153837295081967
76.0833333333303 83 15 1.24985573770492 0.157891803278689
78.1166666666635 82 16 1.3341737704918 0.371022131147541
82.18333333333 81 17 1.20276270491803 0.130102049180328
87.266666666663 79 17 1.26208065573771 0.16768393442623
109.633333333328 78 18 1.23994895678092 0.213031222056632
126.916666666661 78 17 1.44290395371263 0.181181195756991
132.933333333331 77 17 1.07151246537396 0.0911265927977839
143.93333333334 76 18 1.06988454545455 0.163483181818182
158.933333333352 75 19 1.12769133333333 0.219825666666667
160.933333333354 74 19 1.4364 0.160481666666667
173.933333333364 73 19 1.14200653846154 0.150582435897436
188.933333333376 72 19 1.06732622222222 0.172775333333333
207.933333333391 72 18 0.993216403508772 0.160982192982456
210.933333333393 71 19 0.992940555555555 0.0880705555555556
252.933333333427 71 18 1.03715242063492 0.168044325396825
264.066666666755 71 17 1.00224296407186 0.138269311377246
281.350000000073 70 17 1.0048493731919 0.202069913211186
310.833333333379 69 18 1.0190977388355 0.146854324477106
311.850000000045 69 17 1.01884918032787 0.0670803278688525
343.366666666683 69 16 1.02051930195663 0.167856901110524
355.566666666672 69 15 1.04972595628415 0.18584849726776
358.616666666669 69 14 1.04550928961749 0.214293989071038
377.933333333318 68 15 1.02238567730803 0.207424503882657
381.999999999981 68 14 1.01594713114754 0.200349180327869
395.216666666636 68 13 1.00255712484237 0.170641488020177
501.966666666539 68 12 1.03626741608119 0.189931959406714
531.449999999845 67 13 1.04952046353872 0.129576936122103
546.699999999831 66 14 1.00496 0.107604262295082
600 66 14 1.03196081039283 0.0900261676461491
