# New log 27/04/2014 05:14:56
1 96 32 1.41718833333333 5.84494333333333
3.03333333333333 95 33 0.793340983606558 0.414022950819672
10.1000000000001 94 33 1.1758625 0.688367688679245
11.1000000000001 94 32 0.862365 2.31822666666667
13.1000000000002 94 30 1.06581166666667 0.578316666666667
17.116666666667 93 29 0.898804979253112 0.393453526970954
18.1333333333336 92 30 1.47149836065574 0.241916393442623
20.1666666666668 91 31 0.648095901639345 2.03512131147541
43.5499999999988 90 31 0.720380256593015 0.482714540270848
44.5666666666654 89 32 0.944785245901639 2.99918360655738
50.6666666666651 89 31 0.720118032786886 1.22284016393443
52.6999999999983 88 32 0.556554098360656 0.218736885245902
65.9166666666642 88 31 0.627315384615385 0.309474401008827
72.0166666666639 87 32 0.64178825136612 0.356653825136612
74.0499999999971 87 31 0.579193442622951 0.38967131147541
76.0833333333303 87 30 0.577220491803279 0.201389344262295
81.1666666666633 86 30 0.864808524590164 0.134926229508197
82.18333333333 86 29 0.630867213114754 0.0898786885245902
85.2333333333298 83 30 0.632124043715847 0.279558469945355
93.3666666666627 82 30 0.574079508196722 0.276274590163934
99.4666666666623 81 31 0.543334426229509 0.226848633879781
115.733333333328 80 32 0.584951639344262 0.287017110655738
119.799999999994 79 32 0.541744262295082 0.17397131147541
120.816666666661 79 31 0.573672131147541 0.100216393442623
124.883333333328 78 32 0.565850409836066 0.0661491803278688
138.933333333336 78 31 0.614672479240807 0.576354329774615
143.93333333334 77 32 0.566219 0.0238516666666667
148.933333333344 77 31 0.557898666666666 0.00937833333333333
166.933333333358 77 29 0.564334999999999 0.0556722222222222
167.933333333359 76 30 0.513193333333333 0.00112666666666667
168.93333333336 75 31 0.515411666666667 0.00116333333333333
172.933333333363 74 32 0.577992083333333 0.05646625
179.933333333369 73 33 0.576034285714286 0.168262142857143
181.93333333337 72 33 0.566516666666667 0.23864
205.933333333389 71 33 0.535366458333332 0.215795
211.933333333394 71 32 0.489018333333334 0.0254486111111111
216.933333333398 70 33 0.501407 0.0262596666666667
217.933333333399 70 32 0.489965 0.003875
236.933333333414 70 31 0.503531929824561 0.243784210526316
238.933333333416 69 32 0.507896666666667 0.166263333333333
245.933333333421 68 32 0.614267619047619 0.400190714285714
261.016666666758 67 33 0.583727624309392 0.204221436464088
267.116666666752 66 34 0.48315218579235 0.210828961748634
268.133333333418 66 33 0.465436065573771 0.178159016393443
290.500000000064 66 32 0.496440760059612 0.238032041728763
297.616666666725 66 31 0.492040515222483 0.184572599531616
322.016666666702 66 30 0.486057650273223 0.259691051912568
328.116666666697 65 30 0.485212568306011 0.563781967213115
343.366666666683 65 29 0.49628174863388 0.171326666666667
356.583333333338 64 30 0.511049558638083 0.176879571248424
376.916666666653 64 29 0.522874262295082 0.193219016393443
600 64 29 0.49798588673622 0.21312978390462
