# New log 27/04/2014 05:16:03
1 96 32 2.79651166666667 1.23051833333333
4.04999999999999 96 31 1.72882786885246 1.21134153005464
7.09999999999998 95 30 1.71892240437158 2.01209726775956
10.1000000000001 95 29 2.91435111111111 2.90826611111111
12.1000000000002 94 30 3.29693833333333 2.83187916666667
17.116666666667 93 30 4.52649435215947 0.504094019933555
19.1500000000002 91 31 3.15236967213115 0.26552131147541
21.1833333333334 90 32 2.48638196721312 0.268362295081967
23.2166666666666 89 33 2.17618770491803 0.546572950819672
25.2499999999998 88 33 2.4029737704918 0.555417213114754
28.2999999999997 87 33 2.38951639344262 0.599315300546448
30.3333333333329 87 32 4.23410491803279 0.721036885245902
32.3666666666661 86 31 4.04322049180328 0.65311393442623
34.3999999999993 85 32 3.46965901639344 0.495470491803279
35.4166666666659 85 30 5.39405737704918 0.7051
36.4333333333325 85 29 3.15551803278689 0.531911475409836
42.5333333333322 85 28 3.46446284153005 0.485914754098361
44.5666666666654 84 28 2.20775819672131 0.314337704918033
46.5999999999986 84 27 1.59018114754098 0.186850819672131
47.6166666666652 84 26 1.98694590163934 0.268393442622951
57.7833333333313 83 26 1.40983180327869 0.232008196721311
62.8666666666644 83 25 1.50290950819672 0.361736721311475
63.883333333331 83 24 1.79660819672131 0.540972131147541
64.8999999999976 82 24 1.79143770491803 0.559690163934426
65.9166666666642 82 23 1.4289868852459 0.622568852459016
69.9833333333306 81 24 1.26237131147541 0.668439754098361
78.1166666666635 80 24 1.28892336065574 0.828718852459016
79.1333333333301 79 25 1.35570327868853 0.871313114754098
83.1999999999966 78 24 1.39401967213115 0.898648770491803
94.3833333333293 77 25 1.52148047690015 1.86229269746647
106.583333333329 76 25 1.28685013661202 0.679248907103825
112.683333333328 76 24 1.21450327868853 0.514461475409836
116.749999999995 76 23 1.21708360655738 0.469956147540984
135.933333333334 75 24 1.15332684622068 0.434287228496959
150.933333333346 74 25 1.03977488888889 0.179615111111111
155.93333333335 74 24 1.04237466666667 0.170576
156.93333333335 72 26 1.02437833333333 0.167675
167.933333333359 72 25 1.02185621212121 0.165121212121212
177.933333333367 71 26 1.06102016666667 0.234236666666667
191.933333333378 70 26 1.09578630952381 0.388926666666667
203.933333333388 69 27 1.27305055555556 0.308785694444444
209.933333333393 69 26 0.991222222222222 0.281552777777778
213.933333333396 68 27 1.01215208333333 0.219922083333333
218.9333333334 68 26 0.957572666666667 0.219391666666667
221.933333333402 68 25 0.9621 0.195821111111111
222.933333333403 67 26 1.53854166666667 0.306806666666667
224.933333333404 66 26 0.924099166666666 0.176245
240.933333333417 66 25 0.957218749999999 0.3044515625
250.933333333425 65 25 0.952787999999999 0.278234833333333
266.100000000087 65 24 0.945806923076921 0.149881978021978
269.150000000084 64 25 0.955603825136612 0.12216174863388
271.183333333415 63 26 0.945510655737705 0.119422131147541
290.500000000064 63 23 0.952312338222606 0.164377653149267
327.100000000031 62 24 0.962342258652093 0.144095264116576
376.916666666653 62 23 0.894649113415858 0.100591702910672
410.466666666622 62 22 2.12985722801789 0.15885737704918
433.849999999934 61 23 2.62883071988596 0.202601496792587
482.64999999989 61 22 2.61327957650274 0.17970037568306
549.749999999829 60 23 2.58268099850968 0.174592473919523
577.199999999804 59 23 2.58660941105039 0.174513964784457
600 59 23 2.55607198859587 0.175381397006415
