# New log 27/04/2014 05:17:58
1 96 32 1.68421166666667 0.660566666666667
6.08333333333332 95 31 1.34822196721312 0.439511803278689
7.09999999999998 95 30 4.6064737704918 0.762645901639344
9.10000000000003 95 29 4.67026166666667 0.9700975
10.1000000000001 95 28 5.205345 0.418688333333333
11.1000000000001 95 27 4.39619166666667 0.368988333333333
15.1000000000003 94 28 5.05243666666667 0.4221975
17.116666666667 93 28 4.09335454545455 0.307168595041322
18.1333333333336 92 29 2.94048032786885 0.400239344262295
19.1500000000002 91 30 2.84297213114754 0.224840983606557
20.1666666666668 91 29 3.01141639344262 3.09340327868853
26.2666666666665 90 30 4.93739699453552 0.435165573770492
27.2833333333331 89 31 2.48438852459016 3.30865573770492
29.3166666666663 88 31 1.34873032786885 0.698567213114754
35.4166666666659 88 30 1.83779726775956 0.226625136612022
38.4666666666658 88 29 2.37516393442623 0.294322950819672
39.4833333333324 87 29 4.09462786885246 0.426922950819672
41.5166666666656 85 29 4.35066557377049 0.364013114754098
47.6166666666652 84 29 6.98197021857923 0.525927049180328
48.6333333333319 84 28 2.99569672131148 0.443747540983607
50.6666666666651 84 26 3.30924098360656 0.399945901639344
51.6833333333317 83 26 2.98818852459016 0.427111475409836
52.6999999999983 83 25 3.58267868852459 0.568065573770492
56.7666666666647 83 24 2.15283073770492 0.396059426229508
58.7999999999979 83 23 1.09888114754098 0.101736885245902
59.8166666666646 83 22 1.39268196721312 0.269459016393443
67.9499999999974 83 21 1.39276823770492 0.412771721311475
70.9999999999973 83 20 1.76663387978142 0.652755191256831
76.0833333333303 83 19 1.72369049180328 1.05259704918033
87.266666666663 82 20 1.51574023845007 0.828397466467958
118.783333333328 82 19 1.03913400317292 1.42236345848757
143.93333333334 82 18 1.30036865473824 0.379729092113983
157.933333333351 81 19 0.799282380952381 0.0981717857142857
192.933333333379 80 20 0.63568642857143 0.102466285714286
210.933333333393 80 19 0.597815833333334 0.16906287037037
213.933333333396 80 18 0.802773888888889 0.0852422222222222
231.93333333341 80 17 0.745567592592592 0.364167222222222
251.933333333426 79 17 0.565755500000001 0.28852775
274.233333333413 79 16 0.540393273542601 0.414013826606876
289.483333333399 78 16 0.519035191256831 0.285955191256831
297.616666666725 77 17 0.498441393442623 0.280801844262295
300.666666666722 76 18 0.51917868852459 0.346255191256831
304.733333333385 75 19 0.467116803278689 0.275790983606557
321.000000000037 75 18 0.483668545081967 0.150659836065574
368.783333333327 75 17 0.537082874084412 0.0866453086850366
370.816666666658 74 18 0.489462295081967 0.0452303278688525
400.299999999965 73 18 0.491104578858112 0.104406274731487
414.533333333285 72 18 0.513702107728337 0.0906536299765808
491.799999999881 71 19 0.517257031924072 0.129319866264021
493.833333333213 70 19 0.625350819672131 0.160097540983607
499.933333333207 69 20 0.548668852459016 0.184621857923497
501.966666666539 68 21 0.475201639344262 0.099216393442623
516.199999999859 67 21 0.490611826697892 0.162764168618267
526.366666666517 66 22 0.494905081967213 0.121415901639344
574.149999999806 66 21 0.496177223578652 0.100796302755494
579.233333333135 66 20 0.516194098360656 0.185152786885246
589.399999999793 65 21 0.479420983606558 0.191490983606557
600 65 21 0.465971535022355 0.0803846497764531
