# New log 27/04/2014 05:49:35
1 96 32 1.61532 0.397291666666667
5.06666666666665 96 31 2.65512868852459 0.452085655737705
6.08333333333332 96 30 1.76305409836066 1.26710983606557
7.09999999999998 94 31 1.4980131147541 0.404973770491803
9.10000000000003 93 32 1.13626166666667 0.355825833333333
10.1000000000001 92 32 1.16384666666667 0.242945
14.1000000000003 92 30 1.3287575 0.319364166666667
16.1000000000004 91 30 1.020115 0.305766666666667
17.116666666667 91 29 1.11693606557377 0.247209836065574
19.1500000000002 90 29 0.924096721311475 0.312431967213115
23.2166666666666 89 28 1.23335491803279 0.199800409836066
24.2333333333332 89 27 3.32891147540984 0.396691803278689
26.2666666666665 89 26 2.71241147540984 0.363729508196721
27.2833333333331 88 27 2.49397704918033 0.37364262295082
28.2999999999997 88 26 2.51440327868852 0.343688524590164
30.3333333333329 88 25 2.15745737704918 0.31015
32.3666666666661 87 26 2.5994893442623 0.228826229508197
35.4166666666659 86 27 2.65769344262295 0.359381967213115
38.4666666666658 83 29 2.58827868852459 0.241184153005465
41.5166666666656 83 28 1.32170819672131 0.195072131147541
42.5333333333322 83 27 0.653765573770492 0.111591803278689
47.6166666666652 82 28 0.856572459016394 0.241453770491803
48.6333333333319 82 27 0.746791803278688 0.0533295081967213
51.6833333333317 81 27 0.794926775956284 0.156115300546448
52.6999999999983 81 25 0.954750819672131 0.447398360655738
57.7833333333313 80 25 0.875446229508196 0.223469836065574
61.8499999999978 79 26 0.905829098360655 0.175115573770492
63.883333333331 78 27 0.751027868852459 0.219205737704918
75.0666666666637 77 28 0.776797019374068 0.816355588673622
82.18333333333 77 27 0.728142388758782 0.37733887587822
86.2499999999964 77 26 0.686598770491803 0.0958524590163934
88.2833333333296 76 27 0.619285245901639 0.102429508196721
91.3333333333294 76 26 0.591996721311476 0.125613114754098
93.3666666666627 75 27 0.925325409836066 0.34532868852459
105.566666666662 74 28 0.581249316939891 0.157991256830601
107.599999999995 73 29 0.62232868852459 0.117759836065574
108.616666666662 73 28 0.653980327868852 0.132686885245902
112.683333333328 72 29 0.615738524590164 0.057972131147541
117.766666666661 71 28 0.556886885245902 0.585830491803279
122.849999999994 70 28 0.534493114754099 0.113401967213115
127.933333333327 70 27 0.588249836065574 0.283718032786885
128.933333333328 70 26 0.512536666666667 0.345213333333333
147.933333333343 69 26 0.770564912280702 0.186203596491228
154.933333333349 68 27 2.01668642857143 0.471596666666667
164.933333333357 67 28 1.17382116666667 0.618448666666667
165.933333333358 67 27 0.860078333333333 0.519655
167.933333333359 66 27 0.9931575 0.6146325
176.933333333366 65 28 1.59706092592593 1.06545962962963
184.933333333373 64 29 1.71020666666667 1.01820104166667
188.933333333376 63 30 2.18861541666667 1.39367541666667
195.933333333381 62 30 1.69082857142857 1.01666404761905
229.933333333408 61 31 0.470652450980392 0.0829374509803922
230.933333333409 59 31 0.445943333333333 0.162218333333333
232.933333333411 59 30 0.372523333333333 0.00720333333333333
253.933333333428 59 29 0.379663253968254 0.0346947619047619
266.100000000087 58 30 0.372692328767124 0.0119098630136986
274.233333333413 57 31 0.418498770491803 0.0230448770491803
301.683333333388 56 31 0.362915725561627 0.0500282938676381
305.750000000051 55 32 0.439315983606557 0.0345651639344262
307.783333333382 54 33 0.349768852459017 0.0419131147540984
311.850000000045 53 32 0.355533606557377 0.00369426229508197
326.083333333365 52 33 0.346241334894613 0.00660632318501171
327.100000000031 51 34 0.315863934426229 0.000186885245901639
334.216666666691 51 33 0.332206557377049 0.0217491803278689
369.799999999992 50 33 0.324138782201405 0.00350440281030445
395.216666666636 50 32 0.30691868852459 0.00207219672131148
408.433333333291 50 31 0.315704413619168 0.00193644388398487
446.049999999923 49 31 0.335037306158618 0.0198206025697829
453.166666666583 48 32 0.316627868852459 0.01663981264637
470.449999999901 47 32 0.312659884281581 0.00731562198649952
519.249999999856 47 31 0.304765232240438 0.0047057718579235
569.066666666478 46 32 0.310629274004684 0.0248999665439946
586.349999999795 46 31 0.562266538090646 0.0925857280617165
591.433333333124 46 30 1.23359540983607 0.261439016393443
597.533333333119 46 29 1.44393169398907 0.305635792349727
598.549999999784 45 30 1.22340819672131 0.255693442622951
600 45 30 1.14999672131148 0.236787704918033
