# New log 27/04/2014 05:48:16
1 96 32 2.87435166666667 0.91623
5.06666666666665 95 31 1.5678368852459 0.77650737704918
6.08333333333332 95 30 1.58663278688525 0.84922131147541
8.09999999999998 95 29 1.49656859504132 0.857915702479339
9.10000000000003 95 28 1.45164166666667 0.982298333333333
10.1000000000001 94 29 1.42975666666667 0.600926666666667
11.1000000000001 93 29 1.42364166666667 0.359195
12.1000000000002 92 28 1.40419166666667 0.157695
13.1000000000002 92 27 1.33179333333333 0.204236666666667
16.1000000000004 92 26 1.49562444444445 0.552705
17.116666666667 92 25 1.57554426229508 0.156472131147541
20.1666666666668 92 24 1.53549453551913 0.376297267759563
22.2 91 24 1.68300737704918 0.134367213114754
28.2999999999997 89 25 1.56754726775956 0.614915846994536
29.3166666666663 88 26 1.59614590163934 0.712434426229508
30.3333333333329 85 27 1.55370491803279 0.705434426229508
31.3499999999995 84 27 1.36554590163934 0.598854098360656
34.3999999999993 83 27 1.58053989071038 0.504003825136612
36.4333333333325 82 28 1.30417049180328 0.459850819672131
39.4833333333324 81 28 2.24654316939891 0.326259016393443
40.499999999999 80 29 3.60095245901639 0.281277049180328
41.5166666666656 79 29 3.77405245901639 0.39116393442623
43.5499999999988 79 28 2.95132131147541 0.418040163934426
46.5999999999986 78 29 2.71152841530055 0.213200546448087
50.6666666666651 77 29 2.70072049180328 0.319486475409836
51.6833333333317 77 28 2.75439180327869 0.485862295081967
64.8999999999976 76 28 2.22293203026482 0.605772257250946
67.9499999999974 75 28 1.31082404371585 0.583393442622951
79.1333333333301 74 28 1.17112414307004 0.358461251862891
80.1499999999967 73 29 1.03715409836066 0.342296721311475
86.2499999999964 73 28 1.0778325136612 0.555910655737705
95.3999999999959 72 28 1.42454517304189 0.909575591985428
98.4499999999957 71 28 1.42071420765027 0.413573770491803
104.549999999995 70 29 1.46955628415301 0.405287978142077
107.599999999995 70 28 1.41979890710383 0.375324043715847
129.933333333329 70 27 1.54728880597015 0.458769701492537
143.93333333334 69 27 1.69310797619047 0.328310357142857
156.93333333335 69 26 1.29328666666667 0.232947948717949
159.933333333353 68 27 1.73767833333333 0.3168
160.933333333354 68 26 1.142915 0.39511
167.933333333359 68 25 1.0737330952381 0.335242857142857
170.933333333362 67 25 1.06220888888889 0.347108333333333
182.933333333371 66 26 0.966108055555555 0.307934027777778
186.933333333374 65 26 0.85064125 0.300559166666667
199.933333333385 65 25 0.900007307692307 0.281020512820513
206.93333333339 64 26 0.923059761904762 0.294513571428571
207.933333333391 63 27 1.09751333333333 0.284883333333333
256.950000000095 63 26 0.826151989119344 0.200833866031962
301.683333333388 62 27 0.777988114754099 0.105776192250373
373.866666666655 62 26 0.785831863311013 0.0602756407296237
383.016666666647 61 27 0.781306193078324 0.0635914389799636
472.483333333232 61 26 0.780307786885247 0.0476706594634873
546.699999999831 61 25 0.798513024927014 0.049014888838985
567.033333333146 61 24 0.825648360655736 0.0506405737704918
600 61 24 0.814792896174864 0.0506079483358172
