# New log 27/04/2014 05:46:44
1 96 32 1.45767333333333 4.11686333333333
4.04999999999999 95 32 0.894389071038251 0.45763825136612
5.06666666666665 94 32 1.4418606557377 0.635739344262295
6.08333333333332 94 31 0.701726229508197 0.485940983606557
7.09999999999998 94 30 0.671227868852459 0.647645901639344
12.1000000000002 91 33 0.763524333333333 5.155295
15.1000000000003 90 34 0.677534444444444 5.83099444444444
19.1500000000002 89 34 0.576891358024691 5.27833374485597
20.1666666666668 89 33 0.726173770491803 3.12094098360656
22.2 88 34 0.648936065573771 4.25305491803279
23.2166666666666 88 33 0.739677049180328 7.00930491803279
24.2333333333332 87 33 0.598670491803279 6.92527540983607
27.2833333333331 86 34 0.59647431693989 6.14255136612022
28.2999999999997 85 34 0.580765573770492 4.74416885245902
30.3333333333329 85 33 0.544366393442623 4.55234918032787
33.3833333333327 85 32 0.527834972677596 4.61356666666667
42.5333333333322 85 30 0.607710018214936 4.77661821493625
43.5499999999988 84 30 0.540152459016394 5.94924918032787
52.6999999999983 83 31 1.07306102003643 6.40255938069217
54.7333333333315 82 31 0.693927049180328 3.81814672131148
58.7999999999979 80 32 0.702584016393443 3.63347213114754
76.0833333333303 80 31 0.802936933461908 2.00451976856316
78.1166666666635 79 31 0.539230327868852 0.721024590163935
83.1999999999966 78 32 0.69106 1.12764852459016
84.2166666666632 78 31 0.586734426229508 0.730418032786885
85.2333333333298 77 32 0.534434426229508 0.592501639344262
90.3166666666628 76 32 0.536403934426229 0.987322950819672
93.3666666666627 75 32 0.780053551912568 0.712696174863388
108.616666666662 74 32 0.653224262295082 1.44912644808743
112.683333333328 74 31 0.54206475409836 0.964148360655738
139.933333333337 73 32 0.52994489296636 2.0321328440367
145.933333333342 73 31 0.532014722222222 0.817547222222222
148.933333333344 72 31 0.566690555555555 1.01704833333333
177.933333333367 71 32 0.553801954022989 0.971873793103448
191.933333333378 70 33 0.525218571428571 0.952934047619048
193.93333333338 70 32 0.495306666666666 0.9828925
196.933333333382 69 33 0.493837222222222 0.806559444444445
202.933333333387 68 33 0.487642222222222 0.73127
226.933333333406 67 34 0.516762361111112 0.845928611111111
235.933333333413 66 34 0.551216296296297 0.874549444444444
240.933333333417 65 34 0.600112666666667 0.660999666666667
242.933333333419 65 33 0.467885 0.415675833333333
251.933333333426 64 34 0.453258703703703 0.45140037037037
252.933333333427 63 34 0.453773333333333 0.32515
277.28333333341 63 33 0.442988158795346 0.223466598220397
282.366666666739 62 34 0.444110163934427 0.531285245901639
351.500000000009 61 35 0.441151398264224 0.100714633558341
366.749999999995 60 36 0.454086775956284 0.0343473224043716
371.833333333324 59 37 0.410364918032787 0.0353222950819672
374.883333333321 58 38 0.556422404371584 0.0334453551912568
381.999999999981 58 37 0.38892224824356 0.0307826697892272
383.016666666647 58 36 0.386913114754099 0.000191803278688525
384.033333333313 56 38 0.377209836065574 0.000177049180327869
387.08333333331 55 38 0.367833879781421 0.000168852459016393
399.283333333299 54 38 0.361779234972678 0.273609836065574
401.31666666663 53 39 0.343325409836066 0.520098360655738
407.416666666625 52 40 0.342198087431694 0.250051092896175
410.466666666622 51 41 0.338930054644809 0.193181420765027
417.583333333282 50 42 0.334972599531616 0.207159718969555
433.849999999934 49 43 0.555643750000001 0.245947336065574
464.349999999906 49 42 0.719883551912567 0.601959945355191
477.566666666561 48 42 0.720993064312736 0.610044262295082
527.383333333182 48 41 0.731552592840414 0.459067648042824
569.066666666478 47 40 0.709487884846063 0.444576649340264
580.249999999801 47 39 0.773901192250373 0.404229955290611
600 47 39 0.808325737704917 0.250769508196721
