# New log 27/04/2014 06:11:13
1 96 32 3.373155 1.01160333333333
5.06666666666665 96 31 1.7009606557377 0.497970081967213
7.09999999999998 96 30 2.24400163934426 0.382285245901639
10.1000000000001 95 30 2.26716666666667 0.305907777777778
12.1000000000002 94 29 2.09250583333333 0.295333333333333
13.1000000000002 92 31 1.44533166666667 0.216031666666667
14.1000000000003 92 30 1.99102166666667 0.448536666666667
22.2 92 29 2.48389691358025 0.33897366255144
25.2499999999998 91 28 2.56689836065574 0.290450819672131
32.3666666666661 90 26 1.86761920374707 0.306362763466042
33.3833333333327 89 27 1.99549508196721 0.526308196721312
38.4666666666658 88 28 1.74632590163934 0.421806229508197
45.583333333332 87 28 1.36896346604216 0.444728337236534
51.6833333333317 87 27 1.97898142076503 0.593714480874317
55.7499999999981 86 27 2.06458360655738 0.70888606557377
64.8999999999976 85 27 2.40726557377049 1.19631438979964
65.9166666666642 84 28 1.87696721311475 1.18665573770492
72.0166666666639 83 29 1.94421830601093 1.16928606557377
77.0999999999969 83 28 1.33895836065574 0.984824262295082
86.2499999999964 83 27 1.73449052823315 0.456422586520947
87.266666666663 82 28 2.07187213114754 0.441227868852459
94.3833333333293 81 29 1.53588641686183 0.218236768149883
100.483333333329 81 28 1.0986325136612 0.0788510928961749
103.533333333329 80 28 1.06502240437159 0.14773825136612
108.616666666662 79 29 1.09364786885246 0.248429180327869
109.633333333328 78 30 1.05760983606557 0.418819672131148
117.766666666661 78 29 1.33845450819672 0.383964344262295
120.816666666661 77 29 1.79072131147541 0.285020218579235
122.849999999994 76 30 1.76167950819672 0.116550819672131
134.933333333333 75 30 1.28255006896552 0.29724675862069
140.933333333338 75 29 1.06476416666667 0.240703055555556
159.933333333353 75 28 1.56048228070176 0.55542798245614
161.933333333354 75 27 1.086305 0.397908333333333
162.933333333355 74 28 0.975755 0.320621666666667
165.933333333358 73 29 0.955415 0.268498333333333
188.933333333376 72 29 0.930255797101451 0.256297753623188
192.933333333379 72 28 0.955595416666667 0.192685833333333
199.933333333385 72 27 0.97119619047619 0.387106666666667
240.933333333417 72 26 0.939067886178862 0.0929876016260163
244.93333333342 72 25 0.917424583333333 0.0759733333333333
269.150000000084 72 24 0.933051823812799 0.0899593943565038
330.150000000028 71 25 1.58121234972677 0.243765464480874
336.250000000023 70 25 3.0393281420765 0.117494535519126
353.53333333334 69 26 2.88265834136933 0.095643587270974
393.183333333304 69 25 3.10837969735183 0.127365783942833
457.233333333246 68 25 1.42095779339058 0.456685219880302
469.433333333235 68 24 1.08284918032787 0.145912021857924
473.499999999898 67 25 0.953899180327868 0.0516401639344262
499.933333333207 66 25 0.967908764186633 0.0940459016393443
503.99999999987 65 26 0.968465163934426 0.0478704918032787
511.11666666653 64 27 0.986141217798595 0.0604098360655738
532.466666666511 64 26 0.962191022638563 0.0815939110070258
563.983333333149 64 25 1.05764764674775 0.0930513484928609
578.216666666469 64 24 1.20347236533958 0.107134426229508
587.366666666461 63 25 1.12710163934426 0.122825865209472
589.399999999793 63 24 1.11044426229508 0.324000819672131
600 63 24 1.21983070044709 0.240007302533532
