# New log 27/04/2014 06:09:57
1 96 32 1.45961 4.90170833333333
7.09999999999998 96 31 1.20964672131148 0.825453278688525
9.10000000000003 95 32 0.5564525 0.4290875
10.1000000000001 94 33 0.710395 0.192853333333333
17.116666666667 94 32 0.761668408551068 1.69209857482185
18.1333333333336 94 31 0.566273770491803 1.88122131147541
23.2166666666666 93 32 0.697331803278689 1.93907409836066
24.2333333333332 92 33 0.608147540983606 2.22449016393443
35.4166666666659 92 32 0.956847988077497 3.42376900149031
40.499999999999 92 31 0.816202295081968 2.02513081967213
41.5166666666656 92 29 1.06574918032787 2.03922131147541
50.6666666666651 91 29 0.657261930783242 3.01254990892532
53.7166666666649 90 30 0.757703278688525 1.61710109289617
55.7499999999981 89 31 0.711838524590164 2.04800245901639
60.8333333333312 89 30 0.599148196721312 2.84524918032787
67.9499999999974 89 29 0.734125526932084 1.88738548009368
68.966666666664 88 30 0.652391803278689 6.27739016393443
100.483333333329 87 30 0.713689159175039 1.48849978847171
106.583333333329 86 30 0.692208196721312 0.662329234972678
110.649999999995 86 29 0.665263934426229 0.731619672131148
116.749999999995 85 30 0.713245901639345 0.736084426229508
130.93333333333 84 30 0.717939130434782 0.717201410105758
132.933333333331 83 30 0.53459 0.249173333333333
133.933333333332 83 29 0.698488333333333 2.08947666666667
137.933333333335 82 30 0.62391 0.278127083333333
138.933333333336 81 30 0.670311666666667 0.542376666666667
148.933333333344 80 31 0.656473 0.311138166666667
154.933333333349 79 31 0.613698055555556 0.254380555555556
164.933333333357 79 30 0.6517455 0.260060666666667
178.933333333368 78 31 0.609281666666667 0.319189404761905
180.933333333369 77 32 0.537078333333333 0.3607325
188.933333333376 76 33 0.548984583333333 0.425903333333333
198.933333333384 75 34 0.524111166666667 0.462756666666667
202.933333333387 74 35 0.511149583333334 0.449792916666667
213.933333333396 73 36 0.511197575757576 0.47698303030303
246.933333333422 72 36 0.616081818181819 0.485682323232323
269.150000000084 72 35 0.499398424606151 0.48998799699925
272.200000000081 71 35 0.492657923497268 0.454269398907104
276.266666666744 70 35 0.487799180327869 0.451226229508197
278.300000000076 69 36 0.496984426229508 0.471079508196721
322.016666666702 68 36 0.502046321006481 0.4443640106748
336.250000000023 67 36 0.490010421545667 0.310710538641686
349.466666666678 67 35 0.48832761664565 0.292901261034048
356.583333333338 66 35 0.479132084309133 0.300746838407494
381.999999999981 65 36 0.466151868852459 0.295585245901639
390.133333333307 64 37 0.479989959016393 0.306886680327869
401.31666666663 63 37 0.476745454545455 0.309861251862891
406.399999999959 63 36 0.470495081967213 0.302639016393443
410.466666666622 62 36 0.461338114754098 0.301265983606557
455.199999999915 62 35 0.459367287630403 0.146591766020864
486.716666666553 62 34 0.430359175039662 0.000929190904283448
487.733333333218 61 35 0.41542131147541 0.000216393442622951
584.316666666464 60 35 0.41552710957722 0.004611164797239
600 60 35 0.409201844262296 0.000188319672131148
