# New log 27/04/2014 06:12:54
1 96 32 1.63160333333333 0.421918333333333
8.09999999999998 96 29 1.22591291079812 0.603425821596244
10.1000000000001 96 28 0.979763333333333 0.240744166666667
11.1000000000001 94 29 1.231 0.223863333333333
13.1000000000002 94 28 1.89158 0.26244
14.1000000000003 92 30 1.15463333333333 0.273178333333333
15.1000000000003 91 30 1.15606666666667 0.292705
16.1000000000004 90 31 1.40498666666667 0.448451666666667
17.116666666667 90 30 2.25424754098361 0.572781967213115
20.1666666666668 89 30 3.77462732240437 0.848580327868852
29.3166666666663 88 31 2.18622896174864 0.639016757741348
35.4166666666659 88 30 1.59702076502732 0.809957103825137
39.4833333333324 87 31 1.10912418032787 0.266048360655738
40.499999999999 87 30 1.13916229508197 0.234122950819672
41.5166666666656 86 31 1.23397213114754 0.160022950819672
42.5333333333322 85 28 1.03886557377049 0.19114262295082
46.5999999999986 85 27 1.68020614754099 0.485104918032787
49.6499999999985 84 28 1.61225191256831 0.486413114754098
50.6666666666651 84 27 1.21445245901639 0.611791803278689
51.6833333333317 83 28 0.9226 0.674977049180328
52.6999999999983 82 28 0.888975409836066 0.535570491803279
55.7499999999981 81 28 0.987697267759563 0.690337158469945
58.7999999999979 81 27 1.01008032786885 0.702926775956284
70.9999999999973 81 25 0.812597950819672 0.226854508196721
84.2166666666632 81 24 0.672154854981084 0.187911979823455
89.2999999999962 80 25 0.673345901639344 0.221271147540984
90.3166666666628 80 24 0.649452459016394 0.282180327868853
100.483333333329 79 25 1.25050262295082 0.134726721311475
108.616666666662 78 26 0.532730737704918 0.0862655737704918
110.649999999995 77 27 0.803511475409836 0.466904098360656
111.666666666662 76 28 0.69317868852459 0.368444262295082
167.933333333359 75 28 0.638922541469193 0.36161172985782
172.933333333363 75 27 0.632754666666666 0.52993
178.933333333368 75 26 0.713215 0.0835525
191.933333333378 74 27 0.627587307692308 0.0539126923076923
195.933333333381 73 28 0.545958333333333 0.0200520833333333
216.933333333398 72 29 0.529480158730158 0.023154126984127
237.933333333415 71 29 0.447714126984126 0.00985452380952381
280.333333333407 70 30 0.455781603773584 0.0191388757861635
296.600000000059 70 29 0.448702459016393 0.0111960040983607
306.766666666716 69 30 0.438212295081967 0.0142118032786885
343.366666666683 68 31 0.435826320582879 0.00765928961748634
362.683333333332 67 32 0.413306298533219 0.0154494391716997
363.699999999998 66 33 0.404362295081967 0.0532803278688525
364.716666666664 65 34 0.375672131147541 0.0642098360655738
373.866666666655 65 33 0.399046265938069 0.0537100182149363
375.899999999987 65 31 0.431361475409836 0.0592926229508197
379.96666666665 64 32 0.432826639344263 0.0068844262295082
398.266666666633 64 31 0.391068852459016 0.00409034608378871
403.349999999962 63 30 0.483792459016393 0.026544262295082
420.633333333279 63 29 0.389113596914175 0.00209797492767599
423.683333333277 62 30 0.40169781420765 0.00742786885245902
499.933333333207 62 29 0.504208196721311 0.0457850710382514
505.016666666536 61 29 0.677664918032787 0.0897845901639344
574.149999999806 60 29 0.683016947926711 0.0771215766634523
576.183333333138 59 29 0.692415573770492 0.106079508196721
580.249999999801 58 30 0.66660737704918 0.102524590163934
596.516666666453 57 31 0.591808913934427 0.0825382172131147
597.533333333119 56 32 0.393032786885246 0.00527704918032787
600 56 32 0.440641530054645 0.022720218579235
