# New log 24/04/2014 02:05:53
1 96 32 1.98274
5.06666666666665 96 31 1.22593606557377
8.09999999999998 95 32 1.64540769230769
10.1000000000001 94 33 1.66526833333333
11.1000000000001 93 34 2.173005
12.1000000000002 92 34 1.028915
13.1000000000002 92 32 1.16829333333333
15.1000000000003 91 32 1.54477083333333
16.1000000000004 90 32 2.15588
17.116666666667 90 31 1.6317606557377
18.1333333333336 87 33 1.60164426229508
20.1666666666668 87 32 1.67660491803279
30.3333333333329 86 33 2.4944668852459
33.3833333333327 85 33 1.30096174863388
42.5333333333322 84 34 1.32216830601093
43.5499999999988 83 35 1.85575737704918
45.583333333332 83 34 1.03208032786885
47.6166666666652 82 34 0.906181147540984
48.6333333333319 81 35 1.81675573770492
51.6833333333317 81 34 1.93039672131148
59.8166666666646 81 33 1.17610676229508
73.0333333333305 81 32 1.22973493064313
77.0999999999969 80 33 1.95863852459017
78.1166666666635 79 34 2.39923114754098
81.1666666666633 79 33 1.93388797814208
83.1999999999966 79 32 0.933754098360656
85.2333333333298 77 34 1.59390245901639
89.2999999999962 76 34 1.09485409836066
92.349999999996 75 35 0.812274863387978
93.3666666666627 74 36 1.49710327868852
95.3999999999959 73 37 1.20963032786885
100.483333333329 72 38 2.53598426229508
111.666666666662 71 38 2.72337332339791
117.766666666661 69 39 1.94300027322404
118.783333333328 68 38 1.19331639344262
121.833333333328 68 37 0.802285792349727
139.933333333337 68 36 1.44174521178637
144.933333333341 67 37 1.09003
145.933333333342 67 36 1.81924333333333
163.933333333356 66 37 1.37618416666667
171.933333333362 65 38 1.373620625
178.933333333368 64 39 1.61453642857143
180.933333333369 64 38 0.9690875
203.933333333388 64 37 1.53271007246377
236.933333333414 63 38 1.27997696969697
240.933333333417 63 37 1.66984541666667
241.933333333418 62 38 1.38503
260.000000000092 62 37 1.22308487084871
265.083333333421 61 38 1.58790754098361
267.116666666752 61 37 0.946186065573771
287.450000000067 60 38 1.18249975409836
301.683333333388 60 37 1.35449110070258
304.733333333385 60 36 1.12987868852459
308.800000000048 60 35 1.15896844262295
315.916666666708 60 34 1.23282552693208
330.150000000028 60 33 1.4194056206089
332.18333333336 60 32 1.92094918032787
335.233333333357 59 33 1.18942076502732
355.566666666672 58 33 1.4497956557377
376.916666666653 57 33 1.67006104605777
380.983333333316 57 32 1.43551844262295
387.08333333331 57 31 1.97270464480874
402.333333333296 57 30 1.82741409836065
422.666666666611 57 29 2.20449598360656
448.083333333254 56 30 2.27634859016393
596.516666666453 55 30 1.77906043117
600 55 30 1.32048032786885
