# New log 25/04/2014 03:50:46
1 96 32 1.571715 0.46848
6.08333333333332 94 32 0.855051475409836 0.486912786885246
8.09999999999998 94 31 1.13493884297521 0.268752892561983
9.10000000000003 93 31 3.45395333333333 0.414011666666667
12.1000000000002 92 30 2.94425333333333 0.522019444444444
13.1000000000002 90 31 4.25808833333333 0.49239
14.1000000000003 90 30 5.709855 0.527413333333333
19.1500000000002 90 28 2.69146831683168 0.336505610561056
22.2 90 27 2.66391475409836 0.670054644808743
24.2333333333332 90 26 2.92943032786885 0.278440163934426
27.2833333333331 90 25 4.51680327868852 0.978084153005465
28.2999999999997 89 26 6.70882786885246 1.62697049180328
29.3166666666663 89 25 2.45819508196721 0.118990163934426
30.3333333333329 89 24 2.22092459016393 0.160744262295082
31.3499999999995 87 25 3.11806557377049 0.432044262295082
32.3666666666661 85 26 2.66787213114754 0.300362295081967
34.3999999999993 84 27 2.47222786885246 0.262872950819672
36.4333333333325 84 26 2.30213114754098 0.308175409836066
39.4833333333324 84 25 2.03924972677596 0.263412021857924
40.499999999999 83 26 1.31037213114754 0.290655737704918
42.5333333333322 83 25 0.832898360655738 0.248906557377049
44.5666666666654 82 26 0.80961475409836 0.211064754098361
46.5999999999986 82 25 0.720907377049181 0.157209836065574
68.966666666664 82 24 1.42275655737705 0.396723025335321
73.0333333333305 81 25 1.46134139344262 0.348281557377049
74.0499999999971 80 26 1.90819180327869 0.205155737704918
79.1333333333301 79 27 1.27063704918033 0.171054098360656
81.1666666666633 78 27 0.741568032786885 0.328206557377049
82.18333333333 77 27 0.756872131147541 0.706081967213115
97.4333333333291 76 28 1.44812087431694 1.28746404371585
99.4666666666623 76 27 0.695794262295082 1.59458196721312
105.566666666662 75 28 0.787221038251365 0.801394262295082
116.749999999995 74 29 0.515605961251863 0.381885842026826
118.783333333328 73 29 0.488815573770492 0.137459836065574
128.933333333328 73 28 0.521764039408868 0.361220032840723
132.933333333331 73 27 0.561915416666667 1.19373083333333
136.933333333334 73 26 0.542100833333334 0.8331075
143.93333333334 72 26 0.694134285714286 0.213265714285714
159.933333333353 72 25 0.41788625 0.106507395833333
168.93333333336 71 25 0.416027407407408 0.175097592592593
178.933333333368 71 24 0.4122685 0.111275666666667
191.933333333378 70 25 0.449126666666667 0.0471880769230769
192.933333333379 69 26 0.6609 0.075205
197.933333333383 69 25 0.487634 0.229707333333333
202.933333333387 67 26 0.495761666666667 0.468373
204.933333333389 65 27 0.395331666666667 0.0369725
228.933333333408 64 27 0.352526874999999 0.0248878472222222
230.933333333409 63 28 0.355875 0.0284883333333333
233.933333333412 62 29 0.335435 0.0244461111111111
306.766666666716 62 28 0.337309839816934 0.0290457894736842
317.950000000039 62 27 0.328494634873323 0.0254949329359165
342.350000000017 62 26 0.418729644808744 0.0329026639344262
356.583333333338 62 25 0.387001170960188 0.0650634660421546
455.199999999915 61 25 0.871506506675681 0.15912369443975
467.399999999904 60 26 1.16099849726776 0.231303278688525
469.433333333235 59 26 1.16290655737705 0.225060655737705
484.683333333221 59 25 1.14630808743169 0.228254754098361
490.783333333216 59 24 1.15913989071038 0.236946721311475
527.383333333182 59 23 1.17612823315118 0.260819535519126
537.54999999984 58 23 1.19177557377049 0.24403393442623
600 58 23 0.445355949233211 0.0668927551560021
