# New log 23/04/2014 23:23:48
1 96 32 4.40692833333334
5.06666666666665 94 33 2.09787254098361
6.08333333333332 94 31 3.97983442622951
9.10000000000003 94 30 2.76432154696133
10.1000000000001 94 29 2.003715
11.1000000000001 92 30 2.456985
14.1000000000003 91 30 2.04924
15.1000000000003 91 29 3.83518166666667
16.1000000000004 91 27 2.98744333333333
18.1333333333336 90 28 2.09392704918033
19.1500000000002 89 28 2.20225245901639
20.1666666666668 88 29 2.14230491803279
23.2166666666666 85 29 2.60446994535519
25.2499999999998 84 28 2.38698032786885
27.2833333333331 84 27 2.58180655737705
31.3499999999995 84 26 2.92133606557377
34.3999999999993 83 27 2.05033224043716
36.4333333333325 82 27 2.07405655737705
38.4666666666658 80 28 1.9058
42.5333333333322 79 29 1.83605614754098
46.5999999999986 78 29 1.84238073770492
53.7166666666649 76 31 2.00236955503513
69.9833333333306 75 32 1.84382756147541
73.0333333333305 74 33 2.00519726775956
74.0499999999971 74 32 2.53271475409836
107.599999999995 74 31 1.91766125186289
128.933333333328 73 32 1.831757109375
132.933333333331 72 32 1.62116041666667
134.933333333333 72 31 1.62159
136.933333333334 71 32 1.88109666666667
139.933333333337 70 33 1.66312611111111
141.933333333338 70 32 2.18086833333333
163.933333333356 69 32 1.65826628787879
167.933333333359 68 33 1.88217541666667
176.933333333366 67 33 2.39938277777778
179.933333333369 66 34 4.43787333333333
190.933333333377 65 34 2.45444712121212
207.933333333391 64 34 1.84671549019608
231.93333333341 64 33 1.54425020833333
240.933333333417 63 34 1.46597055555556
244.93333333342 63 33 1.50698541666667
274.233333333413 63 32 1.42497770193402
327.100000000031 63 31 1.63080983606557
342.350000000017 62 32 1.70153530054645
392.166666666639 62 31 1.57692502509201
519.249999999856 62 30 1.59262304262295
600 62 30 1.55046901639344
