# New log 25/04/2014 04:30:23
1 96 32 1.662975 0.390983333333333
6.08333333333332 95 31 0.867437704918033 0.55935606557377
9.10000000000003 95 30 1.08301712707182 0.304614364640884
11.1000000000001 94 30 1.08181083333333 0.301241666666667
13.1000000000002 93 30 1.22577583333333 0.34434
14.1000000000003 92 31 1.04186166666667 0.32166
19.1500000000002 92 30 1.04101056105611 0.432824422442244
24.2333333333332 91 31 1.05879934426229 0.274585573770492
26.2666666666665 89 33 1.23943278688525 0.542788524590164
29.3166666666663 88 32 1.62453169398907 0.274333879781421
30.3333333333329 88 31 1.08609508196721 0.263595081967213
38.4666666666658 87 31 1.05530266393443 0.202067213114754
43.5499999999988 87 30 1.11368950819672 0.172469508196721
45.583333333332 86 31 1.19276803278689 0.15024262295082
48.6333333333319 85 32 1.18736612021858 1.34477267759563
50.6666666666651 84 33 1.03333278688525 0.377890983606557
52.6999999999983 83 34 1.33127213114754 0.279436885245902
54.7333333333315 83 33 1.29119426229508 0.201695901639344
55.7499999999981 82 34 3.48395081967213 0.296318032786885
56.7666666666647 81 33 2.37907868852459 0.206334426229508
58.7999999999979 79 35 1.10961393442623 0.194065573770492
66.9333333333308 78 36 1.01916598360656 0.221441393442623
70.9999999999973 76 37 0.890772950819672 0.388830327868852
73.0333333333305 75 37 0.641830327868853 0.304461475409836
79.1333333333301 74 37 0.668705737704918 0.407321038251366
80.1499999999967 73 38 0.608275409836066 0.323377049180328
82.18333333333 72 38 0.683241803278688 0.153596721311475
91.3333333333294 72 37 0.60592276867031 0.0751395264116576
95.3999999999959 72 36 0.777290573770492 0.241883196721311
97.4333333333291 71 37 0.645619672131148 0.514786885245902
104.549999999995 70 38 0.612166744730679 0.482564871194379
110.649999999995 70 37 0.731164207650273 0.176635792349727
114.716666666661 70 36 0.810287704918033 0.0596532786885246
115.733333333328 70 35 0.792237704918033 0.0657590163934426
125.899999999994 68 36 0.579161639344262 0.0408250819672131
139.933333333337 68 35 0.529253087885986 0.0326419239904988
142.933333333339 67 35 0.612563333333333 0.085545
147.933333333343 66 35 0.530525666666667 0.0337786666666667
158.933333333352 66 34 0.632336818181817 0.0636366666666667
161.933333333354 65 34 0.525221111111111 0.0547833333333333
167.933333333359 64 34 0.487557222222222 0.0436225
170.933333333362 64 33 0.483218888888889 0.0699477777777778
172.933333333363 64 32 0.4949475 0.0742066666666667
173.933333333364 63 32 0.500588333333333 0.222766666666667
182.933333333371 62 32 0.51285962962963 0.412401111111111
189.933333333377 62 31 0.502833571428572 0.408006428571429
192.933333333379 62 30 0.526751666666667 0.307113888888889
235.933333333413 62 29 0.695090697674417 0.419954728682171
240.933333333417 62 28 0.790097666666667 0.475803666666667
250.933333333425 62 27 0.526890666666667 0.242434166666667
257.966666666761 61 28 0.487599052132702 0.139357582938389
267.116666666752 60 28 0.443874681238616 0.109931511839709
300.666666666722 60 27 0.48344043715847 0.138468405365127
303.716666666719 59 28 0.460642076502732 0.0395595628415301
305.750000000051 58 29 0.571609016393442 0.0556106557377049
308.800000000048 58 28 0.99292131147541 0.0685464480874317
311.850000000045 57 29 1.81102841530055 0.0963672131147541
319.983333333371 56 30 1.47162950819672 0.136703893442623
334.216666666691 55 31 0.631019906323185 0.05222037470726
339.30000000002 54 32 0.421806229508197 0.0461747540983607
344.383333333349 54 31 0.413172786885246 0.0440685245901639
406.399999999959 53 32 0.417730099435636 0.0418626981994088
439.949999999929 52 32 0.398292399403875 0.0353269249875807
441.98333333326 52 31 0.399536885245902 0.026955737704918
466.383333333238 52 30 0.410407103825137 0.0366025956284153
476.549999999895 51 31 0.400531639344263 0.0213101639344262
481.633333333224 51 30 0.384133114754098 0.0181711475409836
487.733333333218 51 29 0.393641530054645 0.0214601092896175
513.149999999862 50 30 0.440542622950819 0.042784262295082
523.316666666519 49 31 0.404675081967213 0.0331944262295082
524.333333333185 48 32 0.3892 0.0396606557377049
550.766666666494 47 33 0.387396090794452 0.032977553593947
569.066666666478 46 34 0.389403551912568 0.0407328779599271
600 46 34 0.387974193548387 0.0357548387096774
