# New log 25/04/2014 04:01:40
1 96 32 1.79273333333333 0.810858333333333
5.06666666666665 96 31 1.21183442622951 0.351852868852459
8.09999999999998 96 30 3.81236978021978 0.856876923076923
9.10000000000003 95 31 3.58817333333333 0.308658333333333
16.1000000000004 94 32 5.33385547619048 1.16831452380952
17.116666666667 94 31 5.92425573770492 0.991006557377049
18.1333333333336 94 30 5.1260868852459 0.539547540983607
19.1500000000002 94 29 6.68941967213115 0.636973770491803
20.1666666666668 93 28 11.1886655737705 0.749449180327869
21.1833333333334 92 29 10.4539262295082 0.563627868852459
23.2166666666666 91 29 7.12751147540984 1.86292786885246
25.2499999999998 91 28 7.14557868852459 0.975559016393443
27.2833333333331 90 27 6.2840737704918 1.07649672131148
30.3333333333329 89 27 6.82590983606558 0.536999453551913
36.4333333333325 88 28 7.09426775956283 0.612905737704918
38.4666666666658 88 27 4.27935163934426 0.497375409836066
39.4833333333324 88 26 3.14973114754098 0.5376
46.5999999999986 87 27 5.38038852459016 0.622477283372365
55.7499999999981 87 26 5.35275701275046 0.681016029143898
58.7999999999979 87 24 5.23486010928962 0.611409289617486
61.8499999999978 86 24 5.16686721311475 0.331741530054645
89.2999999999962 85 25 5.12995956284153 0.69711693989071
90.3166666666628 85 24 5.13746557377049 0.822972131147541
99.4666666666623 84 24 5.43641657559198 0.641482149362477
107.599999999995 83 25 6.32591209016393 0.241703483606557
109.633333333328 82 25 6.09503606557377 0.267862295081967
110.649999999995 81 25 5.96138852459017 0.29397868852459
121.833333333328 80 26 6.3864044709389 0.238282265275708
123.866666666661 80 25 6.33030409836065 0.160736885245902
124.883333333328 79 26 6.34809508196721 0.166696721311475
126.916666666661 78 27 6.47539016393443 0.164919672131148
143.93333333334 77 28 5.89119412340843 0.222312536728697
146.933333333342 76 29 3.76134666666667 0.160553333333333
150.933333333346 75 30 3.80404625 0.212021666666667
160.933333333354 74 31 3.9187495 0.173272666666667
161.933333333354 74 30 3.95106333333333 0.599068333333333
165.933333333358 74 29 3.99693375 0.604444166666667
168.93333333336 72 30 6.28109944444444 0.811926666666667
176.933333333366 71 30 3.84960291666666 0.923521666666667
209.933333333393 70 30 3.76535262626263 0.256185858585859
212.933333333395 69 31 3.68919777777778 0.0600555555555556
251.933333333426 69 30 3.68971277777778 0.0534882478632479
261.016666666758 68 30 3.69956128440367 0.131604587155963
277.28333333341 67 31 3.68210010245902 0.0565704918032787
278.300000000076 66 32 3.62096885245902 0.0414213114754098
284.40000000007 65 32 3.70925710382514 0.0584898907103825
293.550000000062 65 31 3.70773897996357 0.0531413479052823
356.583333333338 64 31 3.70720341089371 0.0684159175039662
359.633333333335 63 31 3.61376666666667 0.0551382513661202
371.833333333324 62 31 3.7451825136612 0.0464375683060109
397.249999999967 61 32 3.68578419672131 0.0448854426229508
405.383333333293 60 32 3.68109549180328 0.0439631147540984
410.466666666622 59 33 3.75965639344262 0.0509540983606557
414.533333333285 58 34 3.66697909836066 0.0740311475409836
438.933333333263 58 33 3.32342151639345 0.0414456967213115
439.949999999929 57 34 0.419598360655738 0.000152459016393443
473.499999999898 57 33 0.456983258817686 0.0214792349726776
478.583333333227 57 32 0.413883606557377 0.00160196721311475
488.749999999884 56 33 0.418900163934426 0.0117649180327869
509.083333333199 56 32 0.425799262295082 0.0273648360655738
514.166666666528 56 31 0.910738360655737 0.0751659016393443
526.366666666517 56 30 1.61462431693989 0.108002595628415
536.533333333174 56 29 1.43734672131148 0.0795424590163935
600 56 29 1.57581030444965 0.0287700754618787
