# New log 25/04/2014 04:18:32
1 96 32 1.85092666666667 0.391155
8.09999999999998 96 31 1.51962065727699 0.434868075117371
9.10000000000003 95 30 1.23850333333333 0.16941
12.1000000000002 95 29 1.47133611111111 0.177918888888889
14.1000000000003 94 30 1.97071 0.1965075
19.1500000000002 93 31 1.51725148514851 0.36530495049505
23.2166666666666 93 30 2.3929856557377 0.24183893442623
26.2666666666665 93 29 3.2161868852459 0.228614754098361
27.2833333333331 93 28 2.28573770491803 0.213052459016393
34.3999999999993 92 28 2.25570843091335 0.217696018735363
38.4666666666658 92 27 2.26215532786885 0.189083606557377
40.499999999999 91 27 3.74506229508197 0.371380327868852
42.5333333333322 90 27 3.5404893442623 0.449897540983607
54.7333333333315 89 28 2.44268456284153 0.326477049180328
55.7499999999981 88 29 2.42321803278689 0.240516393442623
58.7999999999979 87 30 2.35704863387978 0.251031147540984
64.8999999999976 86 30 2.55207486338798 0.294325409836066
66.9333333333308 86 29 2.18040901639344 0.167765573770492
69.9833333333306 85 30 2.28056065573771 0.304711475409836
72.0166666666639 84 31 2.3317368852459 0.178972131147541
86.2499999999964 84 30 2.82333758782201 0.269092388758782
95.3999999999959 83 30 1.93624043715847 0.262616757741348
105.566666666662 83 29 2.53101885245901 0.647635081967213
108.616666666662 82 29 2.63953661202186 0.507904918032787
111.666666666662 81 30 2.48406721311475 0.547971038251366
118.783333333328 80 31 2.65345690866511 0.708315690866511
119.799999999994 80 30 2.91351803278689 0.599526229508197
135.933333333334 79 30 1.86462923553719 0.292769421487603
146.933333333342 79 29 2.21690712121212 0.182630909090909
151.933333333346 79 28 1.682768 0.389113
164.933333333357 78 28 1.76809820512821 0.102897307692308
169.933333333361 77 28 1.55274833333333 0.0846456666666667
211.933333333394 77 27 1.64116075396825 0.161872301587302
221.933333333402 76 28 1.55213383333333 0.1410905
232.933333333411 75 29 1.53641348484849 0.142082272727273
242.933333333419 75 28 1.56473833333334 0.134799
243.93333333342 75 27 1.48105166666667 0.12482
253.933333333428 75 26 1.56361816666667 0.123898166666667
261.016666666758 74 27 1.57785694117647 0.269712235294118
271.183333333415 74 26 1.6143431147541 0.125874098360656
273.216666666747 74 25 1.57770573770492 0.120082786885246
289.483333333399 74 24 1.55007336065574 0.0826077868852459
295.583333333393 73 25 1.54552240437159 0.0854
312.866666666711 72 26 1.52848977820637 0.0910232401157184
323.033333333368 71 27 1.67782901639344 0.060942131147541
333.200000000026 71 26 1.54901262295082 0.0570404918032787
368.783333333327 70 27 1.71458651053864 0.0778970960187354
373.866666666655 69 28 1.51487409836066 0.108381967213115
381.999999999981 68 28 1.51132971311476 0.0752479508196721
387.08333333331 67 29 1.52155868852459 0.0766170491803279
396.233333333302 66 29 1.50005846994536 0.0577559198542805
405.383333333293 65 28 1.47647395264117 0.0523
424.699999999942 64 29 1.4697097497843 0.0509358067299396
471.466666666567 63 29 0.7227477191732 0.0537089094796864
478.583333333227 62 29 0.419962295081968 0.066416393442623
540.599999999837 61 29 0.433551572158021 0.0614689330825047
545.683333333166 60 29 0.485906885245902 0.0326862295081967
571.099999999809 59 30 0.409357770491804 0.024127868852459
600 59 30 0.413234143583945 0.0280548332391182
