# New log 24/04/2014 02:25:01
1 96 32 1.76338666666667
4.04999999999999 94 32 1.11556174863388
7.09999999999998 94 31 1.44256557377049
10.1000000000001 93 31 0.864055555555556
11.1000000000001 91 32 1.25532666666667
12.1000000000002 90 33 4.02826333333333
14.1000000000003 89 33 3.28214583333333
17.116666666667 88 33 4.08008066298343
18.1333333333336 88 31 3.44735409836066
19.1500000000002 87 29 3.47377540983607
22.2 86 29 2.12335191256831
23.2166666666666 85 29 3.43986229508197
28.2999999999997 85 28 3.25557803278689
29.3166666666663 85 27 2.10603442622951
30.3333333333329 85 26 2.24473278688525
35.4166666666659 85 25 2.69951540983607
36.4333333333325 85 24 5.06856393442623
37.4499999999992 85 23 4.75691147540984
51.6833333333317 85 22 3.27060398126464
60.8333333333312 85 21 1.38664972677596
62.8666666666644 84 21 1.39282868852459
64.8999999999976 82 23 0.942097540983607
67.9499999999974 81 24 0.988479781420765
69.9833333333306 80 25 1.0032762295082
79.1333333333301 79 25 0.905028961748634
80.1499999999967 78 26 0.707980327868853
82.18333333333 76 27 1.22530819672131
89.2999999999962 75 28 0.949294613583138
108.616666666662 74 28 0.789381018119067
112.683333333328 74 27 1.23271557377049
120.816666666661 73 28 1.27046045081967
121.833333333328 73 27 0.83275737704918
125.899999999994 72 28 0.676663114754099
126.916666666661 72 27 0.860573770491803
127.933333333327 71 27 0.966609836065574
134.933333333333 70 27 0.773698571428571
152.933333333347 70 26 0.683821759259259
182.933333333371 69 26 0.871176611111111
189.933333333377 68 27 0.811353333333334
199.933333333385 68 26 0.772423666666667
218.9333333334 67 26 0.847133508771929
220.933333333401 66 27 0.785880833333333
234.933333333412 65 28 0.831356071428572
240.933333333417 64 28 0.914188333333334
287.450000000067 63 28 0.503415729129344
327.100000000031 62 28 1.19234943253468
359.633333333335 62 27 1.9146856045082
360.650000000001 61 27 1.806
363.699999999998 60 27 1.90724918032787
377.933333333318 60 26 1.86540058548009
446.049999999923 60 25 1.95965539515536
552.799999999826 59 26 1.9266187197502
600 59 26 1.96508855946984
