# New log 24/04/2014 01:42:03
1 96 32 1.77862166666667
4.04999999999999 95 31 1.3903174863388
6.08333333333332 95 30 1.99532950819672
10.1000000000001 94 30 2.69126556016597
11.1000000000001 93 30 3.226945
16.1000000000004 92 30 2.73060233333333
17.116666666667 91 31 3.35159016393443
19.1500000000002 91 30 6.11780327868853
20.1666666666668 91 29 4.87060491803279
22.2 90 30 2.44935327868852
23.2166666666666 89 30 2.48790655737705
24.2333333333332 89 29 1.77069344262295
27.2833333333331 88 28 5.43186721311476
28.2999999999997 88 26 5.0878
30.3333333333329 86 27 3.76540327868852
34.3999999999993 86 26 4.82899672131148
36.4333333333325 85 27 4.15858442622951
38.4666666666658 84 28 2.09439672131148
39.4833333333324 84 26 1.00409508196721
41.5166666666656 83 26 1.53411885245902
43.5499999999988 82 26 1.95235
53.7166666666649 82 25 2.63869032786885
56.7666666666647 81 24 1.00918360655738
57.7833333333313 81 23 1.47019672131148
61.8499999999978 81 22 1.71083934426229
67.9499999999974 80 22 1.73908224043716
70.9999999999973 79 23 1.67852568306011
73.0333333333305 78 23 1.01662295081967
77.0999999999969 77 24 0.967454508196721
78.1166666666635 77 23 0.809270491803279
80.1499999999967 76 24 1.2191237704918
85.2333333333298 76 23 1.06941704918033
97.4333333333291 75 23 0.922693169398908
101.499999999996 74 24 1.00015983606557
102.516666666662 73 25 0.97624262295082
110.649999999995 72 26 1.04872602459016
118.783333333328 71 27 0.882077459016393
135.933333333334 71 26 0.762455199222546
138.933333333336 71 25 0.783422777777777
144.933333333341 70 26 0.66747
146.933333333342 70 25 0.784585833333334
159.933333333353 69 25 0.693751923076923
165.933333333358 68 26 0.927291666666666
167.933333333359 67 27 0.6762275
172.933333333363 66 28 0.928594666666667
174.933333333365 65 29 0.683621666666667
179.933333333369 65 28 0.767637666666667
203.933333333388 64 29 0.740603958333333
227.933333333407 64 28 0.761622986111111
240.933333333417 63 29 0.779527948717948
253.933333333428 62 30 0.954771025641026
279.316666666741 61 31 0.860195732107683
288.466666666733 60 32 0.784819125683061
371.833333333324 59 31 0.743838984406237
411.483333333288 59 30 0.614493484657418
426.733333333274 58 31 0.542082295081966
478.583333333227 57 32 0.607136644165862
510.099999999865 56 33 0.613738921205711
552.799999999826 56 32 0.563501756440281
556.866666666489 55 32 0.456280327868853
600 55 32 0.591073198627528
