# New log 24/04/2014 01:50:50
1 96 32 1.72886166666667
9.10000000000003 96 31 0.99527695473251
12.1000000000002 96 29 1.38307388888889
14.1000000000003 95 29 2.74571
18.1333333333336 95 28 1.56649338842975
28.2999999999997 95 27 2.19275426229508
29.3166666666663 94 28 1.98583934426229
30.3333333333329 94 27 1.68777049180328
33.3833333333327 94 26 1.8535912568306
42.5333333333322 94 24 2.30408451730419
44.5666666666654 94 23 1.79708114754098
46.5999999999986 92 25 1.53268442622951
48.6333333333319 91 26 1.43992295081967
54.7333333333315 90 27 1.71405546448087
58.7999999999979 89 27 1.30739098360656
60.8333333333312 88 26 0.878931967213115
61.8499999999978 86 26 1.22474262295082
62.8666666666644 85 27 1.06829180327869
74.0499999999971 84 28 1.36664053651267
88.2833333333296 84 27 1.04120515222483
91.3333333333294 83 28 1.34032131147541
93.3666666666627 82 29 1.18095245901639
95.3999999999959 82 28 1.19272049180328
99.4666666666623 82 27 1.41408729508197
101.499999999996 82 26 1.3249368852459
109.633333333328 82 24 1.29771209016393
113.699999999995 82 23 1.35533934426229
114.716666666661 82 22 0.669580327868852
122.849999999994 81 23 1.27015368852459
140.933333333338 80 24 1.27694552995392
147.933333333343 78 26 1.21638047619048
155.93333333335 77 27 0.935895
184.933333333373 76 28 0.883398908045978
186.933333333374 75 28 0.596089166666667
192.933333333379 75 27 1.04493583333333
197.933333333383 74 28 0.854364
200.933333333385 74 27 0.823341111111111
201.933333333386 74 26 1.26178
202.933333333387 73 27 0.775775
205.933333333389 72 28 0.71059
230.933333333409 71 29 0.761579866666666
235.933333333413 70 30 0.968173
238.933333333416 69 31 0.913383888888889
247.933333333423 68 31 0.651488333333333
271.183333333415 67 32 0.758674050179211
282.366666666739 67 31 0.765399701937406
319.983333333371 67 30 0.644970890562694
322.016666666702 66 30 0.506472131147541
364.716666666664 66 29 0.583664793130367
404.366666666628 65 30 0.581282345523327
424.699999999942 65 29 0.512814672131147
434.8666666666 64 30 0.615101639344263
486.716666666553 64 29 0.61665406621665
494.849999999879 63 29 1.2484993852459
510.099999999865 62 29 0.83898043715847
513.149999999862 62 28 0.835106557377049
516.199999999859 61 29 0.629269398907104
520.266666666522 60 30 0.66256762295082
532.466666666511 59 30 0.685031420765027
543.649999999834 58 31 1.07217108792846
554.833333333157 58 30 0.532540685543964
558.89999999982 58 29 0.377651229508196
600 58 29 0.40341575369852
