# New log 25/04/2014 04:07:25
1 96 32 1.78454333333333 0.487551666666667
5.06666666666665 96 31 1.08823196721311 0.584704918032787
7.09999999999998 96 30 1.18669262295082 3.06403196721311
9.10000000000003 95 30 0.798721666666667 0.156685833333333
10.1000000000001 95 29 1.81876666666667 0.251946666666667
12.1000000000002 94 30 1.23042416666667 0.145593333333333
14.1000000000003 94 29 0.921695833333333 0.171155833333333
15.1000000000003 94 28 1.53638 0.14543
16.1000000000004 93 27 1.76738666666667 0.201308333333333
17.116666666667 91 29 2.46029344262295 0.276898360655738
18.1333333333336 90 30 1.54410491803279 0.281239344262295
19.1500000000002 89 30 0.856132786885246 0.125491803278689
21.1833333333334 89 29 1.63705 0.253666393442623
23.2166666666666 88 29 1.04128114754098 0.191976229508197
26.2666666666665 88 27 3.42529945355191 0.303014754098361
27.2833333333331 87 28 4.5867868852459 0.435275409836066
31.3499999999995 86 26 1.83616106557377 0.297744672131148
32.3666666666661 85 26 0.886401639344262 0.15393606557377
34.3999999999993 85 25 0.934881147540984 0.171768032786885
41.5166666666656 84 26 1.25122529274005 0.341855503512881
42.5333333333322 83 26 1.16205901639344 0.149562295081967
47.6166666666652 83 25 0.972110819672131 0.362554426229508
52.6999999999983 82 25 0.94896 0.317766557377049
55.7499999999981 81 25 0.807123497267759 0.903829508196721
56.7666666666647 80 25 1.27669180327869 0.424822950819672
57.7833333333313 79 26 1.99145737704918 0.881352459016393
59.8166666666646 78 26 3.3422393442623 0.966181967213115
61.8499999999978 78 25 1.88335737704918 0.640769672131148
63.883333333331 77 25 0.884067213114754 0.580986065573771
66.9333333333308 76 25 1.0728 0.487171584699454
73.0333333333305 75 26 0.680191256830601 0.282322950819672
81.1666666666633 75 25 1.89430491803279 0.964555327868853
97.4333333333291 74 25 1.74867131147541 0.341478381147541
115.733333333328 73 24 1.47795118397086 2.73179480874317
139.933333333337 72 25 0.912697796143249 1.19212128099174
182.933333333371 71 26 1.70039980620155 1.16715717054264
183.933333333372 70 27 0.535048333333333 0.593341666666667
185.933333333373 69 27 0.504586666666667 0.795649166666667
190.933333333377 68 28 0.520387666666667 0.0416196666666667
196.933333333382 68 27 0.679901666666666 0.109000555555556
208.933333333392 67 28 0.419055138888889 0.0753083333333333
216.933333333398 66 29 0.404549375 0.0342789583333333
235.933333333413 66 28 0.409536666666667 0.102610614035088
271.183333333415 66 27 0.377439669030733 0.0335439716312057
273.216666666747 65 27 0.383494262295082 0.0385393442622951
286.433333333401 65 26 0.3510815889029 0.0120063051702396
287.450000000067 64 26 0.344829508196721 0.00284590163934426
303.716666666719 64 25 0.343405532786885 0.0142468237704918
338.283333333354 63 25 0.405501494696239 0.0373432979749277
340.316666666686 63 24 0.380677049180328 0.0375188524590164
358.616666666669 62 25 0.42153460837887 0.0513075591985428
369.799999999992 61 26 0.355601937406855 0.0179177347242921
375.899999999987 60 26 0.344569945355191 0.0175068306010929
458.249999999912 59 27 0.333759744990893 0.0107061323618701
495.866666666544 58 28 0.352328223305273 0.0222819672131148
513.149999999862 58 27 0.351999132111861 0.0271334619093539
564.999999999815 57 27 0.361267245258759 0.0389558662809386
571.099999999809 57 26 0.539437158469945 0.046766393442623
597.533333333119 56 27 0.674671248423708 0.0995558638083228
600 56 27 0.998336065573771 0.174747540983607
