# New log 23/04/2014 21:16:06
1 96 32 6.19668
3.03333333333333 96 31 2.68327131147541
4.04999999999999 94 32 3.4826262295082
5.06666666666665 93 33 3.20334426229508
10.1000000000001 92 31 3.60127649006623
11.1000000000001 91 31 3.56978833333333
13.1000000000002 90 32 4.4633425
16.1000000000004 90 31 10.9706377777778
17.116666666667 89 29 5.23418524590164
19.1500000000002 88 29 5.36321557377049
23.2166666666666 88 27 5.14080696721312
27.2833333333331 87 27 5.38718360655738
29.3166666666663 86 27 5.41515081967213
30.3333333333329 86 26 5.0386393442623
32.3666666666661 85 26 5.25805573770492
33.3833333333327 84 27 5.18064918032787
35.4166666666659 84 25 5.36716639344262
38.4666666666658 83 26 5.83328743169399
48.6333333333319 82 26 5.54955491803278
49.6499999999985 81 26 5.8229131147541
52.6999999999983 80 27 5.35045464480874
53.7166666666649 79 27 4.6614606557377
54.7333333333315 79 26 3.89794262295082
55.7499999999981 78 26 3.35319016393443
59.8166666666646 77 27 3.69257991803278
70.9999999999973 76 28 3.71596184798808
77.0999999999969 76 27 4.62584480874317
80.1499999999967 76 26 5.43353278688525
90.3166666666628 74 27 5.18456672131147
107.599999999995 73 28 3.61849045323047
112.683333333328 72 29 2.70631606557377
121.833333333328 72 28 2.57561256830601
126.916666666661 71 29 2.69423016393443
145.933333333342 71 28 2.42284715162138
151.933333333346 70 28 2.25334527777778
155.93333333335 69 29 2.69637583333333
183.933333333372 69 28 2.26386523809523
199.933333333385 68 28 2.32023197916667
262.033333333424 67 29 2.09493378958669
280.333333333407 66 29 1.95118132969035
284.40000000007 66 28 1.86158155737705
287.450000000067 66 27 1.89792568306011
290.500000000064 66 26 2.16427595628415
318.966666666705 65 26 1.91424648711944
332.18333333336 64 27 1.78913442622951
385.049999999978 64 26 1.74915952080706
493.833333333213 64 25 1.90826356672285
506.033333333202 63 26 3.3065337431694
526.366666666517 63 25 3.33557778688525
559.916666666486 62 26 3.29425797317437
564.999999999815 61 27 3.17379245901639
600 61 27 3.10159180327868
