# New log 24/04/2014 01:53:12
1 96 32 3.31185666666667
5.06666666666665 96 31 2.33037663934426
6.08333333333332 96 30 3.71723934426229
7.09999999999998 95 31 3.56469180327869
8.09999999999998 94 32 3.25238
18.1333333333336 94 31 4.39770996677741
19.1500000000002 94 30 5.04326557377049
20.1666666666668 94 29 7.89894098360656
21.1833333333334 93 29 6.22119672131148
23.2166666666666 91 30 6.33404918032787
28.2999999999997 91 29 8.94301278688526
29.3166666666663 91 27 8.07426065573771
32.3666666666661 90 28 9.51419508196722
34.3999999999993 90 27 9.90880163934427
39.4833333333324 89 28 10.1626344262295
43.5499999999988 88 28 8.37862704918033
44.5666666666654 87 27 7.82635737704918
45.583333333332 87 26 6.66740491803279
49.6499999999985 87 24 6.46373360655738
50.6666666666651 87 23 5.4014737704918
51.6833333333317 86 24 4.47402295081967
52.6999999999983 86 23 3.59573934426229
53.7166666666649 85 24 3.27142950819672
67.9499999999974 84 25 5.56551370023419
74.0499999999971 82 25 6.55817131147541
88.2833333333296 81 26 5.81775690866511
96.4166666666625 80 26 5.69789405737705
97.4333333333291 80 25 4.57565737704918
111.666666666662 79 26 2.73821651053864
124.883333333328 78 26 2.12356418663304
134.933333333333 78 25 2.29875754560531
135.933333333334 77 25 1.79002
136.933333333334 77 24 2.00641333333333
139.933333333337 76 23 2.55436
145.933333333342 75 24 2.51686916666667
156.93333333335 74 24 2.56355666666667
157.933333333351 74 23 2.31017166666667
198.933333333384 74 22 2.12585268292683
205.933333333389 74 21 2.07577642857143
227.933333333407 74 20 2.15285689393939
343.366666666683 73 21 2.17793795841756
426.733333333274 73 20 2.04586131547382
518.233333333191 72 20 2.03977723132969
524.333333333185 72 19 2.30366202185792
528.399999999848 72 18 2.06672090163935
530.43333333318 72 17 2.2541737704918
572.116666666475 72 16 2.13300447820872
600 72 16 2.36188401639344
