# New log 25/04/2014 04:28:43
1 96 32 2.63149166666667 0.823188333333333
4.04999999999999 95 32 1.48504098360656 0.372605464480874
5.06666666666665 95 31 1.64243442622951 0.410977049180328
6.08333333333332 95 30 1.59064590163934 0.432847540983607
7.09999999999998 94 31 1.44656393442623 0.44055737704918
8.09999999999998 94 30 1.24517333333333 0.329128333333333
10.1000000000001 94 29 1.96077333333333 0.587010833333333
11.1000000000001 92 29 1.21968333333333 0.291883333333333
13.1000000000002 91 30 2.146095 1.15880166666667
14.1000000000003 90 30 1.93436666666667 0.749398333333333
15.1000000000003 90 29 1.76079333333333 0.638743333333333
17.116666666667 89 30 1.70402066115702 0.316876859504132
18.1333333333336 88 28 1.37094754098361 0.197180327868852
24.2333333333332 87 28 3.27145601092896 0.257909836065574
27.2833333333331 86 29 4.07730983606557 0.270922404371585
30.3333333333329 85 28 2.35874590163934 0.16915737704918
34.3999999999993 85 27 1.7792762295082 0.106609016393443
35.4166666666659 85 26 2.39308852459016 0.0913688524590164
36.4333333333325 85 25 2.19395737704918 0.114077049180328
38.4666666666658 85 24 2.04299344262295 0.0859901639344262
39.4833333333324 85 23 2.15573278688525 0.0561508196721312
41.5166666666656 84 24 2.11292295081967 0.288075409836066
44.5666666666654 83 25 2.11411366120219 0.404768306010929
47.6166666666652 83 24 2.34576393442623 0.341351366120219
49.6499999999985 83 23 1.87519754098361 0.316393442622951
50.6666666666651 82 23 1.68517213114754 0.27254262295082
52.6999999999983 81 23 2.08172868852459 0.147517213114754
63.883333333331 79 24 2.01321073025335 0.471046646795827
68.966666666664 78 24 2.61046950819672 0.988145901639344
87.266666666663 78 23 1.88461612021858 0.780685428051002
98.4499999999957 77 24 1.71902399403875 0.493241877794337
103.533333333329 77 23 2.40487442622951 0.31730393442623
117.766666666661 76 24 1.85469028103044 0.359787470725995
144.933333333341 76 23 1.43365472392638 0.458882944785276
147.933333333343 75 23 1.240115 0.825263888888889
152.933333333347 75 22 1.273255 1.52979533333333
156.93333333335 75 21 1.27748041666667 1.43398916666667
158.933333333352 74 22 1.28929416666667 1.5074925
167.933333333359 74 21 1.33414944444444 1.82820037037037
185.933333333373 73 21 1.33032805555555 1.82160546296296
186.933333333374 72 21 1.21100166666667 1.27847166666667
189.933333333377 71 21 1.143295 1.04219888888889
196.933333333382 70 21 1.12245928571429 1.08984404761905
211.933333333394 70 20 1.04375422222222 1.13701455555556
239.933333333416 68 22 1.04461851190476 1.01787875
268.133333333418 68 21 1.0243286643026 1.05724556737589
302.700000000053 67 21 1.04232290260366 0.587963645130183
308.800000000048 66 22 1.02180846994536 0.315324590163934
336.250000000023 65 23 1.07758378870674 0.272956952034001
339.30000000002 64 24 0.987580327868853 0.247
370.816666666658 64 23 1.02836054997356 0.350886197778953
488.749999999884 63 24 1.03759869983041 0.248630539853024
510.099999999865 62 25 1.02023387978142 0.256733957845433
567.033333333146 62 24 0.983651229508196 0.234381030444965
593.466666666456 62 23 0.976679697351829 0.267994136191677
600 62 23 0.964663466042154 0.325010304449649
