# New log 25/04/2014 04:06:02
1 96 32 3.27840166666667 1.55306
5.06666666666665 96 31 1.59047172131148 0.665005737704918
6.08333333333332 96 29 1.4750868852459 0.436019672131148
8.09999999999998 96 28 1.58615785123967 0.285052892561983
9.10000000000003 96 27 1.42892166666667 0.178466666666667
10.1000000000001 96 26 1.90963166666667 0.2511
11.1000000000001 95 26 2.64558833333333 0.285305
15.1000000000003 94 26 3.06106875 0.312074583333333
16.1000000000004 93 25 4.02808666666667 0.305263333333333
17.116666666667 92 25 3.59737213114754 0.421972131147541
22.2 92 23 4.68555770491803 0.482727213114754
27.2833333333331 91 24 4.63750196721312 0.51475868852459
28.2999999999997 90 24 2.48398032786885 0.298329508196721
31.3499999999995 89 24 2.63430546448088 0.30941693989071
34.3999999999993 88 24 2.47504262295082 0.41397868852459
35.4166666666659 87 25 2.43141639344262 0.302626229508197
38.4666666666658 86 26 2.52118032786885 0.290494535519126
44.5666666666654 86 25 2.76756475409836 0.294722404371585
48.6333333333319 85 26 2.76902418032787 0.452628278688525
49.6499999999985 84 27 2.78886229508197 0.33276393442623
53.7166666666649 84 26 2.41990942622951 0.31236106557377
54.7333333333315 84 25 3.89740655737705 0.39792131147541
56.7666666666647 83 25 2.14076803278689 0.401973770491803
58.7999999999979 83 24 2.18270491803279 0.518964754098361
62.8666666666644 82 25 2.30572991803279 0.802265163934426
67.9499999999974 81 26 2.1323993442623 0.542555081967213
69.9833333333306 80 27 2.45144508196721 0.393238524590164
70.9999999999973 79 28 2.84926885245902 0.543152459016393
72.0166666666639 79 27 2.04888196721312 0.379459016393443
73.0333333333305 78 28 2.36710983606557 0.330227868852459
80.1499999999967 77 29 2.1656355971897 0.437083840749415
81.1666666666633 76 30 2.41506721311475 0.496216393442623
82.18333333333 75 31 2.77822459016393 0.49864262295082
96.4166666666625 75 30 2.34939859484778 0.613604098360656
112.683333333328 75 29 1.79540174180328 0.247284221311475
116.749999999995 75 27 1.91398524590164 0.199033606557377
123.866666666661 75 26 1.39544894613583 0.699631615925059
130.93333333333 75 25 1.22254245283019 1.57901108490566
151.933333333346 74 26 1.21180095238095 0.534240158730159
155.93333333335 74 25 1.09012875 0.76473625
159.933333333353 73 26 1.05892333333333 0.599875833333333
166.933333333358 72 26 1.04603928571429 0.353445238095238
169.933333333361 72 25 1.02532722222222 0.06219
170.933333333362 72 24 1.05070833333333 0.0384966666666667
172.933333333363 72 23 0.9516775 0.155196666666667
185.933333333373 71 23 0.978894999999999 0.241769230769231
196.933333333382 70 23 0.97489409090909 0.239906818181818
197.933333333383 70 22 0.950613333333333 0.388691666666667
206.93333333339 70 21 0.928692962962963 0.45141037037037
212.933333333395 69 22 0.944573611111112 0.477093333333333
214.933333333397 69 21 1.33763166666667 0.343884166666667
215.933333333397 68 21 0.840761666666667 0.210085
232.933333333411 67 21 0.853313137254902 0.0398312745098039
233.933333333412 66 21 0.813993333333333 0.029475
234.933333333412 65 21 0.930608333333334 0.148413333333333
237.933333333415 64 22 0.80597 0.0213205555555556
252.933333333427 63 23 0.83429611111111 0.0511383333333333
260.000000000092 62 22 0.80854929245283 0.0482280660377359
272.200000000081 62 21 0.799473633879783 0.0611564207650273
281.350000000073 61 22 0.784395992714025 0.0312
315.916666666708 61 21 0.73563862102218 0.102855544840887
323.033333333368 60 21 0.736699063231851 0.0299836065573771
329.133333333363 59 21 0.711375409836065 0.021253825136612
331.166666666694 58 22 0.689203278688525 0.00258688524590164
410.466666666622 57 23 0.69249567044977 0.022239806641446
457.233333333246 57 22 0.774866678545974 0.0360828581610834
459.266666666578 57 21 0.732563114754098 0.0433827868852459
460.283333333243 56 22 0.67814262295082 0.000172131147540984
472.483333333232 56 21 0.661364754098361 0.0146736338797814
496.88333333321 55 22 0.682639412568306 0.0191628415300546
497.899999999876 55 21 0.657436065573771 0.0223967213114754
500.949999999873 54 22 0.68131912568306 0.0351338797814208
552.799999999826 53 22 0.663886820957893 0.0190486017357763
600 53 22 0.655846250435995 0.0217774677363097
