# New log 24/04/2014 02:08:34
1 96 32 2.88872833333333
5.06666666666665 96 31 2.12470204918033
6.08333333333332 95 31 2.36237704918033
8.09999999999998 95 30 1.78102561983471
9.10000000000003 95 29 2.05928666666667
11.1000000000001 94 29 1.8284675
13.1000000000002 94 28 1.9239325
14.1000000000003 92 27 1.556085
17.116666666667 92 26 1.66899226519337
18.1333333333336 92 25 2.3682
25.2499999999998 91 26 2.5411149882904
30.3333333333329 90 27 3.24622262295082
34.3999999999993 90 25 3.45085327868853
35.4166666666659 89 26 3.38956885245902
38.4666666666658 89 25 3.19578360655738
40.499999999999 88 25 3.43802540983607
45.583333333332 88 24 2.93362754098361
46.5999999999986 88 23 1.71659180327869
51.6833333333317 88 22 1.8698537704918
52.6999999999983 88 21 2.21742131147541
54.7333333333315 88 20 1.90829918032787
73.0333333333305 87 20 2.01497322404372
85.2333333333298 87 19 2.82967759562842
95.3999999999959 86 19 3.0336662295082
102.516666666662 85 20 2.79254613583138
115.733333333328 85 19 2.7438736443884
127.933333333327 84 19 2.44065177595628
132.933333333331 83 19 2.87692366666667
163.933333333356 83 18 2.92039962365592
178.933333333368 82 19 2.95836622222222
189.933333333377 81 19 2.94876378787878
194.933333333381 80 19 2.69621266666667
199.933333333385 80 18 2.70649333333333
216.933333333398 80 17 2.74015137254902
225.933333333405 80 15 2.56979555555555
307.783333333382 80 14 2.87843966605579
322.016666666702 80 13 2.80834648711944
333.200000000026 79 14 2.82695156482861
337.266666666689 78 14 2.660775
357.600000000003 78 13 2.77549860655738
361.666666666666 77 13 3.02262418032787
363.699999999998 76 13 3.64345819672131
364.716666666664 76 12 3.91684918032787
366.749999999995 75 13 3.91864508196721
367.766666666661 75 12 3.6956
383.016666666647 74 13 3.16232021857924
384.033333333313 73 14 2.80522459016394
410.466666666622 72 14 2.78887250945775
421.649999999945 71 14 2.65469612518629
496.88333333321 71 13 2.66671552946389
514.166666666528 71 12 2.73030896817743
600 71 12 2.87369525554484
