# New log 25/04/2014 04:22:50
1 96 32 2.61841833333333 0.821463333333333
5.06666666666665 96 30 1.86313155737705 0.174388524590164
6.08333333333332 96 29 1.40844590163934 0.0507885245901639
7.09999999999998 96 28 1.72521475409836 0.348108196721311
8.09999999999998 95 29 1.60349166666667 0.251085
9.10000000000003 95 28 2.98364666666667 0.355425
13.1000000000002 95 27 3.74312416666667 0.300509583333333
16.1000000000004 95 26 2.24270055555556 0.168242222222222
18.1333333333336 94 26 2.53128442622951 0.15561393442623
19.1500000000002 93 25 2.58480983606558 0.182131147540984
20.1666666666668 92 25 2.65773606557377 0.14426393442623
21.1833333333334 92 24 3.00962295081967 0.372440983606557
23.2166666666666 91 24 2.9140762295082 0.533769672131148
27.2833333333331 91 22 3.19827540983606 0.323015163934426
31.3499999999995 91 21 2.70508442622951 0.220794672131148
36.4333333333325 91 20 2.60838557377049 0.208629508196721
50.6666666666651 90 21 2.5240381733021 0.229506791569087
52.6999999999983 90 20 2.5112868852459 0.296286065573771
55.7499999999981 89 20 2.34150655737705 0.30636393442623
62.8666666666644 89 19 2.22457798594848 0.473455269320843
73.0333333333305 88 19 2.49389737704918 0.536684426229508
81.1666666666633 88 18 2.95392827868852 0.296586475409836
85.2333333333298 88 17 2.63925614754098 0.565192213114754
95.3999999999959 87 18 2.82191098360656 1.20998721311475
100.483333333329 86 18 3.54146131147541 0.497511803278689
111.666666666662 85 19 3.52004143070045 0.534831892697466
120.816666666661 84 20 3.48826484517304 0.860061930783242
121.833333333328 84 19 3.33716065573771 1.29222786885246
123.866666666661 83 19 3.49959508196721 1.95518524590164
129.933333333329 82 19 3.33665412087912 2.09822774725275
146.933333333342 81 20 4.24776196078432 1.39079147058824
203.933333333388 81 19 2.71365342105264 0.485557953216374
212.933333333395 81 18 2.10078444444445 0.21299962962963
213.933333333396 81 17 3.6272 0.434526666666667
230.933333333409 81 16 3.73112284313726 0.328296078431373
237.933333333415 80 16 3.76117142857143 0.279757380952381
240.933333333417 80 15 3.70172611111111 0.265682777777778
297.616666666725 80 14 3.68378450455748 0.259525668920906
298.63333333339 79 15 3.76702131147541 0.272631147540984
369.799999999992 79 14 3.68856320843091 0.296511428571429
425.716666666608 79 13 3.97317970193741 0.323287958271237
449.09999999992 79 12 3.05429957234498 0.265799786172488
472.483333333232 78 12 4.43769408410549 0.504313542409123
533.483333333177 77 13 4.28753557377049 0.273458333333333
564.999999999815 77 12 4.25720539397145 0.274626546800635
600 77 12 4.32480426229508 0.273683278688525
