# New log 23/04/2014 20:44:48
1 96 32 7.43378
4.04999999999999 96 31 2.78009726775956
5.06666666666665 96 29 3.58475573770492
7.09999999999998 95 29 3.43100573770492
8.09999999999998 95 28 3.66271333333333
9.10000000000003 94 28 4.58355333333333
11.1000000000001 94 25 4.55068
15.1000000000003 94 24 7.4202775
16.1000000000004 93 23 6.24985333333334
17.116666666667 92 24 4.31460655737705
19.1500000000002 90 26 4.18925327868853
20.1666666666668 90 25 3.69308032786885
21.1833333333334 89 26 4.31826065573771
24.2333333333332 89 25 3.22985846994535
25.2499999999998 89 24 3.47633442622951
28.2999999999997 88 24 3.97863442622951
31.3499999999995 87 25 4.11242076502733
32.3666666666661 87 23 4.82424590163934
34.3999999999993 86 23 5.30750819672131
37.4499999999992 85 24 4.19852349726776
38.4666666666658 84 25 2.43791803278688
42.5333333333322 83 25 2.63070983606558
44.5666666666654 82 26 2.82850163934426
51.6833333333317 82 24 2.71924449648712
55.7499999999981 81 24 2.83433237704918
72.0166666666639 81 23 3.66099559426229
78.1166666666635 80 24 4.49243989071039
93.3666666666627 80 23 3.11982950819672
100.483333333329 79 24 3.005318735363
110.649999999995 78 24 3.56361032786885
122.849999999994 78 23 3.09245450819672
123.866666666661 77 23 2.39933442622951
153.933333333348 76 24 3.01921380266076
166.933333333358 75 25 2.32680461538462
193.93333333338 74 26 2.55010444444444
202.933333333387 74 25 3.99727018518519
203.933333333388 73 26 2.00912833333333
208.933333333392 73 25 2.38635533333333
227.933333333407 73 24 2.24134219298246
230.933333333409 72 25 2.71170055555556
242.933333333419 72 24 2.41722222222222
245.933333333421 71 24 4.31764111111111
250.933333333425 70 25 2.924341
263.050000000089 69 26 2.55444552957359
319.983333333371 68 26 2.28533413348946
335.233333333357 68 25 2.23333639344262
351.500000000009 67 25 2.24105932377049
391.149999999973 66 26 2.23139121479613
464.349999999906 65 26 2.22333360655737
466.383333333238 65 24 2.15380491803279
600 65 24 2.11502841530055
