# New log 24/04/2014 02:03:51
1 96 32 3.95326333333333
5.06666666666665 96 31 2.00385286885246
9.10000000000003 95 32 2.18619917355372
11.1000000000001 92 34 3.02305
15.1000000000003 91 34 2.36371541666667
16.1000000000004 90 35 1.89843833333333
17.116666666667 90 34 1.3724868852459
19.1500000000002 89 34 2.74139180327869
20.1666666666668 88 35 2.99343606557377
23.2166666666666 88 33 2.82745628415301
24.2333333333332 87 32 3.70756065573771
29.3166666666663 86 30 2.48459475409836
30.3333333333329 86 29 1.24542295081967
31.3499999999995 86 28 1.25331967213115
32.3666666666661 85 29 1.25539672131148
40.499999999999 85 28 1.53360184426229
41.5166666666656 84 29 1.57519672131148
42.5333333333322 83 30 1.30875573770492
46.5999999999986 83 29 2.08965204918033
51.6833333333317 83 28 1.88065180327869
56.7666666666647 82 29 2.92608360655738
58.7999999999979 82 28 2.33679016393443
61.8499999999978 81 29 1.95481693989071
63.883333333331 80 28 2.44984262295082
64.8999999999976 80 27 2.66755409836066
66.9333333333308 79 27 2.84659590163934
72.0166666666639 79 26 2.56266491803279
80.1499999999967 79 25 4.28763709016393
89.2999999999962 79 24 2.88336958105647
96.4166666666625 78 25 1.99764332552693
98.4499999999957 77 25 1.74067295081967
100.483333333329 76 26 1.77995081967213
112.683333333328 76 25 2.57974508196721
117.766666666661 75 26 1.91496032786885
136.933333333334 75 25 2.27781591304347
157.933333333351 75 24 2.18162063492064
165.933333333358 74 24 1.92073083333333
173.933333333364 74 23 2.03736791666667
183.933333333372 73 24 2.302161
194.933333333381 72 24 2.47090590909091
202.933333333387 71 25 2.082539375
203.933333333388 71 24 2.15574666666667
252.933333333427 70 24 1.70466146258504
254.933333333428 69 25 1.51549833333333
265.083333333421 68 25 2.5605210180624
283.383333333404 67 25 1.45916120218579
284.40000000007 66 26 1.17422295081967
287.450000000067 65 27 1.52566174863388
340.316666666686 64 27 1.36027827868852
356.583333333338 63 28 1.16257776639344
461.299999999909 63 27 1.33609151679134
496.88333333321 63 26 1.33028295081967
600 63 26 1.38146092896175
