# New log 25/04/2014 03:49:10
1 96 32 2.83889166666667 1.31441666666667
5.06666666666665 95 31 1.43438032786885 0.437396721311475
7.09999999999998 95 30 1.58271147540984 0.417358196721312
8.09999999999998 94 31 1.32324 0.244133333333333
11.1000000000001 93 31 1.82523388888889 0.295703888888889
12.1000000000002 92 31 3.27971333333333 0.557696666666667
13.1000000000002 92 30 3.87030333333333 0.868526666666667
19.1500000000002 91 31 3.23663498622589 0.51757217630854
21.1833333333334 91 30 1.3679262295082 0.197251639344262
25.2499999999998 91 29 1.45440860655738 0.261962295081967
26.2666666666665 91 28 1.23969180327869 0.205440983606557
33.3833333333327 90 28 1.55854824355972 0.302848711943794
34.3999999999993 89 28 1.46538360655738 0.41387868852459
42.5333333333322 89 27 1.44918237704918 0.494377254098361
44.5666666666654 88 28 1.64267950819672 0.495614754098361
46.5999999999986 87 28 1.55604180327869 0.70057131147541
47.6166666666652 86 29 1.37630163934426 0.613806557377049
53.7166666666649 85 30 1.64664344262295 0.375389071038251
54.7333333333315 85 29 2.30774590163934 0.259767213114754
58.7999999999979 83 31 1.4802106557377 0.226634426229508
61.8499999999978 81 33 1.09065245901639 0.157778142076503
65.9166666666642 80 33 1.08912336065574 0.211188524590164
68.966666666664 79 34 1.23146393442623 0.204018032786885
69.9833333333306 78 35 1.15515409836066 0.244818032786885
74.0499999999971 77 36 1.04950901639344 0.274347540983607
76.0833333333303 76 37 1.00960081967213 0.518084426229508
78.1166666666635 74 39 1.00303606557377 0.669030327868853
86.2499999999964 73 40 0.957411885245902 0.424684016393443
96.4166666666625 72 40 1.20073836065574 0.490517540983607
98.4499999999957 72 39 0.931190983606557 0.401995901639344
113.699999999995 71 40 1.10551737704918 1.28482295081967
120.816666666661 70 41 0.97305362997658 1.32281990632319
125.899999999994 70 40 1.00066360655738 0.931741967213115
129.933333333329 70 38 1.01243099173554 1.10670165289256
132.933333333331 69 39 1.16159944444444 1.13335611111111
144.933333333341 69 38 1.01532902777778 1.27830013888889
150.933333333346 68 39 1.03616222222222 1.245415
159.933333333353 68 38 1.26406407407407 2.15358277777778
175.933333333365 68 37 1.00255416666667 1.016013125
187.933333333375 68 36 0.982001250000001 0.267687361111111
219.933333333401 68 35 1.25244677083333 1.20439520833333
222.933333333403 67 35 0.980672777777778 1.15826388888889
228.933333333408 67 34 1.00274083333333 1.29624055555556
233.933333333412 66 35 1.02457633333333 1.16185633333333
235.933333333413 66 34 0.994131666666667 0.681800833333333
239.933333333416 65 35 0.937264583333334 0.618190833333333
253.933333333428 64 36 0.922583809523809 0.291373333333333
268.133333333418 63 36 1.05584366197183 0.253141666666667
276.266666666744 62 36 0.861993237704918 0.534535040983607
281.350000000073 61 36 0.844435737704918 0.807935737704918
289.483333333399 60 36 0.941705327868853 0.96555
298.63333333339 60 35 0.873607103825136 0.722465209471767
324.050000000034 59 36 0.881457639344263 0.42501337704918
336.250000000023 59 35 0.95505 0.398494808743169
337.266666666689 58 36 0.820308196721311 0.417054098360656
378.949999999984 58 35 1.22400675729708 0.582525949620152
379.96666666665 58 34 1.2099868852459 0.334286885245902
414.533333333285 58 33 1.261425024108 0.360344648023144
415.549999999951 57 34 1.28949836065574 0.365170491803279
434.8666666666 56 34 1.29204098360656 0.351278947368421
439.949999999929 55 35 1.26999737704918 0.355784918032787
473.499999999898 54 36 1.26320109289618 0.351476154992548
492.816666666547 54 35 1.23343908541847 0.349102674719586
516.199999999859 54 34 1.14786835352815 0.280719387027798
529.416666666514 54 33 0.846552459016393 0.0901223203026482
538.566666666506 53 34 0.89798670309654 0.111944080145719
541.616666666503 52 34 1.07521584699454 0.251851912568306
554.833333333157 51 35 1.18903858764187 0.296865321563682
560.933333333152 51 34 0.779252732240437 0.0586617486338798
570.083333333144 50 35 0.774933151183971 0.0675162112932605
580.249999999801 50 34 0.764843114754098 0.083596393442623
600 50 34 0.775889836065574 0.0637090163934426
