# New log 24/04/2014 01:48:04
1 96 32 3.16457333333333
7.09999999999998 96 31 1.79627459016393
9.10000000000003 96 30 2.28394666666667
10.1000000000001 96 29 2.42106
13.1000000000002 95 29 3.51146222222222
15.1000000000003 94 30 2.95965333333333
18.1333333333336 92 31 2.51846428571428
22.2 92 30 2.98495901639344
23.2166666666666 91 31 3.1567393442623
26.2666666666665 91 30 3.13169945355191
27.2833333333331 91 29 2.44592131147541
28.2999999999997 91 28 2.08250819672131
33.3833333333327 91 27 2.18504918032787
35.4166666666659 91 26 2.23012459016393
37.4499999999992 91 25 2.37394508196721
40.499999999999 90 26 2.3297912568306
41.5166666666656 90 25 2.37449508196721
44.5666666666654 90 24 2.12978907103825
49.6499999999985 89 25 2.30433278688524
51.6833333333317 89 24 3.02149754098361
52.6999999999983 89 23 2.33084754098361
66.9333333333308 89 22 2.42635281030445
68.966666666664 88 22 2.19138442622951
78.1166666666635 88 21 2.4084029143898
97.4333333333291 87 22 3.02620405522002
100.483333333329 86 22 2.95738961748634
107.599999999995 85 23 3.55128454332553
121.833333333328 84 24 3.2496537470726
123.866666666661 83 24 3.21892950819672
128.933333333328 82 25 3.19816184210526
135.933333333334 82 24 2.35173952380952
139.933333333337 81 25 2.59686791666667
159.933333333353 80 25 2.83432566666666
162.933333333355 80 24 2.22303611111111
175.933333333365 79 25 2.47166512820513
205.933333333389 79 24 3.19700944444444
210.933333333393 78 24 3.08600333333333
222.933333333403 77 25 2.87316722222222
253.933333333428 77 24 3.42096521505377
284.40000000007 76 25 3.58227658643326
298.63333333339 76 24 2.53587318501171
390.133333333307 75 25 3.0514693989071
397.249999999967 75 24 2.4050206088993
432.833333333268 75 23 2.16209658079625
529.416666666514 75 22 2.15976584987058
594.483333333121 75 21 1.97066667520492
600 75 21 2.4825218579235
