# New log 26/04/2014 01:27:29
1 48 16 1.17337166666667 4.428905
3.03333333333333 48 15 0.509990983606557 0.534705737704918
5.06666666666665 48 14 0.687704918032786 0.293303278688525
9.10000000000003 47 15 0.44509173553719 0.784530165289256
12.1000000000002 46 16 1.11238555555556 1.94321277777778
13.1000000000002 45 17 2.15538 3.41272333333333
14.1000000000003 45 16 4.39039166666667 4.19064833333333
15.1000000000003 44 17 1.73629833333333 1.314685
16.1000000000004 44 16 1.80904333333333 0.777815
19.1500000000002 44 15 3.17691475409836 1.25532459016393
20.1666666666668 44 14 0.887244262295082 0.23274262295082
22.2 43 14 0.39967131147541 0.111470491803279
23.2166666666666 42 15 0.310344262295082 0.170983606557377
28.2999999999997 42 14 0.28721868852459 0.18945868852459
29.3166666666663 41 14 0.25695737704918 0.275472131147541
30.3333333333329 40 14 0.334754098360656 0.488190163934426
31.3499999999995 40 13 1.06072786885246 0.111108196721311
35.4166666666659 39 13 0.329514344262295 0.157124590163934
40.499999999999 38 14 0.30616131147541 0.0997350819672131
47.6166666666652 37 15 0.364886651053864 0.454347306791569
50.6666666666651 37 14 0.315408196721312 0.328470491803279
53.7166666666649 37 13 0.326725136612022 0.0615978142076503
55.7499999999981 35 14 0.35987131147541 0.185975409836066
56.7666666666647 35 13 0.325762295081967 0.881473770491803
60.8333333333312 34 14 0.339220901639344 1.47688729508197
69.9833333333306 33 13 0.290761566484517 1.93793697632058
73.0333333333305 32 13 0.247497267759563 3.30047486338798
75.0666666666637 32 12 0.286124590163934 4.45530491803279
77.0999999999969 31 13 0.266587704918033 4.49130737704918
79.1333333333301 29 13 0.338472950819672 1.16448278688525
95.3999999999959 29 12 0.241757274590164 1.18285860655738
119.799999999994 28 13 0.29635157103825 1.98622663934426
129.933333333329 28 12 0.228906907894737 2.01654407894737
132.933333333331 28 11 0.279291666666667 0.885787777777778
143.93333333334 27 12 0.240753333333333 1.5450196969697
145.933333333342 27 11 0.2329025 1.573475
146.933333333342 26 11 0.221286666666667 1.52719666666667
149.933333333345 25 12 0.215325 1.57539666666667
151.933333333346 24 12 0.220265 2.74229416666667
193.93333333338 23 12 0.1949275 1.59014238095238
197.933333333383 22 13 0.174185 0.765987916666667
323.033333333368 21 13 0.174622075672797 0.142411284305889
394.19999999997 21 12 0.158210327868853 0.319885807962529
417.583333333282 21 11 0.161415466856736 0.522100641482537
600 21 11 0.155843779599271 0.522750063752277
