# New log 26/04/2014 01:29:49
1 48 16 1.82661166666667 0.525311666666667
4.04999999999999 48 15 0.617820218579235 0.390297267759563
5.06666666666665 48 13 0.587259016393442 0.166272131147541
7.09999999999998 48 12 0.854427868852459 0.514827868852459
8.09999999999998 48 11 1.06431166666667 0.553658333333333
10.1000000000001 48 10 0.726365 2.01385583333333
21.1833333333334 48 9 0.971099999999999 0.422779548872181
23.2166666666666 47 8 0.59075737704918 0.0677172131147541
26.2666666666665 47 7 0.706708196721311 0.128709289617486
31.3499999999995 47 6 0.862890819672131 0.181721639344262
37.4499999999992 46 7 0.859966666666668 0.232867213114754
44.5666666666654 46 6 1.46256416861827 0.459485480093677
49.6499999999985 45 5 0.875501639344263 0.749332459016393
50.6666666666651 45 4 1.09136721311475 0.545247540983607
67.9499999999974 44 5 0.599466730954677 0.327327675988428
72.0166666666639 43 6 0.307881967213115 0.509111475409836
84.2166666666632 43 5 0.456493852459017 0.703987704918033
96.4166666666625 42 5 0.513928961748634 0.388285382513661
108.616666666662 41 5 1.13449576502732 0.30242650273224
122.849999999994 40 6 0.533082318501171 0.533368266978923
137.933333333335 40 5 0.225771602209945 0.244127845303867
140.933333333338 40 4 0.211222222222222 0.000348888888888889
157.933333333351 40 3 0.214434215686274 0.00351872549019608
208.933333333392 39 3 0.211121307189543 0.00442480392156863
212.933333333395 38 3 0.220680833333333 0.0288041666666667
218.9333333334 37 3 0.194226666666667 0.0175486111111111
232.933333333411 36 4 0.189377261904762 0.0132716666666667
257.966666666761 35 5 0.203436018641811 0.0398443408788282
279.316666666741 34 6 0.403992505854801 0.0315871975019516
308.800000000048 34 5 0.231781232334653 0.0938188241944602
400.299999999965 34 4 0.230859143897996 0.0973084335154827
600 34 4 0.205524531913125 0.080149529832737
