# New log 26/04/2014 01:28:21
1 48 16 2.82182166666667 1.84554833333333
4.04999999999999 47 15 0.883627322404371 0.23979781420765
6.08333333333332 46 16 0.727156557377049 0.101502459016393
7.09999999999998 46 15 1.17528852459016 0.235934426229508
9.10000000000003 46 14 1.76874083333333 0.737555
12.1000000000002 46 13 0.798428333333334 0.640135555555556
22.2 45 13 0.863671287128712 0.0912376237623762
27.2833333333331 45 12 1.02106524590164 0.121260327868852
28.2999999999997 44 11 0.972963934426229 0.303675409836066
32.3666666666661 44 10 1.49917459016394 1.39704959016393
33.3833333333327 44 9 1.52511803278689 1.72412131147541
34.3999999999993 44 8 1.37197049180328 1.18003114754098
39.4833333333324 43 8 1.06301704918033 0.617298360655738
40.499999999999 43 6 0.866208196721312 0.0925868852459016
42.5333333333322 43 5 0.810772950819672 0.0608639344262295
43.5499999999988 43 4 0.838555737704918 0.0812409836065574
67.9499999999974 43 3 0.740345696721312 0.0614794398907104
84.2166666666632 43 2 0.581545696721312 0.0858923155737705
101.499999999996 42 3 1.47140617164899 0.139568948891032
110.649999999995 42 2 1.83101876138433 0.204229143897996
130.93333333333 41 3 1.81460353327855 0.201910599835661
292.533333333396 41 2 1.80122140057756 0.206577929042904
496.88333333321 41 1 1.80418916890956 0.201298858168176
562.966666666483 40 2 1.81617185372005 0.213895838587642
600 39 3 1.41763402747009 0.144146521931768
