# New log 26/04/2014 01:23:53
1 48 16 1.24015333333333 2.85083333333333
3.03333333333333 48 15 0.930446721311475 0.871504098360656
4.04999999999999 48 14 0.645567213114754 1.16867213114754
6.08333333333332 47 14 1.21134016393443 1.37968852459016
19.1500000000002 45 14 0.474142474489796 0.386939540816327
20.1666666666668 45 13 0.36592131147541 0.735493442622951
22.2 45 11 2.01909098360656 0.443899180327869
25.2499999999998 44 12 1.03576120218579 0.410461202185792
28.2999999999997 44 11 1.32067049180328 0.354145355191257
32.3666666666661 44 10 0.736863524590164 0.243877868852459
33.3833333333327 44 9 0.841704918032787 0.189232786885246
38.4666666666658 43 10 0.420203934426229 0.386997704918033
51.6833333333317 42 11 1.08628562421185 0.408456368221942
56.7666666666647 42 10 0.269396721311475 0.769551803278689
77.0999999999969 41 11 0.413465655737705 0.62945762295082
82.18333333333 40 12 0.296254098360656 0.45845737704918
86.2499999999964 39 13 0.701123770491803 0.559661475409836
94.3833333333293 38 13 0.237084016393443 0.601617213114754
95.3999999999959 37 14 0.208103278688525 0.567760655737705
98.4499999999957 37 13 0.208990163934426 0.511310382513661
112.683333333328 36 13 0.219625175644028 0.525422365339579
126.916666666661 35 12 0.207146838407494 1.00932470725995
130.93333333333 34 13 0.1987622406639 0.16157510373444
151.933333333346 34 12 0.188019285714286 0.230435476190476
163.933333333356 33 13 0.189355277777778 0.0653945833333333
376.916666666653 32 14 0.256449440488301 0.500762516628844
518.233333333191 32 13 0.161704127845264 0.00419369029366671
600 32 13 0.161597854685287 0.00451659583080348
