# New log 26/04/2014 01:25:24
1 48 16 1.84115666666667 0.366948333333333
4.04999999999999 48 14 0.638162295081967 0.369630054644809
5.06666666666665 48 13 0.600483606557377 0.144509836065574
6.08333333333332 48 12 0.5978 0.54204262295082
14.1000000000003 47 13 2.50633014553015 0.627034927234927
16.1000000000004 45 15 1.40835333333333 2.53852583333333
17.116666666667 44 16 0.78037868852459 0.104967213114754
19.1500000000002 42 17 1.00591967213115 0.265213114754098
21.1833333333334 41 18 0.757446721311476 0.0770319672131148
22.2 40 17 1.11164262295082 0.144077049180328
31.3499999999995 40 16 0.861774316939891 0.162883424408015
32.3666666666661 39 16 0.600908196721311 0.20032131147541
35.4166666666659 38 16 0.66050218579235 0.0540857923497268
36.4333333333325 38 15 0.58676393442623 0.0290606557377049
39.4833333333324 37 16 0.62672349726776 0.0613431693989071
40.499999999999 37 15 0.790632786885246 0.262268852459016
44.5666666666654 36 15 0.743123770491803 0.170506557377049
47.6166666666652 35 16 0.581574316939891 0.153861202185792
49.6499999999985 34 16 0.556381967213115 0.0149696721311475
50.6666666666651 34 15 0.96830655737705 0.0615311475409836
51.6833333333317 33 16 1.11186229508197 0.0816360655737705
53.7166666666649 32 17 0.679747540983607 0.0699295081967213
54.7333333333315 32 16 0.731685245901639 0.0479622950819672
55.7499999999981 31 16 0.76227868852459 0.0343491803278689
56.7666666666647 31 15 0.621914754098361 0.146231147540984
57.7833333333313 30 16 0.622552459016393 0.182381967213115
69.9833333333306 29 16 0.672490573770492 0.128093852459016
80.1499999999967 28 17 0.302294098360656 0.0703995081967213
81.1666666666633 28 15 0.27667868852459 0.00610983606557377
83.1999999999966 25 15 0.22537868852459 0.00628114754098361
84.2166666666632 24 15 0.196314754098361 0.0827901639344262
85.2333333333298 24 14 0.192296721311475 0.0687573770491803
96.4166666666625 24 13 0.240875856929955 0.00784470938897168
102.516666666662 24 12 0.211582513661202 0.00614398907103825
144.933333333341 23 13 0.568560589390965 0.595053516699411
150.933333333346 22 13 0.156275555555556 0.186054166666667
177.933333333367 22 12 0.30566950617284 0.0424564197530864
189.933333333377 22 11 0.176059444444445 0.00770416666666667
300.666666666722 22 10 0.120992384105959 0.00195380794701987
347.433333333346 21 11 0.124246899501069 0.000841945830363507
352.516666666675 20 12 0.115753114754098 0.000853114754098361
361.666666666666 19 12 0.111511111111111 0.000123132969034608
378.949999999984 18 13 0.110581195756992 0.000613307618129219
533.483333333177 17 13 0.101207776100089 0.000216048317515099
600 17 13 0.10058917039245 0.00012180824639841
