# New log 26/04/2014 01:24:34
1 48 16 3.159145 1.10380333333333
3.03333333333333 48 14 1.26895573770492 0.572439344262295
4.04999999999999 48 12 0.87847868852459 0.450322950819672
7.09999999999998 48 11 0.816505464480875 0.0261103825136612
8.09999999999998 48 10 1.12358 0.621426666666667
9.10000000000003 48 9 1.23694 0.356611666666667
15.1000000000003 47 10 1.16222583333333 0.218213333333333
20.1666666666668 47 9 3.64914605263158 0.33774177631579
21.1833333333334 47 8 3.6849393442623 0.389116393442623
22.2 46 9 3.96206393442623 0.314240983606557
28.2999999999997 46 8 2.99410956284153 0.302470765027322
29.3166666666663 44 9 1.74899016393443 0.25196393442623
31.3499999999995 44 8 1.20190901639344 0.31522868852459
33.3833333333327 43 8 0.796646721311475 0.188084426229508
35.4166666666659 43 7 1.04181721311475 0.204290163934426
42.5333333333322 42 7 1.67054215456674 0.379031381733021
49.6499999999985 41 8 1.41100725995316 0.208015222482436
65.9166666666642 41 7 0.965939549180327 0.310148258196721
66.9333333333308 40 8 1.05393606557377 0.252462295081967
69.9833333333306 40 7 0.650350273224043 0.290202732240437
73.0333333333305 39 8 0.77654262295082 0.258233879781421
92.349999999996 39 7 0.772593701466781 0.265272476272649
112.683333333328 39 6 0.56239 0.144899918032787
118.783333333328 38 7 0.705639344262295 0.138135245901639
138.933333333336 38 6 0.711590405293631 0.136284780810587
142.933333333339 38 5 0.520955 0.0339704166666667
148.933333333344 38 4 0.9830025 0.142893611111111
301.683333333388 38 3 0.790497654118929 0.0981419967266776
307.783333333382 38 2 0.471281693989071 0.00248169398907104
540.599999999837 37 3 0.500326451428162 0.0132474049681437
587.366666666461 36 4 0.506383891660727 0.0238866001425517
600 36 4 0.481213619167717 0.00149180327868852
