# New log 26/04/2014 01:23:13
1 48 16 1.91383333333333 0.436651666666667
5.06666666666665 48 15 0.698247950819672 0.0991077868852459
6.08333333333332 48 14 0.462059016393443 0.507772131147541
7.09999999999998 47 15 0.411713114754098 1.97358524590164
10.1000000000001 47 14 0.539211666666666 0.08038
13.1000000000002 46 14 1.39677055555556 0.798843333333333
16.1000000000004 45 15 2.09872611111111 0.905401666666667
18.1333333333336 44 13 1.74734016393443 0.113481147540984
20.1666666666668 43 13 1.29478196721312 0.315104918032787
29.3166666666663 42 14 1.3607591985428 0.958913296903461
32.3666666666661 41 15 1.825 0.322932786885246
36.4333333333325 40 15 0.658924590163934 0.0739225409836066
37.4499999999992 40 14 0.687260655737705 0.11756393442623
38.4666666666658 39 15 0.947937704918033 0.181873770491803
39.4833333333324 38 14 1.99346885245902 0.050172131147541
51.6833333333317 37 15 1.28029480874317 0.155128278688525
52.6999999999983 37 14 2.60962950819672 0.143301639344262
53.7166666666649 35 16 2.07669836065574 0.207355737704918
59.8166666666646 34 17 2.62161639344262 0.276620491803279
61.8499999999978 33 18 1.00958852459016 0.0709114754098361
67.9499999999974 32 19 0.513119945355191 0.0520948087431694
69.9833333333306 32 18 0.428934426229508 0.0100991803278689
72.0166666666639 31 19 0.437386065573771 0.0414590163934426
77.0999999999969 30 20 0.370649180327869 0.033196393442623
84.2166666666632 29 21 0.396807025761124 0.0156950819672131
91.3333333333294 27 22 0.367181967213115 0.337316159250586
97.4333333333291 27 21 0.339964480874317 0.445915846994536
108.616666666662 27 20 0.338501341281669 0.531735022354695
126.916666666661 26 21 0.671038069216758 0.319000910746812
129.933333333329 25 22 0.217238121546962 0.00486022099447514
139.933333333337 24 23 0.2029975 0.066884
156.93333333335 24 22 0.198330980392157 0.0582530392156863
159.933333333353 23 23 0.193143333333333 0.00272277777777778
168.93333333336 22 23 0.168698703703704 0.00681425925925926
169.933333333361 21 24 0.157228333333333 0.00271166666666667
172.933333333363 21 23 0.139665 0.00339777777777778
175.933333333365 21 22 0.132353333333333 0.0954572222222222
178.933333333368 20 23 0.140518333333333 0.0978494444444444
190.933333333377 20 22 0.142613888888889 0.04006125
211.933333333394 19 22 0.140252857142857 0.033707380952381
212.933333333395 18 23 0.161135 0.00294833333333333
214.933333333397 17 24 0.165598333333333 0.00377083333333333
243.93333333342 16 25 0.124092011494252 0.0262437931034483
245.933333333421 15 26 0.113391666666667 0.0126091666666667
256.950000000095 14 27 0.130758396369138 0.00432193645990923
300.666666666722 13 28 0.168778116660313 0.00504647350362181
402.333333333296 12 29 0.316078655737702 0.173838016393443
600 12 29 0.446550298444717 0.0183459436738125
