# New log 26/04/2014 01:21:46
1 48 16 1.22298 3.99336666666667
4.04999999999999 47 17 0.811572131147541 0.424003825136612
12.1000000000002 47 16 0.83211635610766 0.411098757763975
14.1000000000003 46 16 1.25965666666667 0.262830833333333
18.1333333333336 45 17 0.4775173553719 0.183710743801653
19.1500000000002 45 16 0.389367213114754 0.323973770491803
21.1833333333334 43 18 0.582865573770492 3.48717868852459
22.2 42 18 1.4507737704918 7.33912295081967
24.2333333333332 40 19 0.644972950819672 7.79448114754098
27.2833333333331 39 20 0.661890163934426 1.0612912568306
32.3666666666661 38 21 0.335541967213115 0.109219344262295
35.4166666666659 38 20 0.340202732240437 0.418413661202186
38.4666666666658 37 20 0.383075956284153 0.367788524590164
42.5333333333322 37 19 0.303701229508197 3.20985491803279
47.6166666666652 35 19 0.353552459016393 8.25481672131148
50.6666666666651 35 18 0.321966120218579 9.78491967213115
56.7666666666647 34 19 0.616174043715847 9.79055765027323
58.7999999999979 33 20 0.507893442622951 2.92286803278689
65.9166666666642 32 20 0.270769789227166 1.49188220140515
90.3166666666628 31 21 0.334029781420765 1.13812800546448
96.4166666666625 30 20 0.245528142076503 0.0993915300546448
112.683333333328 29 21 0.291370594262295 0.0814056352459017
118.783333333328 28 21 0.26423825136612 0.149019398907104
120.816666666661 27 21 2.46308278688525 0.339431967213115
125.899999999994 27 20 0.208208852459016 0.15100131147541
130.93333333333 26 21 0.19001059602649 0.00712715231788079
138.933333333336 26 20 0.17794375 0.000147291666666667
139.933333333337 26 19 0.245966666666667 0.0569766666666667
140.933333333338 25 19 0.16031 0.00016
147.933333333343 25 18 0.517909523809524 0.0355480952380952
170.933333333362 24 19 0.250475507246376 0.0287401449275362
215.933333333397 23 20 0.188203740740741 0.0213979259259259
268.133333333418 23 19 0.173851085568326 0.00282375478927203
304.733333333385 22 20 0.165919489981785 0.220996903460838
315.916666666708 21 20 0.152646199701937 0.0569842026825633
318.966666666705 20 21 0.139804918032787 0.000140983606557377
350.483333333343 20 20 0.135177049180328 0.000956689582231624
434.8666666666 19 21 0.134471558364606 0.0106041872407663
570.083333333144 18 22 0.130611943793911 0.00143300875138666
600 18 22 0.120622131147541 0.000127540983606557
