# New log 26/04/2014 01:22:27
1 48 16 2.72046 0.553578333333333
5.06666666666665 48 13 0.973818032786886 0.0836245901639344
7.09999999999998 47 14 0.752740983606558 0.482959016393443
12.1000000000002 47 13 0.851613 0.138246333333333
13.1000000000002 47 10 0.708293333333333 0.284436666666667
21.1833333333334 46 11 3.59028886597939 0.545557731958763
22.2 45 12 4.94485737704918 0.390226229508197
28.2999999999997 44 13 4.41087704918033 0.597531420765027
29.3166666666663 43 13 2.39858360655738 0.35856393442623
41.5166666666656 43 12 2.71698989071038 0.271877595628415
44.5666666666654 43 11 0.994394535519126 0.0759251366120219
50.6666666666651 43 10 1.39170683060109 0.562979508196721
53.7166666666649 42 10 1.07200163934426 0.63088306010929
56.7666666666647 41 11 1.09755464480874 0.604188524590164
58.7999999999979 41 10 1.30303524590164 0.751738524590164
59.8166666666646 41 9 1.22362950819672 0.561081967213115
61.8499999999978 39 10 0.975224590163934 0.161826229508197
69.9833333333306 39 9 1.29039651639344 0.201984221311475
93.3666666666627 38 10 1.08956906628653 0.185578047042053
99.4666666666623 38 9 0.57324344262295 0.0368445355191257
100.483333333329 37 10 0.535783606557377 0.0755196721311475
113.699999999995 37 9 0.577210466582597 0.0318757881462799
114.716666666661 36 10 0.550688524590164 0.00708196721311475
127.933333333327 35 11 0.541986002522067 0.011809709962169
128.933333333328 34 11 0.501491666666667 0.00617166666666667
132.933333333331 33 11 0.639816666666667 0.00289958333333333
150.933333333346 33 10 0.489585833333333 0.0386246296296296
194.933333333381 32 10 0.538074015151516 0.0696030303030303
204.933333333389 32 9 0.4508745 0.00967066666666667
214.933333333397 32 8 0.524075833333334 0.067718
215.933333333397 31 8 0.533676666666667 0.123841666666667
222.933333333403 30 9 0.440331190476191 0.001265
238.933333333416 29 9 0.587714791666666 0.0120523958333333
240.933333333417 28 10 0.9016 0.0243633333333333
256.950000000095 27 11 0.395432362122789 0.000254526534859521
309.816666666714 26 11 0.400595302648171 0.00912950819672131
346.41666666668 26 10 0.545992349726777 0.0657079234972678
349.466666666678 26 9 0.400948087431694 0.000150819672131148
375.899999999987 25 9 0.57265630517024 0.026681525851198
406.399999999959 24 10 0.488239234972678 0.281676612021858
600 24 10 0.37091035104283 0.000157728950304695
