# New log 26/04/2014 01:11:56
1 48 16 1.15151166666667 2.05529166666667
4.04999999999999 46 17 0.580378142076503 0.386542076502732
10.1000000000001 46 16 0.314853994490358 0.156081267217631
12.1000000000002 45 16 0.306518333333333 0.0801541666666667
17.116666666667 45 15 0.260562126245847 0.218270764119601
22.2 45 14 0.22734262295082 0.138546885245902
26.2666666666665 45 13 0.266028278688525 0.623056147540984
29.3166666666663 45 12 0.240747540983606 0.262880327868852
35.4166666666659 45 11 0.236074863387978 0.213352732240437
37.4499999999992 44 11 0.317476229508197 0.150422131147541
38.4666666666658 43 12 0.49932131147541 0.0616901639344262
40.499999999999 42 12 0.307455737704918 0.214929508196721
41.5166666666656 41 13 0.209795081967213 0.71922131147541
50.6666666666651 41 11 0.257748269581057 0.220394353369763
68.966666666664 41 10 0.241663023679417 0.456452459016393
73.0333333333305 41 9 0.203602459016394 0.117346721311475
75.0666666666637 41 8 0.281309836065574 0.141272950819672
118.783333333328 40 8 0.236088067098742 0.649644376667938
135.933333333334 39 9 0.212480174927114 0.230509232264334
148.933333333344 39 8 0.219140769230769 0.823874358974359
165.933333333358 38 9 0.21328 0.0880035294117647
166.933333333358 38 8 0.22313 0.00012
194.933333333381 37 8 0.231143630952381 0.0153317857142857
199.933333333385 36 9 0.216628 0.00936933333333333
207.933333333391 35 10 0.211548333333333 0.01326375
224.933333333404 34 10 0.205475294117647 0.00245098039215686
227.933333333407 33 10 0.206058333333333 0.0533677777777778
229.933333333408 33 9 0.195133333333333 0.0782033333333333
230.933333333409 33 8 0.209086666666667 0.161511666666667
236.933333333414 32 9 0.210377222222222 0.0136338888888889
319.983333333371 32 8 0.185341741922537 0.000134938791892434
399.283333333299 31 9 0.185453656998739 0.00133965952080706
477.566666666561 30 9 0.171557355758995 0.000214200553544816
600 30 9 0.166701910310257 0.000277889174908549
