# New log 26/04/2014 01:13:04
1 48 16 1.78032166666667 0.409
5.06666666666665 48 15 0.473070901639344 0.226290163934426
7.09999999999998 47 16 0.86025 1.28554754098361
8.09999999999998 47 15 0.400535 0.127606666666667
11.1000000000001 47 14 0.483955555555556 0.149222777777778
14.1000000000003 47 13 0.554885555555556 0.1271
17.116666666667 46 14 0.504234806629834 0.15175138121547
18.1333333333336 46 13 0.508844262295082 0.188932786885246
21.1833333333334 45 14 0.681491803278689 0.213337158469945
22.2 45 12 0.910972131147541 0.276567213114754
25.2499999999998 44 12 0.8132956284153 0.252421857923497
26.2666666666665 43 13 0.664036065573771 0.108039344262295
30.3333333333329 43 12 0.458766803278689 0.0600561475409836
33.3833333333327 43 11 0.608876502732241 0.146890163934426
34.3999999999993 42 12 0.739729508196722 0.199481967213115
39.4833333333324 42 11 0.691937049180328 0.25922131147541
40.499999999999 41 12 0.450457377049181 0.466767213114754
41.5166666666656 40 13 0.588909836065574 0.392222950819672
42.5333333333322 40 12 0.483096721311475 0.395711475409836
45.583333333332 39 13 0.411915300546448 0.750713661202186
52.6999999999983 37 15 0.543780093676815 0.153735597189696
60.8333333333312 36 16 0.499361885245902 0.14449631147541
68.966666666664 35 16 0.37636987704918 0.1666875
72.0166666666639 34 17 0.338358469945355 0.825018032786885
77.0999999999969 33 17 0.317179344262295 0.19421737704918
82.18333333333 32 18 0.265410491803279 0.0212281967213115
83.1999999999966 31 19 0.281919672131148 0.114145901639344
84.2166666666632 31 18 0.263198360655738 0.0636377049180328
92.349999999996 30 19 0.295367827868853 0.116403483606557
101.499999999996 29 20 0.259383788706739 0.0963874316939891
105.566666666662 28 20 0.221206147540984 0.0535020491803279
117.766666666661 28 19 0.254458196721311 0.0545706284153005
127.933333333327 27 19 0.184556393442623 0.0218349180327869
128.933333333328 26 20 0.151735 0.0689866666666667
135.933333333334 25 21 0.211802619047619 0.021222619047619
139.933333333337 24 21 0.2255175 0.0245579166666667
141.933333333338 23 22 0.118614166666667 0.0025775
183.933333333372 22 23 0.145908888888889 0.112490357142857
185.933333333373 21 23 0.116133333333333 0.0490833333333333
186.933333333374 20 24 0.102106666666667 0.047905
187.933333333375 19 25 0.0995016666666667 0.000125
222.933333333403 19 24 0.0989258095238097 0.013414380952381
224.933333333404 18 24 0.105905833333333 0.000165
600 18 24 0.0893251209015409 0.000142020497803807
