# New log 26/04/2014 01:12:23
1 48 16 2.40317166666667 0.801408333333333
5.06666666666665 48 14 0.777127868852459 0.303931967213115
10.1000000000001 48 13 0.652090728476821 0.229895364238411
12.1000000000002 48 12 0.7992575 0.0635733333333333
14.1000000000003 47 13 0.821395833333334 0.03269
17.116666666667 46 12 0.875239226519338 0.0819337016574586
23.2166666666666 44 12 0.959958469945356 0.205854644808743
24.2333333333332 43 13 0.648906557377049 0.0605950819672131
30.3333333333329 42 14 0.661820218579235 0.131866666666667
36.4333333333325 42 13 1.1452237704918 0.212191803278689
43.5499999999988 41 14 0.635548009367682 0.218473536299766
66.9333333333308 40 15 0.70259743406985 0.294739700641483
68.966666666664 39 15 0.751773770491803 0.138170491803279
72.0166666666639 39 14 0.723493989071038 0.195926775956284
83.1999999999966 38 15 0.717002980625931 0.120067213114754
91.3333333333294 37 15 0.490405737704918 0.0703356557377049
101.499999999996 36 16 1.04359278688525 0.221414754098361
106.583333333329 36 15 0.831622950819672 1.36180131147541
125.899999999994 36 14 0.724381190681621 1.85121613459879
144.933333333341 35 15 0.586208493870403 0.401009982486865
151.933333333346 35 14 0.524917142857143 0.109085476190476
168.93333333336 34 15 0.607668235294118 0.0990906862745098
180.933333333369 34 13 0.414780138888889 0.0657109722222222
186.933333333374 33 13 0.447341666666666 0.0648663888888889
187.933333333375 32 14 0.428975 0.06199
189.933333333377 31 14 0.405150833333333 0.06174
205.933333333389 30 14 0.374481979166667 0.059736875
240.933333333417 29 14 0.442389285714285 0.215376476190476
299.650000000056 29 13 0.345705705364747 0.0583891001986943
364.716666666664 28 14 0.353289805327869 0.0614456711065574
424.699999999942 27 15 0.383051764378995 0.0669124201166991
580.249999999801 26 15 0.32446664523733 0.0600646201650059
600 26 15 0.301640819672132 0.0596309836065574
