# New log 26/04/2014 01:18:37
1 48 16 1.99643666666667 0.502073333333333
4.04999999999999 48 15 0.493337158469945 0.206296721311475
5.06666666666665 47 15 0.589629508196721 0.0831065573770492
6.08333333333332 46 15 0.441626229508197 0.153822950819672
12.1000000000002 46 14 2.4636891966759 0.268201662049862
13.1000000000002 45 14 3.76917833333333 0.405555
15.1000000000003 44 13 3.9858975 0.3821925
16.1000000000004 43 13 4.855205 0.26032
25.2499999999998 43 12 1.21612495446266 0.0737757741347905
33.3833333333327 43 10 0.661368032786885 0.0902145491803279
36.4333333333325 43 8 0.575141530054645 0.120577049180328
37.4499999999992 42 9 0.342885245901639 0.0206213114754098
39.4833333333324 42 8 0.5012 0.108311475409836
41.5166666666656 42 7 0.386099180327869 0.0283098360655738
48.6333333333319 42 6 0.428651990632319 0.197574473067916
57.7833333333313 41 7 1.53793424408015 0.5129014571949
67.9499999999974 40 7 0.418943606557377 0.137271803278689
75.0666666666637 40 6 1.22255901639344 0.028572131147541
85.2333333333298 39 7 0.35510475409836 0.0670734426229508
94.3833333333293 38 7 0.275242076502732 0.0996180327868852
120.816666666661 38 6 0.327810088272383 0.10382395964691
129.933333333329 37 6 0.868834917733089 0.206512065813528
181.93333333337 36 6 0.268426217948719 0.381781762820513
184.933333333373 35 7 0.18949 0.000790555555555556
204.933333333389 34 8 0.18202275 0.0838296666666667
218.9333333334 33 8 0.18870880952381 0.00519797619047619
220.933333333401 33 7 0.189191666666667 0.0112225
305.750000000051 33 6 0.180447946551385 0.00254598152878758
385.049999999978 32 6 0.201673160992013 0.107103026481715
440.966666666594 32 5 0.183156393442623 0.110528226527571
445.033333333257 31 6 0.343554508196721 0.161555327868852
448.083333333254 30 7 0.394492349726776 0.308222950819672
452.149999999917 30 6 0.207364344262295 0.20678606557377
470.449999999901 29 7 0.229478142076503 0.212522495446266
481.633333333224 28 7 0.27312697466468 0.253754992548435
491.799999999881 27 7 1.55035131147541 0.316412459016393
521.283333333188 26 7 0.17897914075749 0.197393894855851
524.333333333185 26 6 0.16613606557377 0.00263387978142077
556.866666666489 25 7 0.195745235655738 0.166152100409836
569.066666666478 24 8 0.158555601092896 0.00681530054644809
577.199999999804 23 8 0.168638729508197 0.0065922131147541
600 23 8 0.141832644333571 0.0146493941553813
