# New log 26/04/2014 01:18:00
1 48 16 2.86038666666667 0.648586666666667
4.04999999999999 48 14 1.29188306010929 0.790385792349727
7.09999999999998 47 14 1.06046612021858 0.60375956284153
13.1000000000002 46 14 1.81300638888889 0.584811388888889
14.1000000000003 46 13 2.23587833333333 0.770323333333333
16.1000000000004 45 12 2.58876916666667 0.819276666666667
20.1666666666668 44 11 1.82250245901639 0.474725819672131
23.2166666666666 44 10 0.827399453551913 0.0153743169398907
29.3166666666663 43 10 0.762380601092896 0.0231653005464481
33.3833333333327 43 9 0.624675409836066 0.107704918032787
38.4666666666658 42 10 0.590569836065574 0.130941967213115
40.499999999999 41 10 0.648218852459016 0.0135786885245902
51.6833333333317 40 11 0.693229061102832 0.0654308494783905
54.7333333333315 39 11 0.491869398907104 0.00483005464480874
67.9499999999974 39 10 0.912134552332912 0.403665069356873
73.0333333333305 37 10 1.15005639344262 0.790691147540984
77.0999999999969 36 10 0.622143032786885 0.564565573770492
79.1333333333301 35 11 0.426162295081967 0.443400819672131
80.1499999999967 34 12 0.41652131147541 0.791722950819672
84.2166666666632 34 11 0.460080737704918 1.04157049180328
85.2333333333298 34 10 0.486465573770492 1.3251737704918
94.3833333333293 33 11 0.590552459016393 1.47915154826958
95.3999999999959 33 10 0.440622950819672 1.82715573770492
96.4166666666625 32 11 0.668960655737705 1.87078852459016
97.4333333333291 31 12 0.448704918032787 1.62051967213115
98.4499999999957 30 13 0.334577049180328 1.72717540983607
99.4666666666623 30 12 0.339122950819672 1.70820491803279
106.583333333329 29 13 0.328200468384075 1.69163489461358
114.716666666661 29 12 0.328367213114754 1.56045143442623
115.733333333328 28 13 0.347362295081967 1.46011639344262
118.783333333328 27 14 0.30688087431694 1.23893879781421
122.849999999994 26 14 0.29635 1.07921024590164
131.93333333333 25 13 0.285755963302752 0.906216330275229
200.933333333385 25 12 0.282421449275362 0.375361328502415
202.933333333387 24 13 0.264675 0.00016
222.933333333403 24 12 0.361467999999999 0.00871316666666667
243.93333333342 23 13 0.426124444444445 0.0114450793650794
251.933333333426 22 13 0.264039791666667 0.000372291666666667
265.083333333421 21 13 0.335103422053232 0.0246531051964512
266.100000000087 21 12 0.249391803278689 0.000137704918032787
276.266666666744 20 13 0.245064918032787 0.00412049180327869
286.433333333401 19 13 0.223528360655738 0.00090655737704918
305.750000000051 19 12 0.222640379637618 0.0031274374460742
326.083333333365 18 13 0.71486762295082 0.00914622950819672
347.433333333346 17 13 0.211007650273224 0.000331850117096019
402.333333333296 16 13 0.214852276867031 0.00425185185185185
434.8666666666 16 12 0.220457172131147 0.013169518442623
442.999999999926 15 13 0.208696106557377 0.00874385245901639
456.21666666658 14 13 0.183165952080706 0.00667087011349306
475.53333333323 14 12 0.180479033649698 0.0189042277825712
480.616666666558 14 11 0.206444918032787 0.0436993442622951
509.083333333199 13 12 0.161177517564403 0.00667464871194379
531.449999999845 13 11 0.298201862891208 0.012855737704918
533.483333333177 12 12 0.160711475409836 0.00117131147540984
536.533333333174 11 12 0.144717486338798 0.000241530054644809
537.54999999984 11 11 0.143019672131148 0.398808196721312
544.6666666665 10 12 0.132340281030445 0.0143131147540984
600 10 12 0.113088494783904 0.00158643815201192
