# New log 26/04/2014 01:16:59
1 48 16 1.081645 4.17708833333333
3.03333333333333 48 14 0.491304098360656 0.479531147540984
10.1000000000001 47 15 2.34590283018868 0.358219811320755
11.1000000000001 46 15 1.422645 0.27908
14.1000000000003 46 14 1.79857444444444 0.203665555555556
15.1000000000003 46 13 1.37605666666667 0.166631666666667
16.1000000000004 46 11 1.83982833333333 0.694556666666667
20.1666666666668 45 12 0.969481557377049 0.240838524590164
25.2499999999998 45 11 0.342015737704918 0.152224590163934
26.2666666666665 44 12 0.263852459016393 0.210408196721312
34.3999999999993 44 11 0.307994672131147 1.74836598360656
35.4166666666659 44 10 0.261545901639344 5.9192737704918
52.6999999999983 43 11 0.381511957569914 5.8076231436837
53.7166666666649 43 10 0.249688524590164 5.78920983606557
54.7333333333315 42 11 0.266619672131148 5.86092295081967
55.7499999999981 41 12 0.240745901639344 6.24283442622951
56.7666666666647 41 11 0.265906557377049 7.13119508196721
58.7999999999979 39 12 0.290405737704918 7.2618737704918
59.8166666666646 38 13 0.385913114754099 7.11890819672131
61.8499999999978 38 12 0.251331147540984 7.40234508196721
62.8666666666644 38 11 0.291526229508197 7.40734426229508
63.883333333331 37 11 0.877614754098361 7.29443934426229
64.8999999999976 36 12 0.289839344262295 7.40575573770492
76.0833333333303 35 13 0.321789716840537 7.25641997019374
77.0999999999969 35 12 0.24884262295082 6.18705245901639
78.1166666666635 34 12 0.229916393442623 6.21059016393443
79.1333333333301 33 13 0.224786885245902 6.23348196721312
82.18333333333 32 13 0.277973224043716 6.36229234972678
103.533333333329 31 13 0.226901092896175 6.59032053083529
142.933333333339 30 13 0.362443274111675 1.82193481387479
157.933333333351 29 14 0.264138222222222 0.137577777777778
174.933333333365 29 13 0.313890294117647 0.132160392156863
191.933333333378 28 13 0.199436666666667 0.160694117647059
208.933333333392 28 12 0.220583725490196 0.0857095098039216
222.933333333403 27 13 0.756929642857142 0.0880428571428571
235.933333333413 26 14 0.706892435897436 0.0196655128205128
254.933333333428 25 15 0.463742543859648 0.0140560526315789
255.933333333429 24 16 0.16773 0.00578166666666667
263.050000000089 24 15 0.252856206088993 0.0121754098360656
265.083333333421 23 16 0.460261475409836 0.00598032786885246
276.266666666744 22 16 0.151052906110283 0.00286527570789866
285.416666666736 22 15 0.134106557377049 0.00304207650273224
296.600000000059 21 16 0.238632935916543 0.10698956780924
317.950000000039 20 17 0.156190476190476 0.00917736143637783
393.183333333304 19 18 0.131307443509082 0.0022577315019938
398.266666666633 18 19 0.123299672131148 0.000133114754098361
400.299999999965 17 20 0.112143442622951 0.0179188524590164
404.366666666628 16 20 0.107734016393443 0.000115573770491803
546.699999999831 15 21 0.100335023419203 0.000476932084309134
600 15 21 0.0911030312403341 0.000130931023816888
