# New log 26/04/2014 01:03:41
1 48 16 2.47738333333333 0.709153333333333
6.08333333333332 47 17 0.734048524590164 0.610618032786885
11.1000000000001 46 17 0.717453820598007 0.532431893687708
14.1000000000003 46 16 0.630472222222222 0.384363888888889
21.1833333333334 46 15 0.774834823529412 0.337648235294118
24.2333333333332 45 15 0.708186338797814 0.363079781420765
29.3166666666663 44 15 0.637073770491803 0.264966885245902
32.3666666666661 43 15 0.70184262295082 0.428890710382514
36.4333333333325 42 16 0.612659016393443 0.490543032786885
40.499999999999 41 16 0.491372540983606 0.350770491803279
42.5333333333322 41 15 0.487003278688525 0.138340163934426
44.5666666666654 41 14 0.633595901639344 0.0542590163934426
45.583333333332 41 13 0.438819672131148 0.0112459016393443
64.8999999999976 41 12 0.549949007765315 0.492608886971527
72.0166666666639 41 11 0.60799344262295 0.21586206088993
83.1999999999966 41 10 0.502018628912071 0.12436348733234
85.2333333333298 40 10 0.632654918032787 0.458127049180328
87.266666666663 40 9 0.549863114754098 0.444515573770492
88.2833333333296 39 10 0.569391803278689 0.499262295081967
89.2999999999962 39 9 0.571560655737705 0.567883606557377
94.3833333333293 38 9 0.579685573770491 0.262584262295082
103.533333333329 37 10 0.417403460837887 0.0436724954462659
105.566666666662 37 9 0.394596721311475 0.0141016393442623
111.666666666662 36 10 0.385904918032787 0.0446122950819672
116.749999999995 35 11 0.376666557377049 0.00820459016393443
120.816666666661 35 10 0.39158606557377 0.0120409836065574
122.849999999994 34 11 0.361925409836065 0.000231147540983607
144.933333333341 33 11 0.430424754716981 0.275231773584906
158.933333333352 33 10 0.355714761904762 0.0734272619047619
182.933333333371 32 11 0.344246666666666 0.0263061111111111
189.933333333377 31 12 0.339873571428571 0.0445028571428572
190.933333333377 31 11 0.353753333333333 0.301185
193.93333333338 30 12 0.324464444444444 0.181233333333333
203.933333333388 30 11 0.311179166666667 0.128769166666667
204.933333333389 29 11 0.285128333333333 0.120601666666667
208.933333333392 28 11 0.2691025 0.0681679166666667
211.933333333394 27 11 0.262965 0.0599016666666667
216.933333333398 26 12 0.241522 0.0213743333333333
218.9333333334 25 12 0.254258333333333 0.005995
228.933333333408 24 13 0.365703666666667 0.0643556666666667
245.933333333421 23 14 0.226322450980392 0.0327200980392157
249.933333333424 23 13 0.2041975 0.00992375
276.266666666744 22 14 0.214911582278481 0.00566240506329114
315.916666666708 21 14 0.199462253047499 0.00664501891551072
328.116666666697 21 13 0.172889207650273 0.000188251366120219
600 21 13 0.171055113775385 0.00124465378027893
