# New log 26/04/2014 01:04:07
1 48 16 1.83934833333333 0.324765
6.08333333333332 47 17 0.553992459016394 0.208773114754098
7.09999999999998 46 17 0.415831147540984 0.132465573770492
11.1000000000001 45 18 0.56914625 0.269178333333333
12.1000000000002 45 17 1.020565 0.19361
13.1000000000002 44 17 0.473178333333333 0.155113333333333
16.1000000000004 43 18 0.535473333333334 0.132931666666667
17.116666666667 42 19 0.417563934426229 0.103580327868852
18.1333333333336 42 18 0.928318032786885 0.122290163934426
22.2 41 17 0.651868032786886 0.151029508196721
24.2333333333332 41 16 0.739182786885246 0.235886885245902
25.2499999999998 39 18 0.418809836065574 0.111009836065574
26.2666666666665 39 17 0.49147868852459 0.159075409836066
27.2833333333331 38 17 0.422785245901639 0.255062295081967
40.499999999999 37 17 0.683529255989912 0.151936443883985
43.5499999999988 36 17 0.382413661202186 0.041192349726776
45.583333333332 36 16 0.197280327868853 0.0136622950819672
53.7166666666649 36 15 0.701106967213114 0.0942444672131148
58.7999999999979 35 15 0.245021639344262 0.067252131147541
60.8333333333312 34 15 0.214717213114754 0.0613819672131148
61.8499999999978 31 16 0.233624590163934 0.152367213114754
63.883333333331 30 17 0.202150819672131 0.208263114754098
64.8999999999976 30 16 0.202829508196721 0.282919672131148
65.9166666666642 29 17 0.185383606557377 0.253631147540984
69.9833333333306 29 16 0.345726639344263 0.317234836065574
70.9999999999973 28 17 0.183760655737705 0.179896721311475
72.0166666666639 27 18 0.176944262295082 0.213781967213115
84.2166666666632 26 18 0.162198087431694 0.21256762295082
97.4333333333291 26 17 0.17120605296343 0.405892686002522
98.4499999999957 25 18 0.137903278688525 0.00118852459016393
109.633333333328 24 18 0.15869001490313 0.0183876304023845
116.749999999995 23 18 0.531442154566745 0.1273962529274
117.766666666661 22 18 0.657218032786885 0.147316393442623
126.916666666661 21 18 0.201043897996357 0.0142284153005465
136.933333333334 20 19 0.147887354409318 0.0288158069883527
145.933333333342 19 20 0.369829444444444 0.429433333333333
169.933333333361 18 21 0.181452013888889 0.0148465277777778
174.933333333365 18 20 0.122601666666667 0.000330666666666667
251.933333333426 18 19 0.0959624242424249 0.00187463203463203
262.033333333424 17 20 0.102379207920792 0.00137524752475248
375.899999999987 17 19 0.0874856264636994 0.000343632903981265
380.983333333316 16 19 0.102266885245902 0.00894524590163934
384.033333333313 16 18 0.0933426229508197 0.000119672131147541
600 16 18 0.0823242207342429 0.000294481643962133
