# New log 26/04/2014 01:03:24
1 48 16 1.00823833333333 1.20734666666667
4.04999999999999 47 17 0.336662841530055 0.0342819672131148
6.08333333333332 46 18 0.382735245901639 0.0502614754098361
17.116666666667 46 17 0.342342296072507 0.139478398791541
21.1833333333334 45 18 0.280445901639344 0.0331803278688525
29.3166666666663 44 18 0.243299795081967 0.0545461065573771
31.3499999999995 43 19 0.275656557377049 0.215856557377049
35.4166666666659 43 18 0.214629508196721 0.0822672131147541
36.4333333333325 42 18 0.226645901639344 0.108127868852459
40.499999999999 41 19 0.244576639344262 0.134802868852459
43.5499999999988 40 20 0.229650819672131 0.131147540983607
45.583333333332 39 21 0.319764754098361 0.0587180327868852
46.5999999999986 39 20 0.195850819672131 0.00223770491803279
47.6166666666652 39 19 0.192649180327869 0.000521311475409836
48.6333333333319 38 20 0.277219672131147 0.111162295081967
49.6499999999985 38 19 0.253383606557377 0.0611573770491803
50.6666666666651 37 19 0.237206557377049 0.0619655737704918
52.6999999999983 36 20 0.19951393442623 0.0421254098360656
53.7166666666649 35 20 0.186737704918033 0.00259344262295082
55.7499999999981 34 21 0.196772131147541 0.0372
56.7666666666647 34 19 0.17465737704918 0.0512377049180328
57.7833333333313 33 20 0.187080327868853 0.0699606557377049
62.8666666666644 32 21 0.183432131147541 0.0200422950819672
63.883333333331 31 22 0.251637704918033 0.481362295081967
64.8999999999976 31 21 0.166739344262295 0.022816393442623
72.0166666666639 30 22 0.332995784543326 0.0935053864168618
73.0333333333305 29 22 0.207216393442623 0.0312311475409836
74.0499999999971 29 21 0.171868852459016 0.0492934426229508
78.1166666666635 28 21 0.275145901639344 0.0769217213114754
80.1499999999967 27 22 0.153415573770492 0.00485573770491803
82.18333333333 26 22 0.147273770491803 0.0172360655737705
93.3666666666627 25 23 0.168632339791356 0.0265786885245902
94.3833333333293 24 24 0.180134426229508 0.0208639344262295
113.699999999995 23 23 0.152066264020708 0.0220971527178602
124.883333333328 22 24 0.170141132637854 0.46730044709389
125.899999999994 21 25 0.158019672131148 0.637752459016393
129.933333333329 20 26 0.252747520661157 0.665371487603306
130.93333333333 19 27 0.13114 0.62396
144.933333333341 18 28 0.139294761904762 0.662467976190476
180.933333333369 17 29 0.117093657407407 0.383439768518519
185.933333333373 16 29 0.106282333333333 0.00741766666666667
200.933333333385 16 28 0.105373333333333 0.00966288888888889
202.933333333387 15 28 0.09062 0.002635
205.933333333389 14 29 0.0840722222222223 0.000996111111111111
211.933333333394 13 29 0.0743166666666667 0.000539722222222222
222.933333333403 12 29 0.0704437878787879 0.0163627272727273
223.933333333404 11 29 0.0590633333333334 0.00014
230.933333333409 11 28 0.0633190476190476 0.000131666666666667
232.933333333411 10 28 0.051315 0.0002125
240.933333333417 10 27 0.0468352083333333 0.00909458333333333
256.950000000095 9 28 0.0466029136316337 0.0028684703433923
308.800000000048 8 28 0.038939087110254 0.000537608486017358
600 8 28 0.03503393499743 0.000119837779174045
