# New log 26/04/2014 01:01:47
1 48 16 1.05061333333333 2.47630333333333
4.04999999999999 47 17 0.456845355191257 0.230310928961749
6.08333333333332 46 18 0.399020491803279 0.488483606557377
8.09999999999998 46 17 0.246609917355372 1.37762066115703
10.1000000000001 46 16 0.230079166666667 0.65633
12.1000000000002 45 17 0.250286666666667 0.0279616666666667
14.1000000000003 44 18 0.4225025 0.132090833333333
16.1000000000004 43 19 0.270988333333334 0.100836666666667
18.1333333333336 42 20 0.227518852459016 0.0781516393442623
19.1500000000002 41 21 0.229211475409836 0.0677754098360656
23.2166666666666 40 22 0.306880327868853 0.661988114754098
29.3166666666663 39 22 0.262038524590164 0.0700275956284153
30.3333333333329 38 21 0.244837704918033 0.340245901639344
33.3833333333327 37 22 0.258534426229508 0.818024043715847
34.3999999999993 37 21 0.259314754098361 0.132149180327869
38.4666666666658 37 20 0.244329918032787 0.0816889344262295
51.6833333333317 36 21 0.38260605296343 0.143959899117276
55.7499999999981 35 21 0.30299262295082 0.129882786885246
56.7666666666647 34 21 0.338572131147541 0.155998360655738
62.8666666666644 34 20 0.276816393442623 0.110716393442623
94.3833333333293 33 20 0.259087466948705 0.312727604442094
95.3999999999959 33 19 0.226547540983607 0.0573688524590164
97.4333333333291 32 19 0.226959836065574 0.00422213114754098
116.749999999995 31 19 0.219547109577222 0.190766005176877
129.933333333329 31 18 0.22323211125158 1.32701428571429
130.93333333333 30 19 0.181956666666667 0.0266216666666667
140.933333333338 29 20 0.185156166666667 0.00930166666666667
144.933333333341 28 20 0.189086666666667 0.00151166666666667
147.933333333343 28 19 0.185681111111111 0.000148333333333333
148.933333333344 27 19 0.176196666666667 0.000145
156.93333333335 26 20 0.241120625 0.0373114583333333
159.933333333353 25 21 0.165540555555556 0.000121666666666667
165.933333333358 25 20 0.1584025 0.00836944444444445
174.933333333365 25 19 0.160732037037037 0.00554666666666667
175.933333333365 24 19 0.165091666666667 0.000145
176.933333333366 23 19 0.159666666666667 0.000155
201.933333333386 23 18 0.156073466666667 0.000437266666666667
206.93333333339 23 17 0.134575333333333 0.000140333333333333
207.933333333391 22 17 0.147765 0.00015
219.933333333401 22 16 0.147720555555556 0.00200125
229.933333333408 21 17 0.146464 0.00251383333333333
249.933333333424 20 17 0.134002333333333 0.00116158333333333
301.683333333388 20 16 0.129516038647343 0.00415687600644122
330.150000000028 19 17 0.188975644028103 0.0168987704918033
342.350000000017 18 17 0.138713114754099 0.172240710382514
357.600000000003 17 17 0.12943868852459 0.259296830601093
406.399999999959 17 16 0.125416598360656 0.0420482923497268
411.483333333288 16 16 0.119581967213115 0.00252622950819672
417.583333333282 15 17 0.109854918032787 0.000403551912568306
427.74999999994 14 18 0.105588196721312 0.000143934426229508
545.683333333166 14 17 0.0989730921424531 0.0396185556811758
547.716666666497 13 18 0.0958688524590165 0.000147540983606557
600 13 18 0.0899133984867592 0.000158196721311475
