# New log 26/04/2014 01:03:02
1 48 16 1.79028166666667 0.364475
5.06666666666665 47 16 0.707937295081967 0.286072540983607
7.09999999999998 47 12 0.472203278688524 0.247577049180328
8.09999999999998 47 11 0.356223333333333 0.307108333333333
10.1000000000001 46 12 0.4561825 0.0166983333333333
12.1000000000002 46 11 0.418585833333333 0.0727075
13.1000000000002 46 10 0.586483333333333 0.314193333333333
17.116666666667 45 11 0.553987966804979 0.24216846473029
20.1666666666668 44 12 0.980224590163934 0.369404918032787
26.2666666666665 43 12 0.746916393442623 0.216062295081967
29.3166666666663 42 13 0.503008743169399 0.0916644808743169
30.3333333333329 42 12 0.375698360655738 0.0687327868852459
40.499999999999 41 12 0.934004590163934 0.30583131147541
41.5166666666656 41 11 0.374109836065574 0.200513114754098
43.5499999999988 40 12 0.36604262295082 0.0326032786885246
50.6666666666651 39 12 0.986641451990633 0.0918922716627635
60.8333333333312 38 13 0.463268852459016 0.130553770491803
63.883333333331 38 12 0.469884153005464 0.286212568306011
64.8999999999976 38 11 0.872650819672131 0.591632786885246
78.1166666666635 37 12 0.357584615384615 0.271237200504414
82.18333333333 37 11 0.353138114754098 0.0260987704918033
89.2999999999962 36 12 0.341541451990632 0.0283882903981265
90.3166666666628 35 13 0.593632786885246 0.0629377049180328
92.349999999996 34 13 0.422086885245902 0.0749114754098361
97.4333333333291 33 13 0.289172786885246 0.265999672131148
99.4666666666623 32 14 0.288081147540984 0.0576180327868853
100.483333333329 32 13 0.289903278688525 0.151286885245902
106.583333333329 32 12 0.459137431693989 0.525778142076503
107.599999999995 30 14 1.3330262295082 0.219849180327869
111.666666666662 30 13 0.744739344262295 0.105472950819672
112.683333333328 29 13 0.228373770491803 0.0295344262295082
114.716666666661 28 14 0.388050819672131 0.129030327868852
118.783333333328 27 14 0.718865983606558 0.283987704918033
127.933333333327 26 15 0.666945719489982 0.146530783242259
147.933333333343 25 16 0.249735833333333 0.0818315833333333
154.933333333349 24 16 0.266029523809524 0.0215242857142857
159.933333333353 23 17 0.205675333333333 0.0525253333333333
165.933333333358 22 17 0.216390555555555 0.0842363888888889
167.933333333359 22 16 0.355054166666667 0.0773958333333333
172.933333333363 21 16 0.675975666666667 0.116786333333333
173.933333333364 20 17 0.245326666666667 0.0251283333333333
176.933333333366 19 18 0.167801111111111 0.0420144444444445
177.933333333367 18 19 0.178976666666667 0.12343
188.933333333376 17 19 0.235407575757576 0.047459696969697
192.933333333379 16 19 0.14118875 0.03934875
201.933333333386 15 20 0.149635 0.0555133333333333
207.933333333391 14 21 0.154004722222222 0.0511569444444444
208.933333333392 14 20 0.109013333333333 0.000185
217.933333333399 13 21 0.116023333333333 0.0262255555555556
219.933333333401 12 22 0.104904166666667 0.0388783333333333
230.933333333409 11 23 0.0974127272727272 0.0437018181818182
239.933333333416 10 23 0.0958987037037036 0.0673185185185185
244.93333333342 9 24 0.0669316666666667 0.021291
253.933333333428 8 25 0.0612827777777777 0.0262851851851852
257.966666666761 7 26 0.0654309917355372 0.00388884297520661
282.366666666739 7 25 0.108216598360656 0.0332040983606557
286.433333333401 6 26 0.289529918032787 0.0429393442622951
294.566666666727 6 25 1.09304446721311 0.0274823770491803
305.750000000051 5 25 0.299740238450075 0.00654262295081967
600 5 25 0.0246750989259478 0.000151814584511023
