# New log 26/04/2014 01:02:10
1 48 16 2.53576166666667 0.787011666666667
5.06666666666665 48 13 1.03946270491803 0.198663524590164
6.08333333333332 48 11 0.62642131147541 0.157122950819672
8.09999999999998 48 10 0.512251239669422 0.129199173553719
10.1000000000001 48 9 0.516246666666667 0.0183108333333333
18.1333333333336 46 11 0.855345643153526 0.242044813278008
20.1666666666668 44 12 2.43345983606557 0.274641803278689
25.2499999999998 44 10 2.91239836065574 0.547284262295082
26.2666666666665 43 11 2.7996131147541 0.365908196721311
30.3333333333329 42 12 1.67218114754099 0.149390573770492
31.3499999999995 41 12 0.563644262295082 0.224175409836066
50.6666666666651 41 11 1.51633235547886 0.567196548748922
54.7333333333315 41 10 0.823692213114754 1.12840655737705
56.7666666666647 39 10 0.670934426229508 1.37448442622951
62.8666666666644 38 9 2.62187213114754 1.08954781420765
64.8999999999976 38 8 2.48711639344262 0.532875409836066
65.9166666666642 38 7 2.09441803278689 0.543177049180328
76.0833333333303 38 6 0.746051147540984 0.426056065573771
90.3166666666628 37 6 0.409997072599531 0.479943325526932
93.3666666666627 37 5 0.390148633879782 0.421914207650273
96.4166666666625 37 4 0.634908196721312 0.51421693989071
103.533333333329 36 5 0.707521077283373 0.459064871194379
104.549999999995 35 6 0.391213114754098 0.792270491803279
109.633333333328 33 8 0.378100655737705 0.385521967213115
149.933333333345 32 9 0.913958105872621 0.463684615384615
152.933333333347 32 8 0.964331111111111 0.422684444444444
154.933333333349 31 8 1.07475833333333 0.5290475
164.933333333357 30 8 1.0535195 0.491348833333333
167.933333333359 29 8 0.941786666666667 0.442330555555556
172.933333333363 28 9 0.938038333333334 0.553388666666667
333.200000000026 27 9 0.514647462562395 0.487339642262895
408.433333333291 26 10 0.301141825431989 0.456165285777581
445.033333333257 26 9 0.317491621129326 0.423061930783242
496.88333333321 25 10 0.381095081967214 0.567455094824815
520.266666666522 24 10 0.302227797576622 0.489481397006415
538.566666666506 23 11 0.288727777777778 0.412939981785064
542.633333333168 22 11 0.263822131147541 0.424327049180328
585.33333333313 22 10 0.253789149102264 0.414218657298985
600 22 10 0.276909617486339 0.446773442622951
