# New log 26/04/2014 01:36:12
1 48 16 1.61267166666667 0.243025
5.06666666666665 48 15 0.643523770491803 0.272455327868852
7.09999999999998 48 13 0.490013114754098 0.101146721311475
8.09999999999998 48 12 0.387455 0.039375
13.1000000000002 47 13 0.55471 0.115486666666667
18.1333333333336 46 14 1.81204006622517 0.195962582781457
20.1666666666668 45 15 1.7435262295082 0.654931967213115
22.2 45 14 2.85886229508197 0.373475409836066
23.2166666666666 44 15 3.9524393442623 0.202091803278689
24.2333333333332 43 14 4.38775573770492 0.133801639344262
25.2499999999998 43 13 2.62728852459016 0.172003278688525
26.2666666666665 42 13 0.422822950819672 0.317329508196721
28.2999999999997 42 12 1.12454098360656 0.196363114754098
29.3166666666663 41 12 0.858531147540983 3.23680983606557
30.3333333333329 40 11 0.406037704918033 0.0157049180327869
40.499999999999 39 12 0.481800163934427 0.049132131147541
42.5333333333322 38 13 0.452404918032787 0.0480565573770492
48.6333333333319 38 12 1.13849535519126 0.202168306010929
55.7499999999981 37 13 1.07036861826698 0.160327400468384
61.8499999999978 35 14 0.395370765027322 0.0701633879781421
86.2499999999964 34 15 1.01480321038252 0.219977322404372
87.266666666663 34 14 0.262629508196721 0.0140524590163934
93.3666666666627 34 13 0.301996721311475 0.0873972677595628
94.3833333333293 34 12 1.9417 0.109706557377049
117.766666666661 34 11 0.647005274411974 0.9627039914469
127.933333333327 33 12 0.240445409836065 0.713008524590164
136.933333333334 33 11 0.208318518518518 0.0872740740740741
219.933333333401 33 10 0.233678032128513 0.324576124497992
245.933333333421 32 11 0.231430576923077 0.27567641025641
247.933333333423 31 12 0.430511666666667 0.184645
252.933333333427 31 11 0.221762 0.130649
282.366666666739 30 12 0.208133012457531 0.0280071913929785
426.733333333274 30 11 0.247392761486962 0.012277868852459
465.366666666572 29 11 0.179974935289042 0.00530314926660915
468.416666666569 29 10 0.172137704918033 0.00312021857923497
570.083333333144 28 11 0.192705557377049 0.00937496721311475
574.149999999806 27 11 0.180904918032787 0.000173770491803279
600 27 11 0.202632219419924 0.0140221941992434
