# New log 26/04/2014 01:33:56
1 48 16 1.13861333333333 3.15264666666667
5.06666666666665 47 16 0.426542213114754 0.44340737704918
9.10000000000003 46 17 0.417698760330578 2.72724752066116
10.1000000000001 45 17 0.42869 3.28955666666667
12.1000000000002 43 19 0.443084166666667 5.3933425
13.1000000000002 43 18 0.360201666666667 4.38602
17.116666666667 42 19 0.400621576763486 2.92214813278008
20.1666666666668 41 19 0.339144808743169 2.30275081967213
23.2166666666666 41 18 0.342207103825137 1.38976885245902
24.2333333333332 40 19 0.305567213114754 1.20914262295082
25.2499999999998 39 19 0.287795081967213 1.19774918032787
26.2666666666665 38 17 0.588998360655738 1.6327868852459
27.2833333333331 37 17 0.248440983606557 0.569368852459016
29.3166666666663 36 18 0.246675409836066 0.719132786885246
31.3499999999995 35 17 0.198070491803279 0.258695081967213
33.3833333333327 34 17 0.230758196721312 4.93126065573771
41.5166666666656 33 18 0.340084016393442 6.10645286885246
52.6999999999983 33 17 0.243088375558867 8.08412876304024
60.8333333333312 33 16 0.273680327868853 6.48192786885246
63.883333333331 33 15 0.263251366120219 10.033893989071
67.9499999999974 32 16 0.251875409836065 9.02350901639344
72.0166666666639 32 15 0.244651639344262 9.46824098360656
75.0666666666637 31 16 0.282480327868852 9.76731584699454
117.766666666661 30 17 0.268276112412178 3.51194195940671
121.833333333328 29 18 0.251251229508197 2.74334385245902
123.866666666661 28 19 0.223909016393443 2.70708770491803
156.93333333335 27 20 0.258848286290322 2.12870398185484
159.933333333353 26 21 0.239001666666667 0.543593333333333
160.933333333354 25 21 0.230001666666667 0.604461666666667
196.933333333382 24 21 0.218260277777778 1.47618226851852
198.933333333384 24 20 0.194708333333333 1.53856083333333
203.933333333388 24 19 0.179211333333333 2.382673
204.933333333389 24 18 0.201811666666667 2.08476333333333
205.933333333389 23 19 0.201661666666667 1.69082
221.933333333402 22 19 0.190754895833334 2.83654104166667
232.933333333411 21 19 0.186597727272727 2.94799212121212
234.933333333412 20 19 0.175684166666667 2.9451275
249.933333333424 19 20 0.166151444444444 3.06419588888889
256.950000000095 18 21 0.164234441805226 3.01743800475059
302.700000000053 17 21 0.153123679417122 3.21583030965392
326.083333333365 16 22 0.149022095509622 2.94940883820385
335.233333333357 15 23 0.138101821493625 1.19644590163934
343.366666666683 14 23 0.126924590163935 0.00551004098360656
406.399999999959 13 24 0.120608408249603 0.00757855631940772
474.516666666564 13 23 0.113913726449718 0.00589464154636653
563.983333333149 12 24 0.113235022354694 0.0057442436661699
588.383333333127 11 25 0.10235368852459 0.00693394808743169
600 11 25 0.0904636612021858 0.00603524590163935
