# New log 26/04/2014 01:35:27
1 48 16 2.36124166666667 0.676031666666667
5.06666666666665 48 15 0.807529918032787 0.182922540983607
6.08333333333332 48 12 0.897381967213115 0.0304672131147541
12.1000000000002 48 10 1.2062703601108 0.225049030470914
14.1000000000003 47 11 0.960006666666667 0.229669166666667
15.1000000000003 47 10 2.50357166666667 0.27365
16.1000000000004 46 10 2.23185 0.651168333333333
20.1666666666668 46 8 1.54724139344262 0.377611885245902
25.2499999999998 45 9 2.32695803278689 0.360188852459016
28.2999999999997 45 8 2.65580710382514 0.375348633879781
30.3333333333329 44 9 2.91440409836065 0.3549
31.3499999999995 43 10 2.62336721311475 0.395932786885246
32.3666666666661 43 9 2.83006885245902 0.41674262295082
37.4499999999992 43 8 2.81006360655738 0.45151737704918
39.4833333333324 42 8 2.69110901639344 0.19115737704918
42.5333333333322 41 9 2.53655956284153 0.182244262295082
43.5499999999988 40 10 2.29770163934426 0.156155737704918
46.5999999999986 40 9 1.4518650273224 0.247389071038251
63.883333333331 39 10 1.11462680810029 0.0911855351976856
75.0666666666637 38 11 0.752195678092399 0.0933539493293592
82.18333333333 37 12 0.543754098360656 0.0113592505854801
108.616666666662 36 12 0.53536765447667 0.0244771122320303
110.649999999995 35 13 0.463925409836066 0.0237196721311475
139.933333333337 35 12 0.432048833238475 0.00544473534433694
149.933333333345 34 13 0.4658045 0.00760066666666667
159.933333333353 33 14 0.454775833333333 0.00453616666666667
168.93333333336 33 13 0.432271666666666 0.00527925925925926
172.933333333363 32 14 0.404751666666667 0.01247875
177.933333333367 31 14 0.384755666666667 0.000879333333333333
200.933333333385 31 13 0.369203550724638 0.000994420289855072
256.950000000095 31 12 0.386042606367152 0.00565522166022017
313.883333333377 30 12 0.45962075526932 0.0308172131147541
331.166666666694 29 12 0.50229093539055 0.0295695274831244
344.383333333349 28 12 0.415169356872636 0.0265741488020177
345.400000000015 28 11 0.412281967213115 0.000216393442622951
346.41666666668 27 11 0.400955737704918 0.0138983606557377
350.483333333343 26 11 0.384021721311475 0.000214344262295082
383.016666666647 26 10 0.343994364754099 0.00627868852459016
392.166666666639 26 9 0.369341530054645 0.0208938069216758
397.249999999967 25 10 0.357446557377049 0.0173373770491803
528.399999999848 24 11 0.957819989833521 0.0591792222645825
562.966666666483 24 10 0.327334956605593 0.00049556412729026
564.999999999815 23 10 0.340849180327869 0.000174590163934426
600 23 10 0.312255925058548 0.000189227166276347
