# New log 26/04/2014 01:14:20
1 48 16 2.79540666666667 1.690435
3.03333333333333 48 14 1.16662131147541 0.879395901639344
4.04999999999999 48 13 1.03949016393443 0.959155737704918
5.06666666666665 47 12 1.40016721311475 1.4421131147541
6.08333333333332 46 13 0.664270491803279 0.284291803278689
11.1000000000001 45 14 1.0358073089701 0.144940199335548
12.1000000000002 44 14 1.47468333333333 0.0695383333333333
13.1000000000002 44 13 0.61543 0.0492233333333333
22.2 43 14 0.733938461538462 0.114589010989011
26.2666666666665 43 13 0.700356557377049 0.165713114754098
29.3166666666663 43 12 1.86440327868853 0.877366120218579
32.3666666666661 43 11 1.34740491803279 0.819779781420765
33.3833333333327 43 10 0.622160655737705 0.072683606557377
36.4333333333325 42 10 0.706450273224044 0.133514754098361
39.4833333333324 41 10 1.05223606557377 0.134128415300546
40.499999999999 41 9 0.752226229508197 0.119068852459016
47.6166666666652 40 10 0.712033255269321 0.17187868852459
59.8166666666646 39 11 1.12107527322404 0.0599741803278689
63.883333333331 39 10 1.61960040983607 0.11400368852459
66.9333333333308 38 11 1.49531256830601 0.0471524590163934
70.9999999999973 38 10 1.48486270491803 0.283335245901639
72.0166666666639 37 10 1.48960327868852 1.79476393442623
80.1499999999967 36 11 1.53690881147541 0.444110860655738
87.266666666663 35 12 1.75516604215457 0.404871194379391
88.2833333333296 34 13 1.39270491803279 0.405250819672131
92.349999999996 33 14 1.46004303278689 0.411322950819672
94.3833333333293 32 15 1.42399918032787 0.402175409836066
96.4166666666625 31 16 1.36318770491803 0.45706393442623
109.633333333328 30 17 1.38416973518285 0.230710214375788
118.783333333328 29 18 1.3481072859745 0.185574499089253
120.816666666661 29 17 1.31330819672131 0.21257131147541
121.833333333328 28 18 1.24852295081967 0.223562295081967
123.866666666661 27 18 1.33167868852459 0.190540983606557
135.933333333334 27 17 1.49149917127072 0.163875276243094
180.933333333369 26 18 1.28467440740741 0.0691292222222222
185.933333333373 26 17 1.29951733333333 0.017813
212.933333333395 25 18 0.53787413580247 0.0245062962962963
244.93333333342 24 19 0.2989575 0.142758229166667
261.016666666758 24 18 0.509416062176166 0.190052124352332
266.100000000087 23 19 0.324836721311475 0.0637836065573771
391.149999999973 22 18 0.276550406504065 0.0165392243102759
555.849999999823 22 17 0.28108618700668 0.00736098967820279
561.949999999818 21 17 0.339226502732241 0.0133199453551913
600 21 17 0.248602674719586 0.00586427955133736
