# New log 26/04/2014 01:13:27
1 48 16 1.05082833333333 3.28322333333333
3.03333333333333 48 15 0.453572131147541 1.03273360655738
4.04999999999999 48 14 0.29184262295082 0.529598360655738
6.08333333333332 48 13 0.429755737704918 0.329313114754098
12.1000000000002 48 12 1.11680166204986 0.40941108033241
15.1000000000003 47 13 0.316404444444444 0.133289444444444
16.1000000000004 47 12 0.4186 0.208248333333333
18.1333333333336 46 12 0.812081967213115 0.506210655737705
25.2499999999998 46 11 0.725065339578454 0.302100468384075
26.2666666666665 46 10 2.75243278688524 1.24992459016393
27.2833333333331 45 10 1.03647540983607 0.712073770491803
29.3166666666663 45 9 1.02207868852459 1.05986721311475
42.5333333333322 44 10 0.58380970996217 1.91727150063052
48.6333333333319 44 9 0.273357923497268 0.718904644808743
86.2499999999964 44 8 0.327991714665486 1.63497350465219
108.616666666662 43 9 0.309949478390462 1.99611363636364
148.933333333344 42 9 0.301308763952047 1.4839046713518
187.933333333375 42 8 0.337023290598291 1.093085
191.933333333378 42 7 0.780255833333333 1.17963083333333
227.933333333407 41 8 0.287415694444445 0.935260555555556
228.933333333408 41 7 0.288635 0.870616666666667
230.933333333409 41 6 0.2625575 0.904774166666667
243.93333333342 40 7 0.297820769230769 0.605980769230769
246.933333333422 39 8 0.262409444444444 0.506927777777778
249.933333333424 38 8 0.249331111111111 0.533689444444445
251.933333333426 37 9 0.237238333333333 0.5069475
263.050000000089 37 7 0.258753073463269 0.533350374812594
264.066666666755 36 8 0.222952459016394 0.848968852459016
268.133333333418 35 9 0.222675 0.867208196721312
284.40000000007 34 10 0.227921413934426 0.663136782786885
384.033333333313 33 11 0.224731164268987 0.544606222816996
498.916666666542 32 12 0.238340171188163 0.0513844189757725
600 32 12 0.317790721311476 0.00461455737704918
