# New log 26/04/2014 01:15:03
1 48 16 1.75623833333333 0.55916
5.06666666666665 48 14 0.607597131147541 0.330864344262295
6.08333333333332 47 12 0.433852459016393 0.139677049180328
7.09999999999998 46 12 0.517872131147541 0.0513754098360656
8.09999999999998 46 11 0.296186666666667 0.01042
11.1000000000001 45 12 0.798478888888889 0.775236111111111
14.1000000000003 45 11 0.896041111111111 0.684642777777778
18.1333333333336 44 12 0.457227685950413 0.636661157024793
23.2166666666666 43 12 0.889103278688524 0.704330819672131
25.2499999999998 42 12 0.594377049180328 0.130463114754098
26.2666666666665 42 10 0.71365737704918 0.26186393442623
27.2833333333331 41 11 0.760298360655738 0.17765737704918
40.499999999999 41 10 0.763761160151324 0.115814501891551
42.5333333333322 40 10 0.319360655737705 0.16300737704918
45.583333333332 39 11 0.549684153005464 0.193134972677596
47.6166666666652 38 11 0.341569672131147 0.180170491803279
53.7166666666649 37 12 0.296899453551913 0.2018
60.8333333333312 37 11 0.526201639344263 0.450018735362998
69.9833333333306 37 9 0.74656102003643 1.11868615664845
78.1166666666635 36 10 0.469302049180328 1.23422090163934
87.266666666663 35 11 0.259706739526411 0.333678324225865
109.633333333328 34 12 0.20955782414307 0.913764381520119
125.899999999994 33 12 0.239584733606557 0.656551024590164
128.933333333328 32 12 0.171141758241758 0.10006043956044
134.933333333333 32 11 0.160216944444444 0.2142625
140.933333333338 31 11 0.162703055555556 0.0473666666666667
145.933333333342 30 12 0.161608 0.0190213333333333
155.93333333335 29 13 0.199548333333333 0.128088166666667
185.933333333373 28 14 0.179957 0.558996777777778
188.933333333376 27 15 0.168152222222222 0.648751111111111
203.933333333388 26 16 0.158179222222222 0.499553333333333
212.933333333395 26 15 0.135099074074074 0.0142103703703704
216.933333333398 25 16 0.142321666666667 0.0260583333333333
302.700000000053 24 17 0.140663525068014 0.0183632724446172
313.883333333377 23 17 0.154040387481371 0.00125767511177347
373.866666666655 23 16 0.118904751319811 0.00338607946651848
398.266666666633 22 16 0.256140573770492 0.0108665983606557
600 22 16 0.107092066891834 0.000206269050168877
