# New log 26/04/2014 01:05:49
1 48 16 1.96375666666667 0.604086666666667
6.08333333333332 47 16 1.03908754098361 0.61134
7.09999999999998 46 17 0.438681967213115 0.118067213114754
8.09999999999998 45 17 1.249475 0.127668333333333
12.1000000000002 45 16 0.921467083333333 0.0853395833333333
13.1000000000002 45 15 1.251895 0.162083333333333
15.1000000000003 45 14 1.1045075 0.0825633333333333
16.1000000000004 45 13 1.13414 0.0185883333333333
18.1333333333336 44 14 1.22436229508197 0.0866827868852459
21.1833333333334 43 15 1.49155081967213 0.0485644808743169
23.2166666666666 42 15 1.6592 0.14860737704918
24.2333333333332 41 16 2.05079344262295 0.502611475409836
26.2666666666665 40 16 2.12959754098361 0.319075409836066
30.3333333333329 39 17 1.9088381147541 0.247215983606557
33.3833333333327 38 16 0.689843169398907 0.228127868852459
39.4833333333324 38 15 1.6198868852459 0.166648907103825
40.499999999999 38 14 3.57222459016393 0.474032786885246
43.5499999999988 37 15 1.7651262295082 0.216021857923497
44.5666666666654 37 14 0.516539344262295 0.0315131147540984
45.583333333332 36 14 0.604440983606558 0.0490819672131148
49.6499999999985 35 14 2.2291512295082 0.298666393442623
61.8499999999978 35 13 0.847711885245902 0.0889672131147541
64.8999999999976 34 13 0.265596721311475 0.049003825136612
67.9499999999974 34 12 0.254139890710383 0.0619431693989071
73.0333333333305 33 12 0.251274098360656 0.0301449180327869
75.0666666666637 33 11 0.215262295081967 0.00617540983606557
78.1166666666635 33 10 0.35521912568306 0.234738797814208
79.1333333333301 32 11 1.24258524590164 0.404047540983607
80.1499999999967 32 10 1.0489131147541 0.141077049180328
84.2166666666632 31 10 0.39996106557377 0.214883606557377
88.2833333333296 31 9 0.175614754098361 0.000718852459016393
93.3666666666627 31 8 0.183144262295082 0.00441540983606557
105.566666666662 30 9 0.179248360655738 0.00684330601092896
111.666666666662 30 8 0.169297540983607 0.000748087431693989
128.933333333328 29 9 0.183933494208494 0.0250180501930502
148.933333333344 28 9 0.169844 0.0316755833333333
150.933333333346 28 8 0.162974166666667 0.00186
163.933333333356 27 9 0.160524230769231 0.00104410256410256
183.933333333372 26 9 0.141043166666667 0.00198375
185.933333333373 25 10 0.1323275 0.00012
225.933333333405 24 10 0.129791541666667 0.000478625
256.950000000095 24 9 0.123701182160129 0.000879634605051048
366.749999999995 23 10 0.125934578020643 0.000394414086217365
367.766666666661 22 11 0.124501639344262 0.000127868852459016
386.066666666644 21 12 0.126420218579235 0.000907012750455373
600 21 12 0.11705538808173 0.000138388625592417
