# New log 26/04/2014 01:05:12
1 48 16 2.87000166666667 0.823283333333333
4.04999999999999 48 15 1.01554699453552 0.204739890710383
5.06666666666665 48 14 0.544468852459017 0.0151672131147541
11.1000000000001 47 15 0.872469060773481 0.322241712707182
12.1000000000002 47 13 1.20456333333333 0.160108333333333
13.1000000000002 46 14 0.832363333333333 0.120246666666667
17.116666666667 45 15 1.31680829875519 0.417126970954357
18.1333333333336 45 14 1.02671639344262 0.0623065573770492
20.1666666666668 45 13 1.19368360655738 0.112072131147541
28.2999999999997 45 12 1.26125573770492 0.0997700819672131
29.3166666666663 44 13 0.639545901639344 0.0336491803278689
34.3999999999993 44 12 3.19888655737705 0.275850819672131
35.4166666666659 43 13 7.84539016393443 0.628004918032787
37.4499999999992 42 13 2.98617950819672 0.368895901639344
39.4833333333324 41 14 1.39864180327869 0.0790352459016394
40.499999999999 41 13 1.1743606557377 0.0657639344262295
46.5999999999986 40 14 0.926266393442624 0.03055
47.6166666666652 40 13 1.60818524590164 0.112360655737705
48.6333333333319 39 14 4.63019180327869 0.498162295081967
50.6666666666651 39 13 3.47310163934426 0.345375409836066
51.6833333333317 39 12 2.89843278688525 0.0311327868852459
53.7166666666649 38 13 1.11156885245902 0.0117139344262295
54.7333333333315 37 14 2.34735573770492 0.0265508196721311
69.9833333333306 36 15 0.593780218579235 0.0493646994535519
73.0333333333305 36 14 0.510626775956284 0.00943224043715847
83.1999999999966 35 15 0.483431803278689 0.012707868852459
85.2333333333298 34 15 0.502013114754098 0.0972852459016394
89.2999999999962 34 14 0.489928278688525 0.190852868852459
92.349999999996 34 13 0.487560109289618 0.0891213114754098
93.3666666666627 33 14 0.575349180327869 0.251362295081967
97.4333333333291 31 15 0.509628688524591 0.0420614754098361
98.4499999999957 30 16 0.43738524590164 0.0317
122.849999999994 29 17 0.570498360655736 0.132158948087432
123.866666666661 28 18 0.343347540983607 0.000127868852459016
146.933333333342 28 17 0.605818424855492 0.0556205924855491
159.933333333353 27 17 0.473604102564103 0.00461
160.933333333354 27 16 0.330008333333334 0.000981666666666667
166.933333333358 26 16 0.32467 0.00356444444444444
180.933333333369 25 17 0.413585119047619 0.136949880952381
188.933333333376 24 17 0.364719166666667 0.0910091666666667
195.933333333381 23 18 0.309143095238095 0.0209038095238095
228.933333333408 22 19 0.283048434343434 0.00458444444444444
231.93333333341 21 19 0.297676666666667 0.00170777777777778
402.333333333296 20 19 0.273545246478872 0.00174553990610329
600 20 19 0.264785405632622 0.000136132828919714
