# New log 26/04/2014 01:04:26
1 48 16 1.259785 4.37318166666667
9.10000000000003 47 16 0.633427366255144 0.425247530864198
15.1000000000003 46 16 0.753728055555555 3.16266777777778
16.1000000000004 45 17 0.536873333333333 0.44786
17.116666666667 44 18 0.583114754098361 0.32467868852459
18.1333333333336 44 16 0.359860655737705 0.286688524590164
19.1500000000002 43 17 0.281439344262295 0.392652459016393
21.1833333333334 43 16 0.492004098360656 0.183835245901639
24.2333333333332 42 17 0.580765027322404 0.146628415300546
25.2499999999998 42 16 0.443385245901639 0.0691475409836066
30.3333333333329 42 15 0.710432131147541 3.27237868852459
33.3833333333327 41 16 0.367312568306011 10.565087431694
34.3999999999993 41 15 0.41035737704918 2.30540163934426
42.5333333333322 40 16 0.324884221311475 7.09342807377049
45.583333333332 39 17 1.17187868852459 2.08795191256831
47.6166666666652 39 15 0.993922950819673 2.04308196721311
49.6499999999985 39 14 0.39760737704918 2.09236229508197
69.9833333333306 38 15 0.479253114754099 4.70593024590164
75.0666666666637 37 16 0.272529836065574 0.27465606557377
113.699999999995 36 17 0.272240509059534 0.575329378774806
127.933333333327 35 18 0.261066510538642 0.465288290398126
141.933333333338 35 17 0.204392857142857 0.291605833333333
161.933333333354 34 18 0.21935925 0.190994666666667
169.933333333361 33 19 0.213665208333333 0.000860625
192.933333333379 31 20 0.217315579710145 0.00861710144927536
225.933333333405 31 19 0.205462272727273 0.00181070707070707
227.933333333407 30 20 0.191975 0.00124333333333333
600 30 20 0.192146768639023 0.000144738136768192
