# New log 26/04/2014 01:16:31
1 48 16 1.6397 0.240301666666667
4.04999999999999 47 16 0.428138797814207 0.207794535519126
7.09999999999998 47 15 0.407665027322404 0.213509836065574
10.1000000000001 47 13 0.682639444444444 0.367023333333333
13.1000000000002 47 10 0.507175 0.506518333333333
14.1000000000003 47 9 0.504973333333333 0.659388333333333
17.116666666667 47 8 0.512016574585635 0.623777348066298
26.2666666666665 46 8 0.662010018214937 0.29233825136612
27.2833333333331 45 8 0.406998360655738 0.0982590163934426
28.2999999999997 45 6 0.469552459016393 0.10674262295082
40.499999999999 44 7 0.431296448087432 0.395996448087432
41.5166666666656 43 8 0.444332786885246 0.154286885245902
48.6333333333319 42 7 0.403359016393443 0.137026463700234
51.6833333333317 41 7 0.395863387978142 0.707413661202186
54.7333333333315 40 8 0.596185792349727 0.402892896174863
60.8333333333312 39 8 0.87031475409836 0.380962568306011
70.9999999999973 38 9 1.00133360655738 0.133264262295082
79.1333333333301 38 8 0.358332786885246 0.0907209016393443
82.18333333333 37 9 0.705922950819672 0.280701092896175
84.2166666666632 36 10 0.300354098360656 0.0772860655737705
94.3833333333293 35 10 0.294832950819672 0.0892098360655738
95.3999999999959 34 11 0.199526229508197 0.00812295081967213
115.733333333328 34 10 0.255597868852459 0.235537131147541
144.933333333341 33 11 0.24735901826484 0.056138698630137
158.933333333352 32 12 0.206618928571429 0.117448571428571
162.933333333355 30 13 0.19392 0.604837916666667
183.933333333372 29 14 0.174352936507936 0.283401428571429
184.933333333373 28 15 0.164085 0.00028
185.933333333373 28 14 0.16466 0.0119383333333333
189.933333333377 28 13 0.162379166666667 0.019235
202.933333333387 27 13 0.171092692307692 0.00787602564102564
222.933333333403 27 12 0.160172416666667 0.0166328333333333
304.733333333385 27 11 0.190138977180115 0.0552331499592502
319.983333333371 26 11 0.198209945355191 0.0542518032786885
345.400000000015 26 10 0.195354098360656 0.0563243278688525
527.383333333182 26 9 0.193772827181976 0.0545115303599231
576.183333333138 26 8 0.201382581967213 0.0537849726775956
600 26 8 0.192459016393442 0.0521447404371585
