# New log 26/04/2014 01:15:33
1 48 16 1.04619 1.99693166666667
11.1000000000001 48 15 0.381645049504951 1.4075501650165
14.1000000000003 47 16 0.398070555555555 3.46176833333333
36.4333333333325 47 15 0.308185074626866 4.63011843283582
40.499999999999 47 13 0.287246721311475 1.80106967213115
46.5999999999986 46 13 0.374680601092896 3.61606120218579
48.6333333333319 45 13 0.368945081967213 0.113122950819672
49.6499999999985 45 12 0.239218032786885 0.142340983606557
50.6666666666651 44 13 0.382390163934426 0.397614754098361
51.6833333333317 44 11 0.371255737704918 0.168685245901639
73.0333333333305 44 10 0.330132552693208 0.422506713505074
78.1166666666635 43 10 0.321780983606557 0.360384262295082
84.2166666666632 42 11 0.307356557377049 0.24836912568306
86.2499999999964 41 12 0.274497540983607 0.274530327868852
89.2999999999962 40 13 0.325848087431694 1.06967486338798
92.349999999996 39 14 0.367836612021858 0.228770491803279
95.3999999999959 38 15 0.343692349726776 0.124605464480874
99.4666666666623 37 15 0.331574590163934 0.22127131147541
112.683333333328 37 14 0.311043127364439 0.145734804539723
119.799999999994 37 13 0.285994145199063 0.064800468384075
127.933333333327 36 13 0.343907172131148 0.298643852459016
128.933333333328 36 12 0.274575 0.077415
132.933333333331 35 13 0.315922916666667 0.03419875
140.933333333338 35 11 0.312808541666667 0.0271047916666667
141.933333333338 34 12 0.277511666666667 0.153698333333333
142.933333333339 33 11 0.315051666666667 0.106115
156.93333333335 31 13 0.300210714285714 0.0299540476190476
174.933333333365 30 13 0.262801666666667 0.026487962962963
179.933333333369 29 14 0.235271 0.00908033333333333
183.933333333372 28 15 0.22701625 0.015405
186.933333333374 27 16 0.211311111111111 0.0299338888888889
188.933333333376 27 15 0.210700833333333 0.00249166666666667
191.933333333378 26 16 0.203911666666667 0.000608333333333333
198.933333333384 25 16 0.204243095238095 0.000127380952380952
201.933333333386 24 17 0.193775 0.00013
202.933333333387 24 16 0.190971666666667 0.000125
248.933333333424 23 17 0.183251884057971 0.000133405797101449
262.033333333424 22 17 0.16447582697201 0.00366564885496183
267.116666666752 22 16 0.160954754098361 0.00216426229508197
301.683333333388 21 17 0.160302073288332 0.00236205400192864
305.750000000051 20 17 0.149248770491803 0.000143032786885246
306.766666666716 20 16 0.154990163934426 0.000591803278688525
321.000000000037 19 17 0.145743442622951 0.00341147540983607
338.283333333354 19 16 0.138179267116683 0.00276065573770492
343.366666666683 18 16 0.139696393442623 0.00013016393442623
600 18 16 0.138500311021834 0.000140717942072183
