# New log 26/04/2014 01:16:06
1 48 16 2.49760666666667 0.926976666666667
4.04999999999999 47 17 0.787254644808743 0.410216393442623
7.09999999999998 45 18 0.871990710382514 0.553227868852459
8.09999999999998 45 17 0.948765 0.0640816666666667
10.1000000000001 45 16 1.301395 0.180254166666667
12.1000000000002 45 14 1.82997916666667 0.466361666666667
19.1500000000002 43 16 1.87159527186761 1.05264231678487
20.1666666666668 42 16 2.10815081967213 0.554393442622951
22.2 41 16 1.45648770491803 0.448893442622951
24.2333333333332 41 15 1.50214098360656 0.391526229508197
25.2499999999998 39 15 1.45876393442623 0.519180327868852
27.2833333333331 39 14 1.52824508196721 0.41997868852459
28.2999999999997 39 13 1.81722295081967 0.686529508196721
33.3833333333327 38 14 1.06612098360656 0.472218032786885
34.3999999999993 37 14 0.587240983606558 0.366318032786885
35.4166666666659 36 14 0.565703278688525 0.372873770491803
38.4666666666658 35 15 0.842761202185792 0.825154644808743
39.4833333333324 34 16 0.600067213114754 0.691381967213115
41.5166666666656 34 15 0.561318852459017 0.617193442622951
42.5333333333322 33 16 0.610231147540984 0.649283606557377
44.5666666666654 32 16 0.453406557377049 0.15197131147541
60.8333333333312 31 16 0.646624999999999 0.783792213114754
72.0166666666639 31 15 0.638660655737705 0.330506706408346
73.0333333333305 29 16 0.691327868852459 0.667750819672131
77.0999999999969 28 17 0.66722786885246 0.774244672131148
78.1166666666635 27 17 0.459149180327869 0.016572131147541
79.1333333333301 25 19 0.441501639344262 0.0170508196721311
81.1666666666633 24 20 0.420769672131147 0.0199344262295082
84.2166666666632 24 19 0.388901639344262 0.0183748633879781
85.2333333333298 23 19 0.363859016393443 0.0161327868852459
86.2499999999964 22 20 0.347493442622951 0.012927868852459
100.483333333329 22 19 0.307477166276347 0.0879447306791569
107.599999999995 21 20 0.27528524590164 0.0141723653395785
115.733333333328 20 20 0.248517418032787 0.00346495901639344
123.866666666661 19 21 0.250576434426229 0.00854918032786885
124.883333333328 19 20 0.344404918032787 0.0246573770491803
141.933333333338 18 20 0.255429716520039 0.0084266862170088
149.933333333345 17 21 0.292887916666666 0.015875
151.933333333346 16 22 0.19516 0.00546833333333333
152.933333333347 15 23 0.18142 0.00633833333333333
161.933333333354 15 22 0.196175925925926 0.00853814814814815
168.93333333336 14 23 0.192426904761905 0.00614571428571429
183.933333333372 14 22 0.182558333333334 0.000162111111111111
188.933333333376 13 22 0.188055 0.000161333333333333
229.933333333408 13 21 0.172589674796748 0.000802317073170732
261.016666666758 12 22 0.215817640750671 0.0277942091152815
262.033333333424 11 23 0.175883606557377 0.00127704918032787
273.216666666747 10 24 0.138243964232489 0.0184324888226528
280.333333333407 10 23 0.130728805620609 0.0180618266978923
287.450000000067 8 24 0.136696721311475 0.0124220140515223
304.733333333385 8 23 0.34941350048216 0.0642049180327869
307.783333333382 7 23 0.117139890710382 0.000129508196721311
311.850000000045 6 24 0.0986663934426229 0.000161475409836066
325.0666666667 6 23 0.157616015132408 0.0151611601513241
348.450000000012 6 22 0.240339985744833 0.0277330719885959
366.749999999995 5 21 0.109688706739526 0.0126300546448087
437.916666666597 4 21 0.136205948477752 0.0152024121779859
600 4 21 0.0779404303278697 0.000149016393442623
