# New log 26/04/2014 01:33:24
1 48 16 1.67723166666667 0.250753333333333
7.09999999999998 47 17 0.52611174863388 0.512866666666667
9.10000000000003 46 18 0.4638225 0.401855
11.1000000000001 44 18 0.410565833333333 0.305965
14.1000000000003 43 19 0.544066666666667 0.158347777777778
16.1000000000004 43 18 1.04876666666667 0.182006666666667
25.2499999999998 42 19 1.61247067395264 0.276099453551913
26.2666666666665 42 18 2.73898524590164 0.453095081967213
28.2999999999997 42 17 2.66847950819672 0.597345081967213
29.3166666666663 42 16 0.670526229508197 0.15927868852459
30.3333333333329 40 17 0.471918032786885 0.121072131147541
32.3666666666661 39 18 0.644143442622951 0.224609016393443
33.3833333333327 38 19 1.64259180327869 0.339890163934426
38.4666666666658 37 19 1.45678131147541 0.389816393442623
40.499999999999 36 20 0.808802459016394 0.319825409836066
43.5499999999988 35 20 0.861848087431694 0.415738797814208
45.583333333332 35 19 0.564281147540984 0.114841803278689
65.9166666666642 34 20 1.8131131147541 0.443162213114754
67.9499999999974 33 20 1.13189590163934 1.40785737704918
73.0333333333305 32 21 0.493753770491803 1.12378819672131
75.0666666666637 30 21 0.378824590163935 0.496617213114754
78.1166666666635 29 22 0.480601639344262 0.270542076502732
79.1333333333301 29 21 0.309231147540984 0.0982639344262295
80.1499999999967 29 20 0.691877049180328 0.319814754098361
82.18333333333 28 20 0.34855737704918 0.571031147540984
83.1999999999966 28 19 0.926490163934426 1.00047540983607
108.616666666662 28 18 0.255909245901639 0.844043278688525
111.666666666662 27 19 0.22424043715847 0.0972579234972678
117.766666666661 26 19 0.195352459016393 0.144133879781421
126.916666666661 26 18 0.22492058287796 0.0988810564663024
127.933333333327 25 18 0.230355737704918 0.0573245901639344
142.933333333339 24 19 0.188247 0.110113111111111
185.933333333373 23 20 0.271838255813954 0.0852683720930233
192.933333333379 22 21 1.67388952380952 0.603427380952381
198.933333333384 22 20 0.160262777777778 0.0682294444444444
200.933333333385 21 21 0.17207 0.064325
204.933333333389 20 22 0.154367083333333 0.00322541666666667
212.933333333395 20 21 0.154656666666667 0.003656875
214.933333333397 19 22 0.153864166666667 0.000659166666666667
243.93333333342 19 21 0.125536321839081 0.00123580459770115
279.316666666741 19 20 0.117460527555346 0.00109109750353274
424.699999999942 18 20 0.116085131262181 0.00102353548091253
449.09999999992 18 19 0.112478210382513 0.022703893442623
452.149999999917 17 20 0.120718032786885 0.000149180327868852
518.233333333191 16 20 0.225363707440101 0.0117144262295082
523.316666666519 15 21 0.0932344262295083 0.000148852459016393
527.383333333182 14 22 0.0925536885245902 0.000163934426229508
541.616666666503 14 21 0.112311826697892 0.0314785714285714
546.699999999831 13 22 0.0982055737704918 0.000145901639344262
552.799999999826 12 23 0.0901172131147541 0.000146994535519126
566.016666666481 11 23 0.0845003783102143 0.000155107187894073
569.066666666478 11 22 0.0820535519125683 0.000168852459016393
570.083333333144 10 22 0.0785229508196721 0.000181967213114754
571.099999999809 9 23 0.0723081967213115 0.000127868852459016
572.116666666475 8 23 0.0675639344262295 0.000142622950819672
575.166666666472 6 24 0.0544579234972677 0.000162295081967213
579.233333333135 5 25 0.0392036885245902 0.000147950819672131
600 5 25 0.0595747072599531 0.0290270101483216
