# New log 26/04/2014 01:32:39
1 48 16 2.58851833333334 0.804091666666667
5.06666666666665 47 16 0.893204918032787 0.735370901639344
9.10000000000003 47 14 0.853229752066116 0.230303719008264
11.1000000000001 46 15 1.76520916666667 0.14638
17.116666666667 46 14 2.27174819944599 0.101418282548476
22.2 46 13 2.58770557377049 0.448937704918033
27.2833333333331 45 13 3.2346868852459 1.01718590163934
28.2999999999997 44 13 2.36403114754098 0.929275409836066
36.4333333333325 44 12 1.50732397540984 0.46630368852459
47.6166666666652 43 12 1.42508017883756 0.120663636363636
50.6666666666651 43 11 1.48058852459016 0.0396224043715847
51.6833333333317 43 10 0.658027868852459 0.0310049180327869
57.7833333333313 42 10 0.739868852459016 0.0863122950819672
59.8166666666646 41 10 0.66587868852459 0.139445081967213
61.8499999999978 41 9 0.759440983606557 0.066844262295082
72.0166666666639 41 8 0.645948196721312 0.0965647540983607
78.1166666666635 41 7 0.624231967213115 0.0369079234972678
80.1499999999967 41 6 0.551809016393442 0.00479672131147541
98.4499999999957 40 7 0.714274408014573 0.0698674863387978
130.93333333333 40 6 0.584316572601333 0.0614669061056952
148.933333333344 39 6 0.470968518518519 0.0447982407407407
161.933333333354 38 7 0.419708717948717 0.00411423076923077
188.933333333376 37 8 0.417357160493827 0.00839487654320988
339.30000000002 37 7 0.40581040789182 0.0883560518731989
356.583333333338 36 8 0.430630279652844 0.37543143683703
360.650000000001 35 8 0.422127868852459 0.52328237704918
363.699999999998 34 9 0.397055737704918 0.512288524590164
369.799999999992 33 9 0.390997267759563 0.340956284153006
384.033333333313 32 9 0.368380679156908 0.356824473067916
409.449999999956 31 9 0.355889836065574 0.325398032786885
418.599999999948 30 9 0.51953970856102 0.305279234972678
434.8666666666 30 8 0.44919262295082 0.337085348360656
462.316666666575 30 7 0.321663145112325 0.338518336369156
463.333333333241 29 7 0.303644262295082 0.305273770491803
489.76666666655 28 8 0.321862673392182 0.322891298865069
495.866666666544 27 8 0.313421857923497 0.350419945355191
500.949999999873 26 9 0.296626885245901 0.33870131147541
535.516666666508 26 8 0.290797830279653 0.311494840887175
575.166666666472 26 7 0.285831736023539 0.316526313577133
600 26 7 0.277819475409836 0.331367540983607
