# New log 26/04/2014 01:32:00
1 48 16 1.23557833333333 5.192695
14.1000000000003 47 17 0.565920101781171 2.72032671755725
15.1000000000003 47 16 0.535341666666666 0.422225
18.1333333333336 46 17 0.833581868131868 0.534915384615385
21.1833333333334 45 18 0.78122349726776 0.539515846994536
25.2499999999998 44 19 0.468709836065574 0.764240573770492
28.2999999999997 44 18 0.398508196721312 0.797236612021858
30.3333333333329 43 18 0.631701639344263 2.87654508196721
31.3499999999995 42 19 0.528773770491803 2.34906393442623
34.3999999999993 42 18 0.709167213114754 3.2509825136612
36.4333333333325 41 19 0.694165573770492 2.75333196721311
38.4666666666658 41 18 0.692699180327869 3.87716393442623
39.4833333333324 40 18 0.507172131147541 6.80619508196721
42.5333333333322 39 18 0.561393442622951 3.5662174863388
43.5499999999988 38 19 0.690936065573771 2.06084590163934
48.6333333333319 37 20 0.339069508196721 2.88496557377049
49.6499999999985 36 20 0.763308196721311 2.40418524590164
50.6666666666651 35 21 0.260968852459016 2.03062950819672
51.6833333333317 33 23 0.233334426229508 1.74839508196721
53.7166666666649 33 22 0.26874262295082 1.92180491803279
54.7333333333315 32 23 0.265572131147541 2.38761639344262
65.9166666666642 32 22 0.312437704918033 1.15927779433681
74.0499999999971 32 21 0.60512131147541 3.6115493852459
76.0833333333303 31 21 0.814131147540984 1.05074508196721
77.0999999999969 30 21 0.272018032786885 0.850404918032787
88.2833333333296 30 20 0.236257973174367 1.20470625931446
90.3166666666628 29 21 0.242853278688525 1.3719737704918
94.3833333333293 29 20 0.152952459016393 1.19939344262295
96.4166666666625 27 19 0.181559836065574 0.0392122950819672
106.583333333329 26 20 0.208895081967213 0.0957419672131148
216.933333333398 25 21 0.197976710466696 0.249412898353723
249.933333333424 24 22 0.14933398989899 0.168306868686869
251.933333333426 23 22 0.140128333333333 0.0245091666666667
408.433333333291 22 23 0.143276698615547 0.00684061767838126
414.533333333285 22 22 0.146543715846995 0.00018224043715847
417.583333333282 21 23 0.141844262295082 0.0375803278688525
423.683333333277 20 24 0.134876775956284 0.0187275956284153
427.74999999994 20 23 0.130343852459016 0.000129098360655738
524.333333333185 19 23 0.12771936151855 0.00013197584124245
600 19 23 0.122061289617486 0.000127256830601093
