# New log 26/04/2014 01:25:53
1 48 16 1.08367166666667 2.14933666666667
4.04999999999999 46 16 0.464193989071038 0.219606010928962
5.06666666666665 44 17 0.220218032786885 0.0213131147540984
6.08333333333332 43 18 0.414162295081967 0.139554098360656
8.09999999999998 42 19 0.229526446280992 0.65458347107438
10.1000000000001 42 18 0.287765833333333 1.85740583333333
12.1000000000002 41 18 0.252525833333333 2.65578416666667
13.1000000000002 40 19 0.299013333333333 1.92091833333333
16.1000000000004 39 20 0.325941111111111 0.253105
22.2 38 19 0.2283543715847 0.0825710382513661
23.2166666666666 38 18 0.221998360655738 0.0415409836065574
28.2999999999997 37 18 0.223371147540984 0.122893114754098
29.3166666666663 37 17 0.187234426229508 0.144949180327869
30.3333333333329 36 18 0.269808196721312 0.165488524590164
33.3833333333327 35 19 0.185544262295082 0.158300546448087
41.5166666666656 34 19 0.309793032786885 0.173861885245902
47.6166666666652 34 18 0.204744535519126 1.13191530054645
49.6499999999985 33 19 0.207363114754098 2.27406967213115
51.6833333333317 33 18 0.17465 1.09130655737705
61.8499999999978 32 19 0.208074098360656 1.07944557377049
66.9333333333308 31 20 0.162249836065574 0.0654606557377049
67.9499999999974 30 21 0.172880327868852 1.72083114754098
70.9999999999973 29 21 0.165627868852459 1.84495245901639
79.1333333333301 28 22 0.288693237704918 3.12300614754098
90.3166666666628 28 21 0.149309239940388 0.796137853949329
98.4499999999957 27 21 0.219631147540984 2.90426147540984
100.483333333329 26 22 0.148777049180328 3.65850819672131
109.633333333328 25 22 0.129501821493625 3.62211785063752
113.699999999995 25 21 0.176361885245902 0.638056967213115
130.93333333333 24 22 0.111630464216635 0.0274228239845261
136.933333333334 24 21 0.0971927777777779 0.0796411111111111
207.933333333391 24 20 0.106137159624413 0.341403521126761
210.933333333393 23 21 0.0955272222222223 0.000176666666666667
238.933333333416 22 22 0.0942636309523809 0.000131964285714286
352.516666666675 21 22 0.0926892149669847 0.00327052090975789
354.550000000006 21 21 0.092372131147541 0.290945901639344
600 21 21 0.0909280788511055 0.000135313643137786
