# New log 26/04/2014 01:27:06
1 48 16 1.96923333333333 0.274808333333333
5.06666666666665 47 16 0.624459016393443 0.324450819672131
6.08333333333332 47 14 0.396788524590164 0.228234426229508
7.09999999999998 46 14 0.370186885245902 0.248195081967213
8.09999999999998 46 13 0.376961666666667 0.18342
10.1000000000001 45 13 0.36852 0.147965
13.1000000000002 44 14 0.483411111111111 0.124235
15.1000000000003 43 15 0.640194166666667 0.186628333333333
21.1833333333334 43 13 0.735468493150685 0.227712602739726
22.2 41 15 0.609759016393443 0.282386885245902
24.2333333333332 41 14 0.389913114754098 0.154765573770492
25.2499999999998 40 15 0.308019672131148 0.109050819672131
27.2833333333331 39 16 0.407746721311475 0.178029508196721
28.2999999999997 39 15 0.322303278688525 0.125595081967213
31.3499999999995 38 15 0.493544262295082 0.218111475409836
32.3666666666661 37 16 1.34100163934426 0.633193442622951
34.3999999999993 36 16 0.694477049180328 1.46250409836066
35.4166666666659 36 15 0.763662295081967 3.08556557377049
37.4499999999992 36 14 0.65267868852459 3.2803631147541
43.5499999999988 35 14 0.82253087431694 1.28919508196721
44.5666666666654 34 14 0.41757868852459 0.239372131147541
50.6666666666651 33 14 0.556976502732241 0.146563114754098
56.7666666666647 32 14 0.54762868852459 0.124578961748634
57.7833333333313 32 13 0.515426229508197 0.527393442622951
66.9333333333308 31 14 0.415101275045537 0.292839162112933
70.9999999999973 31 13 0.679885245901639 1.14910081967213
80.1499999999967 30 13 0.309927322404372 0.332440255009108
86.2499999999964 30 12 0.244049726775956 0.152341530054645
90.3166666666628 29 12 0.283830327868852 0.133954508196721
99.4666666666623 28 13 0.228287067395264 0.213358469945355
104.549999999995 27 13 0.307783606557377 0.272969180327869
106.583333333329 26 12 0.246750819672131 0.198195901639344
125.899999999994 25 13 0.285252027610009 0.349386281276963
127.933333333327 24 13 0.207184426229508 0.271240983606557
131.93333333333 23 13 0.159115416666667 0.1855725
132.933333333331 23 12 0.153338333333333 0.156621666666667
134.933333333333 23 11 0.174283333333333 0.132655
157.933333333351 22 11 0.19212115942029 0.210369275362319
165.933333333358 21 10 0.172983541666667 0.222803541666667
169.933333333361 21 9 0.129855 0.129196666666667
181.93333333337 20 9 0.143703611111111 0.127742361111111
182.933333333371 19 10 0.116523333333333 0.077205
188.933333333376 18 11 0.116368888888889 0.158362222222222
196.933333333382 17 12 0.106749375 0.155262916666667
232.933333333411 16 13 0.107957314814815 0.177481388888889
241.933333333418 15 14 0.0893848148148148 0.183681111111111
248.933333333424 14 15 0.0853071428571428 0.130643571428571
255.933333333429 13 15 0.076315 0.114060714285714
292.533333333396 12 15 0.0666982240437159 0.0593113387978142
297.616666666725 11 16 0.0553567213114754 0.000937049180327869
325.0666666667 10 17 0.106144687310261 0.0416829386763813
330.150000000028 9 17 2.13626950819672 0.997900983606557
333.200000000026 8 18 0.997427868852458 0.599328415300546
344.383333333349 7 18 0.0394076005961252 0.00011833084947839
600 7 18 0.0325532461618526 0.000129475670049441
