# New log 26/04/2014 01:26:23
1 48 16 2.78233833333333 1.29475166666667
4.04999999999999 46 16 0.922560109289618 0.696225136612022
5.06666666666665 46 13 0.647495081967213 0.83994262295082
6.08333333333332 46 11 0.636454098360656 0.714811475409836
7.09999999999998 46 10 1.20049344262295 0.699462295081967
10.1000000000001 45 10 0.621365 0.586336666666667
12.1000000000002 45 9 0.615130833333333 0.497923333333333
19.1500000000002 43 10 0.777078486997636 0.299286761229314
20.1666666666668 42 11 0.490011475409836 0.527116393442623
29.3166666666663 41 10 1.25533169398907 0.291708378870674
33.3833333333327 41 9 1.75017090163934 0.425988114754098
37.4499999999992 40 10 3.80724508196721 0.465258196721312
51.6833333333317 39 11 2.95479332552692 0.622142974238876
53.7166666666649 38 12 0.425033606557377 0.308475409836066
62.8666666666644 37 12 0.547826958105647 0.421589435336976
70.9999999999973 36 13 0.525194467213115 0.665490778688525
86.2499999999964 36 12 0.53796393442623 1.20109071038251
87.266666666663 36 11 0.443950819672131 1.01192295081967
89.2999999999962 35 11 0.469091803278689 1.15251147540984
96.4166666666625 34 12 0.759485245901639 1.02328782201405
112.683333333328 34 11 0.499896926229508 0.878463422131148
113.699999999995 33 12 0.366062295081967 0.187140983606557
119.799999999994 33 11 0.398980327868853 0.977652459016394
122.849999999994 33 10 0.35925956284153 1.23421857923497
154.933333333349 33 9 0.379786961038961 1.05395548051948
161.933333333354 32 10 0.465019047619048 0.486199285714286
181.93333333337 32 9 0.431378583333333 0.268464583333333
184.933333333373 31 10 0.432201111111111 0.266425555555556
185.933333333373 30 11 0.395646666666667 0.18977
201.933333333386 30 10 0.392031354166667 0.245948541666667
212.933333333395 29 11 0.388173484848485 0.25460196969697
214.933333333397 29 10 0.392785833333333 0.2061725
217.933333333399 29 9 0.358817777777778 0.209052777777778
230.933333333409 28 9 0.369320897435898 0.223202564102564
231.93333333341 28 8 0.392893333333333 0.248516666666667
243.93333333342 27 8 0.554402916666666 0.256488194444444
244.93333333342 26 9 0.371698333333333 0.23972
251.933333333426 25 9 0.320584047619048 0.209060714285714
253.933333333428 25 8 0.34563 0.228705833333333
255.933333333429 24 8 0.348356666666667 0.231035833333333
260.000000000092 23 8 0.346681557377049 0.256595081967213
262.033333333424 23 7 0.303422950819672 0.269509016393443
264.066666666755 22 7 0.317676229508197 0.269711475409836
313.883333333377 21 7 0.276532786885246 0.234707059217129
316.933333333374 21 6 0.275769398907104 0.22558087431694
394.19999999997 20 7 0.263155716134599 0.229498101811907
455.199999999915 20 6 0.251973060109289 0.222899016393443
481.633333333224 20 5 0.3158894703657 0.224677805800757
489.76666666655 19 6 0.687574590163934 0.26473381147541
499.933333333207 19 5 0.341243606557377 0.247717540983607
536.533333333174 18 5 0.289065072859745 0.235664526411658
537.54999999984 18 4 0.261498360655738 0.205583606557377
596.516666666453 17 5 0.297171565856415 0.232592453363482
600 17 5 0.262534016393443 0.223552459016393
