# New log 26/04/2014 01:00:31
1 48 16 2.592445 0.833763333333333
4.04999999999999 48 14 1.00244863387978 0.146612021857924
5.06666666666665 48 13 0.660165573770492 0.145147540983607
6.08333333333332 48 12 0.5818 0.0353262295081967
9.10000000000003 48 11 0.568179005524862 0.00565801104972376
11.1000000000001 48 9 0.5902075 0.0182408333333333
13.1000000000002 47 9 0.797056666666666 0.0975925
15.1000000000003 46 9 0.674990833333334 0.0414908333333333
20.1666666666668 46 8 1.00942894736842 0.0916157894736842
23.2166666666666 46 7 0.645586338797814 0.0888857923497268
24.2333333333332 46 6 1.07830327868852 0.267047540983607
32.3666666666661 45 7 0.702821926229508 0.0668014344262295
34.3999999999993 44 8 0.67746393442623 0.020472131147541
51.6833333333317 44 7 1.13558611378978 0.0981664416586307
55.7499999999981 43 8 0.728837704918032 0.0580045081967213
59.8166666666646 42 9 1.81570040983607 0.877901639344262
66.9333333333308 41 10 2.16274543325527 1.13928665105386
85.2333333333298 40 10 0.631830510018216 0.0463284153005464
103.533333333329 40 9 0.81511621129326 0.0525367030965392
109.633333333328 39 10 0.773670765027322 0.0403464480874317
123.866666666661 39 9 0.841790398126463 0.0744416861826698
162.933333333355 38 9 2.00334210750853 0.380171203071672
163.933333333356 38 8 2.66632166666667 0.571551666666667
180.933333333369 37 9 1.73807774509804 0.339197843137255
235.933333333413 36 10 0.776085424242424 0.0782378484848485
277.28333333341 35 10 0.716650141072149 0.0612701330108827
280.333333333407 35 9 0.749832786885246 0.0753464480874317
327.100000000031 34 10 0.752419315751961 0.353716286528867
334.216666666691 33 11 0.731021545667448 0.0633192037470726
395.216666666636 32 12 0.685116502732238 0.0684985792349727
422.666666666611 30 14 0.680873709775349 0.123966059502125
423.683333333277 30 13 0.741090163934426 0.216050819672131
429.783333333271 29 14 0.652601092896175 0.128453551912568
440.966666666594 27 16 0.64943785394933 0.0708444113263785
444.016666666592 26 16 0.660643715846995 0.0851715846994536
451.133333333252 26 15 0.607191100702576 0.0971503512880562
455.199999999915 24 17 0.627181147540984 0.144831557377049
456.21666666658 23 18 0.627291803278689 0.152777049180328
458.249999999912 22 19 0.602131147540983 0.182838524590164
496.88333333321 21 20 0.557415271786021 0.0640632010353753
539.583333333171 20 20 0.550621038251366 0.0600599921935988
600 20 20 0.518398005464482 0.0333015027322404
