# New log 26/04/2014 01:01:25
1 48 16 1.65269833333333 0.321926666666667
6.08333333333332 47 15 1.04874885245902 0.198895409836066
7.09999999999998 47 13 0.464059016393442 0.102431147540984
9.10000000000003 46 13 0.410485833333333 0.05487
11.1000000000001 45 14 0.604091666666667 0.0239241666666667
12.1000000000002 45 13 3.71914166666667 0.122051666666667
13.1000000000002 45 12 0.906245 0.0455783333333333
15.1000000000003 43 12 0.39543 0.0137525
18.1333333333336 42 12 0.585208791208791 0.0582115384615385
19.1500000000002 41 12 0.683965573770492 0.00925737704918033
21.1833333333334 41 11 0.256622131147541 0.0138622950819672
22.2 40 12 0.320898360655738 0.00622459016393443
23.2166666666666 38 12 0.271391803278689 0.0595590163934426
24.2333333333332 36 14 0.554365573770492 0.381732786885246
29.3166666666663 34 15 0.761460327868853 0.165581639344262
31.3499999999995 33 16 1.32530819672131 0.143761475409836
32.3666666666661 33 14 1.83086885245902 0.366150819672131
33.3833333333327 31 16 0.93244262295082 0.0765950819672131
35.4166666666659 31 15 0.355104918032787 0.0502639344262295
37.4499999999992 31 14 0.260840163934426 0.0934180327868852
42.5333333333322 31 13 0.256438032786885 0.0651773770491803
53.7166666666649 30 13 0.342971087928465 0.152262295081967
65.9166666666642 29 14 0.349486612021858 0.124098633879781
69.9833333333306 28 14 0.206609426229508 0.0579032786885246
70.9999999999973 27 15 0.350201639344262 0.119454098360656
74.0499999999971 26 15 0.270360109289618 0.339389071038251
75.0666666666637 25 16 0.188983606557377 0.00869016393442623
83.1999999999966 25 15 0.168588524590164 0.0582948770491803
84.2166666666632 24 16 0.172796721311475 0.0109245901639344
93.3666666666627 23 17 0.151637340619308 0.0478030965391621
101.499999999996 23 16 0.227842418032787 0.200579098360656
107.599999999995 22 17 0.322854918032787 0.727357923497268
108.616666666662 21 16 0.184503278688525 0.071672131147541
113.699999999995 20 16 0.174765573770492 0.174079344262295
114.716666666661 20 15 0.152250819672131 0.0440065573770492
133.933333333332 19 16 0.202601908065915 0.125880832610581
145.933333333342 18 16 0.377629999999999 0.142831944444444
150.933333333346 17 17 0.592697666666666 0.574900666666667
164.933333333357 17 16 0.115042023809524 0.0406495238095238
166.933333333358 16 17 0.123033333333333 0.0554116666666667
247.933333333423 15 18 0.106029547325104 0.0387609670781893
410.466666666622 15 17 0.102399712879407 0.0284005024610336
444.016666666592 14 17 0.277306458022852 0.0326265772478887
453.166666666583 14 16 0.102941347905282 0.00597814207650273
471.466666666567 13 17 0.110477595628415 0.00387987249544627
475.53333333323 12 18 0.0921172131147541 0.000267213114754098
499.933333333207 11 19 0.103634972677596 0.0167133879781421
600 11 19 0.0789489319423751 0.000255737704918033
