# New log 26/04/2014 01:00:13
1 48 16 1.04914 1.76833166666667
4.04999999999999 47 17 0.472617486338798 0.296320765027322
5.06666666666665 47 16 0.505724590163935 0.193391803278689
7.09999999999998 46 16 0.281094262295082 0.125140983606557
10.1000000000001 46 15 0.249944444444444 0.132972222222222
13.1000000000002 45 15 0.579059444444444 0.150877777777778
14.1000000000003 45 14 0.281226666666667 0.10987
20.1666666666668 45 13 0.293625274725275 0.0517107142857143
21.1833333333334 44 12 0.303332786885246 0.00904590163934426
25.2499999999998 44 11 0.482602049180328 0.0486709016393443
26.2666666666665 43 12 0.325913114754098 0.026155737704918
30.3333333333329 43 11 0.288224590163935 0.0113344262295082
31.3499999999995 42 12 0.279873770491803 0.287798360655738
32.3666666666661 41 13 0.277193442622951 0.000152459016393443
40.499999999999 40 13 0.279634426229508 0.0807393442622951
43.5499999999988 40 12 0.243173224043716 0.108204918032787
47.6166666666652 39 13 0.243968442622951 0.0183286885245902
60.8333333333312 38 14 0.322772131147541 0.0402795712484237
75.0666666666637 36 16 0.274840866510539 0.525357845433255
76.0833333333303 36 14 0.2261 0.810752459016393
77.0999999999969 35 15 0.234247540983607 0.73602131147541
79.1333333333301 34 16 0.239417213114754 1.1495737704918
80.1499999999967 34 15 0.215731147540984 1.53033442622951
82.18333333333 33 15 0.206452459016394 1.50297786885246
84.2166666666632 32 14 0.233445081967213 1.51103442622951
86.2499999999964 31 15 0.241868852459016 1.59349590163934
88.2833333333296 30 16 0.232914754098361 1.39181229508197
91.3333333333294 30 15 0.250386338797814 0.0205535519125683
93.3666666666627 29 15 0.202790983606557 0.000130327868852459
100.483333333329 29 14 0.186334894613583 0.0233255269320843
134.933333333333 27 15 0.204118480890179 0.013047847121432
141.933333333338 26 16 0.219127142857143 0.00545809523809524
143.93333333334 26 15 0.222884166666667 0.00222583333333333
147.933333333343 25 16 0.187679583333333 0.0145083333333333
149.933333333345 24 17 0.189715 0.0110241666666667
155.93333333335 23 17 0.181501111111111 0.00775666666666667
163.933333333356 22 18 0.17139 0.0107864583333333
168.93333333336 22 17 0.16021 0.000128333333333333
186.933333333374 21 16 0.162953981481482 0.00127925925925926
188.933333333376 20 17 0.15251 0.0001375
193.93333333338 20 16 0.14895 0.000145333333333333
224.933333333404 19 16 0.145062043010752 0.000296989247311828
230.933333333409 18 17 0.146047222222222 0.0115897222222222
232.933333333411 17 18 0.13018 0.00013
235.933333333413 16 17 0.108053888888889 0.0441922222222222
236.933333333414 15 18 0.0994416666666667 0.00012
244.93333333342 14 19 0.105410416666667 0.0401060416666667
258.983333333426 13 20 0.113462633451957 0.0156421115065243
261.016666666758 13 19 0.0936540983606557 0.000130327868852459
267.116666666752 12 19 0.108123770491803 0.0201267759562842
269.150000000084 11 20 0.0920483606557377 0.00544754098360656
270.16666666675 11 19 0.0825786885245901 0.0151770491803279
272.200000000081 10 20 0.0878040983606558 0.000137704918032787
274.233333333413 9 21 0.0770762295081967 0.000125409836065574
279.316666666741 8 21 0.0856173770491804 0.0272744262295082
298.63333333339 7 22 0.0635012079378775 0.037232528041415
299.650000000056 7 21 0.0474836065573771 0.000127868852459016
304.733333333385 6 22 0.0464819672131148 0.0177675409836066
306.766666666716 5 22 0.0564934426229508 0.00321311475409836
319.983333333371 4 23 0.0388008827238335 0.00142433795712484
338.283333333354 4 22 0.0301610200364299 0.000157559198542805
349.466666666678 3 23 0.0273445603576751 0.00216974664679583
350.483333333343 3 22 0.0263819672131148 0.000137704918032787
383.016666666647 3 21 0.0257891905737705 0.000145491803278689
427.74999999994 2 21 0.0272914679582712 0.00442518628912072
445.033333333257 1 21 0.0231800385728061 0.00880057859209258
600 1 21 0.0100428051001819 0.000138744240865745
