# New log 26/04/2014 01:31:06
1 48 16 2.56982833333333 0.77102
4.04999999999999 48 14 0.718571584699453 0.170918032786885
5.06666666666665 48 11 0.589267213114754 0.197954098360656
6.08333333333332 48 10 0.542145901639344 0.166109836065574
9.10000000000003 48 9 0.578677900552486 0.158753038674033
11.1000000000001 48 8 0.584825 0.241789166666667
12.1000000000002 47 9 0.579045 0.166641666666667
14.1000000000003 46 9 0.584293333333334 0.126286666666667
16.1000000000004 46 7 1.3163325 0.191665
23.2166666666666 45 8 1.79417423887588 0.37096112412178
29.3166666666663 44 8 0.650911202185792 0.143048633879781
31.3499999999995 44 7 0.857408196721311 0.125281967213115
33.3833333333327 43 8 0.578169672131147 0.0577368852459016
34.3999999999993 43 7 0.607006557377049 0.0379196721311475
43.5499999999988 42 8 0.737850091074682 0.204012021857924
44.5666666666654 41 9 0.759924590163935 0.185055737704918
46.5999999999986 40 9 0.723987704918032 0.204772950819672
48.6333333333319 39 10 0.856955737704918 0.126480327868852
54.7333333333315 38 10 0.675612021857924 0.077724043715847
55.7499999999981 37 10 0.668914754098361 0.0275377049180328
56.7666666666647 36 11 0.624952459016394 0.016527868852459
58.7999999999979 35 11 0.569490983606558 0.0120073770491803
62.8666666666644 34 11 0.414151229508197 0.0362053278688525
74.0499999999971 34 10 0.376649329359165 0.0873727272727273
91.3333333333294 33 10 0.475601350048216 0.531196817743491
110.649999999995 32 11 0.705370405522001 0.0262014667817084
127.933333333327 31 12 0.470009257473482 0.102275409836066
135.933333333334 30 13 0.423029791666666 0.300784791666667
173.933333333364 29 14 0.469388421052631 0.0185237719298246
175.933333333365 28 15 0.304590833333333 0.00015
184.933333333373 28 14 0.298875 0.00113203703703704
202.933333333387 28 13 0.306941203703704 0.000706759259259259
206.93333333339 28 12 0.329753333333334 0.000687916666666667
256.950000000095 27 13 0.30866107964012 0.00068807064311896
261.016666666758 26 14 0.296963524590164 0.0024905737704918
343.366666666683 25 14 0.306463448694595 0.00119206638332321
359.633333333335 24 14 0.304733299180328 0.00193627049180328
362.683333333332 24 13 0.312504371584699 0.0076448087431694
365.733333333329 24 12 0.307966120218579 0.00841147540983607
368.783333333327 23 13 0.459349180327869 0.0317732240437159
369.799999999992 22 14 0.663536065573771 0.0795049180327869
393.183333333304 21 15 0.393842266571632 0.0268655737704918
397.249999999967 20 16 0.277586475409836 0.000151639344262295
554.833333333157 20 15 0.282986980433632 0.00309147540983607
557.883333333155 19 16 0.291892349726776 0.000147540983606557
600 19 16 0.245707259953162 0.000136924277907884
