# New log 26/04/2014 01:30:24
1 48 16 0.894281666666666 1.88592666666667
4.04999999999999 48 14 0.782273224043716 0.2512
5.06666666666665 47 15 0.807724590163935 0.0860459016393443
8.09999999999998 46 16 0.370269230769231 1.84395054945055
11.1000000000001 46 15 0.405411111111111 2.05605444444444
13.1000000000002 46 14 0.42548 2.0682
16.1000000000004 45 14 0.312831666666667 2.89720333333333
23.2166666666666 44 15 0.345234426229508 3.53816487119438
25.2499999999998 44 14 0.328386885245902 2.49266885245902
26.2666666666665 44 13 0.532349180327869 2.67202786885246
27.2833333333331 43 13 1.07975737704918 2.44286065573771
37.4499999999992 43 12 0.753700983606557 1.31975508196721
43.5499999999988 43 11 2.23211420765027 0.295690983606557
46.5999999999986 42 11 0.279548633879782 0.0993180327868853
47.6166666666652 42 10 0.297455737704918 0.236327868852459
51.6833333333317 41 11 0.394833606557377 0.27404631147541
58.7999999999979 40 12 0.436702576112413 0.19483700234192
90.3166666666628 39 13 0.294050661025912 0.52174849286092
91.3333333333294 39 12 0.265437704918033 1.25531639344262
99.4666666666623 38 13 0.246405942622951 1.03497172131148
109.633333333328 37 14 0.272042295081967 1.60216918032787
112.683333333328 36 15 0.248624043715847 2.54525027322404
126.916666666661 35 16 0.245678337236534 2.90909496487119
128.933333333328 35 14 0.226430578512397 0.432707438016529
130.93333333333 34 14 0.232540833333333 0.437521666666667
140.933333333338 33 14 0.231785 0.596147333333333
144.933333333341 33 13 0.22957875 0.76833
145.933333333342 32 14 0.230868333333333 1.44155666666667
162.933333333355 32 13 0.23554137254902 1.39969019607843
200.933333333385 31 14 0.232429035087719 1.50330328947368
207.933333333391 30 15 0.232545238095238 0.735835952380952
209.933333333393 28 13 0.205338333333333 0.567179166666667
211.933333333394 27 14 0.189609166666667 0.513048333333333
213.933333333396 26 15 0.177861666666667 0.579023333333333
222.933333333403 25 16 0.177980740740741 0.755237592592593
251.933333333426 24 17 0.181493448275862 0.600912873563218
255.933333333429 23 18 0.16359375 0.669479583333333
287.450000000067 21 20 0.161716129032258 0.128963035430989
317.950000000039 20 20 0.149341912568306 0.0101098907103825
325.0666666667 19 21 0.128453161592506 0.00944707259953162
327.100000000031 18 22 0.113593442622951 0.000145081967213115
333.200000000026 17 23 0.124809289617486 0.197859836065574
337.266666666689 17 22 0.111725409836066 0.0917758196721312
446.049999999923 16 22 0.11695699402482 0.0941154741841581
537.54999999984 15 22 0.106535901639344 0.000226393442622951
600 15 22 0.0968182707562137 0.000151136964569011
