# New log 26/04/2014 01:31:37
1 48 16 1.75724166666667 0.481688333333333
5.06666666666665 48 14 0.548806557377049 0.158102459016393
6.08333333333332 47 13 0.563285245901639 0.102718032786885
9.10000000000003 47 12 0.434849723756906 0.0781436464088398
12.1000000000002 46 12 0.716539444444445 0.101515
13.1000000000002 44 13 0.553868333333333 0.0639866666666667
14.1000000000003 44 12 0.895438333333333 0.206151666666667
15.1000000000003 43 12 1.73926833333333 0.49751
19.1500000000002 43 11 0.670854320987654 0.177215637860082
20.1666666666668 42 12 0.779860655737705 0.188754098360656
22.2 41 13 0.413747540983606 0.0461180327868852
24.2333333333332 40 14 0.347965573770492 0.0703565573770492
32.3666666666661 39 15 1.13412540983607 0.11835368852459
35.4166666666659 39 14 2.12974426229508 0.209093442622951
42.5333333333322 39 13 1.49428266978923 0.0915894613583138
43.5499999999988 38 13 0.279570491803279 0.00885245901639344
44.5666666666654 37 13 0.444403278688525 0.0282327868852459
46.5999999999986 36 14 0.252251639344262 0.0112680327868852
50.6666666666651 35 15 0.652762704918033 0.0737782786885246
52.6999999999983 34 16 0.334938524590164 0.0588311475409836
63.883333333331 33 16 0.277576602086438 0.0648716840536513
67.9499999999974 32 16 0.331699180327869 0.264231967213115
79.1333333333301 30 17 0.373820268256334 0.357885543964233
89.2999999999962 30 16 0.233252131147541 0.00833327868852459
94.3833333333293 30 15 0.170368852459017 0.00263967213114754
104.549999999995 29 16 0.178655409836066 0.00727967213114754
105.566666666662 28 17 0.161914754098361 0.00138524590163934
112.683333333328 27 18 0.157811475409836 0.0122056206088993
126.916666666661 27 17 0.166641100702576 0.0112956674473068
140.933333333338 26 18 0.167523543400714 0.00137265160523187
146.933333333342 25 18 0.167313611111111 0.00161472222222222
150.933333333346 25 17 0.172904583333333 0.0788641666666667
156.93333333335 24 17 0.178215277777778 0.0366144444444444
157.933333333351 24 16 0.236728333333333 0.120571666666667
178.933333333368 24 15 0.15637365079365 0.0200206349206349
187.933333333375 23 16 0.14095537037037 0.00803722222222222
200.933333333385 23 15 0.134873461538461 0.000425384615384615
201.933333333386 22 16 0.15286 0.00013
203.933333333388 21 16 0.133318333333333 0.0010625
243.93333333342 20 17 0.1187935 0.000238916666666667
324.050000000034 19 18 0.111608071562305 0.0090565009361348
325.0666666667 19 17 0.104591803278689 9.34426229508197E-05
406.399999999959 18 18 0.107479446721312 0.000583135245901639
600 18 18 0.104174233971333 0.000135190112436701
