# New log 26/04/2014 01:07:55
1 48 16 1.06232333333333 3.67791333333333
4.04999999999999 48 15 0.662293442622951 0.502592896174863
6.08333333333332 47 15 0.500580327868853 0.387644262295082
9.10000000000003 46 14 0.392480110497238 2.39644419889503
11.1000000000001 45 15 0.457313333333333 0.0552308333333333
17.116666666667 44 16 0.357821606648199 1.37147257617729
19.1500000000002 44 15 0.311531147540984 3.7227631147541
20.1666666666668 42 17 0.383934426229508 3.46708524590164
21.1833333333334 42 16 0.651608196721312 3.34546065573771
23.2166666666666 41 16 0.724617213114754 2.24328606557377
25.2499999999998 39 18 0.595195901639344 3.61148442622951
26.2666666666665 39 17 0.715991803278689 4.43467213114754
29.3166666666663 39 16 0.544426229508197 1.90044808743169
30.3333333333329 39 15 0.255191803278689 0.207024590163934
35.4166666666659 39 14 0.288803606557377 0.0874819672131148
48.6333333333319 38 14 0.297471626733922 0.118832408575032
49.6499999999985 37 15 0.740544262295082 0.337788524590164
51.6833333333317 36 16 0.228982786885246 0.219595081967213
56.7666666666647 35 15 0.222069180327869 0.0849239344262295
60.8333333333312 34 16 0.247619262295082 0.102418852459016
61.8499999999978 34 15 0.204291803278689 0.107631147540984
62.8666666666644 33 16 0.195537704918033 0.135375409836066
64.8999999999976 33 15 0.272004098360656 0.133144262295082
84.2166666666632 32 15 0.254714840379638 0.10570284728214
86.2499999999964 30 16 0.225374590163935 3.02038524590164
100.483333333329 29 17 0.339056088992974 8.5008181498829
102.516666666662 29 16 0.2942 6.51035901639344
103.533333333329 28 17 0.209722950819672 11.9664393442623
104.549999999995 27 17 0.191418032786885 12.1195573770492
105.566666666662 27 16 0.21244262295082 9.8080131147541
107.599999999995 27 15 0.230416393442623 12.1756368852459
109.633333333328 26 16 0.234255737704918 12.1506270491803
112.683333333328 25 17 0.193549180327869 5.13960710382514
113.699999999995 24 18 0.145027868852459 8.36414754098361
122.849999999994 23 19 0.158914207650273 9.97384353369763
136.933333333334 22 19 0.478022485207101 0.472911360946746
140.933333333338 22 18 1.31889791666667 0.33167375
144.933333333341 22 17 0.72567 0.245002916666667
147.933333333343 22 16 0.670678888888889 0.447565555555556
149.933333333345 21 16 0.715431666666667 0.323425833333333
161.933333333354 20 16 0.715030694444445 0.340271666666667
162.933333333355 19 17 0.632098333333333 0.21197
164.933333333357 18 18 0.743976666666667 0.253676666666667
165.933333333358 17 19 0.714531666666667 0.25296
169.933333333361 16 20 0.650068333333333 0.2355375
172.933333333363 15 20 0.658099444444445 0.230701111111111
179.933333333369 14 20 0.698451904761905 0.25428380952381
197.933333333383 13 20 0.666640462962963 0.254348981481482
204.933333333389 12 20 0.656100952380953 0.251864523809524
205.933333333389 11 21 0.58011 0.176315
243.93333333342 10 22 0.389721096491228 0.137639342105263
250.933333333425 9 23 0.0674026190476191 0.00192119047619048
266.100000000087 8 23 0.0496557142857143 0.00520648351648352
299.650000000056 7 23 0.0442624937903627 0.0046675608544461
308.800000000048 6 24 0.0331613843351548 0.00014735883424408
600 6 24 0.0284876620780258 0.000152664648426344
