# New log 26/04/2014 01:08:43
1 48 16 3.0952 1.49616166666667
4.04999999999999 48 14 0.954551912568306 0.626039344262295
5.06666666666665 47 14 0.640919672131147 0.359111475409836
7.09999999999998 46 14 0.684341803278688 0.156127049180328
8.09999999999998 45 13 0.851898333333334 0.05172
9.10000000000003 45 12 0.589346666666667 0.005225
10.1000000000001 44 11 0.720743333333333 0.051365
12.1000000000002 43 12 1.02101333333333 0.0416341666666667
13.1000000000002 43 10 0.605566666666667 0.0330916666666667
15.1000000000003 43 9 0.640119166666667 0.071925
19.1500000000002 42 10 0.76703621399177 0.0695934156378601
21.1833333333334 42 9 0.709395081967213 0.105813114754098
24.2333333333332 41 9 0.77418306010929 0.134902732240437
28.2999999999997 41 8 0.909849180327869 0.169234836065574
31.3499999999995 41 7 0.573610928961748 0.0706950819672131
35.4166666666659 41 6 0.586279508196721 0.518209016393443
61.8499999999978 40 6 1.30849602774275 0.769834363177806
62.8666666666644 40 5 0.597983606557377 0.458777049180328
63.883333333331 40 4 0.666113114754098 0.423214754098361
64.8999999999976 39 4 1.02230163934426 0.393939344262295
70.9999999999973 39 3 0.697785792349727 0.833708469945355
82.18333333333 38 3 1.70692801788376 0.759668554396423
85.2333333333298 38 1 2.07007158469945 1.1922956284153
152.933333333347 37 2 1.68071019202363 0.478053569670113
173.933333333364 37 1 1.66621484126984 0.956800158730159
186.933333333374 36 1 1.7807041025641 1.87623217948718
506.033333333202 35 2 0.659723461819704 0.703559317873185
534.499999999843 34 2 1.53865099531616 0.328629332552693
600 34 2 0.404734779319043 0.0331505422446406
