# New log 26/04/2014 01:09:55
1 48 16 1.96710166666667 0.377488333333333
5.06666666666665 47 16 0.591636885245902 0.295948770491803
6.08333333333332 47 15 0.56244262295082 0.203137704918033
9.10000000000003 46 15 0.365444751381216 0.142848066298343
11.1000000000001 45 15 0.373456666666667 0.0552158333333333
12.1000000000002 43 17 0.40738 0.0373383333333333
13.1000000000002 41 18 0.381423333333333 0.027705
15.1000000000003 40 17 0.447715 0.172318333333333
17.116666666667 38 19 1.58091652892562 0.253328099173554
21.1833333333334 37 20 1.77449795081967 0.089197131147541
22.2 37 19 1.88349672131148 0.161354098360656
25.2499999999998 36 18 2.35212513661202 0.148869398907104
27.2833333333331 36 17 3.07943196721311 0.271018852459016
28.2999999999997 35 17 2.95686229508197 0.273434426229508
30.3333333333329 35 16 2.11330327868852 0.109318032786885
33.3833333333327 34 17 1.01366393442623 0.0823568306010929
34.3999999999993 33 17 0.676404918032787 0.0807491803278688
35.4166666666659 32 18 0.493901639344262 0.026344262295082
36.4333333333325 32 17 0.436616393442623 0.113731147540984
42.5333333333322 31 17 0.765038797814208 0.075705737704918
47.6166666666652 30 18 2.93553868852459 0.0860347540983607
51.6833333333317 29 19 0.49576106557377 0.0451319672131148
52.6999999999983 28 18 1.28060327868853 0.329832786885246
54.7333333333315 27 19 0.961585245901639 0.331931967213115
56.7666666666647 26 20 0.278610655737705 0.357183606557377
57.7833333333313 26 19 0.262744262295082 0.348754098360656
58.7999999999979 25 20 0.233460655737705 0.354318032786885
61.8499999999978 24 21 0.452543169398907 0.329820218579235
72.0166666666639 22 23 1.62716278688524 0.827434262295082
76.0833333333303 21 23 0.299588114754098 0.0811647540983607
86.2499999999964 21 22 0.374403114754098 0.186937704918033
88.2833333333296 19 24 0.529129508196721 0.353318852459016
89.2999999999962 19 23 0.255845901639344 0.0441295081967213
90.3166666666628 19 22 0.89612131147541 0.325754098360656
96.4166666666625 19 21 0.280489344262295 0.039816393442623
98.4499999999957 18 21 0.211179508196721 0.00678934426229508
99.4666666666623 16 23 0.197549180327869 0.00586393442622951
100.483333333329 15 24 0.154263934426229 0.00514426229508197
105.566666666662 15 23 0.190339344262295 0.0137268852459016
108.616666666662 14 24 0.847181967213114 0.241510928961749
111.666666666662 12 25 0.210211475409836 0.0634639344262295
116.749999999995 12 24 0.319762295081967 0.044172131147541
117.766666666661 11 24 0.542881967213115 0.0764475409836066
119.799999999994 10 25 1.34360573770492 0.141963114754098
130.93333333333 9 26 0.518527994011976 0.102850898203593
131.93333333333 8 26 0.104666666666667 0.00017
132.933333333331 6 28 0.465225 0.066785
139.933333333337 5 29 0.183927142857143 0.0719316666666667
147.933333333343 4 30 0.0817670833333333 0.0129495833333333
163.933333333356 3 31 0.0657612500000001 0.024496875
179.933333333369 2 32 0.191983125 0.293276666666667
183.933333333372 1 33 0.0350741666666666 0.000159166666666667
534.499999999843 0 34 0.0151683464866395 0.000169777503090235
600 0 34 0 0.000130970996216898
