# New log 26/04/2014 01:06:17
1 48 16 1.13048166666667 4.35415666666667
8.09999999999998 47 17 1.59176408450704 0.766407511737089
9.10000000000003 45 19 0.283688333333333 2.815225
14.1000000000003 44 20 0.433372333333333 1.10466933333333
15.1000000000003 44 19 0.333735 1.33072666666667
16.1000000000004 43 20 1.03077333333333 1.24291
17.116666666667 42 20 0.381567213114754 1.0954
19.1500000000002 41 20 0.447098360655738 1.08751639344262
22.2 41 19 0.250795628415301 1.69626830601093
28.2999999999997 41 18 0.299934972677595 0.613714207650273
32.3666666666661 40 19 0.291016803278688 0.0458815573770492
35.4166666666659 40 18 0.264949180327869 1.70238306010929
40.499999999999 40 17 0.248817377049181 0.0869967213114754
50.6666666666651 40 16 0.368283606557377 0.537674262295082
60.8333333333312 40 15 0.382744426229508 1.12442131147541
61.8499999999978 40 14 0.223665573770492 0.0372540983606557
65.9166666666642 40 13 0.241163524590164 0.0784766393442623
72.0166666666639 39 14 1.11976967213115 0.0911254098360656
84.2166666666632 37 16 0.306888114754099 0.266235382513661
85.2333333333298 36 17 0.250039344262295 1.64443278688525
86.2499999999964 34 18 0.234603278688525 2.15357704918033
87.266666666663 33 19 0.254491803278689 3.62286721311475
92.349999999996 32 20 0.244373442622951 2.46133508196721
94.3833333333293 31 21 0.21393606557377 0.00641885245901639
95.3999999999959 31 20 0.232408196721311 0.157270491803279
96.4166666666625 30 21 0.226601639344262 0.0420885245901639
99.4666666666623 29 21 0.239499453551913 0.0696590163934426
101.499999999996 29 20 0.211290163934426 0.0246540983606557
106.583333333329 28 21 0.214559344262295 0.01838
107.599999999995 27 22 0.21785737704918 0.0850737704918033
109.633333333328 26 22 0.21337868852459 0.0210040983606557
110.649999999995 25 23 0.174450819672131 0.00371311475409836
112.683333333328 23 25 0.154450819672131 0.000110655737704918
117.766666666661 23 24 0.150397049180328 0.463173770491803
119.799999999994 22 24 0.156468852459016 0.0382901639344262
122.849999999994 21 25 0.132798360655738 0.00159617486338798
123.866666666661 20 26 0.162168852459016 0.0895426229508197
129.933333333329 19 27 0.167051923076923 0.0273585164835165
134.933333333333 18 28 0.126535 0.00673066666666667
145.933333333342 17 29 0.127024242424243 0.0108662121212121
154.933333333349 17 28 0.112136296296296 0.0221659259259259
156.93333333335 16 28 0.118661666666667 0.0530725
164.933333333357 16 27 0.112925625 0.0180777083333333
165.933333333358 16 26 0.100118333333333 0.00481833333333333
174.933333333365 15 26 0.122175925925926 0.0210192592592593
175.933333333365 15 25 0.140993333333333 0.00479833333333333
178.933333333368 15 24 0.111171666666667 0.0311122222222222
191.933333333378 15 23 0.112061025641026 0.0280276923076923
192.933333333379 15 22 0.0983683333333333 0.00304833333333333
201.933333333386 14 22 0.106255555555555 0.0161544444444444
205.933333333389 13 23 0.0763479166666666 0.00013375
207.933333333391 13 22 0.0683441666666667 0.0001475
208.933333333392 13 21 0.0848783333333333 0.00013
221.933333333402 12 22 0.0936364102564103 0.009095
227.933333333407 11 23 0.0876080555555555 0.000133611111111111
248.933333333424 10 24 0.0694084126984126 0.00043984126984127
265.083333333421 9 25 0.081404334365325 0.0499851393188855
323.033333333368 8 25 0.123907247627265 0.10917008915732
329.133333333363 7 25 0.0561510928961749 0.711408196721312
344.383333333349 7 24 0.0477022950819672 0.0440649180327869
345.400000000015 7 23 0.0469737704918033 0.000157377049180328
347.433333333346 7 22 0.0488967213114754 0.000840983606557377
348.450000000012 6 23 0.0428639344262295 0.000177049180327869
600 6 23 0.0401232548915922 0.00310205579058699
