# New log 26/04/2014 01:07:26
1 48 16 1.865345 0.379213333333333
6.08333333333332 47 16 0.721285573770492 0.234432786885246
7.09999999999998 47 15 1.4171393442623 0.111813114754098
9.10000000000003 46 15 0.983210833333333 0.099355
10.1000000000001 46 14 0.309335 0.0289433333333333
13.1000000000002 45 13 0.531985555555556 0.142952777777778
17.116666666667 43 15 1.16009709543568 0.28052489626556
18.1333333333336 43 13 1.20815081967213 0.2147
21.1833333333334 42 13 0.951706557377049 0.205550273224044
22.2 42 12 2.29562786885246 0.393955737704918
24.2333333333332 41 13 2.69993852459016 0.472536885245902
25.2499999999998 40 13 3.15947868852459 0.646560655737705
27.2833333333331 40 12 0.315685245901639 0.0411803278688525
32.3666666666661 39 13 0.320802295081967 0.074156393442623
34.3999999999993 39 12 1.65915983606557 0.256685245901639
41.5166666666656 38 13 0.832577049180328 0.137011709601874
42.5333333333322 38 12 0.285680327868852 0.0157688524590164
45.583333333332 37 12 0.282100546448088 0.0120710382513661
46.5999999999986 36 11 0.320813114754098 0.0398196721311475
49.6499999999985 34 11 0.265017486338798 0.0169901639344262
53.7166666666649 32 12 1.11705081967213 0.0398098360655738
67.9499999999974 31 13 0.554476229508197 0.357179274004684
73.0333333333305 30 14 0.787598032786885 0.725109180327869
78.1166666666635 29 15 0.932845901639343 1.29033803278689
106.583333333329 28 16 0.501456733021077 0.414660772833724
107.599999999995 28 15 0.187098360655738 0.010855737704918
109.633333333328 27 15 0.195400819672131 0.0511688524590164
115.733333333328 26 16 0.185098633879781 0.0194625683060109
121.833333333328 25 16 0.234159836065574 0.201327322404372
130.93333333333 25 15 0.723099450549451 1.01584139194139
131.93333333333 25 14 3.85347666666667 0.24967
137.933333333335 24 14 0.551368888888889 0.131299722222222
140.933333333338 23 15 0.287310555555556 0.278477777777778
156.93333333335 23 14 0.158092916666667 0.110642083333333
162.933333333355 22 15 0.195630555555556 0.387390555555556
165.933333333358 22 14 0.581251111111111 1.144105
169.933333333361 21 15 1.72694291666667 1.0289375
180.933333333369 20 16 0.360924393939394 0.211094696969697
184.933333333373 19 16 0.106999166666667 0.000144166666666667
187.933333333375 18 17 0.0965533333333333 0.000457777777777778
293.550000000062 17 18 0.0915334385355847 0.000437004891904687
390.133333333307 16 18 0.107449749784297 0.0016216220880069
600 16 18 0.0899649402074894 0.000149901005781262
