# New log 26/04/2014 01:06:42
1 48 16 2.75588666666667 0.982578333333333
7.09999999999998 48 15 1.25582759562842 0.228069398907104
8.09999999999998 46 14 1.49714333333333 0.554391666666667
11.1000000000001 46 13 1.58391444444444 0.535255555555556
12.1000000000002 46 12 2.057185 0.510638333333333
17.116666666667 45 12 1.60900664451827 0.167033222591362
22.2 43 14 2.30598262295082 0.204902295081967
25.2499999999998 43 13 1.64033879781421 0.125507650273224
30.3333333333329 43 12 1.44696590163934 0.113470163934426
33.3833333333327 43 11 1.61842349726776 0.116744262295082
34.3999999999993 42 10 1.93449836065574 0.477131147540984
36.4333333333325 41 11 2.99092786885246 0.531805737704918
38.4666666666658 41 9 1.81273442622951 0.462618032786885
40.499999999999 41 8 2.61560409836066 0.506141803278689
41.5166666666656 41 7 3.47816229508197 0.496450819672131
44.5666666666654 40 6 1.50116448087432 0.142328961748634
45.583333333332 39 6 0.762729508196721 0.0206016393442623
50.6666666666651 39 5 0.909857704918034 0.0142190163934426
51.6833333333317 38 5 3.35697213114754 0.0408540983606557
60.8333333333312 37 6 0.641815118397086 0.149742805100182
110.649999999995 37 5 0.969012211441952 0.636818099698896
111.666666666662 37 4 1.35413114754098 0.830749180327869
137.933333333335 37 3 1.23207131979696 0.839430520304569
140.933333333338 37 2 0.465861111111111 0.00563611111111111
148.933333333344 36 3 0.442217291666667 0.00784166666666667
153.933333333348 36 2 0.399708666666667 0.049315
155.93333333335 35 3 0.3973575 0.00294583333333333
173.933333333364 34 4 0.361055648148148 0.00505805555555556
328.116666666697 34 3 0.352671430115664 0.00929241163117501
369.799999999992 33 4 0.378805637744902 0.00590571771291483
375.899999999987 32 5 0.670103005464481 0.0986704918032787
394.19999999997 32 4 0.623617577413479 0.214623952641166
397.249999999967 31 5 0.527634426229508 0.464129508196721
398.266666666633 31 4 0.487260655737705 0.345744262295082
402.333333333296 29 6 0.470313114754099 0.303396721311475
404.366666666628 28 7 0.398372131147541 0.16052868852459
406.399999999959 27 7 0.348249180327869 0.0697819672131148
549.749999999829 27 6 0.330858946634113 0.0301511219625625
600 27 6 0.341208721311475 0.0334024262295082
