# New log 26/04/2014 00:59:34
1 48 16 1.748415 0.455661666666667
5.06666666666665 45 18 0.537813114754098 0.343273360655738
7.09999999999998 44 17 0.75543524590164 0.366395081967213
10.1000000000001 44 16 1.08301388888889 0.395082222222222
12.1000000000002 43 16 1.57088833333333 0.330398333333333
14.1000000000003 43 15 0.62284 0.208938333333333
17.116666666667 42 16 0.447850828729282 0.192559668508287
21.1833333333334 41 16 0.489990163934426 0.13836762295082
26.2666666666665 41 15 0.684251147540984 0.176867213114754
27.2833333333331 40 15 0.468195081967213 0.145072131147541
41.5166666666656 40 14 1.90955444964871 0.212153629976581
49.6499999999985 40 13 4.91836045081967 0.256083401639344
56.7666666666647 40 12 5.12922224824356 0.294626463700234
61.8499999999978 39 11 2.84995639344262 0.154236065573771
67.9499999999974 38 12 0.934094262295081 0.391626775956284
69.9833333333306 37 13 0.424980327868853 0.507527868852459
82.18333333333 37 12 0.400893989071038 0.780598633879781
83.1999999999966 36 13 1.19693606557377 2.00164098360656
86.2499999999964 35 13 0.767122950819672 1.45903989071038
92.349999999996 34 14 0.414971038251366 0.744805737704918
105.566666666662 33 14 0.288352206809584 0.445010466582598
116.749999999995 32 14 0.393733084947839 1.61501222056632
118.783333333328 32 13 0.273156557377049 0.47794262295082
174.933333333365 32 12 0.247322855446719 0.186341644404868
194.933333333381 32 11 0.253525916666667 0.0772055833333333
290.500000000064 32 10 0.279663044994767 0.0786402336937565
304.733333333385 31 10 0.274340983606557 0.0567247072599532
305.750000000051 31 9 0.301667213114754 0.074183606557377
375.899999999987 30 9 0.278401116654788 0.0873578997386553
404.366666666628 30 8 0.244743266978923 0.069903337236534
422.666666666611 29 8 0.259028051001821 0.0766005464480874
426.733333333274 28 9 0.22209262295082 0.0594200819672131
442.999999999926 27 9 0.212348770491804 0.0607188524590164
457.233333333246 27 8 0.210716393442623 0.061906206088993
600 27 8 0.184549389605859 0.0413810487152657
