# New log 26/04/2014 00:59:01
1 48 16 2.37014333333333 0.901801666666667
5.06666666666665 48 15 0.75438237704918 0.375184016393443
6.08333333333332 48 14 1.02645573770492 0.493683606557377
8.09999999999998 47 14 1.00303388429752 0.500303305785124
10.1000000000001 46 14 0.681515833333333 0.3198175
11.1000000000001 45 14 0.784545 0.322543333333333
13.1000000000002 45 13 0.692065833333333 0.3393675
14.1000000000003 44 14 0.729305 0.325376666666667
15.1000000000003 44 13 0.679691666666667 0.366451666666667
18.1333333333336 43 14 0.688659340659341 0.245570879120879
19.1500000000002 42 14 0.625114754098361 0.306768852459016
21.1833333333334 42 13 0.595581147540983 0.224961475409836
25.2499999999998 41 14 1.19933073770492 0.509959836065574
35.4166666666659 40 15 1.59479770491803 0.201104262295082
41.5166666666656 39 14 0.907118306010929 0.157749180327869
42.5333333333322 37 16 0.726668852459016 0.195640983606557
53.7166666666649 37 15 0.557637108792846 0.388407153502235
54.7333333333315 36 16 0.527393442622951 1.15104426229508
62.8666666666644 36 15 0.601610450819672 0.673099180327869
69.9833333333306 35 16 0.46994543325527 0.400444730679157
72.0166666666639 35 15 0.524511475409836 0.248595901639344
73.0333333333305 34 16 0.433922950819672 0.00359016393442623
77.0999999999969 34 15 0.516597950819672 0.208327459016393
84.2166666666632 32 17 0.451139578454333 0.224970257611241
95.3999999999959 32 16 0.384325782414307 0.591529508196721
102.516666666662 31 16 0.428536768149883 0.496116861826698
103.533333333329 30 16 0.942062295081967 0.378359016393443
117.766666666661 30 15 0.328715925058548 0.38856662763466
127.933333333327 29 15 0.368487868852459 0.632022950819672
137.933333333335 28 16 0.331615833333334 0.482744666666667
145.933333333342 28 15 0.406441458333333 0.692358541666667
148.933333333344 27 16 0.582181111111111 0.564833888888889
167.933333333359 26 16 0.524968596491229 0.50372350877193
201.933333333386 26 15 0.274569215686275 0.0928016176470588
209.933333333393 26 14 0.283069375 0.0452854166666667
278.300000000076 25 15 0.27572723061921 0.0638970502194052
282.366666666739 25 14 0.229830737704918 0.00015655737704918
285.416666666736 24 15 0.229379234972678 0.157614754098361
286.433333333401 24 14 0.232847540983607 0.0267081967213115
289.483333333399 23 15 0.222817486338798 0.0180131147540984
292.533333333396 22 15 0.202293442622951 0.00872677595628415
300.666666666722 21 15 0.196225614754098 0.0181266393442623
345.400000000015 20 15 0.164809165424739 0.00103904619970194
472.483333333232 20 14 0.185124419672132 0.0112820721311475
478.583333333227 19 15 0.464479781420765 0.11022650273224
490.783333333216 19 14 0.170605054644809 0.0957176229508197
495.866666666544 18 15 0.177181639344262 0.163597704918033
508.066666666533 17 16 0.156630327868852 0.16468825136612
517.216666666525 16 16 0.143779052823315 0.00351020036429873
518.233333333191 16 15 0.137970491803279 0.000177049180327869
521.283333333188 15 15 0.140559016393443 0.000145901639344262
531.449999999845 14 16 0.135220163934426 0.000179508196721311
600 14 16 0.125536764705882 0.00015682256509161
