# New log 26/04/2014 00:58:34
1 48 16 1.26436333333333 3.228945
5.06666666666665 47 17 0.630543442622951 0.219855737704918
6.08333333333332 47 16 0.523244262295082 0.4297
12.1000000000002 47 15 0.347331024930748 0.147943767313019
20.1666666666668 46 16 0.56722520661157 0.204980785123967
22.2 45 17 0.392969672131148 0.699415573770492
25.2499999999998 45 16 0.419426775956284 0.710713114754098
27.2833333333331 44 16 0.283254098360656 0.85472868852459
30.3333333333329 44 14 0.198207103825137 0.159314754098361
31.3499999999995 43 14 0.216947540983607 0.165862295081967
32.3666666666661 43 13 0.236093442622951 1.19745245901639
35.4166666666659 43 12 0.293778142076503 2.77268306010929
48.6333333333319 42 13 0.292662547288777 0.20321815889029
50.6666666666651 41 13 0.346915573770492 0.21132131147541
58.7999999999979 41 12 0.351352663934426 0.150771106557377
60.8333333333312 41 11 0.279900819672131 0.172122950819672
63.883333333331 40 12 0.258226229508197 0.265686885245902
81.1666666666633 39 13 0.279529218900675 0.28602912246866
85.2333333333298 39 12 0.224455327868852 0.192669262295082
86.2499999999964 38 13 0.236503278688525 0.298754098360656
92.349999999996 38 12 0.292018032786885 0.325583606557377
99.4666666666623 37 12 0.229574707259953 0.166423887587822
113.699999999995 37 11 0.213162646370023 0.246025175644028
119.799999999994 37 10 0.199505191256831 0.0585959016393443
148.933333333344 36 10 0.285976315789474 0.249273340961098
152.933333333347 36 9 0.205336666666667 0.0315483333333333
201.933333333386 35 10 0.216905272108843 0.0193272448979592
223.933333333404 34 11 0.215112348484849 0.0312944696969697
313.883333333377 34 10 0.214126292384658 0.0324136557346674
389.116666666641 33 11 0.209991138679663 0.0323849357554276
420.633333333279 32 11 0.199854574299312 0.000752406134320465
437.916666666597 31 12 0.185570202507232 0.000718322082931533
442.999999999926 30 12 0.180927540983607 0.000163606557377049
469.433333333235 30 11 0.177029760403531 0.00236128625472888
540.599999999837 29 11 0.178321826697893 0.00214653395784543
600 29 11 0.169652625729369 0.00383334259516532
