# New log 26/04/2014 01:11:29
1 48 16 1.79131666666667 0.447161666666667
4.04999999999999 47 17 0.500570491803279 0.136510382513661
7.09999999999998 46 16 0.850430054644809 0.258700546448087
8.09999999999998 46 15 0.668933333333333 0.208498333333333
10.1000000000001 46 14 0.395831666666667 0.01899
11.1000000000001 45 13 0.291333333333333 0.00377
15.1000000000003 44 12 0.3127475 0.0106795833333333
16.1000000000004 44 11 0.278546666666667 0.017475
18.1333333333336 43 12 0.412175409836065 0.110387704918033
20.1666666666668 42 13 1.52922786885246 0.259533606557377
22.2 42 12 1.76586147540984 0.159520491803279
28.2999999999997 42 11 0.585992076502733 0.103019398907104
31.3499999999995 41 12 0.291501639344262 0.0200010928961749
40.499999999999 40 13 1.26400746812386 0.116962841530055
57.7833333333313 40 12 0.936702700096432 0.114807039537126
69.9833333333306 39 13 0.469455601092895 0.0241661202185792
76.0833333333303 38 14 0.59393606557377 0.0909379781420765
79.1333333333301 37 15 0.742099453551913 0.140159016393443
89.2999999999962 35 17 0.432153278688525 0.0542959016393443
118.783333333328 34 18 0.273871339739966 0.0199565291124929
131.93333333333 33 19 0.370800126742712 0.174512294043093
135.933333333334 33 18 0.226154583333333 0.00357041666666667
136.933333333334 33 17 0.203358333333333 0.00256166666666667
141.933333333338 32 17 0.229769333333333 0.00230066666666667
191.933333333378 31 18 0.2149599 0.00546066666666667
195.933333333381 31 17 0.264749166666667 0.0260975
196.933333333382 30 17 0.254056666666667 0.00021
197.933333333383 30 16 0.229061666666667 0.000155
207.933333333391 29 17 0.247005 0.0116821666666667
241.933333333418 29 16 0.353383676470588 0.028723431372549
242.933333333419 29 15 0.23919 0.00113166666666667
250.933333333425 28 16 0.223544791666667 0.00233104166666667
274.233333333413 27 17 0.346359227467811 0.0231103004291845
275.250000000078 26 18 0.264436065573771 0.00809836065573771
276.266666666744 25 18 0.220437704918033 0.000157377049180328
290.500000000064 23 20 0.436752927400468 0.0754764637002342
291.51666666673 23 19 0.209931147540984 0.000162295081967213
292.533333333396 22 19 0.202973770491803 0.000137704918032787
298.63333333339 22 18 0.167667759562842 0.011572131147541
300.666666666722 20 19 0.167281967213115 0.000132786885245902
318.966666666705 19 20 0.22822131147541 0.0564607468123862
349.466666666678 18 21 0.216059672131148 0.0357764480874317
600 18 21 0.132091796641671 0.00228494723568063
