# New log 26/04/2014 01:10:54
1 48 16 2.41593333333333 0.620178333333333
5.06666666666665 48 15 0.727133606557377 0.0744713114754098
6.08333333333332 48 14 0.584132786885246 0.0273934426229508
7.09999999999998 48 13 0.562132786885246 0.0649983606557377
9.10000000000003 48 12 0.5081175 0.00839916666666667
12.1000000000002 48 9 0.587705 0.03372
13.1000000000002 48 8 0.761751666666667 0.130736666666667
18.1333333333336 47 9 3.17256523178808 0.581943046357616
20.1666666666668 47 8 3.03831721311475 0.52172868852459
21.1833333333334 47 7 2.81037540983607 0.423622950819672
26.2666666666665 47 6 1.25319213114754 0.173976721311475
28.2999999999997 46 7 2.20899672131148 0.476120491803279
31.3499999999995 45 7 2.66564535519126 0.914109836065574
48.6333333333319 44 8 2.21238158148505 0.395181581485053
55.7499999999981 43 8 0.729566510538642 0.0307002341920375
58.7999999999979 43 7 0.680250819672131 0.132567759562842
59.8166666666646 41 8 0.538872131147541 0.141447540983607
63.883333333331 41 7 0.672841803278688 0.125084426229508
74.0499999999971 40 7 0.578759836065574 0.0347032786885246
86.2499999999964 39 8 0.535536612021858 0.129770901639344
94.3833333333293 38 9 0.46357131147541 0.00484672131147541
95.3999999999959 38 8 0.468644262295082 0.00787213114754098
96.4166666666625 37 9 0.446062295081967 0.0134655737704918
106.583333333329 36 9 0.404885901639344 0.00421180327868852
108.616666666662 35 10 0.377952459016393 0.000379508196721311
111.666666666662 34 11 0.382446994535519 0.000647540983606557
116.749999999995 33 12 0.346992131147541 0.00399016393442623
129.933333333329 33 11 0.328421618204804 0.00786384323640961
163.933333333356 32 11 0.335646421568627 0.0045325
164.933333333357 32 10 0.545456666666667 0.046425
165.933333333358 32 9 0.661598333333334 0.073525
172.933333333363 31 10 0.576145 0.072152380952381
177.933333333367 30 10 0.587225 0.116225
184.933333333373 29 11 0.51182 0.136559285714286
195.933333333381 29 10 0.388405303030303 0.0571795454545455
236.933333333414 29 9 0.450463577235773 0.0761769918699187
244.93333333342 29 8 0.469282083333333 0.0990039583333333
245.933333333421 28 8 0.604445 0.108576666666667
293.550000000062 28 7 0.480215785789289 0.0922810990549528
301.683333333388 27 8 0.397241598360656 0.0095577868852459
306.766666666716 27 7 0.683895409836065 0.0348180327868853
310.833333333379 27 6 0.411086475409836 0.00365
312.866666666711 26 6 0.351897540983607 0.0013827868852459
314.900000000042 25 7 0.350324590163934 0.00404426229508197
355.566666666672 25 6 0.309115081967213 0.000762786885245902
413.516666666619 25 5 0.315790077653149 0.00102758124820247
540.599999999837 25 4 0.306208511475411 0.000669272131147541
600 25 4 0.319475854404001 0.000461544873575993
