# New log 26/04/2014 01:10:20
1 48 16 1.06076833333333 2.08733
5.06666666666665 47 17 0.428404098360656 0.234442213114754
12.1000000000002 46 18 0.395478199052133 0.254579383886256
14.1000000000003 46 17 0.4296475 0.4487
18.1333333333336 46 16 0.605517355371901 0.51433347107438
19.1500000000002 46 15 0.282388524590164 0.0136622950819672
21.1833333333334 45 16 0.680337704918033 0.247779508196721
22.2 44 16 0.295867213114754 0.00532131147540984
28.2999999999997 43 15 0.316003825136612 0.0664524590163934
32.3666666666661 42 15 0.332686475409836 0.0957450819672131
34.3999999999993 41 15 0.249373770491803 0.312039344262295
38.4666666666658 40 15 0.234820081967213 0.134895081967213
39.4833333333324 39 15 0.222054098360656 0.158232786885246
43.5499999999988 38 16 0.240308606557377 0.438731147540984
53.7166666666649 37 16 0.244744590163934 0.193334262295082
56.7666666666647 36 17 0.243659016393443 0.0438639344262295
57.7833333333313 36 15 0.241737704918033 0.1438
59.8166666666646 36 14 0.21307131147541 1.35230819672131
61.8499999999978 35 14 0.224662295081967 0.806380327868853
64.8999999999976 35 13 0.191999453551913 0.112371038251366
65.9166666666642 35 12 0.207049180327869 0.00292459016393443
68.966666666664 35 11 0.198909289617486 0.0467546448087432
77.0999999999969 35 10 0.249425819672131 0.542684836065574
79.1333333333301 34 10 0.22947868852459 1.01304344262295
84.2166666666632 33 11 0.226699016393443 0.950733770491803
86.2499999999964 32 11 0.213517213114754 1.31214344262295
93.3666666666627 31 12 0.223138641686183 0.911800702576112
97.4333333333291 31 11 0.199164344262295 0.46219262295082
99.4666666666623 31 10 0.192468032786885 0.443200819672131
100.483333333329 31 9 0.188354098360656 0.486522950819672
101.499999999996 30 10 0.183932786885246 0.0375049180327869
102.516666666662 30 9 0.176772131147541 0.0102491803278689
105.566666666662 29 9 0.190274863387978 0.193383606557377
115.733333333328 28 9 0.192497213114754 0.360712786885246
127.933333333327 27 10 0.177530054644809 0.594018442622951
129.933333333329 26 11 0.1706275 0.61623
137.933333333335 24 12 0.178846875 0.809496041666667
183.933333333372 23 13 0.189500326086956 1.35175221014493
185.933333333373 22 14 0.175088333333333 2.24454333333333
195.933333333381 22 13 0.169650333333333 1.50406683333333
218.9333333334 21 14 0.183032753623189 0.868010797101449
267.116666666752 20 15 0.225627291594604 0.824090660671048
271.183333333415 19 15 0.165354098360656 1.07405819672131
280.333333333407 18 16 0.134654644808743 0.744597267759563
326.083333333365 17 17 0.130680473588342 0.340654462659381
363.699999999998 17 16 0.11136238369517 0.0621452813469207
380.983333333316 16 17 0.117841755062681 0.159173095467695
406.399999999959 15 18 0.10725062295082 0.0016495737704918
600 15 18 0.105378019054158 0.000131696850055789
