# New log 26/04/2014 01:21:14
1 48 16 1.90091666666667 0.411808333333333
4.04999999999999 48 15 0.666163934426229 0.185514754098361
5.06666666666665 47 15 0.551272131147541 0.0917229508196721
6.08333333333332 47 13 0.853539344262295 0.0959262295081967
7.09999999999998 47 12 0.63954262295082 0.137195081967213
8.09999999999998 46 12 0.567986666666667 0.197903333333333
11.1000000000001 45 12 2.65658277777778 0.122336111111111
13.1000000000002 45 11 1.32152416666667 0.243930833333333
16.1000000000004 44 10 0.595194444444445 0.135417777777778
17.116666666667 44 9 0.873752459016393 0.0596229508196721
20.1666666666668 44 8 0.782054644808744 0.215385792349727
21.1833333333334 43 9 1.00329180327869 0.134660655737705
29.3166666666663 42 10 0.938365163934426 0.125788114754098
31.3499999999995 42 8 1.55342540983607 0.237455737704918
32.3666666666661 41 9 1.77896393442623 0.249240983606557
33.3833333333327 41 8 1.13727540983607 0.277632786885246
44.5666666666654 39 10 0.603296870342773 0.125025335320417
45.583333333332 38 11 0.52708524590164 0.0308819672131148
53.7166666666649 37 12 0.737650409836066 0.196267418032787
56.7666666666647 36 13 0.356560655737705 0.131734426229508
59.8166666666646 36 12 0.421537158469945 0.412573770491803
60.8333333333312 35 13 0.371196721311476 0.338539344262295
73.0333333333305 34 14 0.94742131147541 0.301251229508197
74.0499999999971 33 15 0.65251475409836 0.163806557377049
75.0666666666637 33 14 0.559129508196721 0.570177049180328
77.0999999999969 33 13 0.977130327868853 2.05177295081967
85.2333333333298 33 12 2.28397131147541 0.41544262295082
86.2499999999964 33 11 1.76434918032787 0.23972131147541
91.3333333333294 32 11 0.359973114754098 0.0541377049180328
102.516666666662 31 12 0.30758956780924 0.0307323397913562
105.566666666662 31 11 0.310510382513661 0.0288808743169399
106.583333333329 30 11 0.302255737704918 0.0368590163934426
107.599999999995 29 11 0.300901639344262 0.0345065573770492
112.683333333328 28 12 0.288928524590164 0.0314403278688525
122.849999999994 27 13 0.279589836065574 0.0428970491803279
181.93333333337 26 14 0.23545669957687 0.0286685754583921
235.933333333413 25 14 0.18516 0.0218378395061728
261.016666666758 24 13 0.175937408637874 0.0171741528239203
297.616666666725 24 12 0.172595719489982 0.0231385701275046
410.466666666622 23 13 0.187316762664304 0.030804017131886
421.649999999945 22 12 0.211488673621461 0.0129812220566319
589.399999999793 22 11 0.317533869846003 0.0648199304520616
600 22 11 0.332092995529061 0.0684365126676602
