# New log 26/04/2014 01:20:22
1 48 16 2.57945166666667 0.735495
4.04999999999999 47 14 1.04415300546448 0.183334426229508
5.06666666666665 46 12 0.850849180327869 0.0614524590163934
9.10000000000003 46 10 1.24429545454545 0.133952479338843
10.1000000000001 46 9 1.78494 0.163798333333333
12.1000000000002 46 8 2.14859833333333 0.303760833333333
13.1000000000002 45 8 1.36710333333333 0.135886666666667
16.1000000000004 44 8 1.58313333333333 0.162052222222222
17.116666666667 44 7 2.33082131147541 0.267777049180328
25.2499999999998 43 8 1.99002520491803 0.219686270491803
27.2833333333331 43 7 1.59646967213115 0.132369672131148
29.3166666666663 43 6 1.52966721311475 0.153645901639344
35.4166666666659 42 7 1.53172267759563 0.126103278688525
38.4666666666658 41 8 1.62361803278688 0.163088524590164
48.6333333333319 40 8 1.96542901639344 0.128159016393443
65.9166666666642 40 7 1.1988400192864 0.229788524590164
66.9333333333308 40 6 0.656762295081967 0.418090163934426
72.0166666666639 39 7 0.720259344262295 0.453914754098361
108.616666666662 39 6 0.558097267759564 0.0324912112932605
112.683333333328 38 7 0.48413524590164 0.0295266393442623
115.733333333328 37 7 0.483042076502732 0.00237868852459016
122.849999999994 37 6 0.972854332552693 0.249729742388759
134.933333333333 37 5 0.555397517241379 0.0650793103448276
150.933333333346 36 6 1.1867265625 0.08954125
160.933333333354 35 7 0.519919666666666 0.0361211666666667
232.933333333411 35 6 0.437654004629629 0.127467962962963
248.933333333424 35 5 0.5137934375 0.390839270833333
262.033333333424 35 4 0.537025190839694 0.382711450381679
312.866666666711 34 5 0.522754327868852 0.386285180327869
314.900000000042 33 6 0.487054918032787 0.394518032786885
327.100000000031 33 5 0.478814071038251 0.361669398907104
361.666666666666 32 6 0.516841947926712 0.393361378977821
362.683333333332 31 7 0.556034426229508 0.506355737704918
402.333333333296 31 6 0.552312904581758 0.412772971836906
413.516666666619 31 5 0.527077049180328 0.403574813710879
446.049999999923 30 5 0.485628586065574 0.403071362704918
587.366666666461 29 6 0.45581456539686 0.454866304988796
600 29 6 0.447406809583859 0.391269356872636
