# New log 26/04/2014 01:19:12
1 48 16 1.09550333333333 3.172285
4.04999999999999 48 15 0.623386338797814 0.398440983606557
5.06666666666665 47 15 0.342231147540984 0.253537704918033
11.1000000000001 46 16 0.306188674033149 0.454658011049724
13.1000000000002 45 16 0.29543 2.05777166666667
15.1000000000003 43 16 0.303986666666667 2.40778333333333
17.116666666667 43 15 0.283831404958678 1.13976611570248
18.1333333333336 41 15 0.282834426229508 0.895773770491803
23.2166666666666 41 14 0.271907540983606 1.37667868852459
25.2499999999998 41 13 0.248119672131148 1.16094836065574
29.3166666666663 41 12 0.267334016393443 1.11194344262295
31.3499999999995 41 11 0.263018852459016 1.20018360655738
36.4333333333325 41 10 0.327283278688525 2.96192557377049
50.6666666666651 41 9 0.353918852459017 9.22891229508197
62.8666666666644 40 9 0.505329098360655 11.5908203551913
66.9333333333308 39 10 0.322001229508197 4.52761557377049
69.9833333333306 38 10 0.313535519125683 11.6502420765027
98.4499999999957 38 9 0.307769379391101 6.58249478922717
117.766666666661 38 8 0.352598188093184 0.471438740293356
122.849999999994 37 8 0.304363934426229 1.74175770491803
138.933333333336 37 7 0.303538031088083 0.491750777202073
149.933333333345 36 7 0.287313939393939 0.824717121212121
183.933333333372 36 6 0.339292450980392 1.03655333333333
209.933333333393 35 7 0.253081410256411 0.943324935897436
249.933333333424 34 7 0.2419685 0.355732375
250.933333333425 34 6 0.230081666666667 0.358753333333333
318.966666666705 34 5 0.212757741303283 0.43342836844684
360.650000000001 33 6 0.226798720511795 0.365155097960816
392.166666666639 32 6 0.236380486515071 0.664072342675833
397.249999999967 31 6 0.185090163934426 0.0100501639344262
430.799999999937 31 5 0.23748087431694 0.0124547441629409
450.116666666586 30 6 0.18438326143227 0.000805780845556514
469.433333333235 30 5 0.186676013805005 0.00163572044866264
470.449999999901 29 6 0.180398360655738 0.000127868852459016
473.499999999898 28 7 0.177656830601093 0.0070120218579235
502.983333333205 27 8 0.171229451667609 0.000144714527981911
574.149999999806 27 7 0.163469133489462 0.0104066978922717
600 27 7 0.157292812105927 0.00704104665825977
