# New log 25/04/2014 01:27:58
1 48 16 1.36278 0.23425
4.04999999999999 48 15 0.535825136612022 0.181455737704918
6.08333333333332 48 12 0.535039344262295 0.146306557377049
7.09999999999998 47 12 0.505909836065574 0.17136393442623
8.09999999999998 46 13 0.489405 0.054995
11.1000000000001 45 13 0.801006111111111 0.0691422222222222
12.1000000000002 44 13 0.2944 0.00945666666666667
13.1000000000002 42 15 0.718358333333333 0.168081666666667
16.1000000000004 40 17 0.498041666666667 0.0988472222222222
17.116666666667 40 16 0.401896721311475 0.0512475409836066
18.1333333333336 40 15 0.999644262295082 0.150572131147541
20.1666666666668 39 16 1.31471147540984 0.18405
22.2 38 17 0.832156557377049 0.501186065573771
31.3499999999995 38 16 2.5036956284153 1.29289034608379
33.3833333333327 36 18 1.80009672131148 0.842594262295082
36.4333333333325 34 19 1.24653989071038 0.125037704918033
42.5333333333322 34 18 1.14613387978142 0.132954644808743
43.5499999999988 33 17 0.47262131147541 0.0516672131147541
45.583333333332 32 18 0.324597540983607 0.0424262295081967
51.6833333333317 31 19 0.324318852459016 0.284315846994536
56.7666666666647 30 19 0.408129180327869 0.0583459016393443
64.8999999999976 29 19 1.20093586065574 0.399816803278689
65.9166666666642 29 18 1.26491639344262 0.715716393442623
66.9333333333308 27 20 0.609952459016394 0.467598360655738
93.3666666666627 27 19 0.556239722572509 0.85738814627995
95.3999999999959 26 18 0.695424590163934 0.156232786885246
96.4166666666625 25 19 0.771298360655738 0.0275032786885246
105.566666666662 24 20 0.858787978142077 0.0645489981785064
106.583333333329 23 20 0.181654098360656 0.000572131147540984
108.616666666662 22 21 0.228659016393443 0.0067327868852459
109.633333333328 21 21 0.256562295081967 0.079944262295082
110.649999999995 21 20 0.26325737704918 0.00973606557377049
112.683333333328 20 21 0.413584426229508 0.0247950819672131
113.699999999995 19 22 0.177472131147541 0.00870983606557377
114.716666666661 18 22 0.15946393442623 0.0031016393442623
116.749999999995 17 22 0.192256557377049 0.0137983606557377
120.816666666661 17 21 0.192878278688525 0.0128204918032787
121.833333333328 16 22 0.179403278688525 0.00228852459016393
124.883333333328 15 23 0.141193442622951 0.018572131147541
125.899999999994 14 23 0.220985245901639 0.168359016393443
128.933333333328 13 23 0.180155494505495 0.0814972527472528
140.933333333338 13 22 0.147715 0.00496486111111111
150.933333333346 13 21 0.132224333333333 0.0017505
169.933333333361 12 21 0.298375789473684 0.0134178947368421
183.933333333372 12 20 0.103953452380952 0.0128125
193.93333333338 11 21 0.106223833333333 0.029559
201.933333333386 10 22 0.0962958333333333 0.00140020833333333
208.933333333392 9 22 0.0827690476190476 0.00014952380952381
600 9 22 0.0842530873654195 0.000152261798374399
