# New log 25/04/2014 01:45:08
1 48 16 1.36249166666667 0.269438333333333
6.08333333333332 47 16 1.55879803278689 1.22102459016393
7.09999999999998 47 14 4.15223114754098 2.08934590163934
9.10000000000003 46 15 4.65906 1.87102666666667
10.1000000000001 46 14 2.60879166666667 0.1266
11.1000000000001 45 15 1.82763333333333 0.119985
14.1000000000003 44 14 1.95159944444444 0.2505
15.1000000000003 43 15 2.26043833333333 0.444048333333333
20.1666666666668 43 14 2.30638190789474 0.453325328947368
21.1833333333334 43 13 2.6547868852459 0.547765573770492
23.2166666666666 42 13 1.93035901639344 0.289138524590164
25.2499999999998 41 12 1.81570901639344 0.291008196721311
27.2833333333331 41 10 1.94091557377049 0.168709836065574
28.2999999999997 40 11 1.69149344262295 0.311406557377049
29.3166666666663 40 10 2.13762295081967 0.200534426229508
33.3833333333327 40 9 2.09602254098361 0.179920491803279
35.4166666666659 39 10 4.47893524590164 0.340596721311475
43.5499999999988 38 10 1.8630131147541 0.270539754098361
49.6499999999985 37 11 0.385910382513661 0.129771584699454
64.8999999999976 36 11 0.906332349726776 0.0719252459016393
65.9166666666642 36 10 0.239185245901639 0.0070327868852459
67.9499999999974 34 11 0.438586885245902 0.0290639344262295
69.9833333333306 34 10 0.35085 0.00635491803278689
93.3666666666627 33 10 0.280226086956522 0.455990947968639
176.933333333366 33 9 0.296070682090148 0.527324311926606
183.933333333372 33 8 0.142301190476191 0.00259095238095238
466.383333333238 33 7 0.137777217206584 0.00899441199032277
502.983333333205 33 5 0.142449408014572 0.00449535519125683
544.6666666665 33 4 0.143285885645741 0.00464794082367053
600 33 4 0.140502295081967 0.0155247988077496
