# New log 25/04/2014 01:39:56
1 48 16 1.48183833333333 0.38961
5.06666666666665 47 15 0.707877049180328 0.381062704918033
6.08333333333332 46 15 0.57707868852459 0.138759016393443
8.09999999999998 46 14 0.428109917355372 0.196022314049587
9.10000000000003 45 14 0.561941666666667 0.208308333333333
13.1000000000002 44 15 1.10917708333333 0.281255833333333
14.1000000000003 43 15 4.02078666666667 0.262056666666667
15.1000000000003 42 16 4.68454833333333 0.0742316666666667
22.2 42 15 3.41502230046949 0.258852816901408
23.2166666666666 41 16 1.70319016393443 0.383439344262295
25.2499999999998 41 15 1.48193770491803 0.312817213114754
28.2999999999997 41 14 2.2103868852459 0.370586338797814
30.3333333333329 39 16 1.88560819672131 0.314452459016393
31.3499999999995 38 17 1.68979180327869 0.124272131147541
37.4499999999992 37 18 2.22014590163934 0.250786612021858
43.5499999999988 36 18 1.90362486338798 0.242200819672131
49.6499999999985 35 19 1.57484398907104 2.84519153005465
59.8166666666646 35 18 2.37865344262295 1.58549540983607
68.966666666664 34 18 1.76430637522769 0.778188524590164
69.9833333333306 34 17 1.58436885245902 0.183067213114754
70.9999999999973 33 17 1.67266557377049 0.366072131147541
78.1166666666635 33 16 1.78031334894614 0.841374707259953
81.1666666666633 33 15 1.78932404371585 1.29339289617486
89.2999999999962 32 16 1.89389651639344 1.86252745901639
92.349999999996 31 17 2.05639890710383 1.03475846994536
93.3666666666627 30 17 2.49697213114754 0.155667213114754
105.566666666662 28 19 2.00730956284153 0.489651366120219
106.583333333329 27 20 1.81455737704918 0.275965573770492
110.649999999995 27 19 1.76549426229508 0.358120901639344
118.783333333328 26 20 1.75861885245902 0.268095286885246
133.933333333332 25 21 2.23732849284929 0.373367216721672
134.933333333333 24 22 2.59292333333333 0.594865
136.933333333334 21 25 2.75788583333333 0.699835833333333
140.933333333338 20 26 1.66133208333333 0.378
147.933333333343 19 27 0.241752380952381 0.21493619047619
148.933333333344 18 28 0.264285 0.100238333333333
149.933333333345 17 28 0.116965 0.00292333333333333
152.933333333347 17 27 0.111248333333333 0.000145
181.93333333337 16 27 1.31970781609196 0.0268639655172414
184.933333333373 16 26 0.974835555555556 0.182062777777778
187.933333333375 15 27 0.851188888888889 0.127563333333333
202.933333333387 15 26 0.105834777777778 0.0127121111111111
211.933333333394 13 28 0.388312962962963 0.06094
216.933333333398 13 27 0.094563 0.00464533333333333
220.933333333401 12 27 0.103562916666667 0.00688
248.933333333424 11 28 0.0933472619047618 0.0106305357142857
293.550000000062 11 27 0.208591146806126 0.0264978333955921
336.250000000023 10 27 0.0804239266198284 0.00309383294301327
348.450000000012 9 27 0.066862568306011 0.00139945355191257
357.600000000003 9 26 0.0561972677595629 0.00012040072859745
358.616666666669 8 27 0.0471360655737705 0.000113114754098361
600 8 27 0.0421806998209106 0.000123370987739358
