# New log 25/04/2014 01:35:56
1 48 16 1.26614333333333 0.214401666666667
5.06666666666665 48 15 0.481204098360656 0.240508196721311
6.08333333333332 48 14 0.451581967213115 0.0980377049180328
8.09999999999998 47 15 0.62944132231405 0.185501652892562
10.1000000000001 46 15 0.5115275 0.0905166666666667
11.1000000000001 46 14 0.711975 0.147015
12.1000000000002 46 13 1.22141333333333 0.15426
14.1000000000003 45 14 0.484301666666667 0.2307475
15.1000000000003 45 12 0.659055 0.125601666666667
16.1000000000004 44 12 0.808563333333333 0.170663333333333
17.116666666667 44 11 0.80768524590164 0.345001639344262
21.1833333333334 43 11 0.986175409836066 0.444895081967213
23.2166666666666 43 10 0.498933606557377 0.0218081967213115
32.3666666666661 41 11 1.08727340619308 0.149969034608379
35.4166666666659 41 10 1.08982459016393 0.200616393442623
40.499999999999 40 11 0.387531147540984 0.158163606557377
42.5333333333322 39 11 0.422122950819672 0.0323147540983607
43.5499999999988 38 12 0.63803606557377 0.067716393442623
50.6666666666651 36 14 0.309322014051523 0.0776405152224824
60.8333333333312 36 12 0.375702131147541 0.335328196721311
72.0166666666639 36 10 0.303581520119225 0.792434426229508
74.0499999999971 35 11 0.25382131147541 0.0317401639344262
76.0833333333303 34 12 0.244041803278688 0.0842836065573771
80.1499999999967 33 12 0.233733196721312 0.521720901639344
95.3999999999959 32 12 0.512852349726776 0.107240109289618
100.483333333329 32 11 0.425651475409836 0.165056065573771
108.616666666662 31 12 0.475036680327868 0.173907172131148
109.633333333328 31 11 1.22984098360656 0.0700606557377049
111.666666666662 30 12 0.547617213114754 0.118282786885246
115.733333333328 28 14 0.733472131147541 0.12725368852459
117.766666666661 27 14 0.441854918032787 0.0676188524590164
123.866666666661 26 14 0.403256830601093 0.127953825136612
124.883333333328 25 14 0.317045901639344 0.214645901639344
127.933333333327 24 15 0.279826229508197 0.118477595628415
129.933333333329 23 15 0.2929125 0.136645
141.933333333338 23 14 0.263741527777778 0.131080277777778
143.93333333334 22 14 0.334966666666667 0.291655833333333
144.933333333341 21 14 0.245776666666667 0.112473333333333
148.933333333344 20 15 0.298314166666667 0.204796666666667
159.933333333353 19 15 0.287390757575757 0.194184242424242
160.933333333354 18 15 0.246235 0.113711666666667
161.933333333354 17 15 0.150658333333333 0.00011
169.933333333361 16 15 0.193005208333333 0.04767875
173.933333333364 15 16 0.1406225 0.000610416666666667
182.933333333371 15 15 0.132804814814815 0.0019962962962963
233.933333333412 15 14 0.137094901960784 0.00354016339869281
280.333333333407 14 15 0.142151436781609 0.0121447916666667
308.800000000048 13 15 0.437847131147543 0.0226629391100703
317.950000000039 12 16 0.115528597449909 0.00231220400728597
319.983333333371 12 15 0.12062868852459 0.00526229508196721
322.016666666702 11 15 0.105073770491803 0.00146229508196721
600 11 15 0.088649323920068 0.000139045111882254
