# New log 25/04/2014 01:33:33
1 48 16 1.30578833333333 0.185541666666667
5.06666666666665 48 14 0.437350819672131 0.401870491803279
8.09999999999998 48 12 0.444553296703297 0.219014285714286
17.116666666667 48 11 0.461868576709797 0.287902218114603
23.2166666666666 47 12 0.423594262295082 0.283613661202186
28.2999999999997 46 12 0.755059016393442 0.253589180327869
37.4499999999992 45 13 0.947167395264117 0.349532969034608
38.4666666666658 45 12 1.64783278688525 0.20926393442623
39.4833333333324 45 11 1.57031639344262 0.300954098360656
41.5166666666656 44 11 1.31143852459016 0.740548360655738
43.5499999999988 43 12 0.637522131147541 0.316704098360656
46.5999999999986 42 13 0.609674316939891 0.370255737704918
49.6499999999985 41 14 0.666829508196721 0.612615846994536
50.6666666666651 40 15 0.689037704918033 0.210236065573771
53.7166666666649 38 17 0.599677595628415 0.197201639344262
55.7499999999981 37 18 0.558746721311475 0.176066393442623
59.8166666666646 35 20 0.575090573770492 0.116072131147541
65.9166666666642 34 21 0.634862841530054 0.197685245901639
66.9333333333308 33 22 0.545329508196721 0.140381967213115
70.9999999999973 31 23 0.656308606557377 0.164933196721311
73.0333333333305 30 24 0.758532786885246 0.132310655737705
87.266666666663 29 25 0.567616861826698 0.638351756440281
96.4166666666625 29 24 0.48455664845173 0.128837158469945
99.4666666666623 28 25 0.493099453551912 0.085596174863388
109.633333333328 28 24 0.456889672131148 0.169085081967213
111.666666666662 28 23 0.46455 0.0824877049180328
119.799999999994 28 22 0.417999590163935 0.0804145491803279
120.816666666661 27 23 0.418252459016394 0.0779573770491803
124.883333333328 26 23 0.566753278688525 0.0911270491803279
128.933333333328 26 22 1.02588641975309 0.104613580246914
139.933333333337 26 21 0.406779848484849 0.108115909090909
148.933333333344 25 22 0.405599259259259 0.0827966666666667
149.933333333345 24 23 0.406088333333333 0.0792416666666667
175.933333333365 23 24 0.488535961538462 0.144569358974359
191.933333333378 22 24 0.409929270833333 0.268971770833333
193.93333333338 22 23 0.431850833333334 0.294998333333333
194.933333333381 22 22 0.400986666666667 0.090835
196.933333333382 21 23 0.3797575 0.0766791666666667
199.933333333385 20 24 0.382575555555556 0.0746766666666667
242.933333333419 20 23 0.398915968992247 0.18175976744186
251.933333333426 19 24 0.38133 0.0784562962962963
258.983333333426 19 23 0.38202718676123 0.0809808510638298
280.333333333407 18 24 0.307273848555816 0.0720540202966432
327.100000000031 17 25 0.10429148253742 0.00630270848182466
328.116666666697 16 25 0.110206557377049 0.000827868852459016
336.250000000023 15 26 0.135930532786885 0.0202032786885246
338.283333333354 14 26 0.103967213114754 0.0439008196721312
348.450000000012 13 26 0.124552131147541 0.0896209836065574
353.53333333334 12 26 0.0850927868852459 0.0324081967213115
358.616666666669 12 25 0.0924180327868853 0.049492131147541
368.783333333327 11 26 0.112648360655738 0.097146393442623
381.999999999981 10 26 0.059118789407314 0.00654262295081967
464.349999999906 10 25 0.0542324428253394 0.00145610200364299
482.64999999989 9 26 0.0514900728597449 0.00126675774134791
600 9 26 0.0427983182589026 0.000140531373657434
