# New log 25/04/2014 01:43:30
1 48 16 1.3354 0.377043333333333
5.06666666666665 48 15 0.670827459016393 0.477892213114754
6.08333333333332 48 13 1.2399606557377 0.483845901639344
8.09999999999998 48 12 1.61283223140496 0.542597520661157
9.10000000000003 47 13 1.90723666666667 0.553148333333333
10.1000000000001 46 13 1.85021666666667 0.520296666666667
15.1000000000003 46 12 1.43155933333334 0.266305333333333
16.1000000000004 46 11 0.361205 0.09086
19.1500000000002 45 12 0.448190163934426 0.236704371584699
22.2 44 13 0.38723606557377 0.241712021857924
25.2499999999998 43 12 0.459414754098361 0.935158469945355
28.2999999999997 42 13 0.374669945355191 1.17941147540984
35.4166666666659 41 14 0.576898360655737 0.390627166276347
36.4333333333325 40 15 0.450244262295082 0.0940918032786885
39.4833333333324 39 16 0.433081967213115 0.0390994535519126
45.583333333332 38 16 0.380895081967213 0.119233333333333
50.6666666666651 38 15 1.35263573770492 0.266845573770492
52.6999999999983 37 16 0.380727049180328 0.345522131147541
66.9333333333308 36 16 0.543726346604215 0.314346370023419
77.0999999999969 36 15 0.76754918032787 0.362214098360656
81.1666666666633 36 14 0.323118032786885 0.272734836065574
82.18333333333 35 14 0.225075409836066 0.118240983606557
87.266666666663 34 14 0.379020983606557 0.237352459016393
115.733333333328 33 15 0.506541276346604 0.0844451405152225
122.849999999994 33 14 0.595317330210773 0.17926206088993
124.883333333328 32 14 0.266468852459016 0.0414368852459016
126.916666666661 31 14 0.336012295081967 0.0199344262295082
131.93333333333 31 13 0.468488704318937 0.208453156146179
133.933333333332 30 14 0.64969 0.15978
135.933333333334 29 14 0.4838375 0.1231425
140.933333333338 29 13 0.221319 0.016129
176.933333333366 29 12 0.364375648148149 0.100893240740741
179.933333333369 28 12 1.05303444444444 0.328111666666667
187.933333333375 28 11 0.615145833333333 0.32692375
198.933333333384 27 11 0.365263484848485 0.143263484848485
239.933333333416 27 10 0.235822520325202 0.0831181707317073
251.933333333426 26 11 0.387633194444444 0.0864718055555556
277.28333333341 25 12 0.397763773833004 0.133516896778435
297.616666666725 25 11 0.20956737704918 0.037442131147541
341.333333333352 25 10 0.18603945863515 0.0379070529927564
349.466666666678 25 9 0.152729303278689 0.00395881147540984
410.466666666622 25 8 0.132871857923497 0.00636879781420765
413.516666666619 24 8 0.138337158469945 0.00173606557377049
440.966666666594 23 8 0.121554219793564 0.00250273224043716
490.783333333216 23 7 0.125023787219806 0.00303295416527267
600 23 7 0.255529477838493 0.0557678506375228
