# New log 25/04/2014 01:37:12
1 48 16 1.51155333333333 0.368603333333333
4.04999999999999 48 15 1.93492349726776 1.05483879781421
5.06666666666665 48 13 1.5709262295082 0.136040983606557
7.09999999999998 47 13 1.46907868852459 0.888300819672131
8.09999999999998 46 14 0.601291666666667 0.114138333333333
11.1000000000001 45 14 0.463214444444445 0.0824427777777778
13.1000000000002 44 14 0.831784166666667 0.0234758333333333
14.1000000000003 43 15 0.514356666666667 0.03075
15.1000000000003 43 14 0.665283333333333 0.0696883333333333
21.1833333333334 42 15 1.39732876712329 0.225906849315068
26.2666666666665 41 15 0.730162622950819 0.206435737704918
31.3499999999995 41 14 0.931231147540984 0.100514754098361
35.4166666666659 40 15 1.47485696721311 0.103218032786885
36.4333333333325 39 16 1.30479344262295 0.10124262295082
39.4833333333324 39 15 1.75446557377049 0.269705464480874
40.499999999999 38 16 3.65658032786885 0.42337868852459
41.5166666666656 37 17 2.28572131147541 0.39525737704918
56.7666666666647 37 16 1.00846710382514 0.182548415300546
60.8333333333312 36 16 0.319836885245902 0.04225
62.8666666666644 35 17 0.258277868852459 0.137820491803279
64.8999999999976 35 16 0.219474590163934 0.0242327868852459
70.9999999999973 35 15 0.226760382513661 0.0228568306010929
75.0666666666637 35 14 0.224821721311475 0.0448139344262295
77.0999999999969 35 13 0.253819672131148 0.021677868852459
82.18333333333 34 13 0.543572131147541 0.0532134426229508
86.2499999999964 34 12 0.670809016393443 0.0383213114754098
104.549999999995 33 13 0.494141530054645 0.237200091074681
114.716666666661 32 14 0.197236885245902 0.0122501639344262
155.93333333335 32 13 0.21661763040841 0.026029882733522
167.933333333359 31 14 0.172778055555556 0.0125788888888889
194.933333333381 30 14 0.440140185185188 0.0813055555555556
209.933333333393 29 15 0.190919111111111 0.00548433333333333
228.933333333408 28 16 0.186800087719298 0.0131138596491228
248.933333333424 26 17 0.140423583333333 0.00178066666666667
312.866666666711 25 18 0.133057429614182 0.0140026329509906
432.833333333268 24 19 0.119626729647125 0.00102928591275354
440.966666666594 24 18 0.124587295081967 0.00632520491803279
459.266666666578 23 19 0.113376320582878 0.000144626593806922
469.433333333235 23 18 0.124110655737705 0.00301213114754098
482.64999999989 22 18 0.137949558638083 0.0100633039092055
484.683333333221 21 18 0.123522131147541 0.000142622950819672
489.76666666655 21 17 0.143533770491803 0.0106659016393443
491.799999999881 20 18 0.116091803278689 0.000147540983606557
492.816666666547 20 17 0.115872131147541 0.000113114754098361
493.833333333213 19 17 0.110031147540984 0.000132786885245902
496.88333333321 18 17 0.0983912568306011 0.000119672131147541
532.466666666511 17 18 0.0965529742388759 0.000830585480093677
600 17 18 0.0956990946904815 0.000138096403229753
