# New log 25/04/2014 01:32:09
1 48 16 1.39480833333333 0.381826666666667
7.09999999999998 48 14 0.449275683060109 0.141016666666667
8.09999999999998 46 15 0.742543333333333 0.114605
10.1000000000001 46 14 0.440256666666667 0.116668333333333
13.1000000000002 46 13 1.46118944444445 0.171670555555556
14.1000000000003 45 13 1.92505166666667 0.11812
15.1000000000003 44 13 1.11335166666667 0.142731666666667
16.1000000000004 42 15 1.397845 0.17594
19.1500000000002 41 15 1.24145956284153 0.139125136612022
22.2 41 14 1.93765846994536 0.216236065573771
32.3666666666661 41 13 1.76689918032787 0.238557540983607
38.4666666666658 40 13 1.82240956284153 0.515096448087432
39.4833333333324 39 14 2.23375901639344 0.223080327868852
40.499999999999 39 13 1.23375573770492 0.268073770491803
41.5166666666656 38 12 1.27412295081967 0.204814754098361
43.5499999999988 37 12 1.69656967213115 0.219282786885246
46.5999999999986 37 11 1.25975355191257 0.236413114754098
51.6833333333317 36 12 1.98330459016394 0.724972786885246
52.6999999999983 34 13 2.44283770491803 0.914922950819672
64.8999999999976 33 14 1.45955969945355 0.267262295081967
68.966666666664 32 15 0.996595081967213 0.0715934426229508
70.9999999999973 31 16 0.920521311475409 0.0911295081967213
72.0166666666639 30 17 0.90262131147541 0.0371311475409836
77.0999999999969 29 18 0.844317049180328 0.0256881967213115
98.4499999999957 29 17 0.775809523809523 0.0222080405932865
116.749999999995 29 16 0.170569307832423 0.00257386156648452
223.933333333404 29 15 0.186437910122843 0.0380906390918986
225.933333333405 28 15 0.184194166666667 0.0231575
262.033333333424 28 14 0.170752400738689 0.0153938134810711
316.933333333374 27 15 0.181786854887675 0.031055737704918
318.966666666705 27 14 0.204086885245902 0.00440901639344262
330.150000000028 26 14 0.173667809239941 0.000417883755588674
347.433333333346 25 14 0.161291224686596 0.00014069431051109
600 25 14 0.15672904075318 0.000147751662387254
