# New log 25/04/2014 01:41:48
1 48 16 1.61727 0.935888333333333
5.06666666666665 45 17 0.584999180327868 0.286862704918033
6.08333333333332 45 16 0.525777049180328 0.14544262295082
7.09999999999998 44 15 0.992998360655738 0.271734426229508
8.09999999999998 43 16 1.83016 0.217551666666667
10.1000000000001 43 15 1.75680166666667 0.3605525
13.1000000000002 42 16 0.537601666666667 0.126127222222222
14.1000000000003 41 16 0.450143333333333 0.177518333333333
15.1000000000003 41 15 0.37705 0.0354583333333333
21.1833333333334 40 15 0.837371506849315 0.137550136986301
22.2 40 14 3.23968032786885 0.580295081967213
25.2499999999998 39 15 1.00044972677596 0.319181420765027
28.2999999999997 38 16 3.4055087431694 0.314344808743169
29.3166666666663 38 15 1.30481475409836 0.413567213114754
31.3499999999995 37 16 0.517138524590164 0.19271393442623
32.3666666666661 37 15 1.43407213114754 0.0284540983606557
33.3833333333327 36 16 2.7879262295082 0.0633131147540984
35.4166666666659 36 15 6.48310983606557 0.099566393442623
36.4333333333325 35 16 4.57887868852459 0.0477114754098361
42.5333333333322 35 15 3.47001612021858 0.14137349726776
48.6333333333319 34 16 1.97730273224043 0.46489781420765
50.6666666666651 33 17 0.410418852459016 0.112618032786885
56.7666666666647 32 17 0.432110109289617 0.849527868852459
57.7833333333313 31 17 0.326618032786885 0.00701311475409836
58.7999999999979 31 16 0.302506557377049 0.00541967213114754
60.8333333333312 30 16 0.397200819672131 0.0293204918032787
63.883333333331 29 17 0.313865573770492 0.0350021857923497
64.8999999999976 28 18 0.301527868852459 0.0253819672131148
67.9499999999974 26 20 0.303439344262295 0.0154874316939891
70.9999999999973 25 20 2.03553934426229 0.438085245901639
76.0833333333303 25 19 3.00145245901639 0.65102393442623
79.1333333333301 24 20 2.69641147540984 0.577368852459016
80.1499999999967 23 21 2.66014262295082 0.700922950819672
84.2166666666632 22 22 0.457925 0.0813745901639344
86.2499999999964 21 23 0.221804098360656 0.00108688524590164
87.266666666663 20 24 0.20125737704918 0.000886885245901639
89.2999999999962 19 25 0.250609836065574 0.0145426229508197
92.349999999996 18 25 0.192070491803279 0.0130459016393443
94.3833333333293 18 24 0.189402459016393 0.0192852459016393
98.4499999999957 16 26 0.365351229508197 0.0170475409836066
102.516666666662 15 26 0.254228278688525 0.0128487704918033
103.533333333329 14 27 0.108054098360656 0.00147868852459016
132.933333333331 13 28 0.130971995464853 0.0260628117913832
203.933333333388 12 29 0.153733873239435 0.0147807981220657
207.933333333391 12 28 0.0854054166666667 0.0001225
257.966666666761 12 27 0.188613857428381 0.0107028980679547
327.100000000031 11 28 0.159521263259402 0.0155597637415622
328.116666666697 10 28 0.164467213114754 0.0341459016393443
600 10 28 0.0576048935649654 0.000131685833129435
