# New log 25/04/2014 01:30:39
1 48 16 1.44940333333333 0.359045
5.06666666666665 48 14 0.691287704918033 0.482445081967213
7.09999999999998 48 12 1.33951557377049 0.975045901639344
8.09999999999998 47 13 1.29248833333333 0.905235
9.10000000000003 47 12 1.38198166666667 0.888555
12.1000000000002 46 13 0.778620555555556 0.530021111111111
13.1000000000002 46 12 0.46186 0.257121666666667
16.1000000000004 44 13 0.497035 0.0836261111111111
17.116666666667 44 12 0.636708196721312 0.112144262295082
21.1833333333334 43 13 2.67913360655738 0.126090983606557
24.2333333333332 42 14 5.85577978142077 0.390227322404372
25.2499999999998 41 15 6.17151639344262 0.341454098360656
26.2666666666665 40 16 5.13339672131148 0.276567213114754
29.3166666666663 39 17 1.65019071038251 0.223195628415301
30.3333333333329 37 19 0.291222950819672 0.197667213114754
33.3833333333327 35 20 0.370431147540984 0.168647540983607
35.4166666666659 35 19 0.639903278688525 0.104064754098361
39.4833333333324 35 18 1.26079344262295 0.173370081967213
40.499999999999 34 19 1.01796229508197 0.355083606557377
44.5666666666654 33 19 0.792648770491804 0.142889754098361
46.5999999999986 33 18 2.10155573770492 0.334929508196721
53.7166666666649 31 19 0.977126932084307 0.1375962529274
59.8166666666646 30 19 0.681262021857924 0.458350819672131
61.8499999999978 30 18 0.315840163934426 0.421975409836066
62.8666666666644 29 19 0.231216393442623 0.649359016393443
72.0166666666639 28 19 1.93594936247723 0.885052641165756
75.0666666666637 27 19 0.948426775956285 0.215655737704918
76.0833333333303 27 18 0.260601639344262 0.0356065573770492
80.1499999999967 27 17 0.368808196721312 0.041030737704918
81.1666666666633 26 16 0.221452459016393 0.00281147540983607
86.2499999999964 25 16 0.339771147540984 0.0898360655737705
87.266666666663 25 15 0.882327868852459 0.0500196721311475
93.3666666666627 24 16 1.82687103825137 0.113082513661202
111.666666666662 23 17 1.18482304189436 0.165698178506375
118.783333333328 23 16 0.496546135831382 0.0670885245901639
133.933333333332 22 16 0.80273399339934 1.0089904290429
134.933333333333 21 17 0.691085 0.05682
140.933333333338 20 18 1.92846416666667 0.119726944444444
142.933333333339 20 17 1.49069 0.069275
143.93333333334 19 18 0.159708333333333 0.006925
150.933333333346 18 17 0.122432380952381 0.00110452380952381
152.933333333347 17 18 0.103815 0.0001525
180.933333333369 15 20 0.118210952380952 0.0248989285714286
184.933333333373 15 19 0.0909195833333333 0.000135
254.933333333428 14 20 0.077020047619047 0.0027585
298.63333333339 13 20 0.072204614797864 0.000146414950419527
567.033333333146 13 19 0.0663387543467472 0.000757842771982116
568.049999999812 13 18 0.103198360655738 0.000157377049180328
600 13 18 0.0731667520491802 0.000702100409836066
