# New log 25/04/2014 01:34:49
1 48 16 2.15772666666667 1.07152166666667
4.04999999999999 47 16 0.720228415300546 0.404870491803279
8.09999999999998 47 15 0.803655144032922 0.418871604938272
12.1000000000002 47 13 0.918089166666667 0.140893333333333
13.1000000000002 46 14 0.856955 0.224591666666667
15.1000000000003 46 13 1.05807166666667 0.2401125
19.1500000000002 46 12 0.895880658436214 0.369225102880658
20.1666666666668 43 11 1.07268360655738 0.647909836065574
21.1833333333334 42 11 0.836824590163935 0.477491803278689
23.2166666666666 41 12 0.617152459016393 0.441440983606557
26.2666666666665 40 12 0.610786885245902 0.371096174863388
29.3166666666663 39 12 0.982954644808743 0.142989071038251
35.4166666666659 39 11 1.39237076502732 0.120440983606557
39.4833333333324 38 12 3.40976352459016 0.117859836065574
43.5499999999988 38 11 0.505951639344262 0.118962295081967
46.5999999999986 38 10 0.56146174863388 0.14336393442623
52.6999999999983 38 9 0.533304644808744 0.331753005464481
78.1166666666635 37 8 0.551691016393442 0.370442885245902
82.18333333333 37 7 0.526956967213115 0.56933893442623
83.1999999999966 36 8 0.57077868852459 0.62354262295082
84.2166666666632 36 7 0.577522950819672 0.667737704918033
85.2333333333298 36 6 1.01569836065574 0.553772131147541
102.516666666662 36 5 0.571884474445516 0.290229218900675
125.899999999994 35 5 0.618459016393442 0.292934996436208
129.933333333329 34 5 2.45461487603306 0.134612809917355
170.933333333362 33 5 2.3589819512195 0.665569796747967
173.933333333364 33 4 2.29657111111111 0.126919444444444
323.033333333368 32 4 2.34176282137267 0.157459479096803
352.516666666675 31 5 2.28895969474279 0.0911262295081967
359.633333333335 30 6 2.30881850117096 0.218945199063232
367.766666666661 29 7 2.3359868852459 0.0769852459016394
371.833333333324 29 6 0.882205327868853 0.0219786885245902
372.84999999999 28 7 0.329418032786885 0.000132786885245902
375.899999999987 27 8 0.312022404371585 0.00539726775956284
376.916666666653 26 9 0.292832786885246 0.000275409836065574
377.933333333318 25 10 0.297581967213115 0.000122950819672131
393.183333333304 24 11 0.292262732240437 0.009564043715847
418.599999999948 23 12 0.30815868852459 0.00167029508196721
419.616666666614 23 11 0.296168852459016 0.000127868852459016
421.649999999945 22 12 0.272238524590164 0.00103032786885246
429.783333333271 21 13 0.269685245901639 0.000550409836065574
432.833333333268 20 14 0.252217486338798 0.00113114754098361
433.849999999934 18 15 0.226836065573771 0.000142622950819672
435.883333333266 17 15 0.204295081967213 0.00166639344262295
452.149999999917 17 14 0.197235143442623 0.000422950819672131
464.349999999906 16 14 0.205889480874317 0.000128142076502732
487.733333333218 15 15 0.177553599429793 0.000136564504632929
600 15 15 0.174566504209127 0.00040983606557377
