# New log 25/04/2014 01:30:03
1 48 16 1.89101666666667 0.605361666666667
4.04999999999999 48 15 0.8344 0.297548087431694
5.06666666666665 48 13 1.22674098360656 0.884993442622951
7.09999999999998 48 11 1.10395327868852 0.813384426229508
8.09999999999998 48 10 1.065485 0.61522
14.1000000000003 47 10 0.637049722222222 0.0979566666666667
16.1000000000004 46 11 0.652691666666666 0.156241666666667
17.116666666667 46 10 0.467877049180328 0.00448360655737705
26.2666666666665 45 11 0.694479781420766 0.145923315118397
29.3166666666663 45 10 0.76712131147541 0.0751245901639344
31.3499999999995 44 11 0.527618852459016 0.0508360655737705
42.5333333333322 43 11 0.532412220566319 0.162592995529061
43.5499999999988 43 10 0.519995081967213 0.0308426229508197
60.8333333333312 42 10 0.631040790742526 0.0562266152362584
62.8666666666644 41 11 0.446213934426229 0.0165803278688525
63.883333333331 41 10 0.460337704918033 0.0250950819672131
65.9166666666642 39 12 0.394267213114754 0.0133885245901639
78.1166666666635 39 11 0.380052732240436 0.0375463114754098
84.2166666666632 39 10 0.380003551912568 0.00459043715846995
112.683333333328 39 9 0.442352693208431 0.024797775175644
129.933333333329 39 8 0.589972367149758 0.156087342995169
137.933333333335 38 9 0.854585208333334 0.315556875
155.93333333335 37 10 1.6734224074074 0.207610555555556
156.93333333335 36 11 1.70587833333333 0.27022
157.933333333351 36 10 1.62780666666667 0.276453333333333
158.933333333352 35 11 1.61447 0.273268333333333
170.933333333362 34 11 1.41159041666667 0.140365416666667
174.933333333365 33 12 1.51935166666667 0.10547875
203.933333333388 33 11 1.37302810344827 0.0651640229885058
206.93333333339 32 11 1.31791944444444 0.0506427777777778
219.933333333401 31 12 1.30930423076923 0.0454321794871795
230.933333333409 31 11 1.31012515151515 0.0650913636363636
233.933333333412 30 12 1.32903166666667 0.0794155555555556
255.933333333429 29 13 0.54255712121212 0.09116
256.950000000095 28 14 0.290813114754098 0.516665573770492
263.050000000089 27 15 0.273268852459017 0.263067486338798
268.133333333418 26 15 0.275566885245902 0.321977704918033
281.350000000073 25 15 0.230397982345523 0.00672068095838588
282.366666666739 25 14 0.231939344262295 0.000152459016393443
284.40000000007 24 15 0.235373770491803 0.000127868852459016
288.466666666733 24 14 0.22847868852459 0.000150409836065574
289.483333333399 23 14 0.211522950819672 0.00250491803278689
295.583333333393 22 15 0.260335519125683 0.0310950819672131
325.0666666667 22 14 0.279569361221029 0.0099487846240814
383.016666666647 22 13 0.375262381363244 0.0336933563416739
384.033333333313 21 14 0.233347540983607 0.122216393442623
416.566666666616 20 15 0.236984118852459 0.0079875
432.833333333268 19 16 0.203007991803279 0.00873872950819672
454.183333333249 19 15 0.206199219359875 0.0184739266198283
486.716666666553 18 15 0.198929610655738 0.00872781762295082
491.799999999881 17 16 0.182504918032787 0.0263324590163934
495.866666666544 16 16 0.15867131147541 0.000179918032786885
545.683333333166 15 17 0.161956741385079 0.00217320173971228
557.883333333155 14 18 0.168209972677596 0.003125
570.083333333144 12 19 0.164757240437159 0.00971448087431694
571.099999999809 11 20 0.126739344262295 0.000127868852459016
572.116666666475 10 20 0.123618032786885 0.000142622950819672
600 10 20 0.114367915690866 0.000124707259953162
