# New log 25/04/2014 01:44:33
1 48 16 2.025225 0.643016666666667
5.06666666666665 47 15 2.05285573770492 1.7366618852459
8.09999999999998 47 14 3.45137197802198 1.21543241758242
12.1000000000002 47 12 2.78225333333333 0.174974583333333
14.1000000000003 46 12 2.4903125 0.1555875
15.1000000000003 46 11 2.72379833333333 0.960706666666667
19.1500000000002 46 10 2.73727695473251 0.39857037037037
24.2333333333332 45 11 1.3540937704918 0.35202262295082
31.3499999999995 45 10 1.33308220140515 0.501208196721312
32.3666666666661 44 11 2.6797 0.374506557377049
36.4333333333325 43 12 2.30595614754098 0.289973770491803
38.4666666666658 43 11 3.00181803278688 0.408894262295082
40.499999999999 42 12 2.53008524590164 0.446558196721311
46.5999999999986 42 11 0.704992349726776 0.0590734972677596
58.7999999999979 42 10 0.589225956284153 0.273273770491803
65.9166666666642 41 11 0.517367447306792 0.593488290398126
80.1499999999967 40 11 0.511546955503513 0.977929274004684
81.1666666666633 39 12 0.577406557377049 0.460114754098361
89.2999999999962 38 12 0.477075614754099 0.565449385245902
92.349999999996 37 13 0.472411475409836 0.237348633879781
95.3999999999959 36 14 0.625490163934426 0.300849180327869
100.483333333329 36 13 0.494177704918033 0.384486229508197
101.499999999996 35 14 0.806780327868852 0.251396721311475
103.533333333329 34 14 1.12584344262295 0.326901639344262
105.566666666662 33 14 1.41043606557377 0.80502868852459
106.583333333329 33 13 2.37490819672131 0.803119672131148
111.666666666662 32 13 1.03468295081967 1.03582196721311
112.683333333328 31 13 0.788309836065574 0.322434426229508
116.749999999995 30 14 0.523258606557377 0.371800819672131
125.899999999994 30 13 0.397587249544626 0.258601821493625
128.933333333328 30 12 0.294485164835165 0.306294505494505
136.933333333334 30 11 0.330039791666667 0.254400208333333
138.933333333336 29 12 0.344790833333333 0.447705
148.933333333344 28 13 0.345418833333333 0.488522
150.933333333346 27 14 0.4415675 0.487579166666667
160.933333333354 26 14 0.323447833333333 0.445671166666667
178.933333333368 26 13 0.314474537037037 0.350625833333333
183.933333333372 26 12 0.809412 0.274418333333333
202.933333333387 25 13 0.227003596491228 0.0604458771929825
213.933333333396 25 12 0.207737878787879 0.00418212121212121
226.933333333406 24 13 0.211025512820513 0.0149101282051282
240.933333333417 23 12 0.217824166666667 0.00941857142857143
254.933333333428 23 11 0.200690952380953 0.0027175
269.150000000084 23 10 0.196509847596717 0.00953575615474795
279.316666666741 22 10 0.202704262295082 0.0273460655737705
280.333333333407 22 9 0.207162295081967 0.133280327868852
364.716666666664 22 8 0.319658581868458 0.0511755875962868
367.766666666661 21 9 0.360993442622951 0.0308524590163934
387.08333333331 20 10 0.254466522864539 0.0164194132873167
404.366666666628 19 10 0.222823240115718 0.107339826422372
424.699999999942 18 9 0.419297950819672 0.0302880327868852
440.966666666594 18 8 0.167565573770492 0.00909877049180328
482.64999999989 17 9 0.255839464214313 0.00599316273490604
496.88333333321 16 9 0.153749648711944 0.00450503512880562
499.933333333207 15 10 0.146067759562842 0.000116393442622951
517.216666666525 15 9 0.134866730954677 0.00596393442622951
547.716666666497 14 9 0.14265174863388 0.00444792349726776
600 14 9 0.190175756620428 0.0111687263556116
