# New log 25/04/2014 01:42:46
1 48 16 2.12641666666667 1.60534833333333
4.04999999999999 48 15 1.23408306010929 1.57383825136612
6.08333333333332 47 14 1.93150901639344 1.48185737704918
7.09999999999998 47 13 1.06264426229508 2.40997540983607
8.09999999999998 46 14 0.720303333333333 0.70903
9.10000000000003 45 15 0.780065 0.136083333333333
10.1000000000001 45 14 0.470663333333333 0.00787666666666667
12.1000000000002 45 13 0.542124166666667 0.0407516666666667
13.1000000000002 44 13 0.552583333333333 0.590713333333333
14.1000000000003 44 12 0.646418333333333 0.503628333333333
15.1000000000003 44 11 0.524673333333334 1.04664833333333
22.2 43 12 1.8321882629108 2.26745469483568
24.2333333333332 43 11 0.990856557377049 0.917067213114754
27.2833333333331 43 10 0.766227868852459 0.605528415300546
34.3999999999993 42 10 1.48137072599532 0.934386416861827
36.4333333333325 41 11 1.15899016393443 0.940649180327869
39.4833333333324 40 12 0.494374316939891 1.21291967213115
41.5166666666656 40 11 0.579838524590164 0.364050819672131
48.6333333333319 39 11 1.32290140515222 1.2602206088993
53.7166666666649 38 12 2.43044327868853 0.734374098360656
61.8499999999978 36 13 0.532753483606557 0.426370286885246
66.9333333333308 36 12 0.565556721311476 0.882559344262295
70.9999999999973 36 11 0.58761393442623 1.14813893442623
80.1499999999967 35 12 0.723692896174863 1.26758779599271
83.1999999999966 35 11 0.99448306010929 0.9694
89.2999999999962 34 12 0.552072950819672 0.682369672131148
92.349999999996 33 12 0.571633879781421 0.468832786885246
94.3833333333293 33 11 0.542585245901639 0.272131147540984
95.3999999999959 32 12 0.458201639344262 0.177011475409836
96.4166666666625 32 11 0.588322950819672 0.447319672131148
100.483333333329 32 10 1.08937172131148 0.714409426229508
102.516666666662 31 11 0.919299180327869 0.954877049180328
124.883333333328 30 12 0.832965499254843 1.66928301043219
132.933333333331 29 13 1.3261231884058 0.799754865424431
188.933333333376 28 14 0.318057976190477 0.609365595238095
192.933333333379 27 15 0.275430416666667 0.467484583333333
225.933333333405 26 15 0.252798181818182 0.457089595959596
238.933333333416 26 14 0.23794641025641 0.183836538461538
245.933333333421 26 13 0.249300476190476 0.185480714285714
310.833333333379 25 14 0.248262840267077 0.218793117616846
330.150000000028 24 15 0.246026402070751 0.244864020707507
349.466666666678 23 16 0.24341363244176 0.232177135461605
351.500000000009 22 16 0.209296721311475 0.000231147540983607
378.949999999984 22 15 0.21850394656952 0.0276462659380692
384.033333333313 21 16 0.215093114754098 0.00727704918032787
401.31666666663 20 16 0.220059112825458 0.0060572806171649
468.416666666569 19 17 0.208609463487333 0.0269185792349727
511.11666666653 19 16 0.203490241998439 0.00106092896174863
552.799999999826 19 15 0.19328268692523 0.00147588964414234
575.166666666472 19 14 0.190809687034277 0.000666766020864382
600 19 14 0.188753901639344 0.000376786885245902
