# New log 25/04/2014 01:41:10
1 48 16 2.61200666666667 2.55439666666667
4.04999999999999 48 14 1.06000601092896 0.850372677595628
5.06666666666665 48 12 0.91272131147541 1.02387704918033
6.08333333333332 47 12 0.797232786885246 1.03401803278689
7.09999999999998 47 11 0.653275409836066 0.156155737704918
10.1000000000001 46 12 2.88049222222222 0.257552222222222
24.2333333333332 46 11 1.97497830188679 0.240988443396226
28.2999999999997 45 11 5.37466352459016 0.137775
33.3833333333327 44 12 0.862787540983606 0.144969180327869
35.4166666666659 44 11 0.727443442622951 0.0347614754098361
36.4333333333325 43 11 0.720537704918033 0.0266786885245902
41.5166666666656 42 11 1.02083803278689 0.122995081967213
42.5333333333322 41 12 1.09159344262295 0.269193442622951
43.5499999999988 40 13 0.906913114754099 0.0567180327868852
49.6499999999985 40 12 0.873227049180328 0.0882737704918033
50.6666666666651 39 13 0.763711475409836 0.0200786885245902
55.7499999999981 39 12 0.662420983606557 0.0247429508196721
56.7666666666647 38 13 0.619462295081967 0.0168934426229508
57.7833333333313 37 14 0.580908196721312 0.0453983606557377
62.8666666666644 36 15 0.611800983606557 0.196065573770492
65.9166666666642 35 16 0.689980327868852 0.388374316939891
66.9333333333308 34 17 0.56687868852459 0.540819672131148
72.0166666666639 33 18 1.09548295081967 0.507589836065574
75.0666666666637 32 19 3.16555409836065 0.603060109289618
80.1499999999967 31 20 0.621497049180328 0.0364291803278689
123.866666666661 30 21 0.491014258482653 0.0276980937857415
131.93333333333 30 20 0.46437541322314 0.00096404958677686
132.933333333331 29 21 0.471113333333333 0.000145
141.933333333338 28 22 0.421950185185185 0.00262148148148148
148.933333333344 28 21 0.457352380952381 0.0352266666666667
153.933333333348 27 22 0.391444 0.000707
155.93333333335 26 22 0.380641666666667 0.0226508333333333
169.933333333361 25 22 0.360758452380953 0.00970083333333333
185.933333333373 25 21 0.354778854166666 0.0039590625
188.933333333376 24 21 0.348482777777778 0.0622738888888889
226.933333333406 24 20 0.328123289473685 0.010470350877193
228.933333333408 23 20 0.3007975 0.0001725
600 23 20 0.316026830799586 0.000135615946903449
