# New log 25/04/2014 01:38:52
1 48 16 2.71663833333333 1.24240666666667
4.04999999999999 48 14 0.770003825136612 0.162014754098361
5.06666666666665 48 13 2.30411967213115 0.156131147540984
6.08333333333332 48 12 2.15992295081967 0.0644573770491803
7.09999999999998 48 11 1.69719016393443 0.0504639344262295
8.09999999999998 47 12 0.61763 0.0264266666666667
9.10000000000003 46 13 4.28471833333333 0.689603333333333
10.1000000000001 45 14 4.48084333333333 1.24095666666667
12.1000000000002 44 14 4.68751583333333 0.758635833333333
14.1000000000003 44 13 2.22272583333333 0.482900833333333
15.1000000000003 44 12 1.79347666666667 0.159441666666667
21.1833333333334 42 13 3.17491917808219 0.370555616438356
22.2 42 12 4.22910491803279 0.443749180327869
24.2333333333332 41 13 4.56398196721311 0.443254098360656
25.2499999999998 41 12 3.71350819672131 0.368691803278689
29.3166666666663 41 10 2.09785942622951 0.270602459016393
32.3666666666661 40 10 1.52114207650273 0.187091803278689
35.4166666666659 38 11 2.19415519125683 0.165826229508197
38.4666666666658 38 10 0.699391256830601 0.0565836065573771
41.5166666666656 37 9 0.623616393442623 0.048344262295082
47.6166666666652 37 8 1.41131284153005 0.157765846994536
50.6666666666651 37 7 0.634114754098361 0.0819890710382514
53.7166666666649 36 7 0.579146448087431 0.077972131147541
55.7499999999981 35 8 0.980055737704918 0.143988524590164
56.7666666666647 34 9 1.12905081967213 0.128801639344262
60.8333333333312 33 10 0.639449180327869 0.0910274590163934
61.8499999999978 32 11 1.3654 0.0974098360655738
66.9333333333308 32 10 2.85203606557377 0.68762
67.9499999999974 31 11 0.461522950819672 1.88625573770492
69.9833333333306 30 12 0.428623770491803 1.89137868852459
70.9999999999973 29 13 0.413103278688525 1.73386229508197
77.0999999999969 29 12 0.78870218579235 1.06481721311475
78.1166666666635 28 13 0.386229508196721 0.95122131147541
80.1499999999967 27 14 0.377999180327869 1.2812762295082
94.3833333333293 27 13 0.353154098360656 2.18772845433255
96.4166666666625 26 14 0.384950819672131 2.17380901639344
100.483333333329 25 15 0.36214631147541 2.61286229508197
106.583333333329 24 16 0.30606393442623 1.17478087431694
125.899999999994 23 16 0.31780310612597 0.642978170836928
127.933333333327 23 15 0.282913114754098 0.356079508196721
151.933333333346 23 14 0.309064791666666 0.702242638888889
209.933333333393 23 13 0.305829310344828 0.765613649425287
214.933333333397 22 14 0.354077 0.726937
228.933333333408 21 14 0.394072380952381 1.0098044047619
238.933333333416 21 13 0.301325 0.8675095
264.066666666755 21 12 0.309677387267904 0.972370159151194
302.700000000053 20 13 0.421424460742019 0.896152761000863
307.783333333382 20 12 0.313753114754098 0.579
317.950000000039 19 13 0.326024098360656 0.612401475409836
334.216666666691 19 12 0.289021618852459 0.491838422131148
337.266666666689 18 12 0.306425683060109 0.525792896174863
581.266666666467 17 13 0.285605765027328 0.734796051912568
595.499999999787 16 14 0.291739461358314 0.804899882903981
600 16 14 0.331824590163934 0.193734426229508
