# New log 25/04/2014 01:36:44
1 48 16 2.1917 0.616835
5.06666666666665 47 15 2.12623155737705 0.606713524590164
7.09999999999998 46 15 0.934029508196722 0.0096844262295082
10.1000000000001 45 15 0.770109444444444 0.112572777777778
11.1000000000001 45 14 0.715766666666667 0.0900633333333333
12.1000000000002 44 14 0.702468333333333 0.062015
13.1000000000002 44 13 0.861928333333333 0.0791866666666667
18.1333333333336 43 13 0.80108476821192 0.120433774834437
21.1833333333334 43 12 0.629653005464481 0.170367213114754
23.2166666666666 40 15 0.916209836065574 0.0556303278688525
28.2999999999997 38 16 1.63278524590164 0.151440655737705
31.3499999999995 37 17 0.505032240437159 0.069148087431694
34.3999999999993 36 18 0.557096174863388 0.115296174863388
42.5333333333322 35 18 0.625014344262295 0.103579918032787
44.5666666666654 34 19 1.87392049180328 0.134520491803279
50.6666666666651 34 18 2.40529234972678 0.16120956284153
51.6833333333317 32 19 3.07735245901639 0.22214262295082
56.7666666666647 32 18 1.39234852459017 0.0841144262295082
57.7833333333313 31 19 1.95893770491803 0.0311426229508197
59.8166666666646 31 18 2.20162786885246 0.0560032786885246
60.8333333333312 30 17 2.15107540983607 0.0486672131147541
61.8499999999978 30 16 2.61406721311475 0.0570426229508197
62.8666666666644 29 16 2.79176721311475 0.0682049180327869
64.8999999999976 28 17 2.5496 0.0951762295081967
73.0333333333305 28 15 1.3971625 0.0419475409836066
76.0833333333303 27 16 0.450914754098361 0.0102196721311475
77.0999999999969 26 17 0.329863934426229 0.00206065573770492
79.1333333333301 25 17 0.337909016393443 0.230022950819672
80.1499999999967 24 18 0.385695081967213 0.255654098360656
85.2333333333298 23 18 0.314000327868853 0.0274914754098361
89.2999999999962 22 19 0.305569262295082 0.0263627049180328
117.766666666661 22 18 0.299630269320843 0.205811943793911
121.833333333328 21 18 0.24926762295082 0.00235368852459016
125.899999999994 20 19 0.242864344262295 0.0020577868852459
136.933333333334 20 18 0.221732024169184 0.00548987915407855
140.933333333338 19 19 0.241229166666667 0.131798333333333
141.933333333338 19 18 0.22166 0.002175
144.933333333341 18 19 0.198107222222222 0.000151666666666667
147.933333333343 17 20 0.209450555555556 0.000176666666666667
166.933333333358 16 20 0.236927280701754 0.143181754385965
168.93333333336 15 20 0.247458333333333 0.522594166666667
188.933333333376 14 21 0.187614083333333 0.0419184166666667
202.933333333387 14 20 0.165999761904762 0.00139690476190476
215.933333333397 13 21 0.168853717948718 0.00978628205128205
600 13 21 0.151123852853239 0.000157316174877594
