# New log 25/04/2014 01:27:23
1 48 16 1.980425 0.728145
3.03333333333333 48 15 1.29567131147541 0.369449180327869
4.04999999999999 48 14 1.28198196721312 0.303296721311475
5.06666666666665 48 12 0.895975409836066 0.245803278688525
6.08333333333332 47 9 0.593173770491803 0.1237
7.09999999999998 46 9 0.440639344262295 0.248867213114754
10.1000000000001 46 8 1.31973388888889 0.05303
12.1000000000002 46 7 0.698540833333333 0.0765791666666667
13.1000000000002 46 6 1.379355 0.3416
15.1000000000003 46 5 0.658044166666667 0.1864275
24.2333333333332 45 4 0.733700182481752 0.188802554744526
27.2833333333331 44 5 0.762487431693989 0.283950819672131
33.3833333333327 43 6 1.52087759562842 0.284055191256831
36.4333333333325 42 7 2.00372786885246 0.408329508196721
37.4499999999992 42 6 1.48481967213115 0.342988524590164
42.5333333333322 41 6 1.41652032786885 0.558042950819672
50.6666666666651 40 7 1.86130635245902 0.531748770491803
57.7833333333313 40 6 2.34020983606557 0.927329508196721
58.7999999999979 39 7 0.852455737704918 0.241162295081967
60.8333333333312 38 8 0.566195081967213 0.101404098360656
61.8499999999978 37 8 0.992195081967213 0.0230491803278689
65.9166666666642 36 9 1.08864467213115 0.0437299180327869
70.9999999999973 35 10 1.04868393442623 0.0545360655737705
77.0999999999969 35 9 0.297788524590164 0.0469084699453552
114.716666666661 34 10 0.720176118741693 0.385575365529464
127.933333333327 33 11 0.437760403530895 0.830723581336696
146.933333333342 33 10 0.444876140350877 1.16686754385965
150.933333333346 33 8 0.60884125 1.53147833333333
153.933333333348 32 8 0.600592777777778 0.488954444444444
171.933333333362 31 8 0.360953888888888 0.373838240740741
172.933333333363 31 7 0.312405 0.325306666666667
179.933333333369 31 6 0.297111428571429 0.08297
189.933333333377 30 7 0.415043166666667 0.104671833333333
205.933333333389 29 8 0.404231875 0.173757083333333
219.933333333401 28 9 0.3040925 0.0516075
226.933333333406 27 10 0.298848333333334 0.061342380952381
254.933333333428 26 10 0.401898392857143 0.213548511904762
260.000000000092 25 10 0.266264144736842 0.0701118421052632
268.133333333418 24 10 0.236930327868853 0.0338020491803279
278.300000000076 24 9 0.221680491803279 0.0486252459016393
294.566666666727 23 10 0.33320512295082 0.314506147540984
318.966666666705 23 9 0.213582855191257 0.0587446721311475
326.083333333365 23 8 0.220374473067916 0.06
388.099999999976 22 9 0.206162080085998 0.038496882558452
392.166666666639 22 8 0.201827868852459 0.000840983606557377
406.399999999959 21 8 0.195802341920375 0.000720140515222482
426.733333333274 20 8 0.181731475409836 0.000558770491803279
454.183333333249 20 7 0.172033090467517 0.00188378870673953
455.199999999915 19 8 0.171632786885246 0.000172131147540984
469.433333333235 18 9 0.155340515222482 0.000357845433255269
483.666666666555 18 8 0.192642154566745 0.002246018735363
510.099999999865 17 9 0.163641866330391 0.0346465952080706
552.799999999826 16 10 0.134049258391881 0.000193403590944575
600 16 10 0.155233205441228 0.0600446459713987
