# New log 25/04/2014 01:31:32
1 48 16 2.00604833333333 0.759923333333333
5.06666666666665 48 15 0.922533606557377 0.384416803278689
6.08333333333332 48 14 1.33830655737705 0.392519672131148
7.09999999999998 48 12 1.52408196721311 0.520424590163935
8.09999999999998 48 11 2.49578 0.532568333333333
10.1000000000001 48 10 1.78385833333333 0.193105
14.1000000000003 48 9 3.1807425 0.339177916666667
15.1000000000003 48 8 3.54109 0.39139
19.1500000000002 47 8 2.89708024691358 0.474658436213992
23.2166666666666 46 8 2.49801885245902 0.627666803278689
24.2333333333332 46 7 1.6590868852459 0.663401639344262
25.2499999999998 45 7 1.42314918032787 0.291014754098361
32.3666666666661 44 8 1.58814121779859 0.348387353629977
33.3833333333327 43 8 1.3567 0.087244262295082
47.6166666666652 42 8 1.40188864168618 0.178042505854801
61.8499999999978 42 7 1.45420128805621 0.119076932084309
73.0333333333305 41 7 0.721646348733234 0.0959822652757079
82.18333333333 39 8 0.598810928961748 0.0662189435336976
89.2999999999962 38 8 0.570804683840749 0.111276580796253
91.3333333333294 36 10 0.640969672131147 0.169775409836066
98.4499999999957 35 11 0.433936768149883 0.0103644028103045
111.666666666662 35 10 0.433719798234554 0.0175158890290038
138.933333333336 34 11 0.471744132029339 0.0239810513447433
142.933333333339 34 10 0.422529583333334 0.0168816666666667
148.933333333344 33 11 0.422579166666667 0.0123702777777778
164.933333333357 32 12 0.392784375000001 0.00308833333333333
172.933333333363 31 12 0.390924375 0.00765416666666667
183.933333333372 31 10 0.364702878787879 0.00237909090909091
245.933333333421 31 9 0.367771370967742 0.00332932795698925
261.016666666758 30 10 0.380722209944751 0.107330939226519
267.116666666752 29 11 0.351933333333333 0.0459959016393443
360.650000000001 28 12 0.342969672131147 0.00283562009978617
390.133333333307 28 11 0.33386235161108 0.000890729225551159
427.74999999994 27 12 0.32609344262295 0.000689056269384138
437.916666666597 26 13 0.319622459016393 0.000488688524590164
446.049999999923 25 14 0.31097356557377 0.000646106557377049
452.149999999917 24 14 0.300896448087431 0.000297540983606557
600 24 14 0.284945755670333 0.000125331237368066
