# New log 25/04/2014 01:33:02
1 48 16 1.94804666666667 0.644435
5.06666666666665 48 14 0.616662295081967 0.155186475409836
7.09999999999998 47 14 0.583685245901639 0.154349180327869
13.1000000000002 46 14 1.17853222222222 0.278261944444444
21.1833333333334 46 13 1.41166659793814 0.450483711340206
24.2333333333332 46 12 1.50786557377049 0.69648306010929
36.4333333333325 45 13 0.767476366120218 0.215305191256831
37.4499999999992 45 12 0.736196721311475 0.147381967213115
40.499999999999 45 11 1.52838087431694 0.438700546448087
42.5333333333322 44 12 0.64837868852459 0.127047540983607
45.583333333332 44 11 0.611071038251367 0.130659016393443
48.6333333333319 42 12 0.668345901639344 0.152025136612022
50.6666666666651 42 11 0.66685 0.136345081967213
57.7833333333313 41 12 0.580004215456674 0.101369320843091
72.0166666666639 40 12 0.789252107728337 0.234264519906323
75.0666666666637 39 13 0.482269945355192 0.0374601092896175
79.1333333333301 38 14 0.525270081967213 0.0715909836065574
81.1666666666633 37 15 0.440920491803279 0.0800311475409836
85.2333333333298 37 14 0.459312295081967 0.0595151639344262
87.266666666663 36 15 0.425882786885246 0.0375606557377049
114.716666666661 35 16 0.424085974499089 0.0875153612629022
141.933333333338 34 16 0.449175505205143 0.0707130434782609
143.93333333334 34 15 0.404669166666667 0.0473908333333333
147.933333333343 34 14 0.388389166666666 0.0263116666666667
148.933333333344 33 15 0.387946666666667 0.0525633333333333
155.93333333335 32 16 0.361395476190476 0.0341326190476191
176.933333333366 32 14 0.356902936507937 0.0361103968253968
184.933333333373 32 13 0.367214166666667 0.0341404166666667
186.933333333374 31 13 0.354190833333333 0.0268083333333333
192.933333333379 30 14 0.3605675 0.0307741666666667
197.933333333383 29 14 0.328580333333334 0.046559
225.933333333405 28 15 0.324843869047619 0.0346191666666667
226.933333333406 27 15 0.268626666666667 0.00014
284.40000000007 27 14 0.300518967517402 0.036731873549884
326.083333333365 26 14 0.287306757297081 0.00878664534186326
338.283333333354 26 13 0.280309289617486 0.0257954918032787
342.350000000017 25 14 0.297699180327869 0.000162704918032787
350.483333333343 25 13 0.293435450819672 0.0411422131147541
362.683333333332 24 14 0.291865163934426 0.025941393442623
371.833333333324 23 15 0.279210382513661 0.000161566484517304
379.96666666665 23 14 0.328043237704918 0.149643032786885
386.066666666644 22 14 0.335628961748634 0.182518579234973
600 22 14 0.263980933882368 0.000148628700178696
